[0.785s] Invoking command in '/home/absolutezeno/Auto-BT-Generation/py_trees_ros_tutorials': PS1=\[\e]0;\u@\h: \w\a\]${debian_chroot:+($debian_chroot)}\[\033[01;32m\]\u@\h\[\033[00m\]:\[\033[01;34m\]\w\[\033[00m\]\$ PYTHONPATH=/home/absolutezeno/Auto-BT-Generation/build/py_trees_ros_tutorials/prefix_override:/home/absolutezeno/Auto-BT-Generation/install/py_trees_ros_tutorials/lib/python3.10/site-packages:${PYTHONPATH} /usr/bin/python3 setup.py egg_info --egg-base ../build/py_trees_ros_tutorials build --build-base /home/absolutezeno/Auto-BT-Generation/build/py_trees_ros_tutorials/build install --record /home/absolutezeno/Auto-BT-Generation/build/py_trees_ros_tutorials/install.log --single-version-externally-managed
[0.800s] /home/absolutezeno/Auto-BT-Generation/py_trees_ros_tutorials/setup.py:5: DeprecationWarning: The distutils package is deprecated and slated for removal in Python 3.12. Use setuptools or check PEP 632 for potential alternatives
[0.800s]   from distutils import log
[0.941s] running egg_info
[0.942s] creating ../build/py_trees_ros_tutorials/py_trees_ros_tutorials.egg-info
[0.942s] writing ../build/py_trees_ros_tutorials/py_trees_ros_tutorials.egg-info/PKG-INFO
[0.942s] writing dependency_links to ../build/py_trees_ros_tutorials/py_trees_ros_tutorials.egg-info/dependency_links.txt
[0.942s] writing entry points to ../build/py_trees_ros_tutorials/py_trees_ros_tutorials.egg-info/entry_points.txt
[0.942s] writing top-level names to ../build/py_trees_ros_tutorials/py_trees_ros_tutorials.egg-info/top_level.txt
[0.942s] writing manifest file '../build/py_trees_ros_tutorials/py_trees_ros_tutorials.egg-info/SOURCES.txt'
[0.942s] reading manifest file '../build/py_trees_ros_tutorials/py_trees_ros_tutorials.egg-info/SOURCES.txt'
[0.942s] adding license file 'LICENSE'
[0.943s] writing manifest file '../build/py_trees_ros_tutorials/py_trees_ros_tutorials.egg-info/SOURCES.txt'
[0.943s] running build
[0.943s] running build_py
[0.943s] creating /home/absolutezeno/Auto-BT-Generation/build/py_trees_ros_tutorials/build
[0.943s] creating /home/absolutezeno/Auto-BT-Generation/build/py_trees_ros_tutorials/build/lib
[0.943s] creating /home/absolutezeno/Auto-BT-Generation/build/py_trees_ros_tutorials/build/lib/py_trees_ros_tutorials
[0.943s] copying py_trees_ros_tutorials/eight_dynamic_application_loading.py -> /home/absolutezeno/Auto-BT-Generation/build/py_trees_ros_tutorials/build/lib/py_trees_ros_tutorials
[0.943s] copying py_trees_ros_tutorials/two_battery_check.py -> /home/absolutezeno/Auto-BT-Generation/build/py_trees_ros_tutorials/build/lib/py_trees_ros_tutorials
[0.943s] copying py_trees_ros_tutorials/seven_docking_cancelling_failing.py -> /home/absolutezeno/Auto-BT-Generation/build/py_trees_ros_tutorials/build/lib/py_trees_ros_tutorials
[0.944s] copying py_trees_ros_tutorials/six_context_switching.py -> /home/absolutezeno/Auto-BT-Generation/build/py_trees_ros_tutorials/build/lib/py_trees_ros_tutorials
[0.944s] copying py_trees_ros_tutorials/five_action_clients.py -> /home/absolutezeno/Auto-BT-Generation/build/py_trees_ros_tutorials/build/lib/py_trees_ros_tutorials
[0.944s] copying py_trees_ros_tutorials/version.py -> /home/absolutezeno/Auto-BT-Generation/build/py_trees_ros_tutorials/build/lib/py_trees_ros_tutorials
[0.944s] copying py_trees_ros_tutorials/one_data_gathering.py -> /home/absolutezeno/Auto-BT-Generation/build/py_trees_ros_tutorials/build/lib/py_trees_ros_tutorials
[0.944s] copying py_trees_ros_tutorials/__init__.py -> /home/absolutezeno/Auto-BT-Generation/build/py_trees_ros_tutorials/build/lib/py_trees_ros_tutorials
[0.944s] copying py_trees_ros_tutorials/behaviours.py -> /home/absolutezeno/Auto-BT-Generation/build/py_trees_ros_tutorials/build/lib/py_trees_ros_tutorials
[0.944s] creating /home/absolutezeno/Auto-BT-Generation/build/py_trees_ros_tutorials/build/lib/py_trees_ros_tutorials/mock
[0.944s] copying py_trees_ros_tutorials/mock/actions.py -> /home/absolutezeno/Auto-BT-Generation/build/py_trees_ros_tutorials/build/lib/py_trees_ros_tutorials/mock
[0.944s] copying py_trees_ros_tutorials/mock/safety_sensors.py -> /home/absolutezeno/Auto-BT-Generation/build/py_trees_ros_tutorials/build/lib/py_trees_ros_tutorials/mock
[0.944s] copying py_trees_ros_tutorials/mock/rotate.py -> /home/absolutezeno/Auto-BT-Generation/build/py_trees_ros_tutorials/build/lib/py_trees_ros_tutorials/mock
[0.944s] copying py_trees_ros_tutorials/mock/battery.py -> /home/absolutezeno/Auto-BT-Generation/build/py_trees_ros_tutorials/build/lib/py_trees_ros_tutorials/mock
[0.944s] copying py_trees_ros_tutorials/mock/led_strip.py -> /home/absolutezeno/Auto-BT-Generation/build/py_trees_ros_tutorials/build/lib/py_trees_ros_tutorials/mock
[0.944s] copying py_trees_ros_tutorials/mock/move_base.py -> /home/absolutezeno/Auto-BT-Generation/build/py_trees_ros_tutorials/build/lib/py_trees_ros_tutorials/mock
[0.944s] copying py_trees_ros_tutorials/mock/dashboard.py -> /home/absolutezeno/Auto-BT-Generation/build/py_trees_ros_tutorials/build/lib/py_trees_ros_tutorials/mock
[0.944s] copying py_trees_ros_tutorials/mock/__init__.py -> /home/absolutezeno/Auto-BT-Generation/build/py_trees_ros_tutorials/build/lib/py_trees_ros_tutorials/mock
[0.945s] copying py_trees_ros_tutorials/mock/launch.py -> /home/absolutezeno/Auto-BT-Generation/build/py_trees_ros_tutorials/build/lib/py_trees_ros_tutorials/mock
[0.945s] copying py_trees_ros_tutorials/mock/dock.py -> /home/absolutezeno/Auto-BT-Generation/build/py_trees_ros_tutorials/build/lib/py_trees_ros_tutorials/mock
[0.945s] creating /home/absolutezeno/Auto-BT-Generation/build/py_trees_ros_tutorials/build/lib/py_trees_ros_tutorials/mock/gui
[0.945s] copying py_trees_ros_tutorials/mock/gui/dashboard_group_box_ui.py -> /home/absolutezeno/Auto-BT-Generation/build/py_trees_ros_tutorials/build/lib/py_trees_ros_tutorials/mock/gui
[0.945s] copying py_trees_ros_tutorials/mock/gui/main_window_ui.py -> /home/absolutezeno/Auto-BT-Generation/build/py_trees_ros_tutorials/build/lib/py_trees_ros_tutorials/mock/gui
[0.945s] copying py_trees_ros_tutorials/mock/gui/dashboard_group_box.py -> /home/absolutezeno/Auto-BT-Generation/build/py_trees_ros_tutorials/build/lib/py_trees_ros_tutorials/mock/gui
[0.945s] copying py_trees_ros_tutorials/mock/gui/configuration_group_box.py -> /home/absolutezeno/Auto-BT-Generation/build/py_trees_ros_tutorials/build/lib/py_trees_ros_tutorials/mock/gui
[0.945s] copying py_trees_ros_tutorials/mock/gui/main_window_rc.py -> /home/absolutezeno/Auto-BT-Generation/build/py_trees_ros_tutorials/build/lib/py_trees_ros_tutorials/mock/gui
[0.945s] copying py_trees_ros_tutorials/mock/gui/__init__.py -> /home/absolutezeno/Auto-BT-Generation/build/py_trees_ros_tutorials/build/lib/py_trees_ros_tutorials/mock/gui
[0.945s] copying py_trees_ros_tutorials/mock/gui/configuration_group_box_ui.py -> /home/absolutezeno/Auto-BT-Generation/build/py_trees_ros_tutorials/build/lib/py_trees_ros_tutorials/mock/gui
[0.945s] copying py_trees_ros_tutorials/mock/gui/main_window.py -> /home/absolutezeno/Auto-BT-Generation/build/py_trees_ros_tutorials/build/lib/py_trees_ros_tutorials/mock/gui
[0.945s] copying py_trees_ros_tutorials/mock/gui/main_window.ui -> /home/absolutezeno/Auto-BT-Generation/build/py_trees_ros_tutorials/build/lib/py_trees_ros_tutorials/mock/gui
[0.945s] copying py_trees_ros_tutorials/mock/gui/tuxrobot.png -> /home/absolutezeno/Auto-BT-Generation/build/py_trees_ros_tutorials/build/lib/py_trees_ros_tutorials/mock/gui
[0.945s] copying py_trees_ros_tutorials/mock/gui/configuration_group_box.ui -> /home/absolutezeno/Auto-BT-Generation/build/py_trees_ros_tutorials/build/lib/py_trees_ros_tutorials/mock/gui
[0.946s] copying py_trees_ros_tutorials/mock/gui/gen.bash -> /home/absolutezeno/Auto-BT-Generation/build/py_trees_ros_tutorials/build/lib/py_trees_ros_tutorials/mock/gui
[0.946s] copying py_trees_ros_tutorials/mock/gui/dashboard_group_box.ui -> /home/absolutezeno/Auto-BT-Generation/build/py_trees_ros_tutorials/build/lib/py_trees_ros_tutorials/mock/gui
[0.946s] copying py_trees_ros_tutorials/mock/gui/main_window.qrc -> /home/absolutezeno/Auto-BT-Generation/build/py_trees_ros_tutorials/build/lib/py_trees_ros_tutorials/mock/gui
[0.946s] running install
[0.946s] /usr/lib/python3/dist-packages/setuptools/command/install.py:34: SetuptoolsDeprecationWarning: setup.py install is deprecated. Use build and pip and other standards-based tools.
[0.946s]   warnings.warn(
[0.946s] redirecting scripts
[0.946s]   from: /home/absolutezeno/Auto-BT-Generation/install/py_trees_ros_tutorials/bin
[0.946s]     to: /home/absolutezeno/Auto-BT-Generation/install/py_trees_ros_tutorials/lib/py_trees_ros_tutorials
[0.946s] running install_lib
[0.946s] creating /home/absolutezeno/Auto-BT-Generation/install/py_trees_ros_tutorials/lib/python3.10/site-packages/py_trees_ros_tutorials
[0.946s] copying /home/absolutezeno/Auto-BT-Generation/build/py_trees_ros_tutorials/build/lib/py_trees_ros_tutorials/eight_dynamic_application_loading.py -> /home/absolutezeno/Auto-BT-Generation/install/py_trees_ros_tutorials/lib/python3.10/site-packages/py_trees_ros_tutorials
[0.946s] copying /home/absolutezeno/Auto-BT-Generation/build/py_trees_ros_tutorials/build/lib/py_trees_ros_tutorials/two_battery_check.py -> /home/absolutezeno/Auto-BT-Generation/install/py_trees_ros_tutorials/lib/python3.10/site-packages/py_trees_ros_tutorials
[0.946s] copying /home/absolutezeno/Auto-BT-Generation/build/py_trees_ros_tutorials/build/lib/py_trees_ros_tutorials/seven_docking_cancelling_failing.py -> /home/absolutezeno/Auto-BT-Generation/install/py_trees_ros_tutorials/lib/python3.10/site-packages/py_trees_ros_tutorials
[0.946s] copying /home/absolutezeno/Auto-BT-Generation/build/py_trees_ros_tutorials/build/lib/py_trees_ros_tutorials/six_context_switching.py -> /home/absolutezeno/Auto-BT-Generation/install/py_trees_ros_tutorials/lib/python3.10/site-packages/py_trees_ros_tutorials
[0.946s] copying /home/absolutezeno/Auto-BT-Generation/build/py_trees_ros_tutorials/build/lib/py_trees_ros_tutorials/five_action_clients.py -> /home/absolutezeno/Auto-BT-Generation/install/py_trees_ros_tutorials/lib/python3.10/site-packages/py_trees_ros_tutorials
[0.946s] copying /home/absolutezeno/Auto-BT-Generation/build/py_trees_ros_tutorials/build/lib/py_trees_ros_tutorials/version.py -> /home/absolutezeno/Auto-BT-Generation/install/py_trees_ros_tutorials/lib/python3.10/site-packages/py_trees_ros_tutorials
[0.946s] copying /home/absolutezeno/Auto-BT-Generation/build/py_trees_ros_tutorials/build/lib/py_trees_ros_tutorials/one_data_gathering.py -> /home/absolutezeno/Auto-BT-Generation/install/py_trees_ros_tutorials/lib/python3.10/site-packages/py_trees_ros_tutorials
[0.946s] copying /home/absolutezeno/Auto-BT-Generation/build/py_trees_ros_tutorials/build/lib/py_trees_ros_tutorials/__init__.py -> /home/absolutezeno/Auto-BT-Generation/install/py_trees_ros_tutorials/lib/python3.10/site-packages/py_trees_ros_tutorials
[0.946s] copying /home/absolutezeno/Auto-BT-Generation/build/py_trees_ros_tutorials/build/lib/py_trees_ros_tutorials/behaviours.py -> /home/absolutezeno/Auto-BT-Generation/install/py_trees_ros_tutorials/lib/python3.10/site-packages/py_trees_ros_tutorials
[0.946s] creating /home/absolutezeno/Auto-BT-Generation/install/py_trees_ros_tutorials/lib/python3.10/site-packages/py_trees_ros_tutorials/mock
[0.946s] copying /home/absolutezeno/Auto-BT-Generation/build/py_trees_ros_tutorials/build/lib/py_trees_ros_tutorials/mock/actions.py -> /home/absolutezeno/Auto-BT-Generation/install/py_trees_ros_tutorials/lib/python3.10/site-packages/py_trees_ros_tutorials/mock
[0.946s] copying /home/absolutezeno/Auto-BT-Generation/build/py_trees_ros_tutorials/build/lib/py_trees_ros_tutorials/mock/safety_sensors.py -> /home/absolutezeno/Auto-BT-Generation/install/py_trees_ros_tutorials/lib/python3.10/site-packages/py_trees_ros_tutorials/mock
[0.946s] copying /home/absolutezeno/Auto-BT-Generation/build/py_trees_ros_tutorials/build/lib/py_trees_ros_tutorials/mock/rotate.py -> /home/absolutezeno/Auto-BT-Generation/install/py_trees_ros_tutorials/lib/python3.10/site-packages/py_trees_ros_tutorials/mock
[0.946s] copying /home/absolutezeno/Auto-BT-Generation/build/py_trees_ros_tutorials/build/lib/py_trees_ros_tutorials/mock/battery.py -> /home/absolutezeno/Auto-BT-Generation/install/py_trees_ros_tutorials/lib/python3.10/site-packages/py_trees_ros_tutorials/mock
[0.947s] copying /home/absolutezeno/Auto-BT-Generation/build/py_trees_ros_tutorials/build/lib/py_trees_ros_tutorials/mock/led_strip.py -> /home/absolutezeno/Auto-BT-Generation/install/py_trees_ros_tutorials/lib/python3.10/site-packages/py_trees_ros_tutorials/mock
[0.947s] copying /home/absolutezeno/Auto-BT-Generation/build/py_trees_ros_tutorials/build/lib/py_trees_ros_tutorials/mock/move_base.py -> /home/absolutezeno/Auto-BT-Generation/install/py_trees_ros_tutorials/lib/python3.10/site-packages/py_trees_ros_tutorials/mock
[0.947s] creating /home/absolutezeno/Auto-BT-Generation/install/py_trees_ros_tutorials/lib/python3.10/site-packages/py_trees_ros_tutorials/mock/gui
[0.947s] copying /home/absolutezeno/Auto-BT-Generation/build/py_trees_ros_tutorials/build/lib/py_trees_ros_tutorials/mock/gui/main_window.ui -> /home/absolutezeno/Auto-BT-Generation/install/py_trees_ros_tutorials/lib/python3.10/site-packages/py_trees_ros_tutorials/mock/gui
[0.947s] copying /home/absolutezeno/Auto-BT-Generation/build/py_trees_ros_tutorials/build/lib/py_trees_ros_tutorials/mock/gui/dashboard_group_box_ui.py -> /home/absolutezeno/Auto-BT-Generation/install/py_trees_ros_tutorials/lib/python3.10/site-packages/py_trees_ros_tutorials/mock/gui
[0.947s] copying /home/absolutezeno/Auto-BT-Generation/build/py_trees_ros_tutorials/build/lib/py_trees_ros_tutorials/mock/gui/main_window_ui.py -> /home/absolutezeno/Auto-BT-Generation/install/py_trees_ros_tutorials/lib/python3.10/site-packages/py_trees_ros_tutorials/mock/gui
[0.947s] copying /home/absolutezeno/Auto-BT-Generation/build/py_trees_ros_tutorials/build/lib/py_trees_ros_tutorials/mock/gui/dashboard_group_box.py -> /home/absolutezeno/Auto-BT-Generation/install/py_trees_ros_tutorials/lib/python3.10/site-packages/py_trees_ros_tutorials/mock/gui
[0.947s] copying /home/absolutezeno/Auto-BT-Generation/build/py_trees_ros_tutorials/build/lib/py_trees_ros_tutorials/mock/gui/tuxrobot.png -> /home/absolutezeno/Auto-BT-Generation/install/py_trees_ros_tutorials/lib/python3.10/site-packages/py_trees_ros_tutorials/mock/gui
[0.947s] copying /home/absolutezeno/Auto-BT-Generation/build/py_trees_ros_tutorials/build/lib/py_trees_ros_tutorials/mock/gui/configuration_group_box.py -> /home/absolutezeno/Auto-BT-Generation/install/py_trees_ros_tutorials/lib/python3.10/site-packages/py_trees_ros_tutorials/mock/gui
[0.947s] copying /home/absolutezeno/Auto-BT-Generation/build/py_trees_ros_tutorials/build/lib/py_trees_ros_tutorials/mock/gui/configuration_group_box.ui -> /home/absolutezeno/Auto-BT-Generation/install/py_trees_ros_tutorials/lib/python3.10/site-packages/py_trees_ros_tutorials/mock/gui
[0.947s] copying /home/absolutezeno/Auto-BT-Generation/build/py_trees_ros_tutorials/build/lib/py_trees_ros_tutorials/mock/gui/gen.bash -> /home/absolutezeno/Auto-BT-Generation/install/py_trees_ros_tutorials/lib/python3.10/site-packages/py_trees_ros_tutorials/mock/gui
[0.947s] copying /home/absolutezeno/Auto-BT-Generation/build/py_trees_ros_tutorials/build/lib/py_trees_ros_tutorials/mock/gui/main_window_rc.py -> /home/absolutezeno/Auto-BT-Generation/install/py_trees_ros_tutorials/lib/python3.10/site-packages/py_trees_ros_tutorials/mock/gui
[0.947s] copying /home/absolutezeno/Auto-BT-Generation/build/py_trees_ros_tutorials/build/lib/py_trees_ros_tutorials/mock/gui/__init__.py -> /home/absolutezeno/Auto-BT-Generation/install/py_trees_ros_tutorials/lib/python3.10/site-packages/py_trees_ros_tutorials/mock/gui
[0.947s] copying /home/absolutezeno/Auto-BT-Generation/build/py_trees_ros_tutorials/build/lib/py_trees_ros_tutorials/mock/gui/configuration_group_box_ui.py -> /home/absolutezeno/Auto-BT-Generation/install/py_trees_ros_tutorials/lib/python3.10/site-packages/py_trees_ros_tutorials/mock/gui
[0.947s] copying /home/absolutezeno/Auto-BT-Generation/build/py_trees_ros_tutorials/build/lib/py_trees_ros_tutorials/mock/gui/dashboard_group_box.ui -> /home/absolutezeno/Auto-BT-Generation/install/py_trees_ros_tutorials/lib/python3.10/site-packages/py_trees_ros_tutorials/mock/gui
[0.947s] copying /home/absolutezeno/Auto-BT-Generation/build/py_trees_ros_tutorials/build/lib/py_trees_ros_tutorials/mock/gui/main_window.qrc -> /home/absolutezeno/Auto-BT-Generation/install/py_trees_ros_tutorials/lib/python3.10/site-packages/py_trees_ros_tutorials/mock/gui
[0.947s] copying /home/absolutezeno/Auto-BT-Generation/build/py_trees_ros_tutorials/build/lib/py_trees_ros_tutorials/mock/gui/main_window.py -> /home/absolutezeno/Auto-BT-Generation/install/py_trees_ros_tutorials/lib/python3.10/site-packages/py_trees_ros_tutorials/mock/gui
[0.947s] copying /home/absolutezeno/Auto-BT-Generation/build/py_trees_ros_tutorials/build/lib/py_trees_ros_tutorials/mock/dashboard.py -> /home/absolutezeno/Auto-BT-Generation/install/py_trees_ros_tutorials/lib/python3.10/site-packages/py_trees_ros_tutorials/mock
[0.947s] copying /home/absolutezeno/Auto-BT-Generation/build/py_trees_ros_tutorials/build/lib/py_trees_ros_tutorials/mock/__init__.py -> /home/absolutezeno/Auto-BT-Generation/install/py_trees_ros_tutorials/lib/python3.10/site-packages/py_trees_ros_tutorials/mock
[0.947s] copying /home/absolutezeno/Auto-BT-Generation/build/py_trees_ros_tutorials/build/lib/py_trees_ros_tutorials/mock/launch.py -> /home/absolutezeno/Auto-BT-Generation/install/py_trees_ros_tutorials/lib/python3.10/site-packages/py_trees_ros_tutorials/mock
[0.947s] copying /home/absolutezeno/Auto-BT-Generation/build/py_trees_ros_tutorials/build/lib/py_trees_ros_tutorials/mock/dock.py -> /home/absolutezeno/Auto-BT-Generation/install/py_trees_ros_tutorials/lib/python3.10/site-packages/py_trees_ros_tutorials/mock
[0.947s] byte-compiling /home/absolutezeno/Auto-BT-Generation/install/py_trees_ros_tutorials/lib/python3.10/site-packages/py_trees_ros_tutorials/eight_dynamic_application_loading.py to eight_dynamic_application_loading.cpython-310.pyc
[0.949s] byte-compiling /home/absolutezeno/Auto-BT-Generation/install/py_trees_ros_tutorials/lib/python3.10/site-packages/py_trees_ros_tutorials/two_battery_check.py to two_battery_check.cpython-310.pyc
[0.949s] byte-compiling /home/absolutezeno/Auto-BT-Generation/install/py_trees_ros_tutorials/lib/python3.10/site-packages/py_trees_ros_tutorials/seven_docking_cancelling_failing.py to seven_docking_cancelling_failing.cpython-310.pyc
[0.950s] byte-compiling /home/absolutezeno/Auto-BT-Generation/install/py_trees_ros_tutorials/lib/python3.10/site-packages/py_trees_ros_tutorials/six_context_switching.py to six_context_switching.cpython-310.pyc
[0.950s] byte-compiling /home/absolutezeno/Auto-BT-Generation/install/py_trees_ros_tutorials/lib/python3.10/site-packages/py_trees_ros_tutorials/five_action_clients.py to five_action_clients.cpython-310.pyc
[0.951s] byte-compiling /home/absolutezeno/Auto-BT-Generation/install/py_trees_ros_tutorials/lib/python3.10/site-packages/py_trees_ros_tutorials/version.py to version.cpython-310.pyc
[0.951s] byte-compiling /home/absolutezeno/Auto-BT-Generation/install/py_trees_ros_tutorials/lib/python3.10/site-packages/py_trees_ros_tutorials/one_data_gathering.py to one_data_gathering.cpython-310.pyc
[0.951s] byte-compiling /home/absolutezeno/Auto-BT-Generation/install/py_trees_ros_tutorials/lib/python3.10/site-packages/py_trees_ros_tutorials/__init__.py to __init__.cpython-310.pyc
[0.951s] byte-compiling /home/absolutezeno/Auto-BT-Generation/install/py_trees_ros_tutorials/lib/python3.10/site-packages/py_trees_ros_tutorials/behaviours.py to behaviours.cpython-310.pyc
[0.952s] byte-compiling /home/absolutezeno/Auto-BT-Generation/install/py_trees_ros_tutorials/lib/python3.10/site-packages/py_trees_ros_tutorials/mock/actions.py to actions.cpython-310.pyc
[0.953s] byte-compiling /home/absolutezeno/Auto-BT-Generation/install/py_trees_ros_tutorials/lib/python3.10/site-packages/py_trees_ros_tutorials/mock/safety_sensors.py to safety_sensors.cpython-310.pyc
[0.953s] byte-compiling /home/absolutezeno/Auto-BT-Generation/install/py_trees_ros_tutorials/lib/python3.10/site-packages/py_trees_ros_tutorials/mock/rotate.py to rotate.cpython-310.pyc
[0.953s] byte-compiling /home/absolutezeno/Auto-BT-Generation/install/py_trees_ros_tutorials/lib/python3.10/site-packages/py_trees_ros_tutorials/mock/battery.py to battery.cpython-310.pyc
[0.953s] byte-compiling /home/absolutezeno/Auto-BT-Generation/install/py_trees_ros_tutorials/lib/python3.10/site-packages/py_trees_ros_tutorials/mock/led_strip.py to led_strip.cpython-310.pyc
[0.954s] byte-compiling /home/absolutezeno/Auto-BT-Generation/install/py_trees_ros_tutorials/lib/python3.10/site-packages/py_trees_ros_tutorials/mock/move_base.py to move_base.cpython-310.pyc
[0.954s] byte-compiling /home/absolutezeno/Auto-BT-Generation/install/py_trees_ros_tutorials/lib/python3.10/site-packages/py_trees_ros_tutorials/mock/gui/dashboard_group_box_ui.py to dashboard_group_box_ui.cpython-310.pyc
[0.954s] byte-compiling /home/absolutezeno/Auto-BT-Generation/install/py_trees_ros_tutorials/lib/python3.10/site-packages/py_trees_ros_tutorials/mock/gui/main_window_ui.py to main_window_ui.cpython-310.pyc
[0.955s] byte-compiling /home/absolutezeno/Auto-BT-Generation/install/py_trees_ros_tutorials/lib/python3.10/site-packages/py_trees_ros_tutorials/mock/gui/dashboard_group_box.py to dashboard_group_box.cpython-310.pyc
[0.955s] byte-compiling /home/absolutezeno/Auto-BT-Generation/install/py_trees_ros_tutorials/lib/python3.10/site-packages/py_trees_ros_tutorials/mock/gui/configuration_group_box.py to configuration_group_box.cpython-310.pyc
[0.955s] byte-compiling /home/absolutezeno/Auto-BT-Generation/install/py_trees_ros_tutorials/lib/python3.10/site-packages/py_trees_ros_tutorials/mock/gui/main_window_rc.py to main_window_rc.cpython-310.pyc
[0.956s] byte-compiling /home/absolutezeno/Auto-BT-Generation/install/py_trees_ros_tutorials/lib/python3.10/site-packages/py_trees_ros_tutorials/mock/gui/__init__.py to __init__.cpython-310.pyc
[0.956s] byte-compiling /home/absolutezeno/Auto-BT-Generation/install/py_trees_ros_tutorials/lib/python3.10/site-packages/py_trees_ros_tutorials/mock/gui/configuration_group_box_ui.py to configuration_group_box_ui.cpython-310.pyc
[0.956s] byte-compiling /home/absolutezeno/Auto-BT-Generation/install/py_trees_ros_tutorials/lib/python3.10/site-packages/py_trees_ros_tutorials/mock/gui/main_window.py to main_window.cpython-310.pyc
[0.956s] byte-compiling /home/absolutezeno/Auto-BT-Generation/install/py_trees_ros_tutorials/lib/python3.10/site-packages/py_trees_ros_tutorials/mock/dashboard.py to dashboard.cpython-310.pyc
[0.957s] byte-compiling /home/absolutezeno/Auto-BT-Generation/install/py_trees_ros_tutorials/lib/python3.10/site-packages/py_trees_ros_tutorials/mock/__init__.py to __init__.cpython-310.pyc
[0.957s] byte-compiling /home/absolutezeno/Auto-BT-Generation/install/py_trees_ros_tutorials/lib/python3.10/site-packages/py_trees_ros_tutorials/mock/launch.py to launch.cpython-310.pyc
[0.957s] byte-compiling /home/absolutezeno/Auto-BT-Generation/install/py_trees_ros_tutorials/lib/python3.10/site-packages/py_trees_ros_tutorials/mock/dock.py to dock.cpython-310.pyc
[0.958s] running install_data
[0.958s] copying package.xml -> /home/absolutezeno/Auto-BT-Generation/install/py_trees_ros_tutorials/share/py_trees_ros_tutorials
[0.958s] creating /home/absolutezeno/Auto-BT-Generation/install/py_trees_ros_tutorials/share/ament_index
[0.958s] creating /home/absolutezeno/Auto-BT-Generation/install/py_trees_ros_tutorials/share/ament_index/resource_index
[0.959s] creating /home/absolutezeno/Auto-BT-Generation/install/py_trees_ros_tutorials/share/ament_index/resource_index/packages
[0.959s] copying resources/py_trees_ros_tutorials -> /home/absolutezeno/Auto-BT-Generation/install/py_trees_ros_tutorials/share/ament_index/resource_index/packages
[0.959s] creating /home/absolutezeno/Auto-BT-Generation/install/py_trees_ros_tutorials/share/py_trees_ros_tutorials/launch
[0.959s] copying launch/tutorial_two_battery_check_launch.py -> /home/absolutezeno/Auto-BT-Generation/install/py_trees_ros_tutorials/share/py_trees_ros_tutorials/launch
[0.959s] copying launch/tutorial_four_introspect_the_tree_launch.py -> /home/absolutezeno/Auto-BT-Generation/install/py_trees_ros_tutorials/share/py_trees_ros_tutorials/launch
[0.959s] copying launch/tutorial_five_action_clients_launch.py -> /home/absolutezeno/Auto-BT-Generation/install/py_trees_ros_tutorials/share/py_trees_ros_tutorials/launch
[0.959s] copying launch/tutorial_three_introspect_the_blackboard_launch.py -> /home/absolutezeno/Auto-BT-Generation/install/py_trees_ros_tutorials/share/py_trees_ros_tutorials/launch
[0.959s] copying launch/mock_robot_launch.py -> /home/absolutezeno/Auto-BT-Generation/install/py_trees_ros_tutorials/share/py_trees_ros_tutorials/launch
[0.959s] copying launch/tutorial_seven_docking_cancelling_failing_launch.py -> /home/absolutezeno/Auto-BT-Generation/install/py_trees_ros_tutorials/share/py_trees_ros_tutorials/launch
[0.959s] copying launch/tutorial_eight_dynamic_application_loading_launch.py -> /home/absolutezeno/Auto-BT-Generation/install/py_trees_ros_tutorials/share/py_trees_ros_tutorials/launch
[0.959s] copying launch/tutorial_six_context_switching_launch.py -> /home/absolutezeno/Auto-BT-Generation/install/py_trees_ros_tutorials/share/py_trees_ros_tutorials/launch
[0.959s] copying launch/tutorial_one_data_gathering_launch.py -> /home/absolutezeno/Auto-BT-Generation/install/py_trees_ros_tutorials/share/py_trees_ros_tutorials/launch
[0.960s] running install_egg_info
[0.960s] Copying ../build/py_trees_ros_tutorials/py_trees_ros_tutorials.egg-info to /home/absolutezeno/Auto-BT-Generation/install/py_trees_ros_tutorials/lib/python3.10/site-packages/py_trees_ros_tutorials-2.1.0-py3.10.egg-info
[0.960s] running install_scripts
[0.960s] Installing mock-battery script to /home/absolutezeno/Auto-BT-Generation/install/py_trees_ros_tutorials/lib/py_trees_ros_tutorials
[0.961s] Installing mock-dashboard script to /home/absolutezeno/Auto-BT-Generation/install/py_trees_ros_tutorials/lib/py_trees_ros_tutorials
[0.961s] Installing mock-dock-client script to /home/absolutezeno/Auto-BT-Generation/install/py_trees_ros_tutorials/lib/py_trees_ros_tutorials
[0.961s] Installing mock-docking-controller script to /home/absolutezeno/Auto-BT-Generation/install/py_trees_ros_tutorials/lib/py_trees_ros_tutorials
[0.961s] Installing mock-led-strip script to /home/absolutezeno/Auto-BT-Generation/install/py_trees_ros_tutorials/lib/py_trees_ros_tutorials
[0.961s] Installing mock-move-base script to /home/absolutezeno/Auto-BT-Generation/install/py_trees_ros_tutorials/lib/py_trees_ros_tutorials
[0.961s] Installing mock-move-base-client script to /home/absolutezeno/Auto-BT-Generation/install/py_trees_ros_tutorials/lib/py_trees_ros_tutorials
[0.961s] Installing mock-rotate-client script to /home/absolutezeno/Auto-BT-Generation/install/py_trees_ros_tutorials/lib/py_trees_ros_tutorials
[0.961s] Installing mock-rotation-controller script to /home/absolutezeno/Auto-BT-Generation/install/py_trees_ros_tutorials/lib/py_trees_ros_tutorials
[0.961s] Installing mock-safety-sensors script to /home/absolutezeno/Auto-BT-Generation/install/py_trees_ros_tutorials/lib/py_trees_ros_tutorials
[0.961s] Installing tree-action-clients script to /home/absolutezeno/Auto-BT-Generation/install/py_trees_ros_tutorials/lib/py_trees_ros_tutorials
[0.961s] Installing tree-battery-check script to /home/absolutezeno/Auto-BT-Generation/install/py_trees_ros_tutorials/lib/py_trees_ros_tutorials
[0.962s] Installing tree-context-switching script to /home/absolutezeno/Auto-BT-Generation/install/py_trees_ros_tutorials/lib/py_trees_ros_tutorials
[0.962s] Installing tree-data-gathering script to /home/absolutezeno/Auto-BT-Generation/install/py_trees_ros_tutorials/lib/py_trees_ros_tutorials
[0.962s] Installing tree-docking-cancelling-failing script to /home/absolutezeno/Auto-BT-Generation/install/py_trees_ros_tutorials/lib/py_trees_ros_tutorials
[0.962s] Installing tree-dynamic-application-loading script to /home/absolutezeno/Auto-BT-Generation/install/py_trees_ros_tutorials/lib/py_trees_ros_tutorials
[0.962s] writing list of installed files to '/home/absolutezeno/Auto-BT-Generation/build/py_trees_ros_tutorials/install.log'
[1.011s] Invoked command in '/home/absolutezeno/Auto-BT-Generation/py_trees_ros_tutorials' returned '0': PS1=\[\e]0;\u@\h: \w\a\]${debian_chroot:+($debian_chroot)}\[\033[01;32m\]\u@\h\[\033[00m\]:\[\033[01;34m\]\w\[\033[00m\]\$ PYTHONPATH=/home/absolutezeno/Auto-BT-Generation/build/py_trees_ros_tutorials/prefix_override:/home/absolutezeno/Auto-BT-Generation/install/py_trees_ros_tutorials/lib/python3.10/site-packages:${PYTHONPATH} /usr/bin/python3 setup.py egg_info --egg-base ../build/py_trees_ros_tutorials build --build-base /home/absolutezeno/Auto-BT-Generation/build/py_trees_ros_tutorials/build install --record /home/absolutezeno/Auto-BT-Generation/build/py_trees_ros_tutorials/install.log --single-version-externally-managed
