[0.744s] Invoking command in '/home/absolutezeno/Auto-BT-Generation/build/isaac_ros2_messages': CMAKE_PREFIX_PATH=${CMAKE_PREFIX_PATH}:/home/absolutezeno/Auto-BT-Generation/install/turtlebot3_teleop:/home/absolutezeno/Auto-BT-Generation/install/turtlebot3_example:/home/absolutezeno/Auto-BT-Generation/install/py_trees_ros_viewer:/home/absolutezeno/Auto-BT-Generation/install/py_trees_ros_tutorials:/home/absolutezeno/Auto-BT-Generation/install/py_trees_ros:/home/absolutezeno/fra532_exam/install/mir_driver:/home/absolutezeno/fra532_exam/install/twist_stamper:/home/absolutezeno/fra532_exam/install/mir_restapi:/opt/ros/humble PS1=(isaaclab) \[\e]0;\u@\h: \w\a\]${debian_chroot:+($debian_chroot)}\[\033[01;32m\]\u@\h\[\033[00m\]:\[\033[01;34m\]\w\[\033[00m\]\$ VIRTUAL_ENV_PROMPT=(isaaclab) /usr/bin/cmake --build /home/absolutezeno/Auto-BT-Generation/build/isaac_ros2_messages -- -j20 -l20
[0.799s] [  1%] Built target isaac_ros2_messages__cpp
[0.804s] [  3%] [32mBuilding C object CMakeFiles/isaac_ros2_messages__rosidl_generator_c.dir/rosidl_generator_c/isaac_ros2_messages/srv/detail/get_prim_attributes__functions.c.o[0m
[0.805s] [  4%] [32mBuilding C object CMakeFiles/isaac_ros2_messages__rosidl_generator_c.dir/rosidl_generator_c/isaac_ros2_messages/srv/detail/get_prims__functions.c.o[0m
[0.809s] [  6%] [32mBuilding C object CMakeFiles/isaac_ros2_messages__rosidl_generator_c.dir/rosidl_generator_c/isaac_ros2_messages/srv/detail/get_prim_attribute__functions.c.o[0m
[0.813s] [  7%] [32mBuilding C object CMakeFiles/isaac_ros2_messages__rosidl_generator_c.dir/rosidl_generator_c/isaac_ros2_messages/srv/detail/isaac_pose__functions.c.o[0m
[0.814s] [  9%] [32mBuilding C object CMakeFiles/isaac_ros2_messages__rosidl_generator_c.dir/rosidl_generator_c/isaac_ros2_messages/srv/detail/set_prim_attribute__functions.c.o[0m
[0.853s] [ 11%] [32mBuilding CXX object CMakeFiles/isaac_ros2_messages__rosidl_typesupport_fastrtps_cpp.dir/rosidl_typesupport_fastrtps_cpp/isaac_ros2_messages/srv/detail/dds_fastrtps/get_prim_attributes__type_support.cpp.o[0m
[0.854s] [ 12%] [32mBuilding CXX object CMakeFiles/isaac_ros2_messages__rosidl_typesupport_fastrtps_cpp.dir/rosidl_typesupport_fastrtps_cpp/isaac_ros2_messages/srv/detail/dds_fastrtps/isaac_pose__type_support.cpp.o[0m
[0.858s] [ 14%] [32mBuilding CXX object CMakeFiles/isaac_ros2_messages__rosidl_typesupport_fastrtps_cpp.dir/rosidl_typesupport_fastrtps_cpp/isaac_ros2_messages/srv/detail/dds_fastrtps/set_prim_attribute__type_support.cpp.o[0m
[0.864s] [ 15%] [32mBuilding CXX object CMakeFiles/isaac_ros2_messages__rosidl_typesupport_fastrtps_cpp.dir/rosidl_typesupport_fastrtps_cpp/isaac_ros2_messages/srv/detail/dds_fastrtps/get_prims__type_support.cpp.o[0m
[0.868s] [ 19%] [32mBuilding CXX object CMakeFiles/isaac_ros2_messages__rosidl_typesupport_introspection_cpp.dir/rosidl_typesupport_introspection_cpp/isaac_ros2_messages/srv/detail/get_prim_attribute__type_support.cpp.o[0m
[0.868s] [ 17%] [32mBuilding CXX object CMakeFiles/isaac_ros2_messages__rosidl_typesupport_cpp.dir/rosidl_typesupport_cpp/isaac_ros2_messages/srv/get_prims__type_support.cpp.o[0m
[0.868s] [ 20%] [32mBuilding CXX object CMakeFiles/isaac_ros2_messages__rosidl_typesupport_cpp.dir/rosidl_typesupport_cpp/isaac_ros2_messages/srv/isaac_pose__type_support.cpp.o[0m
[0.870s] [ 23%] [32mBuilding CXX object CMakeFiles/isaac_ros2_messages__rosidl_typesupport_introspection_cpp.dir/rosidl_typesupport_introspection_cpp/isaac_ros2_messages/srv/detail/get_prims__type_support.cpp.o[0m
[0.872s] [ 23%] [32mBuilding CXX object CMakeFiles/isaac_ros2_messages__rosidl_typesupport_introspection_cpp.dir/rosidl_typesupport_introspection_cpp/isaac_ros2_messages/srv/detail/get_prim_attributes__type_support.cpp.o[0m
[0.874s] [ 25%] [32mBuilding CXX object CMakeFiles/isaac_ros2_messages__rosidl_typesupport_cpp.dir/rosidl_typesupport_cpp/isaac_ros2_messages/srv/get_prim_attribute__type_support.cpp.o[0m
[0.874s] [ 26%] [32mBuilding CXX object CMakeFiles/isaac_ros2_messages__rosidl_typesupport_introspection_cpp.dir/rosidl_typesupport_introspection_cpp/isaac_ros2_messages/srv/detail/isaac_pose__type_support.cpp.o[0m
[0.879s] [ 28%] [32mBuilding CXX object CMakeFiles/isaac_ros2_messages__rosidl_typesupport_fastrtps_cpp.dir/rosidl_typesupport_fastrtps_cpp/isaac_ros2_messages/srv/detail/dds_fastrtps/get_prim_attribute__type_support.cpp.o[0m
[0.879s] [ 30%] [32mBuilding CXX object CMakeFiles/isaac_ros2_messages__rosidl_typesupport_cpp.dir/rosidl_typesupport_cpp/isaac_ros2_messages/srv/get_prim_attributes__type_support.cpp.o[0m
[0.880s] [ 31%] [32mBuilding CXX object CMakeFiles/isaac_ros2_messages__rosidl_typesupport_introspection_cpp.dir/rosidl_typesupport_introspection_cpp/isaac_ros2_messages/srv/detail/set_prim_attribute__type_support.cpp.o[0m
[0.917s] [ 31%] Built target ament_cmake_python_copy_isaac_ros2_messages
[1.020s] [ 33%] [32mBuilding CXX object CMakeFiles/isaac_ros2_messages__rosidl_typesupport_cpp.dir/rosidl_typesupport_cpp/isaac_ros2_messages/srv/set_prim_attribute__type_support.cpp.o[0m
[1.050s] [ 34%] [32m[1mLinking C shared library libisaac_ros2_messages__rosidl_generator_c.so[0m
[1.165s] [ 36%] Built target isaac_ros2_messages__rosidl_generator_c
[1.258s] [ 38%] [32mBuilding C object CMakeFiles/isaac_ros2_messages__rosidl_typesupport_introspection_c.dir/rosidl_typesupport_introspection_c/isaac_ros2_messages/srv/detail/isaac_pose__type_support.c.o[0m
[1.263s] [ 39%] [32mBuilding CXX object CMakeFiles/isaac_ros2_messages__rosidl_typesupport_c.dir/rosidl_typesupport_c/isaac_ros2_messages/srv/isaac_pose__type_support.cpp.o[0m
[1.271s] [ 41%] [32mBuilding CXX object CMakeFiles/isaac_ros2_messages__rosidl_typesupport_c.dir/rosidl_typesupport_c/isaac_ros2_messages/srv/get_prims__type_support.cpp.o[0m
[1.272s] [ 42%] [32mBuilding CXX object CMakeFiles/isaac_ros2_messages__rosidl_typesupport_fastrtps_c.dir/rosidl_typesupport_fastrtps_c/isaac_ros2_messages/srv/detail/isaac_pose__type_support_c.cpp.o[0m
[1.369s] [ 44%] [32mBuilding CXX object CMakeFiles/isaac_ros2_messages__rosidl_typesupport_c.dir/rosidl_typesupport_c/isaac_ros2_messages/srv/get_prim_attribute__type_support.cpp.o[0m
[1.371s] [ 46%] [32mBuilding CXX object CMakeFiles/isaac_ros2_messages__rosidl_typesupport_c.dir/rosidl_typesupport_c/isaac_ros2_messages/srv/get_prim_attributes__type_support.cpp.o[0m
[1.470s] [ 47%] [32mBuilding C object CMakeFiles/isaac_ros2_messages__rosidl_typesupport_introspection_c.dir/rosidl_typesupport_introspection_c/isaac_ros2_messages/srv/detail/get_prims__type_support.c.o[0m
[1.486s] [ 49%] [32mBuilding CXX object CMakeFiles/isaac_ros2_messages__rosidl_typesupport_fastrtps_c.dir/rosidl_typesupport_fastrtps_c/isaac_ros2_messages/srv/detail/get_prims__type_support_c.cpp.o[0m
[1.507s] [ 50%] [32mBuilding CXX object CMakeFiles/isaac_ros2_messages__rosidl_typesupport_c.dir/rosidl_typesupport_c/isaac_ros2_messages/srv/set_prim_attribute__type_support.cpp.o[0m
[1.531s] running egg_info
[1.532s] writing isaac_ros2_messages.egg-info/PKG-INFO
[1.533s] writing dependency_links to isaac_ros2_messages.egg-info/dependency_links.txt
[1.533s] writing top-level names to isaac_ros2_messages.egg-info/top_level.txt
[1.541s] reading manifest file 'isaac_ros2_messages.egg-info/SOURCES.txt'
[1.542s] writing manifest file 'isaac_ros2_messages.egg-info/SOURCES.txt'
[1.589s] [ 52%] [32mBuilding C object CMakeFiles/isaac_ros2_messages__rosidl_typesupport_introspection_c.dir/rosidl_typesupport_introspection_c/isaac_ros2_messages/srv/detail/get_prim_attributes__type_support.c.o[0m
[1.593s] [ 53%] [32mBuilding CXX object CMakeFiles/isaac_ros2_messages__rosidl_typesupport_fastrtps_c.dir/rosidl_typesupport_fastrtps_c/isaac_ros2_messages/srv/detail/get_prim_attributes__type_support_c.cpp.o[0m
[1.609s] [ 53%] Built target ament_cmake_python_build_isaac_ros2_messages_egg
[1.610s] [ 55%] [32m[1mLinking CXX shared library libisaac_ros2_messages__rosidl_typesupport_c.so[0m
[1.630s] [ 57%] [32mBuilding CXX object CMakeFiles/isaac_ros2_messages__rosidl_typesupport_fastrtps_c.dir/rosidl_typesupport_fastrtps_c/isaac_ros2_messages/srv/detail/get_prim_attribute__type_support_c.cpp.o[0m
[1.634s] [ 58%] [32mBuilding C object CMakeFiles/isaac_ros2_messages__rosidl_typesupport_introspection_c.dir/rosidl_typesupport_introspection_c/isaac_ros2_messages/srv/detail/get_prim_attribute__type_support.c.o[0m
[1.637s] [ 60%] [32mBuilding CXX object CMakeFiles/isaac_ros2_messages__rosidl_typesupport_fastrtps_c.dir/rosidl_typesupport_fastrtps_c/isaac_ros2_messages/srv/detail/set_prim_attribute__type_support_c.cpp.o[0m
[1.721s] [ 61%] [32mBuilding C object CMakeFiles/isaac_ros2_messages__rosidl_typesupport_introspection_c.dir/rosidl_typesupport_introspection_c/isaac_ros2_messages/srv/detail/set_prim_attribute__type_support.c.o[0m
[1.769s] [ 63%] Built target isaac_ros2_messages__rosidl_typesupport_c
[1.849s] [ 65%] [32m[1mLinking C shared library libisaac_ros2_messages__rosidl_typesupport_introspection_c.so[0m
[1.919s] [ 66%] Built target isaac_ros2_messages__rosidl_typesupport_introspection_c
[1.975s] [ 68%] [32m[1mLinking CXX shared library libisaac_ros2_messages__rosidl_typesupport_cpp.so[0m
[2.126s] [ 69%] Built target isaac_ros2_messages__rosidl_typesupport_cpp
[2.513s] [ 71%] [32m[1mLinking CXX shared library libisaac_ros2_messages__rosidl_typesupport_introspection_cpp.so[0m
[2.679s] [ 73%] Built target isaac_ros2_messages__rosidl_typesupport_introspection_cpp
[2.698s] [ 74%] [32m[1mLinking CXX shared library libisaac_ros2_messages__rosidl_typesupport_fastrtps_c.so[0m
[2.702s] [ 76%] [32m[1mLinking CXX shared library libisaac_ros2_messages__rosidl_typesupport_fastrtps_cpp.so[0m
[2.827s] [ 77%] Built target isaac_ros2_messages__rosidl_typesupport_fastrtps_cpp
[2.844s] [ 79%] Built target isaac_ros2_messages__rosidl_typesupport_fastrtps_c
[2.889s] [ 79%] Built target isaac_ros2_messages
[2.950s] [ 80%] Built target isaac_ros2_messages__py
[2.993s] [ 82%] [32mBuilding C object CMakeFiles/isaac_ros2_messages__rosidl_generator_py.dir/rosidl_generator_py/isaac_ros2_messages/srv/_isaac_pose_s.c.o[0m
[3.006s] [ 84%] [32mBuilding C object CMakeFiles/isaac_ros2_messages__rosidl_generator_py.dir/rosidl_generator_py/isaac_ros2_messages/srv/_get_prims_s.c.o[0m
[3.027s] [ 85%] [32mBuilding C object CMakeFiles/isaac_ros2_messages__rosidl_generator_py.dir/rosidl_generator_py/isaac_ros2_messages/srv/_set_prim_attribute_s.c.o[0m
[3.034s] [ 87%] [32mBuilding C object CMakeFiles/isaac_ros2_messages__rosidl_generator_py.dir/rosidl_generator_py/isaac_ros2_messages/srv/_get_prim_attribute_s.c.o[0m
[3.036s] [ 88%] [32mBuilding C object CMakeFiles/isaac_ros2_messages__rosidl_generator_py.dir/rosidl_generator_py/isaac_ros2_messages/srv/_get_prim_attributes_s.c.o[0m
[3.286s] [ 90%] [32m[1mLinking C shared library rosidl_generator_py/isaac_ros2_messages/libisaac_ros2_messages__rosidl_generator_py.so[0m
[3.416s] [ 90%] Built target isaac_ros2_messages__rosidl_generator_py
[3.495s] [ 92%] [32mBuilding C object CMakeFiles/isaac_ros2_messages__rosidl_typesupport_fastrtps_c__pyext.dir/rosidl_generator_py/isaac_ros2_messages/_isaac_ros2_messages_s.ep.rosidl_typesupport_fastrtps_c.c.o[0m
[3.499s] [ 93%] [32mBuilding C object CMakeFiles/isaac_ros2_messages__rosidl_typesupport_c__pyext.dir/rosidl_generator_py/isaac_ros2_messages/_isaac_ros2_messages_s.ep.rosidl_typesupport_c.c.o[0m
[3.543s] [ 95%] [32mBuilding C object CMakeFiles/isaac_ros2_messages__rosidl_typesupport_introspection_c__pyext.dir/rosidl_generator_py/isaac_ros2_messages/_isaac_ros2_messages_s.ep.rosidl_typesupport_introspection_c.c.o[0m
[3.711s] [ 96%] [32m[1mLinking C shared library rosidl_generator_py/isaac_ros2_messages/isaac_ros2_messages_s__rosidl_typesupport_fastrtps_c.cpython-310-x86_64-linux-gnu.so[0m
[3.723s] [ 98%] [32m[1mLinking C shared library rosidl_generator_py/isaac_ros2_messages/isaac_ros2_messages_s__rosidl_typesupport_c.cpython-310-x86_64-linux-gnu.so[0m
[3.729s] [100%] [32m[1mLinking C shared library rosidl_generator_py/isaac_ros2_messages/isaac_ros2_messages_s__rosidl_typesupport_introspection_c.cpython-310-x86_64-linux-gnu.so[0m
[3.781s] [100%] Built target isaac_ros2_messages__rosidl_typesupport_fastrtps_c__pyext
[3.800s] [100%] Built target isaac_ros2_messages__rosidl_typesupport_c__pyext
[3.803s] [100%] Built target isaac_ros2_messages__rosidl_typesupport_introspection_c__pyext
[4.132s] Invoked command in '/home/absolutezeno/Auto-BT-Generation/build/isaac_ros2_messages' returned '0': CMAKE_PREFIX_PATH=${CMAKE_PREFIX_PATH}:/home/absolutezeno/Auto-BT-Generation/install/turtlebot3_teleop:/home/absolutezeno/Auto-BT-Generation/install/turtlebot3_example:/home/absolutezeno/Auto-BT-Generation/install/py_trees_ros_viewer:/home/absolutezeno/Auto-BT-Generation/install/py_trees_ros_tutorials:/home/absolutezeno/Auto-BT-Generation/install/py_trees_ros:/home/absolutezeno/fra532_exam/install/mir_driver:/home/absolutezeno/fra532_exam/install/twist_stamper:/home/absolutezeno/fra532_exam/install/mir_restapi:/opt/ros/humble PS1=(isaaclab) \[\e]0;\u@\h: \w\a\]${debian_chroot:+($debian_chroot)}\[\033[01;32m\]\u@\h\[\033[00m\]:\[\033[01;34m\]\w\[\033[00m\]\$ VIRTUAL_ENV_PROMPT=(isaaclab) /usr/bin/cmake --build /home/absolutezeno/Auto-BT-Generation/build/isaac_ros2_messages -- -j20 -l20
[4.344s] Invoking command in '/home/absolutezeno/Auto-BT-Generation/build/isaac_ros2_messages': CMAKE_PREFIX_PATH=${CMAKE_PREFIX_PATH}:/home/absolutezeno/Auto-BT-Generation/install/turtlebot3_teleop:/home/absolutezeno/Auto-BT-Generation/install/turtlebot3_example:/home/absolutezeno/Auto-BT-Generation/install/py_trees_ros_viewer:/home/absolutezeno/Auto-BT-Generation/install/py_trees_ros_tutorials:/home/absolutezeno/Auto-BT-Generation/install/py_trees_ros:/home/absolutezeno/fra532_exam/install/mir_driver:/home/absolutezeno/fra532_exam/install/twist_stamper:/home/absolutezeno/fra532_exam/install/mir_restapi:/opt/ros/humble PS1=(isaaclab) \[\e]0;\u@\h: \w\a\]${debian_chroot:+($debian_chroot)}\[\033[01;32m\]\u@\h\[\033[00m\]:\[\033[01;34m\]\w\[\033[00m\]\$ VIRTUAL_ENV_PROMPT=(isaaclab) /usr/bin/cmake --install /home/absolutezeno/Auto-BT-Generation/build/isaac_ros2_messages
[4.361s] -- Install configuration: ""
[4.361s] -- Up-to-date: /home/absolutezeno/Auto-BT-Generation/install/isaac_ros2_messages/share/ament_index/resource_index/rosidl_interfaces/isaac_ros2_messages
[4.362s] -- Up-to-date: /home/absolutezeno/Auto-BT-Generation/install/isaac_ros2_messages/include/isaac_ros2_messages/isaac_ros2_messages
[4.362s] -- Up-to-date: /home/absolutezeno/Auto-BT-Generation/install/isaac_ros2_messages/include/isaac_ros2_messages/isaac_ros2_messages/msg
[4.362s] -- Up-to-date: /home/absolutezeno/Auto-BT-Generation/install/isaac_ros2_messages/include/isaac_ros2_messages/isaac_ros2_messages/msg/rosidl_generator_c__visibility_control.h
[4.362s] -- Up-to-date: /home/absolutezeno/Auto-BT-Generation/install/isaac_ros2_messages/include/isaac_ros2_messages/isaac_ros2_messages/srv
[4.362s] -- Up-to-date: /home/absolutezeno/Auto-BT-Generation/install/isaac_ros2_messages/include/isaac_ros2_messages/isaac_ros2_messages/srv/isaac_pose.h
[4.362s] -- Up-to-date: /home/absolutezeno/Auto-BT-Generation/install/isaac_ros2_messages/include/isaac_ros2_messages/isaac_ros2_messages/srv/get_prims.h
[4.362s] -- Up-to-date: /home/absolutezeno/Auto-BT-Generation/install/isaac_ros2_messages/include/isaac_ros2_messages/isaac_ros2_messages/srv/get_prim_attribute.h
[4.362s] -- Up-to-date: /home/absolutezeno/Auto-BT-Generation/install/isaac_ros2_messages/include/isaac_ros2_messages/isaac_ros2_messages/srv/set_prim_attribute.h
[4.362s] -- Up-to-date: /home/absolutezeno/Auto-BT-Generation/install/isaac_ros2_messages/include/isaac_ros2_messages/isaac_ros2_messages/srv/detail
[4.362s] -- Up-to-date: /home/absolutezeno/Auto-BT-Generation/install/isaac_ros2_messages/include/isaac_ros2_messages/isaac_ros2_messages/srv/detail/get_prims__functions.h
[4.362s] -- Up-to-date: /home/absolutezeno/Auto-BT-Generation/install/isaac_ros2_messages/include/isaac_ros2_messages/isaac_ros2_messages/srv/detail/get_prim_attribute__type_support.h
[4.363s] -- Up-to-date: /home/absolutezeno/Auto-BT-Generation/install/isaac_ros2_messages/include/isaac_ros2_messages/isaac_ros2_messages/srv/detail/get_prims__functions.c
[4.363s] -- Up-to-date: /home/absolutezeno/Auto-BT-Generation/install/isaac_ros2_messages/include/isaac_ros2_messages/isaac_ros2_messages/srv/detail/set_prim_attribute__functions.h
[4.363s] -- Up-to-date: /home/absolutezeno/Auto-BT-Generation/install/isaac_ros2_messages/include/isaac_ros2_messages/isaac_ros2_messages/srv/detail/get_prim_attributes__functions.c
[4.363s] -- Up-to-date: /home/absolutezeno/Auto-BT-Generation/install/isaac_ros2_messages/include/isaac_ros2_messages/isaac_ros2_messages/srv/detail/get_prims__struct.h
[4.363s] -- Up-to-date: /home/absolutezeno/Auto-BT-Generation/install/isaac_ros2_messages/include/isaac_ros2_messages/isaac_ros2_messages/srv/detail/isaac_pose__functions.h
[4.363s] -- Up-to-date: /home/absolutezeno/Auto-BT-Generation/install/isaac_ros2_messages/include/isaac_ros2_messages/isaac_ros2_messages/srv/detail/get_prim_attribute__functions.h
[4.363s] -- Up-to-date: /home/absolutezeno/Auto-BT-Generation/install/isaac_ros2_messages/include/isaac_ros2_messages/isaac_ros2_messages/srv/detail/get_prim_attributes__type_support.h
[4.363s] -- Up-to-date: /home/absolutezeno/Auto-BT-Generation/install/isaac_ros2_messages/include/isaac_ros2_messages/isaac_ros2_messages/srv/detail/get_prim_attribute__struct.h
[4.363s] -- Up-to-date: /home/absolutezeno/Auto-BT-Generation/install/isaac_ros2_messages/include/isaac_ros2_messages/isaac_ros2_messages/srv/detail/get_prim_attribute__functions.c
[4.363s] -- Up-to-date: /home/absolutezeno/Auto-BT-Generation/install/isaac_ros2_messages/include/isaac_ros2_messages/isaac_ros2_messages/srv/detail/set_prim_attribute__struct.h
[4.363s] -- Up-to-date: /home/absolutezeno/Auto-BT-Generation/install/isaac_ros2_messages/include/isaac_ros2_messages/isaac_ros2_messages/srv/detail/isaac_pose__functions.c
[4.363s] -- Up-to-date: /home/absolutezeno/Auto-BT-Generation/install/isaac_ros2_messages/include/isaac_ros2_messages/isaac_ros2_messages/srv/detail/get_prims__type_support.h
[4.363s] -- Up-to-date: /home/absolutezeno/Auto-BT-Generation/install/isaac_ros2_messages/include/isaac_ros2_messages/isaac_ros2_messages/srv/detail/isaac_pose__struct.h
[4.363s] -- Up-to-date: /home/absolutezeno/Auto-BT-Generation/install/isaac_ros2_messages/include/isaac_ros2_messages/isaac_ros2_messages/srv/detail/get_prim_attributes__functions.h
[4.364s] -- Up-to-date: /home/absolutezeno/Auto-BT-Generation/install/isaac_ros2_messages/include/isaac_ros2_messages/isaac_ros2_messages/srv/detail/set_prim_attribute__functions.c
[4.364s] -- Up-to-date: /home/absolutezeno/Auto-BT-Generation/install/isaac_ros2_messages/include/isaac_ros2_messages/isaac_ros2_messages/srv/detail/isaac_pose__type_support.h
[4.364s] -- Up-to-date: /home/absolutezeno/Auto-BT-Generation/install/isaac_ros2_messages/include/isaac_ros2_messages/isaac_ros2_messages/srv/detail/get_prim_attributes__struct.h
[4.364s] -- Up-to-date: /home/absolutezeno/Auto-BT-Generation/install/isaac_ros2_messages/include/isaac_ros2_messages/isaac_ros2_messages/srv/detail/set_prim_attribute__type_support.h
[4.364s] -- Up-to-date: /home/absolutezeno/Auto-BT-Generation/install/isaac_ros2_messages/include/isaac_ros2_messages/isaac_ros2_messages/srv/get_prim_attributes.h
[4.364s] -- Up-to-date: /home/absolutezeno/Auto-BT-Generation/install/isaac_ros2_messages/share/isaac_ros2_messages/environment/library_path.sh
[4.364s] -- Up-to-date: /home/absolutezeno/Auto-BT-Generation/install/isaac_ros2_messages/share/isaac_ros2_messages/environment/library_path.dsv
[4.371s] -- Installing: /home/absolutezeno/Auto-BT-Generation/install/isaac_ros2_messages/lib/libisaac_ros2_messages__rosidl_generator_c.so
[4.372s] -- Set runtime path of "/home/absolutezeno/Auto-BT-Generation/install/isaac_ros2_messages/lib/libisaac_ros2_messages__rosidl_generator_c.so" to ""
[4.372s] -- Up-to-date: /home/absolutezeno/Auto-BT-Generation/install/isaac_ros2_messages/include/isaac_ros2_messages/isaac_ros2_messages
[4.372s] -- Up-to-date: /home/absolutezeno/Auto-BT-Generation/install/isaac_ros2_messages/include/isaac_ros2_messages/isaac_ros2_messages/msg
[4.372s] -- Up-to-date: /home/absolutezeno/Auto-BT-Generation/install/isaac_ros2_messages/include/isaac_ros2_messages/isaac_ros2_messages/msg/rosidl_typesupport_fastrtps_c__visibility_control.h
[4.372s] -- Up-to-date: /home/absolutezeno/Auto-BT-Generation/install/isaac_ros2_messages/include/isaac_ros2_messages/isaac_ros2_messages/srv
[4.372s] -- Up-to-date: /home/absolutezeno/Auto-BT-Generation/install/isaac_ros2_messages/include/isaac_ros2_messages/isaac_ros2_messages/srv/detail
[4.372s] -- Up-to-date: /home/absolutezeno/Auto-BT-Generation/install/isaac_ros2_messages/include/isaac_ros2_messages/isaac_ros2_messages/srv/detail/isaac_pose__rosidl_typesupport_fastrtps_c.h
[4.372s] -- Up-to-date: /home/absolutezeno/Auto-BT-Generation/install/isaac_ros2_messages/include/isaac_ros2_messages/isaac_ros2_messages/srv/detail/get_prim_attributes__rosidl_typesupport_fastrtps_c.h
[4.372s] -- Up-to-date: /home/absolutezeno/Auto-BT-Generation/install/isaac_ros2_messages/include/isaac_ros2_messages/isaac_ros2_messages/srv/detail/set_prim_attribute__rosidl_typesupport_fastrtps_c.h
[4.372s] -- Up-to-date: /home/absolutezeno/Auto-BT-Generation/install/isaac_ros2_messages/include/isaac_ros2_messages/isaac_ros2_messages/srv/detail/get_prim_attribute__rosidl_typesupport_fastrtps_c.h
[4.372s] -- Up-to-date: /home/absolutezeno/Auto-BT-Generation/install/isaac_ros2_messages/include/isaac_ros2_messages/isaac_ros2_messages/srv/detail/get_prims__rosidl_typesupport_fastrtps_c.h
[4.373s] -- Installing: /home/absolutezeno/Auto-BT-Generation/install/isaac_ros2_messages/lib/libisaac_ros2_messages__rosidl_typesupport_fastrtps_c.so
[4.373s] -- Set runtime path of "/home/absolutezeno/Auto-BT-Generation/install/isaac_ros2_messages/lib/libisaac_ros2_messages__rosidl_typesupport_fastrtps_c.so" to ""
[4.373s] -- Up-to-date: /home/absolutezeno/Auto-BT-Generation/install/isaac_ros2_messages/include/isaac_ros2_messages/isaac_ros2_messages
[4.373s] -- Up-to-date: /home/absolutezeno/Auto-BT-Generation/install/isaac_ros2_messages/include/isaac_ros2_messages/isaac_ros2_messages/msg
[4.373s] -- Up-to-date: /home/absolutezeno/Auto-BT-Generation/install/isaac_ros2_messages/include/isaac_ros2_messages/isaac_ros2_messages/msg/rosidl_generator_cpp__visibility_control.hpp
[4.373s] -- Up-to-date: /home/absolutezeno/Auto-BT-Generation/install/isaac_ros2_messages/include/isaac_ros2_messages/isaac_ros2_messages/srv
[4.373s] -- Up-to-date: /home/absolutezeno/Auto-BT-Generation/install/isaac_ros2_messages/include/isaac_ros2_messages/isaac_ros2_messages/srv/get_prims.hpp
[4.374s] -- Up-to-date: /home/absolutezeno/Auto-BT-Generation/install/isaac_ros2_messages/include/isaac_ros2_messages/isaac_ros2_messages/srv/isaac_pose.hpp
[4.374s] -- Up-to-date: /home/absolutezeno/Auto-BT-Generation/install/isaac_ros2_messages/include/isaac_ros2_messages/isaac_ros2_messages/srv/get_prim_attributes.hpp
[4.374s] -- Up-to-date: /home/absolutezeno/Auto-BT-Generation/install/isaac_ros2_messages/include/isaac_ros2_messages/isaac_ros2_messages/srv/get_prim_attribute.hpp
[4.374s] -- Up-to-date: /home/absolutezeno/Auto-BT-Generation/install/isaac_ros2_messages/include/isaac_ros2_messages/isaac_ros2_messages/srv/detail
[4.374s] -- Up-to-date: /home/absolutezeno/Auto-BT-Generation/install/isaac_ros2_messages/include/isaac_ros2_messages/isaac_ros2_messages/srv/detail/get_prim_attribute__struct.hpp
[4.374s] -- Up-to-date: /home/absolutezeno/Auto-BT-Generation/install/isaac_ros2_messages/include/isaac_ros2_messages/isaac_ros2_messages/srv/detail/get_prims__traits.hpp
[4.374s] -- Up-to-date: /home/absolutezeno/Auto-BT-Generation/install/isaac_ros2_messages/include/isaac_ros2_messages/isaac_ros2_messages/srv/detail/set_prim_attribute__traits.hpp
[4.374s] -- Up-to-date: /home/absolutezeno/Auto-BT-Generation/install/isaac_ros2_messages/include/isaac_ros2_messages/isaac_ros2_messages/srv/detail/isaac_pose__type_support.hpp
[4.374s] -- Up-to-date: /home/absolutezeno/Auto-BT-Generation/install/isaac_ros2_messages/include/isaac_ros2_messages/isaac_ros2_messages/srv/detail/get_prims__type_support.hpp
[4.374s] -- Up-to-date: /home/absolutezeno/Auto-BT-Generation/install/isaac_ros2_messages/include/isaac_ros2_messages/isaac_ros2_messages/srv/detail/get_prim_attributes__traits.hpp
[4.374s] -- Up-to-date: /home/absolutezeno/Auto-BT-Generation/install/isaac_ros2_messages/include/isaac_ros2_messages/isaac_ros2_messages/srv/detail/set_prim_attribute__type_support.hpp
[4.375s] -- Up-to-date: /home/absolutezeno/Auto-BT-Generation/install/isaac_ros2_messages/include/isaac_ros2_messages/isaac_ros2_messages/srv/detail/isaac_pose__struct.hpp
[4.375s] -- Up-to-date: /home/absolutezeno/Auto-BT-Generation/install/isaac_ros2_messages/include/isaac_ros2_messages/isaac_ros2_messages/srv/detail/set_prim_attribute__struct.hpp
[4.375s] -- Up-to-date: /home/absolutezeno/Auto-BT-Generation/install/isaac_ros2_messages/include/isaac_ros2_messages/isaac_ros2_messages/srv/detail/get_prims__struct.hpp
[4.375s] -- Up-to-date: /home/absolutezeno/Auto-BT-Generation/install/isaac_ros2_messages/include/isaac_ros2_messages/isaac_ros2_messages/srv/detail/isaac_pose__traits.hpp
[4.375s] -- Up-to-date: /home/absolutezeno/Auto-BT-Generation/install/isaac_ros2_messages/include/isaac_ros2_messages/isaac_ros2_messages/srv/detail/get_prim_attribute__type_support.hpp
[4.375s] -- Up-to-date: /home/absolutezeno/Auto-BT-Generation/install/isaac_ros2_messages/include/isaac_ros2_messages/isaac_ros2_messages/srv/detail/get_prim_attributes__builder.hpp
[4.375s] -- Up-to-date: /home/absolutezeno/Auto-BT-Generation/install/isaac_ros2_messages/include/isaac_ros2_messages/isaac_ros2_messages/srv/detail/get_prim_attributes__type_support.hpp
[4.375s] -- Up-to-date: /home/absolutezeno/Auto-BT-Generation/install/isaac_ros2_messages/include/isaac_ros2_messages/isaac_ros2_messages/srv/detail/get_prims__builder.hpp
[4.375s] -- Up-to-date: /home/absolutezeno/Auto-BT-Generation/install/isaac_ros2_messages/include/isaac_ros2_messages/isaac_ros2_messages/srv/detail/get_prim_attribute__builder.hpp
[4.375s] -- Up-to-date: /home/absolutezeno/Auto-BT-Generation/install/isaac_ros2_messages/include/isaac_ros2_messages/isaac_ros2_messages/srv/detail/set_prim_attribute__builder.hpp
[4.375s] -- Up-to-date: /home/absolutezeno/Auto-BT-Generation/install/isaac_ros2_messages/include/isaac_ros2_messages/isaac_ros2_messages/srv/detail/get_prim_attribute__traits.hpp
[4.375s] -- Up-to-date: /home/absolutezeno/Auto-BT-Generation/install/isaac_ros2_messages/include/isaac_ros2_messages/isaac_ros2_messages/srv/detail/get_prim_attributes__struct.hpp
[4.375s] -- Up-to-date: /home/absolutezeno/Auto-BT-Generation/install/isaac_ros2_messages/include/isaac_ros2_messages/isaac_ros2_messages/srv/detail/isaac_pose__builder.hpp
[4.375s] -- Up-to-date: /home/absolutezeno/Auto-BT-Generation/install/isaac_ros2_messages/include/isaac_ros2_messages/isaac_ros2_messages/srv/set_prim_attribute.hpp
[4.376s] -- Up-to-date: /home/absolutezeno/Auto-BT-Generation/install/isaac_ros2_messages/include/isaac_ros2_messages/isaac_ros2_messages
[4.376s] -- Up-to-date: /home/absolutezeno/Auto-BT-Generation/install/isaac_ros2_messages/include/isaac_ros2_messages/isaac_ros2_messages/msg
[4.376s] -- Up-to-date: /home/absolutezeno/Auto-BT-Generation/install/isaac_ros2_messages/include/isaac_ros2_messages/isaac_ros2_messages/msg/rosidl_typesupport_fastrtps_cpp__visibility_control.h
[4.376s] -- Up-to-date: /home/absolutezeno/Auto-BT-Generation/install/isaac_ros2_messages/include/isaac_ros2_messages/isaac_ros2_messages/srv
[4.376s] -- Up-to-date: /home/absolutezeno/Auto-BT-Generation/install/isaac_ros2_messages/include/isaac_ros2_messages/isaac_ros2_messages/srv/detail
[4.376s] -- Up-to-date: /home/absolutezeno/Auto-BT-Generation/install/isaac_ros2_messages/include/isaac_ros2_messages/isaac_ros2_messages/srv/detail/get_prim_attributes__rosidl_typesupport_fastrtps_cpp.hpp
[4.376s] -- Up-to-date: /home/absolutezeno/Auto-BT-Generation/install/isaac_ros2_messages/include/isaac_ros2_messages/isaac_ros2_messages/srv/detail/get_prim_attribute__rosidl_typesupport_fastrtps_cpp.hpp
[4.376s] -- Up-to-date: /home/absolutezeno/Auto-BT-Generation/install/isaac_ros2_messages/include/isaac_ros2_messages/isaac_ros2_messages/srv/detail/isaac_pose__rosidl_typesupport_fastrtps_cpp.hpp
[4.376s] -- Up-to-date: /home/absolutezeno/Auto-BT-Generation/install/isaac_ros2_messages/include/isaac_ros2_messages/isaac_ros2_messages/srv/detail/dds_fastrtps
[4.376s] -- Up-to-date: /home/absolutezeno/Auto-BT-Generation/install/isaac_ros2_messages/include/isaac_ros2_messages/isaac_ros2_messages/srv/detail/set_prim_attribute__rosidl_typesupport_fastrtps_cpp.hpp
[4.376s] -- Up-to-date: /home/absolutezeno/Auto-BT-Generation/install/isaac_ros2_messages/include/isaac_ros2_messages/isaac_ros2_messages/srv/detail/get_prims__rosidl_typesupport_fastrtps_cpp.hpp
[4.376s] -- Installing: /home/absolutezeno/Auto-BT-Generation/install/isaac_ros2_messages/lib/libisaac_ros2_messages__rosidl_typesupport_fastrtps_cpp.so
[4.376s] -- Set runtime path of "/home/absolutezeno/Auto-BT-Generation/install/isaac_ros2_messages/lib/libisaac_ros2_messages__rosidl_typesupport_fastrtps_cpp.so" to ""
[4.377s] -- Up-to-date: /home/absolutezeno/Auto-BT-Generation/install/isaac_ros2_messages/include/isaac_ros2_messages/isaac_ros2_messages
[4.377s] -- Up-to-date: /home/absolutezeno/Auto-BT-Generation/install/isaac_ros2_messages/include/isaac_ros2_messages/isaac_ros2_messages/msg
[4.377s] -- Up-to-date: /home/absolutezeno/Auto-BT-Generation/install/isaac_ros2_messages/include/isaac_ros2_messages/isaac_ros2_messages/msg/rosidl_typesupport_introspection_c__visibility_control.h
[4.377s] -- Up-to-date: /home/absolutezeno/Auto-BT-Generation/install/isaac_ros2_messages/include/isaac_ros2_messages/isaac_ros2_messages/srv
[4.377s] -- Up-to-date: /home/absolutezeno/Auto-BT-Generation/install/isaac_ros2_messages/include/isaac_ros2_messages/isaac_ros2_messages/srv/detail
[4.377s] -- Up-to-date: /home/absolutezeno/Auto-BT-Generation/install/isaac_ros2_messages/include/isaac_ros2_messages/isaac_ros2_messages/srv/detail/get_prim_attribute__type_support.c
[4.377s] -- Up-to-date: /home/absolutezeno/Auto-BT-Generation/install/isaac_ros2_messages/include/isaac_ros2_messages/isaac_ros2_messages/srv/detail/get_prim_attribute__rosidl_typesupport_introspection_c.h
[4.377s] -- Up-to-date: /home/absolutezeno/Auto-BT-Generation/install/isaac_ros2_messages/include/isaac_ros2_messages/isaac_ros2_messages/srv/detail/isaac_pose__type_support.c
[4.377s] -- Up-to-date: /home/absolutezeno/Auto-BT-Generation/install/isaac_ros2_messages/include/isaac_ros2_messages/isaac_ros2_messages/srv/detail/isaac_pose__rosidl_typesupport_introspection_c.h
[4.377s] -- Up-to-date: /home/absolutezeno/Auto-BT-Generation/install/isaac_ros2_messages/include/isaac_ros2_messages/isaac_ros2_messages/srv/detail/set_prim_attribute__rosidl_typesupport_introspection_c.h
[4.377s] -- Up-to-date: /home/absolutezeno/Auto-BT-Generation/install/isaac_ros2_messages/include/isaac_ros2_messages/isaac_ros2_messages/srv/detail/get_prims__type_support.c
[4.377s] -- Up-to-date: /home/absolutezeno/Auto-BT-Generation/install/isaac_ros2_messages/include/isaac_ros2_messages/isaac_ros2_messages/srv/detail/get_prim_attributes__rosidl_typesupport_introspection_c.h
[4.377s] -- Up-to-date: /home/absolutezeno/Auto-BT-Generation/install/isaac_ros2_messages/include/isaac_ros2_messages/isaac_ros2_messages/srv/detail/get_prims__rosidl_typesupport_introspection_c.h
[4.377s] -- Up-to-date: /home/absolutezeno/Auto-BT-Generation/install/isaac_ros2_messages/include/isaac_ros2_messages/isaac_ros2_messages/srv/detail/set_prim_attribute__type_support.c
[4.377s] -- Up-to-date: /home/absolutezeno/Auto-BT-Generation/install/isaac_ros2_messages/include/isaac_ros2_messages/isaac_ros2_messages/srv/detail/get_prim_attributes__type_support.c
[4.378s] -- Installing: /home/absolutezeno/Auto-BT-Generation/install/isaac_ros2_messages/lib/libisaac_ros2_messages__rosidl_typesupport_introspection_c.so
[4.378s] -- Set runtime path of "/home/absolutezeno/Auto-BT-Generation/install/isaac_ros2_messages/lib/libisaac_ros2_messages__rosidl_typesupport_introspection_c.so" to ""
[4.378s] -- Installing: /home/absolutezeno/Auto-BT-Generation/install/isaac_ros2_messages/lib/libisaac_ros2_messages__rosidl_typesupport_c.so
[4.378s] -- Set runtime path of "/home/absolutezeno/Auto-BT-Generation/install/isaac_ros2_messages/lib/libisaac_ros2_messages__rosidl_typesupport_c.so" to ""
[4.378s] -- Up-to-date: /home/absolutezeno/Auto-BT-Generation/install/isaac_ros2_messages/include/isaac_ros2_messages/isaac_ros2_messages
[4.378s] -- Up-to-date: /home/absolutezeno/Auto-BT-Generation/install/isaac_ros2_messages/include/isaac_ros2_messages/isaac_ros2_messages/srv
[4.378s] -- Up-to-date: /home/absolutezeno/Auto-BT-Generation/install/isaac_ros2_messages/include/isaac_ros2_messages/isaac_ros2_messages/srv/detail
[4.378s] -- Up-to-date: /home/absolutezeno/Auto-BT-Generation/install/isaac_ros2_messages/include/isaac_ros2_messages/isaac_ros2_messages/srv/detail/get_prim_attribute__type_support.cpp
[4.378s] -- Up-to-date: /home/absolutezeno/Auto-BT-Generation/install/isaac_ros2_messages/include/isaac_ros2_messages/isaac_ros2_messages/srv/detail/isaac_pose__type_support.cpp
[4.378s] -- Up-to-date: /home/absolutezeno/Auto-BT-Generation/install/isaac_ros2_messages/include/isaac_ros2_messages/isaac_ros2_messages/srv/detail/get_prims__rosidl_typesupport_introspection_cpp.hpp
[4.379s] -- Up-to-date: /home/absolutezeno/Auto-BT-Generation/install/isaac_ros2_messages/include/isaac_ros2_messages/isaac_ros2_messages/srv/detail/get_prim_attributes__rosidl_typesupport_introspection_cpp.hpp
[4.379s] -- Up-to-date: /home/absolutezeno/Auto-BT-Generation/install/isaac_ros2_messages/include/isaac_ros2_messages/isaac_ros2_messages/srv/detail/get_prim_attribute__rosidl_typesupport_introspection_cpp.hpp
[4.379s] -- Up-to-date: /home/absolutezeno/Auto-BT-Generation/install/isaac_ros2_messages/include/isaac_ros2_messages/isaac_ros2_messages/srv/detail/get_prim_attributes__type_support.cpp
[4.379s] -- Up-to-date: /home/absolutezeno/Auto-BT-Generation/install/isaac_ros2_messages/include/isaac_ros2_messages/isaac_ros2_messages/srv/detail/isaac_pose__rosidl_typesupport_introspection_cpp.hpp
[4.379s] -- Up-to-date: /home/absolutezeno/Auto-BT-Generation/install/isaac_ros2_messages/include/isaac_ros2_messages/isaac_ros2_messages/srv/detail/get_prims__type_support.cpp
[4.379s] -- Up-to-date: /home/absolutezeno/Auto-BT-Generation/install/isaac_ros2_messages/include/isaac_ros2_messages/isaac_ros2_messages/srv/detail/set_prim_attribute__rosidl_typesupport_introspection_cpp.hpp
[4.379s] -- Up-to-date: /home/absolutezeno/Auto-BT-Generation/install/isaac_ros2_messages/include/isaac_ros2_messages/isaac_ros2_messages/srv/detail/set_prim_attribute__type_support.cpp
[4.379s] -- Installing: /home/absolutezeno/Auto-BT-Generation/install/isaac_ros2_messages/lib/libisaac_ros2_messages__rosidl_typesupport_introspection_cpp.so
[4.380s] -- Set runtime path of "/home/absolutezeno/Auto-BT-Generation/install/isaac_ros2_messages/lib/libisaac_ros2_messages__rosidl_typesupport_introspection_cpp.so" to ""
[4.380s] -- Installing: /home/absolutezeno/Auto-BT-Generation/install/isaac_ros2_messages/lib/libisaac_ros2_messages__rosidl_typesupport_cpp.so
[4.381s] -- Set runtime path of "/home/absolutezeno/Auto-BT-Generation/install/isaac_ros2_messages/lib/libisaac_ros2_messages__rosidl_typesupport_cpp.so" to ""
[4.381s] -- Up-to-date: /home/absolutezeno/Auto-BT-Generation/install/isaac_ros2_messages/share/isaac_ros2_messages/environment/pythonpath.sh
[4.381s] -- Up-to-date: /home/absolutezeno/Auto-BT-Generation/install/isaac_ros2_messages/share/isaac_ros2_messages/environment/pythonpath.dsv
[4.381s] -- Up-to-date: /home/absolutezeno/Auto-BT-Generation/install/isaac_ros2_messages/local/lib/python3.10/dist-packages/isaac_ros2_messages-0.2.0-py3.10.egg-info
[4.381s] -- Installing: /home/absolutezeno/Auto-BT-Generation/install/isaac_ros2_messages/local/lib/python3.10/dist-packages/isaac_ros2_messages-0.2.0-py3.10.egg-info/PKG-INFO
[4.381s] -- Installing: /home/absolutezeno/Auto-BT-Generation/install/isaac_ros2_messages/local/lib/python3.10/dist-packages/isaac_ros2_messages-0.2.0-py3.10.egg-info/top_level.txt
[4.381s] -- Installing: /home/absolutezeno/Auto-BT-Generation/install/isaac_ros2_messages/local/lib/python3.10/dist-packages/isaac_ros2_messages-0.2.0-py3.10.egg-info/dependency_links.txt
[4.381s] -- Installing: /home/absolutezeno/Auto-BT-Generation/install/isaac_ros2_messages/local/lib/python3.10/dist-packages/isaac_ros2_messages-0.2.0-py3.10.egg-info/SOURCES.txt
[4.381s] -- Up-to-date: /home/absolutezeno/Auto-BT-Generation/install/isaac_ros2_messages/local/lib/python3.10/dist-packages/isaac_ros2_messages
[4.381s] -- Up-to-date: /home/absolutezeno/Auto-BT-Generation/install/isaac_ros2_messages/local/lib/python3.10/dist-packages/isaac_ros2_messages/_isaac_ros2_messages_s.ep.rosidl_typesupport_introspection_c.c
[4.381s] -- Installing: /home/absolutezeno/Auto-BT-Generation/install/isaac_ros2_messages/local/lib/python3.10/dist-packages/isaac_ros2_messages/isaac_ros2_messages_s__rosidl_typesupport_introspection_c.cpython-310-x86_64-linux-gnu.so
[4.382s] -- Up-to-date: /home/absolutezeno/Auto-BT-Generation/install/isaac_ros2_messages/local/lib/python3.10/dist-packages/isaac_ros2_messages/_isaac_ros2_messages_s.ep.rosidl_typesupport_fastrtps_c.c
[4.382s] -- Up-to-date: /home/absolutezeno/Auto-BT-Generation/install/isaac_ros2_messages/local/lib/python3.10/dist-packages/isaac_ros2_messages/_isaac_ros2_messages_s.ep.rosidl_typesupport_c.c
[4.382s] -- Installing: /home/absolutezeno/Auto-BT-Generation/install/isaac_ros2_messages/local/lib/python3.10/dist-packages/isaac_ros2_messages/isaac_ros2_messages_s__rosidl_typesupport_c.cpython-310-x86_64-linux-gnu.so
[4.382s] -- Up-to-date: /home/absolutezeno/Auto-BT-Generation/install/isaac_ros2_messages/local/lib/python3.10/dist-packages/isaac_ros2_messages/__init__.py
[4.382s] -- Installing: /home/absolutezeno/Auto-BT-Generation/install/isaac_ros2_messages/local/lib/python3.10/dist-packages/isaac_ros2_messages/isaac_ros2_messages_s__rosidl_typesupport_fastrtps_c.cpython-310-x86_64-linux-gnu.so
[4.382s] -- Installing: /home/absolutezeno/Auto-BT-Generation/install/isaac_ros2_messages/local/lib/python3.10/dist-packages/isaac_ros2_messages/libisaac_ros2_messages__rosidl_generator_py.so
[4.383s] -- Up-to-date: /home/absolutezeno/Auto-BT-Generation/install/isaac_ros2_messages/local/lib/python3.10/dist-packages/isaac_ros2_messages/srv
[4.383s] -- Up-to-date: /home/absolutezeno/Auto-BT-Generation/install/isaac_ros2_messages/local/lib/python3.10/dist-packages/isaac_ros2_messages/srv/_isaac_pose_s.c
[4.383s] -- Up-to-date: /home/absolutezeno/Auto-BT-Generation/install/isaac_ros2_messages/local/lib/python3.10/dist-packages/isaac_ros2_messages/srv/_set_prim_attribute_s.c
[4.383s] -- Up-to-date: /home/absolutezeno/Auto-BT-Generation/install/isaac_ros2_messages/local/lib/python3.10/dist-packages/isaac_ros2_messages/srv/_get_prim_attributes_s.c
[4.383s] -- Up-to-date: /home/absolutezeno/Auto-BT-Generation/install/isaac_ros2_messages/local/lib/python3.10/dist-packages/isaac_ros2_messages/srv/_get_prim_attribute.py
[4.383s] -- Up-to-date: /home/absolutezeno/Auto-BT-Generation/install/isaac_ros2_messages/local/lib/python3.10/dist-packages/isaac_ros2_messages/srv/_get_prims.py
[4.383s] -- Up-to-date: /home/absolutezeno/Auto-BT-Generation/install/isaac_ros2_messages/local/lib/python3.10/dist-packages/isaac_ros2_messages/srv/_set_prim_attribute.py
[4.383s] -- Up-to-date: /home/absolutezeno/Auto-BT-Generation/install/isaac_ros2_messages/local/lib/python3.10/dist-packages/isaac_ros2_messages/srv/_get_prims_s.c
[4.383s] -- Up-to-date: /home/absolutezeno/Auto-BT-Generation/install/isaac_ros2_messages/local/lib/python3.10/dist-packages/isaac_ros2_messages/srv/__init__.py
[4.383s] -- Up-to-date: /home/absolutezeno/Auto-BT-Generation/install/isaac_ros2_messages/local/lib/python3.10/dist-packages/isaac_ros2_messages/srv/_get_prim_attribute_s.c
[4.383s] -- Up-to-date: /home/absolutezeno/Auto-BT-Generation/install/isaac_ros2_messages/local/lib/python3.10/dist-packages/isaac_ros2_messages/srv/_get_prim_attributes.py
[4.383s] -- Up-to-date: /home/absolutezeno/Auto-BT-Generation/install/isaac_ros2_messages/local/lib/python3.10/dist-packages/isaac_ros2_messages/srv/_isaac_pose.py
[4.429s] Listing '/home/absolutezeno/Auto-BT-Generation/install/isaac_ros2_messages/local/lib/python3.10/dist-packages/isaac_ros2_messages'...
[4.429s] Listing '/home/absolutezeno/Auto-BT-Generation/install/isaac_ros2_messages/local/lib/python3.10/dist-packages/isaac_ros2_messages/srv'...
[4.434s] -- Installing: /home/absolutezeno/Auto-BT-Generation/install/isaac_ros2_messages/local/lib/python3.10/dist-packages/isaac_ros2_messages/isaac_ros2_messages_s__rosidl_typesupport_fastrtps_c.cpython-310-x86_64-linux-gnu.so
[4.435s] -- Set runtime path of "/home/absolutezeno/Auto-BT-Generation/install/isaac_ros2_messages/local/lib/python3.10/dist-packages/isaac_ros2_messages/isaac_ros2_messages_s__rosidl_typesupport_fastrtps_c.cpython-310-x86_64-linux-gnu.so" to ""
[4.435s] -- Installing: /home/absolutezeno/Auto-BT-Generation/install/isaac_ros2_messages/local/lib/python3.10/dist-packages/isaac_ros2_messages/isaac_ros2_messages_s__rosidl_typesupport_introspection_c.cpython-310-x86_64-linux-gnu.so
[4.436s] -- Set runtime path of "/home/absolutezeno/Auto-BT-Generation/install/isaac_ros2_messages/local/lib/python3.10/dist-packages/isaac_ros2_messages/isaac_ros2_messages_s__rosidl_typesupport_introspection_c.cpython-310-x86_64-linux-gnu.so" to ""
[4.436s] -- Installing: /home/absolutezeno/Auto-BT-Generation/install/isaac_ros2_messages/local/lib/python3.10/dist-packages/isaac_ros2_messages/isaac_ros2_messages_s__rosidl_typesupport_c.cpython-310-x86_64-linux-gnu.so
[4.436s] -- Set runtime path of "/home/absolutezeno/Auto-BT-Generation/install/isaac_ros2_messages/local/lib/python3.10/dist-packages/isaac_ros2_messages/isaac_ros2_messages_s__rosidl_typesupport_c.cpython-310-x86_64-linux-gnu.so" to ""
[4.437s] -- Installing: /home/absolutezeno/Auto-BT-Generation/install/isaac_ros2_messages/lib/libisaac_ros2_messages__rosidl_generator_py.so
[4.437s] -- Set runtime path of "/home/absolutezeno/Auto-BT-Generation/install/isaac_ros2_messages/lib/libisaac_ros2_messages__rosidl_generator_py.so" to ""
[4.437s] -- Up-to-date: /home/absolutezeno/Auto-BT-Generation/install/isaac_ros2_messages/share/isaac_ros2_messages/srv/IsaacPose.idl
[4.438s] -- Up-to-date: /home/absolutezeno/Auto-BT-Generation/install/isaac_ros2_messages/share/isaac_ros2_messages/srv/GetPrims.idl
[4.438s] -- Up-to-date: /home/absolutezeno/Auto-BT-Generation/install/isaac_ros2_messages/share/isaac_ros2_messages/srv/GetPrimAttributes.idl
[4.438s] -- Up-to-date: /home/absolutezeno/Auto-BT-Generation/install/isaac_ros2_messages/share/isaac_ros2_messages/srv/GetPrimAttribute.idl
[4.438s] -- Up-to-date: /home/absolutezeno/Auto-BT-Generation/install/isaac_ros2_messages/share/isaac_ros2_messages/srv/SetPrimAttribute.idl
[4.438s] -- Up-to-date: /home/absolutezeno/Auto-BT-Generation/install/isaac_ros2_messages/share/isaac_ros2_messages/srv/IsaacPose.srv
[4.438s] -- Up-to-date: /home/absolutezeno/Auto-BT-Generation/install/isaac_ros2_messages/share/isaac_ros2_messages/srv/IsaacPose_Request.msg
[4.438s] -- Up-to-date: /home/absolutezeno/Auto-BT-Generation/install/isaac_ros2_messages/share/isaac_ros2_messages/srv/IsaacPose_Response.msg
[4.438s] -- Up-to-date: /home/absolutezeno/Auto-BT-Generation/install/isaac_ros2_messages/share/isaac_ros2_messages/srv/GetPrims.srv
[4.438s] -- Up-to-date: /home/absolutezeno/Auto-BT-Generation/install/isaac_ros2_messages/share/isaac_ros2_messages/srv/GetPrims_Request.msg
[4.438s] -- Up-to-date: /home/absolutezeno/Auto-BT-Generation/install/isaac_ros2_messages/share/isaac_ros2_messages/srv/GetPrims_Response.msg
[4.439s] -- Up-to-date: /home/absolutezeno/Auto-BT-Generation/install/isaac_ros2_messages/share/isaac_ros2_messages/srv/GetPrimAttributes.srv
[4.439s] -- Up-to-date: /home/absolutezeno/Auto-BT-Generation/install/isaac_ros2_messages/share/isaac_ros2_messages/srv/GetPrimAttributes_Request.msg
[4.439s] -- Up-to-date: /home/absolutezeno/Auto-BT-Generation/install/isaac_ros2_messages/share/isaac_ros2_messages/srv/GetPrimAttributes_Response.msg
[4.439s] -- Up-to-date: /home/absolutezeno/Auto-BT-Generation/install/isaac_ros2_messages/share/isaac_ros2_messages/srv/GetPrimAttribute.srv
[4.439s] -- Up-to-date: /home/absolutezeno/Auto-BT-Generation/install/isaac_ros2_messages/share/isaac_ros2_messages/srv/GetPrimAttribute_Request.msg
[4.439s] -- Up-to-date: /home/absolutezeno/Auto-BT-Generation/install/isaac_ros2_messages/share/isaac_ros2_messages/srv/GetPrimAttribute_Response.msg
[4.439s] -- Up-to-date: /home/absolutezeno/Auto-BT-Generation/install/isaac_ros2_messages/share/isaac_ros2_messages/srv/SetPrimAttribute.srv
[4.439s] -- Up-to-date: /home/absolutezeno/Auto-BT-Generation/install/isaac_ros2_messages/share/isaac_ros2_messages/srv/SetPrimAttribute_Request.msg
[4.439s] -- Up-to-date: /home/absolutezeno/Auto-BT-Generation/install/isaac_ros2_messages/share/isaac_ros2_messages/srv/SetPrimAttribute_Response.msg
[4.439s] -- Up-to-date: /home/absolutezeno/Auto-BT-Generation/install/isaac_ros2_messages/share/ament_index/resource_index/package_run_dependencies/isaac_ros2_messages
[4.439s] -- Up-to-date: /home/absolutezeno/Auto-BT-Generation/install/isaac_ros2_messages/share/ament_index/resource_index/parent_prefix_path/isaac_ros2_messages
[4.439s] -- Up-to-date: /home/absolutezeno/Auto-BT-Generation/install/isaac_ros2_messages/share/isaac_ros2_messages/environment/ament_prefix_path.sh
[4.440s] -- Up-to-date: /home/absolutezeno/Auto-BT-Generation/install/isaac_ros2_messages/share/isaac_ros2_messages/environment/ament_prefix_path.dsv
[4.440s] -- Up-to-date: /home/absolutezeno/Auto-BT-Generation/install/isaac_ros2_messages/share/isaac_ros2_messages/environment/path.sh
[4.440s] -- Up-to-date: /home/absolutezeno/Auto-BT-Generation/install/isaac_ros2_messages/share/isaac_ros2_messages/environment/path.dsv
[4.440s] -- Up-to-date: /home/absolutezeno/Auto-BT-Generation/install/isaac_ros2_messages/share/isaac_ros2_messages/local_setup.bash
[4.440s] -- Up-to-date: /home/absolutezeno/Auto-BT-Generation/install/isaac_ros2_messages/share/isaac_ros2_messages/local_setup.sh
[4.440s] -- Up-to-date: /home/absolutezeno/Auto-BT-Generation/install/isaac_ros2_messages/share/isaac_ros2_messages/local_setup.zsh
[4.440s] -- Up-to-date: /home/absolutezeno/Auto-BT-Generation/install/isaac_ros2_messages/share/isaac_ros2_messages/local_setup.dsv
[4.440s] -- Installing: /home/absolutezeno/Auto-BT-Generation/install/isaac_ros2_messages/share/isaac_ros2_messages/package.dsv
[4.440s] -- Up-to-date: /home/absolutezeno/Auto-BT-Generation/install/isaac_ros2_messages/share/ament_index/resource_index/packages/isaac_ros2_messages
[4.440s] -- Up-to-date: /home/absolutezeno/Auto-BT-Generation/install/isaac_ros2_messages/share/isaac_ros2_messages/cmake/export_isaac_ros2_messages__rosidl_generator_cExport.cmake
[4.440s] -- Up-to-date: /home/absolutezeno/Auto-BT-Generation/install/isaac_ros2_messages/share/isaac_ros2_messages/cmake/export_isaac_ros2_messages__rosidl_generator_cExport-noconfig.cmake
[4.440s] -- Up-to-date: /home/absolutezeno/Auto-BT-Generation/install/isaac_ros2_messages/share/isaac_ros2_messages/cmake/export_isaac_ros2_messages__rosidl_typesupport_fastrtps_cExport.cmake
[4.440s] -- Up-to-date: /home/absolutezeno/Auto-BT-Generation/install/isaac_ros2_messages/share/isaac_ros2_messages/cmake/export_isaac_ros2_messages__rosidl_typesupport_fastrtps_cExport-noconfig.cmake
[4.441s] -- Up-to-date: /home/absolutezeno/Auto-BT-Generation/install/isaac_ros2_messages/share/isaac_ros2_messages/cmake/export_isaac_ros2_messages__rosidl_generator_cppExport.cmake
[4.441s] -- Up-to-date: /home/absolutezeno/Auto-BT-Generation/install/isaac_ros2_messages/share/isaac_ros2_messages/cmake/export_isaac_ros2_messages__rosidl_typesupport_fastrtps_cppExport.cmake
[4.441s] -- Up-to-date: /home/absolutezeno/Auto-BT-Generation/install/isaac_ros2_messages/share/isaac_ros2_messages/cmake/export_isaac_ros2_messages__rosidl_typesupport_fastrtps_cppExport-noconfig.cmake
[4.441s] -- Up-to-date: /home/absolutezeno/Auto-BT-Generation/install/isaac_ros2_messages/share/isaac_ros2_messages/cmake/isaac_ros2_messages__rosidl_typesupport_introspection_cExport.cmake
[4.441s] -- Up-to-date: /home/absolutezeno/Auto-BT-Generation/install/isaac_ros2_messages/share/isaac_ros2_messages/cmake/isaac_ros2_messages__rosidl_typesupport_introspection_cExport-noconfig.cmake
[4.442s] -- Up-to-date: /home/absolutezeno/Auto-BT-Generation/install/isaac_ros2_messages/share/isaac_ros2_messages/cmake/isaac_ros2_messages__rosidl_typesupport_cExport.cmake
[4.442s] -- Up-to-date: /home/absolutezeno/Auto-BT-Generation/install/isaac_ros2_messages/share/isaac_ros2_messages/cmake/isaac_ros2_messages__rosidl_typesupport_cExport-noconfig.cmake
[4.442s] -- Up-to-date: /home/absolutezeno/Auto-BT-Generation/install/isaac_ros2_messages/share/isaac_ros2_messages/cmake/isaac_ros2_messages__rosidl_typesupport_introspection_cppExport.cmake
[4.442s] -- Up-to-date: /home/absolutezeno/Auto-BT-Generation/install/isaac_ros2_messages/share/isaac_ros2_messages/cmake/isaac_ros2_messages__rosidl_typesupport_introspection_cppExport-noconfig.cmake
[4.442s] -- Up-to-date: /home/absolutezeno/Auto-BT-Generation/install/isaac_ros2_messages/share/isaac_ros2_messages/cmake/isaac_ros2_messages__rosidl_typesupport_cppExport.cmake
[4.443s] -- Up-to-date: /home/absolutezeno/Auto-BT-Generation/install/isaac_ros2_messages/share/isaac_ros2_messages/cmake/isaac_ros2_messages__rosidl_typesupport_cppExport-noconfig.cmake
[4.443s] -- Up-to-date: /home/absolutezeno/Auto-BT-Generation/install/isaac_ros2_messages/share/isaac_ros2_messages/cmake/export_isaac_ros2_messages__rosidl_generator_pyExport.cmake
[4.443s] -- Up-to-date: /home/absolutezeno/Auto-BT-Generation/install/isaac_ros2_messages/share/isaac_ros2_messages/cmake/export_isaac_ros2_messages__rosidl_generator_pyExport-noconfig.cmake
[4.443s] -- Up-to-date: /home/absolutezeno/Auto-BT-Generation/install/isaac_ros2_messages/share/isaac_ros2_messages/cmake/rosidl_cmake-extras.cmake
[4.443s] -- Up-to-date: /home/absolutezeno/Auto-BT-Generation/install/isaac_ros2_messages/share/isaac_ros2_messages/cmake/ament_cmake_export_dependencies-extras.cmake
[4.443s] -- Up-to-date: /home/absolutezeno/Auto-BT-Generation/install/isaac_ros2_messages/share/isaac_ros2_messages/cmake/ament_cmake_export_include_directories-extras.cmake
[4.443s] -- Up-to-date: /home/absolutezeno/Auto-BT-Generation/install/isaac_ros2_messages/share/isaac_ros2_messages/cmake/ament_cmake_export_libraries-extras.cmake
[4.444s] -- Up-to-date: /home/absolutezeno/Auto-BT-Generation/install/isaac_ros2_messages/share/isaac_ros2_messages/cmake/ament_cmake_export_targets-extras.cmake
[4.444s] -- Up-to-date: /home/absolutezeno/Auto-BT-Generation/install/isaac_ros2_messages/share/isaac_ros2_messages/cmake/rosidl_cmake_export_typesupport_targets-extras.cmake
[4.444s] -- Up-to-date: /home/absolutezeno/Auto-BT-Generation/install/isaac_ros2_messages/share/isaac_ros2_messages/cmake/rosidl_cmake_export_typesupport_libraries-extras.cmake
[4.444s] -- Up-to-date: /home/absolutezeno/Auto-BT-Generation/install/isaac_ros2_messages/share/isaac_ros2_messages/cmake/isaac_ros2_messagesConfig.cmake
[4.444s] -- Up-to-date: /home/absolutezeno/Auto-BT-Generation/install/isaac_ros2_messages/share/isaac_ros2_messages/cmake/isaac_ros2_messagesConfig-version.cmake
[4.444s] -- Up-to-date: /home/absolutezeno/Auto-BT-Generation/install/isaac_ros2_messages/share/isaac_ros2_messages/package.xml
[4.448s] Invoked command in '/home/absolutezeno/Auto-BT-Generation/build/isaac_ros2_messages' returned '0': CMAKE_PREFIX_PATH=${CMAKE_PREFIX_PATH}:/home/absolutezeno/Auto-BT-Generation/install/turtlebot3_teleop:/home/absolutezeno/Auto-BT-Generation/install/turtlebot3_example:/home/absolutezeno/Auto-BT-Generation/install/py_trees_ros_viewer:/home/absolutezeno/Auto-BT-Generation/install/py_trees_ros_tutorials:/home/absolutezeno/Auto-BT-Generation/install/py_trees_ros:/home/absolutezeno/fra532_exam/install/mir_driver:/home/absolutezeno/fra532_exam/install/twist_stamper:/home/absolutezeno/fra532_exam/install/mir_restapi:/opt/ros/humble PS1=(isaaclab) \[\e]0;\u@\h: \w\a\]${debian_chroot:+($debian_chroot)}\[\033[01;32m\]\u@\h\[\033[00m\]:\[\033[01;34m\]\w\[\033[00m\]\$ VIRTUAL_ENV_PROMPT=(isaaclab) /usr/bin/cmake --install /home/absolutezeno/Auto-BT-Generation/build/isaac_ros2_messages
