[3.053s] Invoking command in '/home/absolutezeno/Auto-BT-Generation/src/turtlebot3/turtlebot3_example': PS1=(isaaclab) \[\e]0;\u@\h: \w\a\]${debian_chroot:+($debian_chroot)}\[\033[01;32m\]\u@\h\[\033[00m\]:\[\033[01;34m\]\w\[\033[00m\]\$ PYTHONPATH=/home/absolutezeno/Auto-BT-Generation/build/turtlebot3_example/prefix_override:/usr/lib/python3/dist-packages/colcon_core/task/python/colcon_distutils_commands:/home/absolutezeno/Auto-BT-Generation/install/turtlebot3_example/lib/python3.10/site-packages:${PYTHONPATH} VIRTUAL_ENV_PROMPT=(isaaclab) /usr/bin/python3 -W ignore:setup.py install is deprecated -W ignore:easy_install command is deprecated setup.py egg_info --egg-base ../../../build/turtlebot3_example build --build-base /home/absolutezeno/Auto-BT-Generation/build/turtlebot3_example/build install --record /home/absolutezeno/Auto-BT-Generation/build/turtlebot3_example/install.log --single-version-externally-managed install_data
[3.471s] running egg_info
[3.472s] writing ../../../build/turtlebot3_example/turtlebot3_example.egg-info/PKG-INFO
[3.472s] writing dependency_links to ../../../build/turtlebot3_example/turtlebot3_example.egg-info/dependency_links.txt
[3.472s] writing entry points to ../../../build/turtlebot3_example/turtlebot3_example.egg-info/entry_points.txt
[3.472s] writing requirements to ../../../build/turtlebot3_example/turtlebot3_example.egg-info/requires.txt
[3.473s] writing top-level names to ../../../build/turtlebot3_example/turtlebot3_example.egg-info/top_level.txt
[3.476s] reading manifest file '../../../build/turtlebot3_example/turtlebot3_example.egg-info/SOURCES.txt'
[3.480s] writing manifest file '../../../build/turtlebot3_example/turtlebot3_example.egg-info/SOURCES.txt'
[3.480s] running build
[3.480s] running build_py
[3.481s] running install
[3.481s] running install_lib
[3.483s] running install_data
[3.483s] running install_egg_info
[3.488s] removing '/home/absolutezeno/Auto-BT-Generation/install/turtlebot3_example/lib/python3.10/site-packages/turtlebot3_example-2.1.5-py3.10.egg-info' (and everything under it)
[3.488s] Copying ../../../build/turtlebot3_example/turtlebot3_example.egg-info to /home/absolutezeno/Auto-BT-Generation/install/turtlebot3_example/lib/python3.10/site-packages/turtlebot3_example-2.1.5-py3.10.egg-info
[3.499s] running install_scripts
[3.554s] Installing turtlebot3_obstacle_detection script to /home/absolutezeno/Auto-BT-Generation/install/turtlebot3_example/lib/turtlebot3_example
[3.555s] Installing turtlebot3_patrol_client script to /home/absolutezeno/Auto-BT-Generation/install/turtlebot3_example/lib/turtlebot3_example
[3.555s] Installing turtlebot3_patrol_server script to /home/absolutezeno/Auto-BT-Generation/install/turtlebot3_example/lib/turtlebot3_example
[3.555s] Installing turtlebot3_position_control script to /home/absolutezeno/Auto-BT-Generation/install/turtlebot3_example/lib/turtlebot3_example
[3.555s] writing list of installed files to '/home/absolutezeno/Auto-BT-Generation/build/turtlebot3_example/install.log'
[3.615s] Invoked command in '/home/absolutezeno/Auto-BT-Generation/src/turtlebot3/turtlebot3_example' returned '0': PS1=(isaaclab) \[\e]0;\u@\h: \w\a\]${debian_chroot:+($debian_chroot)}\[\033[01;32m\]\u@\h\[\033[00m\]:\[\033[01;34m\]\w\[\033[00m\]\$ PYTHONPATH=/home/absolutezeno/Auto-BT-Generation/build/turtlebot3_example/prefix_override:/usr/lib/python3/dist-packages/colcon_core/task/python/colcon_distutils_commands:/home/absolutezeno/Auto-BT-Generation/install/turtlebot3_example/lib/python3.10/site-packages:${PYTHONPATH} VIRTUAL_ENV_PROMPT=(isaaclab) /usr/bin/python3 -W ignore:setup.py install is deprecated -W ignore:easy_install command is deprecated setup.py egg_info --egg-base ../../../build/turtlebot3_example build --build-base /home/absolutezeno/Auto-BT-Generation/build/turtlebot3_example/build install --record /home/absolutezeno/Auto-BT-Generation/build/turtlebot3_example/install.log --single-version-externally-managed install_data
