[0.621s] Invoking command in '/home/absolutezeno/Auto-BT-Generation/src/py_trees_ros_viewer': PYTHONPATH=/home/absolutezeno/Auto-BT-Generation/build/py_trees_ros_viewer/prefix_override:/home/absolutezeno/Auto-BT-Generation/install/py_trees_ros_viewer/lib/python3.10/site-packages:${PYTHONPATH} /usr/bin/python3 setup.py egg_info --egg-base ../../build/py_trees_ros_viewer build --build-base /home/absolutezeno/Auto-BT-Generation/build/py_trees_ros_viewer/build install --record /home/absolutezeno/Auto-BT-Generation/build/py_trees_ros_viewer/install.log --single-version-externally-managed
[0.641s] /home/absolutezeno/Auto-BT-Generation/src/py_trees_ros_viewer/setup.py:5: DeprecationWarning: The distutils package is deprecated and slated for removal in Python 3.12. Use setuptools or check PEP 632 for potential alternatives
[0.641s]   from distutils import log
[0.784s] running egg_info
[0.784s] writing ../../build/py_trees_ros_viewer/py_trees_ros_viewer.egg-info/PKG-INFO
[0.784s] writing dependency_links to ../../build/py_trees_ros_viewer/py_trees_ros_viewer.egg-info/dependency_links.txt
[0.784s] writing entry points to ../../build/py_trees_ros_viewer/py_trees_ros_viewer.egg-info/entry_points.txt
[0.784s] writing top-level names to ../../build/py_trees_ros_viewer/py_trees_ros_viewer.egg-info/top_level.txt
[0.786s] reading manifest file '../../build/py_trees_ros_viewer/py_trees_ros_viewer.egg-info/SOURCES.txt'
[0.786s] adding license file 'LICENSE'
[0.786s] writing manifest file '../../build/py_trees_ros_viewer/py_trees_ros_viewer.egg-info/SOURCES.txt'
[0.786s] running build
[0.786s] running build_py
[0.787s] running install
[0.789s] /usr/lib/python3/dist-packages/setuptools/command/install.py:34: SetuptoolsDeprecationWarning: setup.py install is deprecated. Use build and pip and other standards-based tools.
[0.789s]   warnings.warn(
[0.790s] running install_lib
[0.790s] running install_data
[0.791s] running install_egg_info
[0.791s] removing '/home/absolutezeno/Auto-BT-Generation/install/py_trees_ros_viewer/lib/python3.10/site-packages/py_trees_ros_viewer-0.2.3-py3.10.egg-info' (and everything under it)
[0.791s] Copying ../../build/py_trees_ros_viewer/py_trees_ros_viewer.egg-info to /home/absolutezeno/Auto-BT-Generation/install/py_trees_ros_viewer/lib/python3.10/site-packages/py_trees_ros_viewer-0.2.3-py3.10.egg-info
[0.792s] running install_scripts
[0.792s] Installing py-trees-tree-viewer script to /home/absolutezeno/Auto-BT-Generation/install/py_trees_ros_viewer/bin
[0.793s] writing list of installed files to '/home/absolutezeno/Auto-BT-Generation/build/py_trees_ros_viewer/install.log'
[0.805s] Invoked command in '/home/absolutezeno/Auto-BT-Generation/src/py_trees_ros_viewer' returned '0': PYTHONPATH=/home/absolutezeno/Auto-BT-Generation/build/py_trees_ros_viewer/prefix_override:/home/absolutezeno/Auto-BT-Generation/install/py_trees_ros_viewer/lib/python3.10/site-packages:${PYTHONPATH} /usr/bin/python3 setup.py egg_info --egg-base ../../build/py_trees_ros_viewer build --build-base /home/absolutezeno/Auto-BT-Generation/build/py_trees_ros_viewer/build install --record /home/absolutezeno/Auto-BT-Generation/build/py_trees_ros_viewer/install.log --single-version-externally-managed
