[0.154s] Invoking command in '/home/absolutezeno/Auto-BT-Generation/build/turtlebot3_cartographer': CMAKE_PREFIX_PATH=/opt/ros/humble PS1=(isaaclab) \[\e]0;\u@\h: \w\a\]${debian_chroot:+($debian_chroot)}\[\033[01;32m\]\u@\h\[\033[00m\]:\[\033[01;34m\]\w\[\033[00m\]\$ VIRTUAL_ENV_PROMPT=(isaaclab) /usr/bin/cmake --build /home/absolutezeno/Auto-BT-Generation/build/turtlebot3_cartographer -- -j20 -l20
[0.798s] Invoked command in '/home/absolutezeno/Auto-BT-Generation/build/turtlebot3_cartographer' returned '0': CMAKE_PREFIX_PATH=/opt/ros/humble PS1=(isaaclab) \[\e]0;\u@\h: \w\a\]${debian_chroot:+($debian_chroot)}\[\033[01;32m\]\u@\h\[\033[00m\]:\[\033[01;34m\]\w\[\033[00m\]\$ VIRTUAL_ENV_PROMPT=(isaaclab) /usr/bin/cmake --build /home/absolutezeno/Auto-BT-Generation/build/turtlebot3_cartographer -- -j20 -l20
[0.826s] Invoking command in '/home/absolutezeno/Auto-BT-Generation/build/turtlebot3_cartographer': CMAKE_PREFIX_PATH=/opt/ros/humble PS1=(isaaclab) \[\e]0;\u@\h: \w\a\]${debian_chroot:+($debian_chroot)}\[\033[01;32m\]\u@\h\[\033[00m\]:\[\033[01;34m\]\w\[\033[00m\]\$ VIRTUAL_ENV_PROMPT=(isaaclab) /usr/bin/cmake --install /home/absolutezeno/Auto-BT-Generation/build/turtlebot3_cartographer
[0.837s] -- Install configuration: ""
[0.837s] -- Up-to-date: /home/absolutezeno/Auto-BT-Generation/install/turtlebot3_cartographer/share/turtlebot3_cartographer/config
[0.837s] -- Up-to-date: /home/absolutezeno/Auto-BT-Generation/install/turtlebot3_cartographer/share/turtlebot3_cartographer/config/turtlebot3_lds_2d.lua
[0.837s] -- Up-to-date: /home/absolutezeno/Auto-BT-Generation/install/turtlebot3_cartographer/share/turtlebot3_cartographer/launch
[0.838s] -- Up-to-date: /home/absolutezeno/Auto-BT-Generation/install/turtlebot3_cartographer/share/turtlebot3_cartographer/launch/cartographer.launch.py
[0.838s] -- Up-to-date: /home/absolutezeno/Auto-BT-Generation/install/turtlebot3_cartographer/share/turtlebot3_cartographer/launch/occupancy_grid.launch.py
[0.838s] -- Up-to-date: /home/absolutezeno/Auto-BT-Generation/install/turtlebot3_cartographer/share/turtlebot3_cartographer/rviz
[0.838s] -- Up-to-date: /home/absolutezeno/Auto-BT-Generation/install/turtlebot3_cartographer/share/turtlebot3_cartographer/rviz/tb3_cartographer.rviz
[0.839s] -- Up-to-date: /home/absolutezeno/Auto-BT-Generation/install/turtlebot3_cartographer/share/ament_index/resource_index/package_run_dependencies/turtlebot3_cartographer
[0.839s] -- Up-to-date: /home/absolutezeno/Auto-BT-Generation/install/turtlebot3_cartographer/share/ament_index/resource_index/parent_prefix_path/turtlebot3_cartographer
[0.839s] -- Up-to-date: /home/absolutezeno/Auto-BT-Generation/install/turtlebot3_cartographer/share/turtlebot3_cartographer/environment/ament_prefix_path.sh
[0.839s] -- Up-to-date: /home/absolutezeno/Auto-BT-Generation/install/turtlebot3_cartographer/share/turtlebot3_cartographer/environment/ament_prefix_path.dsv
[0.839s] -- Up-to-date: /home/absolutezeno/Auto-BT-Generation/install/turtlebot3_cartographer/share/turtlebot3_cartographer/environment/path.sh
[0.839s] -- Up-to-date: /home/absolutezeno/Auto-BT-Generation/install/turtlebot3_cartographer/share/turtlebot3_cartographer/environment/path.dsv
[0.839s] -- Up-to-date: /home/absolutezeno/Auto-BT-Generation/install/turtlebot3_cartographer/share/turtlebot3_cartographer/local_setup.bash
[0.839s] -- Up-to-date: /home/absolutezeno/Auto-BT-Generation/install/turtlebot3_cartographer/share/turtlebot3_cartographer/local_setup.sh
[0.839s] -- Up-to-date: /home/absolutezeno/Auto-BT-Generation/install/turtlebot3_cartographer/share/turtlebot3_cartographer/local_setup.zsh
[0.839s] -- Up-to-date: /home/absolutezeno/Auto-BT-Generation/install/turtlebot3_cartographer/share/turtlebot3_cartographer/local_setup.dsv
[0.839s] -- Up-to-date: /home/absolutezeno/Auto-BT-Generation/install/turtlebot3_cartographer/share/turtlebot3_cartographer/package.dsv
[0.839s] -- Up-to-date: /home/absolutezeno/Auto-BT-Generation/install/turtlebot3_cartographer/share/ament_index/resource_index/packages/turtlebot3_cartographer
[0.839s] -- Up-to-date: /home/absolutezeno/Auto-BT-Generation/install/turtlebot3_cartographer/share/turtlebot3_cartographer/cmake/turtlebot3_cartographerConfig.cmake
[0.840s] -- Up-to-date: /home/absolutezeno/Auto-BT-Generation/install/turtlebot3_cartographer/share/turtlebot3_cartographer/cmake/turtlebot3_cartographerConfig-version.cmake
[0.840s] -- Up-to-date: /home/absolutezeno/Auto-BT-Generation/install/turtlebot3_cartographer/share/turtlebot3_cartographer/package.xml
[0.857s] Invoked command in '/home/absolutezeno/Auto-BT-Generation/build/turtlebot3_cartographer' returned '0': CMAKE_PREFIX_PATH=/opt/ros/humble PS1=(isaaclab) \[\e]0;\u@\h: \w\a\]${debian_chroot:+($debian_chroot)}\[\033[01;32m\]\u@\h\[\033[00m\]:\[\033[01;34m\]\w\[\033[00m\]\$ VIRTUAL_ENV_PROMPT=(isaaclab) /usr/bin/cmake --install /home/absolutezeno/Auto-BT-Generation/build/turtlebot3_cartographer
