[0.288s] Invoking command in '/home/absolutezeno/Auto-BT-Generation/build/turtlebot3_navigation2': CMAKE_PREFIX_PATH=/opt/ros/humble PS1=(isaaclab) \[\e]0;\u@\h: \w\a\]${debian_chroot:+($debian_chroot)}\[\033[01;32m\]\u@\h\[\033[00m\]:\[\033[01;34m\]\w\[\033[00m\]\$ VIRTUAL_ENV_PROMPT=(isaaclab) /usr/bin/cmake --build /home/absolutezeno/Auto-BT-Generation/build/turtlebot3_navigation2 -- -j20 -l20
[0.798s] Invoked command in '/home/absolutezeno/Auto-BT-Generation/build/turtlebot3_navigation2' returned '0': CMAKE_PREFIX_PATH=/opt/ros/humble PS1=(isaaclab) \[\e]0;\u@\h: \w\a\]${debian_chroot:+($debian_chroot)}\[\033[01;32m\]\u@\h\[\033[00m\]:\[\033[01;34m\]\w\[\033[00m\]\$ VIRTUAL_ENV_PROMPT=(isaaclab) /usr/bin/cmake --build /home/absolutezeno/Auto-BT-Generation/build/turtlebot3_navigation2 -- -j20 -l20
[0.821s] Invoking command in '/home/absolutezeno/Auto-BT-Generation/build/turtlebot3_navigation2': CMAKE_PREFIX_PATH=/opt/ros/humble PS1=(isaaclab) \[\e]0;\u@\h: \w\a\]${debian_chroot:+($debian_chroot)}\[\033[01;32m\]\u@\h\[\033[00m\]:\[\033[01;34m\]\w\[\033[00m\]\$ VIRTUAL_ENV_PROMPT=(isaaclab) /usr/bin/cmake --install /home/absolutezeno/Auto-BT-Generation/build/turtlebot3_navigation2
[0.827s] -- Install configuration: ""
[0.827s] -- Up-to-date: /home/absolutezeno/Auto-BT-Generation/install/turtlebot3_navigation2/share/turtlebot3_navigation2/launch
[0.827s] -- Up-to-date: /home/absolutezeno/Auto-BT-Generation/install/turtlebot3_navigation2/share/turtlebot3_navigation2/launch/navigation2.launch.py
[0.828s] -- Up-to-date: /home/absolutezeno/Auto-BT-Generation/install/turtlebot3_navigation2/share/turtlebot3_navigation2/map
[0.828s] -- Up-to-date: /home/absolutezeno/Auto-BT-Generation/install/turtlebot3_navigation2/share/turtlebot3_navigation2/map/map.pgm
[0.828s] -- Up-to-date: /home/absolutezeno/Auto-BT-Generation/install/turtlebot3_navigation2/share/turtlebot3_navigation2/map/map.yaml
[0.828s] -- Up-to-date: /home/absolutezeno/Auto-BT-Generation/install/turtlebot3_navigation2/share/turtlebot3_navigation2/param
[0.828s] -- Up-to-date: /home/absolutezeno/Auto-BT-Generation/install/turtlebot3_navigation2/share/turtlebot3_navigation2/param/waffle.yaml
[0.828s] -- Up-to-date: /home/absolutezeno/Auto-BT-Generation/install/turtlebot3_navigation2/share/turtlebot3_navigation2/param/burger.yaml
[0.828s] -- Up-to-date: /home/absolutezeno/Auto-BT-Generation/install/turtlebot3_navigation2/share/turtlebot3_navigation2/param/waffle_pi.yaml
[0.828s] -- Up-to-date: /home/absolutezeno/Auto-BT-Generation/install/turtlebot3_navigation2/share/turtlebot3_navigation2/rviz
[0.828s] -- Up-to-date: /home/absolutezeno/Auto-BT-Generation/install/turtlebot3_navigation2/share/turtlebot3_navigation2/rviz/tb3_navigation2.rviz
[0.828s] -- Up-to-date: /home/absolutezeno/Auto-BT-Generation/install/turtlebot3_navigation2/share/ament_index/resource_index/package_run_dependencies/turtlebot3_navigation2
[0.828s] -- Up-to-date: /home/absolutezeno/Auto-BT-Generation/install/turtlebot3_navigation2/share/ament_index/resource_index/parent_prefix_path/turtlebot3_navigation2
[0.829s] -- Up-to-date: /home/absolutezeno/Auto-BT-Generation/install/turtlebot3_navigation2/share/turtlebot3_navigation2/environment/ament_prefix_path.sh
[0.829s] -- Up-to-date: /home/absolutezeno/Auto-BT-Generation/install/turtlebot3_navigation2/share/turtlebot3_navigation2/environment/ament_prefix_path.dsv
[0.832s] -- Up-to-date: /home/absolutezeno/Auto-BT-Generation/install/turtlebot3_navigation2/share/turtlebot3_navigation2/environment/path.sh
[0.832s] -- Up-to-date: /home/absolutezeno/Auto-BT-Generation/install/turtlebot3_navigation2/share/turtlebot3_navigation2/environment/path.dsv
[0.832s] -- Up-to-date: /home/absolutezeno/Auto-BT-Generation/install/turtlebot3_navigation2/share/turtlebot3_navigation2/local_setup.bash
[0.832s] -- Up-to-date: /home/absolutezeno/Auto-BT-Generation/install/turtlebot3_navigation2/share/turtlebot3_navigation2/local_setup.sh
[0.832s] -- Up-to-date: /home/absolutezeno/Auto-BT-Generation/install/turtlebot3_navigation2/share/turtlebot3_navigation2/local_setup.zsh
[0.833s] -- Up-to-date: /home/absolutezeno/Auto-BT-Generation/install/turtlebot3_navigation2/share/turtlebot3_navigation2/local_setup.dsv
[0.833s] -- Up-to-date: /home/absolutezeno/Auto-BT-Generation/install/turtlebot3_navigation2/share/turtlebot3_navigation2/package.dsv
[0.833s] -- Up-to-date: /home/absolutezeno/Auto-BT-Generation/install/turtlebot3_navigation2/share/ament_index/resource_index/packages/turtlebot3_navigation2
[0.833s] -- Up-to-date: /home/absolutezeno/Auto-BT-Generation/install/turtlebot3_navigation2/share/turtlebot3_navigation2/cmake/turtlebot3_navigation2Config.cmake
[0.833s] -- Up-to-date: /home/absolutezeno/Auto-BT-Generation/install/turtlebot3_navigation2/share/turtlebot3_navigation2/cmake/turtlebot3_navigation2Config-version.cmake
[0.833s] -- Up-to-date: /home/absolutezeno/Auto-BT-Generation/install/turtlebot3_navigation2/share/turtlebot3_navigation2/package.xml
[0.847s] Invoked command in '/home/absolutezeno/Auto-BT-Generation/build/turtlebot3_navigation2' returned '0': CMAKE_PREFIX_PATH=/opt/ros/humble PS1=(isaaclab) \[\e]0;\u@\h: \w\a\]${debian_chroot:+($debian_chroot)}\[\033[01;32m\]\u@\h\[\033[00m\]:\[\033[01;34m\]\w\[\033[00m\]\$ VIRTUAL_ENV_PROMPT=(isaaclab) /usr/bin/cmake --install /home/absolutezeno/Auto-BT-Generation/build/turtlebot3_navigation2
