[0.710s] Invoking command in '/home/absolutezeno/Auto-BT-Generation/src/IsaacLab-autogenBT/exts/autogen_bt': PYTHONPATH=/home/absolutezeno/Auto-BT-Generation/build/autogen_bt/prefix_override:/home/absolutezeno/Auto-BT-Generation/install/autogen_bt/lib/python3.10/site-packages:${PYTHONPATH} /usr/bin/python3 setup.py egg_info --egg-base ../../../../build/autogen_bt build --build-base /home/absolutezeno/Auto-BT-Generation/build/autogen_bt/build install --record /home/absolutezeno/Auto-BT-Generation/build/autogen_bt/install.log --single-version-externally-managed
[0.861s] running egg_info
[0.862s] writing ../../../../build/autogen_bt/autogen_bt.egg-info/PKG-INFO
[0.862s] writing dependency_links to ../../../../build/autogen_bt/autogen_bt.egg-info/dependency_links.txt
[0.862s] writing requirements to ../../../../build/autogen_bt/autogen_bt.egg-info/requires.txt
[0.862s] writing top-level names to ../../../../build/autogen_bt/autogen_bt.egg-info/top_level.txt
[0.863s] reading manifest file '../../../../build/autogen_bt/autogen_bt.egg-info/SOURCES.txt'
[0.863s] writing manifest file '../../../../build/autogen_bt/autogen_bt.egg-info/SOURCES.txt'
[0.863s] running build
[0.863s] running build_py
[0.864s] running install
[0.864s] /usr/lib/python3/dist-packages/setuptools/command/install.py:34: SetuptoolsDeprecationWarning: setup.py install is deprecated. Use build and pip and other standards-based tools.
[0.864s]   warnings.warn(
[0.864s] running install_lib
[0.864s] running install_egg_info
[0.866s] removing '/home/absolutezeno/Auto-BT-Generation/install/autogen_bt/lib/python3.10/site-packages/autogen_bt-0.1.0-py3.10.egg-info' (and everything under it)
[0.866s] Copying ../../../../build/autogen_bt/autogen_bt.egg-info to /home/absolutezeno/Auto-BT-Generation/install/autogen_bt/lib/python3.10/site-packages/autogen_bt-0.1.0-py3.10.egg-info
[0.866s] running install_scripts
[0.879s] writing list of installed files to '/home/absolutezeno/Auto-BT-Generation/build/autogen_bt/install.log'
[0.892s] Invoked command in '/home/absolutezeno/Auto-BT-Generation/src/IsaacLab-autogenBT/exts/autogen_bt' returned '0': PYTHONPATH=/home/absolutezeno/Auto-BT-Generation/build/autogen_bt/prefix_override:/home/absolutezeno/Auto-BT-Generation/install/autogen_bt/lib/python3.10/site-packages:${PYTHONPATH} /usr/bin/python3 setup.py egg_info --egg-base ../../../../build/autogen_bt build --build-base /home/absolutezeno/Auto-BT-Generation/build/autogen_bt/build install --record /home/absolutezeno/Auto-BT-Generation/build/autogen_bt/install.log --single-version-externally-managed
