[0.541s] Invoking command in '/home/absolutezeno/Auto-BT-Generation/src/py_trees_ros_tutorials': AMENT_PREFIX_PATH=/home/absolutezeno/Auto-BT-Generation/install/py_trees_ros:${AMENT_PREFIX_PATH} PATH=/home/absolutezeno/Auto-BT-Generation/install/py_trees_ros/bin:${PATH} PS1=(isaaclab) \[\e]0;\u@\h: \w\a\]${debian_chroot:+($debian_chroot)}\[\033[01;32m\]\u@\h\[\033[00m\]:\[\033[01;34m\]\w\[\033[00m\]\$ PYTHONPATH=/home/absolutezeno/Auto-BT-Generation/build/py_trees_ros_tutorials/prefix_override:/usr/lib/python3/dist-packages/colcon_core/task/python/colcon_distutils_commands:/home/absolutezeno/Auto-BT-Generation/install/py_trees_ros_tutorials/lib/python3.10/site-packages:/home/absolutezeno/Auto-BT-Generation/install/py_trees_ros/lib/python3.10/site-packages:${PYTHONPATH} VIRTUAL_ENV_PROMPT=(isaaclab) /usr/bin/python3 -W ignore:setup.py install is deprecated -W ignore:easy_install command is deprecated setup.py egg_info --egg-base ../../build/py_trees_ros_tutorials build --build-base /home/absolutezeno/Auto-BT-Generation/build/py_trees_ros_tutorials/build install --record /home/absolutezeno/Auto-BT-Generation/build/py_trees_ros_tutorials/install.log --single-version-externally-managed install_data
[0.555s] /home/absolutezeno/Auto-BT-Generation/src/py_trees_ros_tutorials/setup.py:5: DeprecationWarning: The distutils package is deprecated and slated for removal in Python 3.12. Use setuptools or check PEP 632 for potential alternatives
[0.555s]   from distutils import log
[0.777s] running egg_info
[0.777s] writing ../../build/py_trees_ros_tutorials/py_trees_ros_tutorials.egg-info/PKG-INFO
[0.777s] writing dependency_links to ../../build/py_trees_ros_tutorials/py_trees_ros_tutorials.egg-info/dependency_links.txt
[0.778s] writing entry points to ../../build/py_trees_ros_tutorials/py_trees_ros_tutorials.egg-info/entry_points.txt
[0.778s] writing top-level names to ../../build/py_trees_ros_tutorials/py_trees_ros_tutorials.egg-info/top_level.txt
[0.780s] reading manifest file '../../build/py_trees_ros_tutorials/py_trees_ros_tutorials.egg-info/SOURCES.txt'
[0.783s] adding license file 'LICENSE'
[0.785s] writing manifest file '../../build/py_trees_ros_tutorials/py_trees_ros_tutorials.egg-info/SOURCES.txt'
[0.785s] running build
[0.785s] running build_py
[0.788s] running install
[0.788s] redirecting scripts
[0.788s]   from: /home/absolutezeno/Auto-BT-Generation/install/py_trees_ros_tutorials/bin
[0.788s]     to: /home/absolutezeno/Auto-BT-Generation/install/py_trees_ros_tutorials/lib/py_trees_ros_tutorials
[0.788s] running install_lib
[0.790s] running install_data
[0.790s] running install_egg_info
[0.790s] removing '/home/absolutezeno/Auto-BT-Generation/install/py_trees_ros_tutorials/lib/python3.10/site-packages/py_trees_ros_tutorials-2.1.0-py3.10.egg-info' (and everything under it)
[0.790s] Copying ../../build/py_trees_ros_tutorials/py_trees_ros_tutorials.egg-info to /home/absolutezeno/Auto-BT-Generation/install/py_trees_ros_tutorials/lib/python3.10/site-packages/py_trees_ros_tutorials-2.1.0-py3.10.egg-info
[0.791s] running install_scripts
[0.794s] Installing mock-battery script to /home/absolutezeno/Auto-BT-Generation/install/py_trees_ros_tutorials/lib/py_trees_ros_tutorials
[0.795s] Installing mock-dashboard script to /home/absolutezeno/Auto-BT-Generation/install/py_trees_ros_tutorials/lib/py_trees_ros_tutorials
[0.795s] Installing mock-dock-client script to /home/absolutezeno/Auto-BT-Generation/install/py_trees_ros_tutorials/lib/py_trees_ros_tutorials
[0.795s] Installing mock-docking-controller script to /home/absolutezeno/Auto-BT-Generation/install/py_trees_ros_tutorials/lib/py_trees_ros_tutorials
[0.795s] Installing mock-led-strip script to /home/absolutezeno/Auto-BT-Generation/install/py_trees_ros_tutorials/lib/py_trees_ros_tutorials
[0.796s] Installing mock-move-base script to /home/absolutezeno/Auto-BT-Generation/install/py_trees_ros_tutorials/lib/py_trees_ros_tutorials
[0.796s] Installing mock-move-base-client script to /home/absolutezeno/Auto-BT-Generation/install/py_trees_ros_tutorials/lib/py_trees_ros_tutorials
[0.796s] Installing mock-rotate-client script to /home/absolutezeno/Auto-BT-Generation/install/py_trees_ros_tutorials/lib/py_trees_ros_tutorials
[0.796s] Installing mock-rotation-controller script to /home/absolutezeno/Auto-BT-Generation/install/py_trees_ros_tutorials/lib/py_trees_ros_tutorials
[0.796s] Installing mock-safety-sensors script to /home/absolutezeno/Auto-BT-Generation/install/py_trees_ros_tutorials/lib/py_trees_ros_tutorials
[0.796s] Installing tree-action-clients script to /home/absolutezeno/Auto-BT-Generation/install/py_trees_ros_tutorials/lib/py_trees_ros_tutorials
[0.796s] Installing tree-battery-check script to /home/absolutezeno/Auto-BT-Generation/install/py_trees_ros_tutorials/lib/py_trees_ros_tutorials
[0.796s] Installing tree-context-switching script to /home/absolutezeno/Auto-BT-Generation/install/py_trees_ros_tutorials/lib/py_trees_ros_tutorials
[0.796s] Installing tree-data-gathering script to /home/absolutezeno/Auto-BT-Generation/install/py_trees_ros_tutorials/lib/py_trees_ros_tutorials
[0.796s] Installing tree-docking-cancelling-failing script to /home/absolutezeno/Auto-BT-Generation/install/py_trees_ros_tutorials/lib/py_trees_ros_tutorials
[0.796s] Installing tree-dynamic-application-loading script to /home/absolutezeno/Auto-BT-Generation/install/py_trees_ros_tutorials/lib/py_trees_ros_tutorials
[0.797s] writing list of installed files to '/home/absolutezeno/Auto-BT-Generation/build/py_trees_ros_tutorials/install.log'
[0.830s] Invoked command in '/home/absolutezeno/Auto-BT-Generation/src/py_trees_ros_tutorials' returned '0': AMENT_PREFIX_PATH=/home/absolutezeno/Auto-BT-Generation/install/py_trees_ros:${AMENT_PREFIX_PATH} PATH=/home/absolutezeno/Auto-BT-Generation/install/py_trees_ros/bin:${PATH} PS1=(isaaclab) \[\e]0;\u@\h: \w\a\]${debian_chroot:+($debian_chroot)}\[\033[01;32m\]\u@\h\[\033[00m\]:\[\033[01;34m\]\w\[\033[00m\]\$ PYTHONPATH=/home/absolutezeno/Auto-BT-Generation/build/py_trees_ros_tutorials/prefix_override:/usr/lib/python3/dist-packages/colcon_core/task/python/colcon_distutils_commands:/home/absolutezeno/Auto-BT-Generation/install/py_trees_ros_tutorials/lib/python3.10/site-packages:/home/absolutezeno/Auto-BT-Generation/install/py_trees_ros/lib/python3.10/site-packages:${PYTHONPATH} VIRTUAL_ENV_PROMPT=(isaaclab) /usr/bin/python3 -W ignore:setup.py install is deprecated -W ignore:easy_install command is deprecated setup.py egg_info --egg-base ../../build/py_trees_ros_tutorials build --build-base /home/absolutezeno/Auto-BT-Generation/build/py_trees_ros_tutorials/build install --record /home/absolutezeno/Auto-BT-Generation/build/py_trees_ros_tutorials/install.log --single-version-externally-managed install_data
