[0.574s] Invoking command in '/home/absolutezeno/Auto-BT-Generation/build/isaac_ros2_messages': CMAKE_PREFIX_PATH=${CMAKE_PREFIX_PATH}:/home/absolutezeno/Auto-BT-Generation/install/py_trees_ros_viewer:/home/absolutezeno/Auto-BT-Generation/install/py_trees_ros_tutorials:/home/absolutezeno/Auto-BT-Generation/install/py_trees_ros:/home/absolutezeno/FRA501/install/rqt_joint_trajectory_controller:/home/absolutezeno/FRA501/install/rqt_controller_manager:/home/absolutezeno/FRA501/install/ros2controlcli:/home/absolutezeno/FRA501/install/ros2_controllers_test_nodes:/opt/ros/humble PS1=(isaaclab) \[\e]0;\u@\h: \w\a\]${debian_chroot:+($debian_chroot)}\[\033[01;32m\]\u@\h\[\033[00m\]:\[\033[01;34m\]\w\[\033[00m\]\$ VIRTUAL_ENV_PROMPT=(isaaclab) /usr/bin/cmake /home/absolutezeno/Auto-BT-Generation/src/isaac_ros2_messages -DCMAKE_INSTALL_PREFIX=/home/absolutezeno/Auto-BT-Generation/install/isaac_ros2_messages
[0.583s] -- Found ament_cmake: 1.3.5 (/opt/ros/humble/share/ament_cmake/cmake)
[0.712s] -- Found ament_lint_auto: 0.12.8 (/opt/ros/humble/share/ament_lint_auto/cmake)
[0.784s] -- Found builtin_interfaces: 1.2.1 (/opt/ros/humble/share/builtin_interfaces/cmake)
[0.799s] -- Found rosidl_generator_c: 3.1.5 (/opt/ros/humble/share/rosidl_generator_c/cmake)
[0.800s] -- Found rosidl_adapter: 3.1.5 (/opt/ros/humble/share/rosidl_adapter/cmake)
[0.803s] -- Found rosidl_generator_cpp: 3.1.5 (/opt/ros/humble/share/rosidl_generator_cpp/cmake)
[0.810s] -- Using all available rosidl_typesupport_c: rosidl_typesupport_fastrtps_c;rosidl_typesupport_introspection_c
[0.819s] -- Using all available rosidl_typesupport_cpp: rosidl_typesupport_fastrtps_cpp;rosidl_typesupport_introspection_cpp
[0.828s] -- Found rosidl_default_generators: 1.2.0 (/opt/ros/humble/share/rosidl_default_generators/cmake)
[0.846s] -- Found std_msgs: 4.2.4 (/opt/ros/humble/share/std_msgs/cmake)
[0.865s] -- Found geometry_msgs: 4.2.3 (/opt/ros/humble/share/geometry_msgs/cmake)
[0.988s] [31mCMake Error at /opt/ros/humble/share/rosidl_adapter/cmake/rosidl_adapt_interfaces.cmake:59 (message):
[0.988s]   execute_process(/home/absolutezeno/isaaclab/bin/python3.10 -m
[0.988s]   rosidl_adapter --package-name isaac_ros2_messages --arguments-file
[0.988s]   /home/absolutezeno/Auto-BT-Generation/build/isaac_ros2_messages/rosidl_adapter__arguments__isaac_ros2_messages.json
[0.988s]   --output-dir
[0.988s]   /home/absolutezeno/Auto-BT-Generation/build/isaac_ros2_messages/rosidl_adapter/isaac_ros2_messages
[0.988s]   --output-file
[0.988s]   /home/absolutezeno/Auto-BT-Generation/build/isaac_ros2_messages/rosidl_adapter/isaac_ros2_messages.idls)
[0.988s]   returned error code 1:
[0.988s] 
[0.988s]   Traceback (most recent call last):
[0.989s] 
[0.989s]     File "/usr/lib/python3.10/runpy.py", line 196, in _run_module_as_main
[0.989s]       return _run_code(code, main_globals, None,
[0.989s]     File "/usr/lib/python3.10/runpy.py", line 86, in _run_code
[0.989s]       exec(code, run_globals)
[0.989s]     File "/opt/ros/humble/local/lib/python3.10/dist-packages/rosidl_adapter/__main__.py", line 19, in <module>
[0.989s]       sys.exit(main())
[0.989s]     File "/opt/ros/humble/local/lib/python3.10/dist-packages/rosidl_adapter/main.py", line 53, in main
[0.989s]       abs_idl_file = convert_to_idl(
[0.989s]     File "/opt/ros/humble/local/lib/python3.10/dist-packages/rosidl_adapter/__init__.py", line 23, in convert_to_idl
[0.989s]       from rosidl_adapter.srv import convert_srv_to_idl
[0.989s]     File "/opt/ros/humble/local/lib/python3.10/dist-packages/rosidl_adapter/srv/__init__.py", line 16, in <module>
[0.989s]       from rosidl_adapter.resource import expand_template
[0.989s]     File "/opt/ros/humble/local/lib/python3.10/dist-packages/rosidl_adapter/resource/__init__.py", line 19, in <module>
[0.989s]       import em
[0.989s] 
[0.989s]   ModuleNotFoundError: No module named 'em'
[0.989s] 
[0.989s] Call Stack (most recent call first):
[0.990s]   /opt/ros/humble/share/rosidl_cmake/cmake/rosidl_generate_interfaces.cmake:130 (rosidl_adapt_interfaces)
[0.990s]   CMakeLists.txt:48 (rosidl_generate_interfaces)
[0.990s] 
[0.990s] [0m
[0.990s] -- Configuring incomplete, errors occurred!
[0.990s] See also "/home/absolutezeno/Auto-BT-Generation/build/isaac_ros2_messages/CMakeFiles/CMakeOutput.log".
