[0.008s] Invoking command in '/home/absolutezeno/Auto-BT-Generation/build/turtlebot3_bringup': AMENT_PREFIX_PATH=/home/absolutezeno/Auto-BT-Generation/install/turtlebot3_node:/home/absolutezeno/Auto-BT-Generation/install/turtlebot3_description:${AMENT_PREFIX_PATH} CMAKE_PREFIX_PATH=/home/absolutezeno/Auto-BT-Generation/install/turtlebot3_node:/home/absolutezeno/Auto-BT-Generation/install/turtlebot3_description:/opt/ros/humble PS1=(isaaclab) \[\e]0;\u@\h: \w\a\]${debian_chroot:+($debian_chroot)}\[\033[01;32m\]\u@\h\[\033[00m\]:\[\033[01;34m\]\w\[\033[00m\]\$ VIRTUAL_ENV_PROMPT=(isaaclab) /usr/bin/cmake --build /home/absolutezeno/Auto-BT-Generation/build/turtlebot3_bringup -- -j20 -l20
[0.048s] Invoked command in '/home/absolutezeno/Auto-BT-Generation/build/turtlebot3_bringup' returned '0': AMENT_PREFIX_PATH=/home/absolutezeno/Auto-BT-Generation/install/turtlebot3_node:/home/absolutezeno/Auto-BT-Generation/install/turtlebot3_description:${AMENT_PREFIX_PATH} CMAKE_PREFIX_PATH=/home/absolutezeno/Auto-BT-Generation/install/turtlebot3_node:/home/absolutezeno/Auto-BT-Generation/install/turtlebot3_description:/opt/ros/humble PS1=(isaaclab) \[\e]0;\u@\h: \w\a\]${debian_chroot:+($debian_chroot)}\[\033[01;32m\]\u@\h\[\033[00m\]:\[\033[01;34m\]\w\[\033[00m\]\$ VIRTUAL_ENV_PROMPT=(isaaclab) /usr/bin/cmake --build /home/absolutezeno/Auto-BT-Generation/build/turtlebot3_bringup -- -j20 -l20
[0.061s] Invoking command in '/home/absolutezeno/Auto-BT-Generation/build/turtlebot3_bringup': AMENT_PREFIX_PATH=/home/absolutezeno/Auto-BT-Generation/install/turtlebot3_node:/home/absolutezeno/Auto-BT-Generation/install/turtlebot3_description:${AMENT_PREFIX_PATH} CMAKE_PREFIX_PATH=/home/absolutezeno/Auto-BT-Generation/install/turtlebot3_node:/home/absolutezeno/Auto-BT-Generation/install/turtlebot3_description:/opt/ros/humble PS1=(isaaclab) \[\e]0;\u@\h: \w\a\]${debian_chroot:+($debian_chroot)}\[\033[01;32m\]\u@\h\[\033[00m\]:\[\033[01;34m\]\w\[\033[00m\]\$ VIRTUAL_ENV_PROMPT=(isaaclab) /usr/bin/cmake --install /home/absolutezeno/Auto-BT-Generation/build/turtlebot3_bringup
[0.064s] -- Install configuration: ""
[0.065s] -- Up-to-date: /home/absolutezeno/Auto-BT-Generation/install/turtlebot3_bringup/share/turtlebot3_bringup/launch
[0.065s] -- Up-to-date: /home/absolutezeno/Auto-BT-Generation/install/turtlebot3_bringup/share/turtlebot3_bringup/launch/turtlebot3_state_publisher.launch.py
[0.065s] -- Up-to-date: /home/absolutezeno/Auto-BT-Generation/install/turtlebot3_bringup/share/turtlebot3_bringup/launch/rviz2.launch.py
[0.065s] -- Up-to-date: /home/absolutezeno/Auto-BT-Generation/install/turtlebot3_bringup/share/turtlebot3_bringup/launch/robot.launch.py
[0.065s] -- Up-to-date: /home/absolutezeno/Auto-BT-Generation/install/turtlebot3_bringup/share/turtlebot3_bringup/param
[0.065s] -- Up-to-date: /home/absolutezeno/Auto-BT-Generation/install/turtlebot3_bringup/share/turtlebot3_bringup/param/waffle.yaml
[0.066s] -- Up-to-date: /home/absolutezeno/Auto-BT-Generation/install/turtlebot3_bringup/share/turtlebot3_bringup/param/burger.yaml
[0.066s] -- Up-to-date: /home/absolutezeno/Auto-BT-Generation/install/turtlebot3_bringup/share/turtlebot3_bringup/param/waffle_pi.yaml
[0.066s] -- Up-to-date: /home/absolutezeno/Auto-BT-Generation/install/turtlebot3_bringup/share/turtlebot3_bringup/script
[0.066s] -- Up-to-date: /home/absolutezeno/Auto-BT-Generation/install/turtlebot3_bringup/share/turtlebot3_bringup/script/99-turtlebot3-cdc.rules
[0.066s] -- Up-to-date: /home/absolutezeno/Auto-BT-Generation/install/turtlebot3_bringup/share/turtlebot3_bringup/script/create_udev_rules
[0.066s] -- Up-to-date: /home/absolutezeno/Auto-BT-Generation/install/turtlebot3_bringup/share/ament_index/resource_index/package_run_dependencies/turtlebot3_bringup
[0.066s] -- Up-to-date: /home/absolutezeno/Auto-BT-Generation/install/turtlebot3_bringup/share/ament_index/resource_index/parent_prefix_path/turtlebot3_bringup
[0.066s] -- Up-to-date: /home/absolutezeno/Auto-BT-Generation/install/turtlebot3_bringup/share/turtlebot3_bringup/environment/ament_prefix_path.sh
[0.066s] -- Up-to-date: /home/absolutezeno/Auto-BT-Generation/install/turtlebot3_bringup/share/turtlebot3_bringup/environment/ament_prefix_path.dsv
[0.066s] -- Up-to-date: /home/absolutezeno/Auto-BT-Generation/install/turtlebot3_bringup/share/turtlebot3_bringup/environment/path.sh
[0.066s] -- Up-to-date: /home/absolutezeno/Auto-BT-Generation/install/turtlebot3_bringup/share/turtlebot3_bringup/environment/path.dsv
[0.066s] -- Up-to-date: /home/absolutezeno/Auto-BT-Generation/install/turtlebot3_bringup/share/turtlebot3_bringup/local_setup.bash
[0.066s] -- Up-to-date: /home/absolutezeno/Auto-BT-Generation/install/turtlebot3_bringup/share/turtlebot3_bringup/local_setup.sh
[0.066s] -- Up-to-date: /home/absolutezeno/Auto-BT-Generation/install/turtlebot3_bringup/share/turtlebot3_bringup/local_setup.zsh
[0.066s] -- Up-to-date: /home/absolutezeno/Auto-BT-Generation/install/turtlebot3_bringup/share/turtlebot3_bringup/local_setup.dsv
[0.066s] -- Up-to-date: /home/absolutezeno/Auto-BT-Generation/install/turtlebot3_bringup/share/turtlebot3_bringup/package.dsv
[0.067s] -- Up-to-date: /home/absolutezeno/Auto-BT-Generation/install/turtlebot3_bringup/share/ament_index/resource_index/packages/turtlebot3_bringup
[0.067s] -- Up-to-date: /home/absolutezeno/Auto-BT-Generation/install/turtlebot3_bringup/share/turtlebot3_bringup/cmake/turtlebot3_bringupConfig.cmake
[0.067s] -- Up-to-date: /home/absolutezeno/Auto-BT-Generation/install/turtlebot3_bringup/share/turtlebot3_bringup/cmake/turtlebot3_bringupConfig-version.cmake
[0.067s] -- Up-to-date: /home/absolutezeno/Auto-BT-Generation/install/turtlebot3_bringup/share/turtlebot3_bringup/package.xml
[0.082s] Invoked command in '/home/absolutezeno/Auto-BT-Generation/build/turtlebot3_bringup' returned '0': AMENT_PREFIX_PATH=/home/absolutezeno/Auto-BT-Generation/install/turtlebot3_node:/home/absolutezeno/Auto-BT-Generation/install/turtlebot3_description:${AMENT_PREFIX_PATH} CMAKE_PREFIX_PATH=/home/absolutezeno/Auto-BT-Generation/install/turtlebot3_node:/home/absolutezeno/Auto-BT-Generation/install/turtlebot3_description:/opt/ros/humble PS1=(isaaclab) \[\e]0;\u@\h: \w\a\]${debian_chroot:+($debian_chroot)}\[\033[01;32m\]\u@\h\[\033[00m\]:\[\033[01;34m\]\w\[\033[00m\]\$ VIRTUAL_ENV_PROMPT=(isaaclab) /usr/bin/cmake --install /home/absolutezeno/Auto-BT-Generation/build/turtlebot3_bringup
