[0.877s] Invoking command in '/home/absolutezeno/Auto-BT-Generation/build/isaac_tutorials': CMAKE_PREFIX_PATH=${CMAKE_PREFIX_PATH}:/home/absolutezeno/Auto-BT-Generation/install/py_trees_ros_viewer:/home/absolutezeno/Auto-BT-Generation/install/py_trees_ros_tutorials:/home/absolutezeno/Auto-BT-Generation/install/py_trees_ros:/home/absolutezeno/FRA501/install/rqt_joint_trajectory_controller:/home/absolutezeno/FRA501/install/rqt_controller_manager:/home/absolutezeno/FRA501/install/ros2controlcli:/home/absolutezeno/FRA501/install/ros2_controllers_test_nodes:/opt/ros/humble PS1=(isaaclab) \[\e]0;\u@\h: \w\a\]${debian_chroot:+($debian_chroot)}\[\033[01;32m\]\u@\h\[\033[00m\]:\[\033[01;34m\]\w\[\033[00m\]\$ VIRTUAL_ENV_PROMPT=(isaaclab) /usr/bin/cmake /home/absolutezeno/Auto-BT-Generation/src/isaac_tutorials -DCMAKE_INSTALL_PREFIX=/home/absolutezeno/Auto-BT-Generation/install/isaac_tutorials
[0.913s] -- The C compiler identification is GNU 11.4.0
[0.952s] -- The CXX compiler identification is GNU 11.4.0
[0.957s] -- Detecting C compiler ABI info
[1.010s] -- Detecting C compiler ABI info - done
[1.017s] -- Check for working C compiler: /usr/bin/cc - skipped
[1.017s] -- Detecting C compile features
[1.018s] -- Detecting C compile features - done
[1.021s] -- Detecting CXX compiler ABI info
[1.079s] -- Detecting CXX compiler ABI info - done
[1.084s] -- Check for working CXX compiler: /usr/bin/c++ - skipped
[1.084s] -- Detecting CXX compile features
[1.085s] -- Detecting CXX compile features - done
[1.088s] -- Found ament_cmake: 1.3.5 (/opt/ros/humble/share/ament_cmake/cmake)
[1.288s] -- Found Python3: /home/absolutezeno/isaaclab/bin/python3.10 (found version "3.10.12") found components: Interpreter 
[1.433s] -- Found rclpy: 3.3.14 (/opt/ros/humble/share/rclpy/cmake)
[1.458s] Traceback (most recent call last):
[1.458s]   File "/opt/ros/humble/share/ament_cmake_core/cmake/core/package_xml_2_cmake.py", line 22, in <module>
[1.458s]     from catkin_pkg.package import parse_package_string
[1.458s] ModuleNotFoundError: No module named 'catkin_pkg'
[1.461s] [31mCMake Error at /opt/ros/humble/share/ament_cmake_core/cmake/core/ament_package_xml.cmake:95 (message):
[1.461s]   execute_process(/home/absolutezeno/isaaclab/bin/python3.10
[1.461s]   /opt/ros/humble/share/ament_cmake_core/cmake/core/package_xml_2_cmake.py
[1.461s]   /home/absolutezeno/Auto-BT-Generation/src/isaac_tutorials/package.xml
[1.461s]   /home/absolutezeno/Auto-BT-Generation/build/isaac_tutorials/ament_cmake_core/package.cmake)
[1.461s]   returned error code 1
[1.461s] Call Stack (most recent call first):
[1.461s]   /opt/ros/humble/share/ament_cmake_core/cmake/core/ament_package_xml.cmake:49 (_ament_package_xml)
[1.461s]   /opt/ros/humble/share/ament_cmake_core/cmake/core/ament_package.cmake:63 (ament_package_xml)
[1.461s]   CMakeLists.txt:18 (ament_package)
[1.461s] 
[1.461s] [0m
[1.461s] -- Configuring incomplete, errors occurred!
[1.461s] See also "/home/absolutezeno/Auto-BT-Generation/build/isaac_tutorials/CMakeFiles/CMakeOutput.log".
