[1.963s] Invoking command in '/home/absolutezeno/Auto-BT-Generation/src/IsaacLab-autogenBT/exts/autogen_bt': PYTHONPATH=/home/absolutezeno/Auto-BT-Generation/build/autogen_bt/prefix_override:/home/absolutezeno/Auto-BT-Generation/install/autogen_bt/lib/python3.10/site-packages:${PYTHONPATH} VIRTUAL_ENV_PROMPT=(isaaclab) /usr/bin/python3 setup.py egg_info --egg-base ../../../../build/autogen_bt build --build-base /home/absolutezeno/Auto-BT-Generation/build/autogen_bt/build install --record /home/absolutezeno/Auto-BT-Generation/build/autogen_bt/install.log --single-version-externally-managed
[2.355s] running egg_info
[2.356s] writing ../../../../build/autogen_bt/autogen_bt.egg-info/PKG-INFO
[2.356s] writing dependency_links to ../../../../build/autogen_bt/autogen_bt.egg-info/dependency_links.txt
[2.356s] writing requirements to ../../../../build/autogen_bt/autogen_bt.egg-info/requires.txt
[2.356s] writing top-level names to ../../../../build/autogen_bt/autogen_bt.egg-info/top_level.txt
[2.358s] reading manifest file '../../../../build/autogen_bt/autogen_bt.egg-info/SOURCES.txt'
[2.359s] writing manifest file '../../../../build/autogen_bt/autogen_bt.egg-info/SOURCES.txt'
[2.360s] running build
[2.360s] running build_py
[2.360s] running install
[2.360s] /usr/lib/python3/dist-packages/setuptools/command/install.py:34: SetuptoolsDeprecationWarning: setup.py install is deprecated. Use build and pip and other standards-based tools.
[2.360s]   warnings.warn(
[2.360s] running install_lib
[2.362s] running install_egg_info
[2.364s] removing '/home/absolutezeno/Auto-BT-Generation/install/autogen_bt/lib/python3.10/site-packages/autogen_bt-0.1.0-py3.10.egg-info' (and everything under it)
[2.365s] Copying ../../../../build/autogen_bt/autogen_bt.egg-info to /home/absolutezeno/Auto-BT-Generation/install/autogen_bt/lib/python3.10/site-packages/autogen_bt-0.1.0-py3.10.egg-info
[2.366s] running install_scripts
[2.394s] writing list of installed files to '/home/absolutezeno/Auto-BT-Generation/build/autogen_bt/install.log'
[2.723s] Invoked command in '/home/absolutezeno/Auto-BT-Generation/src/IsaacLab-autogenBT/exts/autogen_bt' returned '0': PYTHONPATH=/home/absolutezeno/Auto-BT-Generation/build/autogen_bt/prefix_override:/home/absolutezeno/Auto-BT-Generation/install/autogen_bt/lib/python3.10/site-packages:${PYTHONPATH} VIRTUAL_ENV_PROMPT=(isaaclab) /usr/bin/python3 setup.py egg_info --egg-base ../../../../build/autogen_bt build --build-base /home/absolutezeno/Auto-BT-Generation/build/autogen_bt/build install --record /home/absolutezeno/Auto-BT-Generation/build/autogen_bt/install.log --single-version-externally-managed
