[2.856s] Invoking command in '/home/absolutezeno/Auto-BT-Generation/src/turtlebot3/turtlebot3_teleop': PS1=(isaaclab) \[\e]0;\u@\h: \w\a\]${debian_chroot:+($debian_chroot)}\[\033[01;32m\]\u@\h\[\033[00m\]:\[\033[01;34m\]\w\[\033[00m\]\$ PYTHONPATH=/home/absolutezeno/Auto-BT-Generation/build/turtlebot3_teleop/prefix_override:/home/absolutezeno/Auto-BT-Generation/install/turtlebot3_teleop/lib/python3.10/site-packages:${PYTHONPATH} VIRTUAL_ENV_PROMPT=(isaaclab) /usr/bin/python3 setup.py egg_info --egg-base ../../../build/turtlebot3_teleop build --build-base /home/absolutezeno/Auto-BT-Generation/build/turtlebot3_teleop/build install --record /home/absolutezeno/Auto-BT-Generation/build/turtlebot3_teleop/install.log --single-version-externally-managed
[3.151s] running egg_info
[3.151s] writing ../../../build/turtlebot3_teleop/turtlebot3_teleop.egg-info/PKG-INFO
[3.152s] writing dependency_links to ../../../build/turtlebot3_teleop/turtlebot3_teleop.egg-info/dependency_links.txt
[3.152s] writing entry points to ../../../build/turtlebot3_teleop/turtlebot3_teleop.egg-info/entry_points.txt
[3.152s] writing requirements to ../../../build/turtlebot3_teleop/turtlebot3_teleop.egg-info/requires.txt
[3.152s] writing top-level names to ../../../build/turtlebot3_teleop/turtlebot3_teleop.egg-info/top_level.txt
[3.154s] reading manifest file '../../../build/turtlebot3_teleop/turtlebot3_teleop.egg-info/SOURCES.txt'
[3.154s] writing manifest file '../../../build/turtlebot3_teleop/turtlebot3_teleop.egg-info/SOURCES.txt'
[3.154s] running build
[3.154s] running build_py
[3.155s] running install
[3.155s] /usr/lib/python3/dist-packages/setuptools/command/install.py:34: SetuptoolsDeprecationWarning: setup.py install is deprecated. Use build and pip and other standards-based tools.
[3.155s]   warnings.warn(
[3.155s] running install_lib
[3.157s] running install_data
[3.157s] running install_egg_info
[3.159s] removing '/home/absolutezeno/Auto-BT-Generation/install/turtlebot3_teleop/lib/python3.10/site-packages/turtlebot3_teleop-2.1.5-py3.10.egg-info' (and everything under it)
[3.159s] Copying ../../../build/turtlebot3_teleop/turtlebot3_teleop.egg-info to /home/absolutezeno/Auto-BT-Generation/install/turtlebot3_teleop/lib/python3.10/site-packages/turtlebot3_teleop-2.1.5-py3.10.egg-info
[3.160s] running install_scripts
[3.178s] Installing teleop_keyboard script to /home/absolutezeno/Auto-BT-Generation/install/turtlebot3_teleop/lib/turtlebot3_teleop
[3.178s] writing list of installed files to '/home/absolutezeno/Auto-BT-Generation/build/turtlebot3_teleop/install.log'
[3.462s] Invoked command in '/home/absolutezeno/Auto-BT-Generation/src/turtlebot3/turtlebot3_teleop' returned '0': PS1=(isaaclab) \[\e]0;\u@\h: \w\a\]${debian_chroot:+($debian_chroot)}\[\033[01;32m\]\u@\h\[\033[00m\]:\[\033[01;34m\]\w\[\033[00m\]\$ PYTHONPATH=/home/absolutezeno/Auto-BT-Generation/build/turtlebot3_teleop/prefix_override:/home/absolutezeno/Auto-BT-Generation/install/turtlebot3_teleop/lib/python3.10/site-packages:${PYTHONPATH} VIRTUAL_ENV_PROMPT=(isaaclab) /usr/bin/python3 setup.py egg_info --egg-base ../../../build/turtlebot3_teleop build --build-base /home/absolutezeno/Auto-BT-Generation/build/turtlebot3_teleop/build install --record /home/absolutezeno/Auto-BT-Generation/build/turtlebot3_teleop/install.log --single-version-externally-managed
