[1.466s] Invoking command in '/home/absolutezeno/Auto-BT-Generation/src/py_trees_ros': PS1=(isaaclab) \[\e]0;\u@\h: \w\a\]${debian_chroot:+($debian_chroot)}\[\033[01;32m\]\u@\h\[\033[00m\]:\[\033[01;34m\]\w\[\033[00m\]\$ PYTHONPATH=/home/absolutezeno/Auto-BT-Generation/build/py_trees_ros/prefix_override:/usr/lib/python3/dist-packages/colcon_core/task/python/colcon_distutils_commands:/home/absolutezeno/Auto-BT-Generation/install/py_trees_ros/lib/python3.10/site-packages:${PYTHONPATH} VIRTUAL_ENV_PROMPT=(isaaclab) /usr/bin/python3 -W ignore:setup.py install is deprecated -W ignore:easy_install command is deprecated setup.py egg_info --egg-base ../../build/py_trees_ros build --build-base /home/absolutezeno/Auto-BT-Generation/build/py_trees_ros/build install --record /home/absolutezeno/Auto-BT-Generation/build/py_trees_ros/install.log --single-version-externally-managed install_data
[1.691s] running egg_info
[1.692s] writing ../../build/py_trees_ros/py_trees_ros.egg-info/PKG-INFO
[1.692s] writing dependency_links to ../../build/py_trees_ros/py_trees_ros.egg-info/dependency_links.txt
[1.692s] writing entry points to ../../build/py_trees_ros/py_trees_ros.egg-info/entry_points.txt
[1.693s] writing top-level names to ../../build/py_trees_ros/py_trees_ros.egg-info/top_level.txt
[1.694s] reading manifest file '../../build/py_trees_ros/py_trees_ros.egg-info/SOURCES.txt'
[1.694s] adding license file 'LICENSE'
[1.695s] writing manifest file '../../build/py_trees_ros/py_trees_ros.egg-info/SOURCES.txt'
[1.695s] running build
[1.695s] running build_py
[1.696s] running install
[1.696s] running install_lib
[1.698s] running install_data
[1.698s] running install_egg_info
[1.700s] removing '/home/absolutezeno/Auto-BT-Generation/install/py_trees_ros/lib/python3.10/site-packages/py_trees_ros-2.2.2-py3.10.egg-info' (and everything under it)
[1.700s] Copying ../../build/py_trees_ros/py_trees_ros.egg-info to /home/absolutezeno/Auto-BT-Generation/install/py_trees_ros/lib/python3.10/site-packages/py_trees_ros-2.2.2-py3.10.egg-info
[1.700s] running install_scripts
[1.718s] Installing py-trees-blackboard-watcher script to /home/absolutezeno/Auto-BT-Generation/install/py_trees_ros/bin
[1.719s] Installing py-trees-tree-watcher script to /home/absolutezeno/Auto-BT-Generation/install/py_trees_ros/bin
[1.719s] writing list of installed files to '/home/absolutezeno/Auto-BT-Generation/build/py_trees_ros/install.log'
[1.738s] Invoked command in '/home/absolutezeno/Auto-BT-Generation/src/py_trees_ros' returned '0': PS1=(isaaclab) \[\e]0;\u@\h: \w\a\]${debian_chroot:+($debian_chroot)}\[\033[01;32m\]\u@\h\[\033[00m\]:\[\033[01;34m\]\w\[\033[00m\]\$ PYTHONPATH=/home/absolutezeno/Auto-BT-Generation/build/py_trees_ros/prefix_override:/usr/lib/python3/dist-packages/colcon_core/task/python/colcon_distutils_commands:/home/absolutezeno/Auto-BT-Generation/install/py_trees_ros/lib/python3.10/site-packages:${PYTHONPATH} VIRTUAL_ENV_PROMPT=(isaaclab) /usr/bin/python3 -W ignore:setup.py install is deprecated -W ignore:easy_install command is deprecated setup.py egg_info --egg-base ../../build/py_trees_ros build --build-base /home/absolutezeno/Auto-BT-Generation/build/py_trees_ros/build install --record /home/absolutezeno/Auto-BT-Generation/build/py_trees_ros/install.log --single-version-externally-managed install_data
