[0.039s] Invoking command in '/home/absolutezeno/Auto-BT-Generation/build/turtlebot3_node': CMAKE_PREFIX_PATH=${CMAKE_PREFIX_PATH}:/home/absolutezeno/Auto-BT-Generation/install/turtlebot3_teleop:/home/absolutezeno/Auto-BT-Generation/install/turtlebot3_example:/home/absolutezeno/Auto-BT-Generation/install/py_trees_ros_viewer:/home/absolutezeno/Auto-BT-Generation/install/py_trees_ros_tutorials:/home/absolutezeno/Auto-BT-Generation/install/py_trees_ros:/home/absolutezeno/fra532_exam/install/mir_driver:/home/absolutezeno/fra532_exam/install/twist_stamper:/home/absolutezeno/fra532_exam/install/mir_restapi:/opt/ros/humble PS1=(isaaclab) \[\e]0;\u@\h: \w\a\]${debian_chroot:+($debian_chroot)}\[\033[01;32m\]\u@\h\[\033[00m\]:\[\033[01;34m\]\w\[\033[00m\]\$ VIRTUAL_ENV_PROMPT=(isaaclab) /usr/bin/cmake --build /home/absolutezeno/Auto-BT-Generation/build/turtlebot3_node -- -j20 -l20
[0.772s] [35m[1mConsolidate compiler generated dependencies of target turtlebot3_node_lib[0m
[0.773s] [ 85%] Built target turtlebot3_node_lib
[0.773s] [35m[1mConsolidate compiler generated dependencies of target turtlebot3_ros[0m
[0.774s] [100%] Built target turtlebot3_ros
[1.036s] Invoked command in '/home/absolutezeno/Auto-BT-Generation/build/turtlebot3_node' returned '0': CMAKE_PREFIX_PATH=${CMAKE_PREFIX_PATH}:/home/absolutezeno/Auto-BT-Generation/install/turtlebot3_teleop:/home/absolutezeno/Auto-BT-Generation/install/turtlebot3_example:/home/absolutezeno/Auto-BT-Generation/install/py_trees_ros_viewer:/home/absolutezeno/Auto-BT-Generation/install/py_trees_ros_tutorials:/home/absolutezeno/Auto-BT-Generation/install/py_trees_ros:/home/absolutezeno/fra532_exam/install/mir_driver:/home/absolutezeno/fra532_exam/install/twist_stamper:/home/absolutezeno/fra532_exam/install/mir_restapi:/opt/ros/humble PS1=(isaaclab) \[\e]0;\u@\h: \w\a\]${debian_chroot:+($debian_chroot)}\[\033[01;32m\]\u@\h\[\033[00m\]:\[\033[01;34m\]\w\[\033[00m\]\$ VIRTUAL_ENV_PROMPT=(isaaclab) /usr/bin/cmake --build /home/absolutezeno/Auto-BT-Generation/build/turtlebot3_node -- -j20 -l20
[1.103s] Invoking command in '/home/absolutezeno/Auto-BT-Generation/build/turtlebot3_node': CMAKE_PREFIX_PATH=${CMAKE_PREFIX_PATH}:/home/absolutezeno/Auto-BT-Generation/install/turtlebot3_teleop:/home/absolutezeno/Auto-BT-Generation/install/turtlebot3_example:/home/absolutezeno/Auto-BT-Generation/install/py_trees_ros_viewer:/home/absolutezeno/Auto-BT-Generation/install/py_trees_ros_tutorials:/home/absolutezeno/Auto-BT-Generation/install/py_trees_ros:/home/absolutezeno/fra532_exam/install/mir_driver:/home/absolutezeno/fra532_exam/install/twist_stamper:/home/absolutezeno/fra532_exam/install/mir_restapi:/opt/ros/humble PS1=(isaaclab) \[\e]0;\u@\h: \w\a\]${debian_chroot:+($debian_chroot)}\[\033[01;32m\]\u@\h\[\033[00m\]:\[\033[01;34m\]\w\[\033[00m\]\$ VIRTUAL_ENV_PROMPT=(isaaclab) /usr/bin/cmake --install /home/absolutezeno/Auto-BT-Generation/build/turtlebot3_node
[1.110s] -- Install configuration: ""
[1.112s] -- Up-to-date: /home/absolutezeno/Auto-BT-Generation/install/turtlebot3_node/share/turtlebot3_node/param
[1.112s] -- Up-to-date: /home/absolutezeno/Auto-BT-Generation/install/turtlebot3_node/share/turtlebot3_node/param/waffle.yaml
[1.112s] -- Up-to-date: /home/absolutezeno/Auto-BT-Generation/install/turtlebot3_node/share/turtlebot3_node/param/burger.yaml
[1.112s] -- Up-to-date: /home/absolutezeno/Auto-BT-Generation/install/turtlebot3_node/share/turtlebot3_node/param/waffle_pi.yaml
[1.112s] -- Up-to-date: /home/absolutezeno/Auto-BT-Generation/install/turtlebot3_node/lib/turtlebot3_node/turtlebot3_ros
[1.112s] -- Up-to-date: /home/absolutezeno/Auto-BT-Generation/install/turtlebot3_node/share/ament_index/resource_index/package_run_dependencies/turtlebot3_node
[1.112s] -- Up-to-date: /home/absolutezeno/Auto-BT-Generation/install/turtlebot3_node/share/ament_index/resource_index/parent_prefix_path/turtlebot3_node
[1.112s] -- Up-to-date: /home/absolutezeno/Auto-BT-Generation/install/turtlebot3_node/share/turtlebot3_node/environment/ament_prefix_path.sh
[1.112s] -- Up-to-date: /home/absolutezeno/Auto-BT-Generation/install/turtlebot3_node/share/turtlebot3_node/environment/ament_prefix_path.dsv
[1.112s] -- Up-to-date: /home/absolutezeno/Auto-BT-Generation/install/turtlebot3_node/share/turtlebot3_node/environment/path.sh
[1.112s] -- Up-to-date: /home/absolutezeno/Auto-BT-Generation/install/turtlebot3_node/share/turtlebot3_node/environment/path.dsv
[1.112s] -- Up-to-date: /home/absolutezeno/Auto-BT-Generation/install/turtlebot3_node/share/turtlebot3_node/local_setup.bash
[1.112s] -- Up-to-date: /home/absolutezeno/Auto-BT-Generation/install/turtlebot3_node/share/turtlebot3_node/local_setup.sh
[1.113s] -- Up-to-date: /home/absolutezeno/Auto-BT-Generation/install/turtlebot3_node/share/turtlebot3_node/local_setup.zsh
[1.113s] -- Up-to-date: /home/absolutezeno/Auto-BT-Generation/install/turtlebot3_node/share/turtlebot3_node/local_setup.dsv
[1.113s] -- Installing: /home/absolutezeno/Auto-BT-Generation/install/turtlebot3_node/share/turtlebot3_node/package.dsv
[1.113s] -- Up-to-date: /home/absolutezeno/Auto-BT-Generation/install/turtlebot3_node/share/ament_index/resource_index/packages/turtlebot3_node
[1.113s] -- Up-to-date: /home/absolutezeno/Auto-BT-Generation/install/turtlebot3_node/share/turtlebot3_node/cmake/ament_cmake_export_include_directories-extras.cmake
[1.113s] -- Up-to-date: /home/absolutezeno/Auto-BT-Generation/install/turtlebot3_node/share/turtlebot3_node/cmake/turtlebot3_nodeConfig.cmake
[1.113s] -- Up-to-date: /home/absolutezeno/Auto-BT-Generation/install/turtlebot3_node/share/turtlebot3_node/cmake/turtlebot3_nodeConfig-version.cmake
[1.113s] -- Up-to-date: /home/absolutezeno/Auto-BT-Generation/install/turtlebot3_node/share/turtlebot3_node/package.xml
[1.127s] Invoked command in '/home/absolutezeno/Auto-BT-Generation/build/turtlebot3_node' returned '0': CMAKE_PREFIX_PATH=${CMAKE_PREFIX_PATH}:/home/absolutezeno/Auto-BT-Generation/install/turtlebot3_teleop:/home/absolutezeno/Auto-BT-Generation/install/turtlebot3_example:/home/absolutezeno/Auto-BT-Generation/install/py_trees_ros_viewer:/home/absolutezeno/Auto-BT-Generation/install/py_trees_ros_tutorials:/home/absolutezeno/Auto-BT-Generation/install/py_trees_ros:/home/absolutezeno/fra532_exam/install/mir_driver:/home/absolutezeno/fra532_exam/install/twist_stamper:/home/absolutezeno/fra532_exam/install/mir_restapi:/opt/ros/humble PS1=(isaaclab) \[\e]0;\u@\h: \w\a\]${debian_chroot:+($debian_chroot)}\[\033[01;32m\]\u@\h\[\033[00m\]:\[\033[01;34m\]\w\[\033[00m\]\$ VIRTUAL_ENV_PROMPT=(isaaclab) /usr/bin/cmake --install /home/absolutezeno/Auto-BT-Generation/build/turtlebot3_node
