[0.861s] Invoking command in '/home/absolutezeno/Auto-BT-Generation/py_trees_ros_viewer': PS1=\[\e]0;\u@\h: \w\a\]${debian_chroot:+($debian_chroot)}\[\033[01;32m\]\u@\h\[\033[00m\]:\[\033[01;34m\]\w\[\033[00m\]\$ PYTHONPATH=/home/absolutezeno/Auto-BT-Generation/build/py_trees_ros_viewer/prefix_override:/home/absolutezeno/Auto-BT-Generation/install/py_trees_ros_viewer/lib/python3.10/site-packages:${PYTHONPATH} /usr/bin/python3 setup.py egg_info --egg-base ../build/py_trees_ros_viewer build --build-base /home/absolutezeno/Auto-BT-Generation/build/py_trees_ros_viewer/build install --record /home/absolutezeno/Auto-BT-Generation/build/py_trees_ros_viewer/install.log --single-version-externally-managed
[0.876s] /home/absolutezeno/Auto-BT-Generation/py_trees_ros_viewer/setup.py:5: DeprecationWarning: The distutils package is deprecated and slated for removal in Python 3.12. Use setuptools or check PEP 632 for potential alternatives
[0.876s]   from distutils import log
[1.015s] running egg_info
[1.016s] creating ../build/py_trees_ros_viewer/py_trees_ros_viewer.egg-info
[1.016s] writing ../build/py_trees_ros_viewer/py_trees_ros_viewer.egg-info/PKG-INFO
[1.016s] writing dependency_links to ../build/py_trees_ros_viewer/py_trees_ros_viewer.egg-info/dependency_links.txt
[1.016s] writing entry points to ../build/py_trees_ros_viewer/py_trees_ros_viewer.egg-info/entry_points.txt
[1.016s] writing top-level names to ../build/py_trees_ros_viewer/py_trees_ros_viewer.egg-info/top_level.txt
[1.016s] writing manifest file '../build/py_trees_ros_viewer/py_trees_ros_viewer.egg-info/SOURCES.txt'
[1.017s] reading manifest file '../build/py_trees_ros_viewer/py_trees_ros_viewer.egg-info/SOURCES.txt'
[1.017s] adding license file 'LICENSE'
[1.017s] writing manifest file '../build/py_trees_ros_viewer/py_trees_ros_viewer.egg-info/SOURCES.txt'
[1.017s] running build
[1.017s] running build_py
[1.017s] creating /home/absolutezeno/Auto-BT-Generation/build/py_trees_ros_viewer/build
[1.017s] creating /home/absolutezeno/Auto-BT-Generation/build/py_trees_ros_viewer/build/lib
[1.017s] creating /home/absolutezeno/Auto-BT-Generation/build/py_trees_ros_viewer/build/lib/py_trees_ros_viewer
[1.017s] copying py_trees_ros_viewer/viewer.py -> /home/absolutezeno/Auto-BT-Generation/build/py_trees_ros_viewer/build/lib/py_trees_ros_viewer
[1.018s] copying py_trees_ros_viewer/web_app_rc.py -> /home/absolutezeno/Auto-BT-Generation/build/py_trees_ros_viewer/build/lib/py_trees_ros_viewer
[1.018s] copying py_trees_ros_viewer/exceptions.py -> /home/absolutezeno/Auto-BT-Generation/build/py_trees_ros_viewer/build/lib/py_trees_ros_viewer
[1.018s] copying py_trees_ros_viewer/backend.py -> /home/absolutezeno/Auto-BT-Generation/build/py_trees_ros_viewer/build/lib/py_trees_ros_viewer
[1.018s] copying py_trees_ros_viewer/main_window_ui.py -> /home/absolutezeno/Auto-BT-Generation/build/py_trees_ros_viewer/build/lib/py_trees_ros_viewer
[1.018s] copying py_trees_ros_viewer/conversions.py -> /home/absolutezeno/Auto-BT-Generation/build/py_trees_ros_viewer/build/lib/py_trees_ros_viewer
[1.018s] copying py_trees_ros_viewer/console.py -> /home/absolutezeno/Auto-BT-Generation/build/py_trees_ros_viewer/build/lib/py_trees_ros_viewer
[1.018s] copying py_trees_ros_viewer/utilities.py -> /home/absolutezeno/Auto-BT-Generation/build/py_trees_ros_viewer/build/lib/py_trees_ros_viewer
[1.018s] copying py_trees_ros_viewer/__init__.py -> /home/absolutezeno/Auto-BT-Generation/build/py_trees_ros_viewer/build/lib/py_trees_ros_viewer
[1.018s] copying py_trees_ros_viewer/web_view_ui.py -> /home/absolutezeno/Auto-BT-Generation/build/py_trees_ros_viewer/build/lib/py_trees_ros_viewer
[1.018s] copying py_trees_ros_viewer/images_rc.py -> /home/absolutezeno/Auto-BT-Generation/build/py_trees_ros_viewer/build/lib/py_trees_ros_viewer
[1.018s] copying py_trees_ros_viewer/main_window.py -> /home/absolutezeno/Auto-BT-Generation/build/py_trees_ros_viewer/build/lib/py_trees_ros_viewer
[1.018s] copying py_trees_ros_viewer/web_view.py -> /home/absolutezeno/Auto-BT-Generation/build/py_trees_ros_viewer/build/lib/py_trees_ros_viewer
[1.018s] copying py_trees_ros_viewer/main_window.ui -> /home/absolutezeno/Auto-BT-Generation/build/py_trees_ros_viewer/build/lib/py_trees_ros_viewer
[1.019s] copying py_trees_ros_viewer/web_view.ui -> /home/absolutezeno/Auto-BT-Generation/build/py_trees_ros_viewer/build/lib/py_trees_ros_viewer
[1.019s] creating /home/absolutezeno/Auto-BT-Generation/build/py_trees_ros_viewer/build/lib/py_trees_ros_viewer/html
[1.019s] copying py_trees_ros_viewer/html/index.html -> /home/absolutezeno/Auto-BT-Generation/build/py_trees_ros_viewer/build/lib/py_trees_ros_viewer/html
[1.019s] creating /home/absolutezeno/Auto-BT-Generation/build/py_trees_ros_viewer/build/lib/py_trees_ros_viewer/images
[1.019s] copying py_trees_ros_viewer/images/tuxrobot.png -> /home/absolutezeno/Auto-BT-Generation/build/py_trees_ros_viewer/build/lib/py_trees_ros_viewer/images
[1.019s] running install
[1.019s] running install_lib
[1.019s] /usr/lib/python3/dist-packages/setuptools/command/install.py:34: SetuptoolsDeprecationWarning: setup.py install is deprecated. Use build and pip and other standards-based tools.
[1.019s]   warnings.warn(
[1.020s] creating /home/absolutezeno/Auto-BT-Generation/install/py_trees_ros_viewer/lib/python3.10/site-packages/py_trees_ros_viewer
[1.020s] copying /home/absolutezeno/Auto-BT-Generation/build/py_trees_ros_viewer/build/lib/py_trees_ros_viewer/main_window.ui -> /home/absolutezeno/Auto-BT-Generation/install/py_trees_ros_viewer/lib/python3.10/site-packages/py_trees_ros_viewer
[1.020s] copying /home/absolutezeno/Auto-BT-Generation/build/py_trees_ros_viewer/build/lib/py_trees_ros_viewer/viewer.py -> /home/absolutezeno/Auto-BT-Generation/install/py_trees_ros_viewer/lib/python3.10/site-packages/py_trees_ros_viewer
[1.020s] copying /home/absolutezeno/Auto-BT-Generation/build/py_trees_ros_viewer/build/lib/py_trees_ros_viewer/web_app_rc.py -> /home/absolutezeno/Auto-BT-Generation/install/py_trees_ros_viewer/lib/python3.10/site-packages/py_trees_ros_viewer
[1.020s] copying /home/absolutezeno/Auto-BT-Generation/build/py_trees_ros_viewer/build/lib/py_trees_ros_viewer/exceptions.py -> /home/absolutezeno/Auto-BT-Generation/install/py_trees_ros_viewer/lib/python3.10/site-packages/py_trees_ros_viewer
[1.020s] creating /home/absolutezeno/Auto-BT-Generation/install/py_trees_ros_viewer/lib/python3.10/site-packages/py_trees_ros_viewer/html
[1.020s] copying /home/absolutezeno/Auto-BT-Generation/build/py_trees_ros_viewer/build/lib/py_trees_ros_viewer/html/index.html -> /home/absolutezeno/Auto-BT-Generation/install/py_trees_ros_viewer/lib/python3.10/site-packages/py_trees_ros_viewer/html
[1.020s] copying /home/absolutezeno/Auto-BT-Generation/build/py_trees_ros_viewer/build/lib/py_trees_ros_viewer/backend.py -> /home/absolutezeno/Auto-BT-Generation/install/py_trees_ros_viewer/lib/python3.10/site-packages/py_trees_ros_viewer
[1.020s] copying /home/absolutezeno/Auto-BT-Generation/build/py_trees_ros_viewer/build/lib/py_trees_ros_viewer/main_window_ui.py -> /home/absolutezeno/Auto-BT-Generation/install/py_trees_ros_viewer/lib/python3.10/site-packages/py_trees_ros_viewer
[1.020s] copying /home/absolutezeno/Auto-BT-Generation/build/py_trees_ros_viewer/build/lib/py_trees_ros_viewer/conversions.py -> /home/absolutezeno/Auto-BT-Generation/install/py_trees_ros_viewer/lib/python3.10/site-packages/py_trees_ros_viewer
[1.020s] copying /home/absolutezeno/Auto-BT-Generation/build/py_trees_ros_viewer/build/lib/py_trees_ros_viewer/console.py -> /home/absolutezeno/Auto-BT-Generation/install/py_trees_ros_viewer/lib/python3.10/site-packages/py_trees_ros_viewer
[1.020s] copying /home/absolutezeno/Auto-BT-Generation/build/py_trees_ros_viewer/build/lib/py_trees_ros_viewer/utilities.py -> /home/absolutezeno/Auto-BT-Generation/install/py_trees_ros_viewer/lib/python3.10/site-packages/py_trees_ros_viewer
[1.020s] copying /home/absolutezeno/Auto-BT-Generation/build/py_trees_ros_viewer/build/lib/py_trees_ros_viewer/__init__.py -> /home/absolutezeno/Auto-BT-Generation/install/py_trees_ros_viewer/lib/python3.10/site-packages/py_trees_ros_viewer
[1.020s] copying /home/absolutezeno/Auto-BT-Generation/build/py_trees_ros_viewer/build/lib/py_trees_ros_viewer/web_view.ui -> /home/absolutezeno/Auto-BT-Generation/install/py_trees_ros_viewer/lib/python3.10/site-packages/py_trees_ros_viewer
[1.020s] copying /home/absolutezeno/Auto-BT-Generation/build/py_trees_ros_viewer/build/lib/py_trees_ros_viewer/web_view_ui.py -> /home/absolutezeno/Auto-BT-Generation/install/py_trees_ros_viewer/lib/python3.10/site-packages/py_trees_ros_viewer
[1.020s] copying /home/absolutezeno/Auto-BT-Generation/build/py_trees_ros_viewer/build/lib/py_trees_ros_viewer/images_rc.py -> /home/absolutezeno/Auto-BT-Generation/install/py_trees_ros_viewer/lib/python3.10/site-packages/py_trees_ros_viewer
[1.020s] copying /home/absolutezeno/Auto-BT-Generation/build/py_trees_ros_viewer/build/lib/py_trees_ros_viewer/main_window.py -> /home/absolutezeno/Auto-BT-Generation/install/py_trees_ros_viewer/lib/python3.10/site-packages/py_trees_ros_viewer
[1.020s] creating /home/absolutezeno/Auto-BT-Generation/install/py_trees_ros_viewer/lib/python3.10/site-packages/py_trees_ros_viewer/images
[1.020s] copying /home/absolutezeno/Auto-BT-Generation/build/py_trees_ros_viewer/build/lib/py_trees_ros_viewer/images/tuxrobot.png -> /home/absolutezeno/Auto-BT-Generation/install/py_trees_ros_viewer/lib/python3.10/site-packages/py_trees_ros_viewer/images
[1.020s] copying /home/absolutezeno/Auto-BT-Generation/build/py_trees_ros_viewer/build/lib/py_trees_ros_viewer/web_view.py -> /home/absolutezeno/Auto-BT-Generation/install/py_trees_ros_viewer/lib/python3.10/site-packages/py_trees_ros_viewer
[1.021s] byte-compiling /home/absolutezeno/Auto-BT-Generation/install/py_trees_ros_viewer/lib/python3.10/site-packages/py_trees_ros_viewer/viewer.py to viewer.cpython-310.pyc
[1.021s] byte-compiling /home/absolutezeno/Auto-BT-Generation/install/py_trees_ros_viewer/lib/python3.10/site-packages/py_trees_ros_viewer/web_app_rc.py to web_app_rc.cpython-310.pyc
[1.021s] byte-compiling /home/absolutezeno/Auto-BT-Generation/install/py_trees_ros_viewer/lib/python3.10/site-packages/py_trees_ros_viewer/exceptions.py to exceptions.cpython-310.pyc
[1.022s] byte-compiling /home/absolutezeno/Auto-BT-Generation/install/py_trees_ros_viewer/lib/python3.10/site-packages/py_trees_ros_viewer/backend.py to backend.cpython-310.pyc
[1.022s] byte-compiling /home/absolutezeno/Auto-BT-Generation/install/py_trees_ros_viewer/lib/python3.10/site-packages/py_trees_ros_viewer/main_window_ui.py to main_window_ui.cpython-310.pyc
[1.023s] byte-compiling /home/absolutezeno/Auto-BT-Generation/install/py_trees_ros_viewer/lib/python3.10/site-packages/py_trees_ros_viewer/conversions.py to conversions.cpython-310.pyc
[1.023s] byte-compiling /home/absolutezeno/Auto-BT-Generation/install/py_trees_ros_viewer/lib/python3.10/site-packages/py_trees_ros_viewer/console.py to console.cpython-310.pyc
[1.024s] byte-compiling /home/absolutezeno/Auto-BT-Generation/install/py_trees_ros_viewer/lib/python3.10/site-packages/py_trees_ros_viewer/utilities.py to utilities.cpython-310.pyc
[1.024s] byte-compiling /home/absolutezeno/Auto-BT-Generation/install/py_trees_ros_viewer/lib/python3.10/site-packages/py_trees_ros_viewer/__init__.py to __init__.cpython-310.pyc
[1.024s] byte-compiling /home/absolutezeno/Auto-BT-Generation/install/py_trees_ros_viewer/lib/python3.10/site-packages/py_trees_ros_viewer/web_view_ui.py to web_view_ui.cpython-310.pyc
[1.024s] byte-compiling /home/absolutezeno/Auto-BT-Generation/install/py_trees_ros_viewer/lib/python3.10/site-packages/py_trees_ros_viewer/images_rc.py to images_rc.cpython-310.pyc
[1.025s] byte-compiling /home/absolutezeno/Auto-BT-Generation/install/py_trees_ros_viewer/lib/python3.10/site-packages/py_trees_ros_viewer/main_window.py to main_window.cpython-310.pyc
[1.025s] byte-compiling /home/absolutezeno/Auto-BT-Generation/install/py_trees_ros_viewer/lib/python3.10/site-packages/py_trees_ros_viewer/web_view.py to web_view.cpython-310.pyc
[1.025s] running install_data
[1.026s] copying package.xml -> /home/absolutezeno/Auto-BT-Generation/install/py_trees_ros_viewer/share/py_trees_ros_viewer
[1.026s] running install_egg_info
[1.026s] Copying ../build/py_trees_ros_viewer/py_trees_ros_viewer.egg-info to /home/absolutezeno/Auto-BT-Generation/install/py_trees_ros_viewer/lib/python3.10/site-packages/py_trees_ros_viewer-0.2.3-py3.10.egg-info
[1.026s] running install_scripts
[1.027s] Installing py-trees-tree-viewer script to /home/absolutezeno/Auto-BT-Generation/install/py_trees_ros_viewer/bin
[1.027s] writing list of installed files to '/home/absolutezeno/Auto-BT-Generation/build/py_trees_ros_viewer/install.log'
[1.044s] Invoked command in '/home/absolutezeno/Auto-BT-Generation/py_trees_ros_viewer' returned '0': PS1=\[\e]0;\u@\h: \w\a\]${debian_chroot:+($debian_chroot)}\[\033[01;32m\]\u@\h\[\033[00m\]:\[\033[01;34m\]\w\[\033[00m\]\$ PYTHONPATH=/home/absolutezeno/Auto-BT-Generation/build/py_trees_ros_viewer/prefix_override:/home/absolutezeno/Auto-BT-Generation/install/py_trees_ros_viewer/lib/python3.10/site-packages:${PYTHONPATH} /usr/bin/python3 setup.py egg_info --egg-base ../build/py_trees_ros_viewer build --build-base /home/absolutezeno/Auto-BT-Generation/build/py_trees_ros_viewer/build install --record /home/absolutezeno/Auto-BT-Generation/build/py_trees_ros_viewer/install.log --single-version-externally-managed
