[  1%] [34m[1mGenerating C code for ROS interfaces[0m
[  3%] [34m[1mGenerating C++ code for ROS interfaces[0m
[  3%] Built target ament_cmake_python_copy_isaac_ros2_messages
running egg_info
writing isaac_ros2_messages.egg-info/PKG-INFO
writing dependency_links to isaac_ros2_messages.egg-info/dependency_links.txt
writing top-level names to isaac_ros2_messages.egg-info/top_level.txt
reading manifest file 'isaac_ros2_messages.egg-info/SOURCES.txt'
writing manifest file 'isaac_ros2_messages.egg-info/SOURCES.txt'
[  3%] Built target ament_cmake_python_build_isaac_ros2_messages_egg
[  6%] [32mBuilding C object CMakeFiles/isaac_ros2_messages__rosidl_generator_c.dir/rosidl_generator_c/isaac_ros2_messages/srv/detail/get_prims__functions.c.o[0m
[  6%] [32mBuilding C object CMakeFiles/isaac_ros2_messages__rosidl_generator_c.dir/rosidl_generator_c/isaac_ros2_messages/srv/detail/get_prim_attributes__functions.c.o[0m
[  7%] [32mBuilding C object CMakeFiles/isaac_ros2_messages__rosidl_generator_c.dir/rosidl_generator_c/isaac_ros2_messages/srv/detail/get_prim_attribute__functions.c.o[0m
[  9%] [32mBuilding C object CMakeFiles/isaac_ros2_messages__rosidl_generator_c.dir/rosidl_generator_c/isaac_ros2_messages/srv/detail/isaac_pose__functions.c.o[0m
[ 11%] [32mBuilding C object CMakeFiles/isaac_ros2_messages__rosidl_generator_c.dir/rosidl_generator_c/isaac_ros2_messages/srv/detail/set_prim_attribute__functions.c.o[0m
[ 12%] [32m[1mLinking C shared library libisaac_ros2_messages__rosidl_generator_c.so[0m
[ 12%] Built target isaac_ros2_messages__rosidl_generator_c
[ 14%] [34m[1mGenerating C introspection for ROS interfaces[0m
[ 15%] [34m[1mGenerating C type support for eProsima Fast-RTPS[0m
[ 17%] [34m[1mGenerating C type support dispatch for ROS interfaces[0m
[ 17%] Built target isaac_ros2_messages__cpp
[ 20%] [34m[1mGenerating C++ type support dispatch for ROS interfaces[0m
[ 20%] [34m[1mGenerating C++ type support for eProsima Fast-RTPS[0m
[ 22%] [34m[1mGenerating C++ introspection for ROS interfaces[0m
[ 23%] [32mBuilding CXX object CMakeFiles/isaac_ros2_messages__rosidl_typesupport_c.dir/rosidl_typesupport_c/isaac_ros2_messages/srv/get_prim_attribute__type_support.cpp.o[0m
[ 25%] [32mBuilding CXX object CMakeFiles/isaac_ros2_messages__rosidl_typesupport_c.dir/rosidl_typesupport_c/isaac_ros2_messages/srv/isaac_pose__type_support.cpp.o[0m
[ 28%] [32mBuilding CXX object CMakeFiles/isaac_ros2_messages__rosidl_typesupport_c.dir/rosidl_typesupport_c/isaac_ros2_messages/srv/get_prims__type_support.cpp.o[0m
[ 28%] [32mBuilding CXX object CMakeFiles/isaac_ros2_messages__rosidl_typesupport_c.dir/rosidl_typesupport_c/isaac_ros2_messages/srv/get_prim_attributes__type_support.cpp.o[0m
[ 30%] [32mBuilding CXX object CMakeFiles/isaac_ros2_messages__rosidl_typesupport_c.dir/rosidl_typesupport_c/isaac_ros2_messages/srv/set_prim_attribute__type_support.cpp.o[0m
[ 31%] [32m[1mLinking CXX shared library libisaac_ros2_messages__rosidl_typesupport_c.so[0m
[ 31%] Built target isaac_ros2_messages__rosidl_typesupport_c
[ 33%] [32mBuilding C object CMakeFiles/isaac_ros2_messages__rosidl_typesupport_introspection_c.dir/rosidl_typesupport_introspection_c/isaac_ros2_messages/srv/detail/get_prim_attribute__type_support.c.o[0m
[ 34%] [32mBuilding C object CMakeFiles/isaac_ros2_messages__rosidl_typesupport_introspection_c.dir/rosidl_typesupport_introspection_c/isaac_ros2_messages/srv/detail/get_prims__type_support.c.o[0m
[ 36%] [32mBuilding C object CMakeFiles/isaac_ros2_messages__rosidl_typesupport_introspection_c.dir/rosidl_typesupport_introspection_c/isaac_ros2_messages/srv/detail/isaac_pose__type_support.c.o[0m
[ 39%] [32mBuilding C object CMakeFiles/isaac_ros2_messages__rosidl_typesupport_introspection_c.dir/rosidl_typesupport_introspection_c/isaac_ros2_messages/srv/detail/get_prim_attributes__type_support.c.o[0m
[ 39%] [32mBuilding C object CMakeFiles/isaac_ros2_messages__rosidl_typesupport_introspection_c.dir/rosidl_typesupport_introspection_c/isaac_ros2_messages/srv/detail/set_prim_attribute__type_support.c.o[0m
[ 42%] [32mBuilding CXX object CMakeFiles/isaac_ros2_messages__rosidl_typesupport_cpp.dir/rosidl_typesupport_cpp/isaac_ros2_messages/srv/get_prim_attribute__type_support.cpp.o[0m
[ 42%] [32mBuilding CXX object CMakeFiles/isaac_ros2_messages__rosidl_typesupport_cpp.dir/rosidl_typesupport_cpp/isaac_ros2_messages/srv/set_prim_attribute__type_support.cpp.o[0m
[ 44%] [32mBuilding CXX object CMakeFiles/isaac_ros2_messages__rosidl_typesupport_cpp.dir/rosidl_typesupport_cpp/isaac_ros2_messages/srv/get_prim_attributes__type_support.cpp.o[0m
[ 46%] [32mBuilding CXX object CMakeFiles/isaac_ros2_messages__rosidl_typesupport_cpp.dir/rosidl_typesupport_cpp/isaac_ros2_messages/srv/isaac_pose__type_support.cpp.o[0m
[ 47%] [32mBuilding CXX object CMakeFiles/isaac_ros2_messages__rosidl_typesupport_cpp.dir/rosidl_typesupport_cpp/isaac_ros2_messages/srv/get_prims__type_support.cpp.o[0m
[ 49%] [32m[1mLinking C shared library libisaac_ros2_messages__rosidl_typesupport_introspection_c.so[0m
[ 49%] Built target isaac_ros2_messages__rosidl_typesupport_introspection_c
[ 50%] [32mBuilding CXX object CMakeFiles/isaac_ros2_messages__rosidl_typesupport_introspection_cpp.dir/rosidl_typesupport_introspection_cpp/isaac_ros2_messages/srv/detail/isaac_pose__type_support.cpp.o[0m
[ 53%] [32mBuilding CXX object CMakeFiles/isaac_ros2_messages__rosidl_typesupport_introspection_cpp.dir/rosidl_typesupport_introspection_cpp/isaac_ros2_messages/srv/detail/get_prim_attributes__type_support.cpp.o[0m
[ 53%] [32mBuilding CXX object CMakeFiles/isaac_ros2_messages__rosidl_typesupport_introspection_cpp.dir/rosidl_typesupport_introspection_cpp/isaac_ros2_messages/srv/detail/get_prim_attribute__type_support.cpp.o[0m
[ 55%] [32mBuilding CXX object CMakeFiles/isaac_ros2_messages__rosidl_typesupport_introspection_cpp.dir/rosidl_typesupport_introspection_cpp/isaac_ros2_messages/srv/detail/get_prims__type_support.cpp.o[0m
[ 57%] [32mBuilding CXX object CMakeFiles/isaac_ros2_messages__rosidl_typesupport_introspection_cpp.dir/rosidl_typesupport_introspection_cpp/isaac_ros2_messages/srv/detail/set_prim_attribute__type_support.cpp.o[0m
[ 58%] [32mBuilding CXX object CMakeFiles/isaac_ros2_messages__rosidl_typesupport_fastrtps_cpp.dir/rosidl_typesupport_fastrtps_cpp/isaac_ros2_messages/srv/detail/dds_fastrtps/get_prims__type_support.cpp.o[0m
[ 61%] [32mBuilding CXX object CMakeFiles/isaac_ros2_messages__rosidl_typesupport_fastrtps_cpp.dir/rosidl_typesupport_fastrtps_cpp/isaac_ros2_messages/srv/detail/dds_fastrtps/get_prim_attributes__type_support.cpp.o[0m
[ 61%] [32mBuilding CXX object CMakeFiles/isaac_ros2_messages__rosidl_typesupport_fastrtps_cpp.dir/rosidl_typesupport_fastrtps_cpp/isaac_ros2_messages/srv/detail/dds_fastrtps/set_prim_attribute__type_support.cpp.o[0m
[ 63%] [32mBuilding CXX object CMakeFiles/isaac_ros2_messages__rosidl_typesupport_fastrtps_cpp.dir/rosidl_typesupport_fastrtps_cpp/isaac_ros2_messages/srv/detail/dds_fastrtps/isaac_pose__type_support.cpp.o[0m
[ 65%] [32mBuilding CXX object CMakeFiles/isaac_ros2_messages__rosidl_typesupport_fastrtps_cpp.dir/rosidl_typesupport_fastrtps_cpp/isaac_ros2_messages/srv/detail/dds_fastrtps/get_prim_attribute__type_support.cpp.o[0m
[ 66%] [32mBuilding CXX object CMakeFiles/isaac_ros2_messages__rosidl_typesupport_fastrtps_c.dir/rosidl_typesupport_fastrtps_c/isaac_ros2_messages/srv/detail/get_prims__type_support_c.cpp.o[0m
[ 68%] [32mBuilding CXX object CMakeFiles/isaac_ros2_messages__rosidl_typesupport_fastrtps_c.dir/rosidl_typesupport_fastrtps_c/isaac_ros2_messages/srv/detail/isaac_pose__type_support_c.cpp.o[0m
[ 69%] [32mBuilding CXX object CMakeFiles/isaac_ros2_messages__rosidl_typesupport_fastrtps_c.dir/rosidl_typesupport_fastrtps_c/isaac_ros2_messages/srv/detail/get_prim_attributes__type_support_c.cpp.o[0m
[ 71%] [32mBuilding CXX object CMakeFiles/isaac_ros2_messages__rosidl_typesupport_fastrtps_c.dir/rosidl_typesupport_fastrtps_c/isaac_ros2_messages/srv/detail/get_prim_attribute__type_support_c.cpp.o[0m
[ 73%] [32mBuilding CXX object CMakeFiles/isaac_ros2_messages__rosidl_typesupport_fastrtps_c.dir/rosidl_typesupport_fastrtps_c/isaac_ros2_messages/srv/detail/set_prim_attribute__type_support_c.cpp.o[0m
[ 74%] [32m[1mLinking CXX shared library libisaac_ros2_messages__rosidl_typesupport_cpp.so[0m
[ 74%] Built target isaac_ros2_messages__rosidl_typesupport_cpp
[ 76%] [32m[1mLinking CXX shared library libisaac_ros2_messages__rosidl_typesupport_introspection_cpp.so[0m
[ 76%] Built target isaac_ros2_messages__rosidl_typesupport_introspection_cpp
[ 77%] [32m[1mLinking CXX shared library libisaac_ros2_messages__rosidl_typesupport_fastrtps_c.so[0m
[ 77%] Built target isaac_ros2_messages__rosidl_typesupport_fastrtps_c
[ 79%] [32m[1mLinking CXX shared library libisaac_ros2_messages__rosidl_typesupport_fastrtps_cpp.so[0m
[ 79%] Built target isaac_ros2_messages__rosidl_typesupport_fastrtps_cpp
[ 79%] Built target isaac_ros2_messages
[ 80%] [34m[1mGenerating Python code for ROS interfaces[0m
[ 80%] Built target isaac_ros2_messages__py
[ 84%] [32mBuilding C object CMakeFiles/isaac_ros2_messages__rosidl_generator_py.dir/rosidl_generator_py/isaac_ros2_messages/srv/_get_prim_attributes_s.c.o[0m
[ 84%] [32mBuilding C object CMakeFiles/isaac_ros2_messages__rosidl_generator_py.dir/rosidl_generator_py/isaac_ros2_messages/srv/_get_prims_s.c.o[0m
[ 85%] [32mBuilding C object CMakeFiles/isaac_ros2_messages__rosidl_generator_py.dir/rosidl_generator_py/isaac_ros2_messages/srv/_isaac_pose_s.c.o[0m
[ 87%] [32mBuilding C object CMakeFiles/isaac_ros2_messages__rosidl_generator_py.dir/rosidl_generator_py/isaac_ros2_messages/srv/_get_prim_attribute_s.c.o[0m
[ 88%] [32mBuilding C object CMakeFiles/isaac_ros2_messages__rosidl_generator_py.dir/rosidl_generator_py/isaac_ros2_messages/srv/_set_prim_attribute_s.c.o[0m
[ 90%] [32m[1mLinking C shared library rosidl_generator_py/isaac_ros2_messages/libisaac_ros2_messages__rosidl_generator_py.so[0m
[ 90%] Built target isaac_ros2_messages__rosidl_generator_py
[ 93%] [32mBuilding C object CMakeFiles/isaac_ros2_messages__rosidl_typesupport_introspection_c__pyext.dir/rosidl_generator_py/isaac_ros2_messages/_isaac_ros2_messages_s.ep.rosidl_typesupport_introspection_c.c.o[0m
[ 93%] [32mBuilding C object CMakeFiles/isaac_ros2_messages__rosidl_typesupport_fastrtps_c__pyext.dir/rosidl_generator_py/isaac_ros2_messages/_isaac_ros2_messages_s.ep.rosidl_typesupport_fastrtps_c.c.o[0m
[ 95%] [32mBuilding C object CMakeFiles/isaac_ros2_messages__rosidl_typesupport_c__pyext.dir/rosidl_generator_py/isaac_ros2_messages/_isaac_ros2_messages_s.ep.rosidl_typesupport_c.c.o[0m
[100%] [32m[1mLinking C shared library rosidl_generator_py/isaac_ros2_messages/isaac_ros2_messages_s__rosidl_typesupport_introspection_c.cpython-310-x86_64-linux-gnu.so[0m
[100%] [32m[1mLinking C shared library rosidl_generator_py/isaac_ros2_messages/isaac_ros2_messages_s__rosidl_typesupport_c.cpython-310-x86_64-linux-gnu.so[0m
[100%] [32m[1mLinking C shared library rosidl_generator_py/isaac_ros2_messages/isaac_ros2_messages_s__rosidl_typesupport_fastrtps_c.cpython-310-x86_64-linux-gnu.so[0m
[100%] Built target isaac_ros2_messages__rosidl_typesupport_introspection_c__pyext
[100%] Built target isaac_ros2_messages__rosidl_typesupport_fastrtps_c__pyext
[100%] Built target isaac_ros2_messages__rosidl_typesupport_c__pyext
-- Install configuration: ""
-- Installing: /home/absolutezeno/Auto-BT-Generation/install/isaac_ros2_messages/share/ament_index/resource_index/rosidl_interfaces/isaac_ros2_messages
-- Installing: /home/absolutezeno/Auto-BT-Generation/install/isaac_ros2_messages/include/isaac_ros2_messages/isaac_ros2_messages
-- Installing: /home/absolutezeno/Auto-BT-Generation/install/isaac_ros2_messages/include/isaac_ros2_messages/isaac_ros2_messages/msg
-- Installing: /home/absolutezeno/Auto-BT-Generation/install/isaac_ros2_messages/include/isaac_ros2_messages/isaac_ros2_messages/msg/rosidl_generator_c__visibility_control.h
-- Installing: /home/absolutezeno/Auto-BT-Generation/install/isaac_ros2_messages/include/isaac_ros2_messages/isaac_ros2_messages/srv
-- Installing: /home/absolutezeno/Auto-BT-Generation/install/isaac_ros2_messages/include/isaac_ros2_messages/isaac_ros2_messages/srv/isaac_pose.h
-- Installing: /home/absolutezeno/Auto-BT-Generation/install/isaac_ros2_messages/include/isaac_ros2_messages/isaac_ros2_messages/srv/get_prims.h
-- Installing: /home/absolutezeno/Auto-BT-Generation/install/isaac_ros2_messages/include/isaac_ros2_messages/isaac_ros2_messages/srv/get_prim_attribute.h
-- Installing: /home/absolutezeno/Auto-BT-Generation/install/isaac_ros2_messages/include/isaac_ros2_messages/isaac_ros2_messages/srv/set_prim_attribute.h
-- Installing: /home/absolutezeno/Auto-BT-Generation/install/isaac_ros2_messages/include/isaac_ros2_messages/isaac_ros2_messages/srv/detail
-- Installing: /home/absolutezeno/Auto-BT-Generation/install/isaac_ros2_messages/include/isaac_ros2_messages/isaac_ros2_messages/srv/detail/get_prims__functions.h
-- Installing: /home/absolutezeno/Auto-BT-Generation/install/isaac_ros2_messages/include/isaac_ros2_messages/isaac_ros2_messages/srv/detail/get_prim_attribute__type_support.h
-- Installing: /home/absolutezeno/Auto-BT-Generation/install/isaac_ros2_messages/include/isaac_ros2_messages/isaac_ros2_messages/srv/detail/get_prims__functions.c
-- Installing: /home/absolutezeno/Auto-BT-Generation/install/isaac_ros2_messages/include/isaac_ros2_messages/isaac_ros2_messages/srv/detail/set_prim_attribute__functions.h
-- Installing: /home/absolutezeno/Auto-BT-Generation/install/isaac_ros2_messages/include/isaac_ros2_messages/isaac_ros2_messages/srv/detail/get_prim_attributes__functions.c
-- Installing: /home/absolutezeno/Auto-BT-Generation/install/isaac_ros2_messages/include/isaac_ros2_messages/isaac_ros2_messages/srv/detail/get_prims__struct.h
-- Installing: /home/absolutezeno/Auto-BT-Generation/install/isaac_ros2_messages/include/isaac_ros2_messages/isaac_ros2_messages/srv/detail/isaac_pose__functions.h
-- Installing: /home/absolutezeno/Auto-BT-Generation/install/isaac_ros2_messages/include/isaac_ros2_messages/isaac_ros2_messages/srv/detail/get_prim_attribute__functions.h
-- Installing: /home/absolutezeno/Auto-BT-Generation/install/isaac_ros2_messages/include/isaac_ros2_messages/isaac_ros2_messages/srv/detail/get_prim_attributes__type_support.h
-- Installing: /home/absolutezeno/Auto-BT-Generation/install/isaac_ros2_messages/include/isaac_ros2_messages/isaac_ros2_messages/srv/detail/get_prim_attribute__struct.h
-- Installing: /home/absolutezeno/Auto-BT-Generation/install/isaac_ros2_messages/include/isaac_ros2_messages/isaac_ros2_messages/srv/detail/get_prim_attribute__functions.c
-- Installing: /home/absolutezeno/Auto-BT-Generation/install/isaac_ros2_messages/include/isaac_ros2_messages/isaac_ros2_messages/srv/detail/set_prim_attribute__struct.h
-- Installing: /home/absolutezeno/Auto-BT-Generation/install/isaac_ros2_messages/include/isaac_ros2_messages/isaac_ros2_messages/srv/detail/isaac_pose__functions.c
-- Installing: /home/absolutezeno/Auto-BT-Generation/install/isaac_ros2_messages/include/isaac_ros2_messages/isaac_ros2_messages/srv/detail/get_prims__type_support.h
-- Installing: /home/absolutezeno/Auto-BT-Generation/install/isaac_ros2_messages/include/isaac_ros2_messages/isaac_ros2_messages/srv/detail/isaac_pose__struct.h
-- Installing: /home/absolutezeno/Auto-BT-Generation/install/isaac_ros2_messages/include/isaac_ros2_messages/isaac_ros2_messages/srv/detail/get_prim_attributes__functions.h
-- Installing: /home/absolutezeno/Auto-BT-Generation/install/isaac_ros2_messages/include/isaac_ros2_messages/isaac_ros2_messages/srv/detail/set_prim_attribute__functions.c
-- Installing: /home/absolutezeno/Auto-BT-Generation/install/isaac_ros2_messages/include/isaac_ros2_messages/isaac_ros2_messages/srv/detail/isaac_pose__type_support.h
-- Installing: /home/absolutezeno/Auto-BT-Generation/install/isaac_ros2_messages/include/isaac_ros2_messages/isaac_ros2_messages/srv/detail/get_prim_attributes__struct.h
-- Installing: /home/absolutezeno/Auto-BT-Generation/install/isaac_ros2_messages/include/isaac_ros2_messages/isaac_ros2_messages/srv/detail/set_prim_attribute__type_support.h
-- Installing: /home/absolutezeno/Auto-BT-Generation/install/isaac_ros2_messages/include/isaac_ros2_messages/isaac_ros2_messages/srv/get_prim_attributes.h
-- Installing: /home/absolutezeno/Auto-BT-Generation/install/isaac_ros2_messages/share/isaac_ros2_messages/environment/library_path.sh
-- Installing: /home/absolutezeno/Auto-BT-Generation/install/isaac_ros2_messages/share/isaac_ros2_messages/environment/library_path.dsv
-- Installing: /home/absolutezeno/Auto-BT-Generation/install/isaac_ros2_messages/lib/libisaac_ros2_messages__rosidl_generator_c.so
-- Set runtime path of "/home/absolutezeno/Auto-BT-Generation/install/isaac_ros2_messages/lib/libisaac_ros2_messages__rosidl_generator_c.so" to ""
-- Up-to-date: /home/absolutezeno/Auto-BT-Generation/install/isaac_ros2_messages/include/isaac_ros2_messages/isaac_ros2_messages
-- Up-to-date: /home/absolutezeno/Auto-BT-Generation/install/isaac_ros2_messages/include/isaac_ros2_messages/isaac_ros2_messages/msg
-- Installing: /home/absolutezeno/Auto-BT-Generation/install/isaac_ros2_messages/include/isaac_ros2_messages/isaac_ros2_messages/msg/rosidl_typesupport_fastrtps_c__visibility_control.h
-- Up-to-date: /home/absolutezeno/Auto-BT-Generation/install/isaac_ros2_messages/include/isaac_ros2_messages/isaac_ros2_messages/srv
-- Up-to-date: /home/absolutezeno/Auto-BT-Generation/install/isaac_ros2_messages/include/isaac_ros2_messages/isaac_ros2_messages/srv/detail
-- Installing: /home/absolutezeno/Auto-BT-Generation/install/isaac_ros2_messages/include/isaac_ros2_messages/isaac_ros2_messages/srv/detail/isaac_pose__rosidl_typesupport_fastrtps_c.h
-- Installing: /home/absolutezeno/Auto-BT-Generation/install/isaac_ros2_messages/include/isaac_ros2_messages/isaac_ros2_messages/srv/detail/get_prim_attributes__rosidl_typesupport_fastrtps_c.h
-- Installing: /home/absolutezeno/Auto-BT-Generation/install/isaac_ros2_messages/include/isaac_ros2_messages/isaac_ros2_messages/srv/detail/set_prim_attribute__rosidl_typesupport_fastrtps_c.h
-- Installing: /home/absolutezeno/Auto-BT-Generation/install/isaac_ros2_messages/include/isaac_ros2_messages/isaac_ros2_messages/srv/detail/get_prim_attribute__rosidl_typesupport_fastrtps_c.h
-- Installing: /home/absolutezeno/Auto-BT-Generation/install/isaac_ros2_messages/include/isaac_ros2_messages/isaac_ros2_messages/srv/detail/get_prims__rosidl_typesupport_fastrtps_c.h
-- Installing: /home/absolutezeno/Auto-BT-Generation/install/isaac_ros2_messages/lib/libisaac_ros2_messages__rosidl_typesupport_fastrtps_c.so
-- Set runtime path of "/home/absolutezeno/Auto-BT-Generation/install/isaac_ros2_messages/lib/libisaac_ros2_messages__rosidl_typesupport_fastrtps_c.so" to ""
-- Up-to-date: /home/absolutezeno/Auto-BT-Generation/install/isaac_ros2_messages/include/isaac_ros2_messages/isaac_ros2_messages
-- Up-to-date: /home/absolutezeno/Auto-BT-Generation/install/isaac_ros2_messages/include/isaac_ros2_messages/isaac_ros2_messages/srv
-- Installing: /home/absolutezeno/Auto-BT-Generation/install/isaac_ros2_messages/include/isaac_ros2_messages/isaac_ros2_messages/srv/get_prims.hpp
-- Installing: /home/absolutezeno/Auto-BT-Generation/install/isaac_ros2_messages/include/isaac_ros2_messages/isaac_ros2_messages/srv/isaac_pose.hpp
-- Installing: /home/absolutezeno/Auto-BT-Generation/install/isaac_ros2_messages/include/isaac_ros2_messages/isaac_ros2_messages/srv/get_prim_attributes.hpp
-- Installing: /home/absolutezeno/Auto-BT-Generation/install/isaac_ros2_messages/include/isaac_ros2_messages/isaac_ros2_messages/srv/get_prim_attribute.hpp
-- Up-to-date: /home/absolutezeno/Auto-BT-Generation/install/isaac_ros2_messages/include/isaac_ros2_messages/isaac_ros2_messages/srv/detail
-- Installing: /home/absolutezeno/Auto-BT-Generation/install/isaac_ros2_messages/include/isaac_ros2_messages/isaac_ros2_messages/srv/detail/get_prim_attribute__struct.hpp
-- Installing: /home/absolutezeno/Auto-BT-Generation/install/isaac_ros2_messages/include/isaac_ros2_messages/isaac_ros2_messages/srv/detail/get_prims__traits.hpp
-- Installing: /home/absolutezeno/Auto-BT-Generation/install/isaac_ros2_messages/include/isaac_ros2_messages/isaac_ros2_messages/srv/detail/set_prim_attribute__traits.hpp
-- Installing: /home/absolutezeno/Auto-BT-Generation/install/isaac_ros2_messages/include/isaac_ros2_messages/isaac_ros2_messages/srv/detail/get_prim_attributes__traits.hpp
-- Installing: /home/absolutezeno/Auto-BT-Generation/install/isaac_ros2_messages/include/isaac_ros2_messages/isaac_ros2_messages/srv/detail/isaac_pose__struct.hpp
-- Installing: /home/absolutezeno/Auto-BT-Generation/install/isaac_ros2_messages/include/isaac_ros2_messages/isaac_ros2_messages/srv/detail/set_prim_attribute__struct.hpp
-- Installing: /home/absolutezeno/Auto-BT-Generation/install/isaac_ros2_messages/include/isaac_ros2_messages/isaac_ros2_messages/srv/detail/get_prims__struct.hpp
-- Installing: /home/absolutezeno/Auto-BT-Generation/install/isaac_ros2_messages/include/isaac_ros2_messages/isaac_ros2_messages/srv/detail/isaac_pose__traits.hpp
-- Installing: /home/absolutezeno/Auto-BT-Generation/install/isaac_ros2_messages/include/isaac_ros2_messages/isaac_ros2_messages/srv/detail/get_prim_attributes__builder.hpp
-- Installing: /home/absolutezeno/Auto-BT-Generation/install/isaac_ros2_messages/include/isaac_ros2_messages/isaac_ros2_messages/srv/detail/get_prims__builder.hpp
-- Installing: /home/absolutezeno/Auto-BT-Generation/install/isaac_ros2_messages/include/isaac_ros2_messages/isaac_ros2_messages/srv/detail/get_prim_attribute__builder.hpp
-- Installing: /home/absolutezeno/Auto-BT-Generation/install/isaac_ros2_messages/include/isaac_ros2_messages/isaac_ros2_messages/srv/detail/set_prim_attribute__builder.hpp
-- Installing: /home/absolutezeno/Auto-BT-Generation/install/isaac_ros2_messages/include/isaac_ros2_messages/isaac_ros2_messages/srv/detail/get_prim_attribute__traits.hpp
-- Installing: /home/absolutezeno/Auto-BT-Generation/install/isaac_ros2_messages/include/isaac_ros2_messages/isaac_ros2_messages/srv/detail/get_prim_attributes__struct.hpp
-- Installing: /home/absolutezeno/Auto-BT-Generation/install/isaac_ros2_messages/include/isaac_ros2_messages/isaac_ros2_messages/srv/detail/isaac_pose__builder.hpp
-- Installing: /home/absolutezeno/Auto-BT-Generation/install/isaac_ros2_messages/include/isaac_ros2_messages/isaac_ros2_messages/srv/set_prim_attribute.hpp
-- Up-to-date: /home/absolutezeno/Auto-BT-Generation/install/isaac_ros2_messages/include/isaac_ros2_messages/isaac_ros2_messages
-- Up-to-date: /home/absolutezeno/Auto-BT-Generation/install/isaac_ros2_messages/include/isaac_ros2_messages/isaac_ros2_messages/msg
-- Installing: /home/absolutezeno/Auto-BT-Generation/install/isaac_ros2_messages/include/isaac_ros2_messages/isaac_ros2_messages/msg/rosidl_typesupport_fastrtps_cpp__visibility_control.h
-- Up-to-date: /home/absolutezeno/Auto-BT-Generation/install/isaac_ros2_messages/include/isaac_ros2_messages/isaac_ros2_messages/srv
-- Up-to-date: /home/absolutezeno/Auto-BT-Generation/install/isaac_ros2_messages/include/isaac_ros2_messages/isaac_ros2_messages/srv/detail
-- Installing: /home/absolutezeno/Auto-BT-Generation/install/isaac_ros2_messages/include/isaac_ros2_messages/isaac_ros2_messages/srv/detail/get_prim_attributes__rosidl_typesupport_fastrtps_cpp.hpp
-- Installing: /home/absolutezeno/Auto-BT-Generation/install/isaac_ros2_messages/include/isaac_ros2_messages/isaac_ros2_messages/srv/detail/get_prim_attribute__rosidl_typesupport_fastrtps_cpp.hpp
-- Installing: /home/absolutezeno/Auto-BT-Generation/install/isaac_ros2_messages/include/isaac_ros2_messages/isaac_ros2_messages/srv/detail/isaac_pose__rosidl_typesupport_fastrtps_cpp.hpp
-- Installing: /home/absolutezeno/Auto-BT-Generation/install/isaac_ros2_messages/include/isaac_ros2_messages/isaac_ros2_messages/srv/detail/dds_fastrtps
-- Installing: /home/absolutezeno/Auto-BT-Generation/install/isaac_ros2_messages/include/isaac_ros2_messages/isaac_ros2_messages/srv/detail/set_prim_attribute__rosidl_typesupport_fastrtps_cpp.hpp
-- Installing: /home/absolutezeno/Auto-BT-Generation/install/isaac_ros2_messages/include/isaac_ros2_messages/isaac_ros2_messages/srv/detail/get_prims__rosidl_typesupport_fastrtps_cpp.hpp
-- Installing: /home/absolutezeno/Auto-BT-Generation/install/isaac_ros2_messages/lib/libisaac_ros2_messages__rosidl_typesupport_fastrtps_cpp.so
-- Set runtime path of "/home/absolutezeno/Auto-BT-Generation/install/isaac_ros2_messages/lib/libisaac_ros2_messages__rosidl_typesupport_fastrtps_cpp.so" to ""
-- Up-to-date: /home/absolutezeno/Auto-BT-Generation/install/isaac_ros2_messages/include/isaac_ros2_messages/isaac_ros2_messages
-- Up-to-date: /home/absolutezeno/Auto-BT-Generation/install/isaac_ros2_messages/include/isaac_ros2_messages/isaac_ros2_messages/msg
-- Installing: /home/absolutezeno/Auto-BT-Generation/install/isaac_ros2_messages/include/isaac_ros2_messages/isaac_ros2_messages/msg/rosidl_typesupport_introspection_c__visibility_control.h
-- Up-to-date: /home/absolutezeno/Auto-BT-Generation/install/isaac_ros2_messages/include/isaac_ros2_messages/isaac_ros2_messages/srv
-- Up-to-date: /home/absolutezeno/Auto-BT-Generation/install/isaac_ros2_messages/include/isaac_ros2_messages/isaac_ros2_messages/srv/detail
-- Installing: /home/absolutezeno/Auto-BT-Generation/install/isaac_ros2_messages/include/isaac_ros2_messages/isaac_ros2_messages/srv/detail/get_prim_attribute__type_support.c
-- Installing: /home/absolutezeno/Auto-BT-Generation/install/isaac_ros2_messages/include/isaac_ros2_messages/isaac_ros2_messages/srv/detail/get_prim_attribute__rosidl_typesupport_introspection_c.h
-- Installing: /home/absolutezeno/Auto-BT-Generation/install/isaac_ros2_messages/include/isaac_ros2_messages/isaac_ros2_messages/srv/detail/isaac_pose__type_support.c
-- Installing: /home/absolutezeno/Auto-BT-Generation/install/isaac_ros2_messages/include/isaac_ros2_messages/isaac_ros2_messages/srv/detail/isaac_pose__rosidl_typesupport_introspection_c.h
-- Installing: /home/absolutezeno/Auto-BT-Generation/install/isaac_ros2_messages/include/isaac_ros2_messages/isaac_ros2_messages/srv/detail/set_prim_attribute__rosidl_typesupport_introspection_c.h
-- Installing: /home/absolutezeno/Auto-BT-Generation/install/isaac_ros2_messages/include/isaac_ros2_messages/isaac_ros2_messages/srv/detail/get_prims__type_support.c
-- Installing: /home/absolutezeno/Auto-BT-Generation/install/isaac_ros2_messages/include/isaac_ros2_messages/isaac_ros2_messages/srv/detail/get_prim_attributes__rosidl_typesupport_introspection_c.h
-- Installing: /home/absolutezeno/Auto-BT-Generation/install/isaac_ros2_messages/include/isaac_ros2_messages/isaac_ros2_messages/srv/detail/get_prims__rosidl_typesupport_introspection_c.h
-- Installing: /home/absolutezeno/Auto-BT-Generation/install/isaac_ros2_messages/include/isaac_ros2_messages/isaac_ros2_messages/srv/detail/set_prim_attribute__type_support.c
-- Installing: /home/absolutezeno/Auto-BT-Generation/install/isaac_ros2_messages/include/isaac_ros2_messages/isaac_ros2_messages/srv/detail/get_prim_attributes__type_support.c
-- Installing: /home/absolutezeno/Auto-BT-Generation/install/isaac_ros2_messages/lib/libisaac_ros2_messages__rosidl_typesupport_introspection_c.so
-- Set runtime path of "/home/absolutezeno/Auto-BT-Generation/install/isaac_ros2_messages/lib/libisaac_ros2_messages__rosidl_typesupport_introspection_c.so" to ""
-- Installing: /home/absolutezeno/Auto-BT-Generation/install/isaac_ros2_messages/lib/libisaac_ros2_messages__rosidl_typesupport_c.so
-- Set runtime path of "/home/absolutezeno/Auto-BT-Generation/install/isaac_ros2_messages/lib/libisaac_ros2_messages__rosidl_typesupport_c.so" to ""
-- Up-to-date: /home/absolutezeno/Auto-BT-Generation/install/isaac_ros2_messages/include/isaac_ros2_messages/isaac_ros2_messages
-- Up-to-date: /home/absolutezeno/Auto-BT-Generation/install/isaac_ros2_messages/include/isaac_ros2_messages/isaac_ros2_messages/srv
-- Up-to-date: /home/absolutezeno/Auto-BT-Generation/install/isaac_ros2_messages/include/isaac_ros2_messages/isaac_ros2_messages/srv/detail
-- Installing: /home/absolutezeno/Auto-BT-Generation/install/isaac_ros2_messages/include/isaac_ros2_messages/isaac_ros2_messages/srv/detail/get_prim_attribute__type_support.cpp
-- Installing: /home/absolutezeno/Auto-BT-Generation/install/isaac_ros2_messages/include/isaac_ros2_messages/isaac_ros2_messages/srv/detail/isaac_pose__type_support.cpp
-- Installing: /home/absolutezeno/Auto-BT-Generation/install/isaac_ros2_messages/include/isaac_ros2_messages/isaac_ros2_messages/srv/detail/get_prims__rosidl_typesupport_introspection_cpp.hpp
-- Installing: /home/absolutezeno/Auto-BT-Generation/install/isaac_ros2_messages/include/isaac_ros2_messages/isaac_ros2_messages/srv/detail/get_prim_attributes__rosidl_typesupport_introspection_cpp.hpp
-- Installing: /home/absolutezeno/Auto-BT-Generation/install/isaac_ros2_messages/include/isaac_ros2_messages/isaac_ros2_messages/srv/detail/get_prim_attribute__rosidl_typesupport_introspection_cpp.hpp
-- Installing: /home/absolutezeno/Auto-BT-Generation/install/isaac_ros2_messages/include/isaac_ros2_messages/isaac_ros2_messages/srv/detail/get_prim_attributes__type_support.cpp
-- Installing: /home/absolutezeno/Auto-BT-Generation/install/isaac_ros2_messages/include/isaac_ros2_messages/isaac_ros2_messages/srv/detail/isaac_pose__rosidl_typesupport_introspection_cpp.hpp
-- Installing: /home/absolutezeno/Auto-BT-Generation/install/isaac_ros2_messages/include/isaac_ros2_messages/isaac_ros2_messages/srv/detail/get_prims__type_support.cpp
-- Installing: /home/absolutezeno/Auto-BT-Generation/install/isaac_ros2_messages/include/isaac_ros2_messages/isaac_ros2_messages/srv/detail/set_prim_attribute__rosidl_typesupport_introspection_cpp.hpp
-- Installing: /home/absolutezeno/Auto-BT-Generation/install/isaac_ros2_messages/include/isaac_ros2_messages/isaac_ros2_messages/srv/detail/set_prim_attribute__type_support.cpp
-- Installing: /home/absolutezeno/Auto-BT-Generation/install/isaac_ros2_messages/lib/libisaac_ros2_messages__rosidl_typesupport_introspection_cpp.so
-- Set runtime path of "/home/absolutezeno/Auto-BT-Generation/install/isaac_ros2_messages/lib/libisaac_ros2_messages__rosidl_typesupport_introspection_cpp.so" to ""
-- Installing: /home/absolutezeno/Auto-BT-Generation/install/isaac_ros2_messages/lib/libisaac_ros2_messages__rosidl_typesupport_cpp.so
-- Set runtime path of "/home/absolutezeno/Auto-BT-Generation/install/isaac_ros2_messages/lib/libisaac_ros2_messages__rosidl_typesupport_cpp.so" to ""
-- Installing: /home/absolutezeno/Auto-BT-Generation/install/isaac_ros2_messages/share/isaac_ros2_messages/environment/pythonpath.sh
-- Installing: /home/absolutezeno/Auto-BT-Generation/install/isaac_ros2_messages/share/isaac_ros2_messages/environment/pythonpath.dsv
-- Installing: /home/absolutezeno/Auto-BT-Generation/install/isaac_ros2_messages/lib/python3.10/site-packages/isaac_ros2_messages-0.2.0-py3.10.egg-info
-- Installing: /home/absolutezeno/Auto-BT-Generation/install/isaac_ros2_messages/lib/python3.10/site-packages/isaac_ros2_messages-0.2.0-py3.10.egg-info/PKG-INFO
-- Installing: /home/absolutezeno/Auto-BT-Generation/install/isaac_ros2_messages/lib/python3.10/site-packages/isaac_ros2_messages-0.2.0-py3.10.egg-info/top_level.txt
-- Installing: /home/absolutezeno/Auto-BT-Generation/install/isaac_ros2_messages/lib/python3.10/site-packages/isaac_ros2_messages-0.2.0-py3.10.egg-info/dependency_links.txt
-- Installing: /home/absolutezeno/Auto-BT-Generation/install/isaac_ros2_messages/lib/python3.10/site-packages/isaac_ros2_messages-0.2.0-py3.10.egg-info/SOURCES.txt
-- Installing: /home/absolutezeno/Auto-BT-Generation/install/isaac_ros2_messages/lib/python3.10/site-packages/isaac_ros2_messages
-- Installing: /home/absolutezeno/Auto-BT-Generation/install/isaac_ros2_messages/lib/python3.10/site-packages/isaac_ros2_messages/_isaac_ros2_messages_s.ep.rosidl_typesupport_introspection_c.c
-- Installing: /home/absolutezeno/Auto-BT-Generation/install/isaac_ros2_messages/lib/python3.10/site-packages/isaac_ros2_messages/isaac_ros2_messages_s__rosidl_typesupport_introspection_c.cpython-310-x86_64-linux-gnu.so
-- Installing: /home/absolutezeno/Auto-BT-Generation/install/isaac_ros2_messages/lib/python3.10/site-packages/isaac_ros2_messages/_isaac_ros2_messages_s.ep.rosidl_typesupport_fastrtps_c.c
-- Installing: /home/absolutezeno/Auto-BT-Generation/install/isaac_ros2_messages/lib/python3.10/site-packages/isaac_ros2_messages/_isaac_ros2_messages_s.ep.rosidl_typesupport_c.c
-- Installing: /home/absolutezeno/Auto-BT-Generation/install/isaac_ros2_messages/lib/python3.10/site-packages/isaac_ros2_messages/isaac_ros2_messages_s__rosidl_typesupport_c.cpython-310-x86_64-linux-gnu.so
-- Installing: /home/absolutezeno/Auto-BT-Generation/install/isaac_ros2_messages/lib/python3.10/site-packages/isaac_ros2_messages/__init__.py
-- Installing: /home/absolutezeno/Auto-BT-Generation/install/isaac_ros2_messages/lib/python3.10/site-packages/isaac_ros2_messages/isaac_ros2_messages_s__rosidl_typesupport_fastrtps_c.cpython-310-x86_64-linux-gnu.so
-- Installing: /home/absolutezeno/Auto-BT-Generation/install/isaac_ros2_messages/lib/python3.10/site-packages/isaac_ros2_messages/libisaac_ros2_messages__rosidl_generator_py.so
-- Installing: /home/absolutezeno/Auto-BT-Generation/install/isaac_ros2_messages/lib/python3.10/site-packages/isaac_ros2_messages/srv
-- Installing: /home/absolutezeno/Auto-BT-Generation/install/isaac_ros2_messages/lib/python3.10/site-packages/isaac_ros2_messages/srv/_isaac_pose_s.c
-- Installing: /home/absolutezeno/Auto-BT-Generation/install/isaac_ros2_messages/lib/python3.10/site-packages/isaac_ros2_messages/srv/_set_prim_attribute_s.c
-- Installing: /home/absolutezeno/Auto-BT-Generation/install/isaac_ros2_messages/lib/python3.10/site-packages/isaac_ros2_messages/srv/_get_prim_attributes_s.c
-- Installing: /home/absolutezeno/Auto-BT-Generation/install/isaac_ros2_messages/lib/python3.10/site-packages/isaac_ros2_messages/srv/_get_prim_attribute.py
-- Installing: /home/absolutezeno/Auto-BT-Generation/install/isaac_ros2_messages/lib/python3.10/site-packages/isaac_ros2_messages/srv/_get_prims.py
-- Installing: /home/absolutezeno/Auto-BT-Generation/install/isaac_ros2_messages/lib/python3.10/site-packages/isaac_ros2_messages/srv/_set_prim_attribute.py
-- Installing: /home/absolutezeno/Auto-BT-Generation/install/isaac_ros2_messages/lib/python3.10/site-packages/isaac_ros2_messages/srv/_get_prims_s.c
-- Installing: /home/absolutezeno/Auto-BT-Generation/install/isaac_ros2_messages/lib/python3.10/site-packages/isaac_ros2_messages/srv/__init__.py
-- Installing: /home/absolutezeno/Auto-BT-Generation/install/isaac_ros2_messages/lib/python3.10/site-packages/isaac_ros2_messages/srv/_get_prim_attribute_s.c
-- Installing: /home/absolutezeno/Auto-BT-Generation/install/isaac_ros2_messages/lib/python3.10/site-packages/isaac_ros2_messages/srv/_get_prim_attributes.py
-- Installing: /home/absolutezeno/Auto-BT-Generation/install/isaac_ros2_messages/lib/python3.10/site-packages/isaac_ros2_messages/srv/_isaac_pose.py
Listing '/home/absolutezeno/Auto-BT-Generation/install/isaac_ros2_messages/lib/python3.10/site-packages/isaac_ros2_messages'...
Compiling '/home/absolutezeno/Auto-BT-Generation/install/isaac_ros2_messages/lib/python3.10/site-packages/isaac_ros2_messages/__init__.py'...
Listing '/home/absolutezeno/Auto-BT-Generation/install/isaac_ros2_messages/lib/python3.10/site-packages/isaac_ros2_messages/srv'...
Compiling '/home/absolutezeno/Auto-BT-Generation/install/isaac_ros2_messages/lib/python3.10/site-packages/isaac_ros2_messages/srv/__init__.py'...
Compiling '/home/absolutezeno/Auto-BT-Generation/install/isaac_ros2_messages/lib/python3.10/site-packages/isaac_ros2_messages/srv/_get_prim_attribute.py'...
Compiling '/home/absolutezeno/Auto-BT-Generation/install/isaac_ros2_messages/lib/python3.10/site-packages/isaac_ros2_messages/srv/_get_prim_attributes.py'...
Compiling '/home/absolutezeno/Auto-BT-Generation/install/isaac_ros2_messages/lib/python3.10/site-packages/isaac_ros2_messages/srv/_get_prims.py'...
Compiling '/home/absolutezeno/Auto-BT-Generation/install/isaac_ros2_messages/lib/python3.10/site-packages/isaac_ros2_messages/srv/_isaac_pose.py'...
Compiling '/home/absolutezeno/Auto-BT-Generation/install/isaac_ros2_messages/lib/python3.10/site-packages/isaac_ros2_messages/srv/_set_prim_attribute.py'...
-- Installing: /home/absolutezeno/Auto-BT-Generation/install/isaac_ros2_messages/lib/python3.10/site-packages/isaac_ros2_messages/isaac_ros2_messages_s__rosidl_typesupport_fastrtps_c.cpython-310-x86_64-linux-gnu.so
-- Set runtime path of "/home/absolutezeno/Auto-BT-Generation/install/isaac_ros2_messages/lib/python3.10/site-packages/isaac_ros2_messages/isaac_ros2_messages_s__rosidl_typesupport_fastrtps_c.cpython-310-x86_64-linux-gnu.so" to ""
-- Installing: /home/absolutezeno/Auto-BT-Generation/install/isaac_ros2_messages/lib/python3.10/site-packages/isaac_ros2_messages/isaac_ros2_messages_s__rosidl_typesupport_introspection_c.cpython-310-x86_64-linux-gnu.so
-- Set runtime path of "/home/absolutezeno/Auto-BT-Generation/install/isaac_ros2_messages/lib/python3.10/site-packages/isaac_ros2_messages/isaac_ros2_messages_s__rosidl_typesupport_introspection_c.cpython-310-x86_64-linux-gnu.so" to ""
-- Installing: /home/absolutezeno/Auto-BT-Generation/install/isaac_ros2_messages/lib/python3.10/site-packages/isaac_ros2_messages/isaac_ros2_messages_s__rosidl_typesupport_c.cpython-310-x86_64-linux-gnu.so
-- Set runtime path of "/home/absolutezeno/Auto-BT-Generation/install/isaac_ros2_messages/lib/python3.10/site-packages/isaac_ros2_messages/isaac_ros2_messages_s__rosidl_typesupport_c.cpython-310-x86_64-linux-gnu.so" to ""
-- Installing: /home/absolutezeno/Auto-BT-Generation/install/isaac_ros2_messages/lib/libisaac_ros2_messages__rosidl_generator_py.so
-- Set runtime path of "/home/absolutezeno/Auto-BT-Generation/install/isaac_ros2_messages/lib/libisaac_ros2_messages__rosidl_generator_py.so" to ""
-- Installing: /home/absolutezeno/Auto-BT-Generation/install/isaac_ros2_messages/share/isaac_ros2_messages/srv/IsaacPose.idl
-- Installing: /home/absolutezeno/Auto-BT-Generation/install/isaac_ros2_messages/share/isaac_ros2_messages/srv/GetPrims.idl
-- Installing: /home/absolutezeno/Auto-BT-Generation/install/isaac_ros2_messages/share/isaac_ros2_messages/srv/GetPrimAttributes.idl
-- Installing: /home/absolutezeno/Auto-BT-Generation/install/isaac_ros2_messages/share/isaac_ros2_messages/srv/GetPrimAttribute.idl
-- Installing: /home/absolutezeno/Auto-BT-Generation/install/isaac_ros2_messages/share/isaac_ros2_messages/srv/SetPrimAttribute.idl
-- Installing: /home/absolutezeno/Auto-BT-Generation/install/isaac_ros2_messages/share/isaac_ros2_messages/srv/IsaacPose.srv
-- Installing: /home/absolutezeno/Auto-BT-Generation/install/isaac_ros2_messages/share/isaac_ros2_messages/srv/IsaacPose_Request.msg
-- Installing: /home/absolutezeno/Auto-BT-Generation/install/isaac_ros2_messages/share/isaac_ros2_messages/srv/IsaacPose_Response.msg
-- Installing: /home/absolutezeno/Auto-BT-Generation/install/isaac_ros2_messages/share/isaac_ros2_messages/srv/GetPrims.srv
-- Installing: /home/absolutezeno/Auto-BT-Generation/install/isaac_ros2_messages/share/isaac_ros2_messages/srv/GetPrims_Request.msg
-- Installing: /home/absolutezeno/Auto-BT-Generation/install/isaac_ros2_messages/share/isaac_ros2_messages/srv/GetPrims_Response.msg
-- Installing: /home/absolutezeno/Auto-BT-Generation/install/isaac_ros2_messages/share/isaac_ros2_messages/srv/GetPrimAttributes.srv
-- Installing: /home/absolutezeno/Auto-BT-Generation/install/isaac_ros2_messages/share/isaac_ros2_messages/srv/GetPrimAttributes_Request.msg
-- Installing: /home/absolutezeno/Auto-BT-Generation/install/isaac_ros2_messages/share/isaac_ros2_messages/srv/GetPrimAttributes_Response.msg
-- Installing: /home/absolutezeno/Auto-BT-Generation/install/isaac_ros2_messages/share/isaac_ros2_messages/srv/GetPrimAttribute.srv
-- Installing: /home/absolutezeno/Auto-BT-Generation/install/isaac_ros2_messages/share/isaac_ros2_messages/srv/GetPrimAttribute_Request.msg
-- Installing: /home/absolutezeno/Auto-BT-Generation/install/isaac_ros2_messages/share/isaac_ros2_messages/srv/GetPrimAttribute_Response.msg
-- Installing: /home/absolutezeno/Auto-BT-Generation/install/isaac_ros2_messages/share/isaac_ros2_messages/srv/SetPrimAttribute.srv
-- Installing: /home/absolutezeno/Auto-BT-Generation/install/isaac_ros2_messages/share/isaac_ros2_messages/srv/SetPrimAttribute_Request.msg
-- Installing: /home/absolutezeno/Auto-BT-Generation/install/isaac_ros2_messages/share/isaac_ros2_messages/srv/SetPrimAttribute_Response.msg
-- Installing: /home/absolutezeno/Auto-BT-Generation/install/isaac_ros2_messages/share/ament_index/resource_index/package_run_dependencies/isaac_ros2_messages
-- Installing: /home/absolutezeno/Auto-BT-Generation/install/isaac_ros2_messages/share/ament_index/resource_index/parent_prefix_path/isaac_ros2_messages
-- Installing: /home/absolutezeno/Auto-BT-Generation/install/isaac_ros2_messages/share/isaac_ros2_messages/environment/ament_prefix_path.sh
-- Installing: /home/absolutezeno/Auto-BT-Generation/install/isaac_ros2_messages/share/isaac_ros2_messages/environment/ament_prefix_path.dsv
-- Installing: /home/absolutezeno/Auto-BT-Generation/install/isaac_ros2_messages/share/isaac_ros2_messages/environment/path.sh
-- Installing: /home/absolutezeno/Auto-BT-Generation/install/isaac_ros2_messages/share/isaac_ros2_messages/environment/path.dsv
-- Installing: /home/absolutezeno/Auto-BT-Generation/install/isaac_ros2_messages/share/isaac_ros2_messages/local_setup.bash
-- Installing: /home/absolutezeno/Auto-BT-Generation/install/isaac_ros2_messages/share/isaac_ros2_messages/local_setup.sh
-- Installing: /home/absolutezeno/Auto-BT-Generation/install/isaac_ros2_messages/share/isaac_ros2_messages/local_setup.zsh
-- Installing: /home/absolutezeno/Auto-BT-Generation/install/isaac_ros2_messages/share/isaac_ros2_messages/local_setup.dsv
-- Installing: /home/absolutezeno/Auto-BT-Generation/install/isaac_ros2_messages/share/isaac_ros2_messages/package.dsv
-- Installing: /home/absolutezeno/Auto-BT-Generation/install/isaac_ros2_messages/share/ament_index/resource_index/packages/isaac_ros2_messages
-- Installing: /home/absolutezeno/Auto-BT-Generation/install/isaac_ros2_messages/share/isaac_ros2_messages/cmake/export_isaac_ros2_messages__rosidl_generator_cExport.cmake
-- Installing: /home/absolutezeno/Auto-BT-Generation/install/isaac_ros2_messages/share/isaac_ros2_messages/cmake/export_isaac_ros2_messages__rosidl_generator_cExport-noconfig.cmake
-- Installing: /home/absolutezeno/Auto-BT-Generation/install/isaac_ros2_messages/share/isaac_ros2_messages/cmake/export_isaac_ros2_messages__rosidl_typesupport_fastrtps_cExport.cmake
-- Installing: /home/absolutezeno/Auto-BT-Generation/install/isaac_ros2_messages/share/isaac_ros2_messages/cmake/export_isaac_ros2_messages__rosidl_typesupport_fastrtps_cExport-noconfig.cmake
-- Installing: /home/absolutezeno/Auto-BT-Generation/install/isaac_ros2_messages/share/isaac_ros2_messages/cmake/export_isaac_ros2_messages__rosidl_generator_cppExport.cmake
-- Installing: /home/absolutezeno/Auto-BT-Generation/install/isaac_ros2_messages/share/isaac_ros2_messages/cmake/export_isaac_ros2_messages__rosidl_typesupport_fastrtps_cppExport.cmake
-- Installing: /home/absolutezeno/Auto-BT-Generation/install/isaac_ros2_messages/share/isaac_ros2_messages/cmake/export_isaac_ros2_messages__rosidl_typesupport_fastrtps_cppExport-noconfig.cmake
-- Installing: /home/absolutezeno/Auto-BT-Generation/install/isaac_ros2_messages/share/isaac_ros2_messages/cmake/isaac_ros2_messages__rosidl_typesupport_introspection_cExport.cmake
-- Installing: /home/absolutezeno/Auto-BT-Generation/install/isaac_ros2_messages/share/isaac_ros2_messages/cmake/isaac_ros2_messages__rosidl_typesupport_introspection_cExport-noconfig.cmake
-- Installing: /home/absolutezeno/Auto-BT-Generation/install/isaac_ros2_messages/share/isaac_ros2_messages/cmake/isaac_ros2_messages__rosidl_typesupport_cExport.cmake
-- Installing: /home/absolutezeno/Auto-BT-Generation/install/isaac_ros2_messages/share/isaac_ros2_messages/cmake/isaac_ros2_messages__rosidl_typesupport_cExport-noconfig.cmake
-- Installing: /home/absolutezeno/Auto-BT-Generation/install/isaac_ros2_messages/share/isaac_ros2_messages/cmake/isaac_ros2_messages__rosidl_typesupport_introspection_cppExport.cmake
-- Installing: /home/absolutezeno/Auto-BT-Generation/install/isaac_ros2_messages/share/isaac_ros2_messages/cmake/isaac_ros2_messages__rosidl_typesupport_introspection_cppExport-noconfig.cmake
-- Installing: /home/absolutezeno/Auto-BT-Generation/install/isaac_ros2_messages/share/isaac_ros2_messages/cmake/isaac_ros2_messages__rosidl_typesupport_cppExport.cmake
-- Installing: /home/absolutezeno/Auto-BT-Generation/install/isaac_ros2_messages/share/isaac_ros2_messages/cmake/isaac_ros2_messages__rosidl_typesupport_cppExport-noconfig.cmake
-- Installing: /home/absolutezeno/Auto-BT-Generation/install/isaac_ros2_messages/share/isaac_ros2_messages/cmake/export_isaac_ros2_messages__rosidl_generator_pyExport.cmake
-- Installing: /home/absolutezeno/Auto-BT-Generation/install/isaac_ros2_messages/share/isaac_ros2_messages/cmake/export_isaac_ros2_messages__rosidl_generator_pyExport-noconfig.cmake
-- Installing: /home/absolutezeno/Auto-BT-Generation/install/isaac_ros2_messages/share/isaac_ros2_messages/cmake/rosidl_cmake-extras.cmake
-- Installing: /home/absolutezeno/Auto-BT-Generation/install/isaac_ros2_messages/share/isaac_ros2_messages/cmake/ament_cmake_export_dependencies-extras.cmake
-- Installing: /home/absolutezeno/Auto-BT-Generation/install/isaac_ros2_messages/share/isaac_ros2_messages/cmake/ament_cmake_export_include_directories-extras.cmake
-- Installing: /home/absolutezeno/Auto-BT-Generation/install/isaac_ros2_messages/share/isaac_ros2_messages/cmake/ament_cmake_export_libraries-extras.cmake
-- Installing: /home/absolutezeno/Auto-BT-Generation/install/isaac_ros2_messages/share/isaac_ros2_messages/cmake/ament_cmake_export_targets-extras.cmake
-- Installing: /home/absolutezeno/Auto-BT-Generation/install/isaac_ros2_messages/share/isaac_ros2_messages/cmake/rosidl_cmake_export_typesupport_targets-extras.cmake
-- Installing: /home/absolutezeno/Auto-BT-Generation/install/isaac_ros2_messages/share/isaac_ros2_messages/cmake/rosidl_cmake_export_typesupport_libraries-extras.cmake
-- Installing: /home/absolutezeno/Auto-BT-Generation/install/isaac_ros2_messages/share/isaac_ros2_messages/cmake/isaac_ros2_messagesConfig.cmake
-- Installing: /home/absolutezeno/Auto-BT-Generation/install/isaac_ros2_messages/share/isaac_ros2_messages/cmake/isaac_ros2_messagesConfig-version.cmake
-- Installing: /home/absolutezeno/Auto-BT-Generation/install/isaac_ros2_messages/share/isaac_ros2_messages/package.xml
