[0.048s] Invoking command in '/home/absolutezeno/Auto-BT-Generation/build/turtlebot3_node': CMAKE_PREFIX_PATH=/opt/ros/humble PS1=(isaaclab) \[\e]0;\u@\h: \w\a\]${debian_chroot:+($debian_chroot)}\[\033[01;32m\]\u@\h\[\033[00m\]:\[\033[01;34m\]\w\[\033[00m\]\$ VIRTUAL_ENV_PROMPT=(isaaclab) /usr/bin/cmake --build /home/absolutezeno/Auto-BT-Generation/build/turtlebot3_node -- -j20 -l20
[0.592s] [35m[1mConsolidate compiler generated dependencies of target turtlebot3_node_lib[0m
[0.592s] [ 85%] Built target turtlebot3_node_lib
[0.592s] [35m[1mConsolidate compiler generated dependencies of target turtlebot3_ros[0m
[0.592s] [100%] Built target turtlebot3_ros
[0.791s] Invoked command in '/home/absolutezeno/Auto-BT-Generation/build/turtlebot3_node' returned '0': CMAKE_PREFIX_PATH=/opt/ros/humble PS1=(isaaclab) \[\e]0;\u@\h: \w\a\]${debian_chroot:+($debian_chroot)}\[\033[01;32m\]\u@\h\[\033[00m\]:\[\033[01;34m\]\w\[\033[00m\]\$ VIRTUAL_ENV_PROMPT=(isaaclab) /usr/bin/cmake --build /home/absolutezeno/Auto-BT-Generation/build/turtlebot3_node -- -j20 -l20
[0.854s] Invoking command in '/home/absolutezeno/Auto-BT-Generation/build/turtlebot3_node': CMAKE_PREFIX_PATH=/opt/ros/humble PS1=(isaaclab) \[\e]0;\u@\h: \w\a\]${debian_chroot:+($debian_chroot)}\[\033[01;32m\]\u@\h\[\033[00m\]:\[\033[01;34m\]\w\[\033[00m\]\$ VIRTUAL_ENV_PROMPT=(isaaclab) /usr/bin/cmake --install /home/absolutezeno/Auto-BT-Generation/build/turtlebot3_node
[0.869s] -- Install configuration: ""
[0.869s] -- Up-to-date: /home/absolutezeno/Auto-BT-Generation/install/turtlebot3_node/share/turtlebot3_node/param
[0.873s] -- Up-to-date: /home/absolutezeno/Auto-BT-Generation/install/turtlebot3_node/share/turtlebot3_node/param/waffle.yaml
[0.874s] -- Up-to-date: /home/absolutezeno/Auto-BT-Generation/install/turtlebot3_node/share/turtlebot3_node/param/burger.yaml
[0.874s] -- Up-to-date: /home/absolutezeno/Auto-BT-Generation/install/turtlebot3_node/share/turtlebot3_node/param/waffle_pi.yaml
[0.874s] -- Up-to-date: /home/absolutezeno/Auto-BT-Generation/install/turtlebot3_node/lib/turtlebot3_node/turtlebot3_ros
[0.874s] -- Up-to-date: /home/absolutezeno/Auto-BT-Generation/install/turtlebot3_node/share/ament_index/resource_index/package_run_dependencies/turtlebot3_node
[0.874s] -- Up-to-date: /home/absolutezeno/Auto-BT-Generation/install/turtlebot3_node/share/ament_index/resource_index/parent_prefix_path/turtlebot3_node
[0.874s] -- Up-to-date: /home/absolutezeno/Auto-BT-Generation/install/turtlebot3_node/share/turtlebot3_node/environment/ament_prefix_path.sh
[0.874s] -- Up-to-date: /home/absolutezeno/Auto-BT-Generation/install/turtlebot3_node/share/turtlebot3_node/environment/ament_prefix_path.dsv
[0.874s] -- Up-to-date: /home/absolutezeno/Auto-BT-Generation/install/turtlebot3_node/share/turtlebot3_node/environment/path.sh
[0.874s] -- Up-to-date: /home/absolutezeno/Auto-BT-Generation/install/turtlebot3_node/share/turtlebot3_node/environment/path.dsv
[0.874s] -- Up-to-date: /home/absolutezeno/Auto-BT-Generation/install/turtlebot3_node/share/turtlebot3_node/local_setup.bash
[0.874s] -- Up-to-date: /home/absolutezeno/Auto-BT-Generation/install/turtlebot3_node/share/turtlebot3_node/local_setup.sh
[0.874s] -- Up-to-date: /home/absolutezeno/Auto-BT-Generation/install/turtlebot3_node/share/turtlebot3_node/local_setup.zsh
[0.875s] -- Up-to-date: /home/absolutezeno/Auto-BT-Generation/install/turtlebot3_node/share/turtlebot3_node/local_setup.dsv
[0.875s] -- Installing: /home/absolutezeno/Auto-BT-Generation/install/turtlebot3_node/share/turtlebot3_node/package.dsv
[0.875s] -- Up-to-date: /home/absolutezeno/Auto-BT-Generation/install/turtlebot3_node/share/ament_index/resource_index/packages/turtlebot3_node
[0.875s] -- Up-to-date: /home/absolutezeno/Auto-BT-Generation/install/turtlebot3_node/share/turtlebot3_node/cmake/ament_cmake_export_include_directories-extras.cmake
[0.875s] -- Up-to-date: /home/absolutezeno/Auto-BT-Generation/install/turtlebot3_node/share/turtlebot3_node/cmake/turtlebot3_nodeConfig.cmake
[0.875s] -- Up-to-date: /home/absolutezeno/Auto-BT-Generation/install/turtlebot3_node/share/turtlebot3_node/cmake/turtlebot3_nodeConfig-version.cmake
[0.875s] -- Up-to-date: /home/absolutezeno/Auto-BT-Generation/install/turtlebot3_node/share/turtlebot3_node/package.xml
[0.887s] Invoked command in '/home/absolutezeno/Auto-BT-Generation/build/turtlebot3_node' returned '0': CMAKE_PREFIX_PATH=/opt/ros/humble PS1=(isaaclab) \[\e]0;\u@\h: \w\a\]${debian_chroot:+($debian_chroot)}\[\033[01;32m\]\u@\h\[\033[00m\]:\[\033[01;34m\]\w\[\033[00m\]\$ VIRTUAL_ENV_PROMPT=(isaaclab) /usr/bin/cmake --install /home/absolutezeno/Auto-BT-Generation/build/turtlebot3_node
