[0.771s] Invoking command in '/home/absolutezeno/Auto-BT-Generation/src/IsaacLab-autogenBT/exts/autogen_bt': PYTHONPATH=/home/absolutezeno/Auto-BT-Generation/build/autogen_bt/prefix_override:/home/absolutezeno/Auto-BT-Generation/install/autogen_bt/lib/python3.10/site-packages:${PYTHONPATH} /usr/bin/python3 setup.py egg_info --egg-base ../../../../build/autogen_bt build --build-base /home/absolutezeno/Auto-BT-Generation/build/autogen_bt/build install --record /home/absolutezeno/Auto-BT-Generation/build/autogen_bt/install.log --single-version-externally-managed
[0.923s] running egg_info
[0.924s] creating ../../../../build/autogen_bt/autogen_bt.egg-info
[0.925s] writing ../../../../build/autogen_bt/autogen_bt.egg-info/PKG-INFO
[0.925s] writing dependency_links to ../../../../build/autogen_bt/autogen_bt.egg-info/dependency_links.txt
[0.925s] writing requirements to ../../../../build/autogen_bt/autogen_bt.egg-info/requires.txt
[0.925s] writing top-level names to ../../../../build/autogen_bt/autogen_bt.egg-info/top_level.txt
[0.925s] writing manifest file '../../../../build/autogen_bt/autogen_bt.egg-info/SOURCES.txt'
[0.925s] reading manifest file '../../../../build/autogen_bt/autogen_bt.egg-info/SOURCES.txt'
[0.926s] writing manifest file '../../../../build/autogen_bt/autogen_bt.egg-info/SOURCES.txt'
[0.926s] running build
[0.926s] running build_py
[0.926s] creating /home/absolutezeno/Auto-BT-Generation/build/autogen_bt/build
[0.926s] creating /home/absolutezeno/Auto-BT-Generation/build/autogen_bt/build/lib
[0.926s] creating /home/absolutezeno/Auto-BT-Generation/build/autogen_bt/build/lib/autogen_bt
[0.926s] copying autogen_bt/ui_extension_example.py -> /home/absolutezeno/Auto-BT-Generation/build/autogen_bt/build/lib/autogen_bt
[0.927s] copying autogen_bt/__init__.py -> /home/absolutezeno/Auto-BT-Generation/build/autogen_bt/build/lib/autogen_bt
[0.927s] running install
[0.927s] /usr/lib/python3/dist-packages/setuptools/command/install.py:34: SetuptoolsDeprecationWarning: setup.py install is deprecated. Use build and pip and other standards-based tools.
[0.927s]   warnings.warn(
[0.927s] running install_lib
[0.927s] creating /home/absolutezeno/Auto-BT-Generation/install/autogen_bt/lib/python3.10/site-packages/autogen_bt
[0.927s] copying /home/absolutezeno/Auto-BT-Generation/build/autogen_bt/build/lib/autogen_bt/ui_extension_example.py -> /home/absolutezeno/Auto-BT-Generation/install/autogen_bt/lib/python3.10/site-packages/autogen_bt
[0.927s] copying /home/absolutezeno/Auto-BT-Generation/build/autogen_bt/build/lib/autogen_bt/__init__.py -> /home/absolutezeno/Auto-BT-Generation/install/autogen_bt/lib/python3.10/site-packages/autogen_bt
[0.927s] byte-compiling /home/absolutezeno/Auto-BT-Generation/install/autogen_bt/lib/python3.10/site-packages/autogen_bt/ui_extension_example.py to ui_extension_example.cpython-310.pyc
[0.927s] byte-compiling /home/absolutezeno/Auto-BT-Generation/install/autogen_bt/lib/python3.10/site-packages/autogen_bt/__init__.py to __init__.cpython-310.pyc
[0.927s] running install_egg_info
[0.928s] Copying ../../../../build/autogen_bt/autogen_bt.egg-info to /home/absolutezeno/Auto-BT-Generation/install/autogen_bt/lib/python3.10/site-packages/autogen_bt-0.1.0-py3.10.egg-info
[0.929s] running install_scripts
[0.942s] writing list of installed files to '/home/absolutezeno/Auto-BT-Generation/build/autogen_bt/install.log'
[0.957s] Invoked command in '/home/absolutezeno/Auto-BT-Generation/src/IsaacLab-autogenBT/exts/autogen_bt' returned '0': PYTHONPATH=/home/absolutezeno/Auto-BT-Generation/build/autogen_bt/prefix_override:/home/absolutezeno/Auto-BT-Generation/install/autogen_bt/lib/python3.10/site-packages:${PYTHONPATH} /usr/bin/python3 setup.py egg_info --egg-base ../../../../build/autogen_bt build --build-base /home/absolutezeno/Auto-BT-Generation/build/autogen_bt/build install --record /home/absolutezeno/Auto-BT-Generation/build/autogen_bt/install.log --single-version-externally-managed
