[0.571s] Invoking command in '/home/absolutezeno/Auto-BT-Generation/build/autogen_bt_interface': CMAKE_PREFIX_PATH=/opt/ros/humble PS1=(isaaclab) \[\e]0;\u@\h: \w\a\]${debian_chroot:+($debian_chroot)}\[\033[01;32m\]\u@\h\[\033[00m\]:\[\033[01;34m\]\w\[\033[00m\]\$ VIRTUAL_ENV_PROMPT=(isaaclab) /usr/bin/cmake --build /home/absolutezeno/Auto-BT-Generation/build/autogen_bt_interface -- -j20 -l20
[0.588s] -- Found ament_cmake: 1.3.11 (/opt/ros/humble/share/ament_cmake/cmake)
[0.710s] -- Found Python3: /home/absolutezeno/isaaclab/bin/python3 (found version "3.10.12") found components: Interpreter 
[0.756s] -- Found ament_lint_auto: 0.12.11 (/opt/ros/humble/share/ament_lint_auto/cmake)
[0.821s] -- Found std_msgs: 4.2.4 (/opt/ros/humble/share/std_msgs/cmake)
[0.837s] -- Found rosidl_generator_c: 3.1.6 (/opt/ros/humble/share/rosidl_generator_c/cmake)
[0.839s] -- Found rosidl_adapter: 3.1.6 (/opt/ros/humble/share/rosidl_adapter/cmake)
[0.842s] -- Found rosidl_generator_cpp: 3.1.6 (/opt/ros/humble/share/rosidl_generator_cpp/cmake)
[0.848s] -- Using all available rosidl_typesupport_c: rosidl_typesupport_fastrtps_c;rosidl_typesupport_introspection_c
[0.855s] -- Using all available rosidl_typesupport_cpp: rosidl_typesupport_fastrtps_cpp;rosidl_typesupport_introspection_cpp
[0.868s] -- Found rosidl_default_generators: 1.2.0 (/opt/ros/humble/share/rosidl_default_generators/cmake)
[1.052s] -- Found ament_cmake_ros: 0.10.0 (/opt/ros/humble/share/ament_cmake_ros/cmake)
[1.298s] -- Using all available rosidl_typesupport_c: rosidl_typesupport_fastrtps_c;rosidl_typesupport_introspection_c
[1.392s] -- Using all available rosidl_typesupport_cpp: rosidl_typesupport_fastrtps_cpp;rosidl_typesupport_introspection_cpp
[1.407s] -- Found python_cmake_module: 0.10.0 (/opt/ros/humble/share/python_cmake_module/cmake)
[1.421s] -- Using PYTHON_EXECUTABLE: /usr/bin/python3
[1.421s] -- Using PYTHON_INCLUDE_DIRS: /usr/include/python3.10
[1.421s] -- Using PYTHON_LIBRARIES: /usr/lib/x86_64-linux-gnu/libpython3.10.so
[1.437s] -- Added test 'lint_cmake' to check CMake code style
[1.437s] -- Added test 'xmllint' to check XML markup files
[1.440s] -- Configuring done
[1.468s] -- Generating done
[1.471s] -- Build files have been written to: /home/absolutezeno/Auto-BT-Generation/build/autogen_bt_interface
[1.490s] [  2%] [34m[1mGenerating C code for ROS interfaces[0m
[1.499s] [  5%] [34m[1mGenerating C++ code for ROS interfaces[0m
[1.505s] [  5%] Built target ament_cmake_python_copy_autogen_bt_interface
[1.744s] running egg_info
[1.745s] writing autogen_bt_interface.egg-info/PKG-INFO
[1.745s] writing dependency_links to autogen_bt_interface.egg-info/dependency_links.txt
[1.745s] writing top-level names to autogen_bt_interface.egg-info/top_level.txt
[1.748s] reading manifest file 'autogen_bt_interface.egg-info/SOURCES.txt'
[1.749s] writing manifest file 'autogen_bt_interface.egg-info/SOURCES.txt'
[1.775s] [  5%] Built target ament_cmake_python_build_autogen_bt_interface_egg
[1.842s] [35m[1mConsolidate compiler generated dependencies of target autogen_bt_interface__rosidl_generator_c[0m
[1.852s] [  7%] [32mBuilding C object CMakeFiles/autogen_bt_interface__rosidl_generator_c.dir/rosidl_generator_c/autogen_bt_interface/srv/detail/charging_request__functions.c.o[0m
[1.854s] [ 10%] [32mBuilding C object CMakeFiles/autogen_bt_interface__rosidl_generator_c.dir/rosidl_generator_c/autogen_bt_interface/srv/detail/picking_request__functions.c.o[0m
[1.921s] [ 10%] Built target autogen_bt_interface__cpp
[1.929s] [ 12%] [32m[1mLinking C shared library libautogen_bt_interface__rosidl_generator_c.so[0m
[1.931s] [ 15%] [34m[1mGenerating C++ type support dispatch for ROS interfaces[0m
[1.934s] [ 17%] [34m[1mGenerating C++ type support for eProsima Fast-RTPS[0m
[1.935s] [ 20%] [34m[1mGenerating C++ introspection for ROS interfaces[0m
[1.969s] [ 20%] Built target autogen_bt_interface__rosidl_generator_c
[1.980s] [ 23%] [34m[1mGenerating C type support for eProsima Fast-RTPS[0m
[1.980s] [ 25%] [34m[1mGenerating C type support dispatch for ROS interfaces[0m
[1.980s] [ 28%] [34m[1mGenerating C introspection for ROS interfaces[0m
[2.260s] [35m[1mConsolidate compiler generated dependencies of target autogen_bt_interface__rosidl_typesupport_cpp[0m
[2.274s] [ 30%] [32mBuilding CXX object CMakeFiles/autogen_bt_interface__rosidl_typesupport_cpp.dir/rosidl_typesupport_cpp/autogen_bt_interface/srv/picking_request__type_support.cpp.o[0m
[2.274s] [ 33%] [32mBuilding CXX object CMakeFiles/autogen_bt_interface__rosidl_typesupport_cpp.dir/rosidl_typesupport_cpp/autogen_bt_interface/srv/charging_request__type_support.cpp.o[0m
[2.284s] [35m[1mConsolidate compiler generated dependencies of target autogen_bt_interface__rosidl_typesupport_introspection_cpp[0m
[2.286s] [35m[1mConsolidate compiler generated dependencies of target autogen_bt_interface__rosidl_typesupport_c[0m
[2.300s] [ 35%] [32mBuilding CXX object CMakeFiles/autogen_bt_interface__rosidl_typesupport_introspection_cpp.dir/rosidl_typesupport_introspection_cpp/autogen_bt_interface/srv/detail/charging_request__type_support.cpp.o[0m
[2.302s] [ 38%] [32mBuilding CXX object CMakeFiles/autogen_bt_interface__rosidl_typesupport_introspection_cpp.dir/rosidl_typesupport_introspection_cpp/autogen_bt_interface/srv/detail/picking_request__type_support.cpp.o[0m
[2.305s] [ 41%] [32mBuilding CXX object CMakeFiles/autogen_bt_interface__rosidl_typesupport_c.dir/rosidl_typesupport_c/autogen_bt_interface/srv/charging_request__type_support.cpp.o[0m
[2.308s] [ 43%] [32mBuilding CXX object CMakeFiles/autogen_bt_interface__rosidl_typesupport_c.dir/rosidl_typesupport_c/autogen_bt_interface/srv/picking_request__type_support.cpp.o[0m
[2.312s] [35m[1mConsolidate compiler generated dependencies of target autogen_bt_interface__rosidl_typesupport_fastrtps_cpp[0m
[2.332s] [ 46%] [32mBuilding CXX object CMakeFiles/autogen_bt_interface__rosidl_typesupport_fastrtps_cpp.dir/rosidl_typesupport_fastrtps_cpp/autogen_bt_interface/srv/detail/dds_fastrtps/charging_request__type_support.cpp.o[0m
[2.334s] [ 48%] [32mBuilding CXX object CMakeFiles/autogen_bt_interface__rosidl_typesupport_fastrtps_cpp.dir/rosidl_typesupport_fastrtps_cpp/autogen_bt_interface/srv/detail/dds_fastrtps/picking_request__type_support.cpp.o[0m
[2.349s] [ 51%] [32m[1mLinking CXX shared library libautogen_bt_interface__rosidl_typesupport_c.so[0m
[2.354s] [35m[1mConsolidate compiler generated dependencies of target autogen_bt_interface__rosidl_typesupport_fastrtps_c[0m
[2.370s] [ 53%] [32mBuilding CXX object CMakeFiles/autogen_bt_interface__rosidl_typesupport_fastrtps_c.dir/rosidl_typesupport_fastrtps_c/autogen_bt_interface/srv/detail/charging_request__type_support_c.cpp.o[0m
[2.371s] [ 56%] [32mBuilding CXX object CMakeFiles/autogen_bt_interface__rosidl_typesupport_fastrtps_c.dir/rosidl_typesupport_fastrtps_c/autogen_bt_interface/srv/detail/picking_request__type_support_c.cpp.o[0m
[2.396s] [ 56%] Built target autogen_bt_interface__rosidl_typesupport_c
[2.421s] [35m[1mConsolidate compiler generated dependencies of target autogen_bt_interface__rosidl_typesupport_introspection_c[0m
[2.436s] [ 61%] [32mBuilding C object CMakeFiles/autogen_bt_interface__rosidl_typesupport_introspection_c.dir/rosidl_typesupport_introspection_c/autogen_bt_interface/srv/detail/charging_request__type_support.c.o[0m
[2.436s] [ 61%] [32mBuilding C object CMakeFiles/autogen_bt_interface__rosidl_typesupport_introspection_c.dir/rosidl_typesupport_introspection_c/autogen_bt_interface/srv/detail/picking_request__type_support.c.o[0m
[2.488s] [ 64%] [32m[1mLinking C shared library libautogen_bt_interface__rosidl_typesupport_introspection_c.so[0m
[2.523s] [ 64%] Built target autogen_bt_interface__rosidl_typesupport_introspection_c
[2.565s] [ 66%] [32m[1mLinking CXX shared library libautogen_bt_interface__rosidl_typesupport_cpp.so[0m
[2.638s] [ 66%] Built target autogen_bt_interface__rosidl_typesupport_cpp
[2.780s] [ 69%] [32m[1mLinking CXX shared library libautogen_bt_interface__rosidl_typesupport_introspection_cpp.so[0m
[2.823s] [ 71%] [32m[1mLinking CXX shared library libautogen_bt_interface__rosidl_typesupport_fastrtps_c.so[0m
[2.843s] [ 71%] Built target autogen_bt_interface__rosidl_typesupport_introspection_cpp
[2.862s] [ 74%] [32m[1mLinking CXX shared library libautogen_bt_interface__rosidl_typesupport_fastrtps_cpp.so[0m
[2.904s] [ 74%] Built target autogen_bt_interface__rosidl_typesupport_fastrtps_c
[2.955s] [ 74%] Built target autogen_bt_interface__rosidl_typesupport_fastrtps_cpp
[2.970s] [ 74%] Built target autogen_bt_interface
[2.989s] [ 76%] Built target autogen_bt_interface__py
[3.001s] [35m[1mConsolidate compiler generated dependencies of target autogen_bt_interface__rosidl_generator_py[0m
[3.012s] [ 79%] [32mBuilding C object CMakeFiles/autogen_bt_interface__rosidl_generator_py.dir/rosidl_generator_py/autogen_bt_interface/srv/_charging_request_s.c.o[0m
[3.014s] [ 82%] [32mBuilding C object CMakeFiles/autogen_bt_interface__rosidl_generator_py.dir/rosidl_generator_py/autogen_bt_interface/srv/_picking_request_s.c.o[0m
[3.104s] [ 84%] [32m[1mLinking C shared library rosidl_generator_py/autogen_bt_interface/libautogen_bt_interface__rosidl_generator_py.so[0m
[3.149s] [ 84%] Built target autogen_bt_interface__rosidl_generator_py
[3.158s] [35m[1mConsolidate compiler generated dependencies of target autogen_bt_interface__rosidl_typesupport_c__pyext[0m
[3.159s] [35m[1mConsolidate compiler generated dependencies of target autogen_bt_interface__rosidl_typesupport_introspection_c__pyext[0m
[3.160s] [35m[1mConsolidate compiler generated dependencies of target autogen_bt_interface__rosidl_typesupport_fastrtps_c__pyext[0m
[3.171s] [ 87%] [32mBuilding C object CMakeFiles/autogen_bt_interface__rosidl_typesupport_introspection_c__pyext.dir/rosidl_generator_py/autogen_bt_interface/_autogen_bt_interface_s.ep.rosidl_typesupport_introspection_c.c.o[0m
[3.172s] [ 92%] [32mBuilding C object CMakeFiles/autogen_bt_interface__rosidl_typesupport_fastrtps_c__pyext.dir/rosidl_generator_py/autogen_bt_interface/_autogen_bt_interface_s.ep.rosidl_typesupport_fastrtps_c.c.o[0m
[3.172s] [ 92%] [32mBuilding C object CMakeFiles/autogen_bt_interface__rosidl_typesupport_c__pyext.dir/rosidl_generator_py/autogen_bt_interface/_autogen_bt_interface_s.ep.rosidl_typesupport_c.c.o[0m
[3.263s] [ 94%] [32m[1mLinking C shared library rosidl_generator_py/autogen_bt_interface/autogen_bt_interface_s__rosidl_typesupport_c.cpython-310-x86_64-linux-gnu.so[0m
[3.294s] [ 97%] [32m[1mLinking C shared library rosidl_generator_py/autogen_bt_interface/autogen_bt_interface_s__rosidl_typesupport_fastrtps_c.cpython-310-x86_64-linux-gnu.so[0m
[3.301s] [100%] [32m[1mLinking C shared library rosidl_generator_py/autogen_bt_interface/autogen_bt_interface_s__rosidl_typesupport_introspection_c.cpython-310-x86_64-linux-gnu.so[0m
[3.308s] [100%] Built target autogen_bt_interface__rosidl_typesupport_c__pyext
[3.340s] [100%] Built target autogen_bt_interface__rosidl_typesupport_introspection_c__pyext
[3.340s] [100%] Built target autogen_bt_interface__rosidl_typesupport_fastrtps_c__pyext
