[1.229s] Invoking command in '/home/absolutezeno/Auto-BT-Generation/build/isaac_ros2_messages': CMAKE_PREFIX_PATH=${CMAKE_PREFIX_PATH}:/home/absolutezeno/Auto-BT-Generation/install/turtlebot3_teleop:/home/absolutezeno/Auto-BT-Generation/install/turtlebot3_example:/home/absolutezeno/Auto-BT-Generation/install/py_trees_ros_viewer:/home/absolutezeno/Auto-BT-Generation/install/py_trees_ros_tutorials:/home/absolutezeno/Auto-BT-Generation/install/py_trees_ros:/home/absolutezeno/FRA501/install/rqt_joint_trajectory_controller:/home/absolutezeno/FRA501/install/rqt_controller_manager:/home/absolutezeno/FRA501/install/ros2controlcli:/home/absolutezeno/FRA501/install/ros2_controllers_test_nodes:/opt/ros/humble PS1=(isaaclab) \[\e]0;\u@\h: \w\a\]${debian_chroot:+($debian_chroot)}\[\033[01;32m\]\u@\h\[\033[00m\]:\[\033[01;34m\]\w\[\033[00m\]\$ VIRTUAL_ENV_PROMPT=(isaaclab) /usr/bin/cmake --build /home/absolutezeno/Auto-BT-Generation/build/isaac_ros2_messages -- -j20 -l20
[1.272s] [ 11%] Built target isaac_ros2_messages__rosidl_generator_c
[1.275s] [ 12%] Built target isaac_ros2_messages__cpp
[1.286s] [ 12%] Built target ament_cmake_python_copy_isaac_ros2_messages
[1.295s] [ 23%] Built target isaac_ros2_messages__rosidl_typesupport_fastrtps_c
[1.295s] [ 34%] Built target isaac_ros2_messages__rosidl_typesupport_introspection_c
[1.297s] [ 46%] Built target isaac_ros2_messages__rosidl_typesupport_c
[1.301s] [ 57%] Built target isaac_ros2_messages__rosidl_typesupport_cpp
[1.304s] [ 68%] Built target isaac_ros2_messages__rosidl_typesupport_fastrtps_cpp
[1.306s] [ 79%] Built target isaac_ros2_messages__rosidl_typesupport_introspection_cpp
[1.324s] [ 79%] Built target isaac_ros2_messages
[1.343s] [ 80%] Built target isaac_ros2_messages__py
[1.366s] [ 90%] Built target isaac_ros2_messages__rosidl_generator_py
[1.386s] [ 93%] Built target isaac_ros2_messages__rosidl_typesupport_c__pyext
[1.388s] [ 96%] Built target isaac_ros2_messages__rosidl_typesupport_fastrtps_c__pyext
[1.392s] [100%] Built target isaac_ros2_messages__rosidl_typesupport_introspection_c__pyext
[1.487s] running egg_info
[1.487s] writing isaac_ros2_messages.egg-info/PKG-INFO
[1.487s] writing dependency_links to isaac_ros2_messages.egg-info/dependency_links.txt
[1.488s] writing top-level names to isaac_ros2_messages.egg-info/top_level.txt
[1.488s] reading manifest file 'isaac_ros2_messages.egg-info/SOURCES.txt'
[1.489s] writing manifest file 'isaac_ros2_messages.egg-info/SOURCES.txt'
[1.510s] [100%] Built target ament_cmake_python_build_isaac_ros2_messages_egg
[1.552s] Invoked command in '/home/absolutezeno/Auto-BT-Generation/build/isaac_ros2_messages' returned '0': CMAKE_PREFIX_PATH=${CMAKE_PREFIX_PATH}:/home/absolutezeno/Auto-BT-Generation/install/turtlebot3_teleop:/home/absolutezeno/Auto-BT-Generation/install/turtlebot3_example:/home/absolutezeno/Auto-BT-Generation/install/py_trees_ros_viewer:/home/absolutezeno/Auto-BT-Generation/install/py_trees_ros_tutorials:/home/absolutezeno/Auto-BT-Generation/install/py_trees_ros:/home/absolutezeno/FRA501/install/rqt_joint_trajectory_controller:/home/absolutezeno/FRA501/install/rqt_controller_manager:/home/absolutezeno/FRA501/install/ros2controlcli:/home/absolutezeno/FRA501/install/ros2_controllers_test_nodes:/opt/ros/humble PS1=(isaaclab) \[\e]0;\u@\h: \w\a\]${debian_chroot:+($debian_chroot)}\[\033[01;32m\]\u@\h\[\033[00m\]:\[\033[01;34m\]\w\[\033[00m\]\$ VIRTUAL_ENV_PROMPT=(isaaclab) /usr/bin/cmake --build /home/absolutezeno/Auto-BT-Generation/build/isaac_ros2_messages -- -j20 -l20
[1.811s] Invoking command in '/home/absolutezeno/Auto-BT-Generation/build/isaac_ros2_messages': CMAKE_PREFIX_PATH=${CMAKE_PREFIX_PATH}:/home/absolutezeno/Auto-BT-Generation/install/turtlebot3_teleop:/home/absolutezeno/Auto-BT-Generation/install/turtlebot3_example:/home/absolutezeno/Auto-BT-Generation/install/py_trees_ros_viewer:/home/absolutezeno/Auto-BT-Generation/install/py_trees_ros_tutorials:/home/absolutezeno/Auto-BT-Generation/install/py_trees_ros:/home/absolutezeno/FRA501/install/rqt_joint_trajectory_controller:/home/absolutezeno/FRA501/install/rqt_controller_manager:/home/absolutezeno/FRA501/install/ros2controlcli:/home/absolutezeno/FRA501/install/ros2_controllers_test_nodes:/opt/ros/humble PS1=(isaaclab) \[\e]0;\u@\h: \w\a\]${debian_chroot:+($debian_chroot)}\[\033[01;32m\]\u@\h\[\033[00m\]:\[\033[01;34m\]\w\[\033[00m\]\$ VIRTUAL_ENV_PROMPT=(isaaclab) /usr/bin/cmake --install /home/absolutezeno/Auto-BT-Generation/build/isaac_ros2_messages
[1.987s] -- Install configuration: ""
[1.987s] -- Up-to-date: /home/absolutezeno/Auto-BT-Generation/install/isaac_ros2_messages/share/ament_index/resource_index/rosidl_interfaces/isaac_ros2_messages
[1.987s] -- Up-to-date: /home/absolutezeno/Auto-BT-Generation/install/isaac_ros2_messages/include/isaac_ros2_messages/isaac_ros2_messages
[1.987s] -- Up-to-date: /home/absolutezeno/Auto-BT-Generation/install/isaac_ros2_messages/include/isaac_ros2_messages/isaac_ros2_messages/msg
[1.987s] -- Up-to-date: /home/absolutezeno/Auto-BT-Generation/install/isaac_ros2_messages/include/isaac_ros2_messages/isaac_ros2_messages/msg/rosidl_generator_c__visibility_control.h
[1.987s] -- Up-to-date: /home/absolutezeno/Auto-BT-Generation/install/isaac_ros2_messages/include/isaac_ros2_messages/isaac_ros2_messages/srv
[1.987s] -- Up-to-date: /home/absolutezeno/Auto-BT-Generation/install/isaac_ros2_messages/include/isaac_ros2_messages/isaac_ros2_messages/srv/isaac_pose.h
[1.987s] -- Up-to-date: /home/absolutezeno/Auto-BT-Generation/install/isaac_ros2_messages/include/isaac_ros2_messages/isaac_ros2_messages/srv/get_prims.h
[1.987s] -- Up-to-date: /home/absolutezeno/Auto-BT-Generation/install/isaac_ros2_messages/include/isaac_ros2_messages/isaac_ros2_messages/srv/get_prim_attribute.h
[1.987s] -- Up-to-date: /home/absolutezeno/Auto-BT-Generation/install/isaac_ros2_messages/include/isaac_ros2_messages/isaac_ros2_messages/srv/set_prim_attribute.h
[1.988s] -- Up-to-date: /home/absolutezeno/Auto-BT-Generation/install/isaac_ros2_messages/include/isaac_ros2_messages/isaac_ros2_messages/srv/detail
[1.988s] -- Up-to-date: /home/absolutezeno/Auto-BT-Generation/install/isaac_ros2_messages/include/isaac_ros2_messages/isaac_ros2_messages/srv/detail/get_prims__functions.h
[1.988s] -- Up-to-date: /home/absolutezeno/Auto-BT-Generation/install/isaac_ros2_messages/include/isaac_ros2_messages/isaac_ros2_messages/srv/detail/get_prim_attribute__type_support.h
[1.988s] -- Up-to-date: /home/absolutezeno/Auto-BT-Generation/install/isaac_ros2_messages/include/isaac_ros2_messages/isaac_ros2_messages/srv/detail/get_prims__functions.c
[1.989s] -- Up-to-date: /home/absolutezeno/Auto-BT-Generation/install/isaac_ros2_messages/include/isaac_ros2_messages/isaac_ros2_messages/srv/detail/set_prim_attribute__functions.h
[1.989s] -- Up-to-date: /home/absolutezeno/Auto-BT-Generation/install/isaac_ros2_messages/include/isaac_ros2_messages/isaac_ros2_messages/srv/detail/get_prim_attributes__functions.c
[1.989s] -- Up-to-date: /home/absolutezeno/Auto-BT-Generation/install/isaac_ros2_messages/include/isaac_ros2_messages/isaac_ros2_messages/srv/detail/get_prims__struct.h
[1.989s] -- Up-to-date: /home/absolutezeno/Auto-BT-Generation/install/isaac_ros2_messages/include/isaac_ros2_messages/isaac_ros2_messages/srv/detail/isaac_pose__functions.h
[1.989s] -- Up-to-date: /home/absolutezeno/Auto-BT-Generation/install/isaac_ros2_messages/include/isaac_ros2_messages/isaac_ros2_messages/srv/detail/get_prim_attribute__functions.h
[1.989s] -- Up-to-date: /home/absolutezeno/Auto-BT-Generation/install/isaac_ros2_messages/include/isaac_ros2_messages/isaac_ros2_messages/srv/detail/get_prim_attributes__type_support.h
[1.989s] -- Up-to-date: /home/absolutezeno/Auto-BT-Generation/install/isaac_ros2_messages/include/isaac_ros2_messages/isaac_ros2_messages/srv/detail/get_prim_attribute__struct.h
[1.989s] -- Up-to-date: /home/absolutezeno/Auto-BT-Generation/install/isaac_ros2_messages/include/isaac_ros2_messages/isaac_ros2_messages/srv/detail/get_prim_attribute__functions.c
[1.989s] -- Up-to-date: /home/absolutezeno/Auto-BT-Generation/install/isaac_ros2_messages/include/isaac_ros2_messages/isaac_ros2_messages/srv/detail/set_prim_attribute__struct.h
[1.989s] -- Up-to-date: /home/absolutezeno/Auto-BT-Generation/install/isaac_ros2_messages/include/isaac_ros2_messages/isaac_ros2_messages/srv/detail/isaac_pose__functions.c
[1.989s] -- Up-to-date: /home/absolutezeno/Auto-BT-Generation/install/isaac_ros2_messages/include/isaac_ros2_messages/isaac_ros2_messages/srv/detail/get_prims__type_support.h
[1.990s] -- Up-to-date: /home/absolutezeno/Auto-BT-Generation/install/isaac_ros2_messages/include/isaac_ros2_messages/isaac_ros2_messages/srv/detail/isaac_pose__struct.h
[1.990s] -- Up-to-date: /home/absolutezeno/Auto-BT-Generation/install/isaac_ros2_messages/include/isaac_ros2_messages/isaac_ros2_messages/srv/detail/get_prim_attributes__functions.h
[1.990s] -- Up-to-date: /home/absolutezeno/Auto-BT-Generation/install/isaac_ros2_messages/include/isaac_ros2_messages/isaac_ros2_messages/srv/detail/set_prim_attribute__functions.c
[1.990s] -- Up-to-date: /home/absolutezeno/Auto-BT-Generation/install/isaac_ros2_messages/include/isaac_ros2_messages/isaac_ros2_messages/srv/detail/isaac_pose__type_support.h
[1.990s] -- Up-to-date: /home/absolutezeno/Auto-BT-Generation/install/isaac_ros2_messages/include/isaac_ros2_messages/isaac_ros2_messages/srv/detail/get_prim_attributes__struct.h
[1.990s] -- Up-to-date: /home/absolutezeno/Auto-BT-Generation/install/isaac_ros2_messages/include/isaac_ros2_messages/isaac_ros2_messages/srv/detail/set_prim_attribute__type_support.h
[1.990s] -- Up-to-date: /home/absolutezeno/Auto-BT-Generation/install/isaac_ros2_messages/include/isaac_ros2_messages/isaac_ros2_messages/srv/get_prim_attributes.h
[1.990s] -- Up-to-date: /home/absolutezeno/Auto-BT-Generation/install/isaac_ros2_messages/share/isaac_ros2_messages/environment/library_path.sh
[1.990s] -- Up-to-date: /home/absolutezeno/Auto-BT-Generation/install/isaac_ros2_messages/share/isaac_ros2_messages/environment/library_path.dsv
[1.990s] -- Up-to-date: /home/absolutezeno/Auto-BT-Generation/install/isaac_ros2_messages/lib/libisaac_ros2_messages__rosidl_generator_c.so
[1.990s] -- Up-to-date: /home/absolutezeno/Auto-BT-Generation/install/isaac_ros2_messages/include/isaac_ros2_messages/isaac_ros2_messages
[1.990s] -- Up-to-date: /home/absolutezeno/Auto-BT-Generation/install/isaac_ros2_messages/include/isaac_ros2_messages/isaac_ros2_messages/msg
[1.990s] -- Up-to-date: /home/absolutezeno/Auto-BT-Generation/install/isaac_ros2_messages/include/isaac_ros2_messages/isaac_ros2_messages/msg/rosidl_typesupport_fastrtps_c__visibility_control.h
[1.990s] -- Up-to-date: /home/absolutezeno/Auto-BT-Generation/install/isaac_ros2_messages/include/isaac_ros2_messages/isaac_ros2_messages/srv
[1.990s] -- Up-to-date: /home/absolutezeno/Auto-BT-Generation/install/isaac_ros2_messages/include/isaac_ros2_messages/isaac_ros2_messages/srv/detail
[1.991s] -- Up-to-date: /home/absolutezeno/Auto-BT-Generation/install/isaac_ros2_messages/include/isaac_ros2_messages/isaac_ros2_messages/srv/detail/isaac_pose__rosidl_typesupport_fastrtps_c.h
[1.991s] -- Up-to-date: /home/absolutezeno/Auto-BT-Generation/install/isaac_ros2_messages/include/isaac_ros2_messages/isaac_ros2_messages/srv/detail/get_prim_attributes__rosidl_typesupport_fastrtps_c.h
[1.991s] -- Up-to-date: /home/absolutezeno/Auto-BT-Generation/install/isaac_ros2_messages/include/isaac_ros2_messages/isaac_ros2_messages/srv/detail/set_prim_attribute__rosidl_typesupport_fastrtps_c.h
[1.991s] -- Up-to-date: /home/absolutezeno/Auto-BT-Generation/install/isaac_ros2_messages/include/isaac_ros2_messages/isaac_ros2_messages/srv/detail/get_prim_attribute__rosidl_typesupport_fastrtps_c.h
[1.991s] -- Up-to-date: /home/absolutezeno/Auto-BT-Generation/install/isaac_ros2_messages/include/isaac_ros2_messages/isaac_ros2_messages/srv/detail/get_prims__rosidl_typesupport_fastrtps_c.h
[1.991s] -- Up-to-date: /home/absolutezeno/Auto-BT-Generation/install/isaac_ros2_messages/lib/libisaac_ros2_messages__rosidl_typesupport_fastrtps_c.so
[1.991s] -- Up-to-date: /home/absolutezeno/Auto-BT-Generation/install/isaac_ros2_messages/include/isaac_ros2_messages/isaac_ros2_messages
[1.991s] -- Up-to-date: /home/absolutezeno/Auto-BT-Generation/install/isaac_ros2_messages/include/isaac_ros2_messages/isaac_ros2_messages/srv
[1.992s] -- Up-to-date: /home/absolutezeno/Auto-BT-Generation/install/isaac_ros2_messages/include/isaac_ros2_messages/isaac_ros2_messages/srv/get_prims.hpp
[1.992s] -- Up-to-date: /home/absolutezeno/Auto-BT-Generation/install/isaac_ros2_messages/include/isaac_ros2_messages/isaac_ros2_messages/srv/isaac_pose.hpp
[1.992s] -- Up-to-date: /home/absolutezeno/Auto-BT-Generation/install/isaac_ros2_messages/include/isaac_ros2_messages/isaac_ros2_messages/srv/get_prim_attributes.hpp
[1.992s] -- Up-to-date: /home/absolutezeno/Auto-BT-Generation/install/isaac_ros2_messages/include/isaac_ros2_messages/isaac_ros2_messages/srv/get_prim_attribute.hpp
[1.992s] -- Up-to-date: /home/absolutezeno/Auto-BT-Generation/install/isaac_ros2_messages/include/isaac_ros2_messages/isaac_ros2_messages/srv/detail
[1.992s] -- Up-to-date: /home/absolutezeno/Auto-BT-Generation/install/isaac_ros2_messages/include/isaac_ros2_messages/isaac_ros2_messages/srv/detail/get_prim_attribute__struct.hpp
[1.993s] -- Up-to-date: /home/absolutezeno/Auto-BT-Generation/install/isaac_ros2_messages/include/isaac_ros2_messages/isaac_ros2_messages/srv/detail/get_prims__traits.hpp
[1.993s] -- Up-to-date: /home/absolutezeno/Auto-BT-Generation/install/isaac_ros2_messages/include/isaac_ros2_messages/isaac_ros2_messages/srv/detail/set_prim_attribute__traits.hpp
[1.993s] -- Up-to-date: /home/absolutezeno/Auto-BT-Generation/install/isaac_ros2_messages/include/isaac_ros2_messages/isaac_ros2_messages/srv/detail/get_prim_attributes__traits.hpp
[1.993s] -- Up-to-date: /home/absolutezeno/Auto-BT-Generation/install/isaac_ros2_messages/include/isaac_ros2_messages/isaac_ros2_messages/srv/detail/isaac_pose__struct.hpp
[1.993s] -- Up-to-date: /home/absolutezeno/Auto-BT-Generation/install/isaac_ros2_messages/include/isaac_ros2_messages/isaac_ros2_messages/srv/detail/set_prim_attribute__struct.hpp
[1.993s] -- Up-to-date: /home/absolutezeno/Auto-BT-Generation/install/isaac_ros2_messages/include/isaac_ros2_messages/isaac_ros2_messages/srv/detail/get_prims__struct.hpp
[1.994s] -- Up-to-date: /home/absolutezeno/Auto-BT-Generation/install/isaac_ros2_messages/include/isaac_ros2_messages/isaac_ros2_messages/srv/detail/isaac_pose__traits.hpp
[1.994s] -- Up-to-date: /home/absolutezeno/Auto-BT-Generation/install/isaac_ros2_messages/include/isaac_ros2_messages/isaac_ros2_messages/srv/detail/get_prim_attributes__builder.hpp
[1.994s] -- Up-to-date: /home/absolutezeno/Auto-BT-Generation/install/isaac_ros2_messages/include/isaac_ros2_messages/isaac_ros2_messages/srv/detail/get_prims__builder.hpp
[1.994s] -- Up-to-date: /home/absolutezeno/Auto-BT-Generation/install/isaac_ros2_messages/include/isaac_ros2_messages/isaac_ros2_messages/srv/detail/get_prim_attribute__builder.hpp
[1.994s] -- Up-to-date: /home/absolutezeno/Auto-BT-Generation/install/isaac_ros2_messages/include/isaac_ros2_messages/isaac_ros2_messages/srv/detail/set_prim_attribute__builder.hpp
[1.994s] -- Up-to-date: /home/absolutezeno/Auto-BT-Generation/install/isaac_ros2_messages/include/isaac_ros2_messages/isaac_ros2_messages/srv/detail/get_prim_attribute__traits.hpp
[1.994s] -- Up-to-date: /home/absolutezeno/Auto-BT-Generation/install/isaac_ros2_messages/include/isaac_ros2_messages/isaac_ros2_messages/srv/detail/get_prim_attributes__struct.hpp
[1.994s] -- Up-to-date: /home/absolutezeno/Auto-BT-Generation/install/isaac_ros2_messages/include/isaac_ros2_messages/isaac_ros2_messages/srv/detail/isaac_pose__builder.hpp
[1.994s] -- Up-to-date: /home/absolutezeno/Auto-BT-Generation/install/isaac_ros2_messages/include/isaac_ros2_messages/isaac_ros2_messages/srv/set_prim_attribute.hpp
[1.994s] -- Up-to-date: /home/absolutezeno/Auto-BT-Generation/install/isaac_ros2_messages/include/isaac_ros2_messages/isaac_ros2_messages
[1.994s] -- Up-to-date: /home/absolutezeno/Auto-BT-Generation/install/isaac_ros2_messages/include/isaac_ros2_messages/isaac_ros2_messages/msg
[1.994s] -- Up-to-date: /home/absolutezeno/Auto-BT-Generation/install/isaac_ros2_messages/include/isaac_ros2_messages/isaac_ros2_messages/msg/rosidl_typesupport_fastrtps_cpp__visibility_control.h
[1.994s] -- Up-to-date: /home/absolutezeno/Auto-BT-Generation/install/isaac_ros2_messages/include/isaac_ros2_messages/isaac_ros2_messages/srv
[1.994s] -- Up-to-date: /home/absolutezeno/Auto-BT-Generation/install/isaac_ros2_messages/include/isaac_ros2_messages/isaac_ros2_messages/srv/detail
[1.994s] -- Up-to-date: /home/absolutezeno/Auto-BT-Generation/install/isaac_ros2_messages/include/isaac_ros2_messages/isaac_ros2_messages/srv/detail/get_prim_attributes__rosidl_typesupport_fastrtps_cpp.hpp
[1.994s] -- Up-to-date: /home/absolutezeno/Auto-BT-Generation/install/isaac_ros2_messages/include/isaac_ros2_messages/isaac_ros2_messages/srv/detail/get_prim_attribute__rosidl_typesupport_fastrtps_cpp.hpp
[1.994s] -- Up-to-date: /home/absolutezeno/Auto-BT-Generation/install/isaac_ros2_messages/include/isaac_ros2_messages/isaac_ros2_messages/srv/detail/isaac_pose__rosidl_typesupport_fastrtps_cpp.hpp
[1.994s] -- Up-to-date: /home/absolutezeno/Auto-BT-Generation/install/isaac_ros2_messages/include/isaac_ros2_messages/isaac_ros2_messages/srv/detail/dds_fastrtps
[1.994s] -- Up-to-date: /home/absolutezeno/Auto-BT-Generation/install/isaac_ros2_messages/include/isaac_ros2_messages/isaac_ros2_messages/srv/detail/set_prim_attribute__rosidl_typesupport_fastrtps_cpp.hpp
[1.994s] -- Up-to-date: /home/absolutezeno/Auto-BT-Generation/install/isaac_ros2_messages/include/isaac_ros2_messages/isaac_ros2_messages/srv/detail/get_prims__rosidl_typesupport_fastrtps_cpp.hpp
[1.994s] -- Up-to-date: /home/absolutezeno/Auto-BT-Generation/install/isaac_ros2_messages/lib/libisaac_ros2_messages__rosidl_typesupport_fastrtps_cpp.so
[1.994s] -- Up-to-date: /home/absolutezeno/Auto-BT-Generation/install/isaac_ros2_messages/include/isaac_ros2_messages/isaac_ros2_messages
[1.994s] -- Up-to-date: /home/absolutezeno/Auto-BT-Generation/install/isaac_ros2_messages/include/isaac_ros2_messages/isaac_ros2_messages/msg
[1.994s] -- Up-to-date: /home/absolutezeno/Auto-BT-Generation/install/isaac_ros2_messages/include/isaac_ros2_messages/isaac_ros2_messages/msg/rosidl_typesupport_introspection_c__visibility_control.h
[1.994s] -- Up-to-date: /home/absolutezeno/Auto-BT-Generation/install/isaac_ros2_messages/include/isaac_ros2_messages/isaac_ros2_messages/srv
[1.994s] -- Up-to-date: /home/absolutezeno/Auto-BT-Generation/install/isaac_ros2_messages/include/isaac_ros2_messages/isaac_ros2_messages/srv/detail
[1.995s] -- Up-to-date: /home/absolutezeno/Auto-BT-Generation/install/isaac_ros2_messages/include/isaac_ros2_messages/isaac_ros2_messages/srv/detail/get_prim_attribute__type_support.c
[1.995s] -- Up-to-date: /home/absolutezeno/Auto-BT-Generation/install/isaac_ros2_messages/include/isaac_ros2_messages/isaac_ros2_messages/srv/detail/get_prim_attribute__rosidl_typesupport_introspection_c.h
[1.995s] -- Up-to-date: /home/absolutezeno/Auto-BT-Generation/install/isaac_ros2_messages/include/isaac_ros2_messages/isaac_ros2_messages/srv/detail/isaac_pose__type_support.c
[1.995s] -- Up-to-date: /home/absolutezeno/Auto-BT-Generation/install/isaac_ros2_messages/include/isaac_ros2_messages/isaac_ros2_messages/srv/detail/isaac_pose__rosidl_typesupport_introspection_c.h
[1.995s] -- Up-to-date: /home/absolutezeno/Auto-BT-Generation/install/isaac_ros2_messages/include/isaac_ros2_messages/isaac_ros2_messages/srv/detail/set_prim_attribute__rosidl_typesupport_introspection_c.h
[1.995s] -- Up-to-date: /home/absolutezeno/Auto-BT-Generation/install/isaac_ros2_messages/include/isaac_ros2_messages/isaac_ros2_messages/srv/detail/get_prims__type_support.c
[1.995s] -- Up-to-date: /home/absolutezeno/Auto-BT-Generation/install/isaac_ros2_messages/include/isaac_ros2_messages/isaac_ros2_messages/srv/detail/get_prim_attributes__rosidl_typesupport_introspection_c.h
[1.995s] -- Up-to-date: /home/absolutezeno/Auto-BT-Generation/install/isaac_ros2_messages/include/isaac_ros2_messages/isaac_ros2_messages/srv/detail/get_prims__rosidl_typesupport_introspection_c.h
[1.995s] -- Up-to-date: /home/absolutezeno/Auto-BT-Generation/install/isaac_ros2_messages/include/isaac_ros2_messages/isaac_ros2_messages/srv/detail/set_prim_attribute__type_support.c
[1.995s] -- Up-to-date: /home/absolutezeno/Auto-BT-Generation/install/isaac_ros2_messages/include/isaac_ros2_messages/isaac_ros2_messages/srv/detail/get_prim_attributes__type_support.c
[1.995s] -- Up-to-date: /home/absolutezeno/Auto-BT-Generation/install/isaac_ros2_messages/lib/libisaac_ros2_messages__rosidl_typesupport_introspection_c.so
[1.995s] -- Up-to-date: /home/absolutezeno/Auto-BT-Generation/install/isaac_ros2_messages/lib/libisaac_ros2_messages__rosidl_typesupport_c.so
[1.995s] -- Up-to-date: /home/absolutezeno/Auto-BT-Generation/install/isaac_ros2_messages/include/isaac_ros2_messages/isaac_ros2_messages
[1.995s] -- Up-to-date: /home/absolutezeno/Auto-BT-Generation/install/isaac_ros2_messages/include/isaac_ros2_messages/isaac_ros2_messages/srv
[1.995s] -- Up-to-date: /home/absolutezeno/Auto-BT-Generation/install/isaac_ros2_messages/include/isaac_ros2_messages/isaac_ros2_messages/srv/detail
[1.995s] -- Up-to-date: /home/absolutezeno/Auto-BT-Generation/install/isaac_ros2_messages/include/isaac_ros2_messages/isaac_ros2_messages/srv/detail/get_prim_attribute__type_support.cpp
[1.995s] -- Up-to-date: /home/absolutezeno/Auto-BT-Generation/install/isaac_ros2_messages/include/isaac_ros2_messages/isaac_ros2_messages/srv/detail/isaac_pose__type_support.cpp
[1.995s] -- Up-to-date: /home/absolutezeno/Auto-BT-Generation/install/isaac_ros2_messages/include/isaac_ros2_messages/isaac_ros2_messages/srv/detail/get_prims__rosidl_typesupport_introspection_cpp.hpp
[1.995s] -- Up-to-date: /home/absolutezeno/Auto-BT-Generation/install/isaac_ros2_messages/include/isaac_ros2_messages/isaac_ros2_messages/srv/detail/get_prim_attributes__rosidl_typesupport_introspection_cpp.hpp
[1.995s] -- Up-to-date: /home/absolutezeno/Auto-BT-Generation/install/isaac_ros2_messages/include/isaac_ros2_messages/isaac_ros2_messages/srv/detail/get_prim_attribute__rosidl_typesupport_introspection_cpp.hpp
[1.995s] -- Up-to-date: /home/absolutezeno/Auto-BT-Generation/install/isaac_ros2_messages/include/isaac_ros2_messages/isaac_ros2_messages/srv/detail/get_prim_attributes__type_support.cpp
[1.995s] -- Up-to-date: /home/absolutezeno/Auto-BT-Generation/install/isaac_ros2_messages/include/isaac_ros2_messages/isaac_ros2_messages/srv/detail/isaac_pose__rosidl_typesupport_introspection_cpp.hpp
[1.995s] -- Up-to-date: /home/absolutezeno/Auto-BT-Generation/install/isaac_ros2_messages/include/isaac_ros2_messages/isaac_ros2_messages/srv/detail/get_prims__type_support.cpp
[1.995s] -- Up-to-date: /home/absolutezeno/Auto-BT-Generation/install/isaac_ros2_messages/include/isaac_ros2_messages/isaac_ros2_messages/srv/detail/set_prim_attribute__rosidl_typesupport_introspection_cpp.hpp
[1.995s] -- Up-to-date: /home/absolutezeno/Auto-BT-Generation/install/isaac_ros2_messages/include/isaac_ros2_messages/isaac_ros2_messages/srv/detail/set_prim_attribute__type_support.cpp
[1.995s] -- Up-to-date: /home/absolutezeno/Auto-BT-Generation/install/isaac_ros2_messages/lib/libisaac_ros2_messages__rosidl_typesupport_introspection_cpp.so
[1.995s] -- Up-to-date: /home/absolutezeno/Auto-BT-Generation/install/isaac_ros2_messages/lib/libisaac_ros2_messages__rosidl_typesupport_cpp.so
[1.995s] -- Up-to-date: /home/absolutezeno/Auto-BT-Generation/install/isaac_ros2_messages/share/isaac_ros2_messages/environment/pythonpath.sh
[1.996s] -- Up-to-date: /home/absolutezeno/Auto-BT-Generation/install/isaac_ros2_messages/share/isaac_ros2_messages/environment/pythonpath.dsv
[1.996s] -- Up-to-date: /home/absolutezeno/Auto-BT-Generation/install/isaac_ros2_messages/lib/python3.10/site-packages/isaac_ros2_messages-0.2.0-py3.10.egg-info
[1.996s] -- Installing: /home/absolutezeno/Auto-BT-Generation/install/isaac_ros2_messages/lib/python3.10/site-packages/isaac_ros2_messages-0.2.0-py3.10.egg-info/PKG-INFO
[1.996s] -- Installing: /home/absolutezeno/Auto-BT-Generation/install/isaac_ros2_messages/lib/python3.10/site-packages/isaac_ros2_messages-0.2.0-py3.10.egg-info/top_level.txt
[1.996s] -- Installing: /home/absolutezeno/Auto-BT-Generation/install/isaac_ros2_messages/lib/python3.10/site-packages/isaac_ros2_messages-0.2.0-py3.10.egg-info/dependency_links.txt
[1.996s] -- Installing: /home/absolutezeno/Auto-BT-Generation/install/isaac_ros2_messages/lib/python3.10/site-packages/isaac_ros2_messages-0.2.0-py3.10.egg-info/SOURCES.txt
[1.996s] -- Up-to-date: /home/absolutezeno/Auto-BT-Generation/install/isaac_ros2_messages/lib/python3.10/site-packages/isaac_ros2_messages
[1.996s] -- Up-to-date: /home/absolutezeno/Auto-BT-Generation/install/isaac_ros2_messages/lib/python3.10/site-packages/isaac_ros2_messages/_isaac_ros2_messages_s.ep.rosidl_typesupport_introspection_c.c
[1.996s] -- Up-to-date: /home/absolutezeno/Auto-BT-Generation/install/isaac_ros2_messages/lib/python3.10/site-packages/isaac_ros2_messages/isaac_ros2_messages_s__rosidl_typesupport_introspection_c.cpython-310-x86_64-linux-gnu.so
[1.996s] -- Up-to-date: /home/absolutezeno/Auto-BT-Generation/install/isaac_ros2_messages/lib/python3.10/site-packages/isaac_ros2_messages/_isaac_ros2_messages_s.ep.rosidl_typesupport_fastrtps_c.c
[1.996s] -- Up-to-date: /home/absolutezeno/Auto-BT-Generation/install/isaac_ros2_messages/lib/python3.10/site-packages/isaac_ros2_messages/_isaac_ros2_messages_s.ep.rosidl_typesupport_c.c
[1.996s] -- Up-to-date: /home/absolutezeno/Auto-BT-Generation/install/isaac_ros2_messages/lib/python3.10/site-packages/isaac_ros2_messages/isaac_ros2_messages_s__rosidl_typesupport_c.cpython-310-x86_64-linux-gnu.so
[1.996s] -- Up-to-date: /home/absolutezeno/Auto-BT-Generation/install/isaac_ros2_messages/lib/python3.10/site-packages/isaac_ros2_messages/__init__.py
[1.996s] -- Up-to-date: /home/absolutezeno/Auto-BT-Generation/install/isaac_ros2_messages/lib/python3.10/site-packages/isaac_ros2_messages/isaac_ros2_messages_s__rosidl_typesupport_fastrtps_c.cpython-310-x86_64-linux-gnu.so
[1.996s] -- Up-to-date: /home/absolutezeno/Auto-BT-Generation/install/isaac_ros2_messages/lib/python3.10/site-packages/isaac_ros2_messages/libisaac_ros2_messages__rosidl_generator_py.so
[1.996s] -- Up-to-date: /home/absolutezeno/Auto-BT-Generation/install/isaac_ros2_messages/lib/python3.10/site-packages/isaac_ros2_messages/srv
[1.996s] -- Up-to-date: /home/absolutezeno/Auto-BT-Generation/install/isaac_ros2_messages/lib/python3.10/site-packages/isaac_ros2_messages/srv/_isaac_pose_s.c
[1.996s] -- Up-to-date: /home/absolutezeno/Auto-BT-Generation/install/isaac_ros2_messages/lib/python3.10/site-packages/isaac_ros2_messages/srv/_set_prim_attribute_s.c
[1.996s] -- Up-to-date: /home/absolutezeno/Auto-BT-Generation/install/isaac_ros2_messages/lib/python3.10/site-packages/isaac_ros2_messages/srv/_get_prim_attributes_s.c
[1.996s] -- Up-to-date: /home/absolutezeno/Auto-BT-Generation/install/isaac_ros2_messages/lib/python3.10/site-packages/isaac_ros2_messages/srv/_get_prim_attribute.py
[1.996s] -- Up-to-date: /home/absolutezeno/Auto-BT-Generation/install/isaac_ros2_messages/lib/python3.10/site-packages/isaac_ros2_messages/srv/_get_prims.py
[1.996s] -- Up-to-date: /home/absolutezeno/Auto-BT-Generation/install/isaac_ros2_messages/lib/python3.10/site-packages/isaac_ros2_messages/srv/_set_prim_attribute.py
[1.996s] -- Up-to-date: /home/absolutezeno/Auto-BT-Generation/install/isaac_ros2_messages/lib/python3.10/site-packages/isaac_ros2_messages/srv/_get_prims_s.c
[1.996s] -- Up-to-date: /home/absolutezeno/Auto-BT-Generation/install/isaac_ros2_messages/lib/python3.10/site-packages/isaac_ros2_messages/srv/__init__.py
[1.996s] -- Up-to-date: /home/absolutezeno/Auto-BT-Generation/install/isaac_ros2_messages/lib/python3.10/site-packages/isaac_ros2_messages/srv/_get_prim_attribute_s.c
[1.996s] -- Up-to-date: /home/absolutezeno/Auto-BT-Generation/install/isaac_ros2_messages/lib/python3.10/site-packages/isaac_ros2_messages/srv/_get_prim_attributes.py
[1.996s] -- Up-to-date: /home/absolutezeno/Auto-BT-Generation/install/isaac_ros2_messages/lib/python3.10/site-packages/isaac_ros2_messages/srv/_isaac_pose.py
[2.022s] Listing '/home/absolutezeno/Auto-BT-Generation/install/isaac_ros2_messages/lib/python3.10/site-packages/isaac_ros2_messages'...
[2.022s] Listing '/home/absolutezeno/Auto-BT-Generation/install/isaac_ros2_messages/lib/python3.10/site-packages/isaac_ros2_messages/srv'...
[2.025s] -- Up-to-date: /home/absolutezeno/Auto-BT-Generation/install/isaac_ros2_messages/lib/python3.10/site-packages/isaac_ros2_messages/isaac_ros2_messages_s__rosidl_typesupport_fastrtps_c.cpython-310-x86_64-linux-gnu.so
[2.025s] -- Up-to-date: /home/absolutezeno/Auto-BT-Generation/install/isaac_ros2_messages/lib/python3.10/site-packages/isaac_ros2_messages/isaac_ros2_messages_s__rosidl_typesupport_introspection_c.cpython-310-x86_64-linux-gnu.so
[2.026s] -- Up-to-date: /home/absolutezeno/Auto-BT-Generation/install/isaac_ros2_messages/lib/python3.10/site-packages/isaac_ros2_messages/isaac_ros2_messages_s__rosidl_typesupport_c.cpython-310-x86_64-linux-gnu.so
[2.026s] -- Up-to-date: /home/absolutezeno/Auto-BT-Generation/install/isaac_ros2_messages/lib/libisaac_ros2_messages__rosidl_generator_py.so
[2.026s] -- Up-to-date: /home/absolutezeno/Auto-BT-Generation/install/isaac_ros2_messages/share/isaac_ros2_messages/srv/IsaacPose.idl
[2.026s] -- Up-to-date: /home/absolutezeno/Auto-BT-Generation/install/isaac_ros2_messages/share/isaac_ros2_messages/srv/GetPrims.idl
[2.026s] -- Up-to-date: /home/absolutezeno/Auto-BT-Generation/install/isaac_ros2_messages/share/isaac_ros2_messages/srv/GetPrimAttributes.idl
[2.026s] -- Up-to-date: /home/absolutezeno/Auto-BT-Generation/install/isaac_ros2_messages/share/isaac_ros2_messages/srv/GetPrimAttribute.idl
[2.026s] -- Up-to-date: /home/absolutezeno/Auto-BT-Generation/install/isaac_ros2_messages/share/isaac_ros2_messages/srv/SetPrimAttribute.idl
[2.026s] -- Up-to-date: /home/absolutezeno/Auto-BT-Generation/install/isaac_ros2_messages/share/isaac_ros2_messages/srv/IsaacPose.srv
[2.027s] -- Up-to-date: /home/absolutezeno/Auto-BT-Generation/install/isaac_ros2_messages/share/isaac_ros2_messages/srv/IsaacPose_Request.msg
[2.027s] -- Up-to-date: /home/absolutezeno/Auto-BT-Generation/install/isaac_ros2_messages/share/isaac_ros2_messages/srv/IsaacPose_Response.msg
[2.027s] -- Up-to-date: /home/absolutezeno/Auto-BT-Generation/install/isaac_ros2_messages/share/isaac_ros2_messages/srv/GetPrims.srv
[2.027s] -- Up-to-date: /home/absolutezeno/Auto-BT-Generation/install/isaac_ros2_messages/share/isaac_ros2_messages/srv/GetPrims_Request.msg
[2.027s] -- Up-to-date: /home/absolutezeno/Auto-BT-Generation/install/isaac_ros2_messages/share/isaac_ros2_messages/srv/GetPrims_Response.msg
[2.027s] -- Up-to-date: /home/absolutezeno/Auto-BT-Generation/install/isaac_ros2_messages/share/isaac_ros2_messages/srv/GetPrimAttributes.srv
[2.027s] -- Up-to-date: /home/absolutezeno/Auto-BT-Generation/install/isaac_ros2_messages/share/isaac_ros2_messages/srv/GetPrimAttributes_Request.msg
[2.028s] -- Up-to-date: /home/absolutezeno/Auto-BT-Generation/install/isaac_ros2_messages/share/isaac_ros2_messages/srv/GetPrimAttributes_Response.msg
[2.028s] -- Up-to-date: /home/absolutezeno/Auto-BT-Generation/install/isaac_ros2_messages/share/isaac_ros2_messages/srv/GetPrimAttribute.srv
[2.028s] -- Up-to-date: /home/absolutezeno/Auto-BT-Generation/install/isaac_ros2_messages/share/isaac_ros2_messages/srv/GetPrimAttribute_Request.msg
[2.028s] -- Up-to-date: /home/absolutezeno/Auto-BT-Generation/install/isaac_ros2_messages/share/isaac_ros2_messages/srv/GetPrimAttribute_Response.msg
[2.028s] -- Up-to-date: /home/absolutezeno/Auto-BT-Generation/install/isaac_ros2_messages/share/isaac_ros2_messages/srv/SetPrimAttribute.srv
[2.028s] -- Up-to-date: /home/absolutezeno/Auto-BT-Generation/install/isaac_ros2_messages/share/isaac_ros2_messages/srv/SetPrimAttribute_Request.msg
[2.029s] -- Up-to-date: /home/absolutezeno/Auto-BT-Generation/install/isaac_ros2_messages/share/isaac_ros2_messages/srv/SetPrimAttribute_Response.msg
[2.029s] -- Up-to-date: /home/absolutezeno/Auto-BT-Generation/install/isaac_ros2_messages/share/ament_index/resource_index/package_run_dependencies/isaac_ros2_messages
[2.029s] -- Up-to-date: /home/absolutezeno/Auto-BT-Generation/install/isaac_ros2_messages/share/ament_index/resource_index/parent_prefix_path/isaac_ros2_messages
[2.029s] -- Up-to-date: /home/absolutezeno/Auto-BT-Generation/install/isaac_ros2_messages/share/isaac_ros2_messages/environment/ament_prefix_path.sh
[2.029s] -- Up-to-date: /home/absolutezeno/Auto-BT-Generation/install/isaac_ros2_messages/share/isaac_ros2_messages/environment/ament_prefix_path.dsv
[2.029s] -- Up-to-date: /home/absolutezeno/Auto-BT-Generation/install/isaac_ros2_messages/share/isaac_ros2_messages/environment/path.sh
[2.029s] -- Up-to-date: /home/absolutezeno/Auto-BT-Generation/install/isaac_ros2_messages/share/isaac_ros2_messages/environment/path.dsv
[2.029s] -- Up-to-date: /home/absolutezeno/Auto-BT-Generation/install/isaac_ros2_messages/share/isaac_ros2_messages/local_setup.bash
[2.029s] -- Up-to-date: /home/absolutezeno/Auto-BT-Generation/install/isaac_ros2_messages/share/isaac_ros2_messages/local_setup.sh
[2.029s] -- Up-to-date: /home/absolutezeno/Auto-BT-Generation/install/isaac_ros2_messages/share/isaac_ros2_messages/local_setup.zsh
[2.029s] -- Up-to-date: /home/absolutezeno/Auto-BT-Generation/install/isaac_ros2_messages/share/isaac_ros2_messages/local_setup.dsv
[2.030s] -- Installing: /home/absolutezeno/Auto-BT-Generation/install/isaac_ros2_messages/share/isaac_ros2_messages/package.dsv
[2.030s] -- Up-to-date: /home/absolutezeno/Auto-BT-Generation/install/isaac_ros2_messages/share/ament_index/resource_index/packages/isaac_ros2_messages
[2.030s] -- Up-to-date: /home/absolutezeno/Auto-BT-Generation/install/isaac_ros2_messages/share/isaac_ros2_messages/cmake/export_isaac_ros2_messages__rosidl_generator_cExport.cmake
[2.030s] -- Up-to-date: /home/absolutezeno/Auto-BT-Generation/install/isaac_ros2_messages/share/isaac_ros2_messages/cmake/export_isaac_ros2_messages__rosidl_generator_cExport-noconfig.cmake
[2.030s] -- Up-to-date: /home/absolutezeno/Auto-BT-Generation/install/isaac_ros2_messages/share/isaac_ros2_messages/cmake/export_isaac_ros2_messages__rosidl_typesupport_fastrtps_cExport.cmake
[2.030s] -- Up-to-date: /home/absolutezeno/Auto-BT-Generation/install/isaac_ros2_messages/share/isaac_ros2_messages/cmake/export_isaac_ros2_messages__rosidl_typesupport_fastrtps_cExport-noconfig.cmake
[2.030s] -- Up-to-date: /home/absolutezeno/Auto-BT-Generation/install/isaac_ros2_messages/share/isaac_ros2_messages/cmake/export_isaac_ros2_messages__rosidl_generator_cppExport.cmake
[2.030s] -- Up-to-date: /home/absolutezeno/Auto-BT-Generation/install/isaac_ros2_messages/share/isaac_ros2_messages/cmake/export_isaac_ros2_messages__rosidl_typesupport_fastrtps_cppExport.cmake
[2.030s] -- Up-to-date: /home/absolutezeno/Auto-BT-Generation/install/isaac_ros2_messages/share/isaac_ros2_messages/cmake/export_isaac_ros2_messages__rosidl_typesupport_fastrtps_cppExport-noconfig.cmake
[2.030s] -- Up-to-date: /home/absolutezeno/Auto-BT-Generation/install/isaac_ros2_messages/share/isaac_ros2_messages/cmake/isaac_ros2_messages__rosidl_typesupport_introspection_cExport.cmake
[2.030s] -- Up-to-date: /home/absolutezeno/Auto-BT-Generation/install/isaac_ros2_messages/share/isaac_ros2_messages/cmake/isaac_ros2_messages__rosidl_typesupport_introspection_cExport-noconfig.cmake
[2.030s] -- Up-to-date: /home/absolutezeno/Auto-BT-Generation/install/isaac_ros2_messages/share/isaac_ros2_messages/cmake/isaac_ros2_messages__rosidl_typesupport_cExport.cmake
[2.030s] -- Up-to-date: /home/absolutezeno/Auto-BT-Generation/install/isaac_ros2_messages/share/isaac_ros2_messages/cmake/isaac_ros2_messages__rosidl_typesupport_cExport-noconfig.cmake
[2.030s] -- Up-to-date: /home/absolutezeno/Auto-BT-Generation/install/isaac_ros2_messages/share/isaac_ros2_messages/cmake/isaac_ros2_messages__rosidl_typesupport_introspection_cppExport.cmake
[2.030s] -- Up-to-date: /home/absolutezeno/Auto-BT-Generation/install/isaac_ros2_messages/share/isaac_ros2_messages/cmake/isaac_ros2_messages__rosidl_typesupport_introspection_cppExport-noconfig.cmake
[2.030s] -- Up-to-date: /home/absolutezeno/Auto-BT-Generation/install/isaac_ros2_messages/share/isaac_ros2_messages/cmake/isaac_ros2_messages__rosidl_typesupport_cppExport.cmake
[2.030s] -- Up-to-date: /home/absolutezeno/Auto-BT-Generation/install/isaac_ros2_messages/share/isaac_ros2_messages/cmake/isaac_ros2_messages__rosidl_typesupport_cppExport-noconfig.cmake
[2.030s] -- Up-to-date: /home/absolutezeno/Auto-BT-Generation/install/isaac_ros2_messages/share/isaac_ros2_messages/cmake/export_isaac_ros2_messages__rosidl_generator_pyExport.cmake
[2.030s] -- Up-to-date: /home/absolutezeno/Auto-BT-Generation/install/isaac_ros2_messages/share/isaac_ros2_messages/cmake/export_isaac_ros2_messages__rosidl_generator_pyExport-noconfig.cmake
[2.031s] -- Up-to-date: /home/absolutezeno/Auto-BT-Generation/install/isaac_ros2_messages/share/isaac_ros2_messages/cmake/rosidl_cmake-extras.cmake
[2.031s] -- Up-to-date: /home/absolutezeno/Auto-BT-Generation/install/isaac_ros2_messages/share/isaac_ros2_messages/cmake/ament_cmake_export_dependencies-extras.cmake
[2.031s] -- Up-to-date: /home/absolutezeno/Auto-BT-Generation/install/isaac_ros2_messages/share/isaac_ros2_messages/cmake/ament_cmake_export_include_directories-extras.cmake
[2.031s] -- Up-to-date: /home/absolutezeno/Auto-BT-Generation/install/isaac_ros2_messages/share/isaac_ros2_messages/cmake/ament_cmake_export_libraries-extras.cmake
[2.031s] -- Up-to-date: /home/absolutezeno/Auto-BT-Generation/install/isaac_ros2_messages/share/isaac_ros2_messages/cmake/ament_cmake_export_targets-extras.cmake
[2.031s] -- Up-to-date: /home/absolutezeno/Auto-BT-Generation/install/isaac_ros2_messages/share/isaac_ros2_messages/cmake/rosidl_cmake_export_typesupport_targets-extras.cmake
[2.031s] -- Up-to-date: /home/absolutezeno/Auto-BT-Generation/install/isaac_ros2_messages/share/isaac_ros2_messages/cmake/rosidl_cmake_export_typesupport_libraries-extras.cmake
[2.031s] -- Up-to-date: /home/absolutezeno/Auto-BT-Generation/install/isaac_ros2_messages/share/isaac_ros2_messages/cmake/isaac_ros2_messagesConfig.cmake
[2.031s] -- Up-to-date: /home/absolutezeno/Auto-BT-Generation/install/isaac_ros2_messages/share/isaac_ros2_messages/cmake/isaac_ros2_messagesConfig-version.cmake
[2.031s] -- Up-to-date: /home/absolutezeno/Auto-BT-Generation/install/isaac_ros2_messages/share/isaac_ros2_messages/package.xml
[2.258s] Invoked command in '/home/absolutezeno/Auto-BT-Generation/build/isaac_ros2_messages' returned '0': CMAKE_PREFIX_PATH=${CMAKE_PREFIX_PATH}:/home/absolutezeno/Auto-BT-Generation/install/turtlebot3_teleop:/home/absolutezeno/Auto-BT-Generation/install/turtlebot3_example:/home/absolutezeno/Auto-BT-Generation/install/py_trees_ros_viewer:/home/absolutezeno/Auto-BT-Generation/install/py_trees_ros_tutorials:/home/absolutezeno/Auto-BT-Generation/install/py_trees_ros:/home/absolutezeno/FRA501/install/rqt_joint_trajectory_controller:/home/absolutezeno/FRA501/install/rqt_controller_manager:/home/absolutezeno/FRA501/install/ros2controlcli:/home/absolutezeno/FRA501/install/ros2_controllers_test_nodes:/opt/ros/humble PS1=(isaaclab) \[\e]0;\u@\h: \w\a\]${debian_chroot:+($debian_chroot)}\[\033[01;32m\]\u@\h\[\033[00m\]:\[\033[01;34m\]\w\[\033[00m\]\$ VIRTUAL_ENV_PROMPT=(isaaclab) /usr/bin/cmake --install /home/absolutezeno/Auto-BT-Generation/build/isaac_ros2_messages
