[0.742s] Invoking command in '/home/absolutezeno/Auto-BT-Generation/build/custom_message': CMAKE_PREFIX_PATH=${CMAKE_PREFIX_PATH}:/home/absolutezeno/Auto-BT-Generation/install/turtlebot3_teleop:/home/absolutezeno/Auto-BT-Generation/install/turtlebot3_example:/home/absolutezeno/Auto-BT-Generation/install/py_trees_ros_viewer:/home/absolutezeno/Auto-BT-Generation/install/py_trees_ros_tutorials:/home/absolutezeno/Auto-BT-Generation/install/py_trees_ros:/home/absolutezeno/fra532_exam/install/mir_driver:/home/absolutezeno/fra532_exam/install/twist_stamper:/home/absolutezeno/fra532_exam/install/mir_restapi:/opt/ros/humble PS1=(isaaclab) \[\e]0;\u@\h: \w\a\]${debian_chroot:+($debian_chroot)}\[\033[01;32m\]\u@\h\[\033[00m\]:\[\033[01;34m\]\w\[\033[00m\]\$ VIRTUAL_ENV_PROMPT=(isaaclab) /usr/bin/cmake --build /home/absolutezeno/Auto-BT-Generation/build/custom_message -- -j20 -l20
[0.797s] [  3%] Built target custom_message__cpp
[0.806s] [  6%] [32mBuilding C object CMakeFiles/custom_message__rosidl_generator_c.dir/rosidl_generator_c/custom_message/msg/detail/sample_msg__functions.c.o[0m
[0.835s] [  6%] Built target ament_cmake_python_copy_custom_message
[0.841s] [  9%] [32mBuilding CXX object CMakeFiles/custom_message__rosidl_typesupport_cpp.dir/rosidl_typesupport_cpp/custom_message/msg/sample_msg__type_support.cpp.o[0m
[0.854s] [ 12%] [32mBuilding CXX object CMakeFiles/custom_message__rosidl_typesupport_introspection_cpp.dir/rosidl_typesupport_introspection_cpp/custom_message/msg/detail/sample_msg__type_support.cpp.o[0m
[0.855s] [ 16%] [32mBuilding CXX object CMakeFiles/custom_message__rosidl_typesupport_fastrtps_cpp.dir/rosidl_typesupport_fastrtps_cpp/custom_message/msg/detail/dds_fastrtps/sample_msg__type_support.cpp.o[0m
[1.006s] [ 19%] [32m[1mLinking C shared library libcustom_message__rosidl_generator_c.so[0m
[1.143s] [ 22%] Built target custom_message__rosidl_generator_c
[1.199s] [ 25%] [32mBuilding CXX object CMakeFiles/custom_message__rosidl_typesupport_c.dir/rosidl_typesupport_c/custom_message/msg/sample_msg__type_support.cpp.o[0m
[1.199s] [ 32%] [32mBuilding C object CMakeFiles/custom_message__rosidl_typesupport_introspection_c.dir/rosidl_typesupport_introspection_c/custom_message/msg/detail/sample_msg__type_support.c.o[0m
[1.206s] [ 29%] [32mBuilding CXX object CMakeFiles/custom_message__rosidl_typesupport_fastrtps_c.dir/rosidl_typesupport_fastrtps_c/custom_message/msg/detail/sample_msg__type_support_c.cpp.o[0m
[1.326s] [ 35%] [32m[1mLinking CXX shared library libcustom_message__rosidl_typesupport_c.so[0m
[1.341s] [ 38%] [32m[1mLinking C shared library libcustom_message__rosidl_typesupport_introspection_c.so[0m
[1.441s] [ 41%] Built target custom_message__rosidl_typesupport_c
[1.463s] [ 45%] Built target custom_message__rosidl_typesupport_introspection_c
[1.539s] running egg_info
[1.546s] writing custom_message.egg-info/PKG-INFO
[1.550s] writing dependency_links to custom_message.egg-info/dependency_links.txt
[1.551s] writing top-level names to custom_message.egg-info/top_level.txt
[1.567s] reading manifest file 'custom_message.egg-info/SOURCES.txt'
[1.568s] writing manifest file 'custom_message.egg-info/SOURCES.txt'
[1.659s] [ 45%] Built target ament_cmake_python_build_custom_message_egg
[1.945s] [ 48%] [32m[1mLinking CXX shared library libcustom_message__rosidl_typesupport_fastrtps_c.so[0m
[2.008s] [ 51%] [32m[1mLinking CXX shared library libcustom_message__rosidl_typesupport_cpp.so[0m
[2.086s] [ 54%] [32m[1mLinking CXX shared library libcustom_message__rosidl_typesupport_fastrtps_cpp.so[0m
[2.098s] [ 58%] Built target custom_message__rosidl_typesupport_cpp
[2.136s] [ 61%] Built target custom_message__rosidl_typesupport_fastrtps_c
[2.236s] [ 64%] Built target custom_message__rosidl_typesupport_fastrtps_cpp
[2.312s] [ 67%] [32m[1mLinking CXX shared library libcustom_message__rosidl_typesupport_introspection_cpp.so[0m
[2.438s] [ 70%] Built target custom_message__rosidl_typesupport_introspection_cpp
[2.486s] [ 70%] Built target custom_message
[2.555s] [ 74%] Built target custom_message__py
[2.618s] [ 77%] [32mBuilding C object CMakeFiles/custom_message__rosidl_generator_py.dir/rosidl_generator_py/custom_message/msg/_sample_msg_s.c.o[0m
[2.774s] [ 80%] [32m[1mLinking C shared library rosidl_generator_py/custom_message/libcustom_message__rosidl_generator_py.so[0m
[2.841s] [ 80%] Built target custom_message__rosidl_generator_py
[2.904s] [ 83%] [32mBuilding C object CMakeFiles/custom_message__rosidl_typesupport_c__pyext.dir/rosidl_generator_py/custom_message/_custom_message_s.ep.rosidl_typesupport_c.c.o[0m
[2.911s] [ 87%] [32mBuilding C object CMakeFiles/custom_message__rosidl_typesupport_introspection_c__pyext.dir/rosidl_generator_py/custom_message/_custom_message_s.ep.rosidl_typesupport_introspection_c.c.o[0m
[2.912s] [ 90%] [32mBuilding C object CMakeFiles/custom_message__rosidl_typesupport_fastrtps_c__pyext.dir/rosidl_generator_py/custom_message/_custom_message_s.ep.rosidl_typesupport_fastrtps_c.c.o[0m
[3.055s] [ 93%] [32m[1mLinking C shared library rosidl_generator_py/custom_message/custom_message_s__rosidl_typesupport_introspection_c.cpython-310-x86_64-linux-gnu.so[0m
[3.113s] [ 96%] [32m[1mLinking C shared library rosidl_generator_py/custom_message/custom_message_s__rosidl_typesupport_c.cpython-310-x86_64-linux-gnu.so[0m
[3.162s] [ 96%] Built target custom_message__rosidl_typesupport_introspection_c__pyext
[3.176s] [100%] [32m[1mLinking C shared library rosidl_generator_py/custom_message/custom_message_s__rosidl_typesupport_fastrtps_c.cpython-310-x86_64-linux-gnu.so[0m
[3.213s] [100%] Built target custom_message__rosidl_typesupport_c__pyext
[3.247s] [100%] Built target custom_message__rosidl_typesupport_fastrtps_c__pyext
[3.271s] Invoked command in '/home/absolutezeno/Auto-BT-Generation/build/custom_message' returned '0': CMAKE_PREFIX_PATH=${CMAKE_PREFIX_PATH}:/home/absolutezeno/Auto-BT-Generation/install/turtlebot3_teleop:/home/absolutezeno/Auto-BT-Generation/install/turtlebot3_example:/home/absolutezeno/Auto-BT-Generation/install/py_trees_ros_viewer:/home/absolutezeno/Auto-BT-Generation/install/py_trees_ros_tutorials:/home/absolutezeno/Auto-BT-Generation/install/py_trees_ros:/home/absolutezeno/fra532_exam/install/mir_driver:/home/absolutezeno/fra532_exam/install/twist_stamper:/home/absolutezeno/fra532_exam/install/mir_restapi:/opt/ros/humble PS1=(isaaclab) \[\e]0;\u@\h: \w\a\]${debian_chroot:+($debian_chroot)}\[\033[01;32m\]\u@\h\[\033[00m\]:\[\033[01;34m\]\w\[\033[00m\]\$ VIRTUAL_ENV_PROMPT=(isaaclab) /usr/bin/cmake --build /home/absolutezeno/Auto-BT-Generation/build/custom_message -- -j20 -l20
[3.368s] Invoking command in '/home/absolutezeno/Auto-BT-Generation/build/custom_message': CMAKE_PREFIX_PATH=${CMAKE_PREFIX_PATH}:/home/absolutezeno/Auto-BT-Generation/install/turtlebot3_teleop:/home/absolutezeno/Auto-BT-Generation/install/turtlebot3_example:/home/absolutezeno/Auto-BT-Generation/install/py_trees_ros_viewer:/home/absolutezeno/Auto-BT-Generation/install/py_trees_ros_tutorials:/home/absolutezeno/Auto-BT-Generation/install/py_trees_ros:/home/absolutezeno/fra532_exam/install/mir_driver:/home/absolutezeno/fra532_exam/install/twist_stamper:/home/absolutezeno/fra532_exam/install/mir_restapi:/opt/ros/humble PS1=(isaaclab) \[\e]0;\u@\h: \w\a\]${debian_chroot:+($debian_chroot)}\[\033[01;32m\]\u@\h\[\033[00m\]:\[\033[01;34m\]\w\[\033[00m\]\$ VIRTUAL_ENV_PROMPT=(isaaclab) /usr/bin/cmake --install /home/absolutezeno/Auto-BT-Generation/build/custom_message
[3.379s] -- Install configuration: ""
[3.380s] -- Up-to-date: /home/absolutezeno/Auto-BT-Generation/install/custom_message/share/ament_index/resource_index/rosidl_interfaces/custom_message
[3.380s] -- Up-to-date: /home/absolutezeno/Auto-BT-Generation/install/custom_message/include/custom_message/custom_message
[3.380s] -- Up-to-date: /home/absolutezeno/Auto-BT-Generation/install/custom_message/include/custom_message/custom_message/msg
[3.380s] -- Up-to-date: /home/absolutezeno/Auto-BT-Generation/install/custom_message/include/custom_message/custom_message/msg/rosidl_generator_c__visibility_control.h
[3.380s] -- Up-to-date: /home/absolutezeno/Auto-BT-Generation/install/custom_message/include/custom_message/custom_message/msg/sample_msg.h
[3.380s] -- Up-to-date: /home/absolutezeno/Auto-BT-Generation/install/custom_message/include/custom_message/custom_message/msg/detail
[3.380s] -- Up-to-date: /home/absolutezeno/Auto-BT-Generation/install/custom_message/include/custom_message/custom_message/msg/detail/sample_msg__functions.h
[3.380s] -- Up-to-date: /home/absolutezeno/Auto-BT-Generation/install/custom_message/include/custom_message/custom_message/msg/detail/sample_msg__type_support.h
[3.380s] -- Up-to-date: /home/absolutezeno/Auto-BT-Generation/install/custom_message/include/custom_message/custom_message/msg/detail/sample_msg__struct.h
[3.380s] -- Up-to-date: /home/absolutezeno/Auto-BT-Generation/install/custom_message/include/custom_message/custom_message/msg/detail/sample_msg__functions.c
[3.380s] -- Up-to-date: /home/absolutezeno/Auto-BT-Generation/install/custom_message/share/custom_message/environment/library_path.sh
[3.380s] -- Up-to-date: /home/absolutezeno/Auto-BT-Generation/install/custom_message/share/custom_message/environment/library_path.dsv
[3.383s] -- Installing: /home/absolutezeno/Auto-BT-Generation/install/custom_message/lib/libcustom_message__rosidl_generator_c.so
[3.383s] -- Set runtime path of "/home/absolutezeno/Auto-BT-Generation/install/custom_message/lib/libcustom_message__rosidl_generator_c.so" to ""
[3.384s] -- Up-to-date: /home/absolutezeno/Auto-BT-Generation/install/custom_message/include/custom_message/custom_message
[3.384s] -- Up-to-date: /home/absolutezeno/Auto-BT-Generation/install/custom_message/include/custom_message/custom_message/msg
[3.384s] -- Up-to-date: /home/absolutezeno/Auto-BT-Generation/install/custom_message/include/custom_message/custom_message/msg/rosidl_typesupport_fastrtps_c__visibility_control.h
[3.384s] -- Up-to-date: /home/absolutezeno/Auto-BT-Generation/install/custom_message/include/custom_message/custom_message/msg/detail
[3.384s] -- Up-to-date: /home/absolutezeno/Auto-BT-Generation/install/custom_message/include/custom_message/custom_message/msg/detail/sample_msg__rosidl_typesupport_fastrtps_c.h
[3.384s] -- Installing: /home/absolutezeno/Auto-BT-Generation/install/custom_message/lib/libcustom_message__rosidl_typesupport_fastrtps_c.so
[3.385s] -- Set runtime path of "/home/absolutezeno/Auto-BT-Generation/install/custom_message/lib/libcustom_message__rosidl_typesupport_fastrtps_c.so" to ""
[3.387s] -- Up-to-date: /home/absolutezeno/Auto-BT-Generation/install/custom_message/include/custom_message/custom_message
[3.387s] -- Up-to-date: /home/absolutezeno/Auto-BT-Generation/install/custom_message/include/custom_message/custom_message/msg
[3.387s] -- Up-to-date: /home/absolutezeno/Auto-BT-Generation/install/custom_message/include/custom_message/custom_message/msg/sample_msg.hpp
[3.387s] -- Up-to-date: /home/absolutezeno/Auto-BT-Generation/install/custom_message/include/custom_message/custom_message/msg/rosidl_generator_cpp__visibility_control.hpp
[3.387s] -- Up-to-date: /home/absolutezeno/Auto-BT-Generation/install/custom_message/include/custom_message/custom_message/msg/detail
[3.387s] -- Up-to-date: /home/absolutezeno/Auto-BT-Generation/install/custom_message/include/custom_message/custom_message/msg/detail/sample_msg__struct.hpp
[3.387s] -- Up-to-date: /home/absolutezeno/Auto-BT-Generation/install/custom_message/include/custom_message/custom_message/msg/detail/sample_msg__traits.hpp
[3.388s] -- Up-to-date: /home/absolutezeno/Auto-BT-Generation/install/custom_message/include/custom_message/custom_message/msg/detail/sample_msg__builder.hpp
[3.388s] -- Up-to-date: /home/absolutezeno/Auto-BT-Generation/install/custom_message/include/custom_message/custom_message/msg/detail/sample_msg__type_support.hpp
[3.388s] -- Up-to-date: /home/absolutezeno/Auto-BT-Generation/install/custom_message/include/custom_message/custom_message
[3.388s] -- Up-to-date: /home/absolutezeno/Auto-BT-Generation/install/custom_message/include/custom_message/custom_message/msg
[3.388s] -- Up-to-date: /home/absolutezeno/Auto-BT-Generation/install/custom_message/include/custom_message/custom_message/msg/rosidl_typesupport_fastrtps_cpp__visibility_control.h
[3.388s] -- Up-to-date: /home/absolutezeno/Auto-BT-Generation/install/custom_message/include/custom_message/custom_message/msg/detail
[3.388s] -- Up-to-date: /home/absolutezeno/Auto-BT-Generation/install/custom_message/include/custom_message/custom_message/msg/detail/sample_msg__rosidl_typesupport_fastrtps_cpp.hpp
[3.389s] -- Up-to-date: /home/absolutezeno/Auto-BT-Generation/install/custom_message/include/custom_message/custom_message/msg/detail/dds_fastrtps
[3.389s] -- Installing: /home/absolutezeno/Auto-BT-Generation/install/custom_message/lib/libcustom_message__rosidl_typesupport_fastrtps_cpp.so
[3.389s] -- Set runtime path of "/home/absolutezeno/Auto-BT-Generation/install/custom_message/lib/libcustom_message__rosidl_typesupport_fastrtps_cpp.so" to ""
[3.389s] -- Up-to-date: /home/absolutezeno/Auto-BT-Generation/install/custom_message/include/custom_message/custom_message
[3.389s] -- Up-to-date: /home/absolutezeno/Auto-BT-Generation/install/custom_message/include/custom_message/custom_message/msg
[3.389s] -- Up-to-date: /home/absolutezeno/Auto-BT-Generation/install/custom_message/include/custom_message/custom_message/msg/rosidl_typesupport_introspection_c__visibility_control.h
[3.389s] -- Up-to-date: /home/absolutezeno/Auto-BT-Generation/install/custom_message/include/custom_message/custom_message/msg/detail
[3.389s] -- Up-to-date: /home/absolutezeno/Auto-BT-Generation/install/custom_message/include/custom_message/custom_message/msg/detail/sample_msg__type_support.c
[3.390s] -- Up-to-date: /home/absolutezeno/Auto-BT-Generation/install/custom_message/include/custom_message/custom_message/msg/detail/sample_msg__rosidl_typesupport_introspection_c.h
[3.390s] -- Installing: /home/absolutezeno/Auto-BT-Generation/install/custom_message/lib/libcustom_message__rosidl_typesupport_introspection_c.so
[3.391s] -- Set runtime path of "/home/absolutezeno/Auto-BT-Generation/install/custom_message/lib/libcustom_message__rosidl_typesupport_introspection_c.so" to ""
[3.391s] -- Installing: /home/absolutezeno/Auto-BT-Generation/install/custom_message/lib/libcustom_message__rosidl_typesupport_c.so
[3.392s] -- Set runtime path of "/home/absolutezeno/Auto-BT-Generation/install/custom_message/lib/libcustom_message__rosidl_typesupport_c.so" to ""
[3.393s] -- Up-to-date: /home/absolutezeno/Auto-BT-Generation/install/custom_message/include/custom_message/custom_message
[3.393s] -- Up-to-date: /home/absolutezeno/Auto-BT-Generation/install/custom_message/include/custom_message/custom_message/msg
[3.393s] -- Up-to-date: /home/absolutezeno/Auto-BT-Generation/install/custom_message/include/custom_message/custom_message/msg/detail
[3.393s] -- Up-to-date: /home/absolutezeno/Auto-BT-Generation/install/custom_message/include/custom_message/custom_message/msg/detail/sample_msg__rosidl_typesupport_introspection_cpp.hpp
[3.394s] -- Up-to-date: /home/absolutezeno/Auto-BT-Generation/install/custom_message/include/custom_message/custom_message/msg/detail/sample_msg__type_support.cpp
[3.396s] -- Installing: /home/absolutezeno/Auto-BT-Generation/install/custom_message/lib/libcustom_message__rosidl_typesupport_introspection_cpp.so
[3.396s] -- Set runtime path of "/home/absolutezeno/Auto-BT-Generation/install/custom_message/lib/libcustom_message__rosidl_typesupport_introspection_cpp.so" to ""
[3.403s] -- Installing: /home/absolutezeno/Auto-BT-Generation/install/custom_message/lib/libcustom_message__rosidl_typesupport_cpp.so
[3.403s] -- Set runtime path of "/home/absolutezeno/Auto-BT-Generation/install/custom_message/lib/libcustom_message__rosidl_typesupport_cpp.so" to ""
[3.404s] -- Up-to-date: /home/absolutezeno/Auto-BT-Generation/install/custom_message/share/custom_message/environment/pythonpath.sh
[3.404s] -- Up-to-date: /home/absolutezeno/Auto-BT-Generation/install/custom_message/share/custom_message/environment/pythonpath.dsv
[3.404s] -- Up-to-date: /home/absolutezeno/Auto-BT-Generation/install/custom_message/local/lib/python3.10/dist-packages/custom_message-0.0.0-py3.10.egg-info
[3.404s] -- Installing: /home/absolutezeno/Auto-BT-Generation/install/custom_message/local/lib/python3.10/dist-packages/custom_message-0.0.0-py3.10.egg-info/PKG-INFO
[3.404s] -- Installing: /home/absolutezeno/Auto-BT-Generation/install/custom_message/local/lib/python3.10/dist-packages/custom_message-0.0.0-py3.10.egg-info/top_level.txt
[3.404s] -- Installing: /home/absolutezeno/Auto-BT-Generation/install/custom_message/local/lib/python3.10/dist-packages/custom_message-0.0.0-py3.10.egg-info/dependency_links.txt
[3.404s] -- Installing: /home/absolutezeno/Auto-BT-Generation/install/custom_message/local/lib/python3.10/dist-packages/custom_message-0.0.0-py3.10.egg-info/SOURCES.txt
[3.404s] -- Up-to-date: /home/absolutezeno/Auto-BT-Generation/install/custom_message/local/lib/python3.10/dist-packages/custom_message
[3.404s] -- Installing: /home/absolutezeno/Auto-BT-Generation/install/custom_message/local/lib/python3.10/dist-packages/custom_message/libcustom_message__rosidl_generator_py.so
[3.404s] -- Up-to-date: /home/absolutezeno/Auto-BT-Generation/install/custom_message/local/lib/python3.10/dist-packages/custom_message/_custom_message_s.ep.rosidl_typesupport_c.c
[3.404s] -- Installing: /home/absolutezeno/Auto-BT-Generation/install/custom_message/local/lib/python3.10/dist-packages/custom_message/custom_message_s__rosidl_typesupport_introspection_c.cpython-310-x86_64-linux-gnu.so
[3.405s] -- Installing: /home/absolutezeno/Auto-BT-Generation/install/custom_message/local/lib/python3.10/dist-packages/custom_message/custom_message_s__rosidl_typesupport_fastrtps_c.cpython-310-x86_64-linux-gnu.so
[3.405s] -- Up-to-date: /home/absolutezeno/Auto-BT-Generation/install/custom_message/local/lib/python3.10/dist-packages/custom_message/__init__.py
[3.406s] -- Up-to-date: /home/absolutezeno/Auto-BT-Generation/install/custom_message/local/lib/python3.10/dist-packages/custom_message/msg
[3.406s] -- Up-to-date: /home/absolutezeno/Auto-BT-Generation/install/custom_message/local/lib/python3.10/dist-packages/custom_message/msg/_sample_msg_s.c
[3.406s] -- Up-to-date: /home/absolutezeno/Auto-BT-Generation/install/custom_message/local/lib/python3.10/dist-packages/custom_message/msg/_sample_msg.py
[3.406s] -- Up-to-date: /home/absolutezeno/Auto-BT-Generation/install/custom_message/local/lib/python3.10/dist-packages/custom_message/msg/__init__.py
[3.406s] -- Up-to-date: /home/absolutezeno/Auto-BT-Generation/install/custom_message/local/lib/python3.10/dist-packages/custom_message/_custom_message_s.ep.rosidl_typesupport_introspection_c.c
[3.406s] -- Installing: /home/absolutezeno/Auto-BT-Generation/install/custom_message/local/lib/python3.10/dist-packages/custom_message/custom_message_s__rosidl_typesupport_c.cpython-310-x86_64-linux-gnu.so
[3.407s] -- Up-to-date: /home/absolutezeno/Auto-BT-Generation/install/custom_message/local/lib/python3.10/dist-packages/custom_message/_custom_message_s.ep.rosidl_typesupport_fastrtps_c.c
[3.515s] Listing '/home/absolutezeno/Auto-BT-Generation/install/custom_message/local/lib/python3.10/dist-packages/custom_message'...
[3.515s] Listing '/home/absolutezeno/Auto-BT-Generation/install/custom_message/local/lib/python3.10/dist-packages/custom_message/msg'...
[3.527s] -- Installing: /home/absolutezeno/Auto-BT-Generation/install/custom_message/local/lib/python3.10/dist-packages/custom_message/custom_message_s__rosidl_typesupport_fastrtps_c.cpython-310-x86_64-linux-gnu.so
[3.527s] -- Set runtime path of "/home/absolutezeno/Auto-BT-Generation/install/custom_message/local/lib/python3.10/dist-packages/custom_message/custom_message_s__rosidl_typesupport_fastrtps_c.cpython-310-x86_64-linux-gnu.so" to ""
[3.527s] -- Installing: /home/absolutezeno/Auto-BT-Generation/install/custom_message/local/lib/python3.10/dist-packages/custom_message/custom_message_s__rosidl_typesupport_introspection_c.cpython-310-x86_64-linux-gnu.so
[3.528s] -- Set runtime path of "/home/absolutezeno/Auto-BT-Generation/install/custom_message/local/lib/python3.10/dist-packages/custom_message/custom_message_s__rosidl_typesupport_introspection_c.cpython-310-x86_64-linux-gnu.so" to ""
[3.529s] -- Installing: /home/absolutezeno/Auto-BT-Generation/install/custom_message/local/lib/python3.10/dist-packages/custom_message/custom_message_s__rosidl_typesupport_c.cpython-310-x86_64-linux-gnu.so
[3.536s] -- Set runtime path of "/home/absolutezeno/Auto-BT-Generation/install/custom_message/local/lib/python3.10/dist-packages/custom_message/custom_message_s__rosidl_typesupport_c.cpython-310-x86_64-linux-gnu.so" to ""
[3.551s] -- Installing: /home/absolutezeno/Auto-BT-Generation/install/custom_message/lib/libcustom_message__rosidl_generator_py.so
[3.555s] -- Set runtime path of "/home/absolutezeno/Auto-BT-Generation/install/custom_message/lib/libcustom_message__rosidl_generator_py.so" to ""
[3.555s] -- Up-to-date: /home/absolutezeno/Auto-BT-Generation/install/custom_message/share/custom_message/msg/SampleMsg.idl
[3.556s] -- Up-to-date: /home/absolutezeno/Auto-BT-Generation/install/custom_message/share/custom_message/msg/SampleMsg.msg
[3.556s] -- Up-to-date: /home/absolutezeno/Auto-BT-Generation/install/custom_message/share/ament_index/resource_index/package_run_dependencies/custom_message
[3.556s] -- Up-to-date: /home/absolutezeno/Auto-BT-Generation/install/custom_message/share/ament_index/resource_index/parent_prefix_path/custom_message
[3.556s] -- Up-to-date: /home/absolutezeno/Auto-BT-Generation/install/custom_message/share/custom_message/environment/ament_prefix_path.sh
[3.556s] -- Up-to-date: /home/absolutezeno/Auto-BT-Generation/install/custom_message/share/custom_message/environment/ament_prefix_path.dsv
[3.556s] -- Up-to-date: /home/absolutezeno/Auto-BT-Generation/install/custom_message/share/custom_message/environment/path.sh
[3.556s] -- Up-to-date: /home/absolutezeno/Auto-BT-Generation/install/custom_message/share/custom_message/environment/path.dsv
[3.556s] -- Up-to-date: /home/absolutezeno/Auto-BT-Generation/install/custom_message/share/custom_message/local_setup.bash
[3.556s] -- Up-to-date: /home/absolutezeno/Auto-BT-Generation/install/custom_message/share/custom_message/local_setup.sh
[3.556s] -- Up-to-date: /home/absolutezeno/Auto-BT-Generation/install/custom_message/share/custom_message/local_setup.zsh
[3.556s] -- Up-to-date: /home/absolutezeno/Auto-BT-Generation/install/custom_message/share/custom_message/local_setup.dsv
[3.557s] -- Installing: /home/absolutezeno/Auto-BT-Generation/install/custom_message/share/custom_message/package.dsv
[3.560s] -- Up-to-date: /home/absolutezeno/Auto-BT-Generation/install/custom_message/share/ament_index/resource_index/packages/custom_message
[3.560s] -- Up-to-date: /home/absolutezeno/Auto-BT-Generation/install/custom_message/share/custom_message/cmake/export_custom_message__rosidl_generator_cExport.cmake
[3.560s] -- Up-to-date: /home/absolutezeno/Auto-BT-Generation/install/custom_message/share/custom_message/cmake/export_custom_message__rosidl_generator_cExport-noconfig.cmake
[3.567s] -- Up-to-date: /home/absolutezeno/Auto-BT-Generation/install/custom_message/share/custom_message/cmake/export_custom_message__rosidl_typesupport_fastrtps_cExport.cmake
[3.567s] -- Up-to-date: /home/absolutezeno/Auto-BT-Generation/install/custom_message/share/custom_message/cmake/export_custom_message__rosidl_typesupport_fastrtps_cExport-noconfig.cmake
[3.568s] -- Up-to-date: /home/absolutezeno/Auto-BT-Generation/install/custom_message/share/custom_message/cmake/export_custom_message__rosidl_generator_cppExport.cmake
[3.568s] -- Up-to-date: /home/absolutezeno/Auto-BT-Generation/install/custom_message/share/custom_message/cmake/export_custom_message__rosidl_typesupport_fastrtps_cppExport.cmake
[3.568s] -- Up-to-date: /home/absolutezeno/Auto-BT-Generation/install/custom_message/share/custom_message/cmake/export_custom_message__rosidl_typesupport_fastrtps_cppExport-noconfig.cmake
[3.569s] -- Up-to-date: /home/absolutezeno/Auto-BT-Generation/install/custom_message/share/custom_message/cmake/custom_message__rosidl_typesupport_introspection_cExport.cmake
[3.569s] -- Up-to-date: /home/absolutezeno/Auto-BT-Generation/install/custom_message/share/custom_message/cmake/custom_message__rosidl_typesupport_introspection_cExport-noconfig.cmake
[3.569s] -- Up-to-date: /home/absolutezeno/Auto-BT-Generation/install/custom_message/share/custom_message/cmake/custom_message__rosidl_typesupport_cExport.cmake
[3.569s] -- Up-to-date: /home/absolutezeno/Auto-BT-Generation/install/custom_message/share/custom_message/cmake/custom_message__rosidl_typesupport_cExport-noconfig.cmake
[3.569s] -- Up-to-date: /home/absolutezeno/Auto-BT-Generation/install/custom_message/share/custom_message/cmake/custom_message__rosidl_typesupport_introspection_cppExport.cmake
[3.572s] -- Up-to-date: /home/absolutezeno/Auto-BT-Generation/install/custom_message/share/custom_message/cmake/custom_message__rosidl_typesupport_introspection_cppExport-noconfig.cmake
[3.572s] -- Up-to-date: /home/absolutezeno/Auto-BT-Generation/install/custom_message/share/custom_message/cmake/custom_message__rosidl_typesupport_cppExport.cmake
[3.572s] -- Up-to-date: /home/absolutezeno/Auto-BT-Generation/install/custom_message/share/custom_message/cmake/custom_message__rosidl_typesupport_cppExport-noconfig.cmake
[3.572s] -- Up-to-date: /home/absolutezeno/Auto-BT-Generation/install/custom_message/share/custom_message/cmake/export_custom_message__rosidl_generator_pyExport.cmake
[3.572s] -- Up-to-date: /home/absolutezeno/Auto-BT-Generation/install/custom_message/share/custom_message/cmake/export_custom_message__rosidl_generator_pyExport-noconfig.cmake
[3.572s] -- Up-to-date: /home/absolutezeno/Auto-BT-Generation/install/custom_message/share/custom_message/cmake/rosidl_cmake-extras.cmake
[3.572s] -- Up-to-date: /home/absolutezeno/Auto-BT-Generation/install/custom_message/share/custom_message/cmake/ament_cmake_export_dependencies-extras.cmake
[3.572s] -- Up-to-date: /home/absolutezeno/Auto-BT-Generation/install/custom_message/share/custom_message/cmake/ament_cmake_export_include_directories-extras.cmake
[3.572s] -- Up-to-date: /home/absolutezeno/Auto-BT-Generation/install/custom_message/share/custom_message/cmake/ament_cmake_export_libraries-extras.cmake
[3.572s] -- Up-to-date: /home/absolutezeno/Auto-BT-Generation/install/custom_message/share/custom_message/cmake/ament_cmake_export_targets-extras.cmake
[3.572s] -- Up-to-date: /home/absolutezeno/Auto-BT-Generation/install/custom_message/share/custom_message/cmake/rosidl_cmake_export_typesupport_targets-extras.cmake
[3.572s] -- Up-to-date: /home/absolutezeno/Auto-BT-Generation/install/custom_message/share/custom_message/cmake/rosidl_cmake_export_typesupport_libraries-extras.cmake
[3.572s] -- Up-to-date: /home/absolutezeno/Auto-BT-Generation/install/custom_message/share/custom_message/cmake/custom_messageConfig.cmake
[3.573s] -- Up-to-date: /home/absolutezeno/Auto-BT-Generation/install/custom_message/share/custom_message/cmake/custom_messageConfig-version.cmake
[3.573s] -- Up-to-date: /home/absolutezeno/Auto-BT-Generation/install/custom_message/share/custom_message/package.xml
[3.584s] Invoked command in '/home/absolutezeno/Auto-BT-Generation/build/custom_message' returned '0': CMAKE_PREFIX_PATH=${CMAKE_PREFIX_PATH}:/home/absolutezeno/Auto-BT-Generation/install/turtlebot3_teleop:/home/absolutezeno/Auto-BT-Generation/install/turtlebot3_example:/home/absolutezeno/Auto-BT-Generation/install/py_trees_ros_viewer:/home/absolutezeno/Auto-BT-Generation/install/py_trees_ros_tutorials:/home/absolutezeno/Auto-BT-Generation/install/py_trees_ros:/home/absolutezeno/fra532_exam/install/mir_driver:/home/absolutezeno/fra532_exam/install/twist_stamper:/home/absolutezeno/fra532_exam/install/mir_restapi:/opt/ros/humble PS1=(isaaclab) \[\e]0;\u@\h: \w\a\]${debian_chroot:+($debian_chroot)}\[\033[01;32m\]\u@\h\[\033[00m\]:\[\033[01;34m\]\w\[\033[00m\]\$ VIRTUAL_ENV_PROMPT=(isaaclab) /usr/bin/cmake --install /home/absolutezeno/Auto-BT-Generation/build/custom_message
