[2.343s] Invoking command in '/home/absolutezeno/Auto-BT-Generation/src/py_trees_ros': PYTHONPATH=/home/absolutezeno/Auto-BT-Generation/build/py_trees_ros/prefix_override:/home/absolutezeno/Auto-BT-Generation/install/py_trees_ros/lib/python3.10/site-packages:${PYTHONPATH} /usr/bin/python3 setup.py egg_info --egg-base ../../build/py_trees_ros build --build-base /home/absolutezeno/Auto-BT-Generation/build/py_trees_ros/build install --record /home/absolutezeno/Auto-BT-Generation/build/py_trees_ros/install.log --single-version-externally-managed
[2.614s] running egg_info
[2.615s] creating ../../build/py_trees_ros/py_trees_ros.egg-info
[2.615s] writing ../../build/py_trees_ros/py_trees_ros.egg-info/PKG-INFO
[2.615s] writing dependency_links to ../../build/py_trees_ros/py_trees_ros.egg-info/dependency_links.txt
[2.616s] writing entry points to ../../build/py_trees_ros/py_trees_ros.egg-info/entry_points.txt
[2.616s] writing top-level names to ../../build/py_trees_ros/py_trees_ros.egg-info/top_level.txt
[2.616s] writing manifest file '../../build/py_trees_ros/py_trees_ros.egg-info/SOURCES.txt'
[2.618s] reading manifest file '../../build/py_trees_ros/py_trees_ros.egg-info/SOURCES.txt'
[2.618s] adding license file 'LICENSE'
[2.619s] writing manifest file '../../build/py_trees_ros/py_trees_ros.egg-info/SOURCES.txt'
[2.619s] running build
[2.619s] running build_py
[2.619s] creating /home/absolutezeno/Auto-BT-Generation/build/py_trees_ros/build
[2.619s] creating /home/absolutezeno/Auto-BT-Generation/build/py_trees_ros/build/lib
[2.620s] creating /home/absolutezeno/Auto-BT-Generation/build/py_trees_ros/build/lib/py_trees_ros
[2.620s] copying py_trees_ros/actions.py -> /home/absolutezeno/Auto-BT-Generation/build/py_trees_ros/build/lib/py_trees_ros
[2.620s] copying py_trees_ros/exceptions.py -> /home/absolutezeno/Auto-BT-Generation/build/py_trees_ros/build/lib/py_trees_ros
[2.620s] copying py_trees_ros/battery.py -> /home/absolutezeno/Auto-BT-Generation/build/py_trees_ros/build/lib/py_trees_ros
[2.620s] copying py_trees_ros/conversions.py -> /home/absolutezeno/Auto-BT-Generation/build/py_trees_ros/build/lib/py_trees_ros
[2.620s] copying py_trees_ros/transforms.py -> /home/absolutezeno/Auto-BT-Generation/build/py_trees_ros/build/lib/py_trees_ros
[2.621s] copying py_trees_ros/subscribers.py -> /home/absolutezeno/Auto-BT-Generation/build/py_trees_ros/build/lib/py_trees_ros
[2.621s] copying py_trees_ros/version.py -> /home/absolutezeno/Auto-BT-Generation/build/py_trees_ros/build/lib/py_trees_ros
[2.621s] copying py_trees_ros/action_clients.py -> /home/absolutezeno/Auto-BT-Generation/build/py_trees_ros/build/lib/py_trees_ros
[2.621s] copying py_trees_ros/blackboard.py -> /home/absolutezeno/Auto-BT-Generation/build/py_trees_ros/build/lib/py_trees_ros
[2.621s] copying py_trees_ros/utilities.py -> /home/absolutezeno/Auto-BT-Generation/build/py_trees_ros/build/lib/py_trees_ros
[2.621s] copying py_trees_ros/visitors.py -> /home/absolutezeno/Auto-BT-Generation/build/py_trees_ros/build/lib/py_trees_ros
[2.621s] copying py_trees_ros/__init__.py -> /home/absolutezeno/Auto-BT-Generation/build/py_trees_ros/build/lib/py_trees_ros
[2.621s] copying py_trees_ros/service_clients.py -> /home/absolutezeno/Auto-BT-Generation/build/py_trees_ros/build/lib/py_trees_ros
[2.621s] copying py_trees_ros/publishers.py -> /home/absolutezeno/Auto-BT-Generation/build/py_trees_ros/build/lib/py_trees_ros
[2.621s] copying py_trees_ros/trees.py -> /home/absolutezeno/Auto-BT-Generation/build/py_trees_ros/build/lib/py_trees_ros
[2.622s] creating /home/absolutezeno/Auto-BT-Generation/build/py_trees_ros/build/lib/py_trees_ros/programs
[2.622s] copying py_trees_ros/programs/echo.py -> /home/absolutezeno/Auto-BT-Generation/build/py_trees_ros/build/lib/py_trees_ros/programs
[2.622s] copying py_trees_ros/programs/tree_watcher.py -> /home/absolutezeno/Auto-BT-Generation/build/py_trees_ros/build/lib/py_trees_ros/programs
[2.622s] copying py_trees_ros/programs/multi_talker.py -> /home/absolutezeno/Auto-BT-Generation/build/py_trees_ros/build/lib/py_trees_ros/programs
[2.622s] copying py_trees_ros/programs/__init__.py -> /home/absolutezeno/Auto-BT-Generation/build/py_trees_ros/build/lib/py_trees_ros/programs
[2.622s] copying py_trees_ros/programs/blackboard_watcher.py -> /home/absolutezeno/Auto-BT-Generation/build/py_trees_ros/build/lib/py_trees_ros/programs
[2.622s] creating /home/absolutezeno/Auto-BT-Generation/build/py_trees_ros/build/lib/py_trees_ros/mock
[2.622s] copying py_trees_ros/mock/actions.py -> /home/absolutezeno/Auto-BT-Generation/build/py_trees_ros/build/lib/py_trees_ros/mock
[2.622s] copying py_trees_ros/mock/set_bool.py -> /home/absolutezeno/Auto-BT-Generation/build/py_trees_ros/build/lib/py_trees_ros/mock
[2.622s] copying py_trees_ros/mock/services.py -> /home/absolutezeno/Auto-BT-Generation/build/py_trees_ros/build/lib/py_trees_ros/mock
[2.622s] copying py_trees_ros/mock/__init__.py -> /home/absolutezeno/Auto-BT-Generation/build/py_trees_ros/build/lib/py_trees_ros/mock
[2.623s] copying py_trees_ros/mock/dock.py -> /home/absolutezeno/Auto-BT-Generation/build/py_trees_ros/build/lib/py_trees_ros/mock
[2.623s] running install
[2.623s] /usr/lib/python3/dist-packages/setuptools/command/install.py:34: SetuptoolsDeprecationWarning: setup.py install is deprecated. Use build and pip and other standards-based tools.
[2.623s]   warnings.warn(
[2.623s] running install_lib
[2.626s] creating /home/absolutezeno/Auto-BT-Generation/install/py_trees_ros/lib/python3.10/site-packages/py_trees_ros
[2.627s] copying /home/absolutezeno/Auto-BT-Generation/build/py_trees_ros/build/lib/py_trees_ros/actions.py -> /home/absolutezeno/Auto-BT-Generation/install/py_trees_ros/lib/python3.10/site-packages/py_trees_ros
[2.627s] creating /home/absolutezeno/Auto-BT-Generation/install/py_trees_ros/lib/python3.10/site-packages/py_trees_ros/programs
[2.627s] copying /home/absolutezeno/Auto-BT-Generation/build/py_trees_ros/build/lib/py_trees_ros/programs/echo.py -> /home/absolutezeno/Auto-BT-Generation/install/py_trees_ros/lib/python3.10/site-packages/py_trees_ros/programs
[2.627s] copying /home/absolutezeno/Auto-BT-Generation/build/py_trees_ros/build/lib/py_trees_ros/programs/tree_watcher.py -> /home/absolutezeno/Auto-BT-Generation/install/py_trees_ros/lib/python3.10/site-packages/py_trees_ros/programs
[2.627s] copying /home/absolutezeno/Auto-BT-Generation/build/py_trees_ros/build/lib/py_trees_ros/programs/multi_talker.py -> /home/absolutezeno/Auto-BT-Generation/install/py_trees_ros/lib/python3.10/site-packages/py_trees_ros/programs
[2.627s] copying /home/absolutezeno/Auto-BT-Generation/build/py_trees_ros/build/lib/py_trees_ros/programs/__init__.py -> /home/absolutezeno/Auto-BT-Generation/install/py_trees_ros/lib/python3.10/site-packages/py_trees_ros/programs
[2.627s] copying /home/absolutezeno/Auto-BT-Generation/build/py_trees_ros/build/lib/py_trees_ros/programs/blackboard_watcher.py -> /home/absolutezeno/Auto-BT-Generation/install/py_trees_ros/lib/python3.10/site-packages/py_trees_ros/programs
[2.627s] copying /home/absolutezeno/Auto-BT-Generation/build/py_trees_ros/build/lib/py_trees_ros/exceptions.py -> /home/absolutezeno/Auto-BT-Generation/install/py_trees_ros/lib/python3.10/site-packages/py_trees_ros
[2.627s] copying /home/absolutezeno/Auto-BT-Generation/build/py_trees_ros/build/lib/py_trees_ros/battery.py -> /home/absolutezeno/Auto-BT-Generation/install/py_trees_ros/lib/python3.10/site-packages/py_trees_ros
[2.627s] copying /home/absolutezeno/Auto-BT-Generation/build/py_trees_ros/build/lib/py_trees_ros/conversions.py -> /home/absolutezeno/Auto-BT-Generation/install/py_trees_ros/lib/python3.10/site-packages/py_trees_ros
[2.627s] copying /home/absolutezeno/Auto-BT-Generation/build/py_trees_ros/build/lib/py_trees_ros/transforms.py -> /home/absolutezeno/Auto-BT-Generation/install/py_trees_ros/lib/python3.10/site-packages/py_trees_ros
[2.627s] copying /home/absolutezeno/Auto-BT-Generation/build/py_trees_ros/build/lib/py_trees_ros/subscribers.py -> /home/absolutezeno/Auto-BT-Generation/install/py_trees_ros/lib/python3.10/site-packages/py_trees_ros
[2.627s] copying /home/absolutezeno/Auto-BT-Generation/build/py_trees_ros/build/lib/py_trees_ros/version.py -> /home/absolutezeno/Auto-BT-Generation/install/py_trees_ros/lib/python3.10/site-packages/py_trees_ros
[2.627s] copying /home/absolutezeno/Auto-BT-Generation/build/py_trees_ros/build/lib/py_trees_ros/action_clients.py -> /home/absolutezeno/Auto-BT-Generation/install/py_trees_ros/lib/python3.10/site-packages/py_trees_ros
[2.627s] copying /home/absolutezeno/Auto-BT-Generation/build/py_trees_ros/build/lib/py_trees_ros/blackboard.py -> /home/absolutezeno/Auto-BT-Generation/install/py_trees_ros/lib/python3.10/site-packages/py_trees_ros
[2.628s] copying /home/absolutezeno/Auto-BT-Generation/build/py_trees_ros/build/lib/py_trees_ros/utilities.py -> /home/absolutezeno/Auto-BT-Generation/install/py_trees_ros/lib/python3.10/site-packages/py_trees_ros
[2.628s] copying /home/absolutezeno/Auto-BT-Generation/build/py_trees_ros/build/lib/py_trees_ros/visitors.py -> /home/absolutezeno/Auto-BT-Generation/install/py_trees_ros/lib/python3.10/site-packages/py_trees_ros
[2.628s] copying /home/absolutezeno/Auto-BT-Generation/build/py_trees_ros/build/lib/py_trees_ros/__init__.py -> /home/absolutezeno/Auto-BT-Generation/install/py_trees_ros/lib/python3.10/site-packages/py_trees_ros
[2.628s] copying /home/absolutezeno/Auto-BT-Generation/build/py_trees_ros/build/lib/py_trees_ros/service_clients.py -> /home/absolutezeno/Auto-BT-Generation/install/py_trees_ros/lib/python3.10/site-packages/py_trees_ros
[2.628s] creating /home/absolutezeno/Auto-BT-Generation/install/py_trees_ros/lib/python3.10/site-packages/py_trees_ros/mock
[2.628s] copying /home/absolutezeno/Auto-BT-Generation/build/py_trees_ros/build/lib/py_trees_ros/mock/actions.py -> /home/absolutezeno/Auto-BT-Generation/install/py_trees_ros/lib/python3.10/site-packages/py_trees_ros/mock
[2.628s] copying /home/absolutezeno/Auto-BT-Generation/build/py_trees_ros/build/lib/py_trees_ros/mock/set_bool.py -> /home/absolutezeno/Auto-BT-Generation/install/py_trees_ros/lib/python3.10/site-packages/py_trees_ros/mock
[2.628s] copying /home/absolutezeno/Auto-BT-Generation/build/py_trees_ros/build/lib/py_trees_ros/mock/services.py -> /home/absolutezeno/Auto-BT-Generation/install/py_trees_ros/lib/python3.10/site-packages/py_trees_ros/mock
[2.628s] copying /home/absolutezeno/Auto-BT-Generation/build/py_trees_ros/build/lib/py_trees_ros/mock/__init__.py -> /home/absolutezeno/Auto-BT-Generation/install/py_trees_ros/lib/python3.10/site-packages/py_trees_ros/mock
[2.628s] copying /home/absolutezeno/Auto-BT-Generation/build/py_trees_ros/build/lib/py_trees_ros/mock/dock.py -> /home/absolutezeno/Auto-BT-Generation/install/py_trees_ros/lib/python3.10/site-packages/py_trees_ros/mock
[2.628s] copying /home/absolutezeno/Auto-BT-Generation/build/py_trees_ros/build/lib/py_trees_ros/publishers.py -> /home/absolutezeno/Auto-BT-Generation/install/py_trees_ros/lib/python3.10/site-packages/py_trees_ros
[2.628s] copying /home/absolutezeno/Auto-BT-Generation/build/py_trees_ros/build/lib/py_trees_ros/trees.py -> /home/absolutezeno/Auto-BT-Generation/install/py_trees_ros/lib/python3.10/site-packages/py_trees_ros
[2.628s] byte-compiling /home/absolutezeno/Auto-BT-Generation/install/py_trees_ros/lib/python3.10/site-packages/py_trees_ros/actions.py to actions.cpython-310.pyc
[2.628s] byte-compiling /home/absolutezeno/Auto-BT-Generation/install/py_trees_ros/lib/python3.10/site-packages/py_trees_ros/programs/echo.py to echo.cpython-310.pyc
[2.628s] byte-compiling /home/absolutezeno/Auto-BT-Generation/install/py_trees_ros/lib/python3.10/site-packages/py_trees_ros/programs/tree_watcher.py to tree_watcher.cpython-310.pyc
[2.629s] byte-compiling /home/absolutezeno/Auto-BT-Generation/install/py_trees_ros/lib/python3.10/site-packages/py_trees_ros/programs/multi_talker.py to multi_talker.cpython-310.pyc
[2.630s] byte-compiling /home/absolutezeno/Auto-BT-Generation/install/py_trees_ros/lib/python3.10/site-packages/py_trees_ros/programs/__init__.py to __init__.cpython-310.pyc
[2.630s] byte-compiling /home/absolutezeno/Auto-BT-Generation/install/py_trees_ros/lib/python3.10/site-packages/py_trees_ros/programs/blackboard_watcher.py to blackboard_watcher.cpython-310.pyc
[2.631s] byte-compiling /home/absolutezeno/Auto-BT-Generation/install/py_trees_ros/lib/python3.10/site-packages/py_trees_ros/exceptions.py to exceptions.cpython-310.pyc
[2.631s] byte-compiling /home/absolutezeno/Auto-BT-Generation/install/py_trees_ros/lib/python3.10/site-packages/py_trees_ros/battery.py to battery.cpython-310.pyc
[2.632s] byte-compiling /home/absolutezeno/Auto-BT-Generation/install/py_trees_ros/lib/python3.10/site-packages/py_trees_ros/conversions.py to conversions.cpython-310.pyc
[2.634s] byte-compiling /home/absolutezeno/Auto-BT-Generation/install/py_trees_ros/lib/python3.10/site-packages/py_trees_ros/transforms.py to transforms.cpython-310.pyc
[2.634s] byte-compiling /home/absolutezeno/Auto-BT-Generation/install/py_trees_ros/lib/python3.10/site-packages/py_trees_ros/subscribers.py to subscribers.cpython-310.pyc
[2.636s] byte-compiling /home/absolutezeno/Auto-BT-Generation/install/py_trees_ros/lib/python3.10/site-packages/py_trees_ros/version.py to version.cpython-310.pyc
[2.636s] byte-compiling /home/absolutezeno/Auto-BT-Generation/install/py_trees_ros/lib/python3.10/site-packages/py_trees_ros/action_clients.py to action_clients.cpython-310.pyc
[2.638s] byte-compiling /home/absolutezeno/Auto-BT-Generation/install/py_trees_ros/lib/python3.10/site-packages/py_trees_ros/blackboard.py to blackboard.cpython-310.pyc
[2.641s] byte-compiling /home/absolutezeno/Auto-BT-Generation/install/py_trees_ros/lib/python3.10/site-packages/py_trees_ros/utilities.py to utilities.cpython-310.pyc
[2.642s] byte-compiling /home/absolutezeno/Auto-BT-Generation/install/py_trees_ros/lib/python3.10/site-packages/py_trees_ros/visitors.py to visitors.cpython-310.pyc
[2.642s] byte-compiling /home/absolutezeno/Auto-BT-Generation/install/py_trees_ros/lib/python3.10/site-packages/py_trees_ros/__init__.py to __init__.cpython-310.pyc
[2.643s] byte-compiling /home/absolutezeno/Auto-BT-Generation/install/py_trees_ros/lib/python3.10/site-packages/py_trees_ros/service_clients.py to service_clients.cpython-310.pyc
[2.644s] byte-compiling /home/absolutezeno/Auto-BT-Generation/install/py_trees_ros/lib/python3.10/site-packages/py_trees_ros/mock/actions.py to actions.cpython-310.pyc
[2.645s] byte-compiling /home/absolutezeno/Auto-BT-Generation/install/py_trees_ros/lib/python3.10/site-packages/py_trees_ros/mock/set_bool.py to set_bool.cpython-310.pyc
[2.645s] byte-compiling /home/absolutezeno/Auto-BT-Generation/install/py_trees_ros/lib/python3.10/site-packages/py_trees_ros/mock/services.py to services.cpython-310.pyc
[2.645s] byte-compiling /home/absolutezeno/Auto-BT-Generation/install/py_trees_ros/lib/python3.10/site-packages/py_trees_ros/mock/__init__.py to __init__.cpython-310.pyc
[2.645s] byte-compiling /home/absolutezeno/Auto-BT-Generation/install/py_trees_ros/lib/python3.10/site-packages/py_trees_ros/mock/dock.py to dock.cpython-310.pyc
[2.646s] byte-compiling /home/absolutezeno/Auto-BT-Generation/install/py_trees_ros/lib/python3.10/site-packages/py_trees_ros/publishers.py to publishers.cpython-310.pyc
[2.646s] byte-compiling /home/absolutezeno/Auto-BT-Generation/install/py_trees_ros/lib/python3.10/site-packages/py_trees_ros/trees.py to trees.cpython-310.pyc
[2.651s] running install_data
[2.652s] copying package.xml -> /home/absolutezeno/Auto-BT-Generation/install/py_trees_ros/share/py_trees_ros
[2.652s] creating /home/absolutezeno/Auto-BT-Generation/install/py_trees_ros/share/ament_index
[2.652s] creating /home/absolutezeno/Auto-BT-Generation/install/py_trees_ros/share/ament_index/resource_index
[2.652s] creating /home/absolutezeno/Auto-BT-Generation/install/py_trees_ros/share/ament_index/resource_index/packages
[2.652s] copying resources/py_trees_ros -> /home/absolutezeno/Auto-BT-Generation/install/py_trees_ros/share/ament_index/resource_index/packages
[2.653s] running install_egg_info
[2.654s] Copying ../../build/py_trees_ros/py_trees_ros.egg-info to /home/absolutezeno/Auto-BT-Generation/install/py_trees_ros/lib/python3.10/site-packages/py_trees_ros-2.2.2-py3.10.egg-info
[2.655s] running install_scripts
[2.683s] Installing py-trees-blackboard-watcher script to /home/absolutezeno/Auto-BT-Generation/install/py_trees_ros/bin
[2.683s] Installing py-trees-tree-watcher script to /home/absolutezeno/Auto-BT-Generation/install/py_trees_ros/bin
[2.684s] writing list of installed files to '/home/absolutezeno/Auto-BT-Generation/build/py_trees_ros/install.log'
[2.715s] Invoked command in '/home/absolutezeno/Auto-BT-Generation/src/py_trees_ros' returned '0': PYTHONPATH=/home/absolutezeno/Auto-BT-Generation/build/py_trees_ros/prefix_override:/home/absolutezeno/Auto-BT-Generation/install/py_trees_ros/lib/python3.10/site-packages:${PYTHONPATH} /usr/bin/python3 setup.py egg_info --egg-base ../../build/py_trees_ros build --build-base /home/absolutezeno/Auto-BT-Generation/build/py_trees_ros/build install --record /home/absolutezeno/Auto-BT-Generation/build/py_trees_ros/install.log --single-version-externally-managed
