[0.479s] DEBUG:colcon:Command line arguments: ['/usr/bin/colcon', 'build']
[0.479s] DEBUG:colcon:Parsed command line arguments: Namespace(log_base=None, log_level=None, verb_name='build', build_base='build', install_base='install', merge_install=False, symlink_install=False, test_result_base=None, continue_on_error=False, executor='parallel', parallel_workers=20, event_handlers=None, ignore_user_meta=False, metas=['./colcon.meta'], base_paths=['.'], packages_ignore=None, packages_ignore_regex=None, paths=None, packages_up_to=None, packages_up_to_regex=None, packages_above=None, packages_above_and_dependencies=None, packages_above_depth=None, packages_select_by_dep=None, packages_skip_by_dep=None, packages_skip_up_to=None, packages_select_build_failed=False, packages_skip_build_finished=False, packages_select_test_failures=False, packages_skip_test_passed=False, packages_select=None, packages_skip=None, packages_select_regex=None, packages_skip_regex=None, packages_start=None, packages_end=None, allow_overriding=[], cmake_args=None, cmake_target=None, cmake_target_skip_unavailable=False, cmake_clean_cache=False, cmake_clean_first=False, cmake_force_configure=False, ament_cmake_args=None, catkin_cmake_args=None, catkin_skip_building_tests=False, verb_parser=<colcon_defaults.argument_parser.defaults.DefaultArgumentsDecorator object at 0x77ea7469d6c0>, verb_extension=<colcon_core.verb.build.BuildVerb object at 0x77ea7497ea40>, main=<bound method BuildVerb.main of <colcon_core.verb.build.BuildVerb object at 0x77ea7497ea40>>)
[0.508s] Level 1:colcon.colcon_core.package_discovery:discover_packages(colcon_meta) check parameters
[0.508s] Level 1:colcon.colcon_core.package_discovery:discover_packages(recursive) check parameters
[0.508s] Level 1:colcon.colcon_core.package_discovery:discover_packages(ignore) check parameters
[0.508s] Level 1:colcon.colcon_core.package_discovery:discover_packages(path) check parameters
[0.508s] Level 1:colcon.colcon_core.package_discovery:discover_packages(colcon_meta) discover
[0.508s] Level 1:colcon.colcon_core.package_discovery:discover_packages(recursive) discover
[0.508s] INFO:colcon.colcon_core.package_discovery:Crawling recursively for packages in '/home/absolutezeno/Auto-BT-Generation'
[0.508s] Level 1:colcon.colcon_core.package_identification:_identify(.) by extensions ['ignore', 'ignore_ament_install']
[0.508s] Level 1:colcon.colcon_core.package_identification:_identify(.) by extension 'ignore'
[0.508s] Level 1:colcon.colcon_core.package_identification:_identify(.) by extension 'ignore_ament_install'
[0.508s] Level 1:colcon.colcon_core.package_identification:_identify(.) by extensions ['colcon_pkg']
[0.508s] Level 1:colcon.colcon_core.package_identification:_identify(.) by extension 'colcon_pkg'
[0.508s] Level 1:colcon.colcon_core.package_identification:_identify(.) by extensions ['colcon_meta']
[0.508s] Level 1:colcon.colcon_core.package_identification:_identify(.) by extension 'colcon_meta'
[0.508s] Level 1:colcon.colcon_core.package_identification:_identify(.) by extensions ['ros']
[0.508s] Level 1:colcon.colcon_core.package_identification:_identify(.) by extension 'ros'
[0.514s] Level 1:colcon.colcon_core.package_identification:_identify(.) by extensions ['cmake', 'python']
[0.514s] Level 1:colcon.colcon_core.package_identification:_identify(.) by extension 'cmake'
[0.514s] Level 1:colcon.colcon_core.package_identification:_identify(.) by extension 'python'
[0.514s] Level 1:colcon.colcon_core.package_identification:_identify(.) by extensions ['python_setup_py']
[0.514s] Level 1:colcon.colcon_core.package_identification:_identify(.) by extension 'python_setup_py'
[0.514s] Level 1:colcon.colcon_core.package_identification:_identify(build) by extensions ['ignore', 'ignore_ament_install']
[0.514s] Level 1:colcon.colcon_core.package_identification:_identify(build) by extension 'ignore'
[0.514s] Level 1:colcon.colcon_core.package_identification:_identify(build) ignored
[0.514s] Level 1:colcon.colcon_core.package_identification:_identify(install) by extensions ['ignore', 'ignore_ament_install']
[0.514s] Level 1:colcon.colcon_core.package_identification:_identify(install) by extension 'ignore'
[0.514s] Level 1:colcon.colcon_core.package_identification:_identify(install) ignored
[0.514s] Level 1:colcon.colcon_core.package_identification:_identify(log) by extensions ['ignore', 'ignore_ament_install']
[0.514s] Level 1:colcon.colcon_core.package_identification:_identify(log) by extension 'ignore'
[0.514s] Level 1:colcon.colcon_core.package_identification:_identify(log) ignored
[0.515s] Level 1:colcon.colcon_core.package_identification:_identify(src) by extensions ['ignore', 'ignore_ament_install']
[0.515s] Level 1:colcon.colcon_core.package_identification:_identify(src) by extension 'ignore'
[0.515s] Level 1:colcon.colcon_core.package_identification:_identify(src) by extension 'ignore_ament_install'
[0.515s] Level 1:colcon.colcon_core.package_identification:_identify(src) by extensions ['colcon_pkg']
[0.515s] Level 1:colcon.colcon_core.package_identification:_identify(src) by extension 'colcon_pkg'
[0.515s] Level 1:colcon.colcon_core.package_identification:_identify(src) by extensions ['colcon_meta']
[0.515s] Level 1:colcon.colcon_core.package_identification:_identify(src) by extension 'colcon_meta'
[0.515s] Level 1:colcon.colcon_core.package_identification:_identify(src) by extensions ['ros']
[0.515s] Level 1:colcon.colcon_core.package_identification:_identify(src) by extension 'ros'
[0.515s] Level 1:colcon.colcon_core.package_identification:_identify(src) by extensions ['cmake', 'python']
[0.515s] Level 1:colcon.colcon_core.package_identification:_identify(src) by extension 'cmake'
[0.515s] Level 1:colcon.colcon_core.package_identification:_identify(src) by extension 'python'
[0.515s] Level 1:colcon.colcon_core.package_identification:_identify(src) by extensions ['python_setup_py']
[0.515s] Level 1:colcon.colcon_core.package_identification:_identify(src) by extension 'python_setup_py'
[0.515s] Level 1:colcon.colcon_core.package_identification:_identify(src/IsaacLab-autogenBT) by extensions ['ignore', 'ignore_ament_install']
[0.515s] Level 1:colcon.colcon_core.package_identification:_identify(src/IsaacLab-autogenBT) by extension 'ignore'
[0.515s] Level 1:colcon.colcon_core.package_identification:_identify(src/IsaacLab-autogenBT) by extension 'ignore_ament_install'
[0.515s] Level 1:colcon.colcon_core.package_identification:_identify(src/IsaacLab-autogenBT) by extensions ['colcon_pkg']
[0.515s] Level 1:colcon.colcon_core.package_identification:_identify(src/IsaacLab-autogenBT) by extension 'colcon_pkg'
[0.515s] Level 1:colcon.colcon_core.package_identification:_identify(src/IsaacLab-autogenBT) by extensions ['colcon_meta']
[0.515s] Level 1:colcon.colcon_core.package_identification:_identify(src/IsaacLab-autogenBT) by extension 'colcon_meta'
[0.515s] Level 1:colcon.colcon_core.package_identification:_identify(src/IsaacLab-autogenBT) by extensions ['ros']
[0.515s] Level 1:colcon.colcon_core.package_identification:_identify(src/IsaacLab-autogenBT) by extension 'ros'
[0.515s] Level 1:colcon.colcon_core.package_identification:_identify(src/IsaacLab-autogenBT) by extensions ['cmake', 'python']
[0.515s] Level 1:colcon.colcon_core.package_identification:_identify(src/IsaacLab-autogenBT) by extension 'cmake'
[0.515s] Level 1:colcon.colcon_core.package_identification:_identify(src/IsaacLab-autogenBT) by extension 'python'
[0.515s] Level 1:colcon.colcon_core.package_identification:_identify(src/IsaacLab-autogenBT) by extensions ['python_setup_py']
[0.515s] Level 1:colcon.colcon_core.package_identification:_identify(src/IsaacLab-autogenBT) by extension 'python_setup_py'
[0.515s] Level 1:colcon.colcon_core.package_identification:_identify(src/IsaacLab-autogenBT/docker) by extensions ['ignore', 'ignore_ament_install']
[0.515s] Level 1:colcon.colcon_core.package_identification:_identify(src/IsaacLab-autogenBT/docker) by extension 'ignore'
[0.515s] Level 1:colcon.colcon_core.package_identification:_identify(src/IsaacLab-autogenBT/docker) by extension 'ignore_ament_install'
[0.515s] Level 1:colcon.colcon_core.package_identification:_identify(src/IsaacLab-autogenBT/docker) by extensions ['colcon_pkg']
[0.515s] Level 1:colcon.colcon_core.package_identification:_identify(src/IsaacLab-autogenBT/docker) by extension 'colcon_pkg'
[0.515s] Level 1:colcon.colcon_core.package_identification:_identify(src/IsaacLab-autogenBT/docker) by extensions ['colcon_meta']
[0.515s] Level 1:colcon.colcon_core.package_identification:_identify(src/IsaacLab-autogenBT/docker) by extension 'colcon_meta'
[0.515s] Level 1:colcon.colcon_core.package_identification:_identify(src/IsaacLab-autogenBT/docker) by extensions ['ros']
[0.515s] Level 1:colcon.colcon_core.package_identification:_identify(src/IsaacLab-autogenBT/docker) by extension 'ros'
[0.515s] Level 1:colcon.colcon_core.package_identification:_identify(src/IsaacLab-autogenBT/docker) by extensions ['cmake', 'python']
[0.515s] Level 1:colcon.colcon_core.package_identification:_identify(src/IsaacLab-autogenBT/docker) by extension 'cmake'
[0.515s] Level 1:colcon.colcon_core.package_identification:_identify(src/IsaacLab-autogenBT/docker) by extension 'python'
[0.515s] Level 1:colcon.colcon_core.package_identification:_identify(src/IsaacLab-autogenBT/docker) by extensions ['python_setup_py']
[0.515s] Level 1:colcon.colcon_core.package_identification:_identify(src/IsaacLab-autogenBT/docker) by extension 'python_setup_py'
[0.515s] Level 1:colcon.colcon_core.package_identification:_identify(src/IsaacLab-autogenBT/exts) by extensions ['ignore', 'ignore_ament_install']
[0.515s] Level 1:colcon.colcon_core.package_identification:_identify(src/IsaacLab-autogenBT/exts) by extension 'ignore'
[0.515s] Level 1:colcon.colcon_core.package_identification:_identify(src/IsaacLab-autogenBT/exts) by extension 'ignore_ament_install'
[0.515s] Level 1:colcon.colcon_core.package_identification:_identify(src/IsaacLab-autogenBT/exts) by extensions ['colcon_pkg']
[0.515s] Level 1:colcon.colcon_core.package_identification:_identify(src/IsaacLab-autogenBT/exts) by extension 'colcon_pkg'
[0.515s] Level 1:colcon.colcon_core.package_identification:_identify(src/IsaacLab-autogenBT/exts) by extensions ['colcon_meta']
[0.515s] Level 1:colcon.colcon_core.package_identification:_identify(src/IsaacLab-autogenBT/exts) by extension 'colcon_meta'
[0.515s] Level 1:colcon.colcon_core.package_identification:_identify(src/IsaacLab-autogenBT/exts) by extensions ['ros']
[0.515s] Level 1:colcon.colcon_core.package_identification:_identify(src/IsaacLab-autogenBT/exts) by extension 'ros'
[0.516s] Level 1:colcon.colcon_core.package_identification:_identify(src/IsaacLab-autogenBT/exts) by extensions ['cmake', 'python']
[0.516s] Level 1:colcon.colcon_core.package_identification:_identify(src/IsaacLab-autogenBT/exts) by extension 'cmake'
[0.516s] Level 1:colcon.colcon_core.package_identification:_identify(src/IsaacLab-autogenBT/exts) by extension 'python'
[0.516s] Level 1:colcon.colcon_core.package_identification:_identify(src/IsaacLab-autogenBT/exts) by extensions ['python_setup_py']
[0.516s] Level 1:colcon.colcon_core.package_identification:_identify(src/IsaacLab-autogenBT/exts) by extension 'python_setup_py'
[0.516s] Level 1:colcon.colcon_core.package_identification:_identify(src/IsaacLab-autogenBT/exts/autogen_bt) by extensions ['ignore', 'ignore_ament_install']
[0.516s] Level 1:colcon.colcon_core.package_identification:_identify(src/IsaacLab-autogenBT/exts/autogen_bt) by extension 'ignore'
[0.516s] Level 1:colcon.colcon_core.package_identification:_identify(src/IsaacLab-autogenBT/exts/autogen_bt) by extension 'ignore_ament_install'
[0.516s] Level 1:colcon.colcon_core.package_identification:_identify(src/IsaacLab-autogenBT/exts/autogen_bt) by extensions ['colcon_pkg']
[0.516s] Level 1:colcon.colcon_core.package_identification:_identify(src/IsaacLab-autogenBT/exts/autogen_bt) by extension 'colcon_pkg'
[0.516s] Level 1:colcon.colcon_core.package_identification:_identify(src/IsaacLab-autogenBT/exts/autogen_bt) by extensions ['colcon_meta']
[0.516s] Level 1:colcon.colcon_core.package_identification:_identify(src/IsaacLab-autogenBT/exts/autogen_bt) by extension 'colcon_meta'
[0.516s] Level 1:colcon.colcon_core.package_identification:_identify(src/IsaacLab-autogenBT/exts/autogen_bt) by extensions ['ros']
[0.516s] Level 1:colcon.colcon_core.package_identification:_identify(src/IsaacLab-autogenBT/exts/autogen_bt) by extension 'ros'
[0.516s] Level 1:colcon.colcon_core.package_identification:_identify(src/IsaacLab-autogenBT/exts/autogen_bt) by extensions ['cmake', 'python']
[0.516s] Level 1:colcon.colcon_core.package_identification:_identify(src/IsaacLab-autogenBT/exts/autogen_bt) by extension 'cmake'
[0.516s] Level 1:colcon.colcon_core.package_identification:_identify(src/IsaacLab-autogenBT/exts/autogen_bt) by extension 'python'
[0.516s] Level 1:colcon.colcon_core.package_identification:_identify(src/IsaacLab-autogenBT/exts/autogen_bt) by extensions ['python_setup_py']
[0.516s] Level 1:colcon.colcon_core.package_identification:_identify(src/IsaacLab-autogenBT/exts/autogen_bt) by extension 'python_setup_py'
[0.664s] DEBUG:colcon.colcon_core.package_identification:Package 'src/IsaacLab-autogenBT/exts/autogen_bt' with type 'python' and name 'autogen_bt'
[0.664s] Level 1:colcon.colcon_core.package_identification:_identify(src/IsaacLab-autogenBT/logs) by extensions ['ignore', 'ignore_ament_install']
[0.664s] Level 1:colcon.colcon_core.package_identification:_identify(src/IsaacLab-autogenBT/logs) by extension 'ignore'
[0.664s] Level 1:colcon.colcon_core.package_identification:_identify(src/IsaacLab-autogenBT/logs) by extension 'ignore_ament_install'
[0.664s] Level 1:colcon.colcon_core.package_identification:_identify(src/IsaacLab-autogenBT/logs) by extensions ['colcon_pkg']
[0.664s] Level 1:colcon.colcon_core.package_identification:_identify(src/IsaacLab-autogenBT/logs) by extension 'colcon_pkg'
[0.664s] Level 1:colcon.colcon_core.package_identification:_identify(src/IsaacLab-autogenBT/logs) by extensions ['colcon_meta']
[0.664s] Level 1:colcon.colcon_core.package_identification:_identify(src/IsaacLab-autogenBT/logs) by extension 'colcon_meta'
[0.664s] Level 1:colcon.colcon_core.package_identification:_identify(src/IsaacLab-autogenBT/logs) by extensions ['ros']
[0.664s] Level 1:colcon.colcon_core.package_identification:_identify(src/IsaacLab-autogenBT/logs) by extension 'ros'
[0.664s] Level 1:colcon.colcon_core.package_identification:_identify(src/IsaacLab-autogenBT/logs) by extensions ['cmake', 'python']
[0.664s] Level 1:colcon.colcon_core.package_identification:_identify(src/IsaacLab-autogenBT/logs) by extension 'cmake'
[0.664s] Level 1:colcon.colcon_core.package_identification:_identify(src/IsaacLab-autogenBT/logs) by extension 'python'
[0.665s] Level 1:colcon.colcon_core.package_identification:_identify(src/IsaacLab-autogenBT/logs) by extensions ['python_setup_py']
[0.665s] Level 1:colcon.colcon_core.package_identification:_identify(src/IsaacLab-autogenBT/logs) by extension 'python_setup_py'
[0.665s] Level 1:colcon.colcon_core.package_identification:_identify(src/IsaacLab-autogenBT/logs/rsl_rl) by extensions ['ignore', 'ignore_ament_install']
[0.665s] Level 1:colcon.colcon_core.package_identification:_identify(src/IsaacLab-autogenBT/logs/rsl_rl) by extension 'ignore'
[0.665s] Level 1:colcon.colcon_core.package_identification:_identify(src/IsaacLab-autogenBT/logs/rsl_rl) by extension 'ignore_ament_install'
[0.665s] Level 1:colcon.colcon_core.package_identification:_identify(src/IsaacLab-autogenBT/logs/rsl_rl) by extensions ['colcon_pkg']
[0.665s] Level 1:colcon.colcon_core.package_identification:_identify(src/IsaacLab-autogenBT/logs/rsl_rl) by extension 'colcon_pkg'
[0.665s] Level 1:colcon.colcon_core.package_identification:_identify(src/IsaacLab-autogenBT/logs/rsl_rl) by extensions ['colcon_meta']
[0.665s] Level 1:colcon.colcon_core.package_identification:_identify(src/IsaacLab-autogenBT/logs/rsl_rl) by extension 'colcon_meta'
[0.665s] Level 1:colcon.colcon_core.package_identification:_identify(src/IsaacLab-autogenBT/logs/rsl_rl) by extensions ['ros']
[0.665s] Level 1:colcon.colcon_core.package_identification:_identify(src/IsaacLab-autogenBT/logs/rsl_rl) by extension 'ros'
[0.665s] Level 1:colcon.colcon_core.package_identification:_identify(src/IsaacLab-autogenBT/logs/rsl_rl) by extensions ['cmake', 'python']
[0.665s] Level 1:colcon.colcon_core.package_identification:_identify(src/IsaacLab-autogenBT/logs/rsl_rl) by extension 'cmake'
[0.665s] Level 1:colcon.colcon_core.package_identification:_identify(src/IsaacLab-autogenBT/logs/rsl_rl) by extension 'python'
[0.665s] Level 1:colcon.colcon_core.package_identification:_identify(src/IsaacLab-autogenBT/logs/rsl_rl) by extensions ['python_setup_py']
[0.665s] Level 1:colcon.colcon_core.package_identification:_identify(src/IsaacLab-autogenBT/logs/rsl_rl) by extension 'python_setup_py'
[0.665s] Level 1:colcon.colcon_core.package_identification:_identify(src/IsaacLab-autogenBT/logs/rsl_rl/anymal_d_rough) by extensions ['ignore', 'ignore_ament_install']
[0.665s] Level 1:colcon.colcon_core.package_identification:_identify(src/IsaacLab-autogenBT/logs/rsl_rl/anymal_d_rough) by extension 'ignore'
[0.665s] Level 1:colcon.colcon_core.package_identification:_identify(src/IsaacLab-autogenBT/logs/rsl_rl/anymal_d_rough) by extension 'ignore_ament_install'
[0.665s] Level 1:colcon.colcon_core.package_identification:_identify(src/IsaacLab-autogenBT/logs/rsl_rl/anymal_d_rough) by extensions ['colcon_pkg']
[0.665s] Level 1:colcon.colcon_core.package_identification:_identify(src/IsaacLab-autogenBT/logs/rsl_rl/anymal_d_rough) by extension 'colcon_pkg'
[0.665s] Level 1:colcon.colcon_core.package_identification:_identify(src/IsaacLab-autogenBT/logs/rsl_rl/anymal_d_rough) by extensions ['colcon_meta']
[0.665s] Level 1:colcon.colcon_core.package_identification:_identify(src/IsaacLab-autogenBT/logs/rsl_rl/anymal_d_rough) by extension 'colcon_meta'
[0.665s] Level 1:colcon.colcon_core.package_identification:_identify(src/IsaacLab-autogenBT/logs/rsl_rl/anymal_d_rough) by extensions ['ros']
[0.665s] Level 1:colcon.colcon_core.package_identification:_identify(src/IsaacLab-autogenBT/logs/rsl_rl/anymal_d_rough) by extension 'ros'
[0.665s] Level 1:colcon.colcon_core.package_identification:_identify(src/IsaacLab-autogenBT/logs/rsl_rl/anymal_d_rough) by extensions ['cmake', 'python']
[0.665s] Level 1:colcon.colcon_core.package_identification:_identify(src/IsaacLab-autogenBT/logs/rsl_rl/anymal_d_rough) by extension 'cmake'
[0.665s] Level 1:colcon.colcon_core.package_identification:_identify(src/IsaacLab-autogenBT/logs/rsl_rl/anymal_d_rough) by extension 'python'
[0.665s] Level 1:colcon.colcon_core.package_identification:_identify(src/IsaacLab-autogenBT/logs/rsl_rl/anymal_d_rough) by extensions ['python_setup_py']
[0.665s] Level 1:colcon.colcon_core.package_identification:_identify(src/IsaacLab-autogenBT/logs/rsl_rl/anymal_d_rough) by extension 'python_setup_py'
[0.665s] Level 1:colcon.colcon_core.package_identification:_identify(src/IsaacLab-autogenBT/logs/rsl_rl/anymal_d_rough/2024-11-07_21-09-16) by extensions ['ignore', 'ignore_ament_install']
[0.665s] Level 1:colcon.colcon_core.package_identification:_identify(src/IsaacLab-autogenBT/logs/rsl_rl/anymal_d_rough/2024-11-07_21-09-16) by extension 'ignore'
[0.665s] Level 1:colcon.colcon_core.package_identification:_identify(src/IsaacLab-autogenBT/logs/rsl_rl/anymal_d_rough/2024-11-07_21-09-16) by extension 'ignore_ament_install'
[0.665s] Level 1:colcon.colcon_core.package_identification:_identify(src/IsaacLab-autogenBT/logs/rsl_rl/anymal_d_rough/2024-11-07_21-09-16) by extensions ['colcon_pkg']
[0.665s] Level 1:colcon.colcon_core.package_identification:_identify(src/IsaacLab-autogenBT/logs/rsl_rl/anymal_d_rough/2024-11-07_21-09-16) by extension 'colcon_pkg'
[0.665s] Level 1:colcon.colcon_core.package_identification:_identify(src/IsaacLab-autogenBT/logs/rsl_rl/anymal_d_rough/2024-11-07_21-09-16) by extensions ['colcon_meta']
[0.665s] Level 1:colcon.colcon_core.package_identification:_identify(src/IsaacLab-autogenBT/logs/rsl_rl/anymal_d_rough/2024-11-07_21-09-16) by extension 'colcon_meta'
[0.665s] Level 1:colcon.colcon_core.package_identification:_identify(src/IsaacLab-autogenBT/logs/rsl_rl/anymal_d_rough/2024-11-07_21-09-16) by extensions ['ros']
[0.665s] Level 1:colcon.colcon_core.package_identification:_identify(src/IsaacLab-autogenBT/logs/rsl_rl/anymal_d_rough/2024-11-07_21-09-16) by extension 'ros'
[0.665s] Level 1:colcon.colcon_core.package_identification:_identify(src/IsaacLab-autogenBT/logs/rsl_rl/anymal_d_rough/2024-11-07_21-09-16) by extensions ['cmake', 'python']
[0.665s] Level 1:colcon.colcon_core.package_identification:_identify(src/IsaacLab-autogenBT/logs/rsl_rl/anymal_d_rough/2024-11-07_21-09-16) by extension 'cmake'
[0.665s] Level 1:colcon.colcon_core.package_identification:_identify(src/IsaacLab-autogenBT/logs/rsl_rl/anymal_d_rough/2024-11-07_21-09-16) by extension 'python'
[0.665s] Level 1:colcon.colcon_core.package_identification:_identify(src/IsaacLab-autogenBT/logs/rsl_rl/anymal_d_rough/2024-11-07_21-09-16) by extensions ['python_setup_py']
[0.665s] Level 1:colcon.colcon_core.package_identification:_identify(src/IsaacLab-autogenBT/logs/rsl_rl/anymal_d_rough/2024-11-07_21-09-16) by extension 'python_setup_py'
[0.666s] Level 1:colcon.colcon_core.package_identification:_identify(src/IsaacLab-autogenBT/logs/rsl_rl/anymal_d_rough/2024-11-07_21-09-16/params) by extensions ['ignore', 'ignore_ament_install']
[0.666s] Level 1:colcon.colcon_core.package_identification:_identify(src/IsaacLab-autogenBT/logs/rsl_rl/anymal_d_rough/2024-11-07_21-09-16/params) by extension 'ignore'
[0.666s] Level 1:colcon.colcon_core.package_identification:_identify(src/IsaacLab-autogenBT/logs/rsl_rl/anymal_d_rough/2024-11-07_21-09-16/params) by extension 'ignore_ament_install'
[0.666s] Level 1:colcon.colcon_core.package_identification:_identify(src/IsaacLab-autogenBT/logs/rsl_rl/anymal_d_rough/2024-11-07_21-09-16/params) by extensions ['colcon_pkg']
[0.666s] Level 1:colcon.colcon_core.package_identification:_identify(src/IsaacLab-autogenBT/logs/rsl_rl/anymal_d_rough/2024-11-07_21-09-16/params) by extension 'colcon_pkg'
[0.666s] Level 1:colcon.colcon_core.package_identification:_identify(src/IsaacLab-autogenBT/logs/rsl_rl/anymal_d_rough/2024-11-07_21-09-16/params) by extensions ['colcon_meta']
[0.666s] Level 1:colcon.colcon_core.package_identification:_identify(src/IsaacLab-autogenBT/logs/rsl_rl/anymal_d_rough/2024-11-07_21-09-16/params) by extension 'colcon_meta'
[0.666s] Level 1:colcon.colcon_core.package_identification:_identify(src/IsaacLab-autogenBT/logs/rsl_rl/anymal_d_rough/2024-11-07_21-09-16/params) by extensions ['ros']
[0.666s] Level 1:colcon.colcon_core.package_identification:_identify(src/IsaacLab-autogenBT/logs/rsl_rl/anymal_d_rough/2024-11-07_21-09-16/params) by extension 'ros'
[0.666s] Level 1:colcon.colcon_core.package_identification:_identify(src/IsaacLab-autogenBT/logs/rsl_rl/anymal_d_rough/2024-11-07_21-09-16/params) by extensions ['cmake', 'python']
[0.666s] Level 1:colcon.colcon_core.package_identification:_identify(src/IsaacLab-autogenBT/logs/rsl_rl/anymal_d_rough/2024-11-07_21-09-16/params) by extension 'cmake'
[0.666s] Level 1:colcon.colcon_core.package_identification:_identify(src/IsaacLab-autogenBT/logs/rsl_rl/anymal_d_rough/2024-11-07_21-09-16/params) by extension 'python'
[0.666s] Level 1:colcon.colcon_core.package_identification:_identify(src/IsaacLab-autogenBT/logs/rsl_rl/anymal_d_rough/2024-11-07_21-09-16/params) by extensions ['python_setup_py']
[0.666s] Level 1:colcon.colcon_core.package_identification:_identify(src/IsaacLab-autogenBT/logs/rsl_rl/anymal_d_rough/2024-11-07_21-09-16/params) by extension 'python_setup_py'
[0.666s] Level 1:colcon.colcon_core.package_identification:_identify(src/IsaacLab-autogenBT/logs/rsl_rl/anymal_d_rough/2024-11-07_21-27-44) by extensions ['ignore', 'ignore_ament_install']
[0.666s] Level 1:colcon.colcon_core.package_identification:_identify(src/IsaacLab-autogenBT/logs/rsl_rl/anymal_d_rough/2024-11-07_21-27-44) by extension 'ignore'
[0.666s] Level 1:colcon.colcon_core.package_identification:_identify(src/IsaacLab-autogenBT/logs/rsl_rl/anymal_d_rough/2024-11-07_21-27-44) by extension 'ignore_ament_install'
[0.666s] Level 1:colcon.colcon_core.package_identification:_identify(src/IsaacLab-autogenBT/logs/rsl_rl/anymal_d_rough/2024-11-07_21-27-44) by extensions ['colcon_pkg']
[0.666s] Level 1:colcon.colcon_core.package_identification:_identify(src/IsaacLab-autogenBT/logs/rsl_rl/anymal_d_rough/2024-11-07_21-27-44) by extension 'colcon_pkg'
[0.666s] Level 1:colcon.colcon_core.package_identification:_identify(src/IsaacLab-autogenBT/logs/rsl_rl/anymal_d_rough/2024-11-07_21-27-44) by extensions ['colcon_meta']
[0.666s] Level 1:colcon.colcon_core.package_identification:_identify(src/IsaacLab-autogenBT/logs/rsl_rl/anymal_d_rough/2024-11-07_21-27-44) by extension 'colcon_meta'
[0.666s] Level 1:colcon.colcon_core.package_identification:_identify(src/IsaacLab-autogenBT/logs/rsl_rl/anymal_d_rough/2024-11-07_21-27-44) by extensions ['ros']
[0.666s] Level 1:colcon.colcon_core.package_identification:_identify(src/IsaacLab-autogenBT/logs/rsl_rl/anymal_d_rough/2024-11-07_21-27-44) by extension 'ros'
[0.666s] Level 1:colcon.colcon_core.package_identification:_identify(src/IsaacLab-autogenBT/logs/rsl_rl/anymal_d_rough/2024-11-07_21-27-44) by extensions ['cmake', 'python']
[0.666s] Level 1:colcon.colcon_core.package_identification:_identify(src/IsaacLab-autogenBT/logs/rsl_rl/anymal_d_rough/2024-11-07_21-27-44) by extension 'cmake'
[0.666s] Level 1:colcon.colcon_core.package_identification:_identify(src/IsaacLab-autogenBT/logs/rsl_rl/anymal_d_rough/2024-11-07_21-27-44) by extension 'python'
[0.666s] Level 1:colcon.colcon_core.package_identification:_identify(src/IsaacLab-autogenBT/logs/rsl_rl/anymal_d_rough/2024-11-07_21-27-44) by extensions ['python_setup_py']
[0.666s] Level 1:colcon.colcon_core.package_identification:_identify(src/IsaacLab-autogenBT/logs/rsl_rl/anymal_d_rough/2024-11-07_21-27-44) by extension 'python_setup_py'
[0.666s] Level 1:colcon.colcon_core.package_identification:_identify(src/IsaacLab-autogenBT/logs/rsl_rl/anymal_d_rough/2024-11-07_21-27-44/git) by extensions ['ignore', 'ignore_ament_install']
[0.666s] Level 1:colcon.colcon_core.package_identification:_identify(src/IsaacLab-autogenBT/logs/rsl_rl/anymal_d_rough/2024-11-07_21-27-44/git) by extension 'ignore'
[0.666s] Level 1:colcon.colcon_core.package_identification:_identify(src/IsaacLab-autogenBT/logs/rsl_rl/anymal_d_rough/2024-11-07_21-27-44/git) by extension 'ignore_ament_install'
[0.666s] Level 1:colcon.colcon_core.package_identification:_identify(src/IsaacLab-autogenBT/logs/rsl_rl/anymal_d_rough/2024-11-07_21-27-44/git) by extensions ['colcon_pkg']
[0.666s] Level 1:colcon.colcon_core.package_identification:_identify(src/IsaacLab-autogenBT/logs/rsl_rl/anymal_d_rough/2024-11-07_21-27-44/git) by extension 'colcon_pkg'
[0.666s] Level 1:colcon.colcon_core.package_identification:_identify(src/IsaacLab-autogenBT/logs/rsl_rl/anymal_d_rough/2024-11-07_21-27-44/git) by extensions ['colcon_meta']
[0.666s] Level 1:colcon.colcon_core.package_identification:_identify(src/IsaacLab-autogenBT/logs/rsl_rl/anymal_d_rough/2024-11-07_21-27-44/git) by extension 'colcon_meta'
[0.666s] Level 1:colcon.colcon_core.package_identification:_identify(src/IsaacLab-autogenBT/logs/rsl_rl/anymal_d_rough/2024-11-07_21-27-44/git) by extensions ['ros']
[0.666s] Level 1:colcon.colcon_core.package_identification:_identify(src/IsaacLab-autogenBT/logs/rsl_rl/anymal_d_rough/2024-11-07_21-27-44/git) by extension 'ros'
[0.666s] Level 1:colcon.colcon_core.package_identification:_identify(src/IsaacLab-autogenBT/logs/rsl_rl/anymal_d_rough/2024-11-07_21-27-44/git) by extensions ['cmake', 'python']
[0.666s] Level 1:colcon.colcon_core.package_identification:_identify(src/IsaacLab-autogenBT/logs/rsl_rl/anymal_d_rough/2024-11-07_21-27-44/git) by extension 'cmake'
[0.667s] Level 1:colcon.colcon_core.package_identification:_identify(src/IsaacLab-autogenBT/logs/rsl_rl/anymal_d_rough/2024-11-07_21-27-44/git) by extension 'python'
[0.667s] Level 1:colcon.colcon_core.package_identification:_identify(src/IsaacLab-autogenBT/logs/rsl_rl/anymal_d_rough/2024-11-07_21-27-44/git) by extensions ['python_setup_py']
[0.667s] Level 1:colcon.colcon_core.package_identification:_identify(src/IsaacLab-autogenBT/logs/rsl_rl/anymal_d_rough/2024-11-07_21-27-44/git) by extension 'python_setup_py'
[0.667s] Level 1:colcon.colcon_core.package_identification:_identify(src/IsaacLab-autogenBT/logs/rsl_rl/anymal_d_rough/2024-11-07_21-27-44/params) by extensions ['ignore', 'ignore_ament_install']
[0.667s] Level 1:colcon.colcon_core.package_identification:_identify(src/IsaacLab-autogenBT/logs/rsl_rl/anymal_d_rough/2024-11-07_21-27-44/params) by extension 'ignore'
[0.667s] Level 1:colcon.colcon_core.package_identification:_identify(src/IsaacLab-autogenBT/logs/rsl_rl/anymal_d_rough/2024-11-07_21-27-44/params) by extension 'ignore_ament_install'
[0.667s] Level 1:colcon.colcon_core.package_identification:_identify(src/IsaacLab-autogenBT/logs/rsl_rl/anymal_d_rough/2024-11-07_21-27-44/params) by extensions ['colcon_pkg']
[0.667s] Level 1:colcon.colcon_core.package_identification:_identify(src/IsaacLab-autogenBT/logs/rsl_rl/anymal_d_rough/2024-11-07_21-27-44/params) by extension 'colcon_pkg'
[0.667s] Level 1:colcon.colcon_core.package_identification:_identify(src/IsaacLab-autogenBT/logs/rsl_rl/anymal_d_rough/2024-11-07_21-27-44/params) by extensions ['colcon_meta']
[0.667s] Level 1:colcon.colcon_core.package_identification:_identify(src/IsaacLab-autogenBT/logs/rsl_rl/anymal_d_rough/2024-11-07_21-27-44/params) by extension 'colcon_meta'
[0.667s] Level 1:colcon.colcon_core.package_identification:_identify(src/IsaacLab-autogenBT/logs/rsl_rl/anymal_d_rough/2024-11-07_21-27-44/params) by extensions ['ros']
[0.667s] Level 1:colcon.colcon_core.package_identification:_identify(src/IsaacLab-autogenBT/logs/rsl_rl/anymal_d_rough/2024-11-07_21-27-44/params) by extension 'ros'
[0.667s] Level 1:colcon.colcon_core.package_identification:_identify(src/IsaacLab-autogenBT/logs/rsl_rl/anymal_d_rough/2024-11-07_21-27-44/params) by extensions ['cmake', 'python']
[0.667s] Level 1:colcon.colcon_core.package_identification:_identify(src/IsaacLab-autogenBT/logs/rsl_rl/anymal_d_rough/2024-11-07_21-27-44/params) by extension 'cmake'
[0.667s] Level 1:colcon.colcon_core.package_identification:_identify(src/IsaacLab-autogenBT/logs/rsl_rl/anymal_d_rough/2024-11-07_21-27-44/params) by extension 'python'
[0.667s] Level 1:colcon.colcon_core.package_identification:_identify(src/IsaacLab-autogenBT/logs/rsl_rl/anymal_d_rough/2024-11-07_21-27-44/params) by extensions ['python_setup_py']
[0.667s] Level 1:colcon.colcon_core.package_identification:_identify(src/IsaacLab-autogenBT/logs/rsl_rl/anymal_d_rough/2024-11-07_21-27-44/params) by extension 'python_setup_py'
[0.667s] Level 1:colcon.colcon_core.package_identification:_identify(src/IsaacLab-autogenBT/outputs) by extensions ['ignore', 'ignore_ament_install']
[0.667s] Level 1:colcon.colcon_core.package_identification:_identify(src/IsaacLab-autogenBT/outputs) by extension 'ignore'
[0.667s] Level 1:colcon.colcon_core.package_identification:_identify(src/IsaacLab-autogenBT/outputs) by extension 'ignore_ament_install'
[0.667s] Level 1:colcon.colcon_core.package_identification:_identify(src/IsaacLab-autogenBT/outputs) by extensions ['colcon_pkg']
[0.667s] Level 1:colcon.colcon_core.package_identification:_identify(src/IsaacLab-autogenBT/outputs) by extension 'colcon_pkg'
[0.667s] Level 1:colcon.colcon_core.package_identification:_identify(src/IsaacLab-autogenBT/outputs) by extensions ['colcon_meta']
[0.667s] Level 1:colcon.colcon_core.package_identification:_identify(src/IsaacLab-autogenBT/outputs) by extension 'colcon_meta'
[0.667s] Level 1:colcon.colcon_core.package_identification:_identify(src/IsaacLab-autogenBT/outputs) by extensions ['ros']
[0.667s] Level 1:colcon.colcon_core.package_identification:_identify(src/IsaacLab-autogenBT/outputs) by extension 'ros'
[0.667s] Level 1:colcon.colcon_core.package_identification:_identify(src/IsaacLab-autogenBT/outputs) by extensions ['cmake', 'python']
[0.667s] Level 1:colcon.colcon_core.package_identification:_identify(src/IsaacLab-autogenBT/outputs) by extension 'cmake'
[0.667s] Level 1:colcon.colcon_core.package_identification:_identify(src/IsaacLab-autogenBT/outputs) by extension 'python'
[0.667s] Level 1:colcon.colcon_core.package_identification:_identify(src/IsaacLab-autogenBT/outputs) by extensions ['python_setup_py']
[0.667s] Level 1:colcon.colcon_core.package_identification:_identify(src/IsaacLab-autogenBT/outputs) by extension 'python_setup_py'
[0.667s] Level 1:colcon.colcon_core.package_identification:_identify(src/IsaacLab-autogenBT/outputs/2024-11-07) by extensions ['ignore', 'ignore_ament_install']
[0.667s] Level 1:colcon.colcon_core.package_identification:_identify(src/IsaacLab-autogenBT/outputs/2024-11-07) by extension 'ignore'
[0.667s] Level 1:colcon.colcon_core.package_identification:_identify(src/IsaacLab-autogenBT/outputs/2024-11-07) by extension 'ignore_ament_install'
[0.667s] Level 1:colcon.colcon_core.package_identification:_identify(src/IsaacLab-autogenBT/outputs/2024-11-07) by extensions ['colcon_pkg']
[0.667s] Level 1:colcon.colcon_core.package_identification:_identify(src/IsaacLab-autogenBT/outputs/2024-11-07) by extension 'colcon_pkg'
[0.667s] Level 1:colcon.colcon_core.package_identification:_identify(src/IsaacLab-autogenBT/outputs/2024-11-07) by extensions ['colcon_meta']
[0.667s] Level 1:colcon.colcon_core.package_identification:_identify(src/IsaacLab-autogenBT/outputs/2024-11-07) by extension 'colcon_meta'
[0.667s] Level 1:colcon.colcon_core.package_identification:_identify(src/IsaacLab-autogenBT/outputs/2024-11-07) by extensions ['ros']
[0.667s] Level 1:colcon.colcon_core.package_identification:_identify(src/IsaacLab-autogenBT/outputs/2024-11-07) by extension 'ros'
[0.667s] Level 1:colcon.colcon_core.package_identification:_identify(src/IsaacLab-autogenBT/outputs/2024-11-07) by extensions ['cmake', 'python']
[0.667s] Level 1:colcon.colcon_core.package_identification:_identify(src/IsaacLab-autogenBT/outputs/2024-11-07) by extension 'cmake'
[0.667s] Level 1:colcon.colcon_core.package_identification:_identify(src/IsaacLab-autogenBT/outputs/2024-11-07) by extension 'python'
[0.667s] Level 1:colcon.colcon_core.package_identification:_identify(src/IsaacLab-autogenBT/outputs/2024-11-07) by extensions ['python_setup_py']
[0.667s] Level 1:colcon.colcon_core.package_identification:_identify(src/IsaacLab-autogenBT/outputs/2024-11-07) by extension 'python_setup_py'
[0.668s] Level 1:colcon.colcon_core.package_identification:_identify(src/IsaacLab-autogenBT/outputs/2024-11-07/21-09-16) by extensions ['ignore', 'ignore_ament_install']
[0.668s] Level 1:colcon.colcon_core.package_identification:_identify(src/IsaacLab-autogenBT/outputs/2024-11-07/21-09-16) by extension 'ignore'
[0.668s] Level 1:colcon.colcon_core.package_identification:_identify(src/IsaacLab-autogenBT/outputs/2024-11-07/21-09-16) by extension 'ignore_ament_install'
[0.668s] Level 1:colcon.colcon_core.package_identification:_identify(src/IsaacLab-autogenBT/outputs/2024-11-07/21-09-16) by extensions ['colcon_pkg']
[0.668s] Level 1:colcon.colcon_core.package_identification:_identify(src/IsaacLab-autogenBT/outputs/2024-11-07/21-09-16) by extension 'colcon_pkg'
[0.668s] Level 1:colcon.colcon_core.package_identification:_identify(src/IsaacLab-autogenBT/outputs/2024-11-07/21-09-16) by extensions ['colcon_meta']
[0.668s] Level 1:colcon.colcon_core.package_identification:_identify(src/IsaacLab-autogenBT/outputs/2024-11-07/21-09-16) by extension 'colcon_meta'
[0.668s] Level 1:colcon.colcon_core.package_identification:_identify(src/IsaacLab-autogenBT/outputs/2024-11-07/21-09-16) by extensions ['ros']
[0.668s] Level 1:colcon.colcon_core.package_identification:_identify(src/IsaacLab-autogenBT/outputs/2024-11-07/21-09-16) by extension 'ros'
[0.668s] Level 1:colcon.colcon_core.package_identification:_identify(src/IsaacLab-autogenBT/outputs/2024-11-07/21-09-16) by extensions ['cmake', 'python']
[0.668s] Level 1:colcon.colcon_core.package_identification:_identify(src/IsaacLab-autogenBT/outputs/2024-11-07/21-09-16) by extension 'cmake'
[0.668s] Level 1:colcon.colcon_core.package_identification:_identify(src/IsaacLab-autogenBT/outputs/2024-11-07/21-09-16) by extension 'python'
[0.668s] Level 1:colcon.colcon_core.package_identification:_identify(src/IsaacLab-autogenBT/outputs/2024-11-07/21-09-16) by extensions ['python_setup_py']
[0.668s] Level 1:colcon.colcon_core.package_identification:_identify(src/IsaacLab-autogenBT/outputs/2024-11-07/21-09-16) by extension 'python_setup_py'
[0.668s] Level 1:colcon.colcon_core.package_identification:_identify(src/IsaacLab-autogenBT/outputs/2024-11-07/21-27-44) by extensions ['ignore', 'ignore_ament_install']
[0.668s] Level 1:colcon.colcon_core.package_identification:_identify(src/IsaacLab-autogenBT/outputs/2024-11-07/21-27-44) by extension 'ignore'
[0.668s] Level 1:colcon.colcon_core.package_identification:_identify(src/IsaacLab-autogenBT/outputs/2024-11-07/21-27-44) by extension 'ignore_ament_install'
[0.668s] Level 1:colcon.colcon_core.package_identification:_identify(src/IsaacLab-autogenBT/outputs/2024-11-07/21-27-44) by extensions ['colcon_pkg']
[0.668s] Level 1:colcon.colcon_core.package_identification:_identify(src/IsaacLab-autogenBT/outputs/2024-11-07/21-27-44) by extension 'colcon_pkg'
[0.668s] Level 1:colcon.colcon_core.package_identification:_identify(src/IsaacLab-autogenBT/outputs/2024-11-07/21-27-44) by extensions ['colcon_meta']
[0.668s] Level 1:colcon.colcon_core.package_identification:_identify(src/IsaacLab-autogenBT/outputs/2024-11-07/21-27-44) by extension 'colcon_meta'
[0.668s] Level 1:colcon.colcon_core.package_identification:_identify(src/IsaacLab-autogenBT/outputs/2024-11-07/21-27-44) by extensions ['ros']
[0.668s] Level 1:colcon.colcon_core.package_identification:_identify(src/IsaacLab-autogenBT/outputs/2024-11-07/21-27-44) by extension 'ros'
[0.668s] Level 1:colcon.colcon_core.package_identification:_identify(src/IsaacLab-autogenBT/outputs/2024-11-07/21-27-44) by extensions ['cmake', 'python']
[0.668s] Level 1:colcon.colcon_core.package_identification:_identify(src/IsaacLab-autogenBT/outputs/2024-11-07/21-27-44) by extension 'cmake'
[0.668s] Level 1:colcon.colcon_core.package_identification:_identify(src/IsaacLab-autogenBT/outputs/2024-11-07/21-27-44) by extension 'python'
[0.668s] Level 1:colcon.colcon_core.package_identification:_identify(src/IsaacLab-autogenBT/outputs/2024-11-07/21-27-44) by extensions ['python_setup_py']
[0.668s] Level 1:colcon.colcon_core.package_identification:_identify(src/IsaacLab-autogenBT/outputs/2024-11-07/21-27-44) by extension 'python_setup_py'
[0.668s] Level 1:colcon.colcon_core.package_identification:_identify(src/IsaacLab-autogenBT/scripts) by extensions ['ignore', 'ignore_ament_install']
[0.668s] Level 1:colcon.colcon_core.package_identification:_identify(src/IsaacLab-autogenBT/scripts) by extension 'ignore'
[0.668s] Level 1:colcon.colcon_core.package_identification:_identify(src/IsaacLab-autogenBT/scripts) by extension 'ignore_ament_install'
[0.668s] Level 1:colcon.colcon_core.package_identification:_identify(src/IsaacLab-autogenBT/scripts) by extensions ['colcon_pkg']
[0.668s] Level 1:colcon.colcon_core.package_identification:_identify(src/IsaacLab-autogenBT/scripts) by extension 'colcon_pkg'
[0.668s] Level 1:colcon.colcon_core.package_identification:_identify(src/IsaacLab-autogenBT/scripts) by extensions ['colcon_meta']
[0.668s] Level 1:colcon.colcon_core.package_identification:_identify(src/IsaacLab-autogenBT/scripts) by extension 'colcon_meta'
[0.668s] Level 1:colcon.colcon_core.package_identification:_identify(src/IsaacLab-autogenBT/scripts) by extensions ['ros']
[0.668s] Level 1:colcon.colcon_core.package_identification:_identify(src/IsaacLab-autogenBT/scripts) by extension 'ros'
[0.668s] Level 1:colcon.colcon_core.package_identification:_identify(src/IsaacLab-autogenBT/scripts) by extensions ['cmake', 'python']
[0.668s] Level 1:colcon.colcon_core.package_identification:_identify(src/IsaacLab-autogenBT/scripts) by extension 'cmake'
[0.668s] Level 1:colcon.colcon_core.package_identification:_identify(src/IsaacLab-autogenBT/scripts) by extension 'python'
[0.668s] Level 1:colcon.colcon_core.package_identification:_identify(src/IsaacLab-autogenBT/scripts) by extensions ['python_setup_py']
[0.668s] Level 1:colcon.colcon_core.package_identification:_identify(src/IsaacLab-autogenBT/scripts) by extension 'python_setup_py'
[0.668s] Level 1:colcon.colcon_core.package_identification:_identify(src/IsaacLab-autogenBT/scripts/rsl_rl) by extensions ['ignore', 'ignore_ament_install']
[0.668s] Level 1:colcon.colcon_core.package_identification:_identify(src/IsaacLab-autogenBT/scripts/rsl_rl) by extension 'ignore'
[0.669s] Level 1:colcon.colcon_core.package_identification:_identify(src/IsaacLab-autogenBT/scripts/rsl_rl) by extension 'ignore_ament_install'
[0.669s] Level 1:colcon.colcon_core.package_identification:_identify(src/IsaacLab-autogenBT/scripts/rsl_rl) by extensions ['colcon_pkg']
[0.669s] Level 1:colcon.colcon_core.package_identification:_identify(src/IsaacLab-autogenBT/scripts/rsl_rl) by extension 'colcon_pkg'
[0.669s] Level 1:colcon.colcon_core.package_identification:_identify(src/IsaacLab-autogenBT/scripts/rsl_rl) by extensions ['colcon_meta']
[0.669s] Level 1:colcon.colcon_core.package_identification:_identify(src/IsaacLab-autogenBT/scripts/rsl_rl) by extension 'colcon_meta'
[0.669s] Level 1:colcon.colcon_core.package_identification:_identify(src/IsaacLab-autogenBT/scripts/rsl_rl) by extensions ['ros']
[0.669s] Level 1:colcon.colcon_core.package_identification:_identify(src/IsaacLab-autogenBT/scripts/rsl_rl) by extension 'ros'
[0.669s] Level 1:colcon.colcon_core.package_identification:_identify(src/IsaacLab-autogenBT/scripts/rsl_rl) by extensions ['cmake', 'python']
[0.669s] Level 1:colcon.colcon_core.package_identification:_identify(src/IsaacLab-autogenBT/scripts/rsl_rl) by extension 'cmake'
[0.669s] Level 1:colcon.colcon_core.package_identification:_identify(src/IsaacLab-autogenBT/scripts/rsl_rl) by extension 'python'
[0.669s] Level 1:colcon.colcon_core.package_identification:_identify(src/IsaacLab-autogenBT/scripts/rsl_rl) by extensions ['python_setup_py']
[0.669s] Level 1:colcon.colcon_core.package_identification:_identify(src/IsaacLab-autogenBT/scripts/rsl_rl) by extension 'python_setup_py'
[0.669s] Level 1:colcon.colcon_core.package_identification:_identify(src/IsaacLab-autogenBT/scripts/rsl_rl/__pycache__) by extensions ['ignore', 'ignore_ament_install']
[0.669s] Level 1:colcon.colcon_core.package_identification:_identify(src/IsaacLab-autogenBT/scripts/rsl_rl/__pycache__) by extension 'ignore'
[0.669s] Level 1:colcon.colcon_core.package_identification:_identify(src/IsaacLab-autogenBT/scripts/rsl_rl/__pycache__) by extension 'ignore_ament_install'
[0.669s] Level 1:colcon.colcon_core.package_identification:_identify(src/IsaacLab-autogenBT/scripts/rsl_rl/__pycache__) by extensions ['colcon_pkg']
[0.669s] Level 1:colcon.colcon_core.package_identification:_identify(src/IsaacLab-autogenBT/scripts/rsl_rl/__pycache__) by extension 'colcon_pkg'
[0.669s] Level 1:colcon.colcon_core.package_identification:_identify(src/IsaacLab-autogenBT/scripts/rsl_rl/__pycache__) by extensions ['colcon_meta']
[0.669s] Level 1:colcon.colcon_core.package_identification:_identify(src/IsaacLab-autogenBT/scripts/rsl_rl/__pycache__) by extension 'colcon_meta'
[0.669s] Level 1:colcon.colcon_core.package_identification:_identify(src/IsaacLab-autogenBT/scripts/rsl_rl/__pycache__) by extensions ['ros']
[0.669s] Level 1:colcon.colcon_core.package_identification:_identify(src/IsaacLab-autogenBT/scripts/rsl_rl/__pycache__) by extension 'ros'
[0.669s] Level 1:colcon.colcon_core.package_identification:_identify(src/IsaacLab-autogenBT/scripts/rsl_rl/__pycache__) by extensions ['cmake', 'python']
[0.669s] Level 1:colcon.colcon_core.package_identification:_identify(src/IsaacLab-autogenBT/scripts/rsl_rl/__pycache__) by extension 'cmake'
[0.669s] Level 1:colcon.colcon_core.package_identification:_identify(src/IsaacLab-autogenBT/scripts/rsl_rl/__pycache__) by extension 'python'
[0.669s] Level 1:colcon.colcon_core.package_identification:_identify(src/IsaacLab-autogenBT/scripts/rsl_rl/__pycache__) by extensions ['python_setup_py']
[0.669s] Level 1:colcon.colcon_core.package_identification:_identify(src/IsaacLab-autogenBT/scripts/rsl_rl/__pycache__) by extension 'python_setup_py'
[0.669s] Level 1:colcon.colcon_core.package_identification:_identify(src/py_trees_ros) by extensions ['ignore', 'ignore_ament_install']
[0.669s] Level 1:colcon.colcon_core.package_identification:_identify(src/py_trees_ros) by extension 'ignore'
[0.669s] Level 1:colcon.colcon_core.package_identification:_identify(src/py_trees_ros) by extension 'ignore_ament_install'
[0.669s] Level 1:colcon.colcon_core.package_identification:_identify(src/py_trees_ros) by extensions ['colcon_pkg']
[0.669s] Level 1:colcon.colcon_core.package_identification:_identify(src/py_trees_ros) by extension 'colcon_pkg'
[0.669s] Level 1:colcon.colcon_core.package_identification:_identify(src/py_trees_ros) by extensions ['colcon_meta']
[0.669s] Level 1:colcon.colcon_core.package_identification:_identify(src/py_trees_ros) by extension 'colcon_meta'
[0.669s] Level 1:colcon.colcon_core.package_identification:_identify(src/py_trees_ros) by extensions ['ros']
[0.669s] Level 1:colcon.colcon_core.package_identification:_identify(src/py_trees_ros) by extension 'ros'
[0.671s] DEBUG:colcon.colcon_core.package_identification:Package 'src/py_trees_ros' with type 'ros.ament_python' and name 'py_trees_ros'
[0.671s] Level 1:colcon.colcon_core.package_identification:_identify(src/py_trees_ros_tutorials) by extensions ['ignore', 'ignore_ament_install']
[0.671s] Level 1:colcon.colcon_core.package_identification:_identify(src/py_trees_ros_tutorials) by extension 'ignore'
[0.671s] Level 1:colcon.colcon_core.package_identification:_identify(src/py_trees_ros_tutorials) by extension 'ignore_ament_install'
[0.671s] Level 1:colcon.colcon_core.package_identification:_identify(src/py_trees_ros_tutorials) by extensions ['colcon_pkg']
[0.671s] Level 1:colcon.colcon_core.package_identification:_identify(src/py_trees_ros_tutorials) by extension 'colcon_pkg'
[0.671s] Level 1:colcon.colcon_core.package_identification:_identify(src/py_trees_ros_tutorials) by extensions ['colcon_meta']
[0.671s] Level 1:colcon.colcon_core.package_identification:_identify(src/py_trees_ros_tutorials) by extension 'colcon_meta'
[0.671s] Level 1:colcon.colcon_core.package_identification:_identify(src/py_trees_ros_tutorials) by extensions ['ros']
[0.671s] Level 1:colcon.colcon_core.package_identification:_identify(src/py_trees_ros_tutorials) by extension 'ros'
[0.672s] DEBUG:colcon.colcon_core.package_identification:Package 'src/py_trees_ros_tutorials' with type 'ros.ament_python' and name 'py_trees_ros_tutorials'
[0.672s] Level 1:colcon.colcon_core.package_identification:_identify(src/py_trees_ros_viewer) by extensions ['ignore', 'ignore_ament_install']
[0.672s] Level 1:colcon.colcon_core.package_identification:_identify(src/py_trees_ros_viewer) by extension 'ignore'
[0.672s] Level 1:colcon.colcon_core.package_identification:_identify(src/py_trees_ros_viewer) by extension 'ignore_ament_install'
[0.672s] Level 1:colcon.colcon_core.package_identification:_identify(src/py_trees_ros_viewer) by extensions ['colcon_pkg']
[0.672s] Level 1:colcon.colcon_core.package_identification:_identify(src/py_trees_ros_viewer) by extension 'colcon_pkg'
[0.672s] Level 1:colcon.colcon_core.package_identification:_identify(src/py_trees_ros_viewer) by extensions ['colcon_meta']
[0.672s] Level 1:colcon.colcon_core.package_identification:_identify(src/py_trees_ros_viewer) by extension 'colcon_meta'
[0.672s] Level 1:colcon.colcon_core.package_identification:_identify(src/py_trees_ros_viewer) by extensions ['ros']
[0.672s] Level 1:colcon.colcon_core.package_identification:_identify(src/py_trees_ros_viewer) by extension 'ros'
[0.672s] DEBUG:colcon.colcon_core.package_identification:Package 'src/py_trees_ros_viewer' with type 'ros.ament_python' and name 'py_trees_ros_viewer'
[0.672s] Level 1:colcon.colcon_core.package_discovery:discover_packages(recursive) using defaults
[0.672s] Level 1:colcon.colcon_core.package_discovery:discover_packages(ignore) discover
[0.672s] Level 1:colcon.colcon_core.package_discovery:discover_packages(ignore) using defaults
[0.673s] Level 1:colcon.colcon_core.package_discovery:discover_packages(path) discover
[0.673s] Level 1:colcon.colcon_core.package_discovery:discover_packages(path) using defaults
[0.721s] Level 1:colcon.colcon_core.package_discovery:discover_packages(prefix_path) check parameters
[0.721s] Level 1:colcon.colcon_core.package_discovery:discover_packages(prefix_path) discover
[0.735s] DEBUG:colcon.colcon_installed_package_information.package_discovery:Found 3 installed packages in /home/absolutezeno/Auto-BT-Generation/install
[0.748s] DEBUG:colcon.colcon_installed_package_information.package_discovery:Found 6 installed packages in /home/absolutezeno/FRA501_project/install
[0.755s] DEBUG:colcon.colcon_installed_package_information.package_discovery:Found 1 installed packages in /home/absolutezeno/FRA501_simulation/install
[0.762s] DEBUG:colcon.colcon_installed_package_information.package_discovery:Found 26 installed packages in /home/absolutezeno/FRA501/install
[0.769s] DEBUG:colcon.colcon_installed_package_information.package_discovery:Found 3 installed packages in /home/absolutezeno/FRA501_HardwareInterface/install
[0.775s] DEBUG:colcon.colcon_installed_package_information.package_discovery:Found 4 installed packages in /home/absolutezeno/FRA501_exam1/install
[0.783s] DEBUG:colcon.colcon_installed_package_information.package_discovery:Found 385 installed packages in /opt/ros/humble
[0.784s] Level 1:colcon.colcon_core.package_discovery:discover_packages(prefix_path) using defaults
[0.838s] Level 5:colcon.colcon_core.verb:set package 'autogen_bt' build argument 'cmake_args' from command line to 'None'
[0.838s] Level 5:colcon.colcon_core.verb:set package 'autogen_bt' build argument 'cmake_target' from command line to 'None'
[0.838s] Level 5:colcon.colcon_core.verb:set package 'autogen_bt' build argument 'cmake_target_skip_unavailable' from command line to 'False'
[0.838s] Level 5:colcon.colcon_core.verb:set package 'autogen_bt' build argument 'cmake_clean_cache' from command line to 'False'
[0.838s] Level 5:colcon.colcon_core.verb:set package 'autogen_bt' build argument 'cmake_clean_first' from command line to 'False'
[0.838s] Level 5:colcon.colcon_core.verb:set package 'autogen_bt' build argument 'cmake_force_configure' from command line to 'False'
[0.838s] Level 5:colcon.colcon_core.verb:set package 'autogen_bt' build argument 'ament_cmake_args' from command line to 'None'
[0.838s] Level 5:colcon.colcon_core.verb:set package 'autogen_bt' build argument 'catkin_cmake_args' from command line to 'None'
[0.838s] Level 5:colcon.colcon_core.verb:set package 'autogen_bt' build argument 'catkin_skip_building_tests' from command line to 'False'
[0.838s] DEBUG:colcon.colcon_core.verb:Building package 'autogen_bt' with the following arguments: {'ament_cmake_args': None, 'build_base': '/home/absolutezeno/Auto-BT-Generation/build/autogen_bt', 'catkin_cmake_args': None, 'catkin_skip_building_tests': False, 'cmake_args': None, 'cmake_clean_cache': False, 'cmake_clean_first': False, 'cmake_force_configure': False, 'cmake_target': None, 'cmake_target_skip_unavailable': False, 'install_base': '/home/absolutezeno/Auto-BT-Generation/install/autogen_bt', 'merge_install': False, 'path': '/home/absolutezeno/Auto-BT-Generation/src/IsaacLab-autogenBT/exts/autogen_bt', 'symlink_install': False, 'test_result_base': None}
[0.845s] Level 5:colcon.colcon_core.verb:set package 'py_trees_ros' build argument 'cmake_args' from command line to 'None'
[0.845s] Level 5:colcon.colcon_core.verb:set package 'py_trees_ros' build argument 'cmake_target' from command line to 'None'
[0.845s] Level 5:colcon.colcon_core.verb:set package 'py_trees_ros' build argument 'cmake_target_skip_unavailable' from command line to 'False'
[0.845s] Level 5:colcon.colcon_core.verb:set package 'py_trees_ros' build argument 'cmake_clean_cache' from command line to 'False'
[0.845s] Level 5:colcon.colcon_core.verb:set package 'py_trees_ros' build argument 'cmake_clean_first' from command line to 'False'
[0.845s] Level 5:colcon.colcon_core.verb:set package 'py_trees_ros' build argument 'cmake_force_configure' from command line to 'False'
[0.845s] Level 5:colcon.colcon_core.verb:set package 'py_trees_ros' build argument 'ament_cmake_args' from command line to 'None'
[0.845s] Level 5:colcon.colcon_core.verb:set package 'py_trees_ros' build argument 'catkin_cmake_args' from command line to 'None'
[0.845s] Level 5:colcon.colcon_core.verb:set package 'py_trees_ros' build argument 'catkin_skip_building_tests' from command line to 'False'
[0.845s] DEBUG:colcon.colcon_core.verb:Building package 'py_trees_ros' with the following arguments: {'ament_cmake_args': None, 'build_base': '/home/absolutezeno/Auto-BT-Generation/build/py_trees_ros', 'catkin_cmake_args': None, 'catkin_skip_building_tests': False, 'cmake_args': None, 'cmake_clean_cache': False, 'cmake_clean_first': False, 'cmake_force_configure': False, 'cmake_target': None, 'cmake_target_skip_unavailable': False, 'install_base': '/home/absolutezeno/Auto-BT-Generation/install/py_trees_ros', 'merge_install': False, 'path': '/home/absolutezeno/Auto-BT-Generation/src/py_trees_ros', 'symlink_install': False, 'test_result_base': None}
[0.852s] Level 5:colcon.colcon_core.verb:set package 'py_trees_ros_viewer' build argument 'cmake_args' from command line to 'None'
[0.852s] Level 5:colcon.colcon_core.verb:set package 'py_trees_ros_viewer' build argument 'cmake_target' from command line to 'None'
[0.852s] Level 5:colcon.colcon_core.verb:set package 'py_trees_ros_viewer' build argument 'cmake_target_skip_unavailable' from command line to 'False'
[0.852s] Level 5:colcon.colcon_core.verb:set package 'py_trees_ros_viewer' build argument 'cmake_clean_cache' from command line to 'False'
[0.852s] Level 5:colcon.colcon_core.verb:set package 'py_trees_ros_viewer' build argument 'cmake_clean_first' from command line to 'False'
[0.852s] Level 5:colcon.colcon_core.verb:set package 'py_trees_ros_viewer' build argument 'cmake_force_configure' from command line to 'False'
[0.852s] Level 5:colcon.colcon_core.verb:set package 'py_trees_ros_viewer' build argument 'ament_cmake_args' from command line to 'None'
[0.852s] Level 5:colcon.colcon_core.verb:set package 'py_trees_ros_viewer' build argument 'catkin_cmake_args' from command line to 'None'
[0.852s] Level 5:colcon.colcon_core.verb:set package 'py_trees_ros_viewer' build argument 'catkin_skip_building_tests' from command line to 'False'
[0.852s] DEBUG:colcon.colcon_core.verb:Building package 'py_trees_ros_viewer' with the following arguments: {'ament_cmake_args': None, 'build_base': '/home/absolutezeno/Auto-BT-Generation/build/py_trees_ros_viewer', 'catkin_cmake_args': None, 'catkin_skip_building_tests': False, 'cmake_args': None, 'cmake_clean_cache': False, 'cmake_clean_first': False, 'cmake_force_configure': False, 'cmake_target': None, 'cmake_target_skip_unavailable': False, 'install_base': '/home/absolutezeno/Auto-BT-Generation/install/py_trees_ros_viewer', 'merge_install': False, 'path': '/home/absolutezeno/Auto-BT-Generation/src/py_trees_ros_viewer', 'symlink_install': False, 'test_result_base': None}
[0.859s] Level 5:colcon.colcon_core.verb:set package 'py_trees_ros_tutorials' build argument 'cmake_args' from command line to 'None'
[0.859s] Level 5:colcon.colcon_core.verb:set package 'py_trees_ros_tutorials' build argument 'cmake_target' from command line to 'None'
[0.859s] Level 5:colcon.colcon_core.verb:set package 'py_trees_ros_tutorials' build argument 'cmake_target_skip_unavailable' from command line to 'False'
[0.859s] Level 5:colcon.colcon_core.verb:set package 'py_trees_ros_tutorials' build argument 'cmake_clean_cache' from command line to 'False'
[0.859s] Level 5:colcon.colcon_core.verb:set package 'py_trees_ros_tutorials' build argument 'cmake_clean_first' from command line to 'False'
[0.859s] Level 5:colcon.colcon_core.verb:set package 'py_trees_ros_tutorials' build argument 'cmake_force_configure' from command line to 'False'
[0.859s] Level 5:colcon.colcon_core.verb:set package 'py_trees_ros_tutorials' build argument 'ament_cmake_args' from command line to 'None'
[0.859s] Level 5:colcon.colcon_core.verb:set package 'py_trees_ros_tutorials' build argument 'catkin_cmake_args' from command line to 'None'
[0.859s] Level 5:colcon.colcon_core.verb:set package 'py_trees_ros_tutorials' build argument 'catkin_skip_building_tests' from command line to 'False'
[0.859s] DEBUG:colcon.colcon_core.verb:Building package 'py_trees_ros_tutorials' with the following arguments: {'ament_cmake_args': None, 'build_base': '/home/absolutezeno/Auto-BT-Generation/build/py_trees_ros_tutorials', 'catkin_cmake_args': None, 'catkin_skip_building_tests': False, 'cmake_args': None, 'cmake_clean_cache': False, 'cmake_clean_first': False, 'cmake_force_configure': False, 'cmake_target': None, 'cmake_target_skip_unavailable': False, 'install_base': '/home/absolutezeno/Auto-BT-Generation/install/py_trees_ros_tutorials', 'merge_install': False, 'path': '/home/absolutezeno/Auto-BT-Generation/src/py_trees_ros_tutorials', 'symlink_install': False, 'test_result_base': None}
[0.866s] INFO:colcon.colcon_core.executor:Executing jobs using 'parallel' executor
[0.874s] DEBUG:colcon.colcon_parallel_executor.executor.parallel:run_until_complete
[0.874s] INFO:colcon.colcon_ros.task.ament_python.build:Building ROS package in '/home/absolutezeno/Auto-BT-Generation/src/py_trees_ros' with build type 'ament_python'
[0.874s] Level 1:colcon.colcon_core.shell:create_environment_hook('py_trees_ros', 'ament_prefix_path')
[0.882s] INFO:colcon.colcon_core.plugin_system:Skipping extension 'colcon_core.shell.bat': Not used on non-Windows systems
[0.882s] INFO:colcon.colcon_core.shell:Creating environment hook '/home/absolutezeno/Auto-BT-Generation/install/py_trees_ros/share/py_trees_ros/hook/ament_prefix_path.ps1'
[0.882s] INFO:colcon.colcon_core.shell:Creating environment descriptor '/home/absolutezeno/Auto-BT-Generation/install/py_trees_ros/share/py_trees_ros/hook/ament_prefix_path.dsv'
[0.882s] INFO:colcon.colcon_core.shell:Creating environment hook '/home/absolutezeno/Auto-BT-Generation/install/py_trees_ros/share/py_trees_ros/hook/ament_prefix_path.sh'
[0.889s] INFO:colcon.colcon_core.shell:Skip shell extension 'powershell' for command environment: Not usable outside of PowerShell
[0.889s] DEBUG:colcon.colcon_core.shell:Skip shell extension 'dsv' for command environment
[0.947s] INFO:colcon.colcon_core.task.python.build:Building Python package in '/home/absolutezeno/Auto-BT-Generation/src/IsaacLab-autogenBT/exts/autogen_bt'
[0.954s] INFO:colcon.colcon_core.shell:Skip shell extension 'powershell' for command environment: Not usable outside of PowerShell
[0.954s] DEBUG:colcon.colcon_core.shell:Skip shell extension 'dsv' for command environment
[1.012s] INFO:colcon.colcon_ros.task.ament_python.build:Building ROS package in '/home/absolutezeno/Auto-BT-Generation/src/py_trees_ros_viewer' with build type 'ament_python'
[1.012s] Level 1:colcon.colcon_core.shell:create_environment_hook('py_trees_ros_viewer', 'ament_prefix_path')
[1.019s] INFO:colcon.colcon_core.shell:Creating environment hook '/home/absolutezeno/Auto-BT-Generation/install/py_trees_ros_viewer/share/py_trees_ros_viewer/hook/ament_prefix_path.ps1'
[1.020s] INFO:colcon.colcon_core.shell:Creating environment descriptor '/home/absolutezeno/Auto-BT-Generation/install/py_trees_ros_viewer/share/py_trees_ros_viewer/hook/ament_prefix_path.dsv'
[1.020s] INFO:colcon.colcon_core.shell:Creating environment hook '/home/absolutezeno/Auto-BT-Generation/install/py_trees_ros_viewer/share/py_trees_ros_viewer/hook/ament_prefix_path.sh'
[1.027s] INFO:colcon.colcon_core.shell:Skip shell extension 'powershell' for command environment: Not usable outside of PowerShell
[1.027s] DEBUG:colcon.colcon_core.shell:Skip shell extension 'dsv' for command environment
[1.236s] INFO:colcon.colcon_core.task.python.build:Building Python package in '/home/absolutezeno/Auto-BT-Generation/src/py_trees_ros'
[1.243s] INFO:colcon.colcon_core.shell:Skip shell extension 'powershell' for command environment: Not usable outside of PowerShell
[1.243s] DEBUG:colcon.colcon_core.shell:Skip shell extension 'dsv' for command environment
[1.644s] WARNING:colcon.colcon_ros.task.ament_python.build:Package 'py_trees_ros_viewer' doesn't explicitly install a marker in the package index (colcon-ros currently does it implicitly but that fallback will be removed in the future)
[1.645s] INFO:colcon.colcon_core.task.python.build:Building Python package in '/home/absolutezeno/Auto-BT-Generation/src/py_trees_ros_viewer'
[1.652s] INFO:colcon.colcon_core.shell:Skip shell extension 'powershell' for command environment: Not usable outside of PowerShell
[1.653s] DEBUG:colcon.colcon_core.shell:Skip shell extension 'dsv' for command environment
[1.718s] DEBUG:colcon.colcon_core.event_handler.log_command:Invoking command in '/home/absolutezeno/Auto-BT-Generation/src/IsaacLab-autogenBT/exts/autogen_bt': PYTHONPATH=/home/absolutezeno/Auto-BT-Generation/build/autogen_bt/prefix_override:/home/absolutezeno/Auto-BT-Generation/install/autogen_bt/lib/python3.10/site-packages:${PYTHONPATH} /usr/bin/python3 setup.py egg_info --egg-base ../../../../build/autogen_bt build --build-base /home/absolutezeno/Auto-BT-Generation/build/autogen_bt/build install --record /home/absolutezeno/Auto-BT-Generation/build/autogen_bt/install.log --single-version-externally-managed
[1.904s] DEBUG:colcon.colcon_core.event_handler.log_command:Invoked command in '/home/absolutezeno/Auto-BT-Generation/src/IsaacLab-autogenBT/exts/autogen_bt' returned '0': PYTHONPATH=/home/absolutezeno/Auto-BT-Generation/build/autogen_bt/prefix_override:/home/absolutezeno/Auto-BT-Generation/install/autogen_bt/lib/python3.10/site-packages:${PYTHONPATH} /usr/bin/python3 setup.py egg_info --egg-base ../../../../build/autogen_bt build --build-base /home/absolutezeno/Auto-BT-Generation/build/autogen_bt/build install --record /home/absolutezeno/Auto-BT-Generation/build/autogen_bt/install.log --single-version-externally-managed
[1.912s] Level 1:colcon.colcon_core.environment:checking '/home/absolutezeno/Auto-BT-Generation/install/autogen_bt' for CMake module files
[1.913s] Level 1:colcon.colcon_core.environment:checking '/home/absolutezeno/Auto-BT-Generation/install/autogen_bt' for CMake config files
[1.913s] Level 1:colcon.colcon_core.environment:checking '/home/absolutezeno/Auto-BT-Generation/install/autogen_bt/lib'
[1.913s] Level 1:colcon.colcon_core.environment:checking '/home/absolutezeno/Auto-BT-Generation/install/autogen_bt/bin'
[1.913s] Level 1:colcon.colcon_core.environment:checking '/home/absolutezeno/Auto-BT-Generation/install/autogen_bt/lib/pkgconfig/autogen_bt.pc'
[1.913s] Level 1:colcon.colcon_core.environment:checking '/home/absolutezeno/Auto-BT-Generation/install/autogen_bt/lib/python3.10/site-packages'
[1.913s] Level 1:colcon.colcon_core.shell:create_environment_hook('autogen_bt', 'pythonpath')
[1.921s] INFO:colcon.colcon_core.shell:Creating environment hook '/home/absolutezeno/Auto-BT-Generation/install/autogen_bt/share/autogen_bt/hook/pythonpath.ps1'
[1.922s] INFO:colcon.colcon_core.shell:Creating environment descriptor '/home/absolutezeno/Auto-BT-Generation/install/autogen_bt/share/autogen_bt/hook/pythonpath.dsv'
[1.922s] INFO:colcon.colcon_core.shell:Creating environment hook '/home/absolutezeno/Auto-BT-Generation/install/autogen_bt/share/autogen_bt/hook/pythonpath.sh'
[1.922s] Level 1:colcon.colcon_core.environment:checking '/home/absolutezeno/Auto-BT-Generation/install/autogen_bt/bin'
[1.922s] Level 1:colcon.colcon_core.environment:create_environment_scripts_only(autogen_bt)
[1.930s] INFO:colcon.colcon_core.shell:Creating package script '/home/absolutezeno/Auto-BT-Generation/install/autogen_bt/share/autogen_bt/package.ps1'
[1.930s] INFO:colcon.colcon_core.shell:Creating package descriptor '/home/absolutezeno/Auto-BT-Generation/install/autogen_bt/share/autogen_bt/package.dsv'
[1.931s] INFO:colcon.colcon_core.shell:Creating package script '/home/absolutezeno/Auto-BT-Generation/install/autogen_bt/share/autogen_bt/package.sh'
[1.931s] INFO:colcon.colcon_core.shell:Creating package script '/home/absolutezeno/Auto-BT-Generation/install/autogen_bt/share/autogen_bt/package.bash'
[1.931s] INFO:colcon.colcon_core.shell:Creating package script '/home/absolutezeno/Auto-BT-Generation/install/autogen_bt/share/autogen_bt/package.zsh'
[1.932s] Level 1:colcon.colcon_core.environment:create_file_with_runtime_dependencies(/home/absolutezeno/Auto-BT-Generation/install/autogen_bt/share/colcon-core/packages/autogen_bt)
[1.934s] DEBUG:colcon.colcon_core.event_handler.log_command:Invoking command in '/home/absolutezeno/Auto-BT-Generation/src/py_trees_ros': PYTHONPATH=/home/absolutezeno/Auto-BT-Generation/build/py_trees_ros/prefix_override:/home/absolutezeno/Auto-BT-Generation/install/py_trees_ros/lib/python3.10/site-packages:${PYTHONPATH} /usr/bin/python3 setup.py egg_info --egg-base ../../build/py_trees_ros build --build-base /home/absolutezeno/Auto-BT-Generation/build/py_trees_ros/build install --record /home/absolutezeno/Auto-BT-Generation/build/py_trees_ros/install.log --single-version-externally-managed
[1.937s] DEBUG:colcon.colcon_core.event_handler.log_command:Invoking command in '/home/absolutezeno/Auto-BT-Generation/src/py_trees_ros_viewer': PYTHONPATH=/home/absolutezeno/Auto-BT-Generation/build/py_trees_ros_viewer/prefix_override:/home/absolutezeno/Auto-BT-Generation/install/py_trees_ros_viewer/lib/python3.10/site-packages:${PYTHONPATH} /usr/bin/python3 setup.py egg_info --egg-base ../../build/py_trees_ros_viewer build --build-base /home/absolutezeno/Auto-BT-Generation/build/py_trees_ros_viewer/build install --record /home/absolutezeno/Auto-BT-Generation/build/py_trees_ros_viewer/install.log --single-version-externally-managed
[2.107s] DEBUG:colcon.colcon_core.event_handler.log_command:Invoked command in '/home/absolutezeno/Auto-BT-Generation/src/py_trees_ros_viewer' returned '0': PYTHONPATH=/home/absolutezeno/Auto-BT-Generation/build/py_trees_ros_viewer/prefix_override:/home/absolutezeno/Auto-BT-Generation/install/py_trees_ros_viewer/lib/python3.10/site-packages:${PYTHONPATH} /usr/bin/python3 setup.py egg_info --egg-base ../../build/py_trees_ros_viewer build --build-base /home/absolutezeno/Auto-BT-Generation/build/py_trees_ros_viewer/build install --record /home/absolutezeno/Auto-BT-Generation/build/py_trees_ros_viewer/install.log --single-version-externally-managed
[2.116s] Level 1:colcon.colcon_core.environment:checking '/home/absolutezeno/Auto-BT-Generation/install/py_trees_ros_viewer' for CMake module files
[2.116s] Level 1:colcon.colcon_core.environment:checking '/home/absolutezeno/Auto-BT-Generation/install/py_trees_ros_viewer' for CMake config files
[2.116s] Level 1:colcon.colcon_core.environment:checking '/home/absolutezeno/Auto-BT-Generation/install/py_trees_ros_viewer/lib'
[2.116s] Level 1:colcon.colcon_core.environment:checking '/home/absolutezeno/Auto-BT-Generation/install/py_trees_ros_viewer/bin'
[2.116s] Level 1:colcon.colcon_core.shell:create_environment_hook('py_trees_ros_viewer', 'path')
[2.124s] INFO:colcon.colcon_core.shell:Creating environment hook '/home/absolutezeno/Auto-BT-Generation/install/py_trees_ros_viewer/share/py_trees_ros_viewer/hook/path.ps1'
[2.124s] INFO:colcon.colcon_core.shell:Creating environment descriptor '/home/absolutezeno/Auto-BT-Generation/install/py_trees_ros_viewer/share/py_trees_ros_viewer/hook/path.dsv'
[2.124s] INFO:colcon.colcon_core.shell:Creating environment hook '/home/absolutezeno/Auto-BT-Generation/install/py_trees_ros_viewer/share/py_trees_ros_viewer/hook/path.sh'
[2.124s] Level 1:colcon.colcon_core.environment:checking '/home/absolutezeno/Auto-BT-Generation/install/py_trees_ros_viewer/lib/pkgconfig/py_trees_ros_viewer.pc'
[2.124s] Level 1:colcon.colcon_core.environment:checking '/home/absolutezeno/Auto-BT-Generation/install/py_trees_ros_viewer/lib/python3.10/site-packages'
[2.124s] Level 1:colcon.colcon_core.shell:create_environment_hook('py_trees_ros_viewer', 'pythonpath')
[2.131s] INFO:colcon.colcon_core.shell:Creating environment hook '/home/absolutezeno/Auto-BT-Generation/install/py_trees_ros_viewer/share/py_trees_ros_viewer/hook/pythonpath.ps1'
[2.132s] INFO:colcon.colcon_core.shell:Creating environment descriptor '/home/absolutezeno/Auto-BT-Generation/install/py_trees_ros_viewer/share/py_trees_ros_viewer/hook/pythonpath.dsv'
[2.132s] INFO:colcon.colcon_core.shell:Creating environment hook '/home/absolutezeno/Auto-BT-Generation/install/py_trees_ros_viewer/share/py_trees_ros_viewer/hook/pythonpath.sh'
[2.132s] Level 1:colcon.colcon_core.environment:checking '/home/absolutezeno/Auto-BT-Generation/install/py_trees_ros_viewer/bin'
[2.132s] Level 1:colcon.colcon_core.shell:create_environment_hook('py_trees_ros_viewer', 'pythonscriptspath')
[2.139s] INFO:colcon.colcon_core.shell:Creating environment hook '/home/absolutezeno/Auto-BT-Generation/install/py_trees_ros_viewer/share/py_trees_ros_viewer/hook/pythonscriptspath.ps1'
[2.139s] INFO:colcon.colcon_core.shell:Creating environment descriptor '/home/absolutezeno/Auto-BT-Generation/install/py_trees_ros_viewer/share/py_trees_ros_viewer/hook/pythonscriptspath.dsv'
[2.139s] INFO:colcon.colcon_core.shell:Creating environment hook '/home/absolutezeno/Auto-BT-Generation/install/py_trees_ros_viewer/share/py_trees_ros_viewer/hook/pythonscriptspath.sh'
[2.139s] Level 1:colcon.colcon_core.environment:create_environment_scripts_only(py_trees_ros_viewer)
[2.146s] INFO:colcon.colcon_core.shell:Creating package script '/home/absolutezeno/Auto-BT-Generation/install/py_trees_ros_viewer/share/py_trees_ros_viewer/package.ps1'
[2.146s] INFO:colcon.colcon_core.shell:Creating package descriptor '/home/absolutezeno/Auto-BT-Generation/install/py_trees_ros_viewer/share/py_trees_ros_viewer/package.dsv'
[2.147s] INFO:colcon.colcon_core.shell:Creating package script '/home/absolutezeno/Auto-BT-Generation/install/py_trees_ros_viewer/share/py_trees_ros_viewer/package.sh'
[2.147s] INFO:colcon.colcon_core.shell:Creating package script '/home/absolutezeno/Auto-BT-Generation/install/py_trees_ros_viewer/share/py_trees_ros_viewer/package.bash'
[2.147s] INFO:colcon.colcon_core.shell:Creating package script '/home/absolutezeno/Auto-BT-Generation/install/py_trees_ros_viewer/share/py_trees_ros_viewer/package.zsh'
[2.147s] Level 1:colcon.colcon_core.environment:create_file_with_runtime_dependencies(/home/absolutezeno/Auto-BT-Generation/install/py_trees_ros_viewer/share/colcon-core/packages/py_trees_ros_viewer)
[2.148s] DEBUG:colcon.colcon_core.event_handler.log_command:Invoked command in '/home/absolutezeno/Auto-BT-Generation/src/py_trees_ros' returned '0': PYTHONPATH=/home/absolutezeno/Auto-BT-Generation/build/py_trees_ros/prefix_override:/home/absolutezeno/Auto-BT-Generation/install/py_trees_ros/lib/python3.10/site-packages:${PYTHONPATH} /usr/bin/python3 setup.py egg_info --egg-base ../../build/py_trees_ros build --build-base /home/absolutezeno/Auto-BT-Generation/build/py_trees_ros/build install --record /home/absolutezeno/Auto-BT-Generation/build/py_trees_ros/install.log --single-version-externally-managed
[2.155s] Level 1:colcon.colcon_core.environment:checking '/home/absolutezeno/Auto-BT-Generation/install/py_trees_ros' for CMake module files
[2.155s] Level 1:colcon.colcon_core.environment:checking '/home/absolutezeno/Auto-BT-Generation/install/py_trees_ros' for CMake config files
[2.156s] Level 1:colcon.colcon_core.environment:checking '/home/absolutezeno/Auto-BT-Generation/install/py_trees_ros/lib'
[2.156s] Level 1:colcon.colcon_core.environment:checking '/home/absolutezeno/Auto-BT-Generation/install/py_trees_ros/bin'
[2.156s] Level 1:colcon.colcon_core.shell:create_environment_hook('py_trees_ros', 'path')
[2.163s] INFO:colcon.colcon_core.shell:Creating environment hook '/home/absolutezeno/Auto-BT-Generation/install/py_trees_ros/share/py_trees_ros/hook/path.ps1'
[2.163s] INFO:colcon.colcon_core.shell:Creating environment descriptor '/home/absolutezeno/Auto-BT-Generation/install/py_trees_ros/share/py_trees_ros/hook/path.dsv'
[2.163s] INFO:colcon.colcon_core.shell:Creating environment hook '/home/absolutezeno/Auto-BT-Generation/install/py_trees_ros/share/py_trees_ros/hook/path.sh'
[2.163s] Level 1:colcon.colcon_core.environment:checking '/home/absolutezeno/Auto-BT-Generation/install/py_trees_ros/lib/pkgconfig/py_trees_ros.pc'
[2.163s] Level 1:colcon.colcon_core.environment:checking '/home/absolutezeno/Auto-BT-Generation/install/py_trees_ros/lib/python3.10/site-packages'
[2.163s] Level 1:colcon.colcon_core.shell:create_environment_hook('py_trees_ros', 'pythonpath')
[2.171s] INFO:colcon.colcon_core.shell:Creating environment hook '/home/absolutezeno/Auto-BT-Generation/install/py_trees_ros/share/py_trees_ros/hook/pythonpath.ps1'
[2.171s] INFO:colcon.colcon_core.shell:Creating environment descriptor '/home/absolutezeno/Auto-BT-Generation/install/py_trees_ros/share/py_trees_ros/hook/pythonpath.dsv'
[2.171s] INFO:colcon.colcon_core.shell:Creating environment hook '/home/absolutezeno/Auto-BT-Generation/install/py_trees_ros/share/py_trees_ros/hook/pythonpath.sh'
[2.171s] Level 1:colcon.colcon_core.environment:checking '/home/absolutezeno/Auto-BT-Generation/install/py_trees_ros/bin'
[2.172s] Level 1:colcon.colcon_core.shell:create_environment_hook('py_trees_ros', 'pythonscriptspath')
[2.180s] INFO:colcon.colcon_core.shell:Creating environment hook '/home/absolutezeno/Auto-BT-Generation/install/py_trees_ros/share/py_trees_ros/hook/pythonscriptspath.ps1'
[2.180s] INFO:colcon.colcon_core.shell:Creating environment descriptor '/home/absolutezeno/Auto-BT-Generation/install/py_trees_ros/share/py_trees_ros/hook/pythonscriptspath.dsv'
[2.180s] INFO:colcon.colcon_core.shell:Creating environment hook '/home/absolutezeno/Auto-BT-Generation/install/py_trees_ros/share/py_trees_ros/hook/pythonscriptspath.sh'
[2.180s] Level 1:colcon.colcon_core.environment:create_environment_scripts_only(py_trees_ros)
[2.189s] INFO:colcon.colcon_core.shell:Creating package script '/home/absolutezeno/Auto-BT-Generation/install/py_trees_ros/share/py_trees_ros/package.ps1'
[2.189s] INFO:colcon.colcon_core.shell:Creating package descriptor '/home/absolutezeno/Auto-BT-Generation/install/py_trees_ros/share/py_trees_ros/package.dsv'
[2.189s] INFO:colcon.colcon_core.shell:Creating package script '/home/absolutezeno/Auto-BT-Generation/install/py_trees_ros/share/py_trees_ros/package.sh'
[2.189s] INFO:colcon.colcon_core.shell:Creating package script '/home/absolutezeno/Auto-BT-Generation/install/py_trees_ros/share/py_trees_ros/package.bash'
[2.189s] INFO:colcon.colcon_core.shell:Creating package script '/home/absolutezeno/Auto-BT-Generation/install/py_trees_ros/share/py_trees_ros/package.zsh'
[2.190s] Level 1:colcon.colcon_core.environment:create_file_with_runtime_dependencies(/home/absolutezeno/Auto-BT-Generation/install/py_trees_ros/share/colcon-core/packages/py_trees_ros)
[2.190s] INFO:colcon.colcon_ros.task.ament_python.build:Building ROS package in '/home/absolutezeno/Auto-BT-Generation/src/py_trees_ros_tutorials' with build type 'ament_python'
[2.190s] Level 1:colcon.colcon_core.shell:create_environment_hook('py_trees_ros_tutorials', 'ament_prefix_path')
[2.197s] INFO:colcon.colcon_core.shell:Creating environment hook '/home/absolutezeno/Auto-BT-Generation/install/py_trees_ros_tutorials/share/py_trees_ros_tutorials/hook/ament_prefix_path.ps1'
[2.198s] INFO:colcon.colcon_core.shell:Creating environment descriptor '/home/absolutezeno/Auto-BT-Generation/install/py_trees_ros_tutorials/share/py_trees_ros_tutorials/hook/ament_prefix_path.dsv'
[2.198s] INFO:colcon.colcon_core.shell:Creating environment hook '/home/absolutezeno/Auto-BT-Generation/install/py_trees_ros_tutorials/share/py_trees_ros_tutorials/hook/ament_prefix_path.sh'
[2.205s] INFO:colcon.colcon_core.shell:Skip shell extension 'powershell' for command environment: Not usable outside of PowerShell
[2.205s] DEBUG:colcon.colcon_core.shell:Skip shell extension 'dsv' for command environment
[2.437s] INFO:colcon.colcon_core.task.python.build:Building Python package in '/home/absolutezeno/Auto-BT-Generation/src/py_trees_ros_tutorials'
[2.444s] INFO:colcon.colcon_core.shell:Skip shell extension 'powershell' for command environment: Not usable outside of PowerShell
[2.444s] DEBUG:colcon.colcon_core.shell:Skip shell extension 'dsv' for command environment
[2.705s] DEBUG:colcon.colcon_core.event_handler.log_command:Invoking command in '/home/absolutezeno/Auto-BT-Generation/src/py_trees_ros_tutorials': AMENT_PREFIX_PATH=/home/absolutezeno/Auto-BT-Generation/install/py_trees_ros:/home/absolutezeno/Auto-BT-Generation/install/py_trees_ros_viewer:/home/absolutezeno/Auto-BT-Generation/install/py_trees_ros_tutorials:/home/absolutezeno/FRA501/install/turtlesim_plus_interfaces:/home/absolutezeno/FRA501/install/turtlesim_plus:/home/absolutezeno/FRA501/install/turtlesim_interfaces:/home/absolutezeno/FRA501/install/turtlesim_control:/home/absolutezeno/FRA501/install/ros2_control:/home/absolutezeno/FRA501/install/transmission_interface:/home/absolutezeno/FRA501/install/rqt_joint_trajectory_controller:/home/absolutezeno/FRA501/install/rqt_controller_manager:/home/absolutezeno/FRA501/install/ros2controlcli:/home/absolutezeno/FRA501/install/ros2_controllers_test_nodes:/home/absolutezeno/FRA501/install/controller_manager:/home/absolutezeno/FRA501/install/ros2_control_test_assets:/home/absolutezeno/FRA501/install/ros2_control_demo_description:/home/absolutezeno/FRA501/install/control_toolbox:/home/absolutezeno/FRA501/install/realtime_tools:/home/absolutezeno/FRA501/install/noob_description:/home/absolutezeno/FRA501/install/my_controller_interface:/home/absolutezeno/FRA501/install/my_controller:/home/absolutezeno/FRA501/install/kinematics_interface_kdl:/home/absolutezeno/FRA501/install/kinematics_interface:/home/absolutezeno/FRA501/install/joint_limits:/home/absolutezeno/FRA501/install/controller_interface:/home/absolutezeno/FRA501/install/hardware_interface:/home/absolutezeno/FRA501/install/example_description:/home/absolutezeno/FRA501/install/controller_manager_msgs:/home/absolutezeno/FRA501/install/control_msgs:/home/absolutezeno/FRA501_simulation/install/example_description:/home/absolutezeno/FRA501_HardwareInterface/install/xicro_pkg:/home/absolutezeno/FRA501_HardwareInterface/install/xicro_interfaces:/home/absolutezeno/FRA501_HardwareInterface/install/software_integration:/home/absolutezeno/FRA501_exam1/install/turtlesim_plus_interfaces:/home/absolutezeno/FRA501_exam1/install/turtlesim_plus_control_interfaces:/home/absolutezeno/FRA501_exam1/install/turtlesim_plus_control:/home/absolutezeno/FRA501_exam1/install/turtlesim_plus:/home/absolutezeno/FRA501_project/install/read_sensor:/home/absolutezeno/FRA501_project/install/motor_control:/home/absolutezeno/FRA501_project/install/input:/home/absolutezeno/FRA501_project/install/balegce_gazebo:/home/absolutezeno/FRA501_project/install/balegce_controller:/home/absolutezeno/FRA501_project/install/balegce:/opt/ros/humble PATH=/home/absolutezeno/Auto-BT-Generation/install/py_trees_ros/bin:/home/absolutezeno/Auto-BT-Generation/install/py_trees_ros_viewer/bin:/opt/ros/humble/bin:/home/absolutezeno/.local/bin:/usr/local/sbin:/usr/local/bin:/usr/sbin:/usr/bin:/sbin:/bin:/usr/games:/usr/local/games:/snap/bin:/snap/bin PYTHONPATH=/home/absolutezeno/Auto-BT-Generation/build/py_trees_ros_tutorials/prefix_override:/home/absolutezeno/Auto-BT-Generation/install/py_trees_ros_tutorials/lib/python3.10/site-packages:/home/absolutezeno/Auto-BT-Generation/install/py_trees_ros/lib/python3.10/site-packages:/home/absolutezeno/Auto-BT-Generation/install/py_trees_ros_viewer/lib/python3.10/site-packages:/home/absolutezeno/Auto-BT-Generation/install/py_trees_ros_tutorials/lib/python3.10/site-packages:/home/absolutezeno/FRA501/install/turtlesim_plus_interfaces/local/lib/python3.10/dist-packages:/home/absolutezeno/FRA501/install/turtlesim_plus/local/lib/python3.10/dist-packages:/home/absolutezeno/FRA501/install/turtlesim_interfaces/local/lib/python3.10/dist-packages:/home/absolutezeno/FRA501/install/turtlesim_control/local/lib/python3.10/dist-packages:/home/absolutezeno/FRA501/install/rqt_joint_trajectory_controller/lib/python3.10/site-packages:/home/absolutezeno/FRA501/install/rqt_controller_manager/lib/python3.10/site-packages:/home/absolutezeno/FRA501/install/ros2controlcli/lib/python3.10/site-packages:/home/absolutezeno/FRA501/install/ros2_controllers_test_nodes/lib/python3.10/site-packages:/home/absolutezeno/FRA501/install/controller_manager/local/lib/python3.10/dist-packages:/home/absolutezeno/FRA501/install/noob_description/local/lib/python3.10/dist-packages:/home/absolutezeno/FRA501/install/my_controller_interface/local/lib/python3.10/dist-packages:/home/absolutezeno/FRA501/install/my_controller/local/lib/python3.10/dist-packages:/home/absolutezeno/FRA501/install/example_description/local/lib/python3.10/dist-packages:/home/absolutezeno/FRA501/install/controller_manager_msgs/local/lib/python3.10/dist-packages:/home/absolutezeno/FRA501/install/control_msgs/local/lib/python3.10/dist-packages:/home/absolutezeno/FRA501_simulation/install/example_description/local/lib/python3.10/dist-packages:/home/absolutezeno/FRA501_HardwareInterface/install/xicro_pkg/local/lib/python3.10/dist-packages:/home/absolutezeno/FRA501_HardwareInterface/install/xicro_interfaces/local/lib/python3.10/dist-packages:/home/absolutezeno/FRA501_HardwareInterface/install/software_integration/local/lib/python3.10/dist-packages:/home/absolutezeno/FRA501_exam1/install/turtlesim_plus_interfaces/local/lib/python3.10/dist-packages:/home/absolutezeno/FRA501_exam1/install/turtlesim_plus_control_interfaces/local/lib/python3.10/dist-packages:/home/absolutezeno/FRA501_exam1/install/turtlesim_plus_control/local/lib/python3.10/dist-packages:/home/absolutezeno/FRA501_exam1/install/turtlesim_plus/local/lib/python3.10/dist-packages:/home/absolutezeno/FRA501_project/install/read_sensor/local/lib/python3.10/dist-packages:/home/absolutezeno/FRA501_project/install/motor_control/local/lib/python3.10/dist-packages:/home/absolutezeno/FRA501_project/install/input/local/lib/python3.10/dist-packages:/home/absolutezeno/FRA501_project/install/balegce_gazebo/local/lib/python3.10/dist-packages:/home/absolutezeno/FRA501_project/install/balegce_controller/local/lib/python3.10/dist-packages:/home/absolutezeno/FRA501_project/install/balegce/local/lib/python3.10/dist-packages:/opt/ros/humble/lib/python3.10/site-packages:/opt/ros/humble/local/lib/python3.10/dist-packages /usr/bin/python3 setup.py egg_info --egg-base ../../build/py_trees_ros_tutorials build --build-base /home/absolutezeno/Auto-BT-Generation/build/py_trees_ros_tutorials/build install --record /home/absolutezeno/Auto-BT-Generation/build/py_trees_ros_tutorials/install.log --single-version-externally-managed
[2.905s] DEBUG:colcon.colcon_core.event_handler.log_command:Invoked command in '/home/absolutezeno/Auto-BT-Generation/src/py_trees_ros_tutorials' returned '0': AMENT_PREFIX_PATH=/home/absolutezeno/Auto-BT-Generation/install/py_trees_ros:/home/absolutezeno/Auto-BT-Generation/install/py_trees_ros_viewer:/home/absolutezeno/Auto-BT-Generation/install/py_trees_ros_tutorials:/home/absolutezeno/FRA501/install/turtlesim_plus_interfaces:/home/absolutezeno/FRA501/install/turtlesim_plus:/home/absolutezeno/FRA501/install/turtlesim_interfaces:/home/absolutezeno/FRA501/install/turtlesim_control:/home/absolutezeno/FRA501/install/ros2_control:/home/absolutezeno/FRA501/install/transmission_interface:/home/absolutezeno/FRA501/install/rqt_joint_trajectory_controller:/home/absolutezeno/FRA501/install/rqt_controller_manager:/home/absolutezeno/FRA501/install/ros2controlcli:/home/absolutezeno/FRA501/install/ros2_controllers_test_nodes:/home/absolutezeno/FRA501/install/controller_manager:/home/absolutezeno/FRA501/install/ros2_control_test_assets:/home/absolutezeno/FRA501/install/ros2_control_demo_description:/home/absolutezeno/FRA501/install/control_toolbox:/home/absolutezeno/FRA501/install/realtime_tools:/home/absolutezeno/FRA501/install/noob_description:/home/absolutezeno/FRA501/install/my_controller_interface:/home/absolutezeno/FRA501/install/my_controller:/home/absolutezeno/FRA501/install/kinematics_interface_kdl:/home/absolutezeno/FRA501/install/kinematics_interface:/home/absolutezeno/FRA501/install/joint_limits:/home/absolutezeno/FRA501/install/controller_interface:/home/absolutezeno/FRA501/install/hardware_interface:/home/absolutezeno/FRA501/install/example_description:/home/absolutezeno/FRA501/install/controller_manager_msgs:/home/absolutezeno/FRA501/install/control_msgs:/home/absolutezeno/FRA501_simulation/install/example_description:/home/absolutezeno/FRA501_HardwareInterface/install/xicro_pkg:/home/absolutezeno/FRA501_HardwareInterface/install/xicro_interfaces:/home/absolutezeno/FRA501_HardwareInterface/install/software_integration:/home/absolutezeno/FRA501_exam1/install/turtlesim_plus_interfaces:/home/absolutezeno/FRA501_exam1/install/turtlesim_plus_control_interfaces:/home/absolutezeno/FRA501_exam1/install/turtlesim_plus_control:/home/absolutezeno/FRA501_exam1/install/turtlesim_plus:/home/absolutezeno/FRA501_project/install/read_sensor:/home/absolutezeno/FRA501_project/install/motor_control:/home/absolutezeno/FRA501_project/install/input:/home/absolutezeno/FRA501_project/install/balegce_gazebo:/home/absolutezeno/FRA501_project/install/balegce_controller:/home/absolutezeno/FRA501_project/install/balegce:/opt/ros/humble PATH=/home/absolutezeno/Auto-BT-Generation/install/py_trees_ros/bin:/home/absolutezeno/Auto-BT-Generation/install/py_trees_ros_viewer/bin:/opt/ros/humble/bin:/home/absolutezeno/.local/bin:/usr/local/sbin:/usr/local/bin:/usr/sbin:/usr/bin:/sbin:/bin:/usr/games:/usr/local/games:/snap/bin:/snap/bin PYTHONPATH=/home/absolutezeno/Auto-BT-Generation/build/py_trees_ros_tutorials/prefix_override:/home/absolutezeno/Auto-BT-Generation/install/py_trees_ros_tutorials/lib/python3.10/site-packages:/home/absolutezeno/Auto-BT-Generation/install/py_trees_ros/lib/python3.10/site-packages:/home/absolutezeno/Auto-BT-Generation/install/py_trees_ros_viewer/lib/python3.10/site-packages:/home/absolutezeno/Auto-BT-Generation/install/py_trees_ros_tutorials/lib/python3.10/site-packages:/home/absolutezeno/FRA501/install/turtlesim_plus_interfaces/local/lib/python3.10/dist-packages:/home/absolutezeno/FRA501/install/turtlesim_plus/local/lib/python3.10/dist-packages:/home/absolutezeno/FRA501/install/turtlesim_interfaces/local/lib/python3.10/dist-packages:/home/absolutezeno/FRA501/install/turtlesim_control/local/lib/python3.10/dist-packages:/home/absolutezeno/FRA501/install/rqt_joint_trajectory_controller/lib/python3.10/site-packages:/home/absolutezeno/FRA501/install/rqt_controller_manager/lib/python3.10/site-packages:/home/absolutezeno/FRA501/install/ros2controlcli/lib/python3.10/site-packages:/home/absolutezeno/FRA501/install/ros2_controllers_test_nodes/lib/python3.10/site-packages:/home/absolutezeno/FRA501/install/controller_manager/local/lib/python3.10/dist-packages:/home/absolutezeno/FRA501/install/noob_description/local/lib/python3.10/dist-packages:/home/absolutezeno/FRA501/install/my_controller_interface/local/lib/python3.10/dist-packages:/home/absolutezeno/FRA501/install/my_controller/local/lib/python3.10/dist-packages:/home/absolutezeno/FRA501/install/example_description/local/lib/python3.10/dist-packages:/home/absolutezeno/FRA501/install/controller_manager_msgs/local/lib/python3.10/dist-packages:/home/absolutezeno/FRA501/install/control_msgs/local/lib/python3.10/dist-packages:/home/absolutezeno/FRA501_simulation/install/example_description/local/lib/python3.10/dist-packages:/home/absolutezeno/FRA501_HardwareInterface/install/xicro_pkg/local/lib/python3.10/dist-packages:/home/absolutezeno/FRA501_HardwareInterface/install/xicro_interfaces/local/lib/python3.10/dist-packages:/home/absolutezeno/FRA501_HardwareInterface/install/software_integration/local/lib/python3.10/dist-packages:/home/absolutezeno/FRA501_exam1/install/turtlesim_plus_interfaces/local/lib/python3.10/dist-packages:/home/absolutezeno/FRA501_exam1/install/turtlesim_plus_control_interfaces/local/lib/python3.10/dist-packages:/home/absolutezeno/FRA501_exam1/install/turtlesim_plus_control/local/lib/python3.10/dist-packages:/home/absolutezeno/FRA501_exam1/install/turtlesim_plus/local/lib/python3.10/dist-packages:/home/absolutezeno/FRA501_project/install/read_sensor/local/lib/python3.10/dist-packages:/home/absolutezeno/FRA501_project/install/motor_control/local/lib/python3.10/dist-packages:/home/absolutezeno/FRA501_project/install/input/local/lib/python3.10/dist-packages:/home/absolutezeno/FRA501_project/install/balegce_gazebo/local/lib/python3.10/dist-packages:/home/absolutezeno/FRA501_project/install/balegce_controller/local/lib/python3.10/dist-packages:/home/absolutezeno/FRA501_project/install/balegce/local/lib/python3.10/dist-packages:/opt/ros/humble/lib/python3.10/site-packages:/opt/ros/humble/local/lib/python3.10/dist-packages /usr/bin/python3 setup.py egg_info --egg-base ../../build/py_trees_ros_tutorials build --build-base /home/absolutezeno/Auto-BT-Generation/build/py_trees_ros_tutorials/build install --record /home/absolutezeno/Auto-BT-Generation/build/py_trees_ros_tutorials/install.log --single-version-externally-managed
[2.913s] Level 1:colcon.colcon_core.environment:checking '/home/absolutezeno/Auto-BT-Generation/install/py_trees_ros_tutorials' for CMake module files
[2.913s] Level 1:colcon.colcon_core.environment:checking '/home/absolutezeno/Auto-BT-Generation/install/py_trees_ros_tutorials' for CMake config files
[2.914s] Level 1:colcon.colcon_core.environment:checking '/home/absolutezeno/Auto-BT-Generation/install/py_trees_ros_tutorials/lib'
[2.914s] Level 1:colcon.colcon_core.environment:checking '/home/absolutezeno/Auto-BT-Generation/install/py_trees_ros_tutorials/bin'
[2.914s] Level 1:colcon.colcon_core.environment:checking '/home/absolutezeno/Auto-BT-Generation/install/py_trees_ros_tutorials/lib/pkgconfig/py_trees_ros_tutorials.pc'
[2.914s] Level 1:colcon.colcon_core.environment:checking '/home/absolutezeno/Auto-BT-Generation/install/py_trees_ros_tutorials/lib/python3.10/site-packages'
[2.914s] Level 1:colcon.colcon_core.shell:create_environment_hook('py_trees_ros_tutorials', 'pythonpath')
[2.923s] INFO:colcon.colcon_core.shell:Creating environment hook '/home/absolutezeno/Auto-BT-Generation/install/py_trees_ros_tutorials/share/py_trees_ros_tutorials/hook/pythonpath.ps1'
[2.923s] INFO:colcon.colcon_core.shell:Creating environment descriptor '/home/absolutezeno/Auto-BT-Generation/install/py_trees_ros_tutorials/share/py_trees_ros_tutorials/hook/pythonpath.dsv'
[2.923s] INFO:colcon.colcon_core.shell:Creating environment hook '/home/absolutezeno/Auto-BT-Generation/install/py_trees_ros_tutorials/share/py_trees_ros_tutorials/hook/pythonpath.sh'
[2.924s] Level 1:colcon.colcon_core.environment:checking '/home/absolutezeno/Auto-BT-Generation/install/py_trees_ros_tutorials/bin'
[2.924s] Level 1:colcon.colcon_core.environment:create_environment_scripts_only(py_trees_ros_tutorials)
[2.932s] INFO:colcon.colcon_core.shell:Creating package script '/home/absolutezeno/Auto-BT-Generation/install/py_trees_ros_tutorials/share/py_trees_ros_tutorials/package.ps1'
[2.932s] INFO:colcon.colcon_core.shell:Creating package descriptor '/home/absolutezeno/Auto-BT-Generation/install/py_trees_ros_tutorials/share/py_trees_ros_tutorials/package.dsv'
[2.932s] INFO:colcon.colcon_core.shell:Creating package script '/home/absolutezeno/Auto-BT-Generation/install/py_trees_ros_tutorials/share/py_trees_ros_tutorials/package.sh'
[2.933s] INFO:colcon.colcon_core.shell:Creating package script '/home/absolutezeno/Auto-BT-Generation/install/py_trees_ros_tutorials/share/py_trees_ros_tutorials/package.bash'
[2.933s] INFO:colcon.colcon_core.shell:Creating package script '/home/absolutezeno/Auto-BT-Generation/install/py_trees_ros_tutorials/share/py_trees_ros_tutorials/package.zsh'
[2.933s] Level 1:colcon.colcon_core.environment:create_file_with_runtime_dependencies(/home/absolutezeno/Auto-BT-Generation/install/py_trees_ros_tutorials/share/colcon-core/packages/py_trees_ros_tutorials)
[2.933s] DEBUG:colcon.colcon_parallel_executor.executor.parallel:closing loop
[2.933s] DEBUG:colcon.colcon_parallel_executor.executor.parallel:loop closed
[2.933s] DEBUG:colcon.colcon_parallel_executor.executor.parallel:run_until_complete finished with '0'
[2.933s] DEBUG:colcon.colcon_core.event_reactor:joining thread
[2.946s] INFO:colcon.colcon_core.plugin_system:Skipping extension 'colcon_notification.desktop_notification.terminal_notifier': Not used on non-Darwin systems
[2.946s] INFO:colcon.colcon_core.plugin_system:Skipping extension 'colcon_notification.desktop_notification.win32': Not used on non-Windows systems
[2.946s] INFO:colcon.colcon_notification.desktop_notification:Sending desktop notification using 'notify2'
[2.955s] DEBUG:colcon.colcon_core.event_reactor:joined thread
[2.963s] INFO:colcon.colcon_core.shell:Creating prefix script '/home/absolutezeno/Auto-BT-Generation/install/local_setup.ps1'
[2.964s] INFO:colcon.colcon_core.shell:Creating prefix util module '/home/absolutezeno/Auto-BT-Generation/install/_local_setup_util_ps1.py'
[2.965s] INFO:colcon.colcon_core.shell:Creating prefix chain script '/home/absolutezeno/Auto-BT-Generation/install/setup.ps1'
[2.974s] INFO:colcon.colcon_core.shell:Creating prefix script '/home/absolutezeno/Auto-BT-Generation/install/local_setup.sh'
[2.974s] INFO:colcon.colcon_core.shell:Creating prefix util module '/home/absolutezeno/Auto-BT-Generation/install/_local_setup_util_sh.py'
[2.974s] INFO:colcon.colcon_core.shell:Creating prefix chain script '/home/absolutezeno/Auto-BT-Generation/install/setup.sh'
[2.983s] INFO:colcon.colcon_core.shell:Creating prefix script '/home/absolutezeno/Auto-BT-Generation/install/local_setup.bash'
[2.983s] INFO:colcon.colcon_core.shell:Creating prefix chain script '/home/absolutezeno/Auto-BT-Generation/install/setup.bash'
[2.993s] INFO:colcon.colcon_core.shell:Creating prefix script '/home/absolutezeno/Auto-BT-Generation/install/local_setup.zsh'
[2.993s] INFO:colcon.colcon_core.shell:Creating prefix chain script '/home/absolutezeno/Auto-BT-Generation/install/setup.zsh'
