[1.033s] Invoking command in '/home/absolutezeno/Auto-BT-Generation/build/isaac_ros2_messages': CMAKE_PREFIX_PATH=${CMAKE_PREFIX_PATH}:/home/absolutezeno/Auto-BT-Generation/install/turtlebot3_teleop:/home/absolutezeno/Auto-BT-Generation/install/turtlebot3_example:/home/absolutezeno/Auto-BT-Generation/install/py_trees_ros_viewer:/home/absolutezeno/Auto-BT-Generation/install/py_trees_ros_tutorials:/home/absolutezeno/Auto-BT-Generation/install/py_trees_ros:/home/absolutezeno/FRA501/install/rqt_joint_trajectory_controller:/home/absolutezeno/FRA501/install/rqt_controller_manager:/home/absolutezeno/FRA501/install/ros2controlcli:/home/absolutezeno/FRA501/install/ros2_controllers_test_nodes:/opt/ros/humble /usr/bin/cmake /home/absolutezeno/Auto-BT-Generation/src/isaac_ros2_messages -DCMAKE_INSTALL_PREFIX=/home/absolutezeno/Auto-BT-Generation/install/isaac_ros2_messages
[1.078s] -- The C compiler identification is GNU 11.4.0
[1.125s] -- The CXX compiler identification is GNU 11.4.0
[1.132s] -- Detecting C compiler ABI info
[1.192s] -- Detecting C compiler ABI info - done
[1.200s] -- Check for working C compiler: /usr/bin/cc - skipped
[1.200s] -- Detecting C compile features
[1.200s] -- Detecting C compile features - done
[1.203s] -- Detecting CXX compiler ABI info
[1.279s] -- Detecting CXX compiler ABI info - done
[1.286s] -- Check for working CXX compiler: /usr/bin/c++ - skipped
[1.286s] -- Detecting CXX compile features
[1.287s] -- Detecting CXX compile features - done
[1.294s] -- Found ament_cmake: 1.3.5 (/opt/ros/humble/share/ament_cmake/cmake)
[1.522s] -- Found Python3: /usr/bin/python3.10 (found version "3.10.12") found components: Interpreter 
[1.630s] -- Found ament_lint_auto: 0.12.8 (/opt/ros/humble/share/ament_lint_auto/cmake)
[1.709s] -- Found builtin_interfaces: 1.2.1 (/opt/ros/humble/share/builtin_interfaces/cmake)
[1.746s] -- Found rosidl_generator_c: 3.1.5 (/opt/ros/humble/share/rosidl_generator_c/cmake)
[1.752s] -- Found rosidl_adapter: 3.1.5 (/opt/ros/humble/share/rosidl_adapter/cmake)
[1.760s] -- Found rosidl_generator_cpp: 3.1.5 (/opt/ros/humble/share/rosidl_generator_cpp/cmake)
[1.775s] -- Using all available rosidl_typesupport_c: rosidl_typesupport_fastrtps_c;rosidl_typesupport_introspection_c
[1.792s] -- Using all available rosidl_typesupport_cpp: rosidl_typesupport_fastrtps_cpp;rosidl_typesupport_introspection_cpp
[1.811s] -- Found rosidl_default_generators: 1.2.0 (/opt/ros/humble/share/rosidl_default_generators/cmake)
[1.932s] -- Found OpenSSL: /usr/lib/x86_64-linux-gnu/libcrypto.so (found version "3.0.2")  
[1.934s] -- Found std_msgs: 4.2.4 (/opt/ros/humble/share/std_msgs/cmake)
[1.977s] -- Found geometry_msgs: 4.2.3 (/opt/ros/humble/share/geometry_msgs/cmake)
[2.420s] -- Found ament_cmake_ros: 0.10.0 (/opt/ros/humble/share/ament_cmake_ros/cmake)
[2.821s] -- Using all available rosidl_typesupport_c: rosidl_typesupport_fastrtps_c;rosidl_typesupport_introspection_c
[2.971s] -- Using all available rosidl_typesupport_cpp: rosidl_typesupport_fastrtps_cpp;rosidl_typesupport_introspection_cpp
[2.995s] -- Found PythonInterp: /usr/bin/python3 (found suitable version "3.10.12", minimum required is "3.6") 
[2.998s] -- Found python_cmake_module: 0.10.0 (/opt/ros/humble/share/python_cmake_module/cmake)
[3.024s] -- Found PythonLibs: /usr/lib/x86_64-linux-gnu/libpython3.10.so (found suitable version "3.10.12", minimum required is "3.5") 
[3.024s] -- Using PYTHON_EXECUTABLE: /usr/bin/python3
[3.025s] -- Using PYTHON_INCLUDE_DIRS: /usr/include/python3.10
[3.025s] -- Using PYTHON_LIBRARIES: /usr/lib/x86_64-linux-gnu/libpython3.10.so
[3.048s] -- Found PythonExtra: .so  
[3.130s] -- Added test 'copyright' to check source files copyright and LICENSE
[3.131s] -- Added test 'lint_cmake' to check CMake code style
[3.132s] -- Added test 'xmllint' to check XML markup files
[3.136s] -- Configuring done
[3.169s] -- Generating done
[3.171s] -- Build files have been written to: /home/absolutezeno/Auto-BT-Generation/build/isaac_ros2_messages
[3.186s] Invoked command in '/home/absolutezeno/Auto-BT-Generation/build/isaac_ros2_messages' returned '0': CMAKE_PREFIX_PATH=${CMAKE_PREFIX_PATH}:/home/absolutezeno/Auto-BT-Generation/install/turtlebot3_teleop:/home/absolutezeno/Auto-BT-Generation/install/turtlebot3_example:/home/absolutezeno/Auto-BT-Generation/install/py_trees_ros_viewer:/home/absolutezeno/Auto-BT-Generation/install/py_trees_ros_tutorials:/home/absolutezeno/Auto-BT-Generation/install/py_trees_ros:/home/absolutezeno/FRA501/install/rqt_joint_trajectory_controller:/home/absolutezeno/FRA501/install/rqt_controller_manager:/home/absolutezeno/FRA501/install/ros2controlcli:/home/absolutezeno/FRA501/install/ros2_controllers_test_nodes:/opt/ros/humble /usr/bin/cmake /home/absolutezeno/Auto-BT-Generation/src/isaac_ros2_messages -DCMAKE_INSTALL_PREFIX=/home/absolutezeno/Auto-BT-Generation/install/isaac_ros2_messages
[3.187s] Invoking command in '/home/absolutezeno/Auto-BT-Generation/build/isaac_ros2_messages': CMAKE_PREFIX_PATH=${CMAKE_PREFIX_PATH}:/home/absolutezeno/Auto-BT-Generation/install/turtlebot3_teleop:/home/absolutezeno/Auto-BT-Generation/install/turtlebot3_example:/home/absolutezeno/Auto-BT-Generation/install/py_trees_ros_viewer:/home/absolutezeno/Auto-BT-Generation/install/py_trees_ros_tutorials:/home/absolutezeno/Auto-BT-Generation/install/py_trees_ros:/home/absolutezeno/FRA501/install/rqt_joint_trajectory_controller:/home/absolutezeno/FRA501/install/rqt_controller_manager:/home/absolutezeno/FRA501/install/ros2controlcli:/home/absolutezeno/FRA501/install/ros2_controllers_test_nodes:/opt/ros/humble /usr/bin/cmake --build /home/absolutezeno/Auto-BT-Generation/build/isaac_ros2_messages -- -j20 -l20
[3.232s] [  1%] [34m[1mGenerating C code for ROS interfaces[0m
[3.249s] [  3%] [34m[1mGenerating C++ code for ROS interfaces[0m
[3.254s] [  3%] Built target ament_cmake_python_copy_isaac_ros2_messages
[3.616s] running egg_info
[3.617s] creating isaac_ros2_messages.egg-info
[3.618s] writing isaac_ros2_messages.egg-info/PKG-INFO
[3.618s] writing dependency_links to isaac_ros2_messages.egg-info/dependency_links.txt
[3.619s] writing top-level names to isaac_ros2_messages.egg-info/top_level.txt
[3.619s] writing manifest file 'isaac_ros2_messages.egg-info/SOURCES.txt'
[3.623s] reading manifest file 'isaac_ros2_messages.egg-info/SOURCES.txt'
[3.624s] writing manifest file 'isaac_ros2_messages.egg-info/SOURCES.txt'
[3.667s] [  3%] Built target ament_cmake_python_build_isaac_ros2_messages_egg
[4.410s] [  4%] [32mBuilding C object CMakeFiles/isaac_ros2_messages__rosidl_generator_c.dir/rosidl_generator_c/isaac_ros2_messages/srv/detail/isaac_pose__functions.c.o[0m
[4.422s] [  6%] [32mBuilding C object CMakeFiles/isaac_ros2_messages__rosidl_generator_c.dir/rosidl_generator_c/isaac_ros2_messages/srv/detail/get_prims__functions.c.o[0m
[4.425s] [  7%] [32mBuilding C object CMakeFiles/isaac_ros2_messages__rosidl_generator_c.dir/rosidl_generator_c/isaac_ros2_messages/srv/detail/get_prim_attributes__functions.c.o[0m
[4.431s] [  9%] [32mBuilding C object CMakeFiles/isaac_ros2_messages__rosidl_generator_c.dir/rosidl_generator_c/isaac_ros2_messages/srv/detail/get_prim_attribute__functions.c.o[0m
[4.434s] [  9%] Built target isaac_ros2_messages__cpp
[4.436s] [ 11%] [32mBuilding C object CMakeFiles/isaac_ros2_messages__rosidl_generator_c.dir/rosidl_generator_c/isaac_ros2_messages/srv/detail/set_prim_attribute__functions.c.o[0m
[4.456s] [ 12%] [34m[1mGenerating C++ type support dispatch for ROS interfaces[0m
[4.466s] [ 14%] [34m[1mGenerating C++ type support for eProsima Fast-RTPS[0m
[4.469s] [ 15%] [34m[1mGenerating C++ introspection for ROS interfaces[0m
[4.581s] [ 17%] [32m[1mLinking C shared library libisaac_ros2_messages__rosidl_generator_c.so[0m
[4.652s] [ 17%] Built target isaac_ros2_messages__rosidl_generator_c
[4.679s] [ 19%] [34m[1mGenerating C type support for eProsima Fast-RTPS[0m
[4.686s] [ 20%] [34m[1mGenerating C introspection for ROS interfaces[0m
[4.686s] [ 22%] [34m[1mGenerating C type support dispatch for ROS interfaces[0m
[5.421s] [ 23%] [32mBuilding CXX object CMakeFiles/isaac_ros2_messages__rosidl_typesupport_cpp.dir/rosidl_typesupport_cpp/isaac_ros2_messages/srv/isaac_pose__type_support.cpp.o[0m
[5.425s] [ 25%] [32mBuilding CXX object CMakeFiles/isaac_ros2_messages__rosidl_typesupport_cpp.dir/rosidl_typesupport_cpp/isaac_ros2_messages/srv/get_prim_attributes__type_support.cpp.o[0m
[5.428s] [ 28%] [32mBuilding CXX object CMakeFiles/isaac_ros2_messages__rosidl_typesupport_cpp.dir/rosidl_typesupport_cpp/isaac_ros2_messages/srv/get_prims__type_support.cpp.o[0m
[5.429s] [ 28%] [32mBuilding CXX object CMakeFiles/isaac_ros2_messages__rosidl_typesupport_cpp.dir/rosidl_typesupport_cpp/isaac_ros2_messages/srv/get_prim_attribute__type_support.cpp.o[0m
[5.439s] [ 30%] [32mBuilding CXX object CMakeFiles/isaac_ros2_messages__rosidl_typesupport_cpp.dir/rosidl_typesupport_cpp/isaac_ros2_messages/srv/set_prim_attribute__type_support.cpp.o[0m
[5.480s] [ 31%] [32mBuilding C object CMakeFiles/isaac_ros2_messages__rosidl_typesupport_introspection_c.dir/rosidl_typesupport_introspection_c/isaac_ros2_messages/srv/detail/isaac_pose__type_support.c.o[0m
[5.487s] [ 33%] [32mBuilding C object CMakeFiles/isaac_ros2_messages__rosidl_typesupport_introspection_c.dir/rosidl_typesupport_introspection_c/isaac_ros2_messages/srv/detail/get_prim_attributes__type_support.c.o[0m
[5.488s] [ 34%] [32mBuilding C object CMakeFiles/isaac_ros2_messages__rosidl_typesupport_introspection_c.dir/rosidl_typesupport_introspection_c/isaac_ros2_messages/srv/detail/get_prims__type_support.c.o[0m
[5.491s] [ 38%] [32mBuilding C object CMakeFiles/isaac_ros2_messages__rosidl_typesupport_introspection_c.dir/rosidl_typesupport_introspection_c/isaac_ros2_messages/srv/detail/get_prim_attribute__type_support.c.o[0m
[5.499s] [ 38%] [32mBuilding C object CMakeFiles/isaac_ros2_messages__rosidl_typesupport_introspection_c.dir/rosidl_typesupport_introspection_c/isaac_ros2_messages/srv/detail/set_prim_attribute__type_support.c.o[0m
[5.539s] [ 39%] [32mBuilding CXX object CMakeFiles/isaac_ros2_messages__rosidl_typesupport_fastrtps_c.dir/rosidl_typesupport_fastrtps_c/isaac_ros2_messages/srv/detail/isaac_pose__type_support_c.cpp.o[0m
[5.541s] [ 42%] [32mBuilding CXX object CMakeFiles/isaac_ros2_messages__rosidl_typesupport_fastrtps_c.dir/rosidl_typesupport_fastrtps_c/isaac_ros2_messages/srv/detail/set_prim_attribute__type_support_c.cpp.o[0m
[5.541s] [ 42%] [32mBuilding CXX object CMakeFiles/isaac_ros2_messages__rosidl_typesupport_fastrtps_c.dir/rosidl_typesupport_fastrtps_c/isaac_ros2_messages/srv/detail/get_prims__type_support_c.cpp.o[0m
[5.544s] [ 44%] [32mBuilding CXX object CMakeFiles/isaac_ros2_messages__rosidl_typesupport_fastrtps_c.dir/rosidl_typesupport_fastrtps_c/isaac_ros2_messages/srv/detail/get_prim_attribute__type_support_c.cpp.o[0m
[5.551s] [ 46%] [32mBuilding CXX object CMakeFiles/isaac_ros2_messages__rosidl_typesupport_fastrtps_c.dir/rosidl_typesupport_fastrtps_c/isaac_ros2_messages/srv/detail/get_prim_attributes__type_support_c.cpp.o[0m
[5.588s] [ 47%] [32mBuilding CXX object CMakeFiles/isaac_ros2_messages__rosidl_typesupport_fastrtps_cpp.dir/rosidl_typesupport_fastrtps_cpp/isaac_ros2_messages/srv/detail/dds_fastrtps/isaac_pose__type_support.cpp.o[0m
[5.590s] [ 49%] [32mBuilding CXX object CMakeFiles/isaac_ros2_messages__rosidl_typesupport_fastrtps_cpp.dir/rosidl_typesupport_fastrtps_cpp/isaac_ros2_messages/srv/detail/dds_fastrtps/get_prims__type_support.cpp.o[0m
[5.595s] [ 50%] [32m[1mLinking C shared library libisaac_ros2_messages__rosidl_typesupport_introspection_c.so[0m
[5.596s] [ 52%] [32mBuilding CXX object CMakeFiles/isaac_ros2_messages__rosidl_typesupport_fastrtps_cpp.dir/rosidl_typesupport_fastrtps_cpp/isaac_ros2_messages/srv/detail/dds_fastrtps/get_prim_attribute__type_support.cpp.o[0m
[5.598s] [ 53%] [32mBuilding CXX object CMakeFiles/isaac_ros2_messages__rosidl_typesupport_fastrtps_cpp.dir/rosidl_typesupport_fastrtps_cpp/isaac_ros2_messages/srv/detail/dds_fastrtps/get_prim_attributes__type_support.cpp.o[0m
[5.607s] [ 55%] [32mBuilding CXX object CMakeFiles/isaac_ros2_messages__rosidl_typesupport_fastrtps_cpp.dir/rosidl_typesupport_fastrtps_cpp/isaac_ros2_messages/srv/detail/dds_fastrtps/set_prim_attribute__type_support.cpp.o[0m
[5.672s] [ 55%] Built target isaac_ros2_messages__rosidl_typesupport_introspection_c
[5.683s] [ 57%] [32mBuilding CXX object CMakeFiles/isaac_ros2_messages__rosidl_typesupport_c.dir/rosidl_typesupport_c/isaac_ros2_messages/srv/isaac_pose__type_support.cpp.o[0m
[5.685s] [ 58%] [32mBuilding CXX object CMakeFiles/isaac_ros2_messages__rosidl_typesupport_c.dir/rosidl_typesupport_c/isaac_ros2_messages/srv/get_prim_attributes__type_support.cpp.o[0m
[5.690s] [ 60%] [32mBuilding CXX object CMakeFiles/isaac_ros2_messages__rosidl_typesupport_c.dir/rosidl_typesupport_c/isaac_ros2_messages/srv/get_prims__type_support.cpp.o[0m
[5.701s] [ 63%] [32mBuilding CXX object CMakeFiles/isaac_ros2_messages__rosidl_typesupport_introspection_cpp.dir/rosidl_typesupport_introspection_cpp/isaac_ros2_messages/srv/detail/get_prims__type_support.cpp.o[0m
[5.701s] [ 63%] [32mBuilding CXX object CMakeFiles/isaac_ros2_messages__rosidl_typesupport_introspection_cpp.dir/rosidl_typesupport_introspection_cpp/isaac_ros2_messages/srv/detail/isaac_pose__type_support.cpp.o[0m
[5.765s] [ 65%] [32mBuilding CXX object CMakeFiles/isaac_ros2_messages__rosidl_typesupport_c.dir/rosidl_typesupport_c/isaac_ros2_messages/srv/get_prim_attribute__type_support.cpp.o[0m
[5.771s] [ 66%] [32mBuilding CXX object CMakeFiles/isaac_ros2_messages__rosidl_typesupport_introspection_cpp.dir/rosidl_typesupport_introspection_cpp/isaac_ros2_messages/srv/detail/get_prim_attributes__type_support.cpp.o[0m
[5.779s] [ 68%] [32mBuilding CXX object CMakeFiles/isaac_ros2_messages__rosidl_typesupport_c.dir/rosidl_typesupport_c/isaac_ros2_messages/srv/set_prim_attribute__type_support.cpp.o[0m
[5.835s] [ 69%] [32mBuilding CXX object CMakeFiles/isaac_ros2_messages__rosidl_typesupport_introspection_cpp.dir/rosidl_typesupport_introspection_cpp/isaac_ros2_messages/srv/detail/get_prim_attribute__type_support.cpp.o[0m
[5.836s] [ 71%] [32mBuilding CXX object CMakeFiles/isaac_ros2_messages__rosidl_typesupport_introspection_cpp.dir/rosidl_typesupport_introspection_cpp/isaac_ros2_messages/srv/detail/set_prim_attribute__type_support.cpp.o[0m
[5.837s] [ 73%] [32m[1mLinking CXX shared library libisaac_ros2_messages__rosidl_typesupport_c.so[0m
[5.888s] [ 74%] [32m[1mLinking CXX shared library libisaac_ros2_messages__rosidl_typesupport_cpp.so[0m
[5.952s] [ 74%] Built target isaac_ros2_messages__rosidl_typesupport_c
[5.999s] [ 74%] Built target isaac_ros2_messages__rosidl_typesupport_cpp
[6.236s] [ 76%] [32m[1mLinking CXX shared library libisaac_ros2_messages__rosidl_typesupport_fastrtps_c.so[0m
[6.336s] [ 76%] Built target isaac_ros2_messages__rosidl_typesupport_fastrtps_c
[6.359s] [ 77%] [32m[1mLinking CXX shared library libisaac_ros2_messages__rosidl_typesupport_introspection_cpp.so[0m
[6.423s] [ 77%] Built target isaac_ros2_messages__rosidl_typesupport_introspection_cpp
[6.474s] [ 79%] [32m[1mLinking CXX shared library libisaac_ros2_messages__rosidl_typesupport_fastrtps_cpp.so[0m
[6.575s] [ 79%] Built target isaac_ros2_messages__rosidl_typesupport_fastrtps_cpp
[6.595s] [ 79%] Built target isaac_ros2_messages
[6.613s] [ 80%] [34m[1mGenerating Python code for ROS interfaces[0m
[7.400s] [ 80%] Built target isaac_ros2_messages__py
[7.415s] [ 82%] [32mBuilding C object CMakeFiles/isaac_ros2_messages__rosidl_generator_py.dir/rosidl_generator_py/isaac_ros2_messages/srv/_isaac_pose_s.c.o[0m
[7.416s] [ 84%] [32mBuilding C object CMakeFiles/isaac_ros2_messages__rosidl_generator_py.dir/rosidl_generator_py/isaac_ros2_messages/srv/_set_prim_attribute_s.c.o[0m
[7.416s] [ 85%] [32mBuilding C object CMakeFiles/isaac_ros2_messages__rosidl_generator_py.dir/rosidl_generator_py/isaac_ros2_messages/srv/_get_prim_attributes_s.c.o[0m
[7.417s] [ 88%] [32mBuilding C object CMakeFiles/isaac_ros2_messages__rosidl_generator_py.dir/rosidl_generator_py/isaac_ros2_messages/srv/_get_prim_attribute_s.c.o[0m
[7.417s] [ 88%] [32mBuilding C object CMakeFiles/isaac_ros2_messages__rosidl_generator_py.dir/rosidl_generator_py/isaac_ros2_messages/srv/_get_prims_s.c.o[0m
[7.521s] [ 90%] [32m[1mLinking C shared library rosidl_generator_py/isaac_ros2_messages/libisaac_ros2_messages__rosidl_generator_py.so[0m
[7.553s] [ 90%] Built target isaac_ros2_messages__rosidl_generator_py
[7.571s] [ 93%] [32mBuilding C object CMakeFiles/isaac_ros2_messages__rosidl_typesupport_introspection_c__pyext.dir/rosidl_generator_py/isaac_ros2_messages/_isaac_ros2_messages_s.ep.rosidl_typesupport_introspection_c.c.o[0m
[7.571s] [ 93%] [32mBuilding C object CMakeFiles/isaac_ros2_messages__rosidl_typesupport_fastrtps_c__pyext.dir/rosidl_generator_py/isaac_ros2_messages/_isaac_ros2_messages_s.ep.rosidl_typesupport_fastrtps_c.c.o[0m
[7.571s] [ 95%] [32mBuilding C object CMakeFiles/isaac_ros2_messages__rosidl_typesupport_c__pyext.dir/rosidl_generator_py/isaac_ros2_messages/_isaac_ros2_messages_s.ep.rosidl_typesupport_c.c.o[0m
[7.646s] [ 96%] [32m[1mLinking C shared library rosidl_generator_py/isaac_ros2_messages/isaac_ros2_messages_s__rosidl_typesupport_introspection_c.cpython-310-x86_64-linux-gnu.so[0m
[7.647s] [ 98%] [32m[1mLinking C shared library rosidl_generator_py/isaac_ros2_messages/isaac_ros2_messages_s__rosidl_typesupport_c.cpython-310-x86_64-linux-gnu.so[0m
[7.654s] [100%] [32m[1mLinking C shared library rosidl_generator_py/isaac_ros2_messages/isaac_ros2_messages_s__rosidl_typesupport_fastrtps_c.cpython-310-x86_64-linux-gnu.so[0m
[7.678s] [100%] Built target isaac_ros2_messages__rosidl_typesupport_introspection_c__pyext
[7.681s] [100%] Built target isaac_ros2_messages__rosidl_typesupport_c__pyext
[7.683s] [100%] Built target isaac_ros2_messages__rosidl_typesupport_fastrtps_c__pyext
[7.691s] Invoked command in '/home/absolutezeno/Auto-BT-Generation/build/isaac_ros2_messages' returned '0': CMAKE_PREFIX_PATH=${CMAKE_PREFIX_PATH}:/home/absolutezeno/Auto-BT-Generation/install/turtlebot3_teleop:/home/absolutezeno/Auto-BT-Generation/install/turtlebot3_example:/home/absolutezeno/Auto-BT-Generation/install/py_trees_ros_viewer:/home/absolutezeno/Auto-BT-Generation/install/py_trees_ros_tutorials:/home/absolutezeno/Auto-BT-Generation/install/py_trees_ros:/home/absolutezeno/FRA501/install/rqt_joint_trajectory_controller:/home/absolutezeno/FRA501/install/rqt_controller_manager:/home/absolutezeno/FRA501/install/ros2controlcli:/home/absolutezeno/FRA501/install/ros2_controllers_test_nodes:/opt/ros/humble /usr/bin/cmake --build /home/absolutezeno/Auto-BT-Generation/build/isaac_ros2_messages -- -j20 -l20
[7.833s] Invoking command in '/home/absolutezeno/Auto-BT-Generation/build/isaac_ros2_messages': CMAKE_PREFIX_PATH=${CMAKE_PREFIX_PATH}:/home/absolutezeno/Auto-BT-Generation/install/turtlebot3_teleop:/home/absolutezeno/Auto-BT-Generation/install/turtlebot3_example:/home/absolutezeno/Auto-BT-Generation/install/py_trees_ros_viewer:/home/absolutezeno/Auto-BT-Generation/install/py_trees_ros_tutorials:/home/absolutezeno/Auto-BT-Generation/install/py_trees_ros:/home/absolutezeno/FRA501/install/rqt_joint_trajectory_controller:/home/absolutezeno/FRA501/install/rqt_controller_manager:/home/absolutezeno/FRA501/install/ros2controlcli:/home/absolutezeno/FRA501/install/ros2_controllers_test_nodes:/opt/ros/humble /usr/bin/cmake --install /home/absolutezeno/Auto-BT-Generation/build/isaac_ros2_messages
[7.839s] -- Install configuration: ""
[7.839s] -- Installing: /home/absolutezeno/Auto-BT-Generation/install/isaac_ros2_messages/share/ament_index/resource_index/rosidl_interfaces/isaac_ros2_messages
[7.839s] -- Installing: /home/absolutezeno/Auto-BT-Generation/install/isaac_ros2_messages/include/isaac_ros2_messages/isaac_ros2_messages
[7.839s] -- Installing: /home/absolutezeno/Auto-BT-Generation/install/isaac_ros2_messages/include/isaac_ros2_messages/isaac_ros2_messages/msg
[7.839s] -- Installing: /home/absolutezeno/Auto-BT-Generation/install/isaac_ros2_messages/include/isaac_ros2_messages/isaac_ros2_messages/msg/rosidl_generator_c__visibility_control.h
[7.839s] -- Installing: /home/absolutezeno/Auto-BT-Generation/install/isaac_ros2_messages/include/isaac_ros2_messages/isaac_ros2_messages/srv
[7.840s] -- Installing: /home/absolutezeno/Auto-BT-Generation/install/isaac_ros2_messages/include/isaac_ros2_messages/isaac_ros2_messages/srv/isaac_pose.h
[7.840s] -- Installing: /home/absolutezeno/Auto-BT-Generation/install/isaac_ros2_messages/include/isaac_ros2_messages/isaac_ros2_messages/srv/get_prims.h
[7.840s] -- Installing: /home/absolutezeno/Auto-BT-Generation/install/isaac_ros2_messages/include/isaac_ros2_messages/isaac_ros2_messages/srv/get_prim_attribute.h
[7.840s] -- Installing: /home/absolutezeno/Auto-BT-Generation/install/isaac_ros2_messages/include/isaac_ros2_messages/isaac_ros2_messages/srv/set_prim_attribute.h
[7.840s] -- Installing: /home/absolutezeno/Auto-BT-Generation/install/isaac_ros2_messages/include/isaac_ros2_messages/isaac_ros2_messages/srv/detail
[7.840s] -- Installing: /home/absolutezeno/Auto-BT-Generation/install/isaac_ros2_messages/include/isaac_ros2_messages/isaac_ros2_messages/srv/detail/get_prims__functions.h
[7.840s] -- Installing: /home/absolutezeno/Auto-BT-Generation/install/isaac_ros2_messages/include/isaac_ros2_messages/isaac_ros2_messages/srv/detail/get_prim_attribute__type_support.h
[7.840s] -- Installing: /home/absolutezeno/Auto-BT-Generation/install/isaac_ros2_messages/include/isaac_ros2_messages/isaac_ros2_messages/srv/detail/get_prims__functions.c
[7.840s] -- Installing: /home/absolutezeno/Auto-BT-Generation/install/isaac_ros2_messages/include/isaac_ros2_messages/isaac_ros2_messages/srv/detail/set_prim_attribute__functions.h
[7.840s] -- Installing: /home/absolutezeno/Auto-BT-Generation/install/isaac_ros2_messages/include/isaac_ros2_messages/isaac_ros2_messages/srv/detail/get_prim_attributes__functions.c
[7.840s] -- Installing: /home/absolutezeno/Auto-BT-Generation/install/isaac_ros2_messages/include/isaac_ros2_messages/isaac_ros2_messages/srv/detail/get_prims__struct.h
[7.840s] -- Installing: /home/absolutezeno/Auto-BT-Generation/install/isaac_ros2_messages/include/isaac_ros2_messages/isaac_ros2_messages/srv/detail/isaac_pose__functions.h
[7.840s] -- Installing: /home/absolutezeno/Auto-BT-Generation/install/isaac_ros2_messages/include/isaac_ros2_messages/isaac_ros2_messages/srv/detail/get_prim_attribute__functions.h
[7.840s] -- Installing: /home/absolutezeno/Auto-BT-Generation/install/isaac_ros2_messages/include/isaac_ros2_messages/isaac_ros2_messages/srv/detail/get_prim_attributes__type_support.h
[7.840s] -- Installing: /home/absolutezeno/Auto-BT-Generation/install/isaac_ros2_messages/include/isaac_ros2_messages/isaac_ros2_messages/srv/detail/get_prim_attribute__struct.h
[7.840s] -- Installing: /home/absolutezeno/Auto-BT-Generation/install/isaac_ros2_messages/include/isaac_ros2_messages/isaac_ros2_messages/srv/detail/get_prim_attribute__functions.c
[7.840s] -- Installing: /home/absolutezeno/Auto-BT-Generation/install/isaac_ros2_messages/include/isaac_ros2_messages/isaac_ros2_messages/srv/detail/set_prim_attribute__struct.h
[7.840s] -- Installing: /home/absolutezeno/Auto-BT-Generation/install/isaac_ros2_messages/include/isaac_ros2_messages/isaac_ros2_messages/srv/detail/isaac_pose__functions.c
[7.840s] -- Installing: /home/absolutezeno/Auto-BT-Generation/install/isaac_ros2_messages/include/isaac_ros2_messages/isaac_ros2_messages/srv/detail/get_prims__type_support.h
[7.840s] -- Installing: /home/absolutezeno/Auto-BT-Generation/install/isaac_ros2_messages/include/isaac_ros2_messages/isaac_ros2_messages/srv/detail/isaac_pose__struct.h
[7.841s] -- Installing: /home/absolutezeno/Auto-BT-Generation/install/isaac_ros2_messages/include/isaac_ros2_messages/isaac_ros2_messages/srv/detail/get_prim_attributes__functions.h
[7.841s] -- Installing: /home/absolutezeno/Auto-BT-Generation/install/isaac_ros2_messages/include/isaac_ros2_messages/isaac_ros2_messages/srv/detail/set_prim_attribute__functions.c
[7.841s] -- Installing: /home/absolutezeno/Auto-BT-Generation/install/isaac_ros2_messages/include/isaac_ros2_messages/isaac_ros2_messages/srv/detail/isaac_pose__type_support.h
[7.841s] -- Installing: /home/absolutezeno/Auto-BT-Generation/install/isaac_ros2_messages/include/isaac_ros2_messages/isaac_ros2_messages/srv/detail/get_prim_attributes__struct.h
[7.841s] -- Installing: /home/absolutezeno/Auto-BT-Generation/install/isaac_ros2_messages/include/isaac_ros2_messages/isaac_ros2_messages/srv/detail/set_prim_attribute__type_support.h
[7.841s] -- Installing: /home/absolutezeno/Auto-BT-Generation/install/isaac_ros2_messages/include/isaac_ros2_messages/isaac_ros2_messages/srv/get_prim_attributes.h
[7.841s] -- Installing: /home/absolutezeno/Auto-BT-Generation/install/isaac_ros2_messages/share/isaac_ros2_messages/environment/library_path.sh
[7.841s] -- Installing: /home/absolutezeno/Auto-BT-Generation/install/isaac_ros2_messages/share/isaac_ros2_messages/environment/library_path.dsv
[7.841s] -- Installing: /home/absolutezeno/Auto-BT-Generation/install/isaac_ros2_messages/lib/libisaac_ros2_messages__rosidl_generator_c.so
[7.841s] -- Set runtime path of "/home/absolutezeno/Auto-BT-Generation/install/isaac_ros2_messages/lib/libisaac_ros2_messages__rosidl_generator_c.so" to ""
[7.841s] -- Up-to-date: /home/absolutezeno/Auto-BT-Generation/install/isaac_ros2_messages/include/isaac_ros2_messages/isaac_ros2_messages
[7.841s] -- Up-to-date: /home/absolutezeno/Auto-BT-Generation/install/isaac_ros2_messages/include/isaac_ros2_messages/isaac_ros2_messages/msg
[7.841s] -- Installing: /home/absolutezeno/Auto-BT-Generation/install/isaac_ros2_messages/include/isaac_ros2_messages/isaac_ros2_messages/msg/rosidl_typesupport_fastrtps_c__visibility_control.h
[7.841s] -- Up-to-date: /home/absolutezeno/Auto-BT-Generation/install/isaac_ros2_messages/include/isaac_ros2_messages/isaac_ros2_messages/srv
[7.841s] -- Up-to-date: /home/absolutezeno/Auto-BT-Generation/install/isaac_ros2_messages/include/isaac_ros2_messages/isaac_ros2_messages/srv/detail
[7.841s] -- Installing: /home/absolutezeno/Auto-BT-Generation/install/isaac_ros2_messages/include/isaac_ros2_messages/isaac_ros2_messages/srv/detail/isaac_pose__rosidl_typesupport_fastrtps_c.h
[7.841s] -- Installing: /home/absolutezeno/Auto-BT-Generation/install/isaac_ros2_messages/include/isaac_ros2_messages/isaac_ros2_messages/srv/detail/get_prim_attributes__rosidl_typesupport_fastrtps_c.h
[7.841s] -- Installing: /home/absolutezeno/Auto-BT-Generation/install/isaac_ros2_messages/include/isaac_ros2_messages/isaac_ros2_messages/srv/detail/set_prim_attribute__rosidl_typesupport_fastrtps_c.h
[7.841s] -- Installing: /home/absolutezeno/Auto-BT-Generation/install/isaac_ros2_messages/include/isaac_ros2_messages/isaac_ros2_messages/srv/detail/get_prim_attribute__rosidl_typesupport_fastrtps_c.h
[7.842s] -- Installing: /home/absolutezeno/Auto-BT-Generation/install/isaac_ros2_messages/include/isaac_ros2_messages/isaac_ros2_messages/srv/detail/get_prims__rosidl_typesupport_fastrtps_c.h
[7.842s] -- Installing: /home/absolutezeno/Auto-BT-Generation/install/isaac_ros2_messages/lib/libisaac_ros2_messages__rosidl_typesupport_fastrtps_c.so
[7.842s] -- Set runtime path of "/home/absolutezeno/Auto-BT-Generation/install/isaac_ros2_messages/lib/libisaac_ros2_messages__rosidl_typesupport_fastrtps_c.so" to ""
[7.842s] -- Up-to-date: /home/absolutezeno/Auto-BT-Generation/install/isaac_ros2_messages/include/isaac_ros2_messages/isaac_ros2_messages
[7.842s] -- Up-to-date: /home/absolutezeno/Auto-BT-Generation/install/isaac_ros2_messages/include/isaac_ros2_messages/isaac_ros2_messages/srv
[7.842s] -- Installing: /home/absolutezeno/Auto-BT-Generation/install/isaac_ros2_messages/include/isaac_ros2_messages/isaac_ros2_messages/srv/get_prims.hpp
[7.842s] -- Installing: /home/absolutezeno/Auto-BT-Generation/install/isaac_ros2_messages/include/isaac_ros2_messages/isaac_ros2_messages/srv/isaac_pose.hpp
[7.842s] -- Installing: /home/absolutezeno/Auto-BT-Generation/install/isaac_ros2_messages/include/isaac_ros2_messages/isaac_ros2_messages/srv/get_prim_attributes.hpp
[7.842s] -- Installing: /home/absolutezeno/Auto-BT-Generation/install/isaac_ros2_messages/include/isaac_ros2_messages/isaac_ros2_messages/srv/get_prim_attribute.hpp
[7.842s] -- Up-to-date: /home/absolutezeno/Auto-BT-Generation/install/isaac_ros2_messages/include/isaac_ros2_messages/isaac_ros2_messages/srv/detail
[7.842s] -- Installing: /home/absolutezeno/Auto-BT-Generation/install/isaac_ros2_messages/include/isaac_ros2_messages/isaac_ros2_messages/srv/detail/get_prim_attribute__struct.hpp
[7.842s] -- Installing: /home/absolutezeno/Auto-BT-Generation/install/isaac_ros2_messages/include/isaac_ros2_messages/isaac_ros2_messages/srv/detail/get_prims__traits.hpp
[7.842s] -- Installing: /home/absolutezeno/Auto-BT-Generation/install/isaac_ros2_messages/include/isaac_ros2_messages/isaac_ros2_messages/srv/detail/set_prim_attribute__traits.hpp
[7.842s] -- Installing: /home/absolutezeno/Auto-BT-Generation/install/isaac_ros2_messages/include/isaac_ros2_messages/isaac_ros2_messages/srv/detail/get_prim_attributes__traits.hpp
[7.842s] -- Installing: /home/absolutezeno/Auto-BT-Generation/install/isaac_ros2_messages/include/isaac_ros2_messages/isaac_ros2_messages/srv/detail/isaac_pose__struct.hpp
[7.842s] -- Installing: /home/absolutezeno/Auto-BT-Generation/install/isaac_ros2_messages/include/isaac_ros2_messages/isaac_ros2_messages/srv/detail/set_prim_attribute__struct.hpp
[7.842s] -- Installing: /home/absolutezeno/Auto-BT-Generation/install/isaac_ros2_messages/include/isaac_ros2_messages/isaac_ros2_messages/srv/detail/get_prims__struct.hpp
[7.842s] -- Installing: /home/absolutezeno/Auto-BT-Generation/install/isaac_ros2_messages/include/isaac_ros2_messages/isaac_ros2_messages/srv/detail/isaac_pose__traits.hpp
[7.842s] -- Installing: /home/absolutezeno/Auto-BT-Generation/install/isaac_ros2_messages/include/isaac_ros2_messages/isaac_ros2_messages/srv/detail/get_prim_attributes__builder.hpp
[7.842s] -- Installing: /home/absolutezeno/Auto-BT-Generation/install/isaac_ros2_messages/include/isaac_ros2_messages/isaac_ros2_messages/srv/detail/get_prims__builder.hpp
[7.842s] -- Installing: /home/absolutezeno/Auto-BT-Generation/install/isaac_ros2_messages/include/isaac_ros2_messages/isaac_ros2_messages/srv/detail/get_prim_attribute__builder.hpp
[7.843s] -- Installing: /home/absolutezeno/Auto-BT-Generation/install/isaac_ros2_messages/include/isaac_ros2_messages/isaac_ros2_messages/srv/detail/set_prim_attribute__builder.hpp
[7.843s] -- Installing: /home/absolutezeno/Auto-BT-Generation/install/isaac_ros2_messages/include/isaac_ros2_messages/isaac_ros2_messages/srv/detail/get_prim_attribute__traits.hpp
[7.843s] -- Installing: /home/absolutezeno/Auto-BT-Generation/install/isaac_ros2_messages/include/isaac_ros2_messages/isaac_ros2_messages/srv/detail/get_prim_attributes__struct.hpp
[7.843s] -- Installing: /home/absolutezeno/Auto-BT-Generation/install/isaac_ros2_messages/include/isaac_ros2_messages/isaac_ros2_messages/srv/detail/isaac_pose__builder.hpp
[7.843s] -- Installing: /home/absolutezeno/Auto-BT-Generation/install/isaac_ros2_messages/include/isaac_ros2_messages/isaac_ros2_messages/srv/set_prim_attribute.hpp
[7.843s] -- Up-to-date: /home/absolutezeno/Auto-BT-Generation/install/isaac_ros2_messages/include/isaac_ros2_messages/isaac_ros2_messages
[7.843s] -- Up-to-date: /home/absolutezeno/Auto-BT-Generation/install/isaac_ros2_messages/include/isaac_ros2_messages/isaac_ros2_messages/msg
[7.843s] -- Installing: /home/absolutezeno/Auto-BT-Generation/install/isaac_ros2_messages/include/isaac_ros2_messages/isaac_ros2_messages/msg/rosidl_typesupport_fastrtps_cpp__visibility_control.h
[7.843s] -- Up-to-date: /home/absolutezeno/Auto-BT-Generation/install/isaac_ros2_messages/include/isaac_ros2_messages/isaac_ros2_messages/srv
[7.843s] -- Up-to-date: /home/absolutezeno/Auto-BT-Generation/install/isaac_ros2_messages/include/isaac_ros2_messages/isaac_ros2_messages/srv/detail
[7.843s] -- Installing: /home/absolutezeno/Auto-BT-Generation/install/isaac_ros2_messages/include/isaac_ros2_messages/isaac_ros2_messages/srv/detail/get_prim_attributes__rosidl_typesupport_fastrtps_cpp.hpp
[7.843s] -- Installing: /home/absolutezeno/Auto-BT-Generation/install/isaac_ros2_messages/include/isaac_ros2_messages/isaac_ros2_messages/srv/detail/get_prim_attribute__rosidl_typesupport_fastrtps_cpp.hpp
[7.843s] -- Installing: /home/absolutezeno/Auto-BT-Generation/install/isaac_ros2_messages/include/isaac_ros2_messages/isaac_ros2_messages/srv/detail/isaac_pose__rosidl_typesupport_fastrtps_cpp.hpp
[7.843s] -- Installing: /home/absolutezeno/Auto-BT-Generation/install/isaac_ros2_messages/include/isaac_ros2_messages/isaac_ros2_messages/srv/detail/dds_fastrtps
[7.843s] -- Installing: /home/absolutezeno/Auto-BT-Generation/install/isaac_ros2_messages/include/isaac_ros2_messages/isaac_ros2_messages/srv/detail/set_prim_attribute__rosidl_typesupport_fastrtps_cpp.hpp
[7.843s] -- Installing: /home/absolutezeno/Auto-BT-Generation/install/isaac_ros2_messages/include/isaac_ros2_messages/isaac_ros2_messages/srv/detail/get_prims__rosidl_typesupport_fastrtps_cpp.hpp
[7.843s] -- Installing: /home/absolutezeno/Auto-BT-Generation/install/isaac_ros2_messages/lib/libisaac_ros2_messages__rosidl_typesupport_fastrtps_cpp.so
[7.843s] -- Set runtime path of "/home/absolutezeno/Auto-BT-Generation/install/isaac_ros2_messages/lib/libisaac_ros2_messages__rosidl_typesupport_fastrtps_cpp.so" to ""
[7.843s] -- Up-to-date: /home/absolutezeno/Auto-BT-Generation/install/isaac_ros2_messages/include/isaac_ros2_messages/isaac_ros2_messages
[7.843s] -- Up-to-date: /home/absolutezeno/Auto-BT-Generation/install/isaac_ros2_messages/include/isaac_ros2_messages/isaac_ros2_messages/msg
[7.843s] -- Installing: /home/absolutezeno/Auto-BT-Generation/install/isaac_ros2_messages/include/isaac_ros2_messages/isaac_ros2_messages/msg/rosidl_typesupport_introspection_c__visibility_control.h
[7.844s] -- Up-to-date: /home/absolutezeno/Auto-BT-Generation/install/isaac_ros2_messages/include/isaac_ros2_messages/isaac_ros2_messages/srv
[7.844s] -- Up-to-date: /home/absolutezeno/Auto-BT-Generation/install/isaac_ros2_messages/include/isaac_ros2_messages/isaac_ros2_messages/srv/detail
[7.844s] -- Installing: /home/absolutezeno/Auto-BT-Generation/install/isaac_ros2_messages/include/isaac_ros2_messages/isaac_ros2_messages/srv/detail/get_prim_attribute__type_support.c
[7.844s] -- Installing: /home/absolutezeno/Auto-BT-Generation/install/isaac_ros2_messages/include/isaac_ros2_messages/isaac_ros2_messages/srv/detail/get_prim_attribute__rosidl_typesupport_introspection_c.h
[7.844s] -- Installing: /home/absolutezeno/Auto-BT-Generation/install/isaac_ros2_messages/include/isaac_ros2_messages/isaac_ros2_messages/srv/detail/isaac_pose__type_support.c
[7.844s] -- Installing: /home/absolutezeno/Auto-BT-Generation/install/isaac_ros2_messages/include/isaac_ros2_messages/isaac_ros2_messages/srv/detail/isaac_pose__rosidl_typesupport_introspection_c.h
[7.844s] -- Installing: /home/absolutezeno/Auto-BT-Generation/install/isaac_ros2_messages/include/isaac_ros2_messages/isaac_ros2_messages/srv/detail/set_prim_attribute__rosidl_typesupport_introspection_c.h
[7.844s] -- Installing: /home/absolutezeno/Auto-BT-Generation/install/isaac_ros2_messages/include/isaac_ros2_messages/isaac_ros2_messages/srv/detail/get_prims__type_support.c
[7.844s] -- Installing: /home/absolutezeno/Auto-BT-Generation/install/isaac_ros2_messages/include/isaac_ros2_messages/isaac_ros2_messages/srv/detail/get_prim_attributes__rosidl_typesupport_introspection_c.h
[7.844s] -- Installing: /home/absolutezeno/Auto-BT-Generation/install/isaac_ros2_messages/include/isaac_ros2_messages/isaac_ros2_messages/srv/detail/get_prims__rosidl_typesupport_introspection_c.h
[7.844s] -- Installing: /home/absolutezeno/Auto-BT-Generation/install/isaac_ros2_messages/include/isaac_ros2_messages/isaac_ros2_messages/srv/detail/set_prim_attribute__type_support.c
[7.844s] -- Installing: /home/absolutezeno/Auto-BT-Generation/install/isaac_ros2_messages/include/isaac_ros2_messages/isaac_ros2_messages/srv/detail/get_prim_attributes__type_support.c
[7.844s] -- Installing: /home/absolutezeno/Auto-BT-Generation/install/isaac_ros2_messages/lib/libisaac_ros2_messages__rosidl_typesupport_introspection_c.so
[7.844s] -- Set runtime path of "/home/absolutezeno/Auto-BT-Generation/install/isaac_ros2_messages/lib/libisaac_ros2_messages__rosidl_typesupport_introspection_c.so" to ""
[7.844s] -- Installing: /home/absolutezeno/Auto-BT-Generation/install/isaac_ros2_messages/lib/libisaac_ros2_messages__rosidl_typesupport_c.so
[7.844s] -- Set runtime path of "/home/absolutezeno/Auto-BT-Generation/install/isaac_ros2_messages/lib/libisaac_ros2_messages__rosidl_typesupport_c.so" to ""
[7.845s] -- Up-to-date: /home/absolutezeno/Auto-BT-Generation/install/isaac_ros2_messages/include/isaac_ros2_messages/isaac_ros2_messages
[7.845s] -- Up-to-date: /home/absolutezeno/Auto-BT-Generation/install/isaac_ros2_messages/include/isaac_ros2_messages/isaac_ros2_messages/srv
[7.845s] -- Up-to-date: /home/absolutezeno/Auto-BT-Generation/install/isaac_ros2_messages/include/isaac_ros2_messages/isaac_ros2_messages/srv/detail
[7.845s] -- Installing: /home/absolutezeno/Auto-BT-Generation/install/isaac_ros2_messages/include/isaac_ros2_messages/isaac_ros2_messages/srv/detail/get_prim_attribute__type_support.cpp
[7.845s] -- Installing: /home/absolutezeno/Auto-BT-Generation/install/isaac_ros2_messages/include/isaac_ros2_messages/isaac_ros2_messages/srv/detail/isaac_pose__type_support.cpp
[7.845s] -- Installing: /home/absolutezeno/Auto-BT-Generation/install/isaac_ros2_messages/include/isaac_ros2_messages/isaac_ros2_messages/srv/detail/get_prims__rosidl_typesupport_introspection_cpp.hpp
[7.845s] -- Installing: /home/absolutezeno/Auto-BT-Generation/install/isaac_ros2_messages/include/isaac_ros2_messages/isaac_ros2_messages/srv/detail/get_prim_attributes__rosidl_typesupport_introspection_cpp.hpp
[7.845s] -- Installing: /home/absolutezeno/Auto-BT-Generation/install/isaac_ros2_messages/include/isaac_ros2_messages/isaac_ros2_messages/srv/detail/get_prim_attribute__rosidl_typesupport_introspection_cpp.hpp
[7.845s] -- Installing: /home/absolutezeno/Auto-BT-Generation/install/isaac_ros2_messages/include/isaac_ros2_messages/isaac_ros2_messages/srv/detail/get_prim_attributes__type_support.cpp
[7.845s] -- Installing: /home/absolutezeno/Auto-BT-Generation/install/isaac_ros2_messages/include/isaac_ros2_messages/isaac_ros2_messages/srv/detail/isaac_pose__rosidl_typesupport_introspection_cpp.hpp
[7.845s] -- Installing: /home/absolutezeno/Auto-BT-Generation/install/isaac_ros2_messages/include/isaac_ros2_messages/isaac_ros2_messages/srv/detail/get_prims__type_support.cpp
[7.845s] -- Installing: /home/absolutezeno/Auto-BT-Generation/install/isaac_ros2_messages/include/isaac_ros2_messages/isaac_ros2_messages/srv/detail/set_prim_attribute__rosidl_typesupport_introspection_cpp.hpp
[7.845s] -- Installing: /home/absolutezeno/Auto-BT-Generation/install/isaac_ros2_messages/include/isaac_ros2_messages/isaac_ros2_messages/srv/detail/set_prim_attribute__type_support.cpp
[7.845s] -- Installing: /home/absolutezeno/Auto-BT-Generation/install/isaac_ros2_messages/lib/libisaac_ros2_messages__rosidl_typesupport_introspection_cpp.so
[7.845s] -- Set runtime path of "/home/absolutezeno/Auto-BT-Generation/install/isaac_ros2_messages/lib/libisaac_ros2_messages__rosidl_typesupport_introspection_cpp.so" to ""
[7.845s] -- Installing: /home/absolutezeno/Auto-BT-Generation/install/isaac_ros2_messages/lib/libisaac_ros2_messages__rosidl_typesupport_cpp.so
[7.846s] -- Set runtime path of "/home/absolutezeno/Auto-BT-Generation/install/isaac_ros2_messages/lib/libisaac_ros2_messages__rosidl_typesupport_cpp.so" to ""
[7.846s] -- Installing: /home/absolutezeno/Auto-BT-Generation/install/isaac_ros2_messages/share/isaac_ros2_messages/environment/pythonpath.sh
[7.846s] -- Installing: /home/absolutezeno/Auto-BT-Generation/install/isaac_ros2_messages/share/isaac_ros2_messages/environment/pythonpath.dsv
[7.846s] -- Installing: /home/absolutezeno/Auto-BT-Generation/install/isaac_ros2_messages/local/lib/python3.10/dist-packages/isaac_ros2_messages-0.2.0-py3.10.egg-info
[7.846s] -- Installing: /home/absolutezeno/Auto-BT-Generation/install/isaac_ros2_messages/local/lib/python3.10/dist-packages/isaac_ros2_messages-0.2.0-py3.10.egg-info/PKG-INFO
[7.846s] -- Installing: /home/absolutezeno/Auto-BT-Generation/install/isaac_ros2_messages/local/lib/python3.10/dist-packages/isaac_ros2_messages-0.2.0-py3.10.egg-info/top_level.txt
[7.846s] -- Installing: /home/absolutezeno/Auto-BT-Generation/install/isaac_ros2_messages/local/lib/python3.10/dist-packages/isaac_ros2_messages-0.2.0-py3.10.egg-info/dependency_links.txt
[7.846s] -- Installing: /home/absolutezeno/Auto-BT-Generation/install/isaac_ros2_messages/local/lib/python3.10/dist-packages/isaac_ros2_messages-0.2.0-py3.10.egg-info/SOURCES.txt
[7.846s] -- Installing: /home/absolutezeno/Auto-BT-Generation/install/isaac_ros2_messages/local/lib/python3.10/dist-packages/isaac_ros2_messages
[7.846s] -- Installing: /home/absolutezeno/Auto-BT-Generation/install/isaac_ros2_messages/local/lib/python3.10/dist-packages/isaac_ros2_messages/_isaac_ros2_messages_s.ep.rosidl_typesupport_introspection_c.c
[7.846s] -- Installing: /home/absolutezeno/Auto-BT-Generation/install/isaac_ros2_messages/local/lib/python3.10/dist-packages/isaac_ros2_messages/isaac_ros2_messages_s__rosidl_typesupport_introspection_c.cpython-310-x86_64-linux-gnu.so
[7.846s] -- Installing: /home/absolutezeno/Auto-BT-Generation/install/isaac_ros2_messages/local/lib/python3.10/dist-packages/isaac_ros2_messages/_isaac_ros2_messages_s.ep.rosidl_typesupport_fastrtps_c.c
[7.846s] -- Installing: /home/absolutezeno/Auto-BT-Generation/install/isaac_ros2_messages/local/lib/python3.10/dist-packages/isaac_ros2_messages/_isaac_ros2_messages_s.ep.rosidl_typesupport_c.c
[7.846s] -- Installing: /home/absolutezeno/Auto-BT-Generation/install/isaac_ros2_messages/local/lib/python3.10/dist-packages/isaac_ros2_messages/isaac_ros2_messages_s__rosidl_typesupport_c.cpython-310-x86_64-linux-gnu.so
[7.846s] -- Installing: /home/absolutezeno/Auto-BT-Generation/install/isaac_ros2_messages/local/lib/python3.10/dist-packages/isaac_ros2_messages/__init__.py
[7.846s] -- Installing: /home/absolutezeno/Auto-BT-Generation/install/isaac_ros2_messages/local/lib/python3.10/dist-packages/isaac_ros2_messages/isaac_ros2_messages_s__rosidl_typesupport_fastrtps_c.cpython-310-x86_64-linux-gnu.so
[7.846s] -- Installing: /home/absolutezeno/Auto-BT-Generation/install/isaac_ros2_messages/local/lib/python3.10/dist-packages/isaac_ros2_messages/libisaac_ros2_messages__rosidl_generator_py.so
[7.846s] -- Installing: /home/absolutezeno/Auto-BT-Generation/install/isaac_ros2_messages/local/lib/python3.10/dist-packages/isaac_ros2_messages/srv
[7.846s] -- Installing: /home/absolutezeno/Auto-BT-Generation/install/isaac_ros2_messages/local/lib/python3.10/dist-packages/isaac_ros2_messages/srv/_isaac_pose_s.c
[7.846s] -- Installing: /home/absolutezeno/Auto-BT-Generation/install/isaac_ros2_messages/local/lib/python3.10/dist-packages/isaac_ros2_messages/srv/_set_prim_attribute_s.c
[7.846s] -- Installing: /home/absolutezeno/Auto-BT-Generation/install/isaac_ros2_messages/local/lib/python3.10/dist-packages/isaac_ros2_messages/srv/_get_prim_attributes_s.c
[7.846s] -- Installing: /home/absolutezeno/Auto-BT-Generation/install/isaac_ros2_messages/local/lib/python3.10/dist-packages/isaac_ros2_messages/srv/_get_prim_attribute.py
[7.846s] -- Installing: /home/absolutezeno/Auto-BT-Generation/install/isaac_ros2_messages/local/lib/python3.10/dist-packages/isaac_ros2_messages/srv/_get_prims.py
[7.846s] -- Installing: /home/absolutezeno/Auto-BT-Generation/install/isaac_ros2_messages/local/lib/python3.10/dist-packages/isaac_ros2_messages/srv/_set_prim_attribute.py
[7.846s] -- Installing: /home/absolutezeno/Auto-BT-Generation/install/isaac_ros2_messages/local/lib/python3.10/dist-packages/isaac_ros2_messages/srv/_get_prims_s.c
[7.846s] -- Installing: /home/absolutezeno/Auto-BT-Generation/install/isaac_ros2_messages/local/lib/python3.10/dist-packages/isaac_ros2_messages/srv/__init__.py
[7.846s] -- Installing: /home/absolutezeno/Auto-BT-Generation/install/isaac_ros2_messages/local/lib/python3.10/dist-packages/isaac_ros2_messages/srv/_get_prim_attribute_s.c
[7.846s] -- Installing: /home/absolutezeno/Auto-BT-Generation/install/isaac_ros2_messages/local/lib/python3.10/dist-packages/isaac_ros2_messages/srv/_get_prim_attributes.py
[7.846s] -- Installing: /home/absolutezeno/Auto-BT-Generation/install/isaac_ros2_messages/local/lib/python3.10/dist-packages/isaac_ros2_messages/srv/_isaac_pose.py
[7.882s] Listing '/home/absolutezeno/Auto-BT-Generation/install/isaac_ros2_messages/local/lib/python3.10/dist-packages/isaac_ros2_messages'...
[7.882s] Compiling '/home/absolutezeno/Auto-BT-Generation/install/isaac_ros2_messages/local/lib/python3.10/dist-packages/isaac_ros2_messages/__init__.py'...
[7.882s] Listing '/home/absolutezeno/Auto-BT-Generation/install/isaac_ros2_messages/local/lib/python3.10/dist-packages/isaac_ros2_messages/srv'...
[7.882s] Compiling '/home/absolutezeno/Auto-BT-Generation/install/isaac_ros2_messages/local/lib/python3.10/dist-packages/isaac_ros2_messages/srv/__init__.py'...
[7.882s] Compiling '/home/absolutezeno/Auto-BT-Generation/install/isaac_ros2_messages/local/lib/python3.10/dist-packages/isaac_ros2_messages/srv/_get_prim_attribute.py'...
[7.882s] Compiling '/home/absolutezeno/Auto-BT-Generation/install/isaac_ros2_messages/local/lib/python3.10/dist-packages/isaac_ros2_messages/srv/_get_prim_attributes.py'...
[7.882s] Compiling '/home/absolutezeno/Auto-BT-Generation/install/isaac_ros2_messages/local/lib/python3.10/dist-packages/isaac_ros2_messages/srv/_get_prims.py'...
[7.882s] Compiling '/home/absolutezeno/Auto-BT-Generation/install/isaac_ros2_messages/local/lib/python3.10/dist-packages/isaac_ros2_messages/srv/_isaac_pose.py'...
[7.882s] Compiling '/home/absolutezeno/Auto-BT-Generation/install/isaac_ros2_messages/local/lib/python3.10/dist-packages/isaac_ros2_messages/srv/_set_prim_attribute.py'...
[7.885s] -- Installing: /home/absolutezeno/Auto-BT-Generation/install/isaac_ros2_messages/local/lib/python3.10/dist-packages/isaac_ros2_messages/isaac_ros2_messages_s__rosidl_typesupport_fastrtps_c.cpython-310-x86_64-linux-gnu.so
[7.885s] -- Set runtime path of "/home/absolutezeno/Auto-BT-Generation/install/isaac_ros2_messages/local/lib/python3.10/dist-packages/isaac_ros2_messages/isaac_ros2_messages_s__rosidl_typesupport_fastrtps_c.cpython-310-x86_64-linux-gnu.so" to ""
[7.885s] -- Installing: /home/absolutezeno/Auto-BT-Generation/install/isaac_ros2_messages/local/lib/python3.10/dist-packages/isaac_ros2_messages/isaac_ros2_messages_s__rosidl_typesupport_introspection_c.cpython-310-x86_64-linux-gnu.so
[7.885s] -- Set runtime path of "/home/absolutezeno/Auto-BT-Generation/install/isaac_ros2_messages/local/lib/python3.10/dist-packages/isaac_ros2_messages/isaac_ros2_messages_s__rosidl_typesupport_introspection_c.cpython-310-x86_64-linux-gnu.so" to ""
[7.886s] -- Installing: /home/absolutezeno/Auto-BT-Generation/install/isaac_ros2_messages/local/lib/python3.10/dist-packages/isaac_ros2_messages/isaac_ros2_messages_s__rosidl_typesupport_c.cpython-310-x86_64-linux-gnu.so
[7.886s] -- Set runtime path of "/home/absolutezeno/Auto-BT-Generation/install/isaac_ros2_messages/local/lib/python3.10/dist-packages/isaac_ros2_messages/isaac_ros2_messages_s__rosidl_typesupport_c.cpython-310-x86_64-linux-gnu.so" to ""
[7.886s] -- Installing: /home/absolutezeno/Auto-BT-Generation/install/isaac_ros2_messages/lib/libisaac_ros2_messages__rosidl_generator_py.so
[7.886s] -- Set runtime path of "/home/absolutezeno/Auto-BT-Generation/install/isaac_ros2_messages/lib/libisaac_ros2_messages__rosidl_generator_py.so" to ""
[7.886s] -- Installing: /home/absolutezeno/Auto-BT-Generation/install/isaac_ros2_messages/share/isaac_ros2_messages/srv/IsaacPose.idl
[7.886s] -- Installing: /home/absolutezeno/Auto-BT-Generation/install/isaac_ros2_messages/share/isaac_ros2_messages/srv/GetPrims.idl
[7.886s] -- Installing: /home/absolutezeno/Auto-BT-Generation/install/isaac_ros2_messages/share/isaac_ros2_messages/srv/GetPrimAttributes.idl
[7.886s] -- Installing: /home/absolutezeno/Auto-BT-Generation/install/isaac_ros2_messages/share/isaac_ros2_messages/srv/GetPrimAttribute.idl
[7.886s] -- Installing: /home/absolutezeno/Auto-BT-Generation/install/isaac_ros2_messages/share/isaac_ros2_messages/srv/SetPrimAttribute.idl
[7.886s] -- Installing: /home/absolutezeno/Auto-BT-Generation/install/isaac_ros2_messages/share/isaac_ros2_messages/srv/IsaacPose.srv
[7.886s] -- Installing: /home/absolutezeno/Auto-BT-Generation/install/isaac_ros2_messages/share/isaac_ros2_messages/srv/IsaacPose_Request.msg
[7.886s] -- Installing: /home/absolutezeno/Auto-BT-Generation/install/isaac_ros2_messages/share/isaac_ros2_messages/srv/IsaacPose_Response.msg
[7.886s] -- Installing: /home/absolutezeno/Auto-BT-Generation/install/isaac_ros2_messages/share/isaac_ros2_messages/srv/GetPrims.srv
[7.886s] -- Installing: /home/absolutezeno/Auto-BT-Generation/install/isaac_ros2_messages/share/isaac_ros2_messages/srv/GetPrims_Request.msg
[7.886s] -- Installing: /home/absolutezeno/Auto-BT-Generation/install/isaac_ros2_messages/share/isaac_ros2_messages/srv/GetPrims_Response.msg
[7.886s] -- Installing: /home/absolutezeno/Auto-BT-Generation/install/isaac_ros2_messages/share/isaac_ros2_messages/srv/GetPrimAttributes.srv
[7.886s] -- Installing: /home/absolutezeno/Auto-BT-Generation/install/isaac_ros2_messages/share/isaac_ros2_messages/srv/GetPrimAttributes_Request.msg
[7.886s] -- Installing: /home/absolutezeno/Auto-BT-Generation/install/isaac_ros2_messages/share/isaac_ros2_messages/srv/GetPrimAttributes_Response.msg
[7.886s] -- Installing: /home/absolutezeno/Auto-BT-Generation/install/isaac_ros2_messages/share/isaac_ros2_messages/srv/GetPrimAttribute.srv
[7.886s] -- Installing: /home/absolutezeno/Auto-BT-Generation/install/isaac_ros2_messages/share/isaac_ros2_messages/srv/GetPrimAttribute_Request.msg
[7.886s] -- Installing: /home/absolutezeno/Auto-BT-Generation/install/isaac_ros2_messages/share/isaac_ros2_messages/srv/GetPrimAttribute_Response.msg
[7.887s] -- Installing: /home/absolutezeno/Auto-BT-Generation/install/isaac_ros2_messages/share/isaac_ros2_messages/srv/SetPrimAttribute.srv
[7.887s] -- Installing: /home/absolutezeno/Auto-BT-Generation/install/isaac_ros2_messages/share/isaac_ros2_messages/srv/SetPrimAttribute_Request.msg
[7.887s] -- Installing: /home/absolutezeno/Auto-BT-Generation/install/isaac_ros2_messages/share/isaac_ros2_messages/srv/SetPrimAttribute_Response.msg
[7.887s] -- Installing: /home/absolutezeno/Auto-BT-Generation/install/isaac_ros2_messages/share/ament_index/resource_index/package_run_dependencies/isaac_ros2_messages
[7.887s] -- Installing: /home/absolutezeno/Auto-BT-Generation/install/isaac_ros2_messages/share/ament_index/resource_index/parent_prefix_path/isaac_ros2_messages
[7.887s] -- Installing: /home/absolutezeno/Auto-BT-Generation/install/isaac_ros2_messages/share/isaac_ros2_messages/environment/ament_prefix_path.sh
[7.887s] -- Installing: /home/absolutezeno/Auto-BT-Generation/install/isaac_ros2_messages/share/isaac_ros2_messages/environment/ament_prefix_path.dsv
[7.887s] -- Installing: /home/absolutezeno/Auto-BT-Generation/install/isaac_ros2_messages/share/isaac_ros2_messages/environment/path.sh
[7.887s] -- Installing: /home/absolutezeno/Auto-BT-Generation/install/isaac_ros2_messages/share/isaac_ros2_messages/environment/path.dsv
[7.887s] -- Installing: /home/absolutezeno/Auto-BT-Generation/install/isaac_ros2_messages/share/isaac_ros2_messages/local_setup.bash
[7.887s] -- Installing: /home/absolutezeno/Auto-BT-Generation/install/isaac_ros2_messages/share/isaac_ros2_messages/local_setup.sh
[7.887s] -- Installing: /home/absolutezeno/Auto-BT-Generation/install/isaac_ros2_messages/share/isaac_ros2_messages/local_setup.zsh
[7.887s] -- Installing: /home/absolutezeno/Auto-BT-Generation/install/isaac_ros2_messages/share/isaac_ros2_messages/local_setup.dsv
[7.887s] -- Installing: /home/absolutezeno/Auto-BT-Generation/install/isaac_ros2_messages/share/isaac_ros2_messages/package.dsv
[7.887s] -- Installing: /home/absolutezeno/Auto-BT-Generation/install/isaac_ros2_messages/share/ament_index/resource_index/packages/isaac_ros2_messages
[7.887s] -- Installing: /home/absolutezeno/Auto-BT-Generation/install/isaac_ros2_messages/share/isaac_ros2_messages/cmake/export_isaac_ros2_messages__rosidl_generator_cExport.cmake
[7.887s] -- Installing: /home/absolutezeno/Auto-BT-Generation/install/isaac_ros2_messages/share/isaac_ros2_messages/cmake/export_isaac_ros2_messages__rosidl_generator_cExport-noconfig.cmake
[7.887s] -- Installing: /home/absolutezeno/Auto-BT-Generation/install/isaac_ros2_messages/share/isaac_ros2_messages/cmake/export_isaac_ros2_messages__rosidl_typesupport_fastrtps_cExport.cmake
[7.887s] -- Installing: /home/absolutezeno/Auto-BT-Generation/install/isaac_ros2_messages/share/isaac_ros2_messages/cmake/export_isaac_ros2_messages__rosidl_typesupport_fastrtps_cExport-noconfig.cmake
[7.887s] -- Installing: /home/absolutezeno/Auto-BT-Generation/install/isaac_ros2_messages/share/isaac_ros2_messages/cmake/export_isaac_ros2_messages__rosidl_generator_cppExport.cmake
[7.887s] -- Installing: /home/absolutezeno/Auto-BT-Generation/install/isaac_ros2_messages/share/isaac_ros2_messages/cmake/export_isaac_ros2_messages__rosidl_typesupport_fastrtps_cppExport.cmake
[7.888s] -- Installing: /home/absolutezeno/Auto-BT-Generation/install/isaac_ros2_messages/share/isaac_ros2_messages/cmake/export_isaac_ros2_messages__rosidl_typesupport_fastrtps_cppExport-noconfig.cmake
[7.888s] -- Installing: /home/absolutezeno/Auto-BT-Generation/install/isaac_ros2_messages/share/isaac_ros2_messages/cmake/isaac_ros2_messages__rosidl_typesupport_introspection_cExport.cmake
[7.888s] -- Installing: /home/absolutezeno/Auto-BT-Generation/install/isaac_ros2_messages/share/isaac_ros2_messages/cmake/isaac_ros2_messages__rosidl_typesupport_introspection_cExport-noconfig.cmake
[7.888s] -- Installing: /home/absolutezeno/Auto-BT-Generation/install/isaac_ros2_messages/share/isaac_ros2_messages/cmake/isaac_ros2_messages__rosidl_typesupport_cExport.cmake
[7.888s] -- Installing: /home/absolutezeno/Auto-BT-Generation/install/isaac_ros2_messages/share/isaac_ros2_messages/cmake/isaac_ros2_messages__rosidl_typesupport_cExport-noconfig.cmake
[7.888s] -- Installing: /home/absolutezeno/Auto-BT-Generation/install/isaac_ros2_messages/share/isaac_ros2_messages/cmake/isaac_ros2_messages__rosidl_typesupport_introspection_cppExport.cmake
[7.888s] -- Installing: /home/absolutezeno/Auto-BT-Generation/install/isaac_ros2_messages/share/isaac_ros2_messages/cmake/isaac_ros2_messages__rosidl_typesupport_introspection_cppExport-noconfig.cmake
[7.888s] -- Installing: /home/absolutezeno/Auto-BT-Generation/install/isaac_ros2_messages/share/isaac_ros2_messages/cmake/isaac_ros2_messages__rosidl_typesupport_cppExport.cmake
[7.888s] -- Installing: /home/absolutezeno/Auto-BT-Generation/install/isaac_ros2_messages/share/isaac_ros2_messages/cmake/isaac_ros2_messages__rosidl_typesupport_cppExport-noconfig.cmake
[7.888s] -- Installing: /home/absolutezeno/Auto-BT-Generation/install/isaac_ros2_messages/share/isaac_ros2_messages/cmake/export_isaac_ros2_messages__rosidl_generator_pyExport.cmake
[7.888s] -- Installing: /home/absolutezeno/Auto-BT-Generation/install/isaac_ros2_messages/share/isaac_ros2_messages/cmake/export_isaac_ros2_messages__rosidl_generator_pyExport-noconfig.cmake
[7.888s] -- Installing: /home/absolutezeno/Auto-BT-Generation/install/isaac_ros2_messages/share/isaac_ros2_messages/cmake/rosidl_cmake-extras.cmake
[7.888s] -- Installing: /home/absolutezeno/Auto-BT-Generation/install/isaac_ros2_messages/share/isaac_ros2_messages/cmake/ament_cmake_export_dependencies-extras.cmake
[7.888s] -- Installing: /home/absolutezeno/Auto-BT-Generation/install/isaac_ros2_messages/share/isaac_ros2_messages/cmake/ament_cmake_export_include_directories-extras.cmake
[7.889s] -- Installing: /home/absolutezeno/Auto-BT-Generation/install/isaac_ros2_messages/share/isaac_ros2_messages/cmake/ament_cmake_export_libraries-extras.cmake
[7.889s] -- Installing: /home/absolutezeno/Auto-BT-Generation/install/isaac_ros2_messages/share/isaac_ros2_messages/cmake/ament_cmake_export_targets-extras.cmake
[7.889s] -- Installing: /home/absolutezeno/Auto-BT-Generation/install/isaac_ros2_messages/share/isaac_ros2_messages/cmake/rosidl_cmake_export_typesupport_targets-extras.cmake
[7.889s] -- Installing: /home/absolutezeno/Auto-BT-Generation/install/isaac_ros2_messages/share/isaac_ros2_messages/cmake/rosidl_cmake_export_typesupport_libraries-extras.cmake
[7.889s] -- Installing: /home/absolutezeno/Auto-BT-Generation/install/isaac_ros2_messages/share/isaac_ros2_messages/cmake/isaac_ros2_messagesConfig.cmake
[7.889s] -- Installing: /home/absolutezeno/Auto-BT-Generation/install/isaac_ros2_messages/share/isaac_ros2_messages/cmake/isaac_ros2_messagesConfig-version.cmake
[7.889s] -- Installing: /home/absolutezeno/Auto-BT-Generation/install/isaac_ros2_messages/share/isaac_ros2_messages/package.xml
[7.890s] Invoked command in '/home/absolutezeno/Auto-BT-Generation/build/isaac_ros2_messages' returned '0': CMAKE_PREFIX_PATH=${CMAKE_PREFIX_PATH}:/home/absolutezeno/Auto-BT-Generation/install/turtlebot3_teleop:/home/absolutezeno/Auto-BT-Generation/install/turtlebot3_example:/home/absolutezeno/Auto-BT-Generation/install/py_trees_ros_viewer:/home/absolutezeno/Auto-BT-Generation/install/py_trees_ros_tutorials:/home/absolutezeno/Auto-BT-Generation/install/py_trees_ros:/home/absolutezeno/FRA501/install/rqt_joint_trajectory_controller:/home/absolutezeno/FRA501/install/rqt_controller_manager:/home/absolutezeno/FRA501/install/ros2controlcli:/home/absolutezeno/FRA501/install/ros2_controllers_test_nodes:/opt/ros/humble /usr/bin/cmake --install /home/absolutezeno/Auto-BT-Generation/build/isaac_ros2_messages
