[2.777s] Invoking command in '/home/absolutezeno/Auto-BT-Generation/src/turtlebot3/turtlebot3_example': PYTHONPATH=/home/absolutezeno/Auto-BT-Generation/build/turtlebot3_example/prefix_override:/home/absolutezeno/Auto-BT-Generation/install/turtlebot3_example/lib/python3.10/site-packages:${PYTHONPATH} VIRTUAL_ENV_PROMPT=(isaaclab) /usr/bin/python3 setup.py egg_info --egg-base ../../../build/turtlebot3_example build --build-base /home/absolutezeno/Auto-BT-Generation/build/turtlebot3_example/build install --record /home/absolutezeno/Auto-BT-Generation/build/turtlebot3_example/install.log --single-version-externally-managed
[3.005s] running egg_info
[3.005s] writing ../../../build/turtlebot3_example/turtlebot3_example.egg-info/PKG-INFO
[3.006s] writing dependency_links to ../../../build/turtlebot3_example/turtlebot3_example.egg-info/dependency_links.txt
[3.006s] writing entry points to ../../../build/turtlebot3_example/turtlebot3_example.egg-info/entry_points.txt
[3.006s] writing requirements to ../../../build/turtlebot3_example/turtlebot3_example.egg-info/requires.txt
[3.006s] writing top-level names to ../../../build/turtlebot3_example/turtlebot3_example.egg-info/top_level.txt
[3.008s] reading manifest file '../../../build/turtlebot3_example/turtlebot3_example.egg-info/SOURCES.txt'
[3.009s] writing manifest file '../../../build/turtlebot3_example/turtlebot3_example.egg-info/SOURCES.txt'
[3.009s] running build
[3.009s] running build_py
[3.010s] running install
[3.010s] /usr/lib/python3/dist-packages/setuptools/command/install.py:34: SetuptoolsDeprecationWarning: setup.py install is deprecated. Use build and pip and other standards-based tools.
[3.011s]   warnings.warn(
[3.011s] running install_lib
[3.012s] running install_data
[3.014s] running install_egg_info
[3.015s] removing '/home/absolutezeno/Auto-BT-Generation/install/turtlebot3_example/lib/python3.10/site-packages/turtlebot3_example-2.1.5-py3.10.egg-info' (and everything under it)
[3.015s] Copying ../../../build/turtlebot3_example/turtlebot3_example.egg-info to /home/absolutezeno/Auto-BT-Generation/install/turtlebot3_example/lib/python3.10/site-packages/turtlebot3_example-2.1.5-py3.10.egg-info
[3.016s] running install_scripts
[3.035s] Installing turtlebot3_obstacle_detection script to /home/absolutezeno/Auto-BT-Generation/install/turtlebot3_example/lib/turtlebot3_example
[3.035s] Installing turtlebot3_patrol_client script to /home/absolutezeno/Auto-BT-Generation/install/turtlebot3_example/lib/turtlebot3_example
[3.035s] Installing turtlebot3_patrol_server script to /home/absolutezeno/Auto-BT-Generation/install/turtlebot3_example/lib/turtlebot3_example
[3.035s] Installing turtlebot3_position_control script to /home/absolutezeno/Auto-BT-Generation/install/turtlebot3_example/lib/turtlebot3_example
[3.035s] writing list of installed files to '/home/absolutezeno/Auto-BT-Generation/build/turtlebot3_example/install.log'
[3.208s] Invoked command in '/home/absolutezeno/Auto-BT-Generation/src/turtlebot3/turtlebot3_example' returned '0': PYTHONPATH=/home/absolutezeno/Auto-BT-Generation/build/turtlebot3_example/prefix_override:/home/absolutezeno/Auto-BT-Generation/install/turtlebot3_example/lib/python3.10/site-packages:${PYTHONPATH} VIRTUAL_ENV_PROMPT=(isaaclab) /usr/bin/python3 setup.py egg_info --egg-base ../../../build/turtlebot3_example build --build-base /home/absolutezeno/Auto-BT-Generation/build/turtlebot3_example/build install --record /home/absolutezeno/Auto-BT-Generation/build/turtlebot3_example/install.log --single-version-externally-managed
