[2.249s] Invoking command in '/home/absolutezeno/Auto-BT-Generation/src/turtlebot3/turtlebot3_example': PS1=(isaaclab) \[\e]0;\u@\h: \w\a\]${debian_chroot:+($debian_chroot)}\[\033[01;32m\]\u@\h\[\033[00m\]:\[\033[01;34m\]\w\[\033[00m\]\$ PYTHONPATH=/home/absolutezeno/Auto-BT-Generation/build/turtlebot3_example/prefix_override:/home/absolutezeno/Auto-BT-Generation/install/turtlebot3_example/lib/python3.10/site-packages:${PYTHONPATH} VIRTUAL_ENV_PROMPT=(isaaclab) /usr/bin/python3 setup.py egg_info --egg-base ../../../build/turtlebot3_example build --build-base /home/absolutezeno/Auto-BT-Generation/build/turtlebot3_example/build install --record /home/absolutezeno/Auto-BT-Generation/build/turtlebot3_example/install.log --single-version-externally-managed
[2.402s] running egg_info
[2.402s] creating ../../../build/turtlebot3_example/turtlebot3_example.egg-info
[2.402s] writing ../../../build/turtlebot3_example/turtlebot3_example.egg-info/PKG-INFO
[2.402s] writing dependency_links to ../../../build/turtlebot3_example/turtlebot3_example.egg-info/dependency_links.txt
[2.403s] writing entry points to ../../../build/turtlebot3_example/turtlebot3_example.egg-info/entry_points.txt
[2.403s] writing requirements to ../../../build/turtlebot3_example/turtlebot3_example.egg-info/requires.txt
[2.403s] writing top-level names to ../../../build/turtlebot3_example/turtlebot3_example.egg-info/top_level.txt
[2.403s] writing manifest file '../../../build/turtlebot3_example/turtlebot3_example.egg-info/SOURCES.txt'
[2.404s] reading manifest file '../../../build/turtlebot3_example/turtlebot3_example.egg-info/SOURCES.txt'
[2.404s] writing manifest file '../../../build/turtlebot3_example/turtlebot3_example.egg-info/SOURCES.txt'
[2.404s] running build
[2.404s] running build_py
[2.405s] creating /home/absolutezeno/Auto-BT-Generation/build/turtlebot3_example/build
[2.405s] creating /home/absolutezeno/Auto-BT-Generation/build/turtlebot3_example/build/lib
[2.405s] creating /home/absolutezeno/Auto-BT-Generation/build/turtlebot3_example/build/lib/turtlebot3_example
[2.405s] copying turtlebot3_example/__init__.py -> /home/absolutezeno/Auto-BT-Generation/build/turtlebot3_example/build/lib/turtlebot3_example
[2.405s] creating /home/absolutezeno/Auto-BT-Generation/build/turtlebot3_example/build/lib/turtlebot3_example/turtlebot3_position_control
[2.405s] copying turtlebot3_example/turtlebot3_position_control/main.py -> /home/absolutezeno/Auto-BT-Generation/build/turtlebot3_example/build/lib/turtlebot3_example/turtlebot3_position_control
[2.405s] copying turtlebot3_example/turtlebot3_position_control/__init__.py -> /home/absolutezeno/Auto-BT-Generation/build/turtlebot3_example/build/lib/turtlebot3_example/turtlebot3_position_control
[2.405s] copying turtlebot3_example/turtlebot3_position_control/turtlebot3_path.py -> /home/absolutezeno/Auto-BT-Generation/build/turtlebot3_example/build/lib/turtlebot3_example/turtlebot3_position_control
[2.405s] copying turtlebot3_example/turtlebot3_position_control/turtlebot3_position_control.py -> /home/absolutezeno/Auto-BT-Generation/build/turtlebot3_example/build/lib/turtlebot3_example/turtlebot3_position_control
[2.405s] creating /home/absolutezeno/Auto-BT-Generation/build/turtlebot3_example/build/lib/turtlebot3_example/turtlebot3_obstacle_detection
[2.405s] copying turtlebot3_example/turtlebot3_obstacle_detection/main.py -> /home/absolutezeno/Auto-BT-Generation/build/turtlebot3_example/build/lib/turtlebot3_example/turtlebot3_obstacle_detection
[2.405s] copying turtlebot3_example/turtlebot3_obstacle_detection/__init__.py -> /home/absolutezeno/Auto-BT-Generation/build/turtlebot3_example/build/lib/turtlebot3_example/turtlebot3_obstacle_detection
[2.406s] copying turtlebot3_example/turtlebot3_obstacle_detection/turtlebot3_obstacle_detection.py -> /home/absolutezeno/Auto-BT-Generation/build/turtlebot3_example/build/lib/turtlebot3_example/turtlebot3_obstacle_detection
[2.406s] creating /home/absolutezeno/Auto-BT-Generation/build/turtlebot3_example/build/lib/turtlebot3_example/turtlebot3_patrol_client
[2.406s] copying turtlebot3_example/turtlebot3_patrol_client/turtlebot3_patrol_client.py -> /home/absolutezeno/Auto-BT-Generation/build/turtlebot3_example/build/lib/turtlebot3_example/turtlebot3_patrol_client
[2.406s] copying turtlebot3_example/turtlebot3_patrol_client/main.py -> /home/absolutezeno/Auto-BT-Generation/build/turtlebot3_example/build/lib/turtlebot3_example/turtlebot3_patrol_client
[2.406s] copying turtlebot3_example/turtlebot3_patrol_client/__init__.py -> /home/absolutezeno/Auto-BT-Generation/build/turtlebot3_example/build/lib/turtlebot3_example/turtlebot3_patrol_client
[2.406s] creating /home/absolutezeno/Auto-BT-Generation/build/turtlebot3_example/build/lib/turtlebot3_example/turtlebot3_patrol_server
[2.406s] copying turtlebot3_example/turtlebot3_patrol_server/turtlebot3_patrol_server.py -> /home/absolutezeno/Auto-BT-Generation/build/turtlebot3_example/build/lib/turtlebot3_example/turtlebot3_patrol_server
[2.406s] copying turtlebot3_example/turtlebot3_patrol_server/main.py -> /home/absolutezeno/Auto-BT-Generation/build/turtlebot3_example/build/lib/turtlebot3_example/turtlebot3_patrol_server
[2.406s] copying turtlebot3_example/turtlebot3_patrol_server/__init__.py -> /home/absolutezeno/Auto-BT-Generation/build/turtlebot3_example/build/lib/turtlebot3_example/turtlebot3_patrol_server
[2.406s] copying turtlebot3_example/turtlebot3_patrol_server/turtlebot3_path.py -> /home/absolutezeno/Auto-BT-Generation/build/turtlebot3_example/build/lib/turtlebot3_example/turtlebot3_patrol_server
[2.406s] running install
[2.407s] /usr/lib/python3/dist-packages/setuptools/command/install.py:34: SetuptoolsDeprecationWarning: setup.py install is deprecated. Use build and pip and other standards-based tools.
[2.407s]   warnings.warn(
[2.407s] running install_lib
[2.407s] creating /home/absolutezeno/Auto-BT-Generation/install/turtlebot3_example/lib/python3.10/site-packages/turtlebot3_example
[2.407s] creating /home/absolutezeno/Auto-BT-Generation/install/turtlebot3_example/lib/python3.10/site-packages/turtlebot3_example/turtlebot3_position_control
[2.407s] copying /home/absolutezeno/Auto-BT-Generation/build/turtlebot3_example/build/lib/turtlebot3_example/turtlebot3_position_control/main.py -> /home/absolutezeno/Auto-BT-Generation/install/turtlebot3_example/lib/python3.10/site-packages/turtlebot3_example/turtlebot3_position_control
[2.407s] copying /home/absolutezeno/Auto-BT-Generation/build/turtlebot3_example/build/lib/turtlebot3_example/turtlebot3_position_control/__init__.py -> /home/absolutezeno/Auto-BT-Generation/install/turtlebot3_example/lib/python3.10/site-packages/turtlebot3_example/turtlebot3_position_control
[2.407s] copying /home/absolutezeno/Auto-BT-Generation/build/turtlebot3_example/build/lib/turtlebot3_example/turtlebot3_position_control/turtlebot3_path.py -> /home/absolutezeno/Auto-BT-Generation/install/turtlebot3_example/lib/python3.10/site-packages/turtlebot3_example/turtlebot3_position_control
[2.407s] copying /home/absolutezeno/Auto-BT-Generation/build/turtlebot3_example/build/lib/turtlebot3_example/turtlebot3_position_control/turtlebot3_position_control.py -> /home/absolutezeno/Auto-BT-Generation/install/turtlebot3_example/lib/python3.10/site-packages/turtlebot3_example/turtlebot3_position_control
[2.407s] creating /home/absolutezeno/Auto-BT-Generation/install/turtlebot3_example/lib/python3.10/site-packages/turtlebot3_example/turtlebot3_obstacle_detection
[2.407s] copying /home/absolutezeno/Auto-BT-Generation/build/turtlebot3_example/build/lib/turtlebot3_example/turtlebot3_obstacle_detection/main.py -> /home/absolutezeno/Auto-BT-Generation/install/turtlebot3_example/lib/python3.10/site-packages/turtlebot3_example/turtlebot3_obstacle_detection
[2.408s] copying /home/absolutezeno/Auto-BT-Generation/build/turtlebot3_example/build/lib/turtlebot3_example/turtlebot3_obstacle_detection/__init__.py -> /home/absolutezeno/Auto-BT-Generation/install/turtlebot3_example/lib/python3.10/site-packages/turtlebot3_example/turtlebot3_obstacle_detection
[2.408s] copying /home/absolutezeno/Auto-BT-Generation/build/turtlebot3_example/build/lib/turtlebot3_example/turtlebot3_obstacle_detection/turtlebot3_obstacle_detection.py -> /home/absolutezeno/Auto-BT-Generation/install/turtlebot3_example/lib/python3.10/site-packages/turtlebot3_example/turtlebot3_obstacle_detection
[2.408s] creating /home/absolutezeno/Auto-BT-Generation/install/turtlebot3_example/lib/python3.10/site-packages/turtlebot3_example/turtlebot3_patrol_client
[2.408s] copying /home/absolutezeno/Auto-BT-Generation/build/turtlebot3_example/build/lib/turtlebot3_example/turtlebot3_patrol_client/turtlebot3_patrol_client.py -> /home/absolutezeno/Auto-BT-Generation/install/turtlebot3_example/lib/python3.10/site-packages/turtlebot3_example/turtlebot3_patrol_client
[2.408s] copying /home/absolutezeno/Auto-BT-Generation/build/turtlebot3_example/build/lib/turtlebot3_example/turtlebot3_patrol_client/main.py -> /home/absolutezeno/Auto-BT-Generation/install/turtlebot3_example/lib/python3.10/site-packages/turtlebot3_example/turtlebot3_patrol_client
[2.408s] copying /home/absolutezeno/Auto-BT-Generation/build/turtlebot3_example/build/lib/turtlebot3_example/turtlebot3_patrol_client/__init__.py -> /home/absolutezeno/Auto-BT-Generation/install/turtlebot3_example/lib/python3.10/site-packages/turtlebot3_example/turtlebot3_patrol_client
[2.408s] creating /home/absolutezeno/Auto-BT-Generation/install/turtlebot3_example/lib/python3.10/site-packages/turtlebot3_example/turtlebot3_patrol_server
[2.408s] copying /home/absolutezeno/Auto-BT-Generation/build/turtlebot3_example/build/lib/turtlebot3_example/turtlebot3_patrol_server/turtlebot3_patrol_server.py -> /home/absolutezeno/Auto-BT-Generation/install/turtlebot3_example/lib/python3.10/site-packages/turtlebot3_example/turtlebot3_patrol_server
[2.408s] copying /home/absolutezeno/Auto-BT-Generation/build/turtlebot3_example/build/lib/turtlebot3_example/turtlebot3_patrol_server/main.py -> /home/absolutezeno/Auto-BT-Generation/install/turtlebot3_example/lib/python3.10/site-packages/turtlebot3_example/turtlebot3_patrol_server
[2.409s] copying /home/absolutezeno/Auto-BT-Generation/build/turtlebot3_example/build/lib/turtlebot3_example/turtlebot3_patrol_server/__init__.py -> /home/absolutezeno/Auto-BT-Generation/install/turtlebot3_example/lib/python3.10/site-packages/turtlebot3_example/turtlebot3_patrol_server
[2.409s] copying /home/absolutezeno/Auto-BT-Generation/build/turtlebot3_example/build/lib/turtlebot3_example/turtlebot3_patrol_server/turtlebot3_path.py -> /home/absolutezeno/Auto-BT-Generation/install/turtlebot3_example/lib/python3.10/site-packages/turtlebot3_example/turtlebot3_patrol_server
[2.409s] copying /home/absolutezeno/Auto-BT-Generation/build/turtlebot3_example/build/lib/turtlebot3_example/__init__.py -> /home/absolutezeno/Auto-BT-Generation/install/turtlebot3_example/lib/python3.10/site-packages/turtlebot3_example
[2.409s] byte-compiling /home/absolutezeno/Auto-BT-Generation/install/turtlebot3_example/lib/python3.10/site-packages/turtlebot3_example/turtlebot3_position_control/main.py to main.cpython-310.pyc
[2.409s] byte-compiling /home/absolutezeno/Auto-BT-Generation/install/turtlebot3_example/lib/python3.10/site-packages/turtlebot3_example/turtlebot3_position_control/__init__.py to __init__.cpython-310.pyc
[2.409s] byte-compiling /home/absolutezeno/Auto-BT-Generation/install/turtlebot3_example/lib/python3.10/site-packages/turtlebot3_example/turtlebot3_position_control/turtlebot3_path.py to turtlebot3_path.cpython-310.pyc
[2.409s] byte-compiling /home/absolutezeno/Auto-BT-Generation/install/turtlebot3_example/lib/python3.10/site-packages/turtlebot3_example/turtlebot3_position_control/turtlebot3_position_control.py to turtlebot3_position_control.cpython-310.pyc
[2.409s] byte-compiling /home/absolutezeno/Auto-BT-Generation/install/turtlebot3_example/lib/python3.10/site-packages/turtlebot3_example/turtlebot3_obstacle_detection/main.py to main.cpython-310.pyc
[2.409s] byte-compiling /home/absolutezeno/Auto-BT-Generation/install/turtlebot3_example/lib/python3.10/site-packages/turtlebot3_example/turtlebot3_obstacle_detection/__init__.py to __init__.cpython-310.pyc
[2.409s] byte-compiling /home/absolutezeno/Auto-BT-Generation/install/turtlebot3_example/lib/python3.10/site-packages/turtlebot3_example/turtlebot3_obstacle_detection/turtlebot3_obstacle_detection.py to turtlebot3_obstacle_detection.cpython-310.pyc
[2.409s] byte-compiling /home/absolutezeno/Auto-BT-Generation/install/turtlebot3_example/lib/python3.10/site-packages/turtlebot3_example/turtlebot3_patrol_client/turtlebot3_patrol_client.py to turtlebot3_patrol_client.cpython-310.pyc
[2.409s] byte-compiling /home/absolutezeno/Auto-BT-Generation/install/turtlebot3_example/lib/python3.10/site-packages/turtlebot3_example/turtlebot3_patrol_client/main.py to main.cpython-310.pyc
[2.410s] byte-compiling /home/absolutezeno/Auto-BT-Generation/install/turtlebot3_example/lib/python3.10/site-packages/turtlebot3_example/turtlebot3_patrol_client/__init__.py to __init__.cpython-310.pyc
[2.410s] byte-compiling /home/absolutezeno/Auto-BT-Generation/install/turtlebot3_example/lib/python3.10/site-packages/turtlebot3_example/turtlebot3_patrol_server/turtlebot3_patrol_server.py to turtlebot3_patrol_server.cpython-310.pyc
[2.410s] byte-compiling /home/absolutezeno/Auto-BT-Generation/install/turtlebot3_example/lib/python3.10/site-packages/turtlebot3_example/turtlebot3_patrol_server/main.py to main.cpython-310.pyc
[2.410s] byte-compiling /home/absolutezeno/Auto-BT-Generation/install/turtlebot3_example/lib/python3.10/site-packages/turtlebot3_example/turtlebot3_patrol_server/__init__.py to __init__.cpython-310.pyc
[2.410s] byte-compiling /home/absolutezeno/Auto-BT-Generation/install/turtlebot3_example/lib/python3.10/site-packages/turtlebot3_example/turtlebot3_patrol_server/turtlebot3_path.py to turtlebot3_path.cpython-310.pyc
[2.410s] byte-compiling /home/absolutezeno/Auto-BT-Generation/install/turtlebot3_example/lib/python3.10/site-packages/turtlebot3_example/__init__.py to __init__.cpython-310.pyc
[2.410s] running install_data
[2.410s] creating /home/absolutezeno/Auto-BT-Generation/install/turtlebot3_example/share/ament_index
[2.410s] creating /home/absolutezeno/Auto-BT-Generation/install/turtlebot3_example/share/ament_index/resource_index
[2.411s] creating /home/absolutezeno/Auto-BT-Generation/install/turtlebot3_example/share/ament_index/resource_index/packages
[2.411s] copying resource/turtlebot3_example -> /home/absolutezeno/Auto-BT-Generation/install/turtlebot3_example/share/ament_index/resource_index/packages
[2.411s] copying package.xml -> /home/absolutezeno/Auto-BT-Generation/install/turtlebot3_example/share/turtlebot3_example
[2.411s] running install_egg_info
[2.412s] Copying ../../../build/turtlebot3_example/turtlebot3_example.egg-info to /home/absolutezeno/Auto-BT-Generation/install/turtlebot3_example/lib/python3.10/site-packages/turtlebot3_example-2.1.5-py3.10.egg-info
[2.412s] running install_scripts
[2.425s] Installing turtlebot3_obstacle_detection script to /home/absolutezeno/Auto-BT-Generation/install/turtlebot3_example/lib/turtlebot3_example
[2.426s] Installing turtlebot3_patrol_client script to /home/absolutezeno/Auto-BT-Generation/install/turtlebot3_example/lib/turtlebot3_example
[2.426s] Installing turtlebot3_patrol_server script to /home/absolutezeno/Auto-BT-Generation/install/turtlebot3_example/lib/turtlebot3_example
[2.426s] Installing turtlebot3_position_control script to /home/absolutezeno/Auto-BT-Generation/install/turtlebot3_example/lib/turtlebot3_example
[2.426s] writing list of installed files to '/home/absolutezeno/Auto-BT-Generation/build/turtlebot3_example/install.log'
