[0.500s] Invoking command in '/home/absolutezeno/Auto-BT-Generation/build/isaacsim': CMAKE_PREFIX_PATH=${CMAKE_PREFIX_PATH}:/home/absolutezeno/Auto-BT-Generation/install/py_trees_ros_viewer:/home/absolutezeno/Auto-BT-Generation/install/py_trees_ros_tutorials:/home/absolutezeno/Auto-BT-Generation/install/py_trees_ros:/home/absolutezeno/FRA501/install/rqt_joint_trajectory_controller:/home/absolutezeno/FRA501/install/rqt_controller_manager:/home/absolutezeno/FRA501/install/ros2controlcli:/home/absolutezeno/FRA501/install/ros2_controllers_test_nodes:/opt/ros/humble PS1=(isaaclab) \[\e]0;\u@\h: \w\a\]${debian_chroot:+($debian_chroot)}\[\033[01;32m\]\u@\h\[\033[00m\]:\[\033[01;34m\]\w\[\033[00m\]\$ VIRTUAL_ENV_PROMPT=(isaaclab) /usr/bin/cmake /home/absolutezeno/Auto-BT-Generation/src/isaacsim -DCMAKE_INSTALL_PREFIX=/home/absolutezeno/Auto-BT-Generation/install/isaacsim
[0.510s] -- Found ament_cmake: 1.3.5 (/opt/ros/humble/share/ament_cmake/cmake)
[0.641s] -- Found rclpy: 3.3.14 (/opt/ros/humble/share/rclpy/cmake)
[0.707s] -- Configuring done
[0.708s] -- Generating done
[0.708s] -- Build files have been written to: /home/absolutezeno/Auto-BT-Generation/build/isaacsim
[0.781s] Invoked command in '/home/absolutezeno/Auto-BT-Generation/build/isaacsim' returned '0': CMAKE_PREFIX_PATH=${CMAKE_PREFIX_PATH}:/home/absolutezeno/Auto-BT-Generation/install/py_trees_ros_viewer:/home/absolutezeno/Auto-BT-Generation/install/py_trees_ros_tutorials:/home/absolutezeno/Auto-BT-Generation/install/py_trees_ros:/home/absolutezeno/FRA501/install/rqt_joint_trajectory_controller:/home/absolutezeno/FRA501/install/rqt_controller_manager:/home/absolutezeno/FRA501/install/ros2controlcli:/home/absolutezeno/FRA501/install/ros2_controllers_test_nodes:/opt/ros/humble PS1=(isaaclab) \[\e]0;\u@\h: \w\a\]${debian_chroot:+($debian_chroot)}\[\033[01;32m\]\u@\h\[\033[00m\]:\[\033[01;34m\]\w\[\033[00m\]\$ VIRTUAL_ENV_PROMPT=(isaaclab) /usr/bin/cmake /home/absolutezeno/Auto-BT-Generation/src/isaacsim -DCMAKE_INSTALL_PREFIX=/home/absolutezeno/Auto-BT-Generation/install/isaacsim
[0.782s] Invoking command in '/home/absolutezeno/Auto-BT-Generation/build/isaacsim': CMAKE_PREFIX_PATH=${CMAKE_PREFIX_PATH}:/home/absolutezeno/Auto-BT-Generation/install/py_trees_ros_viewer:/home/absolutezeno/Auto-BT-Generation/install/py_trees_ros_tutorials:/home/absolutezeno/Auto-BT-Generation/install/py_trees_ros:/home/absolutezeno/FRA501/install/rqt_joint_trajectory_controller:/home/absolutezeno/FRA501/install/rqt_controller_manager:/home/absolutezeno/FRA501/install/ros2controlcli:/home/absolutezeno/FRA501/install/ros2_controllers_test_nodes:/opt/ros/humble PS1=(isaaclab) \[\e]0;\u@\h: \w\a\]${debian_chroot:+($debian_chroot)}\[\033[01;32m\]\u@\h\[\033[00m\]:\[\033[01;34m\]\w\[\033[00m\]\$ VIRTUAL_ENV_PROMPT=(isaaclab) /usr/bin/cmake --build /home/absolutezeno/Auto-BT-Generation/build/isaacsim -- -j20 -l20
[0.811s] Invoked command in '/home/absolutezeno/Auto-BT-Generation/build/isaacsim' returned '0': CMAKE_PREFIX_PATH=${CMAKE_PREFIX_PATH}:/home/absolutezeno/Auto-BT-Generation/install/py_trees_ros_viewer:/home/absolutezeno/Auto-BT-Generation/install/py_trees_ros_tutorials:/home/absolutezeno/Auto-BT-Generation/install/py_trees_ros:/home/absolutezeno/FRA501/install/rqt_joint_trajectory_controller:/home/absolutezeno/FRA501/install/rqt_controller_manager:/home/absolutezeno/FRA501/install/ros2controlcli:/home/absolutezeno/FRA501/install/ros2_controllers_test_nodes:/opt/ros/humble PS1=(isaaclab) \[\e]0;\u@\h: \w\a\]${debian_chroot:+($debian_chroot)}\[\033[01;32m\]\u@\h\[\033[00m\]:\[\033[01;34m\]\w\[\033[00m\]\$ VIRTUAL_ENV_PROMPT=(isaaclab) /usr/bin/cmake --build /home/absolutezeno/Auto-BT-Generation/build/isaacsim -- -j20 -l20
[0.838s] Invoking command in '/home/absolutezeno/Auto-BT-Generation/build/isaacsim': CMAKE_PREFIX_PATH=${CMAKE_PREFIX_PATH}:/home/absolutezeno/Auto-BT-Generation/install/py_trees_ros_viewer:/home/absolutezeno/Auto-BT-Generation/install/py_trees_ros_tutorials:/home/absolutezeno/Auto-BT-Generation/install/py_trees_ros:/home/absolutezeno/FRA501/install/rqt_joint_trajectory_controller:/home/absolutezeno/FRA501/install/rqt_controller_manager:/home/absolutezeno/FRA501/install/ros2controlcli:/home/absolutezeno/FRA501/install/ros2_controllers_test_nodes:/opt/ros/humble PS1=(isaaclab) \[\e]0;\u@\h: \w\a\]${debian_chroot:+($debian_chroot)}\[\033[01;32m\]\u@\h\[\033[00m\]:\[\033[01;34m\]\w\[\033[00m\]\$ VIRTUAL_ENV_PROMPT=(isaaclab) /usr/bin/cmake --install /home/absolutezeno/Auto-BT-Generation/build/isaacsim
[0.842s] -- Install configuration: ""
[0.842s] -- Installing: /home/absolutezeno/Auto-BT-Generation/install/isaacsim/share/isaacsim/scripts
[0.842s] -- Installing: /home/absolutezeno/Auto-BT-Generation/install/isaacsim/share/isaacsim/scripts/open_isaacsim_stage.py
[0.842s] -- Installing: /home/absolutezeno/Auto-BT-Generation/install/isaacsim/share/isaacsim/scripts/run_isaacsim.py
[0.842s] -- Installing: /home/absolutezeno/Auto-BT-Generation/install/isaacsim/share/isaacsim/launch
[0.842s] -- Installing: /home/absolutezeno/Auto-BT-Generation/install/isaacsim/share/isaacsim/launch/run_isaacsim.launch.py
[0.842s] -- Installing: /home/absolutezeno/Auto-BT-Generation/install/isaacsim/lib/isaacsim/run_isaacsim.py
[0.842s] -- Installing: /home/absolutezeno/Auto-BT-Generation/install/isaacsim/lib/isaacsim/open_isaacsim_stage.py
[0.842s] -- Installing: /home/absolutezeno/Auto-BT-Generation/install/isaacsim/share/ament_index/resource_index/package_run_dependencies/isaacsim
[0.842s] -- Installing: /home/absolutezeno/Auto-BT-Generation/install/isaacsim/share/ament_index/resource_index/parent_prefix_path/isaacsim
[0.842s] -- Installing: /home/absolutezeno/Auto-BT-Generation/install/isaacsim/share/isaacsim/environment/ament_prefix_path.sh
[0.842s] -- Installing: /home/absolutezeno/Auto-BT-Generation/install/isaacsim/share/isaacsim/environment/ament_prefix_path.dsv
[0.842s] -- Installing: /home/absolutezeno/Auto-BT-Generation/install/isaacsim/share/isaacsim/environment/path.sh
[0.842s] -- Installing: /home/absolutezeno/Auto-BT-Generation/install/isaacsim/share/isaacsim/environment/path.dsv
[0.842s] -- Installing: /home/absolutezeno/Auto-BT-Generation/install/isaacsim/share/isaacsim/local_setup.bash
[0.843s] -- Installing: /home/absolutezeno/Auto-BT-Generation/install/isaacsim/share/isaacsim/local_setup.sh
[0.843s] -- Installing: /home/absolutezeno/Auto-BT-Generation/install/isaacsim/share/isaacsim/local_setup.zsh
[0.843s] -- Installing: /home/absolutezeno/Auto-BT-Generation/install/isaacsim/share/isaacsim/local_setup.dsv
[0.843s] -- Installing: /home/absolutezeno/Auto-BT-Generation/install/isaacsim/share/isaacsim/package.dsv
[0.843s] -- Installing: /home/absolutezeno/Auto-BT-Generation/install/isaacsim/share/ament_index/resource_index/packages/isaacsim
[0.843s] -- Installing: /home/absolutezeno/Auto-BT-Generation/install/isaacsim/share/isaacsim/cmake/isaacsimConfig.cmake
[0.843s] -- Installing: /home/absolutezeno/Auto-BT-Generation/install/isaacsim/share/isaacsim/cmake/isaacsimConfig-version.cmake
[0.843s] -- Installing: /home/absolutezeno/Auto-BT-Generation/install/isaacsim/share/isaacsim/package.xml
[0.844s] Invoked command in '/home/absolutezeno/Auto-BT-Generation/build/isaacsim' returned '0': CMAKE_PREFIX_PATH=${CMAKE_PREFIX_PATH}:/home/absolutezeno/Auto-BT-Generation/install/py_trees_ros_viewer:/home/absolutezeno/Auto-BT-Generation/install/py_trees_ros_tutorials:/home/absolutezeno/Auto-BT-Generation/install/py_trees_ros:/home/absolutezeno/FRA501/install/rqt_joint_trajectory_controller:/home/absolutezeno/FRA501/install/rqt_controller_manager:/home/absolutezeno/FRA501/install/ros2controlcli:/home/absolutezeno/FRA501/install/ros2_controllers_test_nodes:/opt/ros/humble PS1=(isaaclab) \[\e]0;\u@\h: \w\a\]${debian_chroot:+($debian_chroot)}\[\033[01;32m\]\u@\h\[\033[00m\]:\[\033[01;34m\]\w\[\033[00m\]\$ VIRTUAL_ENV_PROMPT=(isaaclab) /usr/bin/cmake --install /home/absolutezeno/Auto-BT-Generation/build/isaacsim
