[2.197s] Invoking command in '/home/absolutezeno/Auto-BT-Generation/src/turtlebot3/turtlebot3_example': PYTHONPATH=/home/absolutezeno/Auto-BT-Generation/build/turtlebot3_example/prefix_override:/home/absolutezeno/Auto-BT-Generation/install/turtlebot3_example/lib/python3.10/site-packages:${PYTHONPATH} /usr/bin/python3 setup.py egg_info --egg-base ../../../build/turtlebot3_example build --build-base /home/absolutezeno/Auto-BT-Generation/build/turtlebot3_example/build install --record /home/absolutezeno/Auto-BT-Generation/build/turtlebot3_example/install.log --single-version-externally-managed
[2.559s] running egg_info
[2.560s] creating ../../../build/turtlebot3_example/turtlebot3_example.egg-info
[2.560s] writing ../../../build/turtlebot3_example/turtlebot3_example.egg-info/PKG-INFO
[2.560s] writing dependency_links to ../../../build/turtlebot3_example/turtlebot3_example.egg-info/dependency_links.txt
[2.561s] writing entry points to ../../../build/turtlebot3_example/turtlebot3_example.egg-info/entry_points.txt
[2.561s] writing requirements to ../../../build/turtlebot3_example/turtlebot3_example.egg-info/requires.txt
[2.561s] writing top-level names to ../../../build/turtlebot3_example/turtlebot3_example.egg-info/top_level.txt
[2.561s] writing manifest file '../../../build/turtlebot3_example/turtlebot3_example.egg-info/SOURCES.txt'
[2.564s] reading manifest file '../../../build/turtlebot3_example/turtlebot3_example.egg-info/SOURCES.txt'
[2.566s] writing manifest file '../../../build/turtlebot3_example/turtlebot3_example.egg-info/SOURCES.txt'
[2.566s] running build
[2.566s] running build_py
[2.566s] creating /home/absolutezeno/Auto-BT-Generation/build/turtlebot3_example/build
[2.566s] creating /home/absolutezeno/Auto-BT-Generation/build/turtlebot3_example/build/lib
[2.566s] creating /home/absolutezeno/Auto-BT-Generation/build/turtlebot3_example/build/lib/turtlebot3_example
[2.566s] copying turtlebot3_example/__init__.py -> /home/absolutezeno/Auto-BT-Generation/build/turtlebot3_example/build/lib/turtlebot3_example
[2.566s] creating /home/absolutezeno/Auto-BT-Generation/build/turtlebot3_example/build/lib/turtlebot3_example/turtlebot3_position_control
[2.566s] copying turtlebot3_example/turtlebot3_position_control/main.py -> /home/absolutezeno/Auto-BT-Generation/build/turtlebot3_example/build/lib/turtlebot3_example/turtlebot3_position_control
[2.567s] copying turtlebot3_example/turtlebot3_position_control/__init__.py -> /home/absolutezeno/Auto-BT-Generation/build/turtlebot3_example/build/lib/turtlebot3_example/turtlebot3_position_control
[2.567s] copying turtlebot3_example/turtlebot3_position_control/turtlebot3_path.py -> /home/absolutezeno/Auto-BT-Generation/build/turtlebot3_example/build/lib/turtlebot3_example/turtlebot3_position_control
[2.567s] copying turtlebot3_example/turtlebot3_position_control/turtlebot3_position_control.py -> /home/absolutezeno/Auto-BT-Generation/build/turtlebot3_example/build/lib/turtlebot3_example/turtlebot3_position_control
[2.569s] creating /home/absolutezeno/Auto-BT-Generation/build/turtlebot3_example/build/lib/turtlebot3_example/turtlebot3_obstacle_detection
[2.569s] copying turtlebot3_example/turtlebot3_obstacle_detection/main.py -> /home/absolutezeno/Auto-BT-Generation/build/turtlebot3_example/build/lib/turtlebot3_example/turtlebot3_obstacle_detection
[2.569s] copying turtlebot3_example/turtlebot3_obstacle_detection/__init__.py -> /home/absolutezeno/Auto-BT-Generation/build/turtlebot3_example/build/lib/turtlebot3_example/turtlebot3_obstacle_detection
[2.569s] copying turtlebot3_example/turtlebot3_obstacle_detection/turtlebot3_obstacle_detection.py -> /home/absolutezeno/Auto-BT-Generation/build/turtlebot3_example/build/lib/turtlebot3_example/turtlebot3_obstacle_detection
[2.570s] creating /home/absolutezeno/Auto-BT-Generation/build/turtlebot3_example/build/lib/turtlebot3_example/turtlebot3_patrol_client
[2.570s] copying turtlebot3_example/turtlebot3_patrol_client/turtlebot3_patrol_client.py -> /home/absolutezeno/Auto-BT-Generation/build/turtlebot3_example/build/lib/turtlebot3_example/turtlebot3_patrol_client
[2.570s] copying turtlebot3_example/turtlebot3_patrol_client/main.py -> /home/absolutezeno/Auto-BT-Generation/build/turtlebot3_example/build/lib/turtlebot3_example/turtlebot3_patrol_client
[2.570s] copying turtlebot3_example/turtlebot3_patrol_client/__init__.py -> /home/absolutezeno/Auto-BT-Generation/build/turtlebot3_example/build/lib/turtlebot3_example/turtlebot3_patrol_client
[2.570s] creating /home/absolutezeno/Auto-BT-Generation/build/turtlebot3_example/build/lib/turtlebot3_example/turtlebot3_patrol_server
[2.570s] copying turtlebot3_example/turtlebot3_patrol_server/turtlebot3_patrol_server.py -> /home/absolutezeno/Auto-BT-Generation/build/turtlebot3_example/build/lib/turtlebot3_example/turtlebot3_patrol_server
[2.570s] copying turtlebot3_example/turtlebot3_patrol_server/main.py -> /home/absolutezeno/Auto-BT-Generation/build/turtlebot3_example/build/lib/turtlebot3_example/turtlebot3_patrol_server
[2.570s] copying turtlebot3_example/turtlebot3_patrol_server/__init__.py -> /home/absolutezeno/Auto-BT-Generation/build/turtlebot3_example/build/lib/turtlebot3_example/turtlebot3_patrol_server
[2.570s] copying turtlebot3_example/turtlebot3_patrol_server/turtlebot3_path.py -> /home/absolutezeno/Auto-BT-Generation/build/turtlebot3_example/build/lib/turtlebot3_example/turtlebot3_patrol_server
[2.571s] running install
[2.571s] /usr/lib/python3/dist-packages/setuptools/command/install.py:34: SetuptoolsDeprecationWarning: setup.py install is deprecated. Use build and pip and other standards-based tools.
[2.571s]   warnings.warn(
[2.571s] running install_lib
[2.572s] creating /home/absolutezeno/Auto-BT-Generation/install/turtlebot3_example/lib/python3.10/site-packages/turtlebot3_example
[2.572s] creating /home/absolutezeno/Auto-BT-Generation/install/turtlebot3_example/lib/python3.10/site-packages/turtlebot3_example/turtlebot3_position_control
[2.572s] copying /home/absolutezeno/Auto-BT-Generation/build/turtlebot3_example/build/lib/turtlebot3_example/turtlebot3_position_control/main.py -> /home/absolutezeno/Auto-BT-Generation/install/turtlebot3_example/lib/python3.10/site-packages/turtlebot3_example/turtlebot3_position_control
[2.573s] copying /home/absolutezeno/Auto-BT-Generation/build/turtlebot3_example/build/lib/turtlebot3_example/turtlebot3_position_control/__init__.py -> /home/absolutezeno/Auto-BT-Generation/install/turtlebot3_example/lib/python3.10/site-packages/turtlebot3_example/turtlebot3_position_control
[2.573s] copying /home/absolutezeno/Auto-BT-Generation/build/turtlebot3_example/build/lib/turtlebot3_example/turtlebot3_position_control/turtlebot3_path.py -> /home/absolutezeno/Auto-BT-Generation/install/turtlebot3_example/lib/python3.10/site-packages/turtlebot3_example/turtlebot3_position_control
[2.573s] copying /home/absolutezeno/Auto-BT-Generation/build/turtlebot3_example/build/lib/turtlebot3_example/turtlebot3_position_control/turtlebot3_position_control.py -> /home/absolutezeno/Auto-BT-Generation/install/turtlebot3_example/lib/python3.10/site-packages/turtlebot3_example/turtlebot3_position_control
[2.573s] creating /home/absolutezeno/Auto-BT-Generation/install/turtlebot3_example/lib/python3.10/site-packages/turtlebot3_example/turtlebot3_obstacle_detection
[2.573s] copying /home/absolutezeno/Auto-BT-Generation/build/turtlebot3_example/build/lib/turtlebot3_example/turtlebot3_obstacle_detection/main.py -> /home/absolutezeno/Auto-BT-Generation/install/turtlebot3_example/lib/python3.10/site-packages/turtlebot3_example/turtlebot3_obstacle_detection
[2.574s] copying /home/absolutezeno/Auto-BT-Generation/build/turtlebot3_example/build/lib/turtlebot3_example/turtlebot3_obstacle_detection/__init__.py -> /home/absolutezeno/Auto-BT-Generation/install/turtlebot3_example/lib/python3.10/site-packages/turtlebot3_example/turtlebot3_obstacle_detection
[2.574s] copying /home/absolutezeno/Auto-BT-Generation/build/turtlebot3_example/build/lib/turtlebot3_example/turtlebot3_obstacle_detection/turtlebot3_obstacle_detection.py -> /home/absolutezeno/Auto-BT-Generation/install/turtlebot3_example/lib/python3.10/site-packages/turtlebot3_example/turtlebot3_obstacle_detection
[2.575s] creating /home/absolutezeno/Auto-BT-Generation/install/turtlebot3_example/lib/python3.10/site-packages/turtlebot3_example/turtlebot3_patrol_client
[2.575s] copying /home/absolutezeno/Auto-BT-Generation/build/turtlebot3_example/build/lib/turtlebot3_example/turtlebot3_patrol_client/turtlebot3_patrol_client.py -> /home/absolutezeno/Auto-BT-Generation/install/turtlebot3_example/lib/python3.10/site-packages/turtlebot3_example/turtlebot3_patrol_client
[2.575s] copying /home/absolutezeno/Auto-BT-Generation/build/turtlebot3_example/build/lib/turtlebot3_example/turtlebot3_patrol_client/main.py -> /home/absolutezeno/Auto-BT-Generation/install/turtlebot3_example/lib/python3.10/site-packages/turtlebot3_example/turtlebot3_patrol_client
[2.575s] copying /home/absolutezeno/Auto-BT-Generation/build/turtlebot3_example/build/lib/turtlebot3_example/turtlebot3_patrol_client/__init__.py -> /home/absolutezeno/Auto-BT-Generation/install/turtlebot3_example/lib/python3.10/site-packages/turtlebot3_example/turtlebot3_patrol_client
[2.575s] creating /home/absolutezeno/Auto-BT-Generation/install/turtlebot3_example/lib/python3.10/site-packages/turtlebot3_example/turtlebot3_patrol_server
[2.576s] copying /home/absolutezeno/Auto-BT-Generation/build/turtlebot3_example/build/lib/turtlebot3_example/turtlebot3_patrol_server/turtlebot3_patrol_server.py -> /home/absolutezeno/Auto-BT-Generation/install/turtlebot3_example/lib/python3.10/site-packages/turtlebot3_example/turtlebot3_patrol_server
[2.576s] copying /home/absolutezeno/Auto-BT-Generation/build/turtlebot3_example/build/lib/turtlebot3_example/turtlebot3_patrol_server/main.py -> /home/absolutezeno/Auto-BT-Generation/install/turtlebot3_example/lib/python3.10/site-packages/turtlebot3_example/turtlebot3_patrol_server
[2.576s] copying /home/absolutezeno/Auto-BT-Generation/build/turtlebot3_example/build/lib/turtlebot3_example/turtlebot3_patrol_server/__init__.py -> /home/absolutezeno/Auto-BT-Generation/install/turtlebot3_example/lib/python3.10/site-packages/turtlebot3_example/turtlebot3_patrol_server
[2.576s] copying /home/absolutezeno/Auto-BT-Generation/build/turtlebot3_example/build/lib/turtlebot3_example/turtlebot3_patrol_server/turtlebot3_path.py -> /home/absolutezeno/Auto-BT-Generation/install/turtlebot3_example/lib/python3.10/site-packages/turtlebot3_example/turtlebot3_patrol_server
[2.576s] copying /home/absolutezeno/Auto-BT-Generation/build/turtlebot3_example/build/lib/turtlebot3_example/__init__.py -> /home/absolutezeno/Auto-BT-Generation/install/turtlebot3_example/lib/python3.10/site-packages/turtlebot3_example
[2.577s] byte-compiling /home/absolutezeno/Auto-BT-Generation/install/turtlebot3_example/lib/python3.10/site-packages/turtlebot3_example/turtlebot3_position_control/main.py to main.cpython-310.pyc
[2.578s] byte-compiling /home/absolutezeno/Auto-BT-Generation/install/turtlebot3_example/lib/python3.10/site-packages/turtlebot3_example/turtlebot3_position_control/__init__.py to __init__.cpython-310.pyc
[2.578s] byte-compiling /home/absolutezeno/Auto-BT-Generation/install/turtlebot3_example/lib/python3.10/site-packages/turtlebot3_example/turtlebot3_position_control/turtlebot3_path.py to turtlebot3_path.cpython-310.pyc
[2.578s] byte-compiling /home/absolutezeno/Auto-BT-Generation/install/turtlebot3_example/lib/python3.10/site-packages/turtlebot3_example/turtlebot3_position_control/turtlebot3_position_control.py to turtlebot3_position_control.cpython-310.pyc
[2.578s] byte-compiling /home/absolutezeno/Auto-BT-Generation/install/turtlebot3_example/lib/python3.10/site-packages/turtlebot3_example/turtlebot3_obstacle_detection/main.py to main.cpython-310.pyc
[2.579s] byte-compiling /home/absolutezeno/Auto-BT-Generation/install/turtlebot3_example/lib/python3.10/site-packages/turtlebot3_example/turtlebot3_obstacle_detection/__init__.py to __init__.cpython-310.pyc
[2.579s] byte-compiling /home/absolutezeno/Auto-BT-Generation/install/turtlebot3_example/lib/python3.10/site-packages/turtlebot3_example/turtlebot3_obstacle_detection/turtlebot3_obstacle_detection.py to turtlebot3_obstacle_detection.cpython-310.pyc
[2.579s] byte-compiling /home/absolutezeno/Auto-BT-Generation/install/turtlebot3_example/lib/python3.10/site-packages/turtlebot3_example/turtlebot3_patrol_client/turtlebot3_patrol_client.py to turtlebot3_patrol_client.cpython-310.pyc
[2.580s] byte-compiling /home/absolutezeno/Auto-BT-Generation/install/turtlebot3_example/lib/python3.10/site-packages/turtlebot3_example/turtlebot3_patrol_client/main.py to main.cpython-310.pyc
[2.580s] byte-compiling /home/absolutezeno/Auto-BT-Generation/install/turtlebot3_example/lib/python3.10/site-packages/turtlebot3_example/turtlebot3_patrol_client/__init__.py to __init__.cpython-310.pyc
[2.581s] byte-compiling /home/absolutezeno/Auto-BT-Generation/install/turtlebot3_example/lib/python3.10/site-packages/turtlebot3_example/turtlebot3_patrol_server/turtlebot3_patrol_server.py to turtlebot3_patrol_server.cpython-310.pyc
[2.581s] byte-compiling /home/absolutezeno/Auto-BT-Generation/install/turtlebot3_example/lib/python3.10/site-packages/turtlebot3_example/turtlebot3_patrol_server/main.py to main.cpython-310.pyc
[2.581s] byte-compiling /home/absolutezeno/Auto-BT-Generation/install/turtlebot3_example/lib/python3.10/site-packages/turtlebot3_example/turtlebot3_patrol_server/__init__.py to __init__.cpython-310.pyc
[2.581s] byte-compiling /home/absolutezeno/Auto-BT-Generation/install/turtlebot3_example/lib/python3.10/site-packages/turtlebot3_example/turtlebot3_patrol_server/turtlebot3_path.py to turtlebot3_path.cpython-310.pyc
[2.581s] byte-compiling /home/absolutezeno/Auto-BT-Generation/install/turtlebot3_example/lib/python3.10/site-packages/turtlebot3_example/__init__.py to __init__.cpython-310.pyc
[2.581s] running install_data
[2.582s] creating /home/absolutezeno/Auto-BT-Generation/install/turtlebot3_example/share/ament_index
[2.582s] creating /home/absolutezeno/Auto-BT-Generation/install/turtlebot3_example/share/ament_index/resource_index
[2.582s] creating /home/absolutezeno/Auto-BT-Generation/install/turtlebot3_example/share/ament_index/resource_index/packages
[2.582s] copying resource/turtlebot3_example -> /home/absolutezeno/Auto-BT-Generation/install/turtlebot3_example/share/ament_index/resource_index/packages
[2.585s] copying package.xml -> /home/absolutezeno/Auto-BT-Generation/install/turtlebot3_example/share/turtlebot3_example
[2.585s] running install_egg_info
[2.585s] Copying ../../../build/turtlebot3_example/turtlebot3_example.egg-info to /home/absolutezeno/Auto-BT-Generation/install/turtlebot3_example/lib/python3.10/site-packages/turtlebot3_example-2.1.5-py3.10.egg-info
[2.590s] running install_scripts
[2.618s] Installing turtlebot3_obstacle_detection script to /home/absolutezeno/Auto-BT-Generation/install/turtlebot3_example/lib/turtlebot3_example
[2.618s] Installing turtlebot3_patrol_client script to /home/absolutezeno/Auto-BT-Generation/install/turtlebot3_example/lib/turtlebot3_example
[2.618s] Installing turtlebot3_patrol_server script to /home/absolutezeno/Auto-BT-Generation/install/turtlebot3_example/lib/turtlebot3_example
[2.618s] Installing turtlebot3_position_control script to /home/absolutezeno/Auto-BT-Generation/install/turtlebot3_example/lib/turtlebot3_example
[2.619s] writing list of installed files to '/home/absolutezeno/Auto-BT-Generation/build/turtlebot3_example/install.log'
[3.072s] Invoked command in '/home/absolutezeno/Auto-BT-Generation/src/turtlebot3/turtlebot3_example' returned '0': PYTHONPATH=/home/absolutezeno/Auto-BT-Generation/build/turtlebot3_example/prefix_override:/home/absolutezeno/Auto-BT-Generation/install/turtlebot3_example/lib/python3.10/site-packages:${PYTHONPATH} /usr/bin/python3 setup.py egg_info --egg-base ../../../build/turtlebot3_example build --build-base /home/absolutezeno/Auto-BT-Generation/build/turtlebot3_example/build install --record /home/absolutezeno/Auto-BT-Generation/build/turtlebot3_example/install.log --single-version-externally-managed
