running egg_info
creating ../../../../build/autogen_bt/autogen_bt.egg-info
writing ../../../../build/autogen_bt/autogen_bt.egg-info/PKG-INFO
writing dependency_links to ../../../../build/autogen_bt/autogen_bt.egg-info/dependency_links.txt
writing requirements to ../../../../build/autogen_bt/autogen_bt.egg-info/requires.txt
writing top-level names to ../../../../build/autogen_bt/autogen_bt.egg-info/top_level.txt
writing manifest file '../../../../build/autogen_bt/autogen_bt.egg-info/SOURCES.txt'
reading manifest file '../../../../build/autogen_bt/autogen_bt.egg-info/SOURCES.txt'
writing manifest file '../../../../build/autogen_bt/autogen_bt.egg-info/SOURCES.txt'
running build
running build_py
creating /home/drl-68/Auto-BT-Generation/build/autogen_bt/build
creating /home/drl-68/Auto-BT-Generation/build/autogen_bt/build/lib
creating /home/drl-68/Auto-BT-Generation/build/autogen_bt/build/lib/autogen_bt
copying autogen_bt/ui_extension_example.py -> /home/drl-68/Auto-BT-Generation/build/autogen_bt/build/lib/autogen_bt
copying autogen_bt/__init__.py -> /home/drl-68/Auto-BT-Generation/build/autogen_bt/build/lib/autogen_bt
running install
running install_lib
creating /home/drl-68/Auto-BT-Generation/install/autogen_bt/lib/python3.10/site-packages/autogen_bt
copying /home/drl-68/Auto-BT-Generation/build/autogen_bt/build/lib/autogen_bt/ui_extension_example.py -> /home/drl-68/Auto-BT-Generation/install/autogen_bt/lib/python3.10/site-packages/autogen_bt
copying /home/drl-68/Auto-BT-Generation/build/autogen_bt/build/lib/autogen_bt/__init__.py -> /home/drl-68/Auto-BT-Generation/install/autogen_bt/lib/python3.10/site-packages/autogen_bt
byte-compiling /home/drl-68/Auto-BT-Generation/install/autogen_bt/lib/python3.10/site-packages/autogen_bt/ui_extension_example.py to ui_extension_example.cpython-310.pyc
byte-compiling /home/drl-68/Auto-BT-Generation/install/autogen_bt/lib/python3.10/site-packages/autogen_bt/__init__.py to __init__.cpython-310.pyc
running install_egg_info
Copying ../../../../build/autogen_bt/autogen_bt.egg-info to /home/drl-68/Auto-BT-Generation/install/autogen_bt/lib/python3.10/site-packages/autogen_bt-0.1.0-py3.10.egg-info
running install_scripts
writing list of installed files to '/home/drl-68/Auto-BT-Generation/build/autogen_bt/install.log'
