[0.548s] Invoking command in '/home/drl-68/Auto-BT-Generation/src/IsaacLab-autogenBT/exts/autogen_bt': PYTHONPATH=/home/drl-68/Auto-BT-Generation/build/autogen_bt/prefix_override:/usr/lib/python3/dist-packages/colcon_core/task/python/colcon_distutils_commands:/home/drl-68/Auto-BT-Generation/install/autogen_bt/lib/python3.10/site-packages:${PYTHONPATH} /usr/bin/python3 -W ignore:setup.py install is deprecated -W ignore:easy_install command is deprecated setup.py egg_info --egg-base ../../../../build/autogen_bt build --build-base /home/drl-68/Auto-BT-Generation/build/autogen_bt/build install --record /home/drl-68/Auto-BT-Generation/build/autogen_bt/install.log --single-version-externally-managed
[0.771s] running egg_info
[0.771s] creating ../../../../build/autogen_bt/autogen_bt.egg-info
[0.772s] writing ../../../../build/autogen_bt/autogen_bt.egg-info/PKG-INFO
[0.772s] writing dependency_links to ../../../../build/autogen_bt/autogen_bt.egg-info/dependency_links.txt
[0.772s] writing requirements to ../../../../build/autogen_bt/autogen_bt.egg-info/requires.txt
[0.772s] writing top-level names to ../../../../build/autogen_bt/autogen_bt.egg-info/top_level.txt
[0.772s] writing manifest file '../../../../build/autogen_bt/autogen_bt.egg-info/SOURCES.txt'
[0.773s] reading manifest file '../../../../build/autogen_bt/autogen_bt.egg-info/SOURCES.txt'
[0.773s] writing manifest file '../../../../build/autogen_bt/autogen_bt.egg-info/SOURCES.txt'
[0.773s] running build
[0.774s] running build_py
[0.774s] creating /home/drl-68/Auto-BT-Generation/build/autogen_bt/build
[0.774s] creating /home/drl-68/Auto-BT-Generation/build/autogen_bt/build/lib
[0.774s] creating /home/drl-68/Auto-BT-Generation/build/autogen_bt/build/lib/autogen_bt
[0.774s] copying autogen_bt/ui_extension_example.py -> /home/drl-68/Auto-BT-Generation/build/autogen_bt/build/lib/autogen_bt
[0.774s] copying autogen_bt/__init__.py -> /home/drl-68/Auto-BT-Generation/build/autogen_bt/build/lib/autogen_bt
[0.774s] running install
[0.775s] running install_lib
[0.779s] creating /home/drl-68/Auto-BT-Generation/install/autogen_bt/lib/python3.10/site-packages/autogen_bt
[0.780s] copying /home/drl-68/Auto-BT-Generation/build/autogen_bt/build/lib/autogen_bt/ui_extension_example.py -> /home/drl-68/Auto-BT-Generation/install/autogen_bt/lib/python3.10/site-packages/autogen_bt
[0.780s] copying /home/drl-68/Auto-BT-Generation/build/autogen_bt/build/lib/autogen_bt/__init__.py -> /home/drl-68/Auto-BT-Generation/install/autogen_bt/lib/python3.10/site-packages/autogen_bt
[0.780s] byte-compiling /home/drl-68/Auto-BT-Generation/install/autogen_bt/lib/python3.10/site-packages/autogen_bt/ui_extension_example.py to ui_extension_example.cpython-310.pyc
[0.780s] byte-compiling /home/drl-68/Auto-BT-Generation/install/autogen_bt/lib/python3.10/site-packages/autogen_bt/__init__.py to __init__.cpython-310.pyc
[0.780s] running install_egg_info
[0.781s] Copying ../../../../build/autogen_bt/autogen_bt.egg-info to /home/drl-68/Auto-BT-Generation/install/autogen_bt/lib/python3.10/site-packages/autogen_bt-0.1.0-py3.10.egg-info
[0.782s] running install_scripts
[0.794s] writing list of installed files to '/home/drl-68/Auto-BT-Generation/build/autogen_bt/install.log'
[0.815s] Invoked command in '/home/drl-68/Auto-BT-Generation/src/IsaacLab-autogenBT/exts/autogen_bt' returned '0': PYTHONPATH=/home/drl-68/Auto-BT-Generation/build/autogen_bt/prefix_override:/usr/lib/python3/dist-packages/colcon_core/task/python/colcon_distutils_commands:/home/drl-68/Auto-BT-Generation/install/autogen_bt/lib/python3.10/site-packages:${PYTHONPATH} /usr/bin/python3 -W ignore:setup.py install is deprecated -W ignore:easy_install command is deprecated setup.py egg_info --egg-base ../../../../build/autogen_bt build --build-base /home/drl-68/Auto-BT-Generation/build/autogen_bt/build install --record /home/drl-68/Auto-BT-Generation/build/autogen_bt/install.log --single-version-externally-managed
