[2.056s] Invoking command in '/home/absolutezeno/Auto-BT-Generation/src/turtlebot3/turtlebot3_teleop': PS1=(isaaclab) \[\e]0;\u@\h: \w\a\]${debian_chroot:+($debian_chroot)}\[\033[01;32m\]\u@\h\[\033[00m\]:\[\033[01;34m\]\w\[\033[00m\]\$ PYTHONPATH=/home/absolutezeno/Auto-BT-Generation/build/turtlebot3_teleop/prefix_override:/home/absolutezeno/Auto-BT-Generation/install/turtlebot3_teleop/lib/python3.10/site-packages:${PYTHONPATH} VIRTUAL_ENV_PROMPT=(isaaclab) /usr/bin/python3 setup.py egg_info --egg-base ../../../build/turtlebot3_teleop build --build-base /home/absolutezeno/Auto-BT-Generation/build/turtlebot3_teleop/build install --record /home/absolutezeno/Auto-BT-Generation/build/turtlebot3_teleop/install.log --single-version-externally-managed
[2.207s] running egg_info
[2.208s] creating ../../../build/turtlebot3_teleop/turtlebot3_teleop.egg-info
[2.208s] writing ../../../build/turtlebot3_teleop/turtlebot3_teleop.egg-info/PKG-INFO
[2.208s] writing dependency_links to ../../../build/turtlebot3_teleop/turtlebot3_teleop.egg-info/dependency_links.txt
[2.208s] writing entry points to ../../../build/turtlebot3_teleop/turtlebot3_teleop.egg-info/entry_points.txt
[2.208s] writing requirements to ../../../build/turtlebot3_teleop/turtlebot3_teleop.egg-info/requires.txt
[2.208s] writing top-level names to ../../../build/turtlebot3_teleop/turtlebot3_teleop.egg-info/top_level.txt
[2.208s] writing manifest file '../../../build/turtlebot3_teleop/turtlebot3_teleop.egg-info/SOURCES.txt'
[2.209s] reading manifest file '../../../build/turtlebot3_teleop/turtlebot3_teleop.egg-info/SOURCES.txt'
[2.209s] writing manifest file '../../../build/turtlebot3_teleop/turtlebot3_teleop.egg-info/SOURCES.txt'
[2.209s] running build
[2.209s] running build_py
[2.209s] creating /home/absolutezeno/Auto-BT-Generation/build/turtlebot3_teleop/build
[2.209s] creating /home/absolutezeno/Auto-BT-Generation/build/turtlebot3_teleop/build/lib
[2.209s] creating /home/absolutezeno/Auto-BT-Generation/build/turtlebot3_teleop/build/lib/turtlebot3_teleop
[2.210s] copying turtlebot3_teleop/__init__.py -> /home/absolutezeno/Auto-BT-Generation/build/turtlebot3_teleop/build/lib/turtlebot3_teleop
[2.210s] creating /home/absolutezeno/Auto-BT-Generation/build/turtlebot3_teleop/build/lib/turtlebot3_teleop/script
[2.210s] copying turtlebot3_teleop/script/teleop_keyboard.py -> /home/absolutezeno/Auto-BT-Generation/build/turtlebot3_teleop/build/lib/turtlebot3_teleop/script
[2.210s] copying turtlebot3_teleop/script/__init__.py -> /home/absolutezeno/Auto-BT-Generation/build/turtlebot3_teleop/build/lib/turtlebot3_teleop/script
[2.210s] running install
[2.210s] running install_lib
[2.210s] /usr/lib/python3/dist-packages/setuptools/command/install.py:34: SetuptoolsDeprecationWarning: setup.py install is deprecated. Use build and pip and other standards-based tools.
[2.210s]   warnings.warn(
[2.210s] creating /home/absolutezeno/Auto-BT-Generation/install/turtlebot3_teleop/lib/python3.10/site-packages/turtlebot3_teleop
[2.210s] copying /home/absolutezeno/Auto-BT-Generation/build/turtlebot3_teleop/build/lib/turtlebot3_teleop/__init__.py -> /home/absolutezeno/Auto-BT-Generation/install/turtlebot3_teleop/lib/python3.10/site-packages/turtlebot3_teleop
[2.211s] creating /home/absolutezeno/Auto-BT-Generation/install/turtlebot3_teleop/lib/python3.10/site-packages/turtlebot3_teleop/script
[2.211s] copying /home/absolutezeno/Auto-BT-Generation/build/turtlebot3_teleop/build/lib/turtlebot3_teleop/script/teleop_keyboard.py -> /home/absolutezeno/Auto-BT-Generation/install/turtlebot3_teleop/lib/python3.10/site-packages/turtlebot3_teleop/script
[2.211s] copying /home/absolutezeno/Auto-BT-Generation/build/turtlebot3_teleop/build/lib/turtlebot3_teleop/script/__init__.py -> /home/absolutezeno/Auto-BT-Generation/install/turtlebot3_teleop/lib/python3.10/site-packages/turtlebot3_teleop/script
[2.211s] byte-compiling /home/absolutezeno/Auto-BT-Generation/install/turtlebot3_teleop/lib/python3.10/site-packages/turtlebot3_teleop/__init__.py to __init__.cpython-310.pyc
[2.211s] byte-compiling /home/absolutezeno/Auto-BT-Generation/install/turtlebot3_teleop/lib/python3.10/site-packages/turtlebot3_teleop/script/teleop_keyboard.py to teleop_keyboard.cpython-310.pyc
[2.212s] byte-compiling /home/absolutezeno/Auto-BT-Generation/install/turtlebot3_teleop/lib/python3.10/site-packages/turtlebot3_teleop/script/__init__.py to __init__.cpython-310.pyc
[2.212s] running install_data
[2.212s] creating /home/absolutezeno/Auto-BT-Generation/install/turtlebot3_teleop/share/ament_index
[2.212s] creating /home/absolutezeno/Auto-BT-Generation/install/turtlebot3_teleop/share/ament_index/resource_index
[2.212s] creating /home/absolutezeno/Auto-BT-Generation/install/turtlebot3_teleop/share/ament_index/resource_index/packages
[2.212s] copying resource/turtlebot3_teleop -> /home/absolutezeno/Auto-BT-Generation/install/turtlebot3_teleop/share/ament_index/resource_index/packages
[2.212s] copying package.xml -> /home/absolutezeno/Auto-BT-Generation/install/turtlebot3_teleop/share/turtlebot3_teleop
[2.212s] running install_egg_info
[2.213s] Copying ../../../build/turtlebot3_teleop/turtlebot3_teleop.egg-info to /home/absolutezeno/Auto-BT-Generation/install/turtlebot3_teleop/lib/python3.10/site-packages/turtlebot3_teleop-2.1.5-py3.10.egg-info
[2.213s] running install_scripts
[2.228s] Installing teleop_keyboard script to /home/absolutezeno/Auto-BT-Generation/install/turtlebot3_teleop/lib/turtlebot3_teleop
[2.228s] writing list of installed files to '/home/absolutezeno/Auto-BT-Generation/build/turtlebot3_teleop/install.log'
