[0.545s] Invoking command in '/home/absolutezeno/Auto-BT-Generation/build/isaac_ros2_messages': CMAKE_PREFIX_PATH=/opt/ros/humble PS1=(isaaclab) \[\e]0;\u@\h: \w\a\]${debian_chroot:+($debian_chroot)}\[\033[01;32m\]\u@\h\[\033[00m\]:\[\033[01;34m\]\w\[\033[00m\]\$ VIRTUAL_ENV_PROMPT=(isaaclab) /usr/bin/cmake --build /home/absolutezeno/Auto-BT-Generation/build/isaac_ros2_messages -- -j20 -l20
[0.569s] [35m[1mConsolidate compiler generated dependencies of target isaac_ros2_messages__rosidl_generator_c[0m
[0.577s] [ 11%] Built target isaac_ros2_messages__rosidl_generator_c
[0.579s] [ 12%] Built target isaac_ros2_messages__cpp
[0.583s] [ 12%] Built target ament_cmake_python_copy_isaac_ros2_messages
[0.588s] [35m[1mConsolidate compiler generated dependencies of target isaac_ros2_messages__rosidl_typesupport_introspection_c[0m
[0.589s] [35m[1mConsolidate compiler generated dependencies of target isaac_ros2_messages__rosidl_typesupport_fastrtps_c[0m
[0.590s] [35m[1mConsolidate compiler generated dependencies of target isaac_ros2_messages__rosidl_typesupport_c[0m
[0.591s] [35m[1mConsolidate compiler generated dependencies of target isaac_ros2_messages__rosidl_typesupport_introspection_cpp[0m
[0.596s] [35m[1mConsolidate compiler generated dependencies of target isaac_ros2_messages__rosidl_typesupport_cpp[0m
[0.597s] [35m[1mConsolidate compiler generated dependencies of target isaac_ros2_messages__rosidl_typesupport_fastrtps_cpp[0m
[0.602s] [ 23%] Built target isaac_ros2_messages__rosidl_typesupport_introspection_c
[0.604s] [ 34%] Built target isaac_ros2_messages__rosidl_typesupport_c
[0.605s] [ 46%] Built target isaac_ros2_messages__rosidl_typesupport_fastrtps_c
[0.607s] [ 57%] Built target isaac_ros2_messages__rosidl_typesupport_introspection_cpp
[0.608s] [ 68%] Built target isaac_ros2_messages__rosidl_typesupport_cpp
[0.613s] [ 79%] Built target isaac_ros2_messages__rosidl_typesupport_fastrtps_cpp
[0.627s] [ 79%] Built target isaac_ros2_messages
[0.641s] [ 80%] Built target isaac_ros2_messages__py
[0.650s] [35m[1mConsolidate compiler generated dependencies of target isaac_ros2_messages__rosidl_generator_py[0m
[0.661s] [ 90%] Built target isaac_ros2_messages__rosidl_generator_py
[0.669s] [35m[1mConsolidate compiler generated dependencies of target isaac_ros2_messages__rosidl_typesupport_c__pyext[0m
[0.671s] [35m[1mConsolidate compiler generated dependencies of target isaac_ros2_messages__rosidl_typesupport_introspection_c__pyext[0m
[0.673s] [35m[1mConsolidate compiler generated dependencies of target isaac_ros2_messages__rosidl_typesupport_fastrtps_c__pyext[0m
[0.679s] [ 93%] Built target isaac_ros2_messages__rosidl_typesupport_introspection_c__pyext
[0.681s] [ 96%] Built target isaac_ros2_messages__rosidl_typesupport_c__pyext
[0.683s] [100%] Built target isaac_ros2_messages__rosidl_typesupport_fastrtps_c__pyext
[0.765s] running egg_info
[0.765s] writing isaac_ros2_messages.egg-info/PKG-INFO
[0.765s] writing dependency_links to isaac_ros2_messages.egg-info/dependency_links.txt
[0.765s] writing top-level names to isaac_ros2_messages.egg-info/top_level.txt
[0.767s] reading manifest file 'isaac_ros2_messages.egg-info/SOURCES.txt'
[0.767s] writing manifest file 'isaac_ros2_messages.egg-info/SOURCES.txt'
[0.787s] [100%] Built target ament_cmake_python_build_isaac_ros2_messages_egg
[0.804s] Invoked command in '/home/absolutezeno/Auto-BT-Generation/build/isaac_ros2_messages' returned '0': CMAKE_PREFIX_PATH=/opt/ros/humble PS1=(isaaclab) \[\e]0;\u@\h: \w\a\]${debian_chroot:+($debian_chroot)}\[\033[01;32m\]\u@\h\[\033[00m\]:\[\033[01;34m\]\w\[\033[00m\]\$ VIRTUAL_ENV_PROMPT=(isaaclab) /usr/bin/cmake --build /home/absolutezeno/Auto-BT-Generation/build/isaac_ros2_messages -- -j20 -l20
