[0.551s] Invoking command in '/home/absolutezeno/Auto-BT-Generation/build/autogen_bt_interface': CMAKE_PREFIX_PATH=/opt/ros/humble PS1=(isaaclab) \[\e]0;\u@\h: \w\a\]${debian_chroot:+($debian_chroot)}\[\033[01;32m\]\u@\h\[\033[00m\]:\[\033[01;34m\]\w\[\033[00m\]\$ VIRTUAL_ENV_PROMPT=(isaaclab) /usr/bin/cmake --build /home/absolutezeno/Auto-BT-Generation/build/autogen_bt_interface -- -j20 -l20
[0.583s] [ 10%] Built target autogen_bt_interface__rosidl_generator_c
[0.588s] [ 12%] Built target autogen_bt_interface__cpp
[0.590s] [ 12%] Built target ament_cmake_python_copy_autogen_bt_interface
[0.601s] [ 23%] Built target autogen_bt_interface__rosidl_typesupport_fastrtps_c
[0.602s] [ 33%] Built target autogen_bt_interface__rosidl_typesupport_introspection_c
[0.604s] [ 43%] Built target autogen_bt_interface__rosidl_typesupport_c
[0.610s] [ 53%] Built target autogen_bt_interface__rosidl_typesupport_fastrtps_cpp
[0.610s] [ 64%] Built target autogen_bt_interface__rosidl_typesupport_cpp
[0.613s] [ 74%] Built target autogen_bt_interface__rosidl_typesupport_introspection_cpp
[0.626s] [ 74%] Built target autogen_bt_interface
[0.641s] [ 76%] Built target autogen_bt_interface__py
[0.662s] [ 84%] Built target autogen_bt_interface__rosidl_generator_py
[0.680s] [ 89%] Built target autogen_bt_interface__rosidl_typesupport_fastrtps_c__pyext
[0.680s] [ 94%] Built target autogen_bt_interface__rosidl_typesupport_introspection_c__pyext
[0.683s] [100%] Built target autogen_bt_interface__rosidl_typesupport_c__pyext
[0.748s] running egg_info
[0.750s] writing autogen_bt_interface.egg-info/PKG-INFO
[0.750s] writing dependency_links to autogen_bt_interface.egg-info/dependency_links.txt
[0.750s] writing top-level names to autogen_bt_interface.egg-info/top_level.txt
[0.752s] reading manifest file 'autogen_bt_interface.egg-info/SOURCES.txt'
[0.753s] writing manifest file 'autogen_bt_interface.egg-info/SOURCES.txt'
[0.773s] [100%] Built target ament_cmake_python_build_autogen_bt_interface_egg
[0.791s] Invoked command in '/home/absolutezeno/Auto-BT-Generation/build/autogen_bt_interface' returned '0': CMAKE_PREFIX_PATH=/opt/ros/humble PS1=(isaaclab) \[\e]0;\u@\h: \w\a\]${debian_chroot:+($debian_chroot)}\[\033[01;32m\]\u@\h\[\033[00m\]:\[\033[01;34m\]\w\[\033[00m\]\$ VIRTUAL_ENV_PROMPT=(isaaclab) /usr/bin/cmake --build /home/absolutezeno/Auto-BT-Generation/build/autogen_bt_interface -- -j20 -l20
[0.870s] Invoking command in '/home/absolutezeno/Auto-BT-Generation/build/autogen_bt_interface': CMAKE_PREFIX_PATH=/opt/ros/humble PS1=(isaaclab) \[\e]0;\u@\h: \w\a\]${debian_chroot:+($debian_chroot)}\[\033[01;32m\]\u@\h\[\033[00m\]:\[\033[01;34m\]\w\[\033[00m\]\$ VIRTUAL_ENV_PROMPT=(isaaclab) /usr/bin/cmake --install /home/absolutezeno/Auto-BT-Generation/build/autogen_bt_interface
[0.878s] -- Install configuration: ""
[0.879s] -- Up-to-date: /home/absolutezeno/Auto-BT-Generation/install/autogen_bt_interface/share/ament_index/resource_index/rosidl_interfaces/autogen_bt_interface
[0.879s] -- Up-to-date: /home/absolutezeno/Auto-BT-Generation/install/autogen_bt_interface/include/autogen_bt_interface/autogen_bt_interface
[0.880s] -- Up-to-date: /home/absolutezeno/Auto-BT-Generation/install/autogen_bt_interface/include/autogen_bt_interface/autogen_bt_interface/msg
[0.880s] -- Up-to-date: /home/absolutezeno/Auto-BT-Generation/install/autogen_bt_interface/include/autogen_bt_interface/autogen_bt_interface/msg/rosidl_generator_c__visibility_control.h
[0.880s] -- Up-to-date: /home/absolutezeno/Auto-BT-Generation/install/autogen_bt_interface/include/autogen_bt_interface/autogen_bt_interface/srv
[0.880s] -- Up-to-date: /home/absolutezeno/Auto-BT-Generation/install/autogen_bt_interface/include/autogen_bt_interface/autogen_bt_interface/srv/picking_request.h
[0.880s] -- Up-to-date: /home/absolutezeno/Auto-BT-Generation/install/autogen_bt_interface/include/autogen_bt_interface/autogen_bt_interface/srv/charging_request.h
[0.880s] -- Up-to-date: /home/absolutezeno/Auto-BT-Generation/install/autogen_bt_interface/include/autogen_bt_interface/autogen_bt_interface/srv/detail
[0.880s] -- Up-to-date: /home/absolutezeno/Auto-BT-Generation/install/autogen_bt_interface/include/autogen_bt_interface/autogen_bt_interface/srv/detail/charging_request__type_support.h
[0.880s] -- Up-to-date: /home/absolutezeno/Auto-BT-Generation/install/autogen_bt_interface/include/autogen_bt_interface/autogen_bt_interface/srv/detail/picking_request__type_support.h
[0.881s] -- Up-to-date: /home/absolutezeno/Auto-BT-Generation/install/autogen_bt_interface/include/autogen_bt_interface/autogen_bt_interface/srv/detail/picking_request__functions.h
[0.881s] -- Up-to-date: /home/absolutezeno/Auto-BT-Generation/install/autogen_bt_interface/include/autogen_bt_interface/autogen_bt_interface/srv/detail/charging_request__functions.h
[0.881s] -- Up-to-date: /home/absolutezeno/Auto-BT-Generation/install/autogen_bt_interface/include/autogen_bt_interface/autogen_bt_interface/srv/detail/picking_request__functions.c
[0.881s] -- Up-to-date: /home/absolutezeno/Auto-BT-Generation/install/autogen_bt_interface/include/autogen_bt_interface/autogen_bt_interface/srv/detail/picking_request__struct.h
[0.881s] -- Up-to-date: /home/absolutezeno/Auto-BT-Generation/install/autogen_bt_interface/include/autogen_bt_interface/autogen_bt_interface/srv/detail/charging_request__struct.h
[0.881s] -- Up-to-date: /home/absolutezeno/Auto-BT-Generation/install/autogen_bt_interface/include/autogen_bt_interface/autogen_bt_interface/srv/detail/charging_request__functions.c
[0.881s] -- Up-to-date: /home/absolutezeno/Auto-BT-Generation/install/autogen_bt_interface/share/autogen_bt_interface/environment/library_path.sh
[0.881s] -- Up-to-date: /home/absolutezeno/Auto-BT-Generation/install/autogen_bt_interface/share/autogen_bt_interface/environment/library_path.dsv
[0.881s] -- Up-to-date: /home/absolutezeno/Auto-BT-Generation/install/autogen_bt_interface/lib/libautogen_bt_interface__rosidl_generator_c.so
[0.881s] -- Up-to-date: /home/absolutezeno/Auto-BT-Generation/install/autogen_bt_interface/include/autogen_bt_interface/autogen_bt_interface
[0.882s] -- Up-to-date: /home/absolutezeno/Auto-BT-Generation/install/autogen_bt_interface/include/autogen_bt_interface/autogen_bt_interface/msg
[0.882s] -- Up-to-date: /home/absolutezeno/Auto-BT-Generation/install/autogen_bt_interface/include/autogen_bt_interface/autogen_bt_interface/msg/rosidl_typesupport_fastrtps_c__visibility_control.h
[0.882s] -- Up-to-date: /home/absolutezeno/Auto-BT-Generation/install/autogen_bt_interface/include/autogen_bt_interface/autogen_bt_interface/srv
[0.882s] -- Up-to-date: /home/absolutezeno/Auto-BT-Generation/install/autogen_bt_interface/include/autogen_bt_interface/autogen_bt_interface/srv/detail
[0.882s] -- Up-to-date: /home/absolutezeno/Auto-BT-Generation/install/autogen_bt_interface/include/autogen_bt_interface/autogen_bt_interface/srv/detail/charging_request__rosidl_typesupport_fastrtps_c.h
[0.882s] -- Up-to-date: /home/absolutezeno/Auto-BT-Generation/install/autogen_bt_interface/include/autogen_bt_interface/autogen_bt_interface/srv/detail/picking_request__rosidl_typesupport_fastrtps_c.h
[0.882s] -- Up-to-date: /home/absolutezeno/Auto-BT-Generation/install/autogen_bt_interface/lib/libautogen_bt_interface__rosidl_typesupport_fastrtps_c.so
[0.883s] -- Up-to-date: /home/absolutezeno/Auto-BT-Generation/install/autogen_bt_interface/include/autogen_bt_interface/autogen_bt_interface
[0.883s] -- Up-to-date: /home/absolutezeno/Auto-BT-Generation/install/autogen_bt_interface/include/autogen_bt_interface/autogen_bt_interface/msg
[0.883s] -- Up-to-date: /home/absolutezeno/Auto-BT-Generation/install/autogen_bt_interface/include/autogen_bt_interface/autogen_bt_interface/msg/rosidl_generator_cpp__visibility_control.hpp
[0.883s] -- Up-to-date: /home/absolutezeno/Auto-BT-Generation/install/autogen_bt_interface/include/autogen_bt_interface/autogen_bt_interface/srv
[0.883s] -- Up-to-date: /home/absolutezeno/Auto-BT-Generation/install/autogen_bt_interface/include/autogen_bt_interface/autogen_bt_interface/srv/charging_request.hpp
[0.883s] -- Up-to-date: /home/absolutezeno/Auto-BT-Generation/install/autogen_bt_interface/include/autogen_bt_interface/autogen_bt_interface/srv/picking_request.hpp
[0.883s] -- Up-to-date: /home/absolutezeno/Auto-BT-Generation/install/autogen_bt_interface/include/autogen_bt_interface/autogen_bt_interface/srv/detail
[0.883s] -- Up-to-date: /home/absolutezeno/Auto-BT-Generation/install/autogen_bt_interface/include/autogen_bt_interface/autogen_bt_interface/srv/detail/charging_request__builder.hpp
[0.883s] -- Up-to-date: /home/absolutezeno/Auto-BT-Generation/install/autogen_bt_interface/include/autogen_bt_interface/autogen_bt_interface/srv/detail/picking_request__struct.hpp
[0.883s] -- Up-to-date: /home/absolutezeno/Auto-BT-Generation/install/autogen_bt_interface/include/autogen_bt_interface/autogen_bt_interface/srv/detail/picking_request__traits.hpp
[0.883s] -- Up-to-date: /home/absolutezeno/Auto-BT-Generation/install/autogen_bt_interface/include/autogen_bt_interface/autogen_bt_interface/srv/detail/picking_request__builder.hpp
[0.883s] -- Up-to-date: /home/absolutezeno/Auto-BT-Generation/install/autogen_bt_interface/include/autogen_bt_interface/autogen_bt_interface/srv/detail/charging_request__type_support.hpp
[0.883s] -- Up-to-date: /home/absolutezeno/Auto-BT-Generation/install/autogen_bt_interface/include/autogen_bt_interface/autogen_bt_interface/srv/detail/picking_request__type_support.hpp
[0.883s] -- Up-to-date: /home/absolutezeno/Auto-BT-Generation/install/autogen_bt_interface/include/autogen_bt_interface/autogen_bt_interface/srv/detail/charging_request__traits.hpp
[0.883s] -- Up-to-date: /home/absolutezeno/Auto-BT-Generation/install/autogen_bt_interface/include/autogen_bt_interface/autogen_bt_interface/srv/detail/charging_request__struct.hpp
[0.883s] -- Up-to-date: /home/absolutezeno/Auto-BT-Generation/install/autogen_bt_interface/include/autogen_bt_interface/autogen_bt_interface
[0.883s] -- Up-to-date: /home/absolutezeno/Auto-BT-Generation/install/autogen_bt_interface/include/autogen_bt_interface/autogen_bt_interface/msg
[0.883s] -- Up-to-date: /home/absolutezeno/Auto-BT-Generation/install/autogen_bt_interface/include/autogen_bt_interface/autogen_bt_interface/msg/rosidl_typesupport_fastrtps_cpp__visibility_control.h
[0.883s] -- Up-to-date: /home/absolutezeno/Auto-BT-Generation/install/autogen_bt_interface/include/autogen_bt_interface/autogen_bt_interface/srv
[0.883s] -- Up-to-date: /home/absolutezeno/Auto-BT-Generation/install/autogen_bt_interface/include/autogen_bt_interface/autogen_bt_interface/srv/detail
[0.883s] -- Up-to-date: /home/absolutezeno/Auto-BT-Generation/install/autogen_bt_interface/include/autogen_bt_interface/autogen_bt_interface/srv/detail/picking_request__rosidl_typesupport_fastrtps_cpp.hpp
[0.883s] -- Up-to-date: /home/absolutezeno/Auto-BT-Generation/install/autogen_bt_interface/include/autogen_bt_interface/autogen_bt_interface/srv/detail/dds_fastrtps
[0.883s] -- Up-to-date: /home/absolutezeno/Auto-BT-Generation/install/autogen_bt_interface/include/autogen_bt_interface/autogen_bt_interface/srv/detail/charging_request__rosidl_typesupport_fastrtps_cpp.hpp
[0.883s] -- Up-to-date: /home/absolutezeno/Auto-BT-Generation/install/autogen_bt_interface/lib/libautogen_bt_interface__rosidl_typesupport_fastrtps_cpp.so
[0.884s] -- Up-to-date: /home/absolutezeno/Auto-BT-Generation/install/autogen_bt_interface/include/autogen_bt_interface/autogen_bt_interface
[0.884s] -- Up-to-date: /home/absolutezeno/Auto-BT-Generation/install/autogen_bt_interface/include/autogen_bt_interface/autogen_bt_interface/msg
[0.884s] -- Up-to-date: /home/absolutezeno/Auto-BT-Generation/install/autogen_bt_interface/include/autogen_bt_interface/autogen_bt_interface/msg/rosidl_typesupport_introspection_c__visibility_control.h
[0.884s] -- Up-to-date: /home/absolutezeno/Auto-BT-Generation/install/autogen_bt_interface/include/autogen_bt_interface/autogen_bt_interface/srv
[0.884s] -- Up-to-date: /home/absolutezeno/Auto-BT-Generation/install/autogen_bt_interface/include/autogen_bt_interface/autogen_bt_interface/srv/detail
[0.884s] -- Up-to-date: /home/absolutezeno/Auto-BT-Generation/install/autogen_bt_interface/include/autogen_bt_interface/autogen_bt_interface/srv/detail/charging_request__rosidl_typesupport_introspection_c.h
[0.884s] -- Up-to-date: /home/absolutezeno/Auto-BT-Generation/install/autogen_bt_interface/include/autogen_bt_interface/autogen_bt_interface/srv/detail/charging_request__type_support.c
[0.884s] -- Up-to-date: /home/absolutezeno/Auto-BT-Generation/install/autogen_bt_interface/include/autogen_bt_interface/autogen_bt_interface/srv/detail/picking_request__rosidl_typesupport_introspection_c.h
[0.884s] -- Up-to-date: /home/absolutezeno/Auto-BT-Generation/install/autogen_bt_interface/include/autogen_bt_interface/autogen_bt_interface/srv/detail/picking_request__type_support.c
[0.884s] -- Up-to-date: /home/absolutezeno/Auto-BT-Generation/install/autogen_bt_interface/lib/libautogen_bt_interface__rosidl_typesupport_introspection_c.so
[0.884s] -- Up-to-date: /home/absolutezeno/Auto-BT-Generation/install/autogen_bt_interface/lib/libautogen_bt_interface__rosidl_typesupport_c.so
[0.884s] -- Up-to-date: /home/absolutezeno/Auto-BT-Generation/install/autogen_bt_interface/include/autogen_bt_interface/autogen_bt_interface
[0.884s] -- Up-to-date: /home/absolutezeno/Auto-BT-Generation/install/autogen_bt_interface/include/autogen_bt_interface/autogen_bt_interface/srv
[0.884s] -- Up-to-date: /home/absolutezeno/Auto-BT-Generation/install/autogen_bt_interface/include/autogen_bt_interface/autogen_bt_interface/srv/detail
[0.884s] -- Up-to-date: /home/absolutezeno/Auto-BT-Generation/install/autogen_bt_interface/include/autogen_bt_interface/autogen_bt_interface/srv/detail/charging_request__rosidl_typesupport_introspection_cpp.hpp
[0.884s] -- Up-to-date: /home/absolutezeno/Auto-BT-Generation/install/autogen_bt_interface/include/autogen_bt_interface/autogen_bt_interface/srv/detail/picking_request__rosidl_typesupport_introspection_cpp.hpp
[0.884s] -- Up-to-date: /home/absolutezeno/Auto-BT-Generation/install/autogen_bt_interface/include/autogen_bt_interface/autogen_bt_interface/srv/detail/charging_request__type_support.cpp
[0.884s] -- Up-to-date: /home/absolutezeno/Auto-BT-Generation/install/autogen_bt_interface/include/autogen_bt_interface/autogen_bt_interface/srv/detail/picking_request__type_support.cpp
[0.884s] -- Up-to-date: /home/absolutezeno/Auto-BT-Generation/install/autogen_bt_interface/lib/libautogen_bt_interface__rosidl_typesupport_introspection_cpp.so
[0.884s] -- Up-to-date: /home/absolutezeno/Auto-BT-Generation/install/autogen_bt_interface/lib/libautogen_bt_interface__rosidl_typesupport_cpp.so
[0.884s] -- Up-to-date: /home/absolutezeno/Auto-BT-Generation/install/autogen_bt_interface/share/autogen_bt_interface/environment/pythonpath.sh
[0.884s] -- Up-to-date: /home/absolutezeno/Auto-BT-Generation/install/autogen_bt_interface/share/autogen_bt_interface/environment/pythonpath.dsv
[0.884s] -- Up-to-date: /home/absolutezeno/Auto-BT-Generation/install/autogen_bt_interface/local/lib/python3.10/dist-packages/autogen_bt_interface-0.0.0-py3.10.egg-info
[0.884s] -- Installing: /home/absolutezeno/Auto-BT-Generation/install/autogen_bt_interface/local/lib/python3.10/dist-packages/autogen_bt_interface-0.0.0-py3.10.egg-info/PKG-INFO
[0.884s] -- Installing: /home/absolutezeno/Auto-BT-Generation/install/autogen_bt_interface/local/lib/python3.10/dist-packages/autogen_bt_interface-0.0.0-py3.10.egg-info/top_level.txt
[0.884s] -- Installing: /home/absolutezeno/Auto-BT-Generation/install/autogen_bt_interface/local/lib/python3.10/dist-packages/autogen_bt_interface-0.0.0-py3.10.egg-info/dependency_links.txt
[0.884s] -- Installing: /home/absolutezeno/Auto-BT-Generation/install/autogen_bt_interface/local/lib/python3.10/dist-packages/autogen_bt_interface-0.0.0-py3.10.egg-info/SOURCES.txt
[0.884s] -- Up-to-date: /home/absolutezeno/Auto-BT-Generation/install/autogen_bt_interface/local/lib/python3.10/dist-packages/autogen_bt_interface
[0.884s] -- Up-to-date: /home/absolutezeno/Auto-BT-Generation/install/autogen_bt_interface/local/lib/python3.10/dist-packages/autogen_bt_interface/_autogen_bt_interface_s.ep.rosidl_typesupport_introspection_c.c
[0.884s] -- Up-to-date: /home/absolutezeno/Auto-BT-Generation/install/autogen_bt_interface/local/lib/python3.10/dist-packages/autogen_bt_interface/autogen_bt_interface_s__rosidl_typesupport_c.cpython-310-x86_64-linux-gnu.so
[0.884s] -- Up-to-date: /home/absolutezeno/Auto-BT-Generation/install/autogen_bt_interface/local/lib/python3.10/dist-packages/autogen_bt_interface/autogen_bt_interface_s__rosidl_typesupport_introspection_c.cpython-310-x86_64-linux-gnu.so
[0.884s] -- Up-to-date: /home/absolutezeno/Auto-BT-Generation/install/autogen_bt_interface/local/lib/python3.10/dist-packages/autogen_bt_interface/_autogen_bt_interface_s.ep.rosidl_typesupport_fastrtps_c.c
[0.885s] -- Up-to-date: /home/absolutezeno/Auto-BT-Generation/install/autogen_bt_interface/local/lib/python3.10/dist-packages/autogen_bt_interface/_autogen_bt_interface_s.ep.rosidl_typesupport_c.c
[0.885s] -- Up-to-date: /home/absolutezeno/Auto-BT-Generation/install/autogen_bt_interface/local/lib/python3.10/dist-packages/autogen_bt_interface/__init__.py
[0.885s] -- Up-to-date: /home/absolutezeno/Auto-BT-Generation/install/autogen_bt_interface/local/lib/python3.10/dist-packages/autogen_bt_interface/autogen_bt_interface_s__rosidl_typesupport_fastrtps_c.cpython-310-x86_64-linux-gnu.so
[0.885s] -- Up-to-date: /home/absolutezeno/Auto-BT-Generation/install/autogen_bt_interface/local/lib/python3.10/dist-packages/autogen_bt_interface/libautogen_bt_interface__rosidl_generator_py.so
[0.885s] -- Up-to-date: /home/absolutezeno/Auto-BT-Generation/install/autogen_bt_interface/local/lib/python3.10/dist-packages/autogen_bt_interface/srv
[0.885s] -- Up-to-date: /home/absolutezeno/Auto-BT-Generation/install/autogen_bt_interface/local/lib/python3.10/dist-packages/autogen_bt_interface/srv/_charging_request_s.c
[0.885s] -- Up-to-date: /home/absolutezeno/Auto-BT-Generation/install/autogen_bt_interface/local/lib/python3.10/dist-packages/autogen_bt_interface/srv/_picking_request_s.c
[0.885s] -- Up-to-date: /home/absolutezeno/Auto-BT-Generation/install/autogen_bt_interface/local/lib/python3.10/dist-packages/autogen_bt_interface/srv/__init__.py
[0.885s] -- Up-to-date: /home/absolutezeno/Auto-BT-Generation/install/autogen_bt_interface/local/lib/python3.10/dist-packages/autogen_bt_interface/srv/_charging_request.py
[0.886s] -- Up-to-date: /home/absolutezeno/Auto-BT-Generation/install/autogen_bt_interface/local/lib/python3.10/dist-packages/autogen_bt_interface/srv/_picking_request.py
[0.905s] Listing '/home/absolutezeno/Auto-BT-Generation/install/autogen_bt_interface/local/lib/python3.10/dist-packages/autogen_bt_interface'...
[0.905s] Listing '/home/absolutezeno/Auto-BT-Generation/install/autogen_bt_interface/local/lib/python3.10/dist-packages/autogen_bt_interface/srv'...
[0.909s] -- Up-to-date: /home/absolutezeno/Auto-BT-Generation/install/autogen_bt_interface/local/lib/python3.10/dist-packages/autogen_bt_interface/autogen_bt_interface_s__rosidl_typesupport_fastrtps_c.cpython-310-x86_64-linux-gnu.so
[0.909s] -- Up-to-date: /home/absolutezeno/Auto-BT-Generation/install/autogen_bt_interface/local/lib/python3.10/dist-packages/autogen_bt_interface/autogen_bt_interface_s__rosidl_typesupport_introspection_c.cpython-310-x86_64-linux-gnu.so
[0.909s] -- Up-to-date: /home/absolutezeno/Auto-BT-Generation/install/autogen_bt_interface/local/lib/python3.10/dist-packages/autogen_bt_interface/autogen_bt_interface_s__rosidl_typesupport_c.cpython-310-x86_64-linux-gnu.so
[0.909s] -- Up-to-date: /home/absolutezeno/Auto-BT-Generation/install/autogen_bt_interface/lib/libautogen_bt_interface__rosidl_generator_py.so
[0.909s] -- Up-to-date: /home/absolutezeno/Auto-BT-Generation/install/autogen_bt_interface/share/autogen_bt_interface/srv/ChargingRequest.idl
[0.909s] -- Up-to-date: /home/absolutezeno/Auto-BT-Generation/install/autogen_bt_interface/share/autogen_bt_interface/srv/PickingRequest.idl
[0.910s] -- Up-to-date: /home/absolutezeno/Auto-BT-Generation/install/autogen_bt_interface/share/autogen_bt_interface/srv/ChargingRequest.srv
[0.910s] -- Up-to-date: /home/absolutezeno/Auto-BT-Generation/install/autogen_bt_interface/share/autogen_bt_interface/srv/ChargingRequest_Request.msg
[0.910s] -- Up-to-date: /home/absolutezeno/Auto-BT-Generation/install/autogen_bt_interface/share/autogen_bt_interface/srv/ChargingRequest_Response.msg
[0.910s] -- Up-to-date: /home/absolutezeno/Auto-BT-Generation/install/autogen_bt_interface/share/autogen_bt_interface/srv/PickingRequest.srv
[0.910s] -- Up-to-date: /home/absolutezeno/Auto-BT-Generation/install/autogen_bt_interface/share/autogen_bt_interface/srv/PickingRequest_Request.msg
[0.910s] -- Up-to-date: /home/absolutezeno/Auto-BT-Generation/install/autogen_bt_interface/share/autogen_bt_interface/srv/PickingRequest_Response.msg
[0.910s] -- Up-to-date: /home/absolutezeno/Auto-BT-Generation/install/autogen_bt_interface/share/ament_index/resource_index/package_run_dependencies/autogen_bt_interface
[0.910s] -- Up-to-date: /home/absolutezeno/Auto-BT-Generation/install/autogen_bt_interface/share/ament_index/resource_index/parent_prefix_path/autogen_bt_interface
[0.910s] -- Up-to-date: /home/absolutezeno/Auto-BT-Generation/install/autogen_bt_interface/share/autogen_bt_interface/environment/ament_prefix_path.sh
[0.911s] -- Up-to-date: /home/absolutezeno/Auto-BT-Generation/install/autogen_bt_interface/share/autogen_bt_interface/environment/ament_prefix_path.dsv
[0.911s] -- Up-to-date: /home/absolutezeno/Auto-BT-Generation/install/autogen_bt_interface/share/autogen_bt_interface/environment/path.sh
[0.911s] -- Up-to-date: /home/absolutezeno/Auto-BT-Generation/install/autogen_bt_interface/share/autogen_bt_interface/environment/path.dsv
[0.911s] -- Up-to-date: /home/absolutezeno/Auto-BT-Generation/install/autogen_bt_interface/share/autogen_bt_interface/local_setup.bash
[0.911s] -- Up-to-date: /home/absolutezeno/Auto-BT-Generation/install/autogen_bt_interface/share/autogen_bt_interface/local_setup.sh
[0.911s] -- Up-to-date: /home/absolutezeno/Auto-BT-Generation/install/autogen_bt_interface/share/autogen_bt_interface/local_setup.zsh
[0.911s] -- Up-to-date: /home/absolutezeno/Auto-BT-Generation/install/autogen_bt_interface/share/autogen_bt_interface/local_setup.dsv
[0.911s] -- Installing: /home/absolutezeno/Auto-BT-Generation/install/autogen_bt_interface/share/autogen_bt_interface/package.dsv
[0.911s] -- Up-to-date: /home/absolutezeno/Auto-BT-Generation/install/autogen_bt_interface/share/ament_index/resource_index/packages/autogen_bt_interface
[0.911s] -- Up-to-date: /home/absolutezeno/Auto-BT-Generation/install/autogen_bt_interface/share/autogen_bt_interface/cmake/export_autogen_bt_interface__rosidl_generator_cExport.cmake
[0.911s] -- Up-to-date: /home/absolutezeno/Auto-BT-Generation/install/autogen_bt_interface/share/autogen_bt_interface/cmake/export_autogen_bt_interface__rosidl_generator_cExport-noconfig.cmake
[0.911s] -- Up-to-date: /home/absolutezeno/Auto-BT-Generation/install/autogen_bt_interface/share/autogen_bt_interface/cmake/export_autogen_bt_interface__rosidl_typesupport_fastrtps_cExport.cmake
[0.911s] -- Up-to-date: /home/absolutezeno/Auto-BT-Generation/install/autogen_bt_interface/share/autogen_bt_interface/cmake/export_autogen_bt_interface__rosidl_typesupport_fastrtps_cExport-noconfig.cmake
[0.911s] -- Up-to-date: /home/absolutezeno/Auto-BT-Generation/install/autogen_bt_interface/share/autogen_bt_interface/cmake/export_autogen_bt_interface__rosidl_generator_cppExport.cmake
[0.911s] -- Up-to-date: /home/absolutezeno/Auto-BT-Generation/install/autogen_bt_interface/share/autogen_bt_interface/cmake/export_autogen_bt_interface__rosidl_typesupport_fastrtps_cppExport.cmake
[0.911s] -- Up-to-date: /home/absolutezeno/Auto-BT-Generation/install/autogen_bt_interface/share/autogen_bt_interface/cmake/export_autogen_bt_interface__rosidl_typesupport_fastrtps_cppExport-noconfig.cmake
[0.911s] -- Up-to-date: /home/absolutezeno/Auto-BT-Generation/install/autogen_bt_interface/share/autogen_bt_interface/cmake/autogen_bt_interface__rosidl_typesupport_introspection_cExport.cmake
[0.911s] -- Up-to-date: /home/absolutezeno/Auto-BT-Generation/install/autogen_bt_interface/share/autogen_bt_interface/cmake/autogen_bt_interface__rosidl_typesupport_introspection_cExport-noconfig.cmake
[0.912s] -- Up-to-date: /home/absolutezeno/Auto-BT-Generation/install/autogen_bt_interface/share/autogen_bt_interface/cmake/autogen_bt_interface__rosidl_typesupport_cExport.cmake
[0.912s] -- Up-to-date: /home/absolutezeno/Auto-BT-Generation/install/autogen_bt_interface/share/autogen_bt_interface/cmake/autogen_bt_interface__rosidl_typesupport_cExport-noconfig.cmake
[0.912s] -- Up-to-date: /home/absolutezeno/Auto-BT-Generation/install/autogen_bt_interface/share/autogen_bt_interface/cmake/autogen_bt_interface__rosidl_typesupport_introspection_cppExport.cmake
[0.912s] -- Up-to-date: /home/absolutezeno/Auto-BT-Generation/install/autogen_bt_interface/share/autogen_bt_interface/cmake/autogen_bt_interface__rosidl_typesupport_introspection_cppExport-noconfig.cmake
[0.912s] -- Up-to-date: /home/absolutezeno/Auto-BT-Generation/install/autogen_bt_interface/share/autogen_bt_interface/cmake/autogen_bt_interface__rosidl_typesupport_cppExport.cmake
[0.912s] -- Up-to-date: /home/absolutezeno/Auto-BT-Generation/install/autogen_bt_interface/share/autogen_bt_interface/cmake/autogen_bt_interface__rosidl_typesupport_cppExport-noconfig.cmake
[0.912s] -- Up-to-date: /home/absolutezeno/Auto-BT-Generation/install/autogen_bt_interface/share/autogen_bt_interface/cmake/export_autogen_bt_interface__rosidl_generator_pyExport.cmake
[0.912s] -- Up-to-date: /home/absolutezeno/Auto-BT-Generation/install/autogen_bt_interface/share/autogen_bt_interface/cmake/export_autogen_bt_interface__rosidl_generator_pyExport-noconfig.cmake
[0.912s] -- Up-to-date: /home/absolutezeno/Auto-BT-Generation/install/autogen_bt_interface/share/autogen_bt_interface/cmake/rosidl_cmake-extras.cmake
[0.912s] -- Up-to-date: /home/absolutezeno/Auto-BT-Generation/install/autogen_bt_interface/share/autogen_bt_interface/cmake/ament_cmake_export_dependencies-extras.cmake
[0.912s] -- Up-to-date: /home/absolutezeno/Auto-BT-Generation/install/autogen_bt_interface/share/autogen_bt_interface/cmake/ament_cmake_export_include_directories-extras.cmake
[0.912s] -- Up-to-date: /home/absolutezeno/Auto-BT-Generation/install/autogen_bt_interface/share/autogen_bt_interface/cmake/ament_cmake_export_libraries-extras.cmake
[0.912s] -- Up-to-date: /home/absolutezeno/Auto-BT-Generation/install/autogen_bt_interface/share/autogen_bt_interface/cmake/ament_cmake_export_targets-extras.cmake
[0.912s] -- Up-to-date: /home/absolutezeno/Auto-BT-Generation/install/autogen_bt_interface/share/autogen_bt_interface/cmake/rosidl_cmake_export_typesupport_targets-extras.cmake
[0.912s] -- Up-to-date: /home/absolutezeno/Auto-BT-Generation/install/autogen_bt_interface/share/autogen_bt_interface/cmake/rosidl_cmake_export_typesupport_libraries-extras.cmake
[0.912s] -- Up-to-date: /home/absolutezeno/Auto-BT-Generation/install/autogen_bt_interface/share/autogen_bt_interface/cmake/autogen_bt_interfaceConfig.cmake
[0.912s] -- Up-to-date: /home/absolutezeno/Auto-BT-Generation/install/autogen_bt_interface/share/autogen_bt_interface/cmake/autogen_bt_interfaceConfig-version.cmake
[0.912s] -- Up-to-date: /home/absolutezeno/Auto-BT-Generation/install/autogen_bt_interface/share/autogen_bt_interface/package.xml
[0.914s] Invoked command in '/home/absolutezeno/Auto-BT-Generation/build/autogen_bt_interface' returned '0': CMAKE_PREFIX_PATH=/opt/ros/humble PS1=(isaaclab) \[\e]0;\u@\h: \w\a\]${debian_chroot:+($debian_chroot)}\[\033[01;32m\]\u@\h\[\033[00m\]:\[\033[01;34m\]\w\[\033[00m\]\$ VIRTUAL_ENV_PROMPT=(isaaclab) /usr/bin/cmake --install /home/absolutezeno/Auto-BT-Generation/build/autogen_bt_interface
