[0.987s] Invoking command in '/home/absolutezeno/Auto-BT-Generation/build/turtlebot3_navigation2': CMAKE_PREFIX_PATH=${CMAKE_PREFIX_PATH}:/home/absolutezeno/Auto-BT-Generation/install/py_trees_ros_viewer:/home/absolutezeno/Auto-BT-Generation/install/py_trees_ros_tutorials:/home/absolutezeno/Auto-BT-Generation/install/py_trees_ros:/home/absolutezeno/FRA501/install/rqt_joint_trajectory_controller:/home/absolutezeno/FRA501/install/rqt_controller_manager:/home/absolutezeno/FRA501/install/ros2controlcli:/home/absolutezeno/FRA501/install/ros2_controllers_test_nodes:/opt/ros/humble PS1=(isaaclab) \[\e]0;\u@\h: \w\a\]${debian_chroot:+($debian_chroot)}\[\033[01;32m\]\u@\h\[\033[00m\]:\[\033[01;34m\]\w\[\033[00m\]\$ VIRTUAL_ENV_PROMPT=(isaaclab) /usr/bin/cmake /home/absolutezeno/Auto-BT-Generation/src/turtlebot3/turtlebot3_navigation2 -DCMAKE_INSTALL_PREFIX=/home/absolutezeno/Auto-BT-Generation/install/turtlebot3_navigation2
[1.444s] -- The C compiler identification is GNU 11.4.0
[1.445s] -- The CXX compiler identification is GNU 11.4.0
[1.445s] -- Detecting C compiler ABI info
[1.445s] -- Detecting C compiler ABI info - done
[1.445s] -- Check for working C compiler: /usr/bin/cc - skipped
[1.445s] -- Detecting C compile features
[1.445s] -- Detecting C compile features - done
[1.445s] -- Detecting CXX compiler ABI info
[1.445s] -- Detecting CXX compiler ABI info - done
[1.445s] -- Check for working CXX compiler: /usr/bin/c++ - skipped
[1.445s] -- Detecting CXX compile features
[1.445s] -- Detecting CXX compile features - done
[1.445s] -- Found ament_cmake: 1.3.5 (/opt/ros/humble/share/ament_cmake/cmake)
[1.445s] -- Found Python3: /home/absolutezeno/isaaclab/bin/python3.10 (found version "3.10.12") found components: Interpreter 
[1.629s] -- Configuring done
[1.630s] -- Generating done
[1.630s] -- Build files have been written to: /home/absolutezeno/Auto-BT-Generation/build/turtlebot3_navigation2
[1.748s] Invoked command in '/home/absolutezeno/Auto-BT-Generation/build/turtlebot3_navigation2' returned '0': CMAKE_PREFIX_PATH=${CMAKE_PREFIX_PATH}:/home/absolutezeno/Auto-BT-Generation/install/py_trees_ros_viewer:/home/absolutezeno/Auto-BT-Generation/install/py_trees_ros_tutorials:/home/absolutezeno/Auto-BT-Generation/install/py_trees_ros:/home/absolutezeno/FRA501/install/rqt_joint_trajectory_controller:/home/absolutezeno/FRA501/install/rqt_controller_manager:/home/absolutezeno/FRA501/install/ros2controlcli:/home/absolutezeno/FRA501/install/ros2_controllers_test_nodes:/opt/ros/humble PS1=(isaaclab) \[\e]0;\u@\h: \w\a\]${debian_chroot:+($debian_chroot)}\[\033[01;32m\]\u@\h\[\033[00m\]:\[\033[01;34m\]\w\[\033[00m\]\$ VIRTUAL_ENV_PROMPT=(isaaclab) /usr/bin/cmake /home/absolutezeno/Auto-BT-Generation/src/turtlebot3/turtlebot3_navigation2 -DCMAKE_INSTALL_PREFIX=/home/absolutezeno/Auto-BT-Generation/install/turtlebot3_navigation2
[1.749s] Invoking command in '/home/absolutezeno/Auto-BT-Generation/build/turtlebot3_navigation2': CMAKE_PREFIX_PATH=${CMAKE_PREFIX_PATH}:/home/absolutezeno/Auto-BT-Generation/install/py_trees_ros_viewer:/home/absolutezeno/Auto-BT-Generation/install/py_trees_ros_tutorials:/home/absolutezeno/Auto-BT-Generation/install/py_trees_ros:/home/absolutezeno/FRA501/install/rqt_joint_trajectory_controller:/home/absolutezeno/FRA501/install/rqt_controller_manager:/home/absolutezeno/FRA501/install/ros2controlcli:/home/absolutezeno/FRA501/install/ros2_controllers_test_nodes:/opt/ros/humble PS1=(isaaclab) \[\e]0;\u@\h: \w\a\]${debian_chroot:+($debian_chroot)}\[\033[01;32m\]\u@\h\[\033[00m\]:\[\033[01;34m\]\w\[\033[00m\]\$ VIRTUAL_ENV_PROMPT=(isaaclab) /usr/bin/cmake --build /home/absolutezeno/Auto-BT-Generation/build/turtlebot3_navigation2 -- -j20 -l20
[1.826s] Invoked command in '/home/absolutezeno/Auto-BT-Generation/build/turtlebot3_navigation2' returned '0': CMAKE_PREFIX_PATH=${CMAKE_PREFIX_PATH}:/home/absolutezeno/Auto-BT-Generation/install/py_trees_ros_viewer:/home/absolutezeno/Auto-BT-Generation/install/py_trees_ros_tutorials:/home/absolutezeno/Auto-BT-Generation/install/py_trees_ros:/home/absolutezeno/FRA501/install/rqt_joint_trajectory_controller:/home/absolutezeno/FRA501/install/rqt_controller_manager:/home/absolutezeno/FRA501/install/ros2controlcli:/home/absolutezeno/FRA501/install/ros2_controllers_test_nodes:/opt/ros/humble PS1=(isaaclab) \[\e]0;\u@\h: \w\a\]${debian_chroot:+($debian_chroot)}\[\033[01;32m\]\u@\h\[\033[00m\]:\[\033[01;34m\]\w\[\033[00m\]\$ VIRTUAL_ENV_PROMPT=(isaaclab) /usr/bin/cmake --build /home/absolutezeno/Auto-BT-Generation/build/turtlebot3_navigation2 -- -j20 -l20
[1.873s] Invoking command in '/home/absolutezeno/Auto-BT-Generation/build/turtlebot3_navigation2': CMAKE_PREFIX_PATH=${CMAKE_PREFIX_PATH}:/home/absolutezeno/Auto-BT-Generation/install/py_trees_ros_viewer:/home/absolutezeno/Auto-BT-Generation/install/py_trees_ros_tutorials:/home/absolutezeno/Auto-BT-Generation/install/py_trees_ros:/home/absolutezeno/FRA501/install/rqt_joint_trajectory_controller:/home/absolutezeno/FRA501/install/rqt_controller_manager:/home/absolutezeno/FRA501/install/ros2controlcli:/home/absolutezeno/FRA501/install/ros2_controllers_test_nodes:/opt/ros/humble PS1=(isaaclab) \[\e]0;\u@\h: \w\a\]${debian_chroot:+($debian_chroot)}\[\033[01;32m\]\u@\h\[\033[00m\]:\[\033[01;34m\]\w\[\033[00m\]\$ VIRTUAL_ENV_PROMPT=(isaaclab) /usr/bin/cmake --install /home/absolutezeno/Auto-BT-Generation/build/turtlebot3_navigation2
[1.943s] -- Install configuration: ""
[1.943s] -- Installing: /home/absolutezeno/Auto-BT-Generation/install/turtlebot3_navigation2/share/turtlebot3_navigation2/launch
[1.944s] -- Installing: /home/absolutezeno/Auto-BT-Generation/install/turtlebot3_navigation2/share/turtlebot3_navigation2/launch/navigation2.launch.py
[1.944s] -- Installing: /home/absolutezeno/Auto-BT-Generation/install/turtlebot3_navigation2/share/turtlebot3_navigation2/map
[1.944s] -- Installing: /home/absolutezeno/Auto-BT-Generation/install/turtlebot3_navigation2/share/turtlebot3_navigation2/map/map.pgm
[1.944s] -- Installing: /home/absolutezeno/Auto-BT-Generation/install/turtlebot3_navigation2/share/turtlebot3_navigation2/map/map.yaml
[1.945s] -- Installing: /home/absolutezeno/Auto-BT-Generation/install/turtlebot3_navigation2/share/turtlebot3_navigation2/param
[1.945s] -- Installing: /home/absolutezeno/Auto-BT-Generation/install/turtlebot3_navigation2/share/turtlebot3_navigation2/param/waffle.yaml
[1.945s] -- Installing: /home/absolutezeno/Auto-BT-Generation/install/turtlebot3_navigation2/share/turtlebot3_navigation2/param/burger.yaml
[1.945s] -- Installing: /home/absolutezeno/Auto-BT-Generation/install/turtlebot3_navigation2/share/turtlebot3_navigation2/param/waffle_pi.yaml
[1.945s] -- Installing: /home/absolutezeno/Auto-BT-Generation/install/turtlebot3_navigation2/share/turtlebot3_navigation2/rviz
[1.946s] -- Installing: /home/absolutezeno/Auto-BT-Generation/install/turtlebot3_navigation2/share/turtlebot3_navigation2/rviz/tb3_navigation2.rviz
[1.946s] -- Installing: /home/absolutezeno/Auto-BT-Generation/install/turtlebot3_navigation2/share/ament_index/resource_index/package_run_dependencies/turtlebot3_navigation2
[1.946s] -- Installing: /home/absolutezeno/Auto-BT-Generation/install/turtlebot3_navigation2/share/ament_index/resource_index/parent_prefix_path/turtlebot3_navigation2
[1.946s] -- Installing: /home/absolutezeno/Auto-BT-Generation/install/turtlebot3_navigation2/share/turtlebot3_navigation2/environment/ament_prefix_path.sh
[1.946s] -- Installing: /home/absolutezeno/Auto-BT-Generation/install/turtlebot3_navigation2/share/turtlebot3_navigation2/environment/ament_prefix_path.dsv
[1.947s] -- Installing: /home/absolutezeno/Auto-BT-Generation/install/turtlebot3_navigation2/share/turtlebot3_navigation2/environment/path.sh
[1.947s] -- Installing: /home/absolutezeno/Auto-BT-Generation/install/turtlebot3_navigation2/share/turtlebot3_navigation2/environment/path.dsv
[1.947s] -- Installing: /home/absolutezeno/Auto-BT-Generation/install/turtlebot3_navigation2/share/turtlebot3_navigation2/local_setup.bash
[1.948s] -- Installing: /home/absolutezeno/Auto-BT-Generation/install/turtlebot3_navigation2/share/turtlebot3_navigation2/local_setup.sh
[1.948s] -- Installing: /home/absolutezeno/Auto-BT-Generation/install/turtlebot3_navigation2/share/turtlebot3_navigation2/local_setup.zsh
[1.948s] -- Installing: /home/absolutezeno/Auto-BT-Generation/install/turtlebot3_navigation2/share/turtlebot3_navigation2/local_setup.dsv
[1.948s] -- Installing: /home/absolutezeno/Auto-BT-Generation/install/turtlebot3_navigation2/share/turtlebot3_navigation2/package.dsv
[1.949s] -- Installing: /home/absolutezeno/Auto-BT-Generation/install/turtlebot3_navigation2/share/ament_index/resource_index/packages/turtlebot3_navigation2
[1.949s] -- Installing: /home/absolutezeno/Auto-BT-Generation/install/turtlebot3_navigation2/share/turtlebot3_navigation2/cmake/turtlebot3_navigation2Config.cmake
[1.950s] -- Installing: /home/absolutezeno/Auto-BT-Generation/install/turtlebot3_navigation2/share/turtlebot3_navigation2/cmake/turtlebot3_navigation2Config-version.cmake
[1.950s] -- Installing: /home/absolutezeno/Auto-BT-Generation/install/turtlebot3_navigation2/share/turtlebot3_navigation2/package.xml
[2.015s] Invoked command in '/home/absolutezeno/Auto-BT-Generation/build/turtlebot3_navigation2' returned '0': CMAKE_PREFIX_PATH=${CMAKE_PREFIX_PATH}:/home/absolutezeno/Auto-BT-Generation/install/py_trees_ros_viewer:/home/absolutezeno/Auto-BT-Generation/install/py_trees_ros_tutorials:/home/absolutezeno/Auto-BT-Generation/install/py_trees_ros:/home/absolutezeno/FRA501/install/rqt_joint_trajectory_controller:/home/absolutezeno/FRA501/install/rqt_controller_manager:/home/absolutezeno/FRA501/install/ros2controlcli:/home/absolutezeno/FRA501/install/ros2_controllers_test_nodes:/opt/ros/humble PS1=(isaaclab) \[\e]0;\u@\h: \w\a\]${debian_chroot:+($debian_chroot)}\[\033[01;32m\]\u@\h\[\033[00m\]:\[\033[01;34m\]\w\[\033[00m\]\$ VIRTUAL_ENV_PROMPT=(isaaclab) /usr/bin/cmake --install /home/absolutezeno/Auto-BT-Generation/build/turtlebot3_navigation2
