[0.881s] Invoking command in '/home/absolutezeno/Auto-BT-Generation/build/turtlebot3_description': CMAKE_PREFIX_PATH=${CMAKE_PREFIX_PATH}:/home/absolutezeno/Auto-BT-Generation/install/py_trees_ros_viewer:/home/absolutezeno/Auto-BT-Generation/install/py_trees_ros_tutorials:/home/absolutezeno/Auto-BT-Generation/install/py_trees_ros:/home/absolutezeno/FRA501/install/rqt_joint_trajectory_controller:/home/absolutezeno/FRA501/install/rqt_controller_manager:/home/absolutezeno/FRA501/install/ros2controlcli:/home/absolutezeno/FRA501/install/ros2_controllers_test_nodes:/opt/ros/humble PS1=(isaaclab) \[\e]0;\u@\h: \w\a\]${debian_chroot:+($debian_chroot)}\[\033[01;32m\]\u@\h\[\033[00m\]:\[\033[01;34m\]\w\[\033[00m\]\$ VIRTUAL_ENV_PROMPT=(isaaclab) /usr/bin/cmake /home/absolutezeno/Auto-BT-Generation/src/turtlebot3/turtlebot3_description -DCMAKE_INSTALL_PREFIX=/home/absolutezeno/Auto-BT-Generation/install/turtlebot3_description
[1.808s] -- The C compiler identification is GNU 11.4.0
[1.808s] -- The CXX compiler identification is GNU 11.4.0
[1.808s] -- Detecting C compiler ABI info
[1.809s] -- Detecting C compiler ABI info - done
[1.809s] -- Check for working C compiler: /usr/bin/cc - skipped
[1.809s] -- Detecting C compile features
[1.809s] -- Detecting C compile features - done
[1.809s] -- Detecting CXX compiler ABI info
[1.809s] -- Detecting CXX compiler ABI info - done
[1.809s] -- Check for working CXX compiler: /usr/bin/c++ - skipped
[1.809s] -- Detecting CXX compile features
[1.809s] -- Detecting CXX compile features - done
[1.809s] -- Found ament_cmake: 1.3.5 (/opt/ros/humble/share/ament_cmake/cmake)
[1.809s] -- Found Python3: /home/absolutezeno/isaaclab/bin/python3.10 (found version "3.10.12") found components: Interpreter 
[1.810s] -- Found urdf: 2.6.0 (/opt/ros/humble/share/urdf/cmake)
[1.810s] -- Configuring done
[1.810s] -- Generating done
[1.810s] -- Build files have been written to: /home/absolutezeno/Auto-BT-Generation/build/turtlebot3_description
[2.106s] Invoked command in '/home/absolutezeno/Auto-BT-Generation/build/turtlebot3_description' returned '0': CMAKE_PREFIX_PATH=${CMAKE_PREFIX_PATH}:/home/absolutezeno/Auto-BT-Generation/install/py_trees_ros_viewer:/home/absolutezeno/Auto-BT-Generation/install/py_trees_ros_tutorials:/home/absolutezeno/Auto-BT-Generation/install/py_trees_ros:/home/absolutezeno/FRA501/install/rqt_joint_trajectory_controller:/home/absolutezeno/FRA501/install/rqt_controller_manager:/home/absolutezeno/FRA501/install/ros2controlcli:/home/absolutezeno/FRA501/install/ros2_controllers_test_nodes:/opt/ros/humble PS1=(isaaclab) \[\e]0;\u@\h: \w\a\]${debian_chroot:+($debian_chroot)}\[\033[01;32m\]\u@\h\[\033[00m\]:\[\033[01;34m\]\w\[\033[00m\]\$ VIRTUAL_ENV_PROMPT=(isaaclab) /usr/bin/cmake /home/absolutezeno/Auto-BT-Generation/src/turtlebot3/turtlebot3_description -DCMAKE_INSTALL_PREFIX=/home/absolutezeno/Auto-BT-Generation/install/turtlebot3_description
[2.107s] Invoking command in '/home/absolutezeno/Auto-BT-Generation/build/turtlebot3_description': CMAKE_PREFIX_PATH=${CMAKE_PREFIX_PATH}:/home/absolutezeno/Auto-BT-Generation/install/py_trees_ros_viewer:/home/absolutezeno/Auto-BT-Generation/install/py_trees_ros_tutorials:/home/absolutezeno/Auto-BT-Generation/install/py_trees_ros:/home/absolutezeno/FRA501/install/rqt_joint_trajectory_controller:/home/absolutezeno/FRA501/install/rqt_controller_manager:/home/absolutezeno/FRA501/install/ros2controlcli:/home/absolutezeno/FRA501/install/ros2_controllers_test_nodes:/opt/ros/humble PS1=(isaaclab) \[\e]0;\u@\h: \w\a\]${debian_chroot:+($debian_chroot)}\[\033[01;32m\]\u@\h\[\033[00m\]:\[\033[01;34m\]\w\[\033[00m\]\$ VIRTUAL_ENV_PROMPT=(isaaclab) /usr/bin/cmake --build /home/absolutezeno/Auto-BT-Generation/build/turtlebot3_description -- -j20 -l20
[2.136s] Invoked command in '/home/absolutezeno/Auto-BT-Generation/build/turtlebot3_description' returned '0': CMAKE_PREFIX_PATH=${CMAKE_PREFIX_PATH}:/home/absolutezeno/Auto-BT-Generation/install/py_trees_ros_viewer:/home/absolutezeno/Auto-BT-Generation/install/py_trees_ros_tutorials:/home/absolutezeno/Auto-BT-Generation/install/py_trees_ros:/home/absolutezeno/FRA501/install/rqt_joint_trajectory_controller:/home/absolutezeno/FRA501/install/rqt_controller_manager:/home/absolutezeno/FRA501/install/ros2controlcli:/home/absolutezeno/FRA501/install/ros2_controllers_test_nodes:/opt/ros/humble PS1=(isaaclab) \[\e]0;\u@\h: \w\a\]${debian_chroot:+($debian_chroot)}\[\033[01;32m\]\u@\h\[\033[00m\]:\[\033[01;34m\]\w\[\033[00m\]\$ VIRTUAL_ENV_PROMPT=(isaaclab) /usr/bin/cmake --build /home/absolutezeno/Auto-BT-Generation/build/turtlebot3_description -- -j20 -l20
[2.191s] Invoking command in '/home/absolutezeno/Auto-BT-Generation/build/turtlebot3_description': CMAKE_PREFIX_PATH=${CMAKE_PREFIX_PATH}:/home/absolutezeno/Auto-BT-Generation/install/py_trees_ros_viewer:/home/absolutezeno/Auto-BT-Generation/install/py_trees_ros_tutorials:/home/absolutezeno/Auto-BT-Generation/install/py_trees_ros:/home/absolutezeno/FRA501/install/rqt_joint_trajectory_controller:/home/absolutezeno/FRA501/install/rqt_controller_manager:/home/absolutezeno/FRA501/install/ros2controlcli:/home/absolutezeno/FRA501/install/ros2_controllers_test_nodes:/opt/ros/humble PS1=(isaaclab) \[\e]0;\u@\h: \w\a\]${debian_chroot:+($debian_chroot)}\[\033[01;32m\]\u@\h\[\033[00m\]:\[\033[01;34m\]\w\[\033[00m\]\$ VIRTUAL_ENV_PROMPT=(isaaclab) /usr/bin/cmake --install /home/absolutezeno/Auto-BT-Generation/build/turtlebot3_description
[2.196s] -- Install configuration: ""
[2.196s] -- Installing: /home/absolutezeno/Auto-BT-Generation/install/turtlebot3_description/share/turtlebot3_description/meshes
[2.196s] -- Installing: /home/absolutezeno/Auto-BT-Generation/install/turtlebot3_description/share/turtlebot3_description/meshes/sensors
[2.197s] -- Installing: /home/absolutezeno/Auto-BT-Generation/install/turtlebot3_description/share/turtlebot3_description/meshes/sensors/r200.dae
[2.197s] -- Installing: /home/absolutezeno/Auto-BT-Generation/install/turtlebot3_description/share/turtlebot3_description/meshes/sensors/astra.jpg
[2.197s] -- Installing: /home/absolutezeno/Auto-BT-Generation/install/turtlebot3_description/share/turtlebot3_description/meshes/sensors/lds.stl
[2.197s] -- Installing: /home/absolutezeno/Auto-BT-Generation/install/turtlebot3_description/share/turtlebot3_description/meshes/sensors/astra.dae
[2.204s] -- Installing: /home/absolutezeno/Auto-BT-Generation/install/turtlebot3_description/share/turtlebot3_description/meshes/sensors/r200.jpg
[2.204s] -- Installing: /home/absolutezeno/Auto-BT-Generation/install/turtlebot3_description/share/turtlebot3_description/meshes/wheels
[2.204s] -- Installing: /home/absolutezeno/Auto-BT-Generation/install/turtlebot3_description/share/turtlebot3_description/meshes/wheels/left_tire.stl
[2.205s] -- Installing: /home/absolutezeno/Auto-BT-Generation/install/turtlebot3_description/share/turtlebot3_description/meshes/wheels/right_tire.stl
[2.206s] -- Installing: /home/absolutezeno/Auto-BT-Generation/install/turtlebot3_description/share/turtlebot3_description/meshes/bases
[2.206s] -- Installing: /home/absolutezeno/Auto-BT-Generation/install/turtlebot3_description/share/turtlebot3_description/meshes/bases/waffle_base.stl
[2.212s] -- Installing: /home/absolutezeno/Auto-BT-Generation/install/turtlebot3_description/share/turtlebot3_description/meshes/bases/waffle_pi_base.stl
[2.216s] -- Installing: /home/absolutezeno/Auto-BT-Generation/install/turtlebot3_description/share/turtlebot3_description/meshes/bases/burger_base.stl
[2.218s] -- Installing: /home/absolutezeno/Auto-BT-Generation/install/turtlebot3_description/share/turtlebot3_description/rviz
[2.218s] -- Installing: /home/absolutezeno/Auto-BT-Generation/install/turtlebot3_description/share/turtlebot3_description/rviz/model.rviz
[2.218s] -- Installing: /home/absolutezeno/Auto-BT-Generation/install/turtlebot3_description/share/turtlebot3_description/urdf
[2.219s] -- Installing: /home/absolutezeno/Auto-BT-Generation/install/turtlebot3_description/share/turtlebot3_description/urdf/turtlebot3_waffle.urdf
[2.219s] -- Installing: /home/absolutezeno/Auto-BT-Generation/install/turtlebot3_description/share/turtlebot3_description/urdf/turtlebot3_burger.urdf
[2.219s] -- Installing: /home/absolutezeno/Auto-BT-Generation/install/turtlebot3_description/share/turtlebot3_description/urdf/turtlebot3_waffle_pi.urdf
[2.219s] -- Installing: /home/absolutezeno/Auto-BT-Generation/install/turtlebot3_description/share/turtlebot3_description/urdf/common_properties.urdf
[2.219s] -- Installing: /home/absolutezeno/Auto-BT-Generation/install/turtlebot3_description/share/ament_index/resource_index/package_run_dependencies/turtlebot3_description
[2.219s] -- Installing: /home/absolutezeno/Auto-BT-Generation/install/turtlebot3_description/share/ament_index/resource_index/parent_prefix_path/turtlebot3_description
[2.219s] -- Installing: /home/absolutezeno/Auto-BT-Generation/install/turtlebot3_description/share/turtlebot3_description/environment/ament_prefix_path.sh
[2.219s] -- Installing: /home/absolutezeno/Auto-BT-Generation/install/turtlebot3_description/share/turtlebot3_description/environment/ament_prefix_path.dsv
[2.219s] -- Installing: /home/absolutezeno/Auto-BT-Generation/install/turtlebot3_description/share/turtlebot3_description/environment/path.sh
[2.219s] -- Installing: /home/absolutezeno/Auto-BT-Generation/install/turtlebot3_description/share/turtlebot3_description/environment/path.dsv
[2.219s] -- Installing: /home/absolutezeno/Auto-BT-Generation/install/turtlebot3_description/share/turtlebot3_description/local_setup.bash
[2.219s] -- Installing: /home/absolutezeno/Auto-BT-Generation/install/turtlebot3_description/share/turtlebot3_description/local_setup.sh
[2.219s] -- Installing: /home/absolutezeno/Auto-BT-Generation/install/turtlebot3_description/share/turtlebot3_description/local_setup.zsh
[2.219s] -- Installing: /home/absolutezeno/Auto-BT-Generation/install/turtlebot3_description/share/turtlebot3_description/local_setup.dsv
[2.219s] -- Installing: /home/absolutezeno/Auto-BT-Generation/install/turtlebot3_description/share/turtlebot3_description/package.dsv
[2.219s] -- Installing: /home/absolutezeno/Auto-BT-Generation/install/turtlebot3_description/share/ament_index/resource_index/packages/turtlebot3_description
[2.219s] -- Installing: /home/absolutezeno/Auto-BT-Generation/install/turtlebot3_description/share/turtlebot3_description/cmake/turtlebot3_descriptionConfig.cmake
[2.219s] -- Installing: /home/absolutezeno/Auto-BT-Generation/install/turtlebot3_description/share/turtlebot3_description/cmake/turtlebot3_descriptionConfig-version.cmake
[2.219s] -- Installing: /home/absolutezeno/Auto-BT-Generation/install/turtlebot3_description/share/turtlebot3_description/package.xml
[2.311s] Invoked command in '/home/absolutezeno/Auto-BT-Generation/build/turtlebot3_description' returned '0': CMAKE_PREFIX_PATH=${CMAKE_PREFIX_PATH}:/home/absolutezeno/Auto-BT-Generation/install/py_trees_ros_viewer:/home/absolutezeno/Auto-BT-Generation/install/py_trees_ros_tutorials:/home/absolutezeno/Auto-BT-Generation/install/py_trees_ros:/home/absolutezeno/FRA501/install/rqt_joint_trajectory_controller:/home/absolutezeno/FRA501/install/rqt_controller_manager:/home/absolutezeno/FRA501/install/ros2controlcli:/home/absolutezeno/FRA501/install/ros2_controllers_test_nodes:/opt/ros/humble PS1=(isaaclab) \[\e]0;\u@\h: \w\a\]${debian_chroot:+($debian_chroot)}\[\033[01;32m\]\u@\h\[\033[00m\]:\[\033[01;34m\]\w\[\033[00m\]\$ VIRTUAL_ENV_PROMPT=(isaaclab) /usr/bin/cmake --install /home/absolutezeno/Auto-BT-Generation/build/turtlebot3_description
