-- Found ament_cmake: 1.3.11 (/opt/ros/humble/share/ament_cmake/cmake)
-- Found ament_lint_auto: 0.12.11 (/opt/ros/humble/share/ament_lint_auto/cmake)
-- Found std_msgs: 4.2.4 (/opt/ros/humble/share/std_msgs/cmake)
-- Found rosidl_generator_c: 3.1.6 (/opt/ros/humble/share/rosidl_generator_c/cmake)
-- Found rosidl_adapter: 3.1.6 (/opt/ros/humble/share/rosidl_adapter/cmake)
-- Found rosidl_generator_cpp: 3.1.6 (/opt/ros/humble/share/rosidl_generator_cpp/cmake)
-- Using all available rosidl_typesupport_c: rosidl_typesupport_fastrtps_c;rosidl_typesupport_introspection_c
-- Using all available rosidl_typesupport_cpp: rosidl_typesupport_fastrtps_cpp;rosidl_typesupport_introspection_cpp
-- Found rosidl_default_generators: 1.2.0 (/opt/ros/humble/share/rosidl_default_generators/cmake)
-- Found ament_cmake_ros: 0.10.0 (/opt/ros/humble/share/ament_cmake_ros/cmake)
-- Using all available rosidl_typesupport_c: rosidl_typesupport_fastrtps_c;rosidl_typesupport_introspection_c
-- Using all available rosidl_typesupport_cpp: rosidl_typesupport_fastrtps_cpp;rosidl_typesupport_introspection_cpp
-- Found python_cmake_module: 0.10.0 (/opt/ros/humble/share/python_cmake_module/cmake)
-- Using PYTHON_EXECUTABLE: /usr/bin/python3
-- Using PYTHON_INCLUDE_DIRS: /usr/include/python3.10
-- Using PYTHON_LIBRARIES: /usr/lib/x86_64-linux-gnu/libpython3.10.so
-- Added test 'lint_cmake' to check CMake code style
-- Added test 'xmllint' to check XML markup files
-- Configuring done
-- Generating done
-- Build files have been written to: /home/absolutezeno/Auto-BT-Generation/build/autogen_bt_interface
[  2%] [34m[1mGenerating C code for ROS interfaces[0m
[  4%] [34m[1mGenerating C++ code for ROS interfaces[0m
[  4%] Built target ament_cmake_python_copy_autogen_bt_interface
running egg_info
writing autogen_bt_interface.egg-info/PKG-INFO
writing dependency_links to autogen_bt_interface.egg-info/dependency_links.txt
writing top-level names to autogen_bt_interface.egg-info/top_level.txt
reading manifest file 'autogen_bt_interface.egg-info/SOURCES.txt'
writing manifest file 'autogen_bt_interface.egg-info/SOURCES.txt'
[  4%] Built target ament_cmake_python_build_autogen_bt_interface_egg
[35m[1mConsolidate compiler generated dependencies of target autogen_bt_interface__rosidl_generator_c[0m
[  4%] Built target autogen_bt_interface__cpp
[  8%] [32mBuilding C object CMakeFiles/autogen_bt_interface__rosidl_generator_c.dir/rosidl_generator_c/autogen_bt_interface/srv/detail/charging_request__functions.c.o[0m
[  8%] [32mBuilding C object CMakeFiles/autogen_bt_interface__rosidl_generator_c.dir/rosidl_generator_c/autogen_bt_interface/srv/detail/picking_request__functions.c.o[0m
[ 10%] [32mBuilding C object CMakeFiles/autogen_bt_interface__rosidl_generator_c.dir/rosidl_generator_c/autogen_bt_interface/msg/detail/string_stamped__functions.c.o[0m
[ 12%] [34m[1mGenerating C++ type support dispatch for ROS interfaces[0m
[ 14%] [34m[1mGenerating C++ type support for eProsima Fast-RTPS[0m
[ 17%] [34m[1mGenerating C++ introspection for ROS interfaces[0m
[ 19%] [32m[1mLinking C shared library libautogen_bt_interface__rosidl_generator_c.so[0m
[ 19%] Built target autogen_bt_interface__rosidl_generator_c
[ 25%] [34m[1mGenerating C type support dispatch for ROS interfaces[0m
[ 25%] [34m[1mGenerating C introspection for ROS interfaces[0m
[ 25%] [34m[1mGenerating C type support for eProsima Fast-RTPS[0m
[35m[1mConsolidate compiler generated dependencies of target autogen_bt_interface__rosidl_typesupport_cpp[0m
[ 27%] [32mBuilding CXX object CMakeFiles/autogen_bt_interface__rosidl_typesupport_cpp.dir/rosidl_typesupport_cpp/autogen_bt_interface/srv/picking_request__type_support.cpp.o[0m
[ 29%] [32mBuilding CXX object CMakeFiles/autogen_bt_interface__rosidl_typesupport_cpp.dir/rosidl_typesupport_cpp/autogen_bt_interface/srv/charging_request__type_support.cpp.o[0m
[ 31%] [32mBuilding CXX object CMakeFiles/autogen_bt_interface__rosidl_typesupport_cpp.dir/rosidl_typesupport_cpp/autogen_bt_interface/msg/string_stamped__type_support.cpp.o[0m
[35m[1mConsolidate compiler generated dependencies of target autogen_bt_interface__rosidl_typesupport_introspection_cpp[0m
[ 34%] [32mBuilding CXX object CMakeFiles/autogen_bt_interface__rosidl_typesupport_introspection_cpp.dir/rosidl_typesupport_introspection_cpp/autogen_bt_interface/srv/detail/picking_request__type_support.cpp.o[0m
[ 38%] [32mBuilding CXX object CMakeFiles/autogen_bt_interface__rosidl_typesupport_introspection_cpp.dir/rosidl_typesupport_introspection_cpp/autogen_bt_interface/srv/detail/charging_request__type_support.cpp.o[0m
[ 38%] [32mBuilding CXX object CMakeFiles/autogen_bt_interface__rosidl_typesupport_introspection_cpp.dir/rosidl_typesupport_introspection_cpp/autogen_bt_interface/msg/detail/string_stamped__type_support.cpp.o[0m
[35m[1mConsolidate compiler generated dependencies of target autogen_bt_interface__rosidl_typesupport_fastrtps_cpp[0m
[ 42%] [32mBuilding CXX object CMakeFiles/autogen_bt_interface__rosidl_typesupport_fastrtps_cpp.dir/rosidl_typesupport_fastrtps_cpp/autogen_bt_interface/srv/detail/dds_fastrtps/picking_request__type_support.cpp.o[0m
[ 42%] [32mBuilding CXX object CMakeFiles/autogen_bt_interface__rosidl_typesupport_fastrtps_cpp.dir/rosidl_typesupport_fastrtps_cpp/autogen_bt_interface/srv/detail/dds_fastrtps/charging_request__type_support.cpp.o[0m
[ 44%] [32mBuilding CXX object CMakeFiles/autogen_bt_interface__rosidl_typesupport_fastrtps_cpp.dir/rosidl_typesupport_fastrtps_cpp/autogen_bt_interface/msg/detail/dds_fastrtps/string_stamped__type_support.cpp.o[0m
[35m[1mConsolidate compiler generated dependencies of target autogen_bt_interface__rosidl_typesupport_c[0m
[ 46%] [32mBuilding CXX object CMakeFiles/autogen_bt_interface__rosidl_typesupport_c.dir/rosidl_typesupport_c/autogen_bt_interface/srv/charging_request__type_support.cpp.o[0m
[ 48%] [32mBuilding CXX object CMakeFiles/autogen_bt_interface__rosidl_typesupport_c.dir/rosidl_typesupport_c/autogen_bt_interface/srv/picking_request__type_support.cpp.o[0m
[35m[1mConsolidate compiler generated dependencies of target autogen_bt_interface__rosidl_typesupport_fastrtps_c[0m
[ 51%] [32mBuilding CXX object CMakeFiles/autogen_bt_interface__rosidl_typesupport_c.dir/rosidl_typesupport_c/autogen_bt_interface/msg/string_stamped__type_support.cpp.o[0m
[ 53%] [32mBuilding CXX object CMakeFiles/autogen_bt_interface__rosidl_typesupport_fastrtps_c.dir/rosidl_typesupport_fastrtps_c/autogen_bt_interface/srv/detail/charging_request__type_support_c.cpp.o[0m
[ 55%] [32mBuilding CXX object CMakeFiles/autogen_bt_interface__rosidl_typesupport_fastrtps_c.dir/rosidl_typesupport_fastrtps_c/autogen_bt_interface/srv/detail/picking_request__type_support_c.cpp.o[0m
[ 57%] [32mBuilding CXX object CMakeFiles/autogen_bt_interface__rosidl_typesupport_fastrtps_c.dir/rosidl_typesupport_fastrtps_c/autogen_bt_interface/msg/detail/string_stamped__type_support_c.cpp.o[0m
[ 59%] [32m[1mLinking CXX shared library libautogen_bt_interface__rosidl_typesupport_c.so[0m
[ 59%] Built target autogen_bt_interface__rosidl_typesupport_c
[ 61%] [32m[1mLinking CXX shared library libautogen_bt_interface__rosidl_typesupport_cpp.so[0m
[35m[1mConsolidate compiler generated dependencies of target autogen_bt_interface__rosidl_typesupport_introspection_c[0m
[ 63%] [32mBuilding C object CMakeFiles/autogen_bt_interface__rosidl_typesupport_introspection_c.dir/rosidl_typesupport_introspection_c/autogen_bt_interface/srv/detail/picking_request__type_support.c.o[0m
[ 68%] [32mBuilding C object CMakeFiles/autogen_bt_interface__rosidl_typesupport_introspection_c.dir/rosidl_typesupport_introspection_c/autogen_bt_interface/srv/detail/charging_request__type_support.c.o[0m
[ 68%] [32mBuilding C object CMakeFiles/autogen_bt_interface__rosidl_typesupport_introspection_c.dir/rosidl_typesupport_introspection_c/autogen_bt_interface/msg/detail/string_stamped__type_support.c.o[0m
[ 68%] Built target autogen_bt_interface__rosidl_typesupport_cpp
[ 70%] [32m[1mLinking C shared library libautogen_bt_interface__rosidl_typesupport_introspection_c.so[0m
[ 70%] Built target autogen_bt_interface__rosidl_typesupport_introspection_c
[ 72%] [32m[1mLinking CXX shared library libautogen_bt_interface__rosidl_typesupport_introspection_cpp.so[0m
[ 72%] Built target autogen_bt_interface__rosidl_typesupport_introspection_cpp
[ 74%] [32m[1mLinking CXX shared library libautogen_bt_interface__rosidl_typesupport_fastrtps_c.so[0m
[ 76%] [32m[1mLinking CXX shared library libautogen_bt_interface__rosidl_typesupport_fastrtps_cpp.so[0m
[ 76%] Built target autogen_bt_interface__rosidl_typesupport_fastrtps_c
[ 76%] Built target autogen_bt_interface__rosidl_typesupport_fastrtps_cpp
[ 76%] Built target autogen_bt_interface
[ 78%] [34m[1mGenerating Python code for ROS interfaces[0m
[ 78%] Built target autogen_bt_interface__py
[35m[1mConsolidate compiler generated dependencies of target autogen_bt_interface__rosidl_generator_py[0m
[ 80%] [32mBuilding C object CMakeFiles/autogen_bt_interface__rosidl_generator_py.dir/rosidl_generator_py/autogen_bt_interface/srv/_picking_request_s.c.o[0m
[ 82%] [32mBuilding C object CMakeFiles/autogen_bt_interface__rosidl_generator_py.dir/rosidl_generator_py/autogen_bt_interface/msg/_string_stamped_s.c.o[0m
[ 85%] [32mBuilding C object CMakeFiles/autogen_bt_interface__rosidl_generator_py.dir/rosidl_generator_py/autogen_bt_interface/srv/_charging_request_s.c.o[0m
[ 87%] [32m[1mLinking C shared library rosidl_generator_py/autogen_bt_interface/libautogen_bt_interface__rosidl_generator_py.so[0m
[ 87%] Built target autogen_bt_interface__rosidl_generator_py
[35m[1mConsolidate compiler generated dependencies of target autogen_bt_interface__rosidl_typesupport_introspection_c__pyext[0m
[35m[1mConsolidate compiler generated dependencies of target autogen_bt_interface__rosidl_typesupport_fastrtps_c__pyext[0m
[35m[1mConsolidate compiler generated dependencies of target autogen_bt_interface__rosidl_typesupport_c__pyext[0m
[ 89%] [32mBuilding C object CMakeFiles/autogen_bt_interface__rosidl_typesupport_fastrtps_c__pyext.dir/rosidl_generator_py/autogen_bt_interface/_autogen_bt_interface_s.ep.rosidl_typesupport_fastrtps_c.c.o[0m
[ 91%] [32mBuilding C object CMakeFiles/autogen_bt_interface__rosidl_typesupport_introspection_c__pyext.dir/rosidl_generator_py/autogen_bt_interface/_autogen_bt_interface_s.ep.rosidl_typesupport_introspection_c.c.o[0m
[ 93%] [32mBuilding C object CMakeFiles/autogen_bt_interface__rosidl_typesupport_c__pyext.dir/rosidl_generator_py/autogen_bt_interface/_autogen_bt_interface_s.ep.rosidl_typesupport_c.c.o[0m
[ 95%] [32m[1mLinking C shared library rosidl_generator_py/autogen_bt_interface/autogen_bt_interface_s__rosidl_typesupport_introspection_c.cpython-310-x86_64-linux-gnu.so[0m
[ 97%] [32m[1mLinking C shared library rosidl_generator_py/autogen_bt_interface/autogen_bt_interface_s__rosidl_typesupport_c.cpython-310-x86_64-linux-gnu.so[0m
[100%] [32m[1mLinking C shared library rosidl_generator_py/autogen_bt_interface/autogen_bt_interface_s__rosidl_typesupport_fastrtps_c.cpython-310-x86_64-linux-gnu.so[0m
[100%] Built target autogen_bt_interface__rosidl_typesupport_introspection_c__pyext
[100%] Built target autogen_bt_interface__rosidl_typesupport_c__pyext
[100%] Built target autogen_bt_interface__rosidl_typesupport_fastrtps_c__pyext
-- Install configuration: ""
-- Installing: /home/absolutezeno/Auto-BT-Generation/install/autogen_bt_interface/share/ament_index/resource_index/rosidl_interfaces/autogen_bt_interface
-- Up-to-date: /home/absolutezeno/Auto-BT-Generation/install/autogen_bt_interface/include/autogen_bt_interface/autogen_bt_interface
-- Up-to-date: /home/absolutezeno/Auto-BT-Generation/install/autogen_bt_interface/include/autogen_bt_interface/autogen_bt_interface/msg
-- Up-to-date: /home/absolutezeno/Auto-BT-Generation/install/autogen_bt_interface/include/autogen_bt_interface/autogen_bt_interface/msg/rosidl_generator_c__visibility_control.h
-- Installing: /home/absolutezeno/Auto-BT-Generation/install/autogen_bt_interface/include/autogen_bt_interface/autogen_bt_interface/msg/string_stamped.h
-- Installing: /home/absolutezeno/Auto-BT-Generation/install/autogen_bt_interface/include/autogen_bt_interface/autogen_bt_interface/msg/detail
-- Installing: /home/absolutezeno/Auto-BT-Generation/install/autogen_bt_interface/include/autogen_bt_interface/autogen_bt_interface/msg/detail/string_stamped__functions.c
-- Installing: /home/absolutezeno/Auto-BT-Generation/install/autogen_bt_interface/include/autogen_bt_interface/autogen_bt_interface/msg/detail/string_stamped__type_support.h
-- Installing: /home/absolutezeno/Auto-BT-Generation/install/autogen_bt_interface/include/autogen_bt_interface/autogen_bt_interface/msg/detail/string_stamped__functions.h
-- Installing: /home/absolutezeno/Auto-BT-Generation/install/autogen_bt_interface/include/autogen_bt_interface/autogen_bt_interface/msg/detail/string_stamped__struct.h
-- Up-to-date: /home/absolutezeno/Auto-BT-Generation/install/autogen_bt_interface/include/autogen_bt_interface/autogen_bt_interface/srv
-- Installing: /home/absolutezeno/Auto-BT-Generation/install/autogen_bt_interface/include/autogen_bt_interface/autogen_bt_interface/srv/picking_request.h
-- Installing: /home/absolutezeno/Auto-BT-Generation/install/autogen_bt_interface/include/autogen_bt_interface/autogen_bt_interface/srv/charging_request.h
-- Up-to-date: /home/absolutezeno/Auto-BT-Generation/install/autogen_bt_interface/include/autogen_bt_interface/autogen_bt_interface/srv/detail
-- Installing: /home/absolutezeno/Auto-BT-Generation/install/autogen_bt_interface/include/autogen_bt_interface/autogen_bt_interface/srv/detail/charging_request__type_support.h
-- Installing: /home/absolutezeno/Auto-BT-Generation/install/autogen_bt_interface/include/autogen_bt_interface/autogen_bt_interface/srv/detail/picking_request__type_support.h
-- Installing: /home/absolutezeno/Auto-BT-Generation/install/autogen_bt_interface/include/autogen_bt_interface/autogen_bt_interface/srv/detail/picking_request__functions.h
-- Installing: /home/absolutezeno/Auto-BT-Generation/install/autogen_bt_interface/include/autogen_bt_interface/autogen_bt_interface/srv/detail/charging_request__functions.h
-- Installing: /home/absolutezeno/Auto-BT-Generation/install/autogen_bt_interface/include/autogen_bt_interface/autogen_bt_interface/srv/detail/picking_request__functions.c
-- Installing: /home/absolutezeno/Auto-BT-Generation/install/autogen_bt_interface/include/autogen_bt_interface/autogen_bt_interface/srv/detail/picking_request__struct.h
-- Installing: /home/absolutezeno/Auto-BT-Generation/install/autogen_bt_interface/include/autogen_bt_interface/autogen_bt_interface/srv/detail/charging_request__struct.h
-- Installing: /home/absolutezeno/Auto-BT-Generation/install/autogen_bt_interface/include/autogen_bt_interface/autogen_bt_interface/srv/detail/charging_request__functions.c
-- Up-to-date: /home/absolutezeno/Auto-BT-Generation/install/autogen_bt_interface/share/autogen_bt_interface/environment/library_path.sh
-- Installing: /home/absolutezeno/Auto-BT-Generation/install/autogen_bt_interface/share/autogen_bt_interface/environment/library_path.dsv
-- Installing: /home/absolutezeno/Auto-BT-Generation/install/autogen_bt_interface/lib/libautogen_bt_interface__rosidl_generator_c.so
-- Set runtime path of "/home/absolutezeno/Auto-BT-Generation/install/autogen_bt_interface/lib/libautogen_bt_interface__rosidl_generator_c.so" to ""
-- Up-to-date: /home/absolutezeno/Auto-BT-Generation/install/autogen_bt_interface/include/autogen_bt_interface/autogen_bt_interface
-- Up-to-date: /home/absolutezeno/Auto-BT-Generation/install/autogen_bt_interface/include/autogen_bt_interface/autogen_bt_interface/msg
-- Up-to-date: /home/absolutezeno/Auto-BT-Generation/install/autogen_bt_interface/include/autogen_bt_interface/autogen_bt_interface/msg/rosidl_typesupport_fastrtps_c__visibility_control.h
-- Up-to-date: /home/absolutezeno/Auto-BT-Generation/install/autogen_bt_interface/include/autogen_bt_interface/autogen_bt_interface/msg/detail
-- Installing: /home/absolutezeno/Auto-BT-Generation/install/autogen_bt_interface/include/autogen_bt_interface/autogen_bt_interface/msg/detail/string_stamped__rosidl_typesupport_fastrtps_c.h
-- Up-to-date: /home/absolutezeno/Auto-BT-Generation/install/autogen_bt_interface/include/autogen_bt_interface/autogen_bt_interface/srv
-- Up-to-date: /home/absolutezeno/Auto-BT-Generation/install/autogen_bt_interface/include/autogen_bt_interface/autogen_bt_interface/srv/detail
-- Installing: /home/absolutezeno/Auto-BT-Generation/install/autogen_bt_interface/include/autogen_bt_interface/autogen_bt_interface/srv/detail/charging_request__rosidl_typesupport_fastrtps_c.h
-- Installing: /home/absolutezeno/Auto-BT-Generation/install/autogen_bt_interface/include/autogen_bt_interface/autogen_bt_interface/srv/detail/picking_request__rosidl_typesupport_fastrtps_c.h
-- Installing: /home/absolutezeno/Auto-BT-Generation/install/autogen_bt_interface/lib/libautogen_bt_interface__rosidl_typesupport_fastrtps_c.so
-- Set runtime path of "/home/absolutezeno/Auto-BT-Generation/install/autogen_bt_interface/lib/libautogen_bt_interface__rosidl_typesupport_fastrtps_c.so" to ""
-- Up-to-date: /home/absolutezeno/Auto-BT-Generation/install/autogen_bt_interface/include/autogen_bt_interface/autogen_bt_interface
-- Up-to-date: /home/absolutezeno/Auto-BT-Generation/install/autogen_bt_interface/include/autogen_bt_interface/autogen_bt_interface/msg
-- Up-to-date: /home/absolutezeno/Auto-BT-Generation/install/autogen_bt_interface/include/autogen_bt_interface/autogen_bt_interface/msg/rosidl_generator_cpp__visibility_control.hpp
-- Installing: /home/absolutezeno/Auto-BT-Generation/install/autogen_bt_interface/include/autogen_bt_interface/autogen_bt_interface/msg/string_stamped.hpp
-- Up-to-date: /home/absolutezeno/Auto-BT-Generation/install/autogen_bt_interface/include/autogen_bt_interface/autogen_bt_interface/msg/detail
-- Installing: /home/absolutezeno/Auto-BT-Generation/install/autogen_bt_interface/include/autogen_bt_interface/autogen_bt_interface/msg/detail/string_stamped__builder.hpp
-- Installing: /home/absolutezeno/Auto-BT-Generation/install/autogen_bt_interface/include/autogen_bt_interface/autogen_bt_interface/msg/detail/string_stamped__struct.hpp
-- Installing: /home/absolutezeno/Auto-BT-Generation/install/autogen_bt_interface/include/autogen_bt_interface/autogen_bt_interface/msg/detail/string_stamped__type_support.hpp
-- Installing: /home/absolutezeno/Auto-BT-Generation/install/autogen_bt_interface/include/autogen_bt_interface/autogen_bt_interface/msg/detail/string_stamped__traits.hpp
-- Up-to-date: /home/absolutezeno/Auto-BT-Generation/install/autogen_bt_interface/include/autogen_bt_interface/autogen_bt_interface/srv
-- Installing: /home/absolutezeno/Auto-BT-Generation/install/autogen_bt_interface/include/autogen_bt_interface/autogen_bt_interface/srv/charging_request.hpp
-- Installing: /home/absolutezeno/Auto-BT-Generation/install/autogen_bt_interface/include/autogen_bt_interface/autogen_bt_interface/srv/picking_request.hpp
-- Up-to-date: /home/absolutezeno/Auto-BT-Generation/install/autogen_bt_interface/include/autogen_bt_interface/autogen_bt_interface/srv/detail
-- Installing: /home/absolutezeno/Auto-BT-Generation/install/autogen_bt_interface/include/autogen_bt_interface/autogen_bt_interface/srv/detail/charging_request__builder.hpp
-- Installing: /home/absolutezeno/Auto-BT-Generation/install/autogen_bt_interface/include/autogen_bt_interface/autogen_bt_interface/srv/detail/picking_request__struct.hpp
-- Installing: /home/absolutezeno/Auto-BT-Generation/install/autogen_bt_interface/include/autogen_bt_interface/autogen_bt_interface/srv/detail/picking_request__traits.hpp
-- Installing: /home/absolutezeno/Auto-BT-Generation/install/autogen_bt_interface/include/autogen_bt_interface/autogen_bt_interface/srv/detail/picking_request__builder.hpp
-- Installing: /home/absolutezeno/Auto-BT-Generation/install/autogen_bt_interface/include/autogen_bt_interface/autogen_bt_interface/srv/detail/charging_request__type_support.hpp
-- Installing: /home/absolutezeno/Auto-BT-Generation/install/autogen_bt_interface/include/autogen_bt_interface/autogen_bt_interface/srv/detail/picking_request__type_support.hpp
-- Installing: /home/absolutezeno/Auto-BT-Generation/install/autogen_bt_interface/include/autogen_bt_interface/autogen_bt_interface/srv/detail/charging_request__traits.hpp
-- Installing: /home/absolutezeno/Auto-BT-Generation/install/autogen_bt_interface/include/autogen_bt_interface/autogen_bt_interface/srv/detail/charging_request__struct.hpp
-- Up-to-date: /home/absolutezeno/Auto-BT-Generation/install/autogen_bt_interface/include/autogen_bt_interface/autogen_bt_interface
-- Up-to-date: /home/absolutezeno/Auto-BT-Generation/install/autogen_bt_interface/include/autogen_bt_interface/autogen_bt_interface/msg
-- Up-to-date: /home/absolutezeno/Auto-BT-Generation/install/autogen_bt_interface/include/autogen_bt_interface/autogen_bt_interface/msg/rosidl_typesupport_fastrtps_cpp__visibility_control.h
-- Up-to-date: /home/absolutezeno/Auto-BT-Generation/install/autogen_bt_interface/include/autogen_bt_interface/autogen_bt_interface/msg/detail
-- Installing: /home/absolutezeno/Auto-BT-Generation/install/autogen_bt_interface/include/autogen_bt_interface/autogen_bt_interface/msg/detail/dds_fastrtps
-- Installing: /home/absolutezeno/Auto-BT-Generation/install/autogen_bt_interface/include/autogen_bt_interface/autogen_bt_interface/msg/detail/string_stamped__rosidl_typesupport_fastrtps_cpp.hpp
-- Up-to-date: /home/absolutezeno/Auto-BT-Generation/install/autogen_bt_interface/include/autogen_bt_interface/autogen_bt_interface/srv
-- Up-to-date: /home/absolutezeno/Auto-BT-Generation/install/autogen_bt_interface/include/autogen_bt_interface/autogen_bt_interface/srv/detail
-- Installing: /home/absolutezeno/Auto-BT-Generation/install/autogen_bt_interface/include/autogen_bt_interface/autogen_bt_interface/srv/detail/picking_request__rosidl_typesupport_fastrtps_cpp.hpp
-- Up-to-date: /home/absolutezeno/Auto-BT-Generation/install/autogen_bt_interface/include/autogen_bt_interface/autogen_bt_interface/srv/detail/dds_fastrtps
-- Installing: /home/absolutezeno/Auto-BT-Generation/install/autogen_bt_interface/include/autogen_bt_interface/autogen_bt_interface/srv/detail/charging_request__rosidl_typesupport_fastrtps_cpp.hpp
-- Installing: /home/absolutezeno/Auto-BT-Generation/install/autogen_bt_interface/lib/libautogen_bt_interface__rosidl_typesupport_fastrtps_cpp.so
-- Set runtime path of "/home/absolutezeno/Auto-BT-Generation/install/autogen_bt_interface/lib/libautogen_bt_interface__rosidl_typesupport_fastrtps_cpp.so" to ""
-- Up-to-date: /home/absolutezeno/Auto-BT-Generation/install/autogen_bt_interface/include/autogen_bt_interface/autogen_bt_interface
-- Up-to-date: /home/absolutezeno/Auto-BT-Generation/install/autogen_bt_interface/include/autogen_bt_interface/autogen_bt_interface/msg
-- Up-to-date: /home/absolutezeno/Auto-BT-Generation/install/autogen_bt_interface/include/autogen_bt_interface/autogen_bt_interface/msg/rosidl_typesupport_introspection_c__visibility_control.h
-- Up-to-date: /home/absolutezeno/Auto-BT-Generation/install/autogen_bt_interface/include/autogen_bt_interface/autogen_bt_interface/msg/detail
-- Installing: /home/absolutezeno/Auto-BT-Generation/install/autogen_bt_interface/include/autogen_bt_interface/autogen_bt_interface/msg/detail/string_stamped__type_support.c
-- Installing: /home/absolutezeno/Auto-BT-Generation/install/autogen_bt_interface/include/autogen_bt_interface/autogen_bt_interface/msg/detail/string_stamped__rosidl_typesupport_introspection_c.h
-- Up-to-date: /home/absolutezeno/Auto-BT-Generation/install/autogen_bt_interface/include/autogen_bt_interface/autogen_bt_interface/srv
-- Up-to-date: /home/absolutezeno/Auto-BT-Generation/install/autogen_bt_interface/include/autogen_bt_interface/autogen_bt_interface/srv/detail
-- Installing: /home/absolutezeno/Auto-BT-Generation/install/autogen_bt_interface/include/autogen_bt_interface/autogen_bt_interface/srv/detail/charging_request__rosidl_typesupport_introspection_c.h
-- Installing: /home/absolutezeno/Auto-BT-Generation/install/autogen_bt_interface/include/autogen_bt_interface/autogen_bt_interface/srv/detail/charging_request__type_support.c
-- Installing: /home/absolutezeno/Auto-BT-Generation/install/autogen_bt_interface/include/autogen_bt_interface/autogen_bt_interface/srv/detail/picking_request__rosidl_typesupport_introspection_c.h
-- Installing: /home/absolutezeno/Auto-BT-Generation/install/autogen_bt_interface/include/autogen_bt_interface/autogen_bt_interface/srv/detail/picking_request__type_support.c
-- Installing: /home/absolutezeno/Auto-BT-Generation/install/autogen_bt_interface/lib/libautogen_bt_interface__rosidl_typesupport_introspection_c.so
-- Set runtime path of "/home/absolutezeno/Auto-BT-Generation/install/autogen_bt_interface/lib/libautogen_bt_interface__rosidl_typesupport_introspection_c.so" to ""
-- Installing: /home/absolutezeno/Auto-BT-Generation/install/autogen_bt_interface/lib/libautogen_bt_interface__rosidl_typesupport_c.so
-- Set runtime path of "/home/absolutezeno/Auto-BT-Generation/install/autogen_bt_interface/lib/libautogen_bt_interface__rosidl_typesupport_c.so" to ""
-- Up-to-date: /home/absolutezeno/Auto-BT-Generation/install/autogen_bt_interface/include/autogen_bt_interface/autogen_bt_interface
-- Up-to-date: /home/absolutezeno/Auto-BT-Generation/install/autogen_bt_interface/include/autogen_bt_interface/autogen_bt_interface/msg
-- Up-to-date: /home/absolutezeno/Auto-BT-Generation/install/autogen_bt_interface/include/autogen_bt_interface/autogen_bt_interface/msg/detail
-- Installing: /home/absolutezeno/Auto-BT-Generation/install/autogen_bt_interface/include/autogen_bt_interface/autogen_bt_interface/msg/detail/string_stamped__type_support.cpp
-- Installing: /home/absolutezeno/Auto-BT-Generation/install/autogen_bt_interface/include/autogen_bt_interface/autogen_bt_interface/msg/detail/string_stamped__rosidl_typesupport_introspection_cpp.hpp
-- Up-to-date: /home/absolutezeno/Auto-BT-Generation/install/autogen_bt_interface/include/autogen_bt_interface/autogen_bt_interface/srv
-- Up-to-date: /home/absolutezeno/Auto-BT-Generation/install/autogen_bt_interface/include/autogen_bt_interface/autogen_bt_interface/srv/detail
-- Installing: /home/absolutezeno/Auto-BT-Generation/install/autogen_bt_interface/include/autogen_bt_interface/autogen_bt_interface/srv/detail/charging_request__rosidl_typesupport_introspection_cpp.hpp
-- Installing: /home/absolutezeno/Auto-BT-Generation/install/autogen_bt_interface/include/autogen_bt_interface/autogen_bt_interface/srv/detail/picking_request__rosidl_typesupport_introspection_cpp.hpp
-- Installing: /home/absolutezeno/Auto-BT-Generation/install/autogen_bt_interface/include/autogen_bt_interface/autogen_bt_interface/srv/detail/charging_request__type_support.cpp
-- Installing: /home/absolutezeno/Auto-BT-Generation/install/autogen_bt_interface/include/autogen_bt_interface/autogen_bt_interface/srv/detail/picking_request__type_support.cpp
-- Installing: /home/absolutezeno/Auto-BT-Generation/install/autogen_bt_interface/lib/libautogen_bt_interface__rosidl_typesupport_introspection_cpp.so
-- Set runtime path of "/home/absolutezeno/Auto-BT-Generation/install/autogen_bt_interface/lib/libautogen_bt_interface__rosidl_typesupport_introspection_cpp.so" to ""
-- Installing: /home/absolutezeno/Auto-BT-Generation/install/autogen_bt_interface/lib/libautogen_bt_interface__rosidl_typesupport_cpp.so
-- Set runtime path of "/home/absolutezeno/Auto-BT-Generation/install/autogen_bt_interface/lib/libautogen_bt_interface__rosidl_typesupport_cpp.so" to ""
-- Up-to-date: /home/absolutezeno/Auto-BT-Generation/install/autogen_bt_interface/share/autogen_bt_interface/environment/pythonpath.sh
-- Installing: /home/absolutezeno/Auto-BT-Generation/install/autogen_bt_interface/share/autogen_bt_interface/environment/pythonpath.dsv
-- Up-to-date: /home/absolutezeno/Auto-BT-Generation/install/autogen_bt_interface/local/lib/python3.10/dist-packages/autogen_bt_interface-0.0.0-py3.10.egg-info
-- Installing: /home/absolutezeno/Auto-BT-Generation/install/autogen_bt_interface/local/lib/python3.10/dist-packages/autogen_bt_interface-0.0.0-py3.10.egg-info/PKG-INFO
-- Installing: /home/absolutezeno/Auto-BT-Generation/install/autogen_bt_interface/local/lib/python3.10/dist-packages/autogen_bt_interface-0.0.0-py3.10.egg-info/top_level.txt
-- Installing: /home/absolutezeno/Auto-BT-Generation/install/autogen_bt_interface/local/lib/python3.10/dist-packages/autogen_bt_interface-0.0.0-py3.10.egg-info/dependency_links.txt
-- Installing: /home/absolutezeno/Auto-BT-Generation/install/autogen_bt_interface/local/lib/python3.10/dist-packages/autogen_bt_interface-0.0.0-py3.10.egg-info/SOURCES.txt
-- Up-to-date: /home/absolutezeno/Auto-BT-Generation/install/autogen_bt_interface/local/lib/python3.10/dist-packages/autogen_bt_interface
-- Installing: /home/absolutezeno/Auto-BT-Generation/install/autogen_bt_interface/local/lib/python3.10/dist-packages/autogen_bt_interface/_autogen_bt_interface_s.ep.rosidl_typesupport_introspection_c.c
-- Installing: /home/absolutezeno/Auto-BT-Generation/install/autogen_bt_interface/local/lib/python3.10/dist-packages/autogen_bt_interface/autogen_bt_interface_s__rosidl_typesupport_c.cpython-310-x86_64-linux-gnu.so
-- Installing: /home/absolutezeno/Auto-BT-Generation/install/autogen_bt_interface/local/lib/python3.10/dist-packages/autogen_bt_interface/autogen_bt_interface_s__rosidl_typesupport_introspection_c.cpython-310-x86_64-linux-gnu.so
-- Installing: /home/absolutezeno/Auto-BT-Generation/install/autogen_bt_interface/local/lib/python3.10/dist-packages/autogen_bt_interface/_autogen_bt_interface_s.ep.rosidl_typesupport_fastrtps_c.c
-- Installing: /home/absolutezeno/Auto-BT-Generation/install/autogen_bt_interface/local/lib/python3.10/dist-packages/autogen_bt_interface/_autogen_bt_interface_s.ep.rosidl_typesupport_c.c
-- Installing: /home/absolutezeno/Auto-BT-Generation/install/autogen_bt_interface/local/lib/python3.10/dist-packages/autogen_bt_interface/__init__.py
-- Installing: /home/absolutezeno/Auto-BT-Generation/install/autogen_bt_interface/local/lib/python3.10/dist-packages/autogen_bt_interface/msg
-- Installing: /home/absolutezeno/Auto-BT-Generation/install/autogen_bt_interface/local/lib/python3.10/dist-packages/autogen_bt_interface/msg/_string_stamped_s.c
-- Installing: /home/absolutezeno/Auto-BT-Generation/install/autogen_bt_interface/local/lib/python3.10/dist-packages/autogen_bt_interface/msg/_string_stamped.py
-- Installing: /home/absolutezeno/Auto-BT-Generation/install/autogen_bt_interface/local/lib/python3.10/dist-packages/autogen_bt_interface/msg/__init__.py
-- Installing: /home/absolutezeno/Auto-BT-Generation/install/autogen_bt_interface/local/lib/python3.10/dist-packages/autogen_bt_interface/autogen_bt_interface_s__rosidl_typesupport_fastrtps_c.cpython-310-x86_64-linux-gnu.so
-- Installing: /home/absolutezeno/Auto-BT-Generation/install/autogen_bt_interface/local/lib/python3.10/dist-packages/autogen_bt_interface/libautogen_bt_interface__rosidl_generator_py.so
-- Up-to-date: /home/absolutezeno/Auto-BT-Generation/install/autogen_bt_interface/local/lib/python3.10/dist-packages/autogen_bt_interface/srv
-- Installing: /home/absolutezeno/Auto-BT-Generation/install/autogen_bt_interface/local/lib/python3.10/dist-packages/autogen_bt_interface/srv/_charging_request_s.c
-- Installing: /home/absolutezeno/Auto-BT-Generation/install/autogen_bt_interface/local/lib/python3.10/dist-packages/autogen_bt_interface/srv/_picking_request_s.c
-- Installing: /home/absolutezeno/Auto-BT-Generation/install/autogen_bt_interface/local/lib/python3.10/dist-packages/autogen_bt_interface/srv/__init__.py
-- Installing: /home/absolutezeno/Auto-BT-Generation/install/autogen_bt_interface/local/lib/python3.10/dist-packages/autogen_bt_interface/srv/_charging_request.py
-- Installing: /home/absolutezeno/Auto-BT-Generation/install/autogen_bt_interface/local/lib/python3.10/dist-packages/autogen_bt_interface/srv/_picking_request.py
Listing '/home/absolutezeno/Auto-BT-Generation/install/autogen_bt_interface/local/lib/python3.10/dist-packages/autogen_bt_interface'...
Compiling '/home/absolutezeno/Auto-BT-Generation/install/autogen_bt_interface/local/lib/python3.10/dist-packages/autogen_bt_interface/__init__.py'...
Listing '/home/absolutezeno/Auto-BT-Generation/install/autogen_bt_interface/local/lib/python3.10/dist-packages/autogen_bt_interface/msg'...
Compiling '/home/absolutezeno/Auto-BT-Generation/install/autogen_bt_interface/local/lib/python3.10/dist-packages/autogen_bt_interface/msg/__init__.py'...
Compiling '/home/absolutezeno/Auto-BT-Generation/install/autogen_bt_interface/local/lib/python3.10/dist-packages/autogen_bt_interface/msg/_string_stamped.py'...
Listing '/home/absolutezeno/Auto-BT-Generation/install/autogen_bt_interface/local/lib/python3.10/dist-packages/autogen_bt_interface/srv'...
Compiling '/home/absolutezeno/Auto-BT-Generation/install/autogen_bt_interface/local/lib/python3.10/dist-packages/autogen_bt_interface/srv/__init__.py'...
Compiling '/home/absolutezeno/Auto-BT-Generation/install/autogen_bt_interface/local/lib/python3.10/dist-packages/autogen_bt_interface/srv/_charging_request.py'...
Compiling '/home/absolutezeno/Auto-BT-Generation/install/autogen_bt_interface/local/lib/python3.10/dist-packages/autogen_bt_interface/srv/_picking_request.py'...
-- Installing: /home/absolutezeno/Auto-BT-Generation/install/autogen_bt_interface/local/lib/python3.10/dist-packages/autogen_bt_interface/autogen_bt_interface_s__rosidl_typesupport_fastrtps_c.cpython-310-x86_64-linux-gnu.so
-- Set runtime path of "/home/absolutezeno/Auto-BT-Generation/install/autogen_bt_interface/local/lib/python3.10/dist-packages/autogen_bt_interface/autogen_bt_interface_s__rosidl_typesupport_fastrtps_c.cpython-310-x86_64-linux-gnu.so" to ""
-- Installing: /home/absolutezeno/Auto-BT-Generation/install/autogen_bt_interface/local/lib/python3.10/dist-packages/autogen_bt_interface/autogen_bt_interface_s__rosidl_typesupport_introspection_c.cpython-310-x86_64-linux-gnu.so
-- Set runtime path of "/home/absolutezeno/Auto-BT-Generation/install/autogen_bt_interface/local/lib/python3.10/dist-packages/autogen_bt_interface/autogen_bt_interface_s__rosidl_typesupport_introspection_c.cpython-310-x86_64-linux-gnu.so" to ""
-- Installing: /home/absolutezeno/Auto-BT-Generation/install/autogen_bt_interface/local/lib/python3.10/dist-packages/autogen_bt_interface/autogen_bt_interface_s__rosidl_typesupport_c.cpython-310-x86_64-linux-gnu.so
-- Set runtime path of "/home/absolutezeno/Auto-BT-Generation/install/autogen_bt_interface/local/lib/python3.10/dist-packages/autogen_bt_interface/autogen_bt_interface_s__rosidl_typesupport_c.cpython-310-x86_64-linux-gnu.so" to ""
-- Installing: /home/absolutezeno/Auto-BT-Generation/install/autogen_bt_interface/lib/libautogen_bt_interface__rosidl_generator_py.so
-- Set runtime path of "/home/absolutezeno/Auto-BT-Generation/install/autogen_bt_interface/lib/libautogen_bt_interface__rosidl_generator_py.so" to ""
-- Up-to-date: /home/absolutezeno/Auto-BT-Generation/install/autogen_bt_interface/share/autogen_bt_interface/srv/ChargingRequest.idl
-- Up-to-date: /home/absolutezeno/Auto-BT-Generation/install/autogen_bt_interface/share/autogen_bt_interface/srv/PickingRequest.idl
-- Installing: /home/absolutezeno/Auto-BT-Generation/install/autogen_bt_interface/share/autogen_bt_interface/msg/StringStamped.idl
-- Up-to-date: /home/absolutezeno/Auto-BT-Generation/install/autogen_bt_interface/share/autogen_bt_interface/srv/ChargingRequest.srv
-- Up-to-date: /home/absolutezeno/Auto-BT-Generation/install/autogen_bt_interface/share/autogen_bt_interface/srv/ChargingRequest_Request.msg
-- Up-to-date: /home/absolutezeno/Auto-BT-Generation/install/autogen_bt_interface/share/autogen_bt_interface/srv/ChargingRequest_Response.msg
-- Up-to-date: /home/absolutezeno/Auto-BT-Generation/install/autogen_bt_interface/share/autogen_bt_interface/srv/PickingRequest.srv
-- Up-to-date: /home/absolutezeno/Auto-BT-Generation/install/autogen_bt_interface/share/autogen_bt_interface/srv/PickingRequest_Request.msg
-- Up-to-date: /home/absolutezeno/Auto-BT-Generation/install/autogen_bt_interface/share/autogen_bt_interface/srv/PickingRequest_Response.msg
-- Installing: /home/absolutezeno/Auto-BT-Generation/install/autogen_bt_interface/share/autogen_bt_interface/msg/StringStamped.msg
-- Up-to-date: /home/absolutezeno/Auto-BT-Generation/install/autogen_bt_interface/share/ament_index/resource_index/package_run_dependencies/autogen_bt_interface
-- Installing: /home/absolutezeno/Auto-BT-Generation/install/autogen_bt_interface/share/ament_index/resource_index/parent_prefix_path/autogen_bt_interface
-- Up-to-date: /home/absolutezeno/Auto-BT-Generation/install/autogen_bt_interface/share/autogen_bt_interface/environment/ament_prefix_path.sh
-- Installing: /home/absolutezeno/Auto-BT-Generation/install/autogen_bt_interface/share/autogen_bt_interface/environment/ament_prefix_path.dsv
-- Up-to-date: /home/absolutezeno/Auto-BT-Generation/install/autogen_bt_interface/share/autogen_bt_interface/environment/path.sh
-- Installing: /home/absolutezeno/Auto-BT-Generation/install/autogen_bt_interface/share/autogen_bt_interface/environment/path.dsv
-- Up-to-date: /home/absolutezeno/Auto-BT-Generation/install/autogen_bt_interface/share/autogen_bt_interface/local_setup.bash
-- Up-to-date: /home/absolutezeno/Auto-BT-Generation/install/autogen_bt_interface/share/autogen_bt_interface/local_setup.sh
-- Up-to-date: /home/absolutezeno/Auto-BT-Generation/install/autogen_bt_interface/share/autogen_bt_interface/local_setup.zsh
-- Installing: /home/absolutezeno/Auto-BT-Generation/install/autogen_bt_interface/share/autogen_bt_interface/local_setup.dsv
-- Installing: /home/absolutezeno/Auto-BT-Generation/install/autogen_bt_interface/share/autogen_bt_interface/package.dsv
-- Up-to-date: /home/absolutezeno/Auto-BT-Generation/install/autogen_bt_interface/share/ament_index/resource_index/packages/autogen_bt_interface
-- Up-to-date: /home/absolutezeno/Auto-BT-Generation/install/autogen_bt_interface/share/autogen_bt_interface/cmake/export_autogen_bt_interface__rosidl_generator_cExport.cmake
-- Up-to-date: /home/absolutezeno/Auto-BT-Generation/install/autogen_bt_interface/share/autogen_bt_interface/cmake/export_autogen_bt_interface__rosidl_generator_cExport-noconfig.cmake
-- Up-to-date: /home/absolutezeno/Auto-BT-Generation/install/autogen_bt_interface/share/autogen_bt_interface/cmake/export_autogen_bt_interface__rosidl_typesupport_fastrtps_cExport.cmake
-- Up-to-date: /home/absolutezeno/Auto-BT-Generation/install/autogen_bt_interface/share/autogen_bt_interface/cmake/export_autogen_bt_interface__rosidl_typesupport_fastrtps_cExport-noconfig.cmake
-- Up-to-date: /home/absolutezeno/Auto-BT-Generation/install/autogen_bt_interface/share/autogen_bt_interface/cmake/export_autogen_bt_interface__rosidl_generator_cppExport.cmake
-- Up-to-date: /home/absolutezeno/Auto-BT-Generation/install/autogen_bt_interface/share/autogen_bt_interface/cmake/export_autogen_bt_interface__rosidl_typesupport_fastrtps_cppExport.cmake
-- Up-to-date: /home/absolutezeno/Auto-BT-Generation/install/autogen_bt_interface/share/autogen_bt_interface/cmake/export_autogen_bt_interface__rosidl_typesupport_fastrtps_cppExport-noconfig.cmake
-- Up-to-date: /home/absolutezeno/Auto-BT-Generation/install/autogen_bt_interface/share/autogen_bt_interface/cmake/autogen_bt_interface__rosidl_typesupport_introspection_cExport.cmake
-- Up-to-date: /home/absolutezeno/Auto-BT-Generation/install/autogen_bt_interface/share/autogen_bt_interface/cmake/autogen_bt_interface__rosidl_typesupport_introspection_cExport-noconfig.cmake
-- Up-to-date: /home/absolutezeno/Auto-BT-Generation/install/autogen_bt_interface/share/autogen_bt_interface/cmake/autogen_bt_interface__rosidl_typesupport_cExport.cmake
-- Up-to-date: /home/absolutezeno/Auto-BT-Generation/install/autogen_bt_interface/share/autogen_bt_interface/cmake/autogen_bt_interface__rosidl_typesupport_cExport-noconfig.cmake
-- Up-to-date: /home/absolutezeno/Auto-BT-Generation/install/autogen_bt_interface/share/autogen_bt_interface/cmake/autogen_bt_interface__rosidl_typesupport_introspection_cppExport.cmake
-- Up-to-date: /home/absolutezeno/Auto-BT-Generation/install/autogen_bt_interface/share/autogen_bt_interface/cmake/autogen_bt_interface__rosidl_typesupport_introspection_cppExport-noconfig.cmake
-- Up-to-date: /home/absolutezeno/Auto-BT-Generation/install/autogen_bt_interface/share/autogen_bt_interface/cmake/autogen_bt_interface__rosidl_typesupport_cppExport.cmake
-- Up-to-date: /home/absolutezeno/Auto-BT-Generation/install/autogen_bt_interface/share/autogen_bt_interface/cmake/autogen_bt_interface__rosidl_typesupport_cppExport-noconfig.cmake
-- Up-to-date: /home/absolutezeno/Auto-BT-Generation/install/autogen_bt_interface/share/autogen_bt_interface/cmake/export_autogen_bt_interface__rosidl_generator_pyExport.cmake
-- Up-to-date: /home/absolutezeno/Auto-BT-Generation/install/autogen_bt_interface/share/autogen_bt_interface/cmake/export_autogen_bt_interface__rosidl_generator_pyExport-noconfig.cmake
-- Installing: /home/absolutezeno/Auto-BT-Generation/install/autogen_bt_interface/share/autogen_bt_interface/cmake/rosidl_cmake-extras.cmake
-- Up-to-date: /home/absolutezeno/Auto-BT-Generation/install/autogen_bt_interface/share/autogen_bt_interface/cmake/ament_cmake_export_dependencies-extras.cmake
-- Up-to-date: /home/absolutezeno/Auto-BT-Generation/install/autogen_bt_interface/share/autogen_bt_interface/cmake/ament_cmake_export_include_directories-extras.cmake
-- Up-to-date: /home/absolutezeno/Auto-BT-Generation/install/autogen_bt_interface/share/autogen_bt_interface/cmake/ament_cmake_export_libraries-extras.cmake
-- Up-to-date: /home/absolutezeno/Auto-BT-Generation/install/autogen_bt_interface/share/autogen_bt_interface/cmake/ament_cmake_export_targets-extras.cmake
-- Up-to-date: /home/absolutezeno/Auto-BT-Generation/install/autogen_bt_interface/share/autogen_bt_interface/cmake/rosidl_cmake_export_typesupport_targets-extras.cmake
-- Up-to-date: /home/absolutezeno/Auto-BT-Generation/install/autogen_bt_interface/share/autogen_bt_interface/cmake/rosidl_cmake_export_typesupport_libraries-extras.cmake
-- Up-to-date: /home/absolutezeno/Auto-BT-Generation/install/autogen_bt_interface/share/autogen_bt_interface/cmake/autogen_bt_interfaceConfig.cmake
-- Up-to-date: /home/absolutezeno/Auto-BT-Generation/install/autogen_bt_interface/share/autogen_bt_interface/cmake/autogen_bt_interfaceConfig-version.cmake
-- Up-to-date: /home/absolutezeno/Auto-BT-Generation/install/autogen_bt_interface/share/autogen_bt_interface/package.xml
