[0.025s] Invoking command in '/home/absolutezeno/Auto-BT-Generation/build/turtlebot3_description': CMAKE_PREFIX_PATH=/opt/ros/humble PS1=(isaaclab) \[\e]0;\u@\h: \w\a\]${debian_chroot:+($debian_chroot)}\[\033[01;32m\]\u@\h\[\033[00m\]:\[\033[01;34m\]\w\[\033[00m\]\$ VIRTUAL_ENV_PROMPT=(isaaclab) /usr/bin/cmake --build /home/absolutezeno/Auto-BT-Generation/build/turtlebot3_description -- -j20 -l20
[0.591s] -- Found ament_cmake: 1.3.11 (/opt/ros/humble/share/ament_cmake/cmake)
[0.592s] -- Found Python3: /home/absolutezeno/isaaclab/bin/python3 (found version "3.10.12") found components: Interpreter 
[0.592s] -- Found urdf: 2.6.1 (/opt/ros/humble/share/urdf/cmake)
[0.592s] -- Configuring done
[0.592s] -- Generating done
[0.592s] -- Build files have been written to: /home/absolutezeno/Auto-BT-Generation/build/turtlebot3_description
[0.756s] Invoked command in '/home/absolutezeno/Auto-BT-Generation/build/turtlebot3_description' returned '0': CMAKE_PREFIX_PATH=/opt/ros/humble PS1=(isaaclab) \[\e]0;\u@\h: \w\a\]${debian_chroot:+($debian_chroot)}\[\033[01;32m\]\u@\h\[\033[00m\]:\[\033[01;34m\]\w\[\033[00m\]\$ VIRTUAL_ENV_PROMPT=(isaaclab) /usr/bin/cmake --build /home/absolutezeno/Auto-BT-Generation/build/turtlebot3_description -- -j20 -l20
[0.782s] Invoking command in '/home/absolutezeno/Auto-BT-Generation/build/turtlebot3_description': CMAKE_PREFIX_PATH=/opt/ros/humble PS1=(isaaclab) \[\e]0;\u@\h: \w\a\]${debian_chroot:+($debian_chroot)}\[\033[01;32m\]\u@\h\[\033[00m\]:\[\033[01;34m\]\w\[\033[00m\]\$ VIRTUAL_ENV_PROMPT=(isaaclab) /usr/bin/cmake --install /home/absolutezeno/Auto-BT-Generation/build/turtlebot3_description
[0.788s] -- Install configuration: ""
[0.788s] -- Up-to-date: /home/absolutezeno/Auto-BT-Generation/install/turtlebot3_description/share/turtlebot3_description/meshes
[0.788s] -- Up-to-date: /home/absolutezeno/Auto-BT-Generation/install/turtlebot3_description/share/turtlebot3_description/meshes/sensors
[0.789s] -- Up-to-date: /home/absolutezeno/Auto-BT-Generation/install/turtlebot3_description/share/turtlebot3_description/meshes/sensors/r200.dae
[0.789s] -- Up-to-date: /home/absolutezeno/Auto-BT-Generation/install/turtlebot3_description/share/turtlebot3_description/meshes/sensors/astra.jpg
[0.789s] -- Up-to-date: /home/absolutezeno/Auto-BT-Generation/install/turtlebot3_description/share/turtlebot3_description/meshes/sensors/lds.stl
[0.789s] -- Up-to-date: /home/absolutezeno/Auto-BT-Generation/install/turtlebot3_description/share/turtlebot3_description/meshes/sensors/astra.dae
[0.789s] -- Up-to-date: /home/absolutezeno/Auto-BT-Generation/install/turtlebot3_description/share/turtlebot3_description/meshes/sensors/r200.jpg
[0.789s] -- Up-to-date: /home/absolutezeno/Auto-BT-Generation/install/turtlebot3_description/share/turtlebot3_description/meshes/wheels
[0.789s] -- Up-to-date: /home/absolutezeno/Auto-BT-Generation/install/turtlebot3_description/share/turtlebot3_description/meshes/wheels/left_tire.stl
[0.789s] -- Up-to-date: /home/absolutezeno/Auto-BT-Generation/install/turtlebot3_description/share/turtlebot3_description/meshes/wheels/right_tire.stl
[0.789s] -- Up-to-date: /home/absolutezeno/Auto-BT-Generation/install/turtlebot3_description/share/turtlebot3_description/meshes/bases
[0.789s] -- Up-to-date: /home/absolutezeno/Auto-BT-Generation/install/turtlebot3_description/share/turtlebot3_description/meshes/bases/waffle_base.stl
[0.790s] -- Up-to-date: /home/absolutezeno/Auto-BT-Generation/install/turtlebot3_description/share/turtlebot3_description/meshes/bases/waffle_pi_base.stl
[0.790s] -- Up-to-date: /home/absolutezeno/Auto-BT-Generation/install/turtlebot3_description/share/turtlebot3_description/meshes/bases/burger_base.stl
[0.790s] -- Up-to-date: /home/absolutezeno/Auto-BT-Generation/install/turtlebot3_description/share/turtlebot3_description/rviz
[0.790s] -- Up-to-date: /home/absolutezeno/Auto-BT-Generation/install/turtlebot3_description/share/turtlebot3_description/rviz/model.rviz
[0.790s] -- Up-to-date: /home/absolutezeno/Auto-BT-Generation/install/turtlebot3_description/share/turtlebot3_description/urdf
[0.790s] -- Up-to-date: /home/absolutezeno/Auto-BT-Generation/install/turtlebot3_description/share/turtlebot3_description/urdf/turtlebot3_waffle.urdf
[0.791s] -- Up-to-date: /home/absolutezeno/Auto-BT-Generation/install/turtlebot3_description/share/turtlebot3_description/urdf/turtlebot3_burger.urdf
[0.791s] -- Up-to-date: /home/absolutezeno/Auto-BT-Generation/install/turtlebot3_description/share/turtlebot3_description/urdf/turtlebot3_waffle_pi.urdf
[0.791s] -- Up-to-date: /home/absolutezeno/Auto-BT-Generation/install/turtlebot3_description/share/turtlebot3_description/urdf/turtlebot3_burger
[0.792s] -- Up-to-date: /home/absolutezeno/Auto-BT-Generation/install/turtlebot3_description/share/turtlebot3_description/urdf/turtlebot3_burger/turtlebot3_burger.usd
[0.792s] -- Up-to-date: /home/absolutezeno/Auto-BT-Generation/install/turtlebot3_description/share/turtlebot3_description/urdf/common_properties.urdf
[0.792s] -- Up-to-date: /home/absolutezeno/Auto-BT-Generation/install/turtlebot3_description/share/ament_index/resource_index/package_run_dependencies/turtlebot3_description
[0.792s] -- Installing: /home/absolutezeno/Auto-BT-Generation/install/turtlebot3_description/share/ament_index/resource_index/parent_prefix_path/turtlebot3_description
[0.792s] -- Installing: /home/absolutezeno/Auto-BT-Generation/install/turtlebot3_description/share/turtlebot3_description/environment/ament_prefix_path.sh
[0.792s] -- Installing: /home/absolutezeno/Auto-BT-Generation/install/turtlebot3_description/share/turtlebot3_description/environment/ament_prefix_path.dsv
[0.793s] -- Installing: /home/absolutezeno/Auto-BT-Generation/install/turtlebot3_description/share/turtlebot3_description/environment/path.sh
[0.793s] -- Installing: /home/absolutezeno/Auto-BT-Generation/install/turtlebot3_description/share/turtlebot3_description/environment/path.dsv
[0.793s] -- Up-to-date: /home/absolutezeno/Auto-BT-Generation/install/turtlebot3_description/share/turtlebot3_description/local_setup.bash
[0.793s] -- Up-to-date: /home/absolutezeno/Auto-BT-Generation/install/turtlebot3_description/share/turtlebot3_description/local_setup.sh
[0.793s] -- Up-to-date: /home/absolutezeno/Auto-BT-Generation/install/turtlebot3_description/share/turtlebot3_description/local_setup.zsh
[0.793s] -- Installing: /home/absolutezeno/Auto-BT-Generation/install/turtlebot3_description/share/turtlebot3_description/local_setup.dsv
[0.793s] -- Installing: /home/absolutezeno/Auto-BT-Generation/install/turtlebot3_description/share/turtlebot3_description/package.dsv
[0.793s] -- Up-to-date: /home/absolutezeno/Auto-BT-Generation/install/turtlebot3_description/share/ament_index/resource_index/packages/turtlebot3_description
[0.793s] -- Up-to-date: /home/absolutezeno/Auto-BT-Generation/install/turtlebot3_description/share/turtlebot3_description/cmake/turtlebot3_descriptionConfig.cmake
[0.794s] -- Up-to-date: /home/absolutezeno/Auto-BT-Generation/install/turtlebot3_description/share/turtlebot3_description/cmake/turtlebot3_descriptionConfig-version.cmake
[0.794s] -- Up-to-date: /home/absolutezeno/Auto-BT-Generation/install/turtlebot3_description/share/turtlebot3_description/package.xml
[0.794s] Invoked command in '/home/absolutezeno/Auto-BT-Generation/build/turtlebot3_description' returned '0': CMAKE_PREFIX_PATH=/opt/ros/humble PS1=(isaaclab) \[\e]0;\u@\h: \w\a\]${debian_chroot:+($debian_chroot)}\[\033[01;32m\]\u@\h\[\033[00m\]:\[\033[01;34m\]\w\[\033[00m\]\$ VIRTUAL_ENV_PROMPT=(isaaclab) /usr/bin/cmake --install /home/absolutezeno/Auto-BT-Generation/build/turtlebot3_description
