[0.544s] Invoking command in '/home/absolutezeno/Auto-BT-Generation/build/custom_message': CMAKE_PREFIX_PATH=/opt/ros/humble PS1=(isaaclab) \[\e]0;\u@\h: \w\a\]${debian_chroot:+($debian_chroot)}\[\033[01;32m\]\u@\h\[\033[00m\]:\[\033[01;34m\]\w\[\033[00m\]\$ VIRTUAL_ENV_PROMPT=(isaaclab) /usr/bin/cmake --build /home/absolutezeno/Auto-BT-Generation/build/custom_message -- -j20 -l20
[0.572s] [35m[1mConsolidate compiler generated dependencies of target custom_message__rosidl_generator_c[0m
[0.576s] [  3%] Built target custom_message__cpp
[0.582s] [ 12%] Built target custom_message__rosidl_generator_c
[0.588s] [35m[1mConsolidate compiler generated dependencies of target custom_message__rosidl_typesupport_cpp[0m
[0.588s] [35m[1mConsolidate compiler generated dependencies of target custom_message__rosidl_typesupport_fastrtps_cpp[0m
[0.588s] [35m[1mConsolidate compiler generated dependencies of target custom_message__rosidl_typesupport_introspection_cpp[0m
[0.591s] [ 12%] Built target ament_cmake_python_copy_custom_message
[0.592s] [35m[1mConsolidate compiler generated dependencies of target custom_message__rosidl_typesupport_fastrtps_c[0m
[0.592s] [35m[1mConsolidate compiler generated dependencies of target custom_message__rosidl_typesupport_c[0m
[0.596s] [35m[1mConsolidate compiler generated dependencies of target custom_message__rosidl_typesupport_introspection_c[0m
[0.601s] [ 22%] Built target custom_message__rosidl_typesupport_fastrtps_cpp
[0.603s] [ 32%] Built target custom_message__rosidl_typesupport_introspection_cpp
[0.604s] [ 41%] Built target custom_message__rosidl_typesupport_cpp
[0.606s] [ 51%] Built target custom_message__rosidl_typesupport_fastrtps_c
[0.606s] [ 61%] Built target custom_message__rosidl_typesupport_introspection_c
[0.606s] [ 70%] Built target custom_message__rosidl_typesupport_c
[0.621s] [ 70%] Built target custom_message
[0.634s] [ 74%] Built target custom_message__py
[0.640s] [35m[1mConsolidate compiler generated dependencies of target custom_message__rosidl_generator_py[0m
[0.652s] [ 80%] Built target custom_message__rosidl_generator_py
[0.659s] [35m[1mConsolidate compiler generated dependencies of target custom_message__rosidl_typesupport_c__pyext[0m
[0.660s] [35m[1mConsolidate compiler generated dependencies of target custom_message__rosidl_typesupport_fastrtps_c__pyext[0m
[0.661s] [35m[1mConsolidate compiler generated dependencies of target custom_message__rosidl_typesupport_introspection_c__pyext[0m
[0.669s] [ 87%] Built target custom_message__rosidl_typesupport_fastrtps_c__pyext
[0.670s] [ 93%] Built target custom_message__rosidl_typesupport_c__pyext
[0.674s] [100%] Built target custom_message__rosidl_typesupport_introspection_c__pyext
[0.739s] running egg_info
[0.739s] writing custom_message.egg-info/PKG-INFO
[0.740s] writing dependency_links to custom_message.egg-info/dependency_links.txt
[0.740s] writing top-level names to custom_message.egg-info/top_level.txt
[0.741s] reading manifest file 'custom_message.egg-info/SOURCES.txt'
[0.741s] writing manifest file 'custom_message.egg-info/SOURCES.txt'
[0.759s] [100%] Built target ament_cmake_python_build_custom_message_egg
[0.800s] Invoked command in '/home/absolutezeno/Auto-BT-Generation/build/custom_message' returned '0': CMAKE_PREFIX_PATH=/opt/ros/humble PS1=(isaaclab) \[\e]0;\u@\h: \w\a\]${debian_chroot:+($debian_chroot)}\[\033[01;32m\]\u@\h\[\033[00m\]:\[\033[01;34m\]\w\[\033[00m\]\$ VIRTUAL_ENV_PROMPT=(isaaclab) /usr/bin/cmake --build /home/absolutezeno/Auto-BT-Generation/build/custom_message -- -j20 -l20
[0.857s] Invoking command in '/home/absolutezeno/Auto-BT-Generation/build/custom_message': CMAKE_PREFIX_PATH=/opt/ros/humble PS1=(isaaclab) \[\e]0;\u@\h: \w\a\]${debian_chroot:+($debian_chroot)}\[\033[01;32m\]\u@\h\[\033[00m\]:\[\033[01;34m\]\w\[\033[00m\]\$ VIRTUAL_ENV_PROMPT=(isaaclab) /usr/bin/cmake --install /home/absolutezeno/Auto-BT-Generation/build/custom_message
[0.869s] -- Install configuration: ""
[0.869s] -- Up-to-date: /home/absolutezeno/Auto-BT-Generation/install/custom_message/share/ament_index/resource_index/rosidl_interfaces/custom_message
[0.869s] -- Up-to-date: /home/absolutezeno/Auto-BT-Generation/install/custom_message/include/custom_message/custom_message
[0.869s] -- Up-to-date: /home/absolutezeno/Auto-BT-Generation/install/custom_message/include/custom_message/custom_message/msg
[0.869s] -- Up-to-date: /home/absolutezeno/Auto-BT-Generation/install/custom_message/include/custom_message/custom_message/msg/rosidl_generator_c__visibility_control.h
[0.869s] -- Installing: /home/absolutezeno/Auto-BT-Generation/install/custom_message/include/custom_message/custom_message/msg/sample_msg.h
[0.869s] -- Up-to-date: /home/absolutezeno/Auto-BT-Generation/install/custom_message/include/custom_message/custom_message/msg/detail
[0.869s] -- Installing: /home/absolutezeno/Auto-BT-Generation/install/custom_message/include/custom_message/custom_message/msg/detail/sample_msg__functions.h
[0.869s] -- Installing: /home/absolutezeno/Auto-BT-Generation/install/custom_message/include/custom_message/custom_message/msg/detail/sample_msg__type_support.h
[0.869s] -- Installing: /home/absolutezeno/Auto-BT-Generation/install/custom_message/include/custom_message/custom_message/msg/detail/sample_msg__struct.h
[0.870s] -- Installing: /home/absolutezeno/Auto-BT-Generation/install/custom_message/include/custom_message/custom_message/msg/detail/sample_msg__functions.c
[0.870s] -- Up-to-date: /home/absolutezeno/Auto-BT-Generation/install/custom_message/share/custom_message/environment/library_path.sh
[0.870s] -- Installing: /home/absolutezeno/Auto-BT-Generation/install/custom_message/share/custom_message/environment/library_path.dsv
[0.870s] -- Installing: /home/absolutezeno/Auto-BT-Generation/install/custom_message/lib/libcustom_message__rosidl_generator_c.so
[0.870s] -- Set runtime path of "/home/absolutezeno/Auto-BT-Generation/install/custom_message/lib/libcustom_message__rosidl_generator_c.so" to ""
[0.870s] -- Up-to-date: /home/absolutezeno/Auto-BT-Generation/install/custom_message/include/custom_message/custom_message
[0.870s] -- Up-to-date: /home/absolutezeno/Auto-BT-Generation/install/custom_message/include/custom_message/custom_message/msg
[0.870s] -- Up-to-date: /home/absolutezeno/Auto-BT-Generation/install/custom_message/include/custom_message/custom_message/msg/rosidl_typesupport_fastrtps_c__visibility_control.h
[0.870s] -- Up-to-date: /home/absolutezeno/Auto-BT-Generation/install/custom_message/include/custom_message/custom_message/msg/detail
[0.870s] -- Installing: /home/absolutezeno/Auto-BT-Generation/install/custom_message/include/custom_message/custom_message/msg/detail/sample_msg__rosidl_typesupport_fastrtps_c.h
[0.870s] -- Installing: /home/absolutezeno/Auto-BT-Generation/install/custom_message/lib/libcustom_message__rosidl_typesupport_fastrtps_c.so
[0.870s] -- Set runtime path of "/home/absolutezeno/Auto-BT-Generation/install/custom_message/lib/libcustom_message__rosidl_typesupport_fastrtps_c.so" to ""
[0.870s] -- Up-to-date: /home/absolutezeno/Auto-BT-Generation/install/custom_message/include/custom_message/custom_message
[0.870s] -- Up-to-date: /home/absolutezeno/Auto-BT-Generation/install/custom_message/include/custom_message/custom_message/msg
[0.870s] -- Installing: /home/absolutezeno/Auto-BT-Generation/install/custom_message/include/custom_message/custom_message/msg/sample_msg.hpp
[0.870s] -- Installing: /home/absolutezeno/Auto-BT-Generation/install/custom_message/include/custom_message/custom_message/msg/rosidl_generator_cpp__visibility_control.hpp
[0.870s] -- Up-to-date: /home/absolutezeno/Auto-BT-Generation/install/custom_message/include/custom_message/custom_message/msg/detail
[0.871s] -- Installing: /home/absolutezeno/Auto-BT-Generation/install/custom_message/include/custom_message/custom_message/msg/detail/sample_msg__struct.hpp
[0.871s] -- Installing: /home/absolutezeno/Auto-BT-Generation/install/custom_message/include/custom_message/custom_message/msg/detail/sample_msg__traits.hpp
[0.871s] -- Installing: /home/absolutezeno/Auto-BT-Generation/install/custom_message/include/custom_message/custom_message/msg/detail/sample_msg__builder.hpp
[0.871s] -- Installing: /home/absolutezeno/Auto-BT-Generation/install/custom_message/include/custom_message/custom_message/msg/detail/sample_msg__type_support.hpp
[0.871s] -- Up-to-date: /home/absolutezeno/Auto-BT-Generation/install/custom_message/include/custom_message/custom_message
[0.871s] -- Up-to-date: /home/absolutezeno/Auto-BT-Generation/install/custom_message/include/custom_message/custom_message/msg
[0.871s] -- Up-to-date: /home/absolutezeno/Auto-BT-Generation/install/custom_message/include/custom_message/custom_message/msg/rosidl_typesupport_fastrtps_cpp__visibility_control.h
[0.871s] -- Up-to-date: /home/absolutezeno/Auto-BT-Generation/install/custom_message/include/custom_message/custom_message/msg/detail
[0.871s] -- Installing: /home/absolutezeno/Auto-BT-Generation/install/custom_message/include/custom_message/custom_message/msg/detail/sample_msg__rosidl_typesupport_fastrtps_cpp.hpp
[0.871s] -- Up-to-date: /home/absolutezeno/Auto-BT-Generation/install/custom_message/include/custom_message/custom_message/msg/detail/dds_fastrtps
[0.871s] -- Installing: /home/absolutezeno/Auto-BT-Generation/install/custom_message/lib/libcustom_message__rosidl_typesupport_fastrtps_cpp.so
[0.871s] -- Set runtime path of "/home/absolutezeno/Auto-BT-Generation/install/custom_message/lib/libcustom_message__rosidl_typesupport_fastrtps_cpp.so" to ""
[0.871s] -- Up-to-date: /home/absolutezeno/Auto-BT-Generation/install/custom_message/include/custom_message/custom_message
[0.871s] -- Up-to-date: /home/absolutezeno/Auto-BT-Generation/install/custom_message/include/custom_message/custom_message/msg
[0.872s] -- Up-to-date: /home/absolutezeno/Auto-BT-Generation/install/custom_message/include/custom_message/custom_message/msg/rosidl_typesupport_introspection_c__visibility_control.h
[0.872s] -- Up-to-date: /home/absolutezeno/Auto-BT-Generation/install/custom_message/include/custom_message/custom_message/msg/detail
[0.872s] -- Installing: /home/absolutezeno/Auto-BT-Generation/install/custom_message/include/custom_message/custom_message/msg/detail/sample_msg__type_support.c
[0.872s] -- Installing: /home/absolutezeno/Auto-BT-Generation/install/custom_message/include/custom_message/custom_message/msg/detail/sample_msg__rosidl_typesupport_introspection_c.h
[0.872s] -- Installing: /home/absolutezeno/Auto-BT-Generation/install/custom_message/lib/libcustom_message__rosidl_typesupport_introspection_c.so
[0.872s] -- Set runtime path of "/home/absolutezeno/Auto-BT-Generation/install/custom_message/lib/libcustom_message__rosidl_typesupport_introspection_c.so" to ""
[0.872s] -- Installing: /home/absolutezeno/Auto-BT-Generation/install/custom_message/lib/libcustom_message__rosidl_typesupport_c.so
[0.872s] -- Set runtime path of "/home/absolutezeno/Auto-BT-Generation/install/custom_message/lib/libcustom_message__rosidl_typesupport_c.so" to ""
[0.873s] -- Up-to-date: /home/absolutezeno/Auto-BT-Generation/install/custom_message/include/custom_message/custom_message
[0.873s] -- Up-to-date: /home/absolutezeno/Auto-BT-Generation/install/custom_message/include/custom_message/custom_message/msg
[0.873s] -- Up-to-date: /home/absolutezeno/Auto-BT-Generation/install/custom_message/include/custom_message/custom_message/msg/detail
[0.873s] -- Installing: /home/absolutezeno/Auto-BT-Generation/install/custom_message/include/custom_message/custom_message/msg/detail/sample_msg__rosidl_typesupport_introspection_cpp.hpp
[0.873s] -- Installing: /home/absolutezeno/Auto-BT-Generation/install/custom_message/include/custom_message/custom_message/msg/detail/sample_msg__type_support.cpp
[0.873s] -- Installing: /home/absolutezeno/Auto-BT-Generation/install/custom_message/lib/libcustom_message__rosidl_typesupport_introspection_cpp.so
[0.873s] -- Set runtime path of "/home/absolutezeno/Auto-BT-Generation/install/custom_message/lib/libcustom_message__rosidl_typesupport_introspection_cpp.so" to ""
[0.873s] -- Installing: /home/absolutezeno/Auto-BT-Generation/install/custom_message/lib/libcustom_message__rosidl_typesupport_cpp.so
[0.873s] -- Set runtime path of "/home/absolutezeno/Auto-BT-Generation/install/custom_message/lib/libcustom_message__rosidl_typesupport_cpp.so" to ""
[0.873s] -- Up-to-date: /home/absolutezeno/Auto-BT-Generation/install/custom_message/share/custom_message/environment/pythonpath.sh
[0.873s] -- Installing: /home/absolutezeno/Auto-BT-Generation/install/custom_message/share/custom_message/environment/pythonpath.dsv
[0.873s] -- Up-to-date: /home/absolutezeno/Auto-BT-Generation/install/custom_message/local/lib/python3.10/dist-packages/custom_message-0.0.0-py3.10.egg-info
[0.874s] -- Installing: /home/absolutezeno/Auto-BT-Generation/install/custom_message/local/lib/python3.10/dist-packages/custom_message-0.0.0-py3.10.egg-info/PKG-INFO
[0.874s] -- Installing: /home/absolutezeno/Auto-BT-Generation/install/custom_message/local/lib/python3.10/dist-packages/custom_message-0.0.0-py3.10.egg-info/top_level.txt
[0.874s] -- Installing: /home/absolutezeno/Auto-BT-Generation/install/custom_message/local/lib/python3.10/dist-packages/custom_message-0.0.0-py3.10.egg-info/dependency_links.txt
[0.874s] -- Installing: /home/absolutezeno/Auto-BT-Generation/install/custom_message/local/lib/python3.10/dist-packages/custom_message-0.0.0-py3.10.egg-info/SOURCES.txt
[0.874s] -- Up-to-date: /home/absolutezeno/Auto-BT-Generation/install/custom_message/local/lib/python3.10/dist-packages/custom_message
[0.874s] -- Installing: /home/absolutezeno/Auto-BT-Generation/install/custom_message/local/lib/python3.10/dist-packages/custom_message/libcustom_message__rosidl_generator_py.so
[0.875s] -- Up-to-date: /home/absolutezeno/Auto-BT-Generation/install/custom_message/local/lib/python3.10/dist-packages/custom_message/_custom_message_s.ep.rosidl_typesupport_c.c
[0.875s] -- Installing: /home/absolutezeno/Auto-BT-Generation/install/custom_message/local/lib/python3.10/dist-packages/custom_message/custom_message_s__rosidl_typesupport_introspection_c.cpython-310-x86_64-linux-gnu.so
[0.875s] -- Installing: /home/absolutezeno/Auto-BT-Generation/install/custom_message/local/lib/python3.10/dist-packages/custom_message/custom_message_s__rosidl_typesupport_fastrtps_c.cpython-310-x86_64-linux-gnu.so
[0.875s] -- Installing: /home/absolutezeno/Auto-BT-Generation/install/custom_message/local/lib/python3.10/dist-packages/custom_message/__init__.py
[0.875s] -- Up-to-date: /home/absolutezeno/Auto-BT-Generation/install/custom_message/local/lib/python3.10/dist-packages/custom_message/msg
[0.875s] -- Up-to-date: /home/absolutezeno/Auto-BT-Generation/install/custom_message/local/lib/python3.10/dist-packages/custom_message/msg/_sample_msg_s.c
[0.875s] -- Up-to-date: /home/absolutezeno/Auto-BT-Generation/install/custom_message/local/lib/python3.10/dist-packages/custom_message/msg/_sample_msg.py
[0.875s] -- Up-to-date: /home/absolutezeno/Auto-BT-Generation/install/custom_message/local/lib/python3.10/dist-packages/custom_message/msg/__init__.py
[0.875s] -- Up-to-date: /home/absolutezeno/Auto-BT-Generation/install/custom_message/local/lib/python3.10/dist-packages/custom_message/_custom_message_s.ep.rosidl_typesupport_introspection_c.c
[0.875s] -- Installing: /home/absolutezeno/Auto-BT-Generation/install/custom_message/local/lib/python3.10/dist-packages/custom_message/custom_message_s__rosidl_typesupport_c.cpython-310-x86_64-linux-gnu.so
[0.875s] -- Up-to-date: /home/absolutezeno/Auto-BT-Generation/install/custom_message/local/lib/python3.10/dist-packages/custom_message/_custom_message_s.ep.rosidl_typesupport_fastrtps_c.c
[0.895s] Listing '/home/absolutezeno/Auto-BT-Generation/install/custom_message/local/lib/python3.10/dist-packages/custom_message'...
[0.895s] Compiling '/home/absolutezeno/Auto-BT-Generation/install/custom_message/local/lib/python3.10/dist-packages/custom_message/__init__.py'...
[0.895s] Listing '/home/absolutezeno/Auto-BT-Generation/install/custom_message/local/lib/python3.10/dist-packages/custom_message/msg'...
[0.899s] -- Installing: /home/absolutezeno/Auto-BT-Generation/install/custom_message/local/lib/python3.10/dist-packages/custom_message/custom_message_s__rosidl_typesupport_fastrtps_c.cpython-310-x86_64-linux-gnu.so
[0.899s] -- Set runtime path of "/home/absolutezeno/Auto-BT-Generation/install/custom_message/local/lib/python3.10/dist-packages/custom_message/custom_message_s__rosidl_typesupport_fastrtps_c.cpython-310-x86_64-linux-gnu.so" to ""
[0.899s] -- Installing: /home/absolutezeno/Auto-BT-Generation/install/custom_message/local/lib/python3.10/dist-packages/custom_message/custom_message_s__rosidl_typesupport_introspection_c.cpython-310-x86_64-linux-gnu.so
[0.899s] -- Set runtime path of "/home/absolutezeno/Auto-BT-Generation/install/custom_message/local/lib/python3.10/dist-packages/custom_message/custom_message_s__rosidl_typesupport_introspection_c.cpython-310-x86_64-linux-gnu.so" to ""
[0.899s] -- Installing: /home/absolutezeno/Auto-BT-Generation/install/custom_message/local/lib/python3.10/dist-packages/custom_message/custom_message_s__rosidl_typesupport_c.cpython-310-x86_64-linux-gnu.so
[0.899s] -- Set runtime path of "/home/absolutezeno/Auto-BT-Generation/install/custom_message/local/lib/python3.10/dist-packages/custom_message/custom_message_s__rosidl_typesupport_c.cpython-310-x86_64-linux-gnu.so" to ""
[0.900s] -- Installing: /home/absolutezeno/Auto-BT-Generation/install/custom_message/lib/libcustom_message__rosidl_generator_py.so
[0.900s] -- Set runtime path of "/home/absolutezeno/Auto-BT-Generation/install/custom_message/lib/libcustom_message__rosidl_generator_py.so" to ""
[0.900s] -- Up-to-date: /home/absolutezeno/Auto-BT-Generation/install/custom_message/share/custom_message/msg/SampleMsg.idl
[0.900s] -- Up-to-date: /home/absolutezeno/Auto-BT-Generation/install/custom_message/share/custom_message/msg/SampleMsg.msg
[0.900s] -- Up-to-date: /home/absolutezeno/Auto-BT-Generation/install/custom_message/share/ament_index/resource_index/package_run_dependencies/custom_message
[0.900s] -- Installing: /home/absolutezeno/Auto-BT-Generation/install/custom_message/share/ament_index/resource_index/parent_prefix_path/custom_message
[0.900s] -- Installing: /home/absolutezeno/Auto-BT-Generation/install/custom_message/share/custom_message/environment/ament_prefix_path.sh
[0.900s] -- Installing: /home/absolutezeno/Auto-BT-Generation/install/custom_message/share/custom_message/environment/ament_prefix_path.dsv
[0.900s] -- Installing: /home/absolutezeno/Auto-BT-Generation/install/custom_message/share/custom_message/environment/path.sh
[0.901s] -- Installing: /home/absolutezeno/Auto-BT-Generation/install/custom_message/share/custom_message/environment/path.dsv
[0.901s] -- Up-to-date: /home/absolutezeno/Auto-BT-Generation/install/custom_message/share/custom_message/local_setup.bash
[0.901s] -- Up-to-date: /home/absolutezeno/Auto-BT-Generation/install/custom_message/share/custom_message/local_setup.sh
[0.901s] -- Up-to-date: /home/absolutezeno/Auto-BT-Generation/install/custom_message/share/custom_message/local_setup.zsh
[0.901s] -- Installing: /home/absolutezeno/Auto-BT-Generation/install/custom_message/share/custom_message/local_setup.dsv
[0.901s] -- Installing: /home/absolutezeno/Auto-BT-Generation/install/custom_message/share/custom_message/package.dsv
[0.901s] -- Up-to-date: /home/absolutezeno/Auto-BT-Generation/install/custom_message/share/ament_index/resource_index/packages/custom_message
[0.901s] -- Up-to-date: /home/absolutezeno/Auto-BT-Generation/install/custom_message/share/custom_message/cmake/export_custom_message__rosidl_generator_cExport.cmake
[0.901s] -- Up-to-date: /home/absolutezeno/Auto-BT-Generation/install/custom_message/share/custom_message/cmake/export_custom_message__rosidl_generator_cExport-noconfig.cmake
[0.901s] -- Up-to-date: /home/absolutezeno/Auto-BT-Generation/install/custom_message/share/custom_message/cmake/export_custom_message__rosidl_typesupport_fastrtps_cExport.cmake
[0.901s] -- Up-to-date: /home/absolutezeno/Auto-BT-Generation/install/custom_message/share/custom_message/cmake/export_custom_message__rosidl_typesupport_fastrtps_cExport-noconfig.cmake
[0.902s] -- Up-to-date: /home/absolutezeno/Auto-BT-Generation/install/custom_message/share/custom_message/cmake/export_custom_message__rosidl_generator_cppExport.cmake
[0.902s] -- Up-to-date: /home/absolutezeno/Auto-BT-Generation/install/custom_message/share/custom_message/cmake/export_custom_message__rosidl_typesupport_fastrtps_cppExport.cmake
[0.902s] -- Up-to-date: /home/absolutezeno/Auto-BT-Generation/install/custom_message/share/custom_message/cmake/export_custom_message__rosidl_typesupport_fastrtps_cppExport-noconfig.cmake
[0.902s] -- Up-to-date: /home/absolutezeno/Auto-BT-Generation/install/custom_message/share/custom_message/cmake/custom_message__rosidl_typesupport_introspection_cExport.cmake
[0.902s] -- Up-to-date: /home/absolutezeno/Auto-BT-Generation/install/custom_message/share/custom_message/cmake/custom_message__rosidl_typesupport_introspection_cExport-noconfig.cmake
[0.902s] -- Up-to-date: /home/absolutezeno/Auto-BT-Generation/install/custom_message/share/custom_message/cmake/custom_message__rosidl_typesupport_cExport.cmake
[0.902s] -- Up-to-date: /home/absolutezeno/Auto-BT-Generation/install/custom_message/share/custom_message/cmake/custom_message__rosidl_typesupport_cExport-noconfig.cmake
[0.902s] -- Up-to-date: /home/absolutezeno/Auto-BT-Generation/install/custom_message/share/custom_message/cmake/custom_message__rosidl_typesupport_introspection_cppExport.cmake
[0.902s] -- Up-to-date: /home/absolutezeno/Auto-BT-Generation/install/custom_message/share/custom_message/cmake/custom_message__rosidl_typesupport_introspection_cppExport-noconfig.cmake
[0.902s] -- Up-to-date: /home/absolutezeno/Auto-BT-Generation/install/custom_message/share/custom_message/cmake/custom_message__rosidl_typesupport_cppExport.cmake
[0.902s] -- Up-to-date: /home/absolutezeno/Auto-BT-Generation/install/custom_message/share/custom_message/cmake/custom_message__rosidl_typesupport_cppExport-noconfig.cmake
[0.902s] -- Up-to-date: /home/absolutezeno/Auto-BT-Generation/install/custom_message/share/custom_message/cmake/export_custom_message__rosidl_generator_pyExport.cmake
[0.902s] -- Up-to-date: /home/absolutezeno/Auto-BT-Generation/install/custom_message/share/custom_message/cmake/export_custom_message__rosidl_generator_pyExport-noconfig.cmake
[0.903s] -- Up-to-date: /home/absolutezeno/Auto-BT-Generation/install/custom_message/share/custom_message/cmake/rosidl_cmake-extras.cmake
[0.903s] -- Up-to-date: /home/absolutezeno/Auto-BT-Generation/install/custom_message/share/custom_message/cmake/ament_cmake_export_dependencies-extras.cmake
[0.903s] -- Up-to-date: /home/absolutezeno/Auto-BT-Generation/install/custom_message/share/custom_message/cmake/ament_cmake_export_include_directories-extras.cmake
[0.903s] -- Up-to-date: /home/absolutezeno/Auto-BT-Generation/install/custom_message/share/custom_message/cmake/ament_cmake_export_libraries-extras.cmake
[0.903s] -- Up-to-date: /home/absolutezeno/Auto-BT-Generation/install/custom_message/share/custom_message/cmake/ament_cmake_export_targets-extras.cmake
[0.903s] -- Up-to-date: /home/absolutezeno/Auto-BT-Generation/install/custom_message/share/custom_message/cmake/rosidl_cmake_export_typesupport_targets-extras.cmake
[0.903s] -- Up-to-date: /home/absolutezeno/Auto-BT-Generation/install/custom_message/share/custom_message/cmake/rosidl_cmake_export_typesupport_libraries-extras.cmake
[0.903s] -- Up-to-date: /home/absolutezeno/Auto-BT-Generation/install/custom_message/share/custom_message/cmake/custom_messageConfig.cmake
[0.903s] -- Up-to-date: /home/absolutezeno/Auto-BT-Generation/install/custom_message/share/custom_message/cmake/custom_messageConfig-version.cmake
[0.903s] -- Up-to-date: /home/absolutezeno/Auto-BT-Generation/install/custom_message/share/custom_message/package.xml
