[0.743s] Invoking command in '/home/absolutezeno/Auto-BT-Generation/build/isaac_ros2_messages': CMAKE_PREFIX_PATH=${CMAKE_PREFIX_PATH}:/home/absolutezeno/Auto-BT-Generation/install/turtlebot3_teleop:/home/absolutezeno/Auto-BT-Generation/install/turtlebot3_example:/home/absolutezeno/Auto-BT-Generation/install/py_trees_ros_viewer:/home/absolutezeno/Auto-BT-Generation/install/py_trees_ros_tutorials:/home/absolutezeno/Auto-BT-Generation/install/py_trees_ros:/home/absolutezeno/fra532_exam/install/mir_driver:/home/absolutezeno/fra532_exam/install/twist_stamper:/home/absolutezeno/fra532_exam/install/mir_restapi:/opt/ros/humble PS1=(isaaclab) \[\e]0;\u@\h: \w\a\]${debian_chroot:+($debian_chroot)}\[\033[01;32m\]\u@\h\[\033[00m\]:\[\033[01;34m\]\w\[\033[00m\]\$ VIRTUAL_ENV_PROMPT=(isaaclab) /usr/bin/cmake --build /home/absolutezeno/Auto-BT-Generation/build/isaac_ros2_messages -- -j20 -l20
[0.771s] [35m[1mConsolidate compiler generated dependencies of target isaac_ros2_messages__rosidl_generator_c[0m
[0.779s] [  1%] Built target isaac_ros2_messages__cpp
[0.783s] [ 12%] Built target isaac_ros2_messages__rosidl_generator_c
[0.785s] [ 12%] Built target ament_cmake_python_copy_isaac_ros2_messages
[0.791s] [35m[1mConsolidate compiler generated dependencies of target isaac_ros2_messages__rosidl_typesupport_introspection_cpp[0m
[0.791s] [35m[1mConsolidate compiler generated dependencies of target isaac_ros2_messages__rosidl_typesupport_fastrtps_cpp[0m
[0.792s] [35m[1mConsolidate compiler generated dependencies of target isaac_ros2_messages__rosidl_typesupport_cpp[0m
[0.794s] [35m[1mConsolidate compiler generated dependencies of target isaac_ros2_messages__rosidl_typesupport_c[0m
[0.796s] [35m[1mConsolidate compiler generated dependencies of target isaac_ros2_messages__rosidl_typesupport_introspection_c[0m
[0.798s] [35m[1mConsolidate compiler generated dependencies of target isaac_ros2_messages__rosidl_typesupport_fastrtps_c[0m
[0.807s] [ 42%] Built target isaac_ros2_messages__rosidl_typesupport_fastrtps_cpp
[0.807s] [ 42%] Built target isaac_ros2_messages__rosidl_typesupport_cpp
[0.807s] [ 46%] Built target isaac_ros2_messages__rosidl_typesupport_c
[0.807s] [ 57%] Built target isaac_ros2_messages__rosidl_typesupport_introspection_cpp
[0.808s] [ 68%] Built target isaac_ros2_messages__rosidl_typesupport_introspection_c
[0.815s] [ 79%] Built target isaac_ros2_messages__rosidl_typesupport_fastrtps_c
[0.837s] [ 79%] Built target isaac_ros2_messages
[0.858s] [ 80%] Built target isaac_ros2_messages__py
[0.872s] [35m[1mConsolidate compiler generated dependencies of target isaac_ros2_messages__rosidl_generator_py[0m
[0.890s] [ 90%] Built target isaac_ros2_messages__rosidl_generator_py
[0.901s] [35m[1mConsolidate compiler generated dependencies of target isaac_ros2_messages__rosidl_typesupport_introspection_c__pyext[0m
[0.903s] [35m[1mConsolidate compiler generated dependencies of target isaac_ros2_messages__rosidl_typesupport_fastrtps_c__pyext[0m
[0.903s] [35m[1mConsolidate compiler generated dependencies of target isaac_ros2_messages__rosidl_typesupport_c__pyext[0m
[0.913s] [ 93%] Built target isaac_ros2_messages__rosidl_typesupport_fastrtps_c__pyext
[0.914s] [ 96%] Built target isaac_ros2_messages__rosidl_typesupport_introspection_c__pyext
[0.918s] [100%] Built target isaac_ros2_messages__rosidl_typesupport_c__pyext
[0.984s] running egg_info
[0.984s] writing isaac_ros2_messages.egg-info/PKG-INFO
[0.984s] writing dependency_links to isaac_ros2_messages.egg-info/dependency_links.txt
[0.984s] writing top-level names to isaac_ros2_messages.egg-info/top_level.txt
[0.986s] reading manifest file 'isaac_ros2_messages.egg-info/SOURCES.txt'
[0.987s] writing manifest file 'isaac_ros2_messages.egg-info/SOURCES.txt'
[1.009s] [100%] Built target ament_cmake_python_build_isaac_ros2_messages_egg
[1.024s] Invoked command in '/home/absolutezeno/Auto-BT-Generation/build/isaac_ros2_messages' returned '0': CMAKE_PREFIX_PATH=${CMAKE_PREFIX_PATH}:/home/absolutezeno/Auto-BT-Generation/install/turtlebot3_teleop:/home/absolutezeno/Auto-BT-Generation/install/turtlebot3_example:/home/absolutezeno/Auto-BT-Generation/install/py_trees_ros_viewer:/home/absolutezeno/Auto-BT-Generation/install/py_trees_ros_tutorials:/home/absolutezeno/Auto-BT-Generation/install/py_trees_ros:/home/absolutezeno/fra532_exam/install/mir_driver:/home/absolutezeno/fra532_exam/install/twist_stamper:/home/absolutezeno/fra532_exam/install/mir_restapi:/opt/ros/humble PS1=(isaaclab) \[\e]0;\u@\h: \w\a\]${debian_chroot:+($debian_chroot)}\[\033[01;32m\]\u@\h\[\033[00m\]:\[\033[01;34m\]\w\[\033[00m\]\$ VIRTUAL_ENV_PROMPT=(isaaclab) /usr/bin/cmake --build /home/absolutezeno/Auto-BT-Generation/build/isaac_ros2_messages -- -j20 -l20
[1.144s] Invoking command in '/home/absolutezeno/Auto-BT-Generation/build/isaac_ros2_messages': CMAKE_PREFIX_PATH=${CMAKE_PREFIX_PATH}:/home/absolutezeno/Auto-BT-Generation/install/turtlebot3_teleop:/home/absolutezeno/Auto-BT-Generation/install/turtlebot3_example:/home/absolutezeno/Auto-BT-Generation/install/py_trees_ros_viewer:/home/absolutezeno/Auto-BT-Generation/install/py_trees_ros_tutorials:/home/absolutezeno/Auto-BT-Generation/install/py_trees_ros:/home/absolutezeno/fra532_exam/install/mir_driver:/home/absolutezeno/fra532_exam/install/twist_stamper:/home/absolutezeno/fra532_exam/install/mir_restapi:/opt/ros/humble PS1=(isaaclab) \[\e]0;\u@\h: \w\a\]${debian_chroot:+($debian_chroot)}\[\033[01;32m\]\u@\h\[\033[00m\]:\[\033[01;34m\]\w\[\033[00m\]\$ VIRTUAL_ENV_PROMPT=(isaaclab) /usr/bin/cmake --install /home/absolutezeno/Auto-BT-Generation/build/isaac_ros2_messages
[1.156s] -- Install configuration: ""
[1.156s] -- Up-to-date: /home/absolutezeno/Auto-BT-Generation/install/isaac_ros2_messages/share/ament_index/resource_index/rosidl_interfaces/isaac_ros2_messages
[1.156s] -- Up-to-date: /home/absolutezeno/Auto-BT-Generation/install/isaac_ros2_messages/include/isaac_ros2_messages/isaac_ros2_messages
[1.156s] -- Up-to-date: /home/absolutezeno/Auto-BT-Generation/install/isaac_ros2_messages/include/isaac_ros2_messages/isaac_ros2_messages/msg
[1.156s] -- Up-to-date: /home/absolutezeno/Auto-BT-Generation/install/isaac_ros2_messages/include/isaac_ros2_messages/isaac_ros2_messages/msg/rosidl_generator_c__visibility_control.h
[1.156s] -- Up-to-date: /home/absolutezeno/Auto-BT-Generation/install/isaac_ros2_messages/include/isaac_ros2_messages/isaac_ros2_messages/srv
[1.156s] -- Up-to-date: /home/absolutezeno/Auto-BT-Generation/install/isaac_ros2_messages/include/isaac_ros2_messages/isaac_ros2_messages/srv/isaac_pose.h
[1.156s] -- Up-to-date: /home/absolutezeno/Auto-BT-Generation/install/isaac_ros2_messages/include/isaac_ros2_messages/isaac_ros2_messages/srv/get_prims.h
[1.157s] -- Up-to-date: /home/absolutezeno/Auto-BT-Generation/install/isaac_ros2_messages/include/isaac_ros2_messages/isaac_ros2_messages/srv/get_prim_attribute.h
[1.157s] -- Up-to-date: /home/absolutezeno/Auto-BT-Generation/install/isaac_ros2_messages/include/isaac_ros2_messages/isaac_ros2_messages/srv/set_prim_attribute.h
[1.157s] -- Up-to-date: /home/absolutezeno/Auto-BT-Generation/install/isaac_ros2_messages/include/isaac_ros2_messages/isaac_ros2_messages/srv/detail
[1.157s] -- Up-to-date: /home/absolutezeno/Auto-BT-Generation/install/isaac_ros2_messages/include/isaac_ros2_messages/isaac_ros2_messages/srv/detail/get_prims__functions.h
[1.157s] -- Up-to-date: /home/absolutezeno/Auto-BT-Generation/install/isaac_ros2_messages/include/isaac_ros2_messages/isaac_ros2_messages/srv/detail/get_prim_attribute__type_support.h
[1.157s] -- Up-to-date: /home/absolutezeno/Auto-BT-Generation/install/isaac_ros2_messages/include/isaac_ros2_messages/isaac_ros2_messages/srv/detail/get_prims__functions.c
[1.157s] -- Up-to-date: /home/absolutezeno/Auto-BT-Generation/install/isaac_ros2_messages/include/isaac_ros2_messages/isaac_ros2_messages/srv/detail/set_prim_attribute__functions.h
[1.157s] -- Up-to-date: /home/absolutezeno/Auto-BT-Generation/install/isaac_ros2_messages/include/isaac_ros2_messages/isaac_ros2_messages/srv/detail/get_prim_attributes__functions.c
[1.157s] -- Up-to-date: /home/absolutezeno/Auto-BT-Generation/install/isaac_ros2_messages/include/isaac_ros2_messages/isaac_ros2_messages/srv/detail/get_prims__struct.h
[1.158s] -- Up-to-date: /home/absolutezeno/Auto-BT-Generation/install/isaac_ros2_messages/include/isaac_ros2_messages/isaac_ros2_messages/srv/detail/isaac_pose__functions.h
[1.158s] -- Up-to-date: /home/absolutezeno/Auto-BT-Generation/install/isaac_ros2_messages/include/isaac_ros2_messages/isaac_ros2_messages/srv/detail/get_prim_attribute__functions.h
[1.158s] -- Up-to-date: /home/absolutezeno/Auto-BT-Generation/install/isaac_ros2_messages/include/isaac_ros2_messages/isaac_ros2_messages/srv/detail/get_prim_attributes__type_support.h
[1.159s] -- Up-to-date: /home/absolutezeno/Auto-BT-Generation/install/isaac_ros2_messages/include/isaac_ros2_messages/isaac_ros2_messages/srv/detail/get_prim_attribute__struct.h
[1.159s] -- Up-to-date: /home/absolutezeno/Auto-BT-Generation/install/isaac_ros2_messages/include/isaac_ros2_messages/isaac_ros2_messages/srv/detail/get_prim_attribute__functions.c
[1.159s] -- Up-to-date: /home/absolutezeno/Auto-BT-Generation/install/isaac_ros2_messages/include/isaac_ros2_messages/isaac_ros2_messages/srv/detail/set_prim_attribute__struct.h
[1.159s] -- Up-to-date: /home/absolutezeno/Auto-BT-Generation/install/isaac_ros2_messages/include/isaac_ros2_messages/isaac_ros2_messages/srv/detail/isaac_pose__functions.c
[1.160s] -- Up-to-date: /home/absolutezeno/Auto-BT-Generation/install/isaac_ros2_messages/include/isaac_ros2_messages/isaac_ros2_messages/srv/detail/get_prims__type_support.h
[1.161s] -- Up-to-date: /home/absolutezeno/Auto-BT-Generation/install/isaac_ros2_messages/include/isaac_ros2_messages/isaac_ros2_messages/srv/detail/isaac_pose__struct.h
[1.161s] -- Up-to-date: /home/absolutezeno/Auto-BT-Generation/install/isaac_ros2_messages/include/isaac_ros2_messages/isaac_ros2_messages/srv/detail/get_prim_attributes__functions.h
[1.161s] -- Up-to-date: /home/absolutezeno/Auto-BT-Generation/install/isaac_ros2_messages/include/isaac_ros2_messages/isaac_ros2_messages/srv/detail/set_prim_attribute__functions.c
[1.162s] -- Up-to-date: /home/absolutezeno/Auto-BT-Generation/install/isaac_ros2_messages/include/isaac_ros2_messages/isaac_ros2_messages/srv/detail/isaac_pose__type_support.h
[1.162s] -- Up-to-date: /home/absolutezeno/Auto-BT-Generation/install/isaac_ros2_messages/include/isaac_ros2_messages/isaac_ros2_messages/srv/detail/get_prim_attributes__struct.h
[1.162s] -- Up-to-date: /home/absolutezeno/Auto-BT-Generation/install/isaac_ros2_messages/include/isaac_ros2_messages/isaac_ros2_messages/srv/detail/set_prim_attribute__type_support.h
[1.162s] -- Up-to-date: /home/absolutezeno/Auto-BT-Generation/install/isaac_ros2_messages/include/isaac_ros2_messages/isaac_ros2_messages/srv/get_prim_attributes.h
[1.162s] -- Up-to-date: /home/absolutezeno/Auto-BT-Generation/install/isaac_ros2_messages/share/isaac_ros2_messages/environment/library_path.sh
[1.162s] -- Up-to-date: /home/absolutezeno/Auto-BT-Generation/install/isaac_ros2_messages/share/isaac_ros2_messages/environment/library_path.dsv
[1.162s] -- Up-to-date: /home/absolutezeno/Auto-BT-Generation/install/isaac_ros2_messages/lib/libisaac_ros2_messages__rosidl_generator_c.so
[1.162s] -- Up-to-date: /home/absolutezeno/Auto-BT-Generation/install/isaac_ros2_messages/include/isaac_ros2_messages/isaac_ros2_messages
[1.163s] -- Up-to-date: /home/absolutezeno/Auto-BT-Generation/install/isaac_ros2_messages/include/isaac_ros2_messages/isaac_ros2_messages/msg
[1.163s] -- Up-to-date: /home/absolutezeno/Auto-BT-Generation/install/isaac_ros2_messages/include/isaac_ros2_messages/isaac_ros2_messages/msg/rosidl_typesupport_fastrtps_c__visibility_control.h
[1.163s] -- Up-to-date: /home/absolutezeno/Auto-BT-Generation/install/isaac_ros2_messages/include/isaac_ros2_messages/isaac_ros2_messages/srv
[1.163s] -- Up-to-date: /home/absolutezeno/Auto-BT-Generation/install/isaac_ros2_messages/include/isaac_ros2_messages/isaac_ros2_messages/srv/detail
[1.163s] -- Up-to-date: /home/absolutezeno/Auto-BT-Generation/install/isaac_ros2_messages/include/isaac_ros2_messages/isaac_ros2_messages/srv/detail/isaac_pose__rosidl_typesupport_fastrtps_c.h
[1.163s] -- Up-to-date: /home/absolutezeno/Auto-BT-Generation/install/isaac_ros2_messages/include/isaac_ros2_messages/isaac_ros2_messages/srv/detail/get_prim_attributes__rosidl_typesupport_fastrtps_c.h
[1.163s] -- Up-to-date: /home/absolutezeno/Auto-BT-Generation/install/isaac_ros2_messages/include/isaac_ros2_messages/isaac_ros2_messages/srv/detail/set_prim_attribute__rosidl_typesupport_fastrtps_c.h
[1.163s] -- Up-to-date: /home/absolutezeno/Auto-BT-Generation/install/isaac_ros2_messages/include/isaac_ros2_messages/isaac_ros2_messages/srv/detail/get_prim_attribute__rosidl_typesupport_fastrtps_c.h
[1.163s] -- Up-to-date: /home/absolutezeno/Auto-BT-Generation/install/isaac_ros2_messages/include/isaac_ros2_messages/isaac_ros2_messages/srv/detail/get_prims__rosidl_typesupport_fastrtps_c.h
[1.163s] -- Up-to-date: /home/absolutezeno/Auto-BT-Generation/install/isaac_ros2_messages/lib/libisaac_ros2_messages__rosidl_typesupport_fastrtps_c.so
[1.163s] -- Up-to-date: /home/absolutezeno/Auto-BT-Generation/install/isaac_ros2_messages/include/isaac_ros2_messages/isaac_ros2_messages
[1.163s] -- Up-to-date: /home/absolutezeno/Auto-BT-Generation/install/isaac_ros2_messages/include/isaac_ros2_messages/isaac_ros2_messages/msg
[1.163s] -- Up-to-date: /home/absolutezeno/Auto-BT-Generation/install/isaac_ros2_messages/include/isaac_ros2_messages/isaac_ros2_messages/msg/rosidl_generator_cpp__visibility_control.hpp
[1.163s] -- Up-to-date: /home/absolutezeno/Auto-BT-Generation/install/isaac_ros2_messages/include/isaac_ros2_messages/isaac_ros2_messages/srv
[1.163s] -- Up-to-date: /home/absolutezeno/Auto-BT-Generation/install/isaac_ros2_messages/include/isaac_ros2_messages/isaac_ros2_messages/srv/get_prims.hpp
[1.163s] -- Up-to-date: /home/absolutezeno/Auto-BT-Generation/install/isaac_ros2_messages/include/isaac_ros2_messages/isaac_ros2_messages/srv/isaac_pose.hpp
[1.163s] -- Up-to-date: /home/absolutezeno/Auto-BT-Generation/install/isaac_ros2_messages/include/isaac_ros2_messages/isaac_ros2_messages/srv/get_prim_attributes.hpp
[1.163s] -- Up-to-date: /home/absolutezeno/Auto-BT-Generation/install/isaac_ros2_messages/include/isaac_ros2_messages/isaac_ros2_messages/srv/get_prim_attribute.hpp
[1.163s] -- Up-to-date: /home/absolutezeno/Auto-BT-Generation/install/isaac_ros2_messages/include/isaac_ros2_messages/isaac_ros2_messages/srv/detail
[1.163s] -- Up-to-date: /home/absolutezeno/Auto-BT-Generation/install/isaac_ros2_messages/include/isaac_ros2_messages/isaac_ros2_messages/srv/detail/get_prim_attribute__struct.hpp
[1.163s] -- Up-to-date: /home/absolutezeno/Auto-BT-Generation/install/isaac_ros2_messages/include/isaac_ros2_messages/isaac_ros2_messages/srv/detail/get_prims__traits.hpp
[1.164s] -- Up-to-date: /home/absolutezeno/Auto-BT-Generation/install/isaac_ros2_messages/include/isaac_ros2_messages/isaac_ros2_messages/srv/detail/set_prim_attribute__traits.hpp
[1.164s] -- Up-to-date: /home/absolutezeno/Auto-BT-Generation/install/isaac_ros2_messages/include/isaac_ros2_messages/isaac_ros2_messages/srv/detail/isaac_pose__type_support.hpp
[1.164s] -- Up-to-date: /home/absolutezeno/Auto-BT-Generation/install/isaac_ros2_messages/include/isaac_ros2_messages/isaac_ros2_messages/srv/detail/get_prims__type_support.hpp
[1.164s] -- Up-to-date: /home/absolutezeno/Auto-BT-Generation/install/isaac_ros2_messages/include/isaac_ros2_messages/isaac_ros2_messages/srv/detail/get_prim_attributes__traits.hpp
[1.164s] -- Up-to-date: /home/absolutezeno/Auto-BT-Generation/install/isaac_ros2_messages/include/isaac_ros2_messages/isaac_ros2_messages/srv/detail/set_prim_attribute__type_support.hpp
[1.165s] -- Up-to-date: /home/absolutezeno/Auto-BT-Generation/install/isaac_ros2_messages/include/isaac_ros2_messages/isaac_ros2_messages/srv/detail/isaac_pose__struct.hpp
[1.166s] -- Up-to-date: /home/absolutezeno/Auto-BT-Generation/install/isaac_ros2_messages/include/isaac_ros2_messages/isaac_ros2_messages/srv/detail/set_prim_attribute__struct.hpp
[1.167s] -- Up-to-date: /home/absolutezeno/Auto-BT-Generation/install/isaac_ros2_messages/include/isaac_ros2_messages/isaac_ros2_messages/srv/detail/get_prims__struct.hpp
[1.167s] -- Up-to-date: /home/absolutezeno/Auto-BT-Generation/install/isaac_ros2_messages/include/isaac_ros2_messages/isaac_ros2_messages/srv/detail/isaac_pose__traits.hpp
[1.167s] -- Up-to-date: /home/absolutezeno/Auto-BT-Generation/install/isaac_ros2_messages/include/isaac_ros2_messages/isaac_ros2_messages/srv/detail/get_prim_attribute__type_support.hpp
[1.168s] -- Up-to-date: /home/absolutezeno/Auto-BT-Generation/install/isaac_ros2_messages/include/isaac_ros2_messages/isaac_ros2_messages/srv/detail/get_prim_attributes__builder.hpp
[1.168s] -- Up-to-date: /home/absolutezeno/Auto-BT-Generation/install/isaac_ros2_messages/include/isaac_ros2_messages/isaac_ros2_messages/srv/detail/get_prim_attributes__type_support.hpp
[1.168s] -- Up-to-date: /home/absolutezeno/Auto-BT-Generation/install/isaac_ros2_messages/include/isaac_ros2_messages/isaac_ros2_messages/srv/detail/get_prims__builder.hpp
[1.168s] -- Up-to-date: /home/absolutezeno/Auto-BT-Generation/install/isaac_ros2_messages/include/isaac_ros2_messages/isaac_ros2_messages/srv/detail/get_prim_attribute__builder.hpp
[1.168s] -- Up-to-date: /home/absolutezeno/Auto-BT-Generation/install/isaac_ros2_messages/include/isaac_ros2_messages/isaac_ros2_messages/srv/detail/set_prim_attribute__builder.hpp
[1.169s] -- Up-to-date: /home/absolutezeno/Auto-BT-Generation/install/isaac_ros2_messages/include/isaac_ros2_messages/isaac_ros2_messages/srv/detail/get_prim_attribute__traits.hpp
[1.169s] -- Up-to-date: /home/absolutezeno/Auto-BT-Generation/install/isaac_ros2_messages/include/isaac_ros2_messages/isaac_ros2_messages/srv/detail/get_prim_attributes__struct.hpp
[1.169s] -- Up-to-date: /home/absolutezeno/Auto-BT-Generation/install/isaac_ros2_messages/include/isaac_ros2_messages/isaac_ros2_messages/srv/detail/isaac_pose__builder.hpp
[1.169s] -- Up-to-date: /home/absolutezeno/Auto-BT-Generation/install/isaac_ros2_messages/include/isaac_ros2_messages/isaac_ros2_messages/srv/set_prim_attribute.hpp
[1.169s] -- Up-to-date: /home/absolutezeno/Auto-BT-Generation/install/isaac_ros2_messages/include/isaac_ros2_messages/isaac_ros2_messages
[1.169s] -- Up-to-date: /home/absolutezeno/Auto-BT-Generation/install/isaac_ros2_messages/include/isaac_ros2_messages/isaac_ros2_messages/msg
[1.169s] -- Up-to-date: /home/absolutezeno/Auto-BT-Generation/install/isaac_ros2_messages/include/isaac_ros2_messages/isaac_ros2_messages/msg/rosidl_typesupport_fastrtps_cpp__visibility_control.h
[1.170s] -- Up-to-date: /home/absolutezeno/Auto-BT-Generation/install/isaac_ros2_messages/include/isaac_ros2_messages/isaac_ros2_messages/srv
[1.170s] -- Up-to-date: /home/absolutezeno/Auto-BT-Generation/install/isaac_ros2_messages/include/isaac_ros2_messages/isaac_ros2_messages/srv/detail
[1.171s] -- Up-to-date: /home/absolutezeno/Auto-BT-Generation/install/isaac_ros2_messages/include/isaac_ros2_messages/isaac_ros2_messages/srv/detail/get_prim_attributes__rosidl_typesupport_fastrtps_cpp.hpp
[1.171s] -- Up-to-date: /home/absolutezeno/Auto-BT-Generation/install/isaac_ros2_messages/include/isaac_ros2_messages/isaac_ros2_messages/srv/detail/get_prim_attribute__rosidl_typesupport_fastrtps_cpp.hpp
[1.171s] -- Up-to-date: /home/absolutezeno/Auto-BT-Generation/install/isaac_ros2_messages/include/isaac_ros2_messages/isaac_ros2_messages/srv/detail/isaac_pose__rosidl_typesupport_fastrtps_cpp.hpp
[1.171s] -- Up-to-date: /home/absolutezeno/Auto-BT-Generation/install/isaac_ros2_messages/include/isaac_ros2_messages/isaac_ros2_messages/srv/detail/dds_fastrtps
[1.171s] -- Up-to-date: /home/absolutezeno/Auto-BT-Generation/install/isaac_ros2_messages/include/isaac_ros2_messages/isaac_ros2_messages/srv/detail/set_prim_attribute__rosidl_typesupport_fastrtps_cpp.hpp
[1.172s] -- Up-to-date: /home/absolutezeno/Auto-BT-Generation/install/isaac_ros2_messages/include/isaac_ros2_messages/isaac_ros2_messages/srv/detail/get_prims__rosidl_typesupport_fastrtps_cpp.hpp
[1.172s] -- Up-to-date: /home/absolutezeno/Auto-BT-Generation/install/isaac_ros2_messages/lib/libisaac_ros2_messages__rosidl_typesupport_fastrtps_cpp.so
[1.172s] -- Up-to-date: /home/absolutezeno/Auto-BT-Generation/install/isaac_ros2_messages/include/isaac_ros2_messages/isaac_ros2_messages
[1.173s] -- Up-to-date: /home/absolutezeno/Auto-BT-Generation/install/isaac_ros2_messages/include/isaac_ros2_messages/isaac_ros2_messages/msg
[1.174s] -- Up-to-date: /home/absolutezeno/Auto-BT-Generation/install/isaac_ros2_messages/include/isaac_ros2_messages/isaac_ros2_messages/msg/rosidl_typesupport_introspection_c__visibility_control.h
[1.174s] -- Up-to-date: /home/absolutezeno/Auto-BT-Generation/install/isaac_ros2_messages/include/isaac_ros2_messages/isaac_ros2_messages/srv
[1.174s] -- Up-to-date: /home/absolutezeno/Auto-BT-Generation/install/isaac_ros2_messages/include/isaac_ros2_messages/isaac_ros2_messages/srv/detail
[1.174s] -- Up-to-date: /home/absolutezeno/Auto-BT-Generation/install/isaac_ros2_messages/include/isaac_ros2_messages/isaac_ros2_messages/srv/detail/get_prim_attribute__type_support.c
[1.175s] -- Up-to-date: /home/absolutezeno/Auto-BT-Generation/install/isaac_ros2_messages/include/isaac_ros2_messages/isaac_ros2_messages/srv/detail/get_prim_attribute__rosidl_typesupport_introspection_c.h
[1.175s] -- Up-to-date: /home/absolutezeno/Auto-BT-Generation/install/isaac_ros2_messages/include/isaac_ros2_messages/isaac_ros2_messages/srv/detail/isaac_pose__type_support.c
[1.175s] -- Up-to-date: /home/absolutezeno/Auto-BT-Generation/install/isaac_ros2_messages/include/isaac_ros2_messages/isaac_ros2_messages/srv/detail/isaac_pose__rosidl_typesupport_introspection_c.h
[1.175s] -- Up-to-date: /home/absolutezeno/Auto-BT-Generation/install/isaac_ros2_messages/include/isaac_ros2_messages/isaac_ros2_messages/srv/detail/set_prim_attribute__rosidl_typesupport_introspection_c.h
[1.175s] -- Up-to-date: /home/absolutezeno/Auto-BT-Generation/install/isaac_ros2_messages/include/isaac_ros2_messages/isaac_ros2_messages/srv/detail/get_prims__type_support.c
[1.175s] -- Up-to-date: /home/absolutezeno/Auto-BT-Generation/install/isaac_ros2_messages/include/isaac_ros2_messages/isaac_ros2_messages/srv/detail/get_prim_attributes__rosidl_typesupport_introspection_c.h
[1.175s] -- Up-to-date: /home/absolutezeno/Auto-BT-Generation/install/isaac_ros2_messages/include/isaac_ros2_messages/isaac_ros2_messages/srv/detail/get_prims__rosidl_typesupport_introspection_c.h
[1.175s] -- Up-to-date: /home/absolutezeno/Auto-BT-Generation/install/isaac_ros2_messages/include/isaac_ros2_messages/isaac_ros2_messages/srv/detail/set_prim_attribute__type_support.c
[1.175s] -- Up-to-date: /home/absolutezeno/Auto-BT-Generation/install/isaac_ros2_messages/include/isaac_ros2_messages/isaac_ros2_messages/srv/detail/get_prim_attributes__type_support.c
[1.176s] -- Up-to-date: /home/absolutezeno/Auto-BT-Generation/install/isaac_ros2_messages/lib/libisaac_ros2_messages__rosidl_typesupport_introspection_c.so
[1.176s] -- Up-to-date: /home/absolutezeno/Auto-BT-Generation/install/isaac_ros2_messages/lib/libisaac_ros2_messages__rosidl_typesupport_c.so
[1.176s] -- Up-to-date: /home/absolutezeno/Auto-BT-Generation/install/isaac_ros2_messages/include/isaac_ros2_messages/isaac_ros2_messages
[1.176s] -- Up-to-date: /home/absolutezeno/Auto-BT-Generation/install/isaac_ros2_messages/include/isaac_ros2_messages/isaac_ros2_messages/srv
[1.176s] -- Up-to-date: /home/absolutezeno/Auto-BT-Generation/install/isaac_ros2_messages/include/isaac_ros2_messages/isaac_ros2_messages/srv/detail
[1.176s] -- Up-to-date: /home/absolutezeno/Auto-BT-Generation/install/isaac_ros2_messages/include/isaac_ros2_messages/isaac_ros2_messages/srv/detail/get_prim_attribute__type_support.cpp
[1.176s] -- Up-to-date: /home/absolutezeno/Auto-BT-Generation/install/isaac_ros2_messages/include/isaac_ros2_messages/isaac_ros2_messages/srv/detail/isaac_pose__type_support.cpp
[1.177s] -- Up-to-date: /home/absolutezeno/Auto-BT-Generation/install/isaac_ros2_messages/include/isaac_ros2_messages/isaac_ros2_messages/srv/detail/get_prims__rosidl_typesupport_introspection_cpp.hpp
[1.177s] -- Up-to-date: /home/absolutezeno/Auto-BT-Generation/install/isaac_ros2_messages/include/isaac_ros2_messages/isaac_ros2_messages/srv/detail/get_prim_attributes__rosidl_typesupport_introspection_cpp.hpp
[1.177s] -- Up-to-date: /home/absolutezeno/Auto-BT-Generation/install/isaac_ros2_messages/include/isaac_ros2_messages/isaac_ros2_messages/srv/detail/get_prim_attribute__rosidl_typesupport_introspection_cpp.hpp
[1.177s] -- Up-to-date: /home/absolutezeno/Auto-BT-Generation/install/isaac_ros2_messages/include/isaac_ros2_messages/isaac_ros2_messages/srv/detail/get_prim_attributes__type_support.cpp
[1.177s] -- Up-to-date: /home/absolutezeno/Auto-BT-Generation/install/isaac_ros2_messages/include/isaac_ros2_messages/isaac_ros2_messages/srv/detail/isaac_pose__rosidl_typesupport_introspection_cpp.hpp
[1.177s] -- Up-to-date: /home/absolutezeno/Auto-BT-Generation/install/isaac_ros2_messages/include/isaac_ros2_messages/isaac_ros2_messages/srv/detail/get_prims__type_support.cpp
[1.177s] -- Up-to-date: /home/absolutezeno/Auto-BT-Generation/install/isaac_ros2_messages/include/isaac_ros2_messages/isaac_ros2_messages/srv/detail/set_prim_attribute__rosidl_typesupport_introspection_cpp.hpp
[1.177s] -- Up-to-date: /home/absolutezeno/Auto-BT-Generation/install/isaac_ros2_messages/include/isaac_ros2_messages/isaac_ros2_messages/srv/detail/set_prim_attribute__type_support.cpp
[1.178s] -- Up-to-date: /home/absolutezeno/Auto-BT-Generation/install/isaac_ros2_messages/lib/libisaac_ros2_messages__rosidl_typesupport_introspection_cpp.so
[1.178s] -- Up-to-date: /home/absolutezeno/Auto-BT-Generation/install/isaac_ros2_messages/lib/libisaac_ros2_messages__rosidl_typesupport_cpp.so
[1.178s] -- Up-to-date: /home/absolutezeno/Auto-BT-Generation/install/isaac_ros2_messages/share/isaac_ros2_messages/environment/pythonpath.sh
[1.178s] -- Up-to-date: /home/absolutezeno/Auto-BT-Generation/install/isaac_ros2_messages/share/isaac_ros2_messages/environment/pythonpath.dsv
[1.178s] -- Up-to-date: /home/absolutezeno/Auto-BT-Generation/install/isaac_ros2_messages/local/lib/python3.10/dist-packages/isaac_ros2_messages-0.2.0-py3.10.egg-info
[1.178s] -- Installing: /home/absolutezeno/Auto-BT-Generation/install/isaac_ros2_messages/local/lib/python3.10/dist-packages/isaac_ros2_messages-0.2.0-py3.10.egg-info/PKG-INFO
[1.178s] -- Installing: /home/absolutezeno/Auto-BT-Generation/install/isaac_ros2_messages/local/lib/python3.10/dist-packages/isaac_ros2_messages-0.2.0-py3.10.egg-info/top_level.txt
[1.178s] -- Installing: /home/absolutezeno/Auto-BT-Generation/install/isaac_ros2_messages/local/lib/python3.10/dist-packages/isaac_ros2_messages-0.2.0-py3.10.egg-info/dependency_links.txt
[1.178s] -- Installing: /home/absolutezeno/Auto-BT-Generation/install/isaac_ros2_messages/local/lib/python3.10/dist-packages/isaac_ros2_messages-0.2.0-py3.10.egg-info/SOURCES.txt
[1.179s] -- Up-to-date: /home/absolutezeno/Auto-BT-Generation/install/isaac_ros2_messages/local/lib/python3.10/dist-packages/isaac_ros2_messages
[1.179s] -- Up-to-date: /home/absolutezeno/Auto-BT-Generation/install/isaac_ros2_messages/local/lib/python3.10/dist-packages/isaac_ros2_messages/_isaac_ros2_messages_s.ep.rosidl_typesupport_introspection_c.c
[1.179s] -- Up-to-date: /home/absolutezeno/Auto-BT-Generation/install/isaac_ros2_messages/local/lib/python3.10/dist-packages/isaac_ros2_messages/isaac_ros2_messages_s__rosidl_typesupport_introspection_c.cpython-310-x86_64-linux-gnu.so
[1.179s] -- Up-to-date: /home/absolutezeno/Auto-BT-Generation/install/isaac_ros2_messages/local/lib/python3.10/dist-packages/isaac_ros2_messages/_isaac_ros2_messages_s.ep.rosidl_typesupport_fastrtps_c.c
[1.179s] -- Up-to-date: /home/absolutezeno/Auto-BT-Generation/install/isaac_ros2_messages/local/lib/python3.10/dist-packages/isaac_ros2_messages/_isaac_ros2_messages_s.ep.rosidl_typesupport_c.c
[1.179s] -- Up-to-date: /home/absolutezeno/Auto-BT-Generation/install/isaac_ros2_messages/local/lib/python3.10/dist-packages/isaac_ros2_messages/isaac_ros2_messages_s__rosidl_typesupport_c.cpython-310-x86_64-linux-gnu.so
[1.179s] -- Up-to-date: /home/absolutezeno/Auto-BT-Generation/install/isaac_ros2_messages/local/lib/python3.10/dist-packages/isaac_ros2_messages/__init__.py
[1.179s] -- Up-to-date: /home/absolutezeno/Auto-BT-Generation/install/isaac_ros2_messages/local/lib/python3.10/dist-packages/isaac_ros2_messages/isaac_ros2_messages_s__rosidl_typesupport_fastrtps_c.cpython-310-x86_64-linux-gnu.so
[1.180s] -- Up-to-date: /home/absolutezeno/Auto-BT-Generation/install/isaac_ros2_messages/local/lib/python3.10/dist-packages/isaac_ros2_messages/libisaac_ros2_messages__rosidl_generator_py.so
[1.180s] -- Up-to-date: /home/absolutezeno/Auto-BT-Generation/install/isaac_ros2_messages/local/lib/python3.10/dist-packages/isaac_ros2_messages/srv
[1.180s] -- Up-to-date: /home/absolutezeno/Auto-BT-Generation/install/isaac_ros2_messages/local/lib/python3.10/dist-packages/isaac_ros2_messages/srv/_isaac_pose_s.c
[1.180s] -- Up-to-date: /home/absolutezeno/Auto-BT-Generation/install/isaac_ros2_messages/local/lib/python3.10/dist-packages/isaac_ros2_messages/srv/_set_prim_attribute_s.c
[1.180s] -- Up-to-date: /home/absolutezeno/Auto-BT-Generation/install/isaac_ros2_messages/local/lib/python3.10/dist-packages/isaac_ros2_messages/srv/_get_prim_attributes_s.c
[1.180s] -- Up-to-date: /home/absolutezeno/Auto-BT-Generation/install/isaac_ros2_messages/local/lib/python3.10/dist-packages/isaac_ros2_messages/srv/_get_prim_attribute.py
[1.180s] -- Up-to-date: /home/absolutezeno/Auto-BT-Generation/install/isaac_ros2_messages/local/lib/python3.10/dist-packages/isaac_ros2_messages/srv/_get_prims.py
[1.181s] -- Up-to-date: /home/absolutezeno/Auto-BT-Generation/install/isaac_ros2_messages/local/lib/python3.10/dist-packages/isaac_ros2_messages/srv/_set_prim_attribute.py
[1.181s] -- Up-to-date: /home/absolutezeno/Auto-BT-Generation/install/isaac_ros2_messages/local/lib/python3.10/dist-packages/isaac_ros2_messages/srv/_get_prims_s.c
[1.181s] -- Up-to-date: /home/absolutezeno/Auto-BT-Generation/install/isaac_ros2_messages/local/lib/python3.10/dist-packages/isaac_ros2_messages/srv/__init__.py
[1.181s] -- Up-to-date: /home/absolutezeno/Auto-BT-Generation/install/isaac_ros2_messages/local/lib/python3.10/dist-packages/isaac_ros2_messages/srv/_get_prim_attribute_s.c
[1.181s] -- Up-to-date: /home/absolutezeno/Auto-BT-Generation/install/isaac_ros2_messages/local/lib/python3.10/dist-packages/isaac_ros2_messages/srv/_get_prim_attributes.py
[1.181s] -- Up-to-date: /home/absolutezeno/Auto-BT-Generation/install/isaac_ros2_messages/local/lib/python3.10/dist-packages/isaac_ros2_messages/srv/_isaac_pose.py
[1.221s] Listing '/home/absolutezeno/Auto-BT-Generation/install/isaac_ros2_messages/local/lib/python3.10/dist-packages/isaac_ros2_messages'...
[1.221s] Listing '/home/absolutezeno/Auto-BT-Generation/install/isaac_ros2_messages/local/lib/python3.10/dist-packages/isaac_ros2_messages/srv'...
[1.228s] -- Up-to-date: /home/absolutezeno/Auto-BT-Generation/install/isaac_ros2_messages/local/lib/python3.10/dist-packages/isaac_ros2_messages/isaac_ros2_messages_s__rosidl_typesupport_fastrtps_c.cpython-310-x86_64-linux-gnu.so
[1.228s] -- Up-to-date: /home/absolutezeno/Auto-BT-Generation/install/isaac_ros2_messages/local/lib/python3.10/dist-packages/isaac_ros2_messages/isaac_ros2_messages_s__rosidl_typesupport_introspection_c.cpython-310-x86_64-linux-gnu.so
[1.228s] -- Up-to-date: /home/absolutezeno/Auto-BT-Generation/install/isaac_ros2_messages/local/lib/python3.10/dist-packages/isaac_ros2_messages/isaac_ros2_messages_s__rosidl_typesupport_c.cpython-310-x86_64-linux-gnu.so
[1.229s] -- Up-to-date: /home/absolutezeno/Auto-BT-Generation/install/isaac_ros2_messages/lib/libisaac_ros2_messages__rosidl_generator_py.so
[1.229s] -- Up-to-date: /home/absolutezeno/Auto-BT-Generation/install/isaac_ros2_messages/share/isaac_ros2_messages/srv/IsaacPose.idl
[1.229s] -- Up-to-date: /home/absolutezeno/Auto-BT-Generation/install/isaac_ros2_messages/share/isaac_ros2_messages/srv/GetPrims.idl
[1.229s] -- Up-to-date: /home/absolutezeno/Auto-BT-Generation/install/isaac_ros2_messages/share/isaac_ros2_messages/srv/GetPrimAttributes.idl
[1.229s] -- Up-to-date: /home/absolutezeno/Auto-BT-Generation/install/isaac_ros2_messages/share/isaac_ros2_messages/srv/GetPrimAttribute.idl
[1.229s] -- Up-to-date: /home/absolutezeno/Auto-BT-Generation/install/isaac_ros2_messages/share/isaac_ros2_messages/srv/SetPrimAttribute.idl
[1.229s] -- Up-to-date: /home/absolutezeno/Auto-BT-Generation/install/isaac_ros2_messages/share/isaac_ros2_messages/srv/IsaacPose.srv
[1.230s] -- Up-to-date: /home/absolutezeno/Auto-BT-Generation/install/isaac_ros2_messages/share/isaac_ros2_messages/srv/IsaacPose_Request.msg
[1.230s] -- Up-to-date: /home/absolutezeno/Auto-BT-Generation/install/isaac_ros2_messages/share/isaac_ros2_messages/srv/IsaacPose_Response.msg
[1.230s] -- Up-to-date: /home/absolutezeno/Auto-BT-Generation/install/isaac_ros2_messages/share/isaac_ros2_messages/srv/GetPrims.srv
[1.230s] -- Up-to-date: /home/absolutezeno/Auto-BT-Generation/install/isaac_ros2_messages/share/isaac_ros2_messages/srv/GetPrims_Request.msg
[1.230s] -- Up-to-date: /home/absolutezeno/Auto-BT-Generation/install/isaac_ros2_messages/share/isaac_ros2_messages/srv/GetPrims_Response.msg
[1.230s] -- Up-to-date: /home/absolutezeno/Auto-BT-Generation/install/isaac_ros2_messages/share/isaac_ros2_messages/srv/GetPrimAttributes.srv
[1.230s] -- Up-to-date: /home/absolutezeno/Auto-BT-Generation/install/isaac_ros2_messages/share/isaac_ros2_messages/srv/GetPrimAttributes_Request.msg
[1.230s] -- Up-to-date: /home/absolutezeno/Auto-BT-Generation/install/isaac_ros2_messages/share/isaac_ros2_messages/srv/GetPrimAttributes_Response.msg
[1.230s] -- Up-to-date: /home/absolutezeno/Auto-BT-Generation/install/isaac_ros2_messages/share/isaac_ros2_messages/srv/GetPrimAttribute.srv
[1.230s] -- Up-to-date: /home/absolutezeno/Auto-BT-Generation/install/isaac_ros2_messages/share/isaac_ros2_messages/srv/GetPrimAttribute_Request.msg
[1.230s] -- Up-to-date: /home/absolutezeno/Auto-BT-Generation/install/isaac_ros2_messages/share/isaac_ros2_messages/srv/GetPrimAttribute_Response.msg
[1.230s] -- Up-to-date: /home/absolutezeno/Auto-BT-Generation/install/isaac_ros2_messages/share/isaac_ros2_messages/srv/SetPrimAttribute.srv
[1.230s] -- Up-to-date: /home/absolutezeno/Auto-BT-Generation/install/isaac_ros2_messages/share/isaac_ros2_messages/srv/SetPrimAttribute_Request.msg
[1.230s] -- Up-to-date: /home/absolutezeno/Auto-BT-Generation/install/isaac_ros2_messages/share/isaac_ros2_messages/srv/SetPrimAttribute_Response.msg
[1.230s] -- Up-to-date: /home/absolutezeno/Auto-BT-Generation/install/isaac_ros2_messages/share/ament_index/resource_index/package_run_dependencies/isaac_ros2_messages
[1.231s] -- Up-to-date: /home/absolutezeno/Auto-BT-Generation/install/isaac_ros2_messages/share/ament_index/resource_index/parent_prefix_path/isaac_ros2_messages
[1.231s] -- Up-to-date: /home/absolutezeno/Auto-BT-Generation/install/isaac_ros2_messages/share/isaac_ros2_messages/environment/ament_prefix_path.sh
[1.231s] -- Up-to-date: /home/absolutezeno/Auto-BT-Generation/install/isaac_ros2_messages/share/isaac_ros2_messages/environment/ament_prefix_path.dsv
[1.231s] -- Up-to-date: /home/absolutezeno/Auto-BT-Generation/install/isaac_ros2_messages/share/isaac_ros2_messages/environment/path.sh
[1.231s] -- Up-to-date: /home/absolutezeno/Auto-BT-Generation/install/isaac_ros2_messages/share/isaac_ros2_messages/environment/path.dsv
[1.231s] -- Up-to-date: /home/absolutezeno/Auto-BT-Generation/install/isaac_ros2_messages/share/isaac_ros2_messages/local_setup.bash
[1.231s] -- Up-to-date: /home/absolutezeno/Auto-BT-Generation/install/isaac_ros2_messages/share/isaac_ros2_messages/local_setup.sh
[1.231s] -- Up-to-date: /home/absolutezeno/Auto-BT-Generation/install/isaac_ros2_messages/share/isaac_ros2_messages/local_setup.zsh
[1.231s] -- Up-to-date: /home/absolutezeno/Auto-BT-Generation/install/isaac_ros2_messages/share/isaac_ros2_messages/local_setup.dsv
[1.231s] -- Installing: /home/absolutezeno/Auto-BT-Generation/install/isaac_ros2_messages/share/isaac_ros2_messages/package.dsv
[1.231s] -- Up-to-date: /home/absolutezeno/Auto-BT-Generation/install/isaac_ros2_messages/share/ament_index/resource_index/packages/isaac_ros2_messages
[1.231s] -- Up-to-date: /home/absolutezeno/Auto-BT-Generation/install/isaac_ros2_messages/share/isaac_ros2_messages/cmake/export_isaac_ros2_messages__rosidl_generator_cExport.cmake
[1.231s] -- Up-to-date: /home/absolutezeno/Auto-BT-Generation/install/isaac_ros2_messages/share/isaac_ros2_messages/cmake/export_isaac_ros2_messages__rosidl_generator_cExport-noconfig.cmake
[1.231s] -- Up-to-date: /home/absolutezeno/Auto-BT-Generation/install/isaac_ros2_messages/share/isaac_ros2_messages/cmake/export_isaac_ros2_messages__rosidl_typesupport_fastrtps_cExport.cmake
[1.231s] -- Up-to-date: /home/absolutezeno/Auto-BT-Generation/install/isaac_ros2_messages/share/isaac_ros2_messages/cmake/export_isaac_ros2_messages__rosidl_typesupport_fastrtps_cExport-noconfig.cmake
[1.231s] -- Up-to-date: /home/absolutezeno/Auto-BT-Generation/install/isaac_ros2_messages/share/isaac_ros2_messages/cmake/export_isaac_ros2_messages__rosidl_generator_cppExport.cmake
[1.232s] -- Up-to-date: /home/absolutezeno/Auto-BT-Generation/install/isaac_ros2_messages/share/isaac_ros2_messages/cmake/export_isaac_ros2_messages__rosidl_typesupport_fastrtps_cppExport.cmake
[1.232s] -- Up-to-date: /home/absolutezeno/Auto-BT-Generation/install/isaac_ros2_messages/share/isaac_ros2_messages/cmake/export_isaac_ros2_messages__rosidl_typesupport_fastrtps_cppExport-noconfig.cmake
[1.232s] -- Up-to-date: /home/absolutezeno/Auto-BT-Generation/install/isaac_ros2_messages/share/isaac_ros2_messages/cmake/isaac_ros2_messages__rosidl_typesupport_introspection_cExport.cmake
[1.232s] -- Up-to-date: /home/absolutezeno/Auto-BT-Generation/install/isaac_ros2_messages/share/isaac_ros2_messages/cmake/isaac_ros2_messages__rosidl_typesupport_introspection_cExport-noconfig.cmake
[1.232s] -- Up-to-date: /home/absolutezeno/Auto-BT-Generation/install/isaac_ros2_messages/share/isaac_ros2_messages/cmake/isaac_ros2_messages__rosidl_typesupport_cExport.cmake
[1.232s] -- Up-to-date: /home/absolutezeno/Auto-BT-Generation/install/isaac_ros2_messages/share/isaac_ros2_messages/cmake/isaac_ros2_messages__rosidl_typesupport_cExport-noconfig.cmake
[1.232s] -- Up-to-date: /home/absolutezeno/Auto-BT-Generation/install/isaac_ros2_messages/share/isaac_ros2_messages/cmake/isaac_ros2_messages__rosidl_typesupport_introspection_cppExport.cmake
[1.232s] -- Up-to-date: /home/absolutezeno/Auto-BT-Generation/install/isaac_ros2_messages/share/isaac_ros2_messages/cmake/isaac_ros2_messages__rosidl_typesupport_introspection_cppExport-noconfig.cmake
[1.232s] -- Up-to-date: /home/absolutezeno/Auto-BT-Generation/install/isaac_ros2_messages/share/isaac_ros2_messages/cmake/isaac_ros2_messages__rosidl_typesupport_cppExport.cmake
[1.232s] -- Up-to-date: /home/absolutezeno/Auto-BT-Generation/install/isaac_ros2_messages/share/isaac_ros2_messages/cmake/isaac_ros2_messages__rosidl_typesupport_cppExport-noconfig.cmake
[1.232s] -- Up-to-date: /home/absolutezeno/Auto-BT-Generation/install/isaac_ros2_messages/share/isaac_ros2_messages/cmake/export_isaac_ros2_messages__rosidl_generator_pyExport.cmake
[1.232s] -- Up-to-date: /home/absolutezeno/Auto-BT-Generation/install/isaac_ros2_messages/share/isaac_ros2_messages/cmake/export_isaac_ros2_messages__rosidl_generator_pyExport-noconfig.cmake
[1.232s] -- Up-to-date: /home/absolutezeno/Auto-BT-Generation/install/isaac_ros2_messages/share/isaac_ros2_messages/cmake/rosidl_cmake-extras.cmake
[1.233s] -- Up-to-date: /home/absolutezeno/Auto-BT-Generation/install/isaac_ros2_messages/share/isaac_ros2_messages/cmake/ament_cmake_export_dependencies-extras.cmake
[1.233s] -- Up-to-date: /home/absolutezeno/Auto-BT-Generation/install/isaac_ros2_messages/share/isaac_ros2_messages/cmake/ament_cmake_export_include_directories-extras.cmake
[1.233s] -- Up-to-date: /home/absolutezeno/Auto-BT-Generation/install/isaac_ros2_messages/share/isaac_ros2_messages/cmake/ament_cmake_export_libraries-extras.cmake
[1.233s] -- Up-to-date: /home/absolutezeno/Auto-BT-Generation/install/isaac_ros2_messages/share/isaac_ros2_messages/cmake/ament_cmake_export_targets-extras.cmake
[1.233s] -- Up-to-date: /home/absolutezeno/Auto-BT-Generation/install/isaac_ros2_messages/share/isaac_ros2_messages/cmake/rosidl_cmake_export_typesupport_targets-extras.cmake
[1.233s] -- Up-to-date: /home/absolutezeno/Auto-BT-Generation/install/isaac_ros2_messages/share/isaac_ros2_messages/cmake/rosidl_cmake_export_typesupport_libraries-extras.cmake
[1.233s] -- Up-to-date: /home/absolutezeno/Auto-BT-Generation/install/isaac_ros2_messages/share/isaac_ros2_messages/cmake/isaac_ros2_messagesConfig.cmake
[1.233s] -- Up-to-date: /home/absolutezeno/Auto-BT-Generation/install/isaac_ros2_messages/share/isaac_ros2_messages/cmake/isaac_ros2_messagesConfig-version.cmake
[1.233s] -- Up-to-date: /home/absolutezeno/Auto-BT-Generation/install/isaac_ros2_messages/share/isaac_ros2_messages/package.xml
[1.235s] Invoked command in '/home/absolutezeno/Auto-BT-Generation/build/isaac_ros2_messages' returned '0': CMAKE_PREFIX_PATH=${CMAKE_PREFIX_PATH}:/home/absolutezeno/Auto-BT-Generation/install/turtlebot3_teleop:/home/absolutezeno/Auto-BT-Generation/install/turtlebot3_example:/home/absolutezeno/Auto-BT-Generation/install/py_trees_ros_viewer:/home/absolutezeno/Auto-BT-Generation/install/py_trees_ros_tutorials:/home/absolutezeno/Auto-BT-Generation/install/py_trees_ros:/home/absolutezeno/fra532_exam/install/mir_driver:/home/absolutezeno/fra532_exam/install/twist_stamper:/home/absolutezeno/fra532_exam/install/mir_restapi:/opt/ros/humble PS1=(isaaclab) \[\e]0;\u@\h: \w\a\]${debian_chroot:+($debian_chroot)}\[\033[01;32m\]\u@\h\[\033[00m\]:\[\033[01;34m\]\w\[\033[00m\]\$ VIRTUAL_ENV_PROMPT=(isaaclab) /usr/bin/cmake --install /home/absolutezeno/Auto-BT-Generation/build/isaac_ros2_messages
