[1.142s] Invoking command in '/home/absolutezeno/Auto-BT-Generation/build/turtlebot3_navigation2': CMAKE_PREFIX_PATH=${CMAKE_PREFIX_PATH}:/home/absolutezeno/Auto-BT-Generation/install/turtlebot3_teleop:/home/absolutezeno/Auto-BT-Generation/install/turtlebot3_example:/home/absolutezeno/Auto-BT-Generation/install/py_trees_ros_viewer:/home/absolutezeno/Auto-BT-Generation/install/py_trees_ros_tutorials:/home/absolutezeno/Auto-BT-Generation/install/py_trees_ros:/home/absolutezeno/FRA501/install/rqt_joint_trajectory_controller:/home/absolutezeno/FRA501/install/rqt_controller_manager:/home/absolutezeno/FRA501/install/ros2controlcli:/home/absolutezeno/FRA501/install/ros2_controllers_test_nodes:/opt/ros/humble PS1=(isaaclab) \[\e]0;\u@\h: \w\a\]${debian_chroot:+($debian_chroot)}\[\033[01;32m\]\u@\h\[\033[00m\]:\[\033[01;34m\]\w\[\033[00m\]\$ VIRTUAL_ENV_PROMPT=(isaaclab) /usr/bin/cmake --build /home/absolutezeno/Auto-BT-Generation/build/turtlebot3_navigation2 -- -j20 -l20
[1.993s] Invoked command in '/home/absolutezeno/Auto-BT-Generation/build/turtlebot3_navigation2' returned '0': CMAKE_PREFIX_PATH=${CMAKE_PREFIX_PATH}:/home/absolutezeno/Auto-BT-Generation/install/turtlebot3_teleop:/home/absolutezeno/Auto-BT-Generation/install/turtlebot3_example:/home/absolutezeno/Auto-BT-Generation/install/py_trees_ros_viewer:/home/absolutezeno/Auto-BT-Generation/install/py_trees_ros_tutorials:/home/absolutezeno/Auto-BT-Generation/install/py_trees_ros:/home/absolutezeno/FRA501/install/rqt_joint_trajectory_controller:/home/absolutezeno/FRA501/install/rqt_controller_manager:/home/absolutezeno/FRA501/install/ros2controlcli:/home/absolutezeno/FRA501/install/ros2_controllers_test_nodes:/opt/ros/humble PS1=(isaaclab) \[\e]0;\u@\h: \w\a\]${debian_chroot:+($debian_chroot)}\[\033[01;32m\]\u@\h\[\033[00m\]:\[\033[01;34m\]\w\[\033[00m\]\$ VIRTUAL_ENV_PROMPT=(isaaclab) /usr/bin/cmake --build /home/absolutezeno/Auto-BT-Generation/build/turtlebot3_navigation2 -- -j20 -l20
[2.019s] Invoking command in '/home/absolutezeno/Auto-BT-Generation/build/turtlebot3_navigation2': CMAKE_PREFIX_PATH=${CMAKE_PREFIX_PATH}:/home/absolutezeno/Auto-BT-Generation/install/turtlebot3_teleop:/home/absolutezeno/Auto-BT-Generation/install/turtlebot3_example:/home/absolutezeno/Auto-BT-Generation/install/py_trees_ros_viewer:/home/absolutezeno/Auto-BT-Generation/install/py_trees_ros_tutorials:/home/absolutezeno/Auto-BT-Generation/install/py_trees_ros:/home/absolutezeno/FRA501/install/rqt_joint_trajectory_controller:/home/absolutezeno/FRA501/install/rqt_controller_manager:/home/absolutezeno/FRA501/install/ros2controlcli:/home/absolutezeno/FRA501/install/ros2_controllers_test_nodes:/opt/ros/humble PS1=(isaaclab) \[\e]0;\u@\h: \w\a\]${debian_chroot:+($debian_chroot)}\[\033[01;32m\]\u@\h\[\033[00m\]:\[\033[01;34m\]\w\[\033[00m\]\$ VIRTUAL_ENV_PROMPT=(isaaclab) /usr/bin/cmake --install /home/absolutezeno/Auto-BT-Generation/build/turtlebot3_navigation2
[2.026s] -- Install configuration: ""
[2.027s] -- Up-to-date: /home/absolutezeno/Auto-BT-Generation/install/turtlebot3_navigation2/share/turtlebot3_navigation2/launch
[2.027s] -- Up-to-date: /home/absolutezeno/Auto-BT-Generation/install/turtlebot3_navigation2/share/turtlebot3_navigation2/launch/navigation2.launch.py
[2.027s] -- Up-to-date: /home/absolutezeno/Auto-BT-Generation/install/turtlebot3_navigation2/share/turtlebot3_navigation2/map
[2.027s] -- Up-to-date: /home/absolutezeno/Auto-BT-Generation/install/turtlebot3_navigation2/share/turtlebot3_navigation2/map/map.pgm
[2.027s] -- Up-to-date: /home/absolutezeno/Auto-BT-Generation/install/turtlebot3_navigation2/share/turtlebot3_navigation2/map/map.yaml
[2.027s] -- Up-to-date: /home/absolutezeno/Auto-BT-Generation/install/turtlebot3_navigation2/share/turtlebot3_navigation2/param
[2.027s] -- Up-to-date: /home/absolutezeno/Auto-BT-Generation/install/turtlebot3_navigation2/share/turtlebot3_navigation2/param/waffle.yaml
[2.028s] -- Up-to-date: /home/absolutezeno/Auto-BT-Generation/install/turtlebot3_navigation2/share/turtlebot3_navigation2/param/burger.yaml
[2.028s] -- Up-to-date: /home/absolutezeno/Auto-BT-Generation/install/turtlebot3_navigation2/share/turtlebot3_navigation2/param/waffle_pi.yaml
[2.028s] -- Up-to-date: /home/absolutezeno/Auto-BT-Generation/install/turtlebot3_navigation2/share/turtlebot3_navigation2/rviz
[2.028s] -- Up-to-date: /home/absolutezeno/Auto-BT-Generation/install/turtlebot3_navigation2/share/turtlebot3_navigation2/rviz/tb3_navigation2.rviz
[2.028s] -- Up-to-date: /home/absolutezeno/Auto-BT-Generation/install/turtlebot3_navigation2/share/ament_index/resource_index/package_run_dependencies/turtlebot3_navigation2
[2.028s] -- Up-to-date: /home/absolutezeno/Auto-BT-Generation/install/turtlebot3_navigation2/share/ament_index/resource_index/parent_prefix_path/turtlebot3_navigation2
[2.028s] -- Up-to-date: /home/absolutezeno/Auto-BT-Generation/install/turtlebot3_navigation2/share/turtlebot3_navigation2/environment/ament_prefix_path.sh
[2.028s] -- Up-to-date: /home/absolutezeno/Auto-BT-Generation/install/turtlebot3_navigation2/share/turtlebot3_navigation2/environment/ament_prefix_path.dsv
[2.028s] -- Up-to-date: /home/absolutezeno/Auto-BT-Generation/install/turtlebot3_navigation2/share/turtlebot3_navigation2/environment/path.sh
[2.028s] -- Up-to-date: /home/absolutezeno/Auto-BT-Generation/install/turtlebot3_navigation2/share/turtlebot3_navigation2/environment/path.dsv
[2.028s] -- Up-to-date: /home/absolutezeno/Auto-BT-Generation/install/turtlebot3_navigation2/share/turtlebot3_navigation2/local_setup.bash
[2.028s] -- Up-to-date: /home/absolutezeno/Auto-BT-Generation/install/turtlebot3_navigation2/share/turtlebot3_navigation2/local_setup.sh
[2.028s] -- Up-to-date: /home/absolutezeno/Auto-BT-Generation/install/turtlebot3_navigation2/share/turtlebot3_navigation2/local_setup.zsh
[2.028s] -- Up-to-date: /home/absolutezeno/Auto-BT-Generation/install/turtlebot3_navigation2/share/turtlebot3_navigation2/local_setup.dsv
[2.028s] -- Installing: /home/absolutezeno/Auto-BT-Generation/install/turtlebot3_navigation2/share/turtlebot3_navigation2/package.dsv
[2.028s] -- Up-to-date: /home/absolutezeno/Auto-BT-Generation/install/turtlebot3_navigation2/share/ament_index/resource_index/packages/turtlebot3_navigation2
[2.028s] -- Up-to-date: /home/absolutezeno/Auto-BT-Generation/install/turtlebot3_navigation2/share/turtlebot3_navigation2/cmake/turtlebot3_navigation2Config.cmake
[2.028s] -- Up-to-date: /home/absolutezeno/Auto-BT-Generation/install/turtlebot3_navigation2/share/turtlebot3_navigation2/cmake/turtlebot3_navigation2Config-version.cmake
[2.028s] -- Up-to-date: /home/absolutezeno/Auto-BT-Generation/install/turtlebot3_navigation2/share/turtlebot3_navigation2/package.xml
[2.135s] Invoked command in '/home/absolutezeno/Auto-BT-Generation/build/turtlebot3_navigation2' returned '0': CMAKE_PREFIX_PATH=${CMAKE_PREFIX_PATH}:/home/absolutezeno/Auto-BT-Generation/install/turtlebot3_teleop:/home/absolutezeno/Auto-BT-Generation/install/turtlebot3_example:/home/absolutezeno/Auto-BT-Generation/install/py_trees_ros_viewer:/home/absolutezeno/Auto-BT-Generation/install/py_trees_ros_tutorials:/home/absolutezeno/Auto-BT-Generation/install/py_trees_ros:/home/absolutezeno/FRA501/install/rqt_joint_trajectory_controller:/home/absolutezeno/FRA501/install/rqt_controller_manager:/home/absolutezeno/FRA501/install/ros2controlcli:/home/absolutezeno/FRA501/install/ros2_controllers_test_nodes:/opt/ros/humble PS1=(isaaclab) \[\e]0;\u@\h: \w\a\]${debian_chroot:+($debian_chroot)}\[\033[01;32m\]\u@\h\[\033[00m\]:\[\033[01;34m\]\w\[\033[00m\]\$ VIRTUAL_ENV_PROMPT=(isaaclab) /usr/bin/cmake --install /home/absolutezeno/Auto-BT-Generation/build/turtlebot3_navigation2
