[1.082s] Invoking command in '/home/absolutezeno/Auto-BT-Generation/src/turtlebot3/turtlebot3_example': PS1=(isaaclab) \[\e]0;\u@\h: \w\a\]${debian_chroot:+($debian_chroot)}\[\033[01;32m\]\u@\h\[\033[00m\]:\[\033[01;34m\]\w\[\033[00m\]\$ PYTHONPATH=/home/absolutezeno/Auto-BT-Generation/build/turtlebot3_example/prefix_override:/usr/lib/python3/dist-packages/colcon_core/task/python/colcon_distutils_commands:/home/absolutezeno/Auto-BT-Generation/install/turtlebot3_example/lib/python3.10/site-packages:${PYTHONPATH} VIRTUAL_ENV_PROMPT=(isaaclab) /usr/bin/python3 -W ignore:setup.py install is deprecated -W ignore:easy_install command is deprecated setup.py egg_info --egg-base ../../../build/turtlebot3_example build --build-base /home/absolutezeno/Auto-BT-Generation/build/turtlebot3_example/build install --record /home/absolutezeno/Auto-BT-Generation/build/turtlebot3_example/install.log --single-version-externally-managed install_data
[1.229s] running egg_info
[1.229s] writing ../../../build/turtlebot3_example/turtlebot3_example.egg-info/PKG-INFO
[1.229s] writing dependency_links to ../../../build/turtlebot3_example/turtlebot3_example.egg-info/dependency_links.txt
[1.229s] writing entry points to ../../../build/turtlebot3_example/turtlebot3_example.egg-info/entry_points.txt
[1.230s] writing requirements to ../../../build/turtlebot3_example/turtlebot3_example.egg-info/requires.txt
[1.230s] writing top-level names to ../../../build/turtlebot3_example/turtlebot3_example.egg-info/top_level.txt
[1.231s] reading manifest file '../../../build/turtlebot3_example/turtlebot3_example.egg-info/SOURCES.txt'
[1.231s] writing manifest file '../../../build/turtlebot3_example/turtlebot3_example.egg-info/SOURCES.txt'
[1.231s] running build
[1.231s] running build_py
[1.232s] running install
[1.232s] running install_lib
[1.233s] running install_data
[1.233s] running install_egg_info
[1.235s] removing '/home/absolutezeno/Auto-BT-Generation/install/turtlebot3_example/lib/python3.10/site-packages/turtlebot3_example-2.1.5-py3.10.egg-info' (and everything under it)
[1.235s] Copying ../../../build/turtlebot3_example/turtlebot3_example.egg-info to /home/absolutezeno/Auto-BT-Generation/install/turtlebot3_example/lib/python3.10/site-packages/turtlebot3_example-2.1.5-py3.10.egg-info
[1.235s] running install_scripts
[1.249s] Installing turtlebot3_obstacle_detection script to /home/absolutezeno/Auto-BT-Generation/install/turtlebot3_example/lib/turtlebot3_example
[1.249s] Installing turtlebot3_patrol_client script to /home/absolutezeno/Auto-BT-Generation/install/turtlebot3_example/lib/turtlebot3_example
[1.249s] Installing turtlebot3_patrol_server script to /home/absolutezeno/Auto-BT-Generation/install/turtlebot3_example/lib/turtlebot3_example
[1.249s] Installing turtlebot3_position_control script to /home/absolutezeno/Auto-BT-Generation/install/turtlebot3_example/lib/turtlebot3_example
[1.250s] writing list of installed files to '/home/absolutezeno/Auto-BT-Generation/build/turtlebot3_example/install.log'
[1.416s] Invoked command in '/home/absolutezeno/Auto-BT-Generation/src/turtlebot3/turtlebot3_example' returned '0': PS1=(isaaclab) \[\e]0;\u@\h: \w\a\]${debian_chroot:+($debian_chroot)}\[\033[01;32m\]\u@\h\[\033[00m\]:\[\033[01;34m\]\w\[\033[00m\]\$ PYTHONPATH=/home/absolutezeno/Auto-BT-Generation/build/turtlebot3_example/prefix_override:/usr/lib/python3/dist-packages/colcon_core/task/python/colcon_distutils_commands:/home/absolutezeno/Auto-BT-Generation/install/turtlebot3_example/lib/python3.10/site-packages:${PYTHONPATH} VIRTUAL_ENV_PROMPT=(isaaclab) /usr/bin/python3 -W ignore:setup.py install is deprecated -W ignore:easy_install command is deprecated setup.py egg_info --egg-base ../../../build/turtlebot3_example build --build-base /home/absolutezeno/Auto-BT-Generation/build/turtlebot3_example/build install --record /home/absolutezeno/Auto-BT-Generation/build/turtlebot3_example/install.log --single-version-externally-managed install_data
