[0.037s] Invoking command in '/home/absolutezeno/Auto-BT-Generation/build/turtlebot3_node': CMAKE_PREFIX_PATH=${CMAKE_PREFIX_PATH}:/home/absolutezeno/Auto-BT-Generation/install/turtlebot3_teleop:/home/absolutezeno/Auto-BT-Generation/install/turtlebot3_example:/home/absolutezeno/Auto-BT-Generation/install/py_trees_ros_viewer:/home/absolutezeno/Auto-BT-Generation/install/py_trees_ros_tutorials:/home/absolutezeno/Auto-BT-Generation/install/py_trees_ros:/home/absolutezeno/fra532_exam/install/mir_driver:/home/absolutezeno/fra532_exam/install/twist_stamper:/home/absolutezeno/fra532_exam/install/mir_restapi:/opt/ros/humble PS1=(isaaclab) \[\e]0;\u@\h: \w\a\]${debian_chroot:+($debian_chroot)}\[\033[01;32m\]\u@\h\[\033[00m\]:\[\033[01;34m\]\w\[\033[00m\]\$ VIRTUAL_ENV_PROMPT=(isaaclab) /usr/bin/cmake --build /home/absolutezeno/Auto-BT-Generation/build/turtlebot3_node -- -j20 -l20
[0.770s] -- Found ament_cmake: 1.3.11 (/opt/ros/humble/share/ament_cmake/cmake)
[0.771s] -- Found dynamixel_sdk: 3.7.60 (/opt/ros/humble/share/dynamixel_sdk/cmake)
[0.771s] -- Found geometry_msgs: 4.2.4 (/opt/ros/humble/share/geometry_msgs/cmake)
[0.771s] -- Found rosidl_generator_c: 3.1.6 (/opt/ros/humble/share/rosidl_generator_c/cmake)
[0.771s] -- Found rosidl_adapter: 3.1.6 (/opt/ros/humble/share/rosidl_adapter/cmake)
[0.771s] -- Found rosidl_generator_cpp: 3.1.6 (/opt/ros/humble/share/rosidl_generator_cpp/cmake)
[0.771s] -- Using all available rosidl_typesupport_c: rosidl_typesupport_fastrtps_c;rosidl_typesupport_introspection_c
[0.771s] -- Using all available rosidl_typesupport_cpp: rosidl_typesupport_fastrtps_cpp;rosidl_typesupport_introspection_cpp
[0.771s] -- Found message_filters: 4.3.5 (/opt/ros/humble/share/message_filters/cmake)
[0.771s] -- Found rmw_implementation_cmake: 6.1.2 (/opt/ros/humble/share/rmw_implementation_cmake/cmake)
[0.771s] -- Found rmw_fastrtps_cpp: 6.2.7 (/opt/ros/humble/share/rmw_fastrtps_cpp/cmake)
[0.771s] -- Using RMW implementation 'rmw_fastrtps_cpp' as default
[0.771s] -- Found nav_msgs: 4.2.4 (/opt/ros/humble/share/nav_msgs/cmake)
[0.772s] -- Found sensor_msgs: 4.8.0 (/opt/ros/humble/share/sensor_msgs/cmake)
[0.772s] -- Found std_srvs: 4.2.4 (/opt/ros/humble/share/std_srvs/cmake)
[0.772s] -- Found tf2: 0.25.12 (/opt/ros/humble/share/tf2/cmake)
[0.772s] -- Found tf2_ros: 0.25.12 (/opt/ros/humble/share/tf2_ros/cmake)
[0.772s] -- Found turtlebot3_msgs: 2.2.3 (/opt/ros/humble/share/turtlebot3_msgs/cmake)
[0.773s] -- Configuring done
[0.773s] -- Generating done
[0.773s] -- Build files have been written to: /home/absolutezeno/Auto-BT-Generation/build/turtlebot3_node
[0.773s] [35m[1mConsolidate compiler generated dependencies of target turtlebot3_node_lib[0m
[0.773s] [  7%] [32mBuilding CXX object CMakeFiles/turtlebot3_node_lib.dir/src/devices/motor_power.cpp.o[0m
[0.773s] [ 14%] [32mBuilding CXX object CMakeFiles/turtlebot3_node_lib.dir/src/devices/sound.cpp.o[0m
[0.773s] [ 21%] [32mBuilding CXX object CMakeFiles/turtlebot3_node_lib.dir/src/turtlebot3.cpp.o[0m
[0.773s] [ 28%] [32mBuilding CXX object CMakeFiles/turtlebot3_node_lib.dir/src/devices/reset.cpp.o[0m
[0.773s] [ 35%] [32mBuilding CXX object CMakeFiles/turtlebot3_node_lib.dir/src/sensors/battery_state.cpp.o[0m
[0.773s] [ 42%] [32mBuilding CXX object CMakeFiles/turtlebot3_node_lib.dir/src/diff_drive_controller.cpp.o[0m
[0.773s] [ 50%] [32mBuilding CXX object CMakeFiles/turtlebot3_node_lib.dir/src/dynamixel_sdk_wrapper.cpp.o[0m
[0.773s] [ 57%] [32mBuilding CXX object CMakeFiles/turtlebot3_node_lib.dir/src/odometry.cpp.o[0m
[0.773s] [ 64%] [32mBuilding CXX object CMakeFiles/turtlebot3_node_lib.dir/src/sensors/sensor_state.cpp.o[0m
[0.773s] [ 71%] [32mBuilding CXX object CMakeFiles/turtlebot3_node_lib.dir/src/sensors/imu.cpp.o[0m
[0.774s] [ 78%] [32mBuilding CXX object CMakeFiles/turtlebot3_node_lib.dir/src/sensors/joint_state.cpp.o[0m
[13.353s] [ 85%] [32m[1mLinking CXX static library libturtlebot3_node_lib.a[0m
[13.645s] [ 85%] Built target turtlebot3_node_lib
[13.653s] [35m[1mConsolidate compiler generated dependencies of target turtlebot3_ros[0m
[13.667s] [ 92%] [32mBuilding CXX object CMakeFiles/turtlebot3_ros.dir/src/node_main.cpp.o[0m
[15.303s] [100%] [32m[1mLinking CXX executable turtlebot3_ros[0m
[16.259s] [100%] Built target turtlebot3_ros
[16.267s] Invoked command in '/home/absolutezeno/Auto-BT-Generation/build/turtlebot3_node' returned '0': CMAKE_PREFIX_PATH=${CMAKE_PREFIX_PATH}:/home/absolutezeno/Auto-BT-Generation/install/turtlebot3_teleop:/home/absolutezeno/Auto-BT-Generation/install/turtlebot3_example:/home/absolutezeno/Auto-BT-Generation/install/py_trees_ros_viewer:/home/absolutezeno/Auto-BT-Generation/install/py_trees_ros_tutorials:/home/absolutezeno/Auto-BT-Generation/install/py_trees_ros:/home/absolutezeno/fra532_exam/install/mir_driver:/home/absolutezeno/fra532_exam/install/twist_stamper:/home/absolutezeno/fra532_exam/install/mir_restapi:/opt/ros/humble PS1=(isaaclab) \[\e]0;\u@\h: \w\a\]${debian_chroot:+($debian_chroot)}\[\033[01;32m\]\u@\h\[\033[00m\]:\[\033[01;34m\]\w\[\033[00m\]\$ VIRTUAL_ENV_PROMPT=(isaaclab) /usr/bin/cmake --build /home/absolutezeno/Auto-BT-Generation/build/turtlebot3_node -- -j20 -l20
[16.350s] Invoking command in '/home/absolutezeno/Auto-BT-Generation/build/turtlebot3_node': CMAKE_PREFIX_PATH=${CMAKE_PREFIX_PATH}:/home/absolutezeno/Auto-BT-Generation/install/turtlebot3_teleop:/home/absolutezeno/Auto-BT-Generation/install/turtlebot3_example:/home/absolutezeno/Auto-BT-Generation/install/py_trees_ros_viewer:/home/absolutezeno/Auto-BT-Generation/install/py_trees_ros_tutorials:/home/absolutezeno/Auto-BT-Generation/install/py_trees_ros:/home/absolutezeno/fra532_exam/install/mir_driver:/home/absolutezeno/fra532_exam/install/twist_stamper:/home/absolutezeno/fra532_exam/install/mir_restapi:/opt/ros/humble PS1=(isaaclab) \[\e]0;\u@\h: \w\a\]${debian_chroot:+($debian_chroot)}\[\033[01;32m\]\u@\h\[\033[00m\]:\[\033[01;34m\]\w\[\033[00m\]\$ VIRTUAL_ENV_PROMPT=(isaaclab) /usr/bin/cmake --install /home/absolutezeno/Auto-BT-Generation/build/turtlebot3_node
[16.358s] -- Install configuration: ""
[16.358s] -- Up-to-date: /home/absolutezeno/Auto-BT-Generation/install/turtlebot3_node/share/turtlebot3_node/param
[16.358s] -- Up-to-date: /home/absolutezeno/Auto-BT-Generation/install/turtlebot3_node/share/turtlebot3_node/param/waffle.yaml
[16.358s] -- Up-to-date: /home/absolutezeno/Auto-BT-Generation/install/turtlebot3_node/share/turtlebot3_node/param/burger.yaml
[16.359s] -- Up-to-date: /home/absolutezeno/Auto-BT-Generation/install/turtlebot3_node/share/turtlebot3_node/param/waffle_pi.yaml
[16.360s] -- Installing: /home/absolutezeno/Auto-BT-Generation/install/turtlebot3_node/lib/turtlebot3_node/turtlebot3_ros
[16.369s] -- Set runtime path of "/home/absolutezeno/Auto-BT-Generation/install/turtlebot3_node/lib/turtlebot3_node/turtlebot3_ros" to ""
[16.370s] -- Up-to-date: /home/absolutezeno/Auto-BT-Generation/install/turtlebot3_node/share/ament_index/resource_index/package_run_dependencies/turtlebot3_node
[16.370s] -- Installing: /home/absolutezeno/Auto-BT-Generation/install/turtlebot3_node/share/ament_index/resource_index/parent_prefix_path/turtlebot3_node
[16.370s] -- Up-to-date: /home/absolutezeno/Auto-BT-Generation/install/turtlebot3_node/share/turtlebot3_node/environment/ament_prefix_path.sh
[16.370s] -- Installing: /home/absolutezeno/Auto-BT-Generation/install/turtlebot3_node/share/turtlebot3_node/environment/ament_prefix_path.dsv
[16.370s] -- Up-to-date: /home/absolutezeno/Auto-BT-Generation/install/turtlebot3_node/share/turtlebot3_node/environment/path.sh
[16.370s] -- Installing: /home/absolutezeno/Auto-BT-Generation/install/turtlebot3_node/share/turtlebot3_node/environment/path.dsv
[16.370s] -- Up-to-date: /home/absolutezeno/Auto-BT-Generation/install/turtlebot3_node/share/turtlebot3_node/local_setup.bash
[16.370s] -- Up-to-date: /home/absolutezeno/Auto-BT-Generation/install/turtlebot3_node/share/turtlebot3_node/local_setup.sh
[16.370s] -- Up-to-date: /home/absolutezeno/Auto-BT-Generation/install/turtlebot3_node/share/turtlebot3_node/local_setup.zsh
[16.370s] -- Installing: /home/absolutezeno/Auto-BT-Generation/install/turtlebot3_node/share/turtlebot3_node/local_setup.dsv
[16.370s] -- Installing: /home/absolutezeno/Auto-BT-Generation/install/turtlebot3_node/share/turtlebot3_node/package.dsv
[16.370s] -- Up-to-date: /home/absolutezeno/Auto-BT-Generation/install/turtlebot3_node/share/ament_index/resource_index/packages/turtlebot3_node
[16.370s] -- Up-to-date: /home/absolutezeno/Auto-BT-Generation/install/turtlebot3_node/share/turtlebot3_node/cmake/ament_cmake_export_include_directories-extras.cmake
[16.370s] -- Up-to-date: /home/absolutezeno/Auto-BT-Generation/install/turtlebot3_node/share/turtlebot3_node/cmake/turtlebot3_nodeConfig.cmake
[16.370s] -- Up-to-date: /home/absolutezeno/Auto-BT-Generation/install/turtlebot3_node/share/turtlebot3_node/cmake/turtlebot3_nodeConfig-version.cmake
[16.370s] -- Up-to-date: /home/absolutezeno/Auto-BT-Generation/install/turtlebot3_node/share/turtlebot3_node/package.xml
[16.371s] Invoked command in '/home/absolutezeno/Auto-BT-Generation/build/turtlebot3_node' returned '0': CMAKE_PREFIX_PATH=${CMAKE_PREFIX_PATH}:/home/absolutezeno/Auto-BT-Generation/install/turtlebot3_teleop:/home/absolutezeno/Auto-BT-Generation/install/turtlebot3_example:/home/absolutezeno/Auto-BT-Generation/install/py_trees_ros_viewer:/home/absolutezeno/Auto-BT-Generation/install/py_trees_ros_tutorials:/home/absolutezeno/Auto-BT-Generation/install/py_trees_ros:/home/absolutezeno/fra532_exam/install/mir_driver:/home/absolutezeno/fra532_exam/install/twist_stamper:/home/absolutezeno/fra532_exam/install/mir_restapi:/opt/ros/humble PS1=(isaaclab) \[\e]0;\u@\h: \w\a\]${debian_chroot:+($debian_chroot)}\[\033[01;32m\]\u@\h\[\033[00m\]:\[\033[01;34m\]\w\[\033[00m\]\$ VIRTUAL_ENV_PROMPT=(isaaclab) /usr/bin/cmake --install /home/absolutezeno/Auto-BT-Generation/build/turtlebot3_node
