[0.551s] Invoking command in '/home/absolutezeno/Auto-BT-Generation/src/py_trees_ros': PS1=(isaaclab) \[\e]0;\u@\h: \w\a\]${debian_chroot:+($debian_chroot)}\[\033[01;32m\]\u@\h\[\033[00m\]:\[\033[01;34m\]\w\[\033[00m\]\$ PYTHONPATH=/home/absolutezeno/Auto-BT-Generation/build/py_trees_ros/prefix_override:/home/absolutezeno/Auto-BT-Generation/install/py_trees_ros/lib/python3.10/site-packages:${PYTHONPATH} VIRTUAL_ENV_PROMPT=(isaaclab) /usr/bin/python3 setup.py egg_info --egg-base ../../build/py_trees_ros build --build-base /home/absolutezeno/Auto-BT-Generation/build/py_trees_ros/build install --record /home/absolutezeno/Auto-BT-Generation/build/py_trees_ros/install.log --single-version-externally-managed
[0.701s] running egg_info
[0.701s] writing ../../build/py_trees_ros/py_trees_ros.egg-info/PKG-INFO
[0.701s] writing dependency_links to ../../build/py_trees_ros/py_trees_ros.egg-info/dependency_links.txt
[0.702s] writing entry points to ../../build/py_trees_ros/py_trees_ros.egg-info/entry_points.txt
[0.702s] writing top-level names to ../../build/py_trees_ros/py_trees_ros.egg-info/top_level.txt
[0.703s] reading manifest file '../../build/py_trees_ros/py_trees_ros.egg-info/SOURCES.txt'
[0.703s] adding license file 'LICENSE'
[0.704s] writing manifest file '../../build/py_trees_ros/py_trees_ros.egg-info/SOURCES.txt'
[0.704s] running build
[0.704s] running build_py
[0.704s] running install
[0.705s] /usr/lib/python3/dist-packages/setuptools/command/install.py:34: SetuptoolsDeprecationWarning: setup.py install is deprecated. Use build and pip and other standards-based tools.
[0.705s]   warnings.warn(
[0.705s] running install_lib
[0.706s] running install_data
[0.706s] running install_egg_info
[0.707s] removing '/home/absolutezeno/Auto-BT-Generation/install/py_trees_ros/lib/python3.10/site-packages/py_trees_ros-2.2.2-py3.10.egg-info' (and everything under it)
[0.707s] Copying ../../build/py_trees_ros/py_trees_ros.egg-info to /home/absolutezeno/Auto-BT-Generation/install/py_trees_ros/lib/python3.10/site-packages/py_trees_ros-2.2.2-py3.10.egg-info
[0.707s] running install_scripts
[0.720s] Installing py-trees-blackboard-watcher script to /home/absolutezeno/Auto-BT-Generation/install/py_trees_ros/bin
[0.720s] Installing py-trees-tree-watcher script to /home/absolutezeno/Auto-BT-Generation/install/py_trees_ros/bin
[0.720s] writing list of installed files to '/home/absolutezeno/Auto-BT-Generation/build/py_trees_ros/install.log'
[0.734s] Invoked command in '/home/absolutezeno/Auto-BT-Generation/src/py_trees_ros' returned '0': PS1=(isaaclab) \[\e]0;\u@\h: \w\a\]${debian_chroot:+($debian_chroot)}\[\033[01;32m\]\u@\h\[\033[00m\]:\[\033[01;34m\]\w\[\033[00m\]\$ PYTHONPATH=/home/absolutezeno/Auto-BT-Generation/build/py_trees_ros/prefix_override:/home/absolutezeno/Auto-BT-Generation/install/py_trees_ros/lib/python3.10/site-packages:${PYTHONPATH} VIRTUAL_ENV_PROMPT=(isaaclab) /usr/bin/python3 setup.py egg_info --egg-base ../../build/py_trees_ros build --build-base /home/absolutezeno/Auto-BT-Generation/build/py_trees_ros/build install --record /home/absolutezeno/Auto-BT-Generation/build/py_trees_ros/install.log --single-version-externally-managed
