[0.005s] Invoking command in '/home/absolutezeno/Auto-BT-Generation/build/turtlebot3_bringup': AMENT_PREFIX_PATH=/home/absolutezeno/Auto-BT-Generation/install/turtlebot3_node:/home/absolutezeno/Auto-BT-Generation/install/turtlebot3_description:${AMENT_PREFIX_PATH} CMAKE_PREFIX_PATH=/home/absolutezeno/Auto-BT-Generation/install/turtlebot3_node:/home/absolutezeno/Auto-BT-Generation/install/turtlebot3_description:/opt/ros/humble PS1=(isaaclab) \[\e]0;\u@\h: \w\a\]${debian_chroot:+($debian_chroot)}\[\033[01;32m\]\u@\h\[\033[00m\]:\[\033[01;34m\]\w\[\033[00m\]\$ VIRTUAL_ENV_PROMPT=(isaaclab) /usr/bin/cmake --build /home/absolutezeno/Auto-BT-Generation/build/turtlebot3_bringup -- -j20 -l20
[0.022s] -- Found ament_cmake: 1.3.11 (/opt/ros/humble/share/ament_cmake/cmake)
[0.129s] -- Found Python3: /home/absolutezeno/isaaclab/bin/python3 (found version "3.10.12") found components: Interpreter 
[0.222s] -- Configuring done
[0.223s] -- Generating done
[0.224s] -- Build files have been written to: /home/absolutezeno/Auto-BT-Generation/build/turtlebot3_bringup
[0.239s] Invoked command in '/home/absolutezeno/Auto-BT-Generation/build/turtlebot3_bringup' returned '0': AMENT_PREFIX_PATH=/home/absolutezeno/Auto-BT-Generation/install/turtlebot3_node:/home/absolutezeno/Auto-BT-Generation/install/turtlebot3_description:${AMENT_PREFIX_PATH} CMAKE_PREFIX_PATH=/home/absolutezeno/Auto-BT-Generation/install/turtlebot3_node:/home/absolutezeno/Auto-BT-Generation/install/turtlebot3_description:/opt/ros/humble PS1=(isaaclab) \[\e]0;\u@\h: \w\a\]${debian_chroot:+($debian_chroot)}\[\033[01;32m\]\u@\h\[\033[00m\]:\[\033[01;34m\]\w\[\033[00m\]\$ VIRTUAL_ENV_PROMPT=(isaaclab) /usr/bin/cmake --build /home/absolutezeno/Auto-BT-Generation/build/turtlebot3_bringup -- -j20 -l20
[0.254s] Invoking command in '/home/absolutezeno/Auto-BT-Generation/build/turtlebot3_bringup': AMENT_PREFIX_PATH=/home/absolutezeno/Auto-BT-Generation/install/turtlebot3_node:/home/absolutezeno/Auto-BT-Generation/install/turtlebot3_description:${AMENT_PREFIX_PATH} CMAKE_PREFIX_PATH=/home/absolutezeno/Auto-BT-Generation/install/turtlebot3_node:/home/absolutezeno/Auto-BT-Generation/install/turtlebot3_description:/opt/ros/humble PS1=(isaaclab) \[\e]0;\u@\h: \w\a\]${debian_chroot:+($debian_chroot)}\[\033[01;32m\]\u@\h\[\033[00m\]:\[\033[01;34m\]\w\[\033[00m\]\$ VIRTUAL_ENV_PROMPT=(isaaclab) /usr/bin/cmake --install /home/absolutezeno/Auto-BT-Generation/build/turtlebot3_bringup
[0.259s] -- Install configuration: ""
[0.259s] -- Up-to-date: /home/absolutezeno/Auto-BT-Generation/install/turtlebot3_bringup/share/turtlebot3_bringup/launch
[0.259s] -- Up-to-date: /home/absolutezeno/Auto-BT-Generation/install/turtlebot3_bringup/share/turtlebot3_bringup/launch/turtlebot3_state_publisher.launch.py
[0.259s] -- Up-to-date: /home/absolutezeno/Auto-BT-Generation/install/turtlebot3_bringup/share/turtlebot3_bringup/launch/rviz2.launch.py
[0.259s] -- Up-to-date: /home/absolutezeno/Auto-BT-Generation/install/turtlebot3_bringup/share/turtlebot3_bringup/launch/robot.launch.py
[0.259s] -- Up-to-date: /home/absolutezeno/Auto-BT-Generation/install/turtlebot3_bringup/share/turtlebot3_bringup/param
[0.259s] -- Up-to-date: /home/absolutezeno/Auto-BT-Generation/install/turtlebot3_bringup/share/turtlebot3_bringup/param/waffle.yaml
[0.259s] -- Up-to-date: /home/absolutezeno/Auto-BT-Generation/install/turtlebot3_bringup/share/turtlebot3_bringup/param/burger.yaml
[0.259s] -- Up-to-date: /home/absolutezeno/Auto-BT-Generation/install/turtlebot3_bringup/share/turtlebot3_bringup/param/waffle_pi.yaml
[0.259s] -- Up-to-date: /home/absolutezeno/Auto-BT-Generation/install/turtlebot3_bringup/share/turtlebot3_bringup/script
[0.259s] -- Up-to-date: /home/absolutezeno/Auto-BT-Generation/install/turtlebot3_bringup/share/turtlebot3_bringup/script/99-turtlebot3-cdc.rules
[0.259s] -- Up-to-date: /home/absolutezeno/Auto-BT-Generation/install/turtlebot3_bringup/share/turtlebot3_bringup/script/create_udev_rules
[0.259s] -- Up-to-date: /home/absolutezeno/Auto-BT-Generation/install/turtlebot3_bringup/share/ament_index/resource_index/package_run_dependencies/turtlebot3_bringup
[0.259s] -- Installing: /home/absolutezeno/Auto-BT-Generation/install/turtlebot3_bringup/share/ament_index/resource_index/parent_prefix_path/turtlebot3_bringup
[0.259s] -- Installing: /home/absolutezeno/Auto-BT-Generation/install/turtlebot3_bringup/share/turtlebot3_bringup/environment/ament_prefix_path.sh
[0.260s] -- Installing: /home/absolutezeno/Auto-BT-Generation/install/turtlebot3_bringup/share/turtlebot3_bringup/environment/ament_prefix_path.dsv
[0.260s] -- Installing: /home/absolutezeno/Auto-BT-Generation/install/turtlebot3_bringup/share/turtlebot3_bringup/environment/path.sh
[0.260s] -- Installing: /home/absolutezeno/Auto-BT-Generation/install/turtlebot3_bringup/share/turtlebot3_bringup/environment/path.dsv
[0.260s] -- Up-to-date: /home/absolutezeno/Auto-BT-Generation/install/turtlebot3_bringup/share/turtlebot3_bringup/local_setup.bash
[0.260s] -- Up-to-date: /home/absolutezeno/Auto-BT-Generation/install/turtlebot3_bringup/share/turtlebot3_bringup/local_setup.sh
[0.260s] -- Up-to-date: /home/absolutezeno/Auto-BT-Generation/install/turtlebot3_bringup/share/turtlebot3_bringup/local_setup.zsh
[0.260s] -- Installing: /home/absolutezeno/Auto-BT-Generation/install/turtlebot3_bringup/share/turtlebot3_bringup/local_setup.dsv
[0.260s] -- Installing: /home/absolutezeno/Auto-BT-Generation/install/turtlebot3_bringup/share/turtlebot3_bringup/package.dsv
[0.260s] -- Up-to-date: /home/absolutezeno/Auto-BT-Generation/install/turtlebot3_bringup/share/ament_index/resource_index/packages/turtlebot3_bringup
[0.260s] -- Up-to-date: /home/absolutezeno/Auto-BT-Generation/install/turtlebot3_bringup/share/turtlebot3_bringup/cmake/turtlebot3_bringupConfig.cmake
[0.260s] -- Up-to-date: /home/absolutezeno/Auto-BT-Generation/install/turtlebot3_bringup/share/turtlebot3_bringup/cmake/turtlebot3_bringupConfig-version.cmake
[0.260s] -- Up-to-date: /home/absolutezeno/Auto-BT-Generation/install/turtlebot3_bringup/share/turtlebot3_bringup/package.xml
[0.261s] Invoked command in '/home/absolutezeno/Auto-BT-Generation/build/turtlebot3_bringup' returned '0': AMENT_PREFIX_PATH=/home/absolutezeno/Auto-BT-Generation/install/turtlebot3_node:/home/absolutezeno/Auto-BT-Generation/install/turtlebot3_description:${AMENT_PREFIX_PATH} CMAKE_PREFIX_PATH=/home/absolutezeno/Auto-BT-Generation/install/turtlebot3_node:/home/absolutezeno/Auto-BT-Generation/install/turtlebot3_description:/opt/ros/humble PS1=(isaaclab) \[\e]0;\u@\h: \w\a\]${debian_chroot:+($debian_chroot)}\[\033[01;32m\]\u@\h\[\033[00m\]:\[\033[01;34m\]\w\[\033[00m\]\$ VIRTUAL_ENV_PROMPT=(isaaclab) /usr/bin/cmake --install /home/absolutezeno/Auto-BT-Generation/build/turtlebot3_bringup
