[0.923s] Invoking command in '/home/absolutezeno/Auto-BT-Generation/build/carter_navigation': CMAKE_PREFIX_PATH=${CMAKE_PREFIX_PATH}:/home/absolutezeno/Auto-BT-Generation/install/py_trees_ros_viewer:/home/absolutezeno/Auto-BT-Generation/install/py_trees_ros_tutorials:/home/absolutezeno/Auto-BT-Generation/install/py_trees_ros:/home/absolutezeno/FRA501/install/rqt_joint_trajectory_controller:/home/absolutezeno/FRA501/install/rqt_controller_manager:/home/absolutezeno/FRA501/install/ros2controlcli:/home/absolutezeno/FRA501/install/ros2_controllers_test_nodes:/opt/ros/humble PS1=(isaaclab) \[\e]0;\u@\h: \w\a\]${debian_chroot:+($debian_chroot)}\[\033[01;32m\]\u@\h\[\033[00m\]:\[\033[01;34m\]\w\[\033[00m\]\$ VIRTUAL_ENV_PROMPT=(isaaclab) /usr/bin/cmake /home/absolutezeno/Auto-BT-Generation/src/navigation/carter_navigation -DCMAKE_INSTALL_PREFIX=/home/absolutezeno/Auto-BT-Generation/install/carter_navigation
[1.167s] -- The C compiler identification is GNU 11.4.0
[1.167s] -- The CXX compiler identification is GNU 11.4.0
[1.168s] -- Detecting C compiler ABI info
[1.168s] -- Detecting C compiler ABI info - done
[1.168s] -- Check for working C compiler: /usr/bin/cc - skipped
[1.168s] -- Detecting C compile features
[1.168s] -- Detecting C compile features - done
[1.168s] -- Detecting CXX compiler ABI info
[1.208s] -- Detecting CXX compiler ABI info - done
[1.213s] -- Check for working CXX compiler: /usr/bin/c++ - skipped
[1.214s] -- Detecting CXX compile features
[1.214s] -- Detecting CXX compile features - done
[1.218s] -- Found ament_cmake: 1.3.5 (/opt/ros/humble/share/ament_cmake/cmake)
[1.420s] -- Found Python3: /home/absolutezeno/isaaclab/bin/python3.10 (found version "3.10.12") found components: Interpreter 
[1.596s] Traceback (most recent call last):
[1.596s]   File "/opt/ros/humble/share/ament_cmake_core/cmake/core/package_xml_2_cmake.py", line 22, in <module>
[1.596s]     from catkin_pkg.package import parse_package_string
[1.596s] ModuleNotFoundError: No module named 'catkin_pkg'
[1.599s] [31mCMake Error at /opt/ros/humble/share/ament_cmake_core/cmake/core/ament_package_xml.cmake:95 (message):
[1.599s]   execute_process(/home/absolutezeno/isaaclab/bin/python3.10
[1.599s]   /opt/ros/humble/share/ament_cmake_core/cmake/core/package_xml_2_cmake.py
[1.599s]   /home/absolutezeno/Auto-BT-Generation/src/navigation/carter_navigation/package.xml
[1.599s]   /home/absolutezeno/Auto-BT-Generation/build/carter_navigation/ament_cmake_core/package.cmake)
[1.599s]   returned error code 1
[1.600s] Call Stack (most recent call first):
[1.600s]   /opt/ros/humble/share/ament_cmake_core/cmake/core/ament_package_xml.cmake:49 (_ament_package_xml)
[1.600s]   /opt/ros/humble/share/ament_cmake_core/cmake/core/ament_package.cmake:63 (ament_package_xml)
[1.600s]   CMakeLists.txt:13 (ament_package)
[1.600s] 
[1.600s] [0m
[1.600s] -- Configuring incomplete, errors occurred!
[1.600s] See also "/home/absolutezeno/Auto-BT-Generation/build/carter_navigation/CMakeFiles/CMakeOutput.log".
[1.604s] Invoked command in '/home/absolutezeno/Auto-BT-Generation/build/carter_navigation' returned '1': CMAKE_PREFIX_PATH=${CMAKE_PREFIX_PATH}:/home/absolutezeno/Auto-BT-Generation/install/py_trees_ros_viewer:/home/absolutezeno/Auto-BT-Generation/install/py_trees_ros_tutorials:/home/absolutezeno/Auto-BT-Generation/install/py_trees_ros:/home/absolutezeno/FRA501/install/rqt_joint_trajectory_controller:/home/absolutezeno/FRA501/install/rqt_controller_manager:/home/absolutezeno/FRA501/install/ros2controlcli:/home/absolutezeno/FRA501/install/ros2_controllers_test_nodes:/opt/ros/humble PS1=(isaaclab) \[\e]0;\u@\h: \w\a\]${debian_chroot:+($debian_chroot)}\[\033[01;32m\]\u@\h\[\033[00m\]:\[\033[01;34m\]\w\[\033[00m\]\$ VIRTUAL_ENV_PROMPT=(isaaclab) /usr/bin/cmake /home/absolutezeno/Auto-BT-Generation/src/navigation/carter_navigation -DCMAKE_INSTALL_PREFIX=/home/absolutezeno/Auto-BT-Generation/install/carter_navigation
