[0.465s] DEBUG:colcon:Command line arguments: ['/usr/bin/colcon', 'build']
[0.465s] DEBUG:colcon:Parsed command line arguments: Namespace(log_base=None, log_level=None, verb_name='build', build_base='build', install_base='install', merge_install=False, symlink_install=False, test_result_base=None, continue_on_error=False, executor='parallel', parallel_workers=20, event_handlers=None, ignore_user_meta=False, metas=['./colcon.meta'], base_paths=['.'], packages_ignore=None, packages_ignore_regex=None, paths=None, packages_up_to=None, packages_up_to_regex=None, packages_above=None, packages_above_and_dependencies=None, packages_above_depth=None, packages_select_by_dep=None, packages_skip_by_dep=None, packages_skip_up_to=None, packages_select_build_failed=False, packages_skip_build_finished=False, packages_select_test_failures=False, packages_skip_test_passed=False, packages_select=None, packages_skip=None, packages_select_regex=None, packages_skip_regex=None, packages_start=None, packages_end=None, allow_overriding=[], cmake_args=None, cmake_target=None, cmake_target_skip_unavailable=False, cmake_clean_cache=False, cmake_clean_first=False, cmake_force_configure=False, ament_cmake_args=None, catkin_cmake_args=None, catkin_skip_building_tests=False, verb_parser=<colcon_defaults.argument_parser.defaults.DefaultArgumentsDecorator object at 0x7553712dd7e0>, verb_extension=<colcon_core.verb.build.BuildVerb object at 0x7553712c8940>, main=<bound method BuildVerb.main of <colcon_core.verb.build.BuildVerb object at 0x7553712c8940>>)
[0.488s] Level 1:colcon.colcon_core.package_discovery:discover_packages(colcon_meta) check parameters
[0.488s] Level 1:colcon.colcon_core.package_discovery:discover_packages(recursive) check parameters
[0.488s] Level 1:colcon.colcon_core.package_discovery:discover_packages(ignore) check parameters
[0.488s] Level 1:colcon.colcon_core.package_discovery:discover_packages(path) check parameters
[0.488s] Level 1:colcon.colcon_core.package_discovery:discover_packages(colcon_meta) discover
[0.488s] Level 1:colcon.colcon_core.package_discovery:discover_packages(recursive) discover
[0.488s] INFO:colcon.colcon_core.package_discovery:Crawling recursively for packages in '/home/absolutezeno/Auto-BT-Generation'
[0.488s] Level 1:colcon.colcon_core.package_identification:_identify(.) by extensions ['ignore', 'ignore_ament_install']
[0.488s] Level 1:colcon.colcon_core.package_identification:_identify(.) by extension 'ignore'
[0.488s] Level 1:colcon.colcon_core.package_identification:_identify(.) by extension 'ignore_ament_install'
[0.488s] Level 1:colcon.colcon_core.package_identification:_identify(.) by extensions ['colcon_pkg']
[0.488s] Level 1:colcon.colcon_core.package_identification:_identify(.) by extension 'colcon_pkg'
[0.488s] Level 1:colcon.colcon_core.package_identification:_identify(.) by extensions ['colcon_meta']
[0.488s] Level 1:colcon.colcon_core.package_identification:_identify(.) by extension 'colcon_meta'
[0.488s] Level 1:colcon.colcon_core.package_identification:_identify(.) by extensions ['ros']
[0.488s] Level 1:colcon.colcon_core.package_identification:_identify(.) by extension 'ros'
[0.494s] Level 1:colcon.colcon_core.package_identification:_identify(.) by extensions ['cmake', 'python']
[0.494s] Level 1:colcon.colcon_core.package_identification:_identify(.) by extension 'cmake'
[0.494s] Level 1:colcon.colcon_core.package_identification:_identify(.) by extension 'python'
[0.494s] Level 1:colcon.colcon_core.package_identification:_identify(.) by extensions ['python_setup_py']
[0.494s] Level 1:colcon.colcon_core.package_identification:_identify(.) by extension 'python_setup_py'
[0.494s] Level 1:colcon.colcon_core.package_identification:_identify(build) by extensions ['ignore', 'ignore_ament_install']
[0.494s] Level 1:colcon.colcon_core.package_identification:_identify(build) by extension 'ignore'
[0.494s] Level 1:colcon.colcon_core.package_identification:_identify(build) ignored
[0.494s] Level 1:colcon.colcon_core.package_identification:_identify(install) by extensions ['ignore', 'ignore_ament_install']
[0.494s] Level 1:colcon.colcon_core.package_identification:_identify(install) by extension 'ignore'
[0.494s] Level 1:colcon.colcon_core.package_identification:_identify(install) ignored
[0.494s] Level 1:colcon.colcon_core.package_identification:_identify(log) by extensions ['ignore', 'ignore_ament_install']
[0.494s] Level 1:colcon.colcon_core.package_identification:_identify(log) by extension 'ignore'
[0.494s] Level 1:colcon.colcon_core.package_identification:_identify(log) ignored
[0.494s] Level 1:colcon.colcon_core.package_identification:_identify(src) by extensions ['ignore', 'ignore_ament_install']
[0.494s] Level 1:colcon.colcon_core.package_identification:_identify(src) by extension 'ignore'
[0.494s] Level 1:colcon.colcon_core.package_identification:_identify(src) by extension 'ignore_ament_install'
[0.494s] Level 1:colcon.colcon_core.package_identification:_identify(src) by extensions ['colcon_pkg']
[0.494s] Level 1:colcon.colcon_core.package_identification:_identify(src) by extension 'colcon_pkg'
[0.494s] Level 1:colcon.colcon_core.package_identification:_identify(src) by extensions ['colcon_meta']
[0.494s] Level 1:colcon.colcon_core.package_identification:_identify(src) by extension 'colcon_meta'
[0.494s] Level 1:colcon.colcon_core.package_identification:_identify(src) by extensions ['ros']
[0.495s] Level 1:colcon.colcon_core.package_identification:_identify(src) by extension 'ros'
[0.495s] Level 1:colcon.colcon_core.package_identification:_identify(src) by extensions ['cmake', 'python']
[0.495s] Level 1:colcon.colcon_core.package_identification:_identify(src) by extension 'cmake'
[0.495s] Level 1:colcon.colcon_core.package_identification:_identify(src) by extension 'python'
[0.495s] Level 1:colcon.colcon_core.package_identification:_identify(src) by extensions ['python_setup_py']
[0.495s] Level 1:colcon.colcon_core.package_identification:_identify(src) by extension 'python_setup_py'
[0.495s] Level 1:colcon.colcon_core.package_identification:_identify(src/IsaacLab-autogenBT) by extensions ['ignore', 'ignore_ament_install']
[0.495s] Level 1:colcon.colcon_core.package_identification:_identify(src/IsaacLab-autogenBT) by extension 'ignore'
[0.495s] Level 1:colcon.colcon_core.package_identification:_identify(src/IsaacLab-autogenBT) by extension 'ignore_ament_install'
[0.495s] Level 1:colcon.colcon_core.package_identification:_identify(src/IsaacLab-autogenBT) by extensions ['colcon_pkg']
[0.495s] Level 1:colcon.colcon_core.package_identification:_identify(src/IsaacLab-autogenBT) by extension 'colcon_pkg'
[0.495s] Level 1:colcon.colcon_core.package_identification:_identify(src/IsaacLab-autogenBT) by extensions ['colcon_meta']
[0.495s] Level 1:colcon.colcon_core.package_identification:_identify(src/IsaacLab-autogenBT) by extension 'colcon_meta'
[0.495s] Level 1:colcon.colcon_core.package_identification:_identify(src/IsaacLab-autogenBT) by extensions ['ros']
[0.495s] Level 1:colcon.colcon_core.package_identification:_identify(src/IsaacLab-autogenBT) by extension 'ros'
[0.495s] Level 1:colcon.colcon_core.package_identification:_identify(src/IsaacLab-autogenBT) by extensions ['cmake', 'python']
[0.495s] Level 1:colcon.colcon_core.package_identification:_identify(src/IsaacLab-autogenBT) by extension 'cmake'
[0.495s] Level 1:colcon.colcon_core.package_identification:_identify(src/IsaacLab-autogenBT) by extension 'python'
[0.495s] Level 1:colcon.colcon_core.package_identification:_identify(src/IsaacLab-autogenBT) by extensions ['python_setup_py']
[0.495s] Level 1:colcon.colcon_core.package_identification:_identify(src/IsaacLab-autogenBT) by extension 'python_setup_py'
[0.495s] Level 1:colcon.colcon_core.package_identification:_identify(src/IsaacLab-autogenBT/docker) by extensions ['ignore', 'ignore_ament_install']
[0.495s] Level 1:colcon.colcon_core.package_identification:_identify(src/IsaacLab-autogenBT/docker) by extension 'ignore'
[0.495s] Level 1:colcon.colcon_core.package_identification:_identify(src/IsaacLab-autogenBT/docker) by extension 'ignore_ament_install'
[0.495s] Level 1:colcon.colcon_core.package_identification:_identify(src/IsaacLab-autogenBT/docker) by extensions ['colcon_pkg']
[0.495s] Level 1:colcon.colcon_core.package_identification:_identify(src/IsaacLab-autogenBT/docker) by extension 'colcon_pkg'
[0.495s] Level 1:colcon.colcon_core.package_identification:_identify(src/IsaacLab-autogenBT/docker) by extensions ['colcon_meta']
[0.495s] Level 1:colcon.colcon_core.package_identification:_identify(src/IsaacLab-autogenBT/docker) by extension 'colcon_meta'
[0.495s] Level 1:colcon.colcon_core.package_identification:_identify(src/IsaacLab-autogenBT/docker) by extensions ['ros']
[0.495s] Level 1:colcon.colcon_core.package_identification:_identify(src/IsaacLab-autogenBT/docker) by extension 'ros'
[0.495s] Level 1:colcon.colcon_core.package_identification:_identify(src/IsaacLab-autogenBT/docker) by extensions ['cmake', 'python']
[0.495s] Level 1:colcon.colcon_core.package_identification:_identify(src/IsaacLab-autogenBT/docker) by extension 'cmake'
[0.495s] Level 1:colcon.colcon_core.package_identification:_identify(src/IsaacLab-autogenBT/docker) by extension 'python'
[0.495s] Level 1:colcon.colcon_core.package_identification:_identify(src/IsaacLab-autogenBT/docker) by extensions ['python_setup_py']
[0.495s] Level 1:colcon.colcon_core.package_identification:_identify(src/IsaacLab-autogenBT/docker) by extension 'python_setup_py'
[0.495s] Level 1:colcon.colcon_core.package_identification:_identify(src/IsaacLab-autogenBT/exts) by extensions ['ignore', 'ignore_ament_install']
[0.495s] Level 1:colcon.colcon_core.package_identification:_identify(src/IsaacLab-autogenBT/exts) by extension 'ignore'
[0.495s] Level 1:colcon.colcon_core.package_identification:_identify(src/IsaacLab-autogenBT/exts) by extension 'ignore_ament_install'
[0.495s] Level 1:colcon.colcon_core.package_identification:_identify(src/IsaacLab-autogenBT/exts) by extensions ['colcon_pkg']
[0.495s] Level 1:colcon.colcon_core.package_identification:_identify(src/IsaacLab-autogenBT/exts) by extension 'colcon_pkg'
[0.495s] Level 1:colcon.colcon_core.package_identification:_identify(src/IsaacLab-autogenBT/exts) by extensions ['colcon_meta']
[0.495s] Level 1:colcon.colcon_core.package_identification:_identify(src/IsaacLab-autogenBT/exts) by extension 'colcon_meta'
[0.495s] Level 1:colcon.colcon_core.package_identification:_identify(src/IsaacLab-autogenBT/exts) by extensions ['ros']
[0.495s] Level 1:colcon.colcon_core.package_identification:_identify(src/IsaacLab-autogenBT/exts) by extension 'ros'
[0.495s] Level 1:colcon.colcon_core.package_identification:_identify(src/IsaacLab-autogenBT/exts) by extensions ['cmake', 'python']
[0.495s] Level 1:colcon.colcon_core.package_identification:_identify(src/IsaacLab-autogenBT/exts) by extension 'cmake'
[0.495s] Level 1:colcon.colcon_core.package_identification:_identify(src/IsaacLab-autogenBT/exts) by extension 'python'
[0.495s] Level 1:colcon.colcon_core.package_identification:_identify(src/IsaacLab-autogenBT/exts) by extensions ['python_setup_py']
[0.495s] Level 1:colcon.colcon_core.package_identification:_identify(src/IsaacLab-autogenBT/exts) by extension 'python_setup_py'
[0.495s] Level 1:colcon.colcon_core.package_identification:_identify(src/IsaacLab-autogenBT/exts/autogen_bt) by extensions ['ignore', 'ignore_ament_install']
[0.496s] Level 1:colcon.colcon_core.package_identification:_identify(src/IsaacLab-autogenBT/exts/autogen_bt) by extension 'ignore'
[0.496s] Level 1:colcon.colcon_core.package_identification:_identify(src/IsaacLab-autogenBT/exts/autogen_bt) by extension 'ignore_ament_install'
[0.496s] Level 1:colcon.colcon_core.package_identification:_identify(src/IsaacLab-autogenBT/exts/autogen_bt) by extensions ['colcon_pkg']
[0.496s] Level 1:colcon.colcon_core.package_identification:_identify(src/IsaacLab-autogenBT/exts/autogen_bt) by extension 'colcon_pkg'
[0.496s] Level 1:colcon.colcon_core.package_identification:_identify(src/IsaacLab-autogenBT/exts/autogen_bt) by extensions ['colcon_meta']
[0.496s] Level 1:colcon.colcon_core.package_identification:_identify(src/IsaacLab-autogenBT/exts/autogen_bt) by extension 'colcon_meta'
[0.496s] Level 1:colcon.colcon_core.package_identification:_identify(src/IsaacLab-autogenBT/exts/autogen_bt) by extensions ['ros']
[0.496s] Level 1:colcon.colcon_core.package_identification:_identify(src/IsaacLab-autogenBT/exts/autogen_bt) by extension 'ros'
[0.496s] Level 1:colcon.colcon_core.package_identification:_identify(src/IsaacLab-autogenBT/exts/autogen_bt) by extensions ['cmake', 'python']
[0.496s] Level 1:colcon.colcon_core.package_identification:_identify(src/IsaacLab-autogenBT/exts/autogen_bt) by extension 'cmake'
[0.496s] Level 1:colcon.colcon_core.package_identification:_identify(src/IsaacLab-autogenBT/exts/autogen_bt) by extension 'python'
[0.496s] Level 1:colcon.colcon_core.package_identification:_identify(src/IsaacLab-autogenBT/exts/autogen_bt) by extensions ['python_setup_py']
[0.496s] Level 1:colcon.colcon_core.package_identification:_identify(src/IsaacLab-autogenBT/exts/autogen_bt) by extension 'python_setup_py'
[0.640s] DEBUG:colcon.colcon_core.package_identification:Package 'src/IsaacLab-autogenBT/exts/autogen_bt' with type 'python' and name 'autogen_bt'
[0.640s] Level 1:colcon.colcon_core.package_identification:_identify(src/IsaacLab-autogenBT/logs) by extensions ['ignore', 'ignore_ament_install']
[0.640s] Level 1:colcon.colcon_core.package_identification:_identify(src/IsaacLab-autogenBT/logs) by extension 'ignore'
[0.640s] Level 1:colcon.colcon_core.package_identification:_identify(src/IsaacLab-autogenBT/logs) by extension 'ignore_ament_install'
[0.640s] Level 1:colcon.colcon_core.package_identification:_identify(src/IsaacLab-autogenBT/logs) by extensions ['colcon_pkg']
[0.640s] Level 1:colcon.colcon_core.package_identification:_identify(src/IsaacLab-autogenBT/logs) by extension 'colcon_pkg'
[0.640s] Level 1:colcon.colcon_core.package_identification:_identify(src/IsaacLab-autogenBT/logs) by extensions ['colcon_meta']
[0.640s] Level 1:colcon.colcon_core.package_identification:_identify(src/IsaacLab-autogenBT/logs) by extension 'colcon_meta'
[0.640s] Level 1:colcon.colcon_core.package_identification:_identify(src/IsaacLab-autogenBT/logs) by extensions ['ros']
[0.640s] Level 1:colcon.colcon_core.package_identification:_identify(src/IsaacLab-autogenBT/logs) by extension 'ros'
[0.640s] Level 1:colcon.colcon_core.package_identification:_identify(src/IsaacLab-autogenBT/logs) by extensions ['cmake', 'python']
[0.640s] Level 1:colcon.colcon_core.package_identification:_identify(src/IsaacLab-autogenBT/logs) by extension 'cmake'
[0.640s] Level 1:colcon.colcon_core.package_identification:_identify(src/IsaacLab-autogenBT/logs) by extension 'python'
[0.640s] Level 1:colcon.colcon_core.package_identification:_identify(src/IsaacLab-autogenBT/logs) by extensions ['python_setup_py']
[0.640s] Level 1:colcon.colcon_core.package_identification:_identify(src/IsaacLab-autogenBT/logs) by extension 'python_setup_py'
[0.641s] Level 1:colcon.colcon_core.package_identification:_identify(src/IsaacLab-autogenBT/logs/rsl_rl) by extensions ['ignore', 'ignore_ament_install']
[0.641s] Level 1:colcon.colcon_core.package_identification:_identify(src/IsaacLab-autogenBT/logs/rsl_rl) by extension 'ignore'
[0.641s] Level 1:colcon.colcon_core.package_identification:_identify(src/IsaacLab-autogenBT/logs/rsl_rl) by extension 'ignore_ament_install'
[0.641s] Level 1:colcon.colcon_core.package_identification:_identify(src/IsaacLab-autogenBT/logs/rsl_rl) by extensions ['colcon_pkg']
[0.641s] Level 1:colcon.colcon_core.package_identification:_identify(src/IsaacLab-autogenBT/logs/rsl_rl) by extension 'colcon_pkg'
[0.641s] Level 1:colcon.colcon_core.package_identification:_identify(src/IsaacLab-autogenBT/logs/rsl_rl) by extensions ['colcon_meta']
[0.641s] Level 1:colcon.colcon_core.package_identification:_identify(src/IsaacLab-autogenBT/logs/rsl_rl) by extension 'colcon_meta'
[0.641s] Level 1:colcon.colcon_core.package_identification:_identify(src/IsaacLab-autogenBT/logs/rsl_rl) by extensions ['ros']
[0.641s] Level 1:colcon.colcon_core.package_identification:_identify(src/IsaacLab-autogenBT/logs/rsl_rl) by extension 'ros'
[0.641s] Level 1:colcon.colcon_core.package_identification:_identify(src/IsaacLab-autogenBT/logs/rsl_rl) by extensions ['cmake', 'python']
[0.641s] Level 1:colcon.colcon_core.package_identification:_identify(src/IsaacLab-autogenBT/logs/rsl_rl) by extension 'cmake'
[0.641s] Level 1:colcon.colcon_core.package_identification:_identify(src/IsaacLab-autogenBT/logs/rsl_rl) by extension 'python'
[0.641s] Level 1:colcon.colcon_core.package_identification:_identify(src/IsaacLab-autogenBT/logs/rsl_rl) by extensions ['python_setup_py']
[0.641s] Level 1:colcon.colcon_core.package_identification:_identify(src/IsaacLab-autogenBT/logs/rsl_rl) by extension 'python_setup_py'
[0.641s] Level 1:colcon.colcon_core.package_identification:_identify(src/IsaacLab-autogenBT/logs/rsl_rl/anymal_d_rough) by extensions ['ignore', 'ignore_ament_install']
[0.641s] Level 1:colcon.colcon_core.package_identification:_identify(src/IsaacLab-autogenBT/logs/rsl_rl/anymal_d_rough) by extension 'ignore'
[0.641s] Level 1:colcon.colcon_core.package_identification:_identify(src/IsaacLab-autogenBT/logs/rsl_rl/anymal_d_rough) by extension 'ignore_ament_install'
[0.641s] Level 1:colcon.colcon_core.package_identification:_identify(src/IsaacLab-autogenBT/logs/rsl_rl/anymal_d_rough) by extensions ['colcon_pkg']
[0.641s] Level 1:colcon.colcon_core.package_identification:_identify(src/IsaacLab-autogenBT/logs/rsl_rl/anymal_d_rough) by extension 'colcon_pkg'
[0.641s] Level 1:colcon.colcon_core.package_identification:_identify(src/IsaacLab-autogenBT/logs/rsl_rl/anymal_d_rough) by extensions ['colcon_meta']
[0.641s] Level 1:colcon.colcon_core.package_identification:_identify(src/IsaacLab-autogenBT/logs/rsl_rl/anymal_d_rough) by extension 'colcon_meta'
[0.641s] Level 1:colcon.colcon_core.package_identification:_identify(src/IsaacLab-autogenBT/logs/rsl_rl/anymal_d_rough) by extensions ['ros']
[0.641s] Level 1:colcon.colcon_core.package_identification:_identify(src/IsaacLab-autogenBT/logs/rsl_rl/anymal_d_rough) by extension 'ros'
[0.641s] Level 1:colcon.colcon_core.package_identification:_identify(src/IsaacLab-autogenBT/logs/rsl_rl/anymal_d_rough) by extensions ['cmake', 'python']
[0.641s] Level 1:colcon.colcon_core.package_identification:_identify(src/IsaacLab-autogenBT/logs/rsl_rl/anymal_d_rough) by extension 'cmake'
[0.641s] Level 1:colcon.colcon_core.package_identification:_identify(src/IsaacLab-autogenBT/logs/rsl_rl/anymal_d_rough) by extension 'python'
[0.641s] Level 1:colcon.colcon_core.package_identification:_identify(src/IsaacLab-autogenBT/logs/rsl_rl/anymal_d_rough) by extensions ['python_setup_py']
[0.641s] Level 1:colcon.colcon_core.package_identification:_identify(src/IsaacLab-autogenBT/logs/rsl_rl/anymal_d_rough) by extension 'python_setup_py'
[0.641s] Level 1:colcon.colcon_core.package_identification:_identify(src/IsaacLab-autogenBT/logs/rsl_rl/anymal_d_rough/2024-11-07_21-09-16) by extensions ['ignore', 'ignore_ament_install']
[0.641s] Level 1:colcon.colcon_core.package_identification:_identify(src/IsaacLab-autogenBT/logs/rsl_rl/anymal_d_rough/2024-11-07_21-09-16) by extension 'ignore'
[0.641s] Level 1:colcon.colcon_core.package_identification:_identify(src/IsaacLab-autogenBT/logs/rsl_rl/anymal_d_rough/2024-11-07_21-09-16) by extension 'ignore_ament_install'
[0.641s] Level 1:colcon.colcon_core.package_identification:_identify(src/IsaacLab-autogenBT/logs/rsl_rl/anymal_d_rough/2024-11-07_21-09-16) by extensions ['colcon_pkg']
[0.641s] Level 1:colcon.colcon_core.package_identification:_identify(src/IsaacLab-autogenBT/logs/rsl_rl/anymal_d_rough/2024-11-07_21-09-16) by extension 'colcon_pkg'
[0.641s] Level 1:colcon.colcon_core.package_identification:_identify(src/IsaacLab-autogenBT/logs/rsl_rl/anymal_d_rough/2024-11-07_21-09-16) by extensions ['colcon_meta']
[0.641s] Level 1:colcon.colcon_core.package_identification:_identify(src/IsaacLab-autogenBT/logs/rsl_rl/anymal_d_rough/2024-11-07_21-09-16) by extension 'colcon_meta'
[0.641s] Level 1:colcon.colcon_core.package_identification:_identify(src/IsaacLab-autogenBT/logs/rsl_rl/anymal_d_rough/2024-11-07_21-09-16) by extensions ['ros']
[0.641s] Level 1:colcon.colcon_core.package_identification:_identify(src/IsaacLab-autogenBT/logs/rsl_rl/anymal_d_rough/2024-11-07_21-09-16) by extension 'ros'
[0.641s] Level 1:colcon.colcon_core.package_identification:_identify(src/IsaacLab-autogenBT/logs/rsl_rl/anymal_d_rough/2024-11-07_21-09-16) by extensions ['cmake', 'python']
[0.641s] Level 1:colcon.colcon_core.package_identification:_identify(src/IsaacLab-autogenBT/logs/rsl_rl/anymal_d_rough/2024-11-07_21-09-16) by extension 'cmake'
[0.641s] Level 1:colcon.colcon_core.package_identification:_identify(src/IsaacLab-autogenBT/logs/rsl_rl/anymal_d_rough/2024-11-07_21-09-16) by extension 'python'
[0.641s] Level 1:colcon.colcon_core.package_identification:_identify(src/IsaacLab-autogenBT/logs/rsl_rl/anymal_d_rough/2024-11-07_21-09-16) by extensions ['python_setup_py']
[0.641s] Level 1:colcon.colcon_core.package_identification:_identify(src/IsaacLab-autogenBT/logs/rsl_rl/anymal_d_rough/2024-11-07_21-09-16) by extension 'python_setup_py'
[0.642s] Level 1:colcon.colcon_core.package_identification:_identify(src/IsaacLab-autogenBT/logs/rsl_rl/anymal_d_rough/2024-11-07_21-09-16/params) by extensions ['ignore', 'ignore_ament_install']
[0.642s] Level 1:colcon.colcon_core.package_identification:_identify(src/IsaacLab-autogenBT/logs/rsl_rl/anymal_d_rough/2024-11-07_21-09-16/params) by extension 'ignore'
[0.642s] Level 1:colcon.colcon_core.package_identification:_identify(src/IsaacLab-autogenBT/logs/rsl_rl/anymal_d_rough/2024-11-07_21-09-16/params) by extension 'ignore_ament_install'
[0.642s] Level 1:colcon.colcon_core.package_identification:_identify(src/IsaacLab-autogenBT/logs/rsl_rl/anymal_d_rough/2024-11-07_21-09-16/params) by extensions ['colcon_pkg']
[0.642s] Level 1:colcon.colcon_core.package_identification:_identify(src/IsaacLab-autogenBT/logs/rsl_rl/anymal_d_rough/2024-11-07_21-09-16/params) by extension 'colcon_pkg'
[0.642s] Level 1:colcon.colcon_core.package_identification:_identify(src/IsaacLab-autogenBT/logs/rsl_rl/anymal_d_rough/2024-11-07_21-09-16/params) by extensions ['colcon_meta']
[0.642s] Level 1:colcon.colcon_core.package_identification:_identify(src/IsaacLab-autogenBT/logs/rsl_rl/anymal_d_rough/2024-11-07_21-09-16/params) by extension 'colcon_meta'
[0.642s] Level 1:colcon.colcon_core.package_identification:_identify(src/IsaacLab-autogenBT/logs/rsl_rl/anymal_d_rough/2024-11-07_21-09-16/params) by extensions ['ros']
[0.642s] Level 1:colcon.colcon_core.package_identification:_identify(src/IsaacLab-autogenBT/logs/rsl_rl/anymal_d_rough/2024-11-07_21-09-16/params) by extension 'ros'
[0.642s] Level 1:colcon.colcon_core.package_identification:_identify(src/IsaacLab-autogenBT/logs/rsl_rl/anymal_d_rough/2024-11-07_21-09-16/params) by extensions ['cmake', 'python']
[0.642s] Level 1:colcon.colcon_core.package_identification:_identify(src/IsaacLab-autogenBT/logs/rsl_rl/anymal_d_rough/2024-11-07_21-09-16/params) by extension 'cmake'
[0.642s] Level 1:colcon.colcon_core.package_identification:_identify(src/IsaacLab-autogenBT/logs/rsl_rl/anymal_d_rough/2024-11-07_21-09-16/params) by extension 'python'
[0.642s] Level 1:colcon.colcon_core.package_identification:_identify(src/IsaacLab-autogenBT/logs/rsl_rl/anymal_d_rough/2024-11-07_21-09-16/params) by extensions ['python_setup_py']
[0.642s] Level 1:colcon.colcon_core.package_identification:_identify(src/IsaacLab-autogenBT/logs/rsl_rl/anymal_d_rough/2024-11-07_21-09-16/params) by extension 'python_setup_py'
[0.642s] Level 1:colcon.colcon_core.package_identification:_identify(src/IsaacLab-autogenBT/logs/rsl_rl/anymal_d_rough/2024-11-07_21-27-44) by extensions ['ignore', 'ignore_ament_install']
[0.642s] Level 1:colcon.colcon_core.package_identification:_identify(src/IsaacLab-autogenBT/logs/rsl_rl/anymal_d_rough/2024-11-07_21-27-44) by extension 'ignore'
[0.642s] Level 1:colcon.colcon_core.package_identification:_identify(src/IsaacLab-autogenBT/logs/rsl_rl/anymal_d_rough/2024-11-07_21-27-44) by extension 'ignore_ament_install'
[0.642s] Level 1:colcon.colcon_core.package_identification:_identify(src/IsaacLab-autogenBT/logs/rsl_rl/anymal_d_rough/2024-11-07_21-27-44) by extensions ['colcon_pkg']
[0.642s] Level 1:colcon.colcon_core.package_identification:_identify(src/IsaacLab-autogenBT/logs/rsl_rl/anymal_d_rough/2024-11-07_21-27-44) by extension 'colcon_pkg'
[0.642s] Level 1:colcon.colcon_core.package_identification:_identify(src/IsaacLab-autogenBT/logs/rsl_rl/anymal_d_rough/2024-11-07_21-27-44) by extensions ['colcon_meta']
[0.642s] Level 1:colcon.colcon_core.package_identification:_identify(src/IsaacLab-autogenBT/logs/rsl_rl/anymal_d_rough/2024-11-07_21-27-44) by extension 'colcon_meta'
[0.642s] Level 1:colcon.colcon_core.package_identification:_identify(src/IsaacLab-autogenBT/logs/rsl_rl/anymal_d_rough/2024-11-07_21-27-44) by extensions ['ros']
[0.642s] Level 1:colcon.colcon_core.package_identification:_identify(src/IsaacLab-autogenBT/logs/rsl_rl/anymal_d_rough/2024-11-07_21-27-44) by extension 'ros'
[0.642s] Level 1:colcon.colcon_core.package_identification:_identify(src/IsaacLab-autogenBT/logs/rsl_rl/anymal_d_rough/2024-11-07_21-27-44) by extensions ['cmake', 'python']
[0.642s] Level 1:colcon.colcon_core.package_identification:_identify(src/IsaacLab-autogenBT/logs/rsl_rl/anymal_d_rough/2024-11-07_21-27-44) by extension 'cmake'
[0.642s] Level 1:colcon.colcon_core.package_identification:_identify(src/IsaacLab-autogenBT/logs/rsl_rl/anymal_d_rough/2024-11-07_21-27-44) by extension 'python'
[0.642s] Level 1:colcon.colcon_core.package_identification:_identify(src/IsaacLab-autogenBT/logs/rsl_rl/anymal_d_rough/2024-11-07_21-27-44) by extensions ['python_setup_py']
[0.642s] Level 1:colcon.colcon_core.package_identification:_identify(src/IsaacLab-autogenBT/logs/rsl_rl/anymal_d_rough/2024-11-07_21-27-44) by extension 'python_setup_py'
[0.642s] Level 1:colcon.colcon_core.package_identification:_identify(src/IsaacLab-autogenBT/logs/rsl_rl/anymal_d_rough/2024-11-07_21-27-44/git) by extensions ['ignore', 'ignore_ament_install']
[0.642s] Level 1:colcon.colcon_core.package_identification:_identify(src/IsaacLab-autogenBT/logs/rsl_rl/anymal_d_rough/2024-11-07_21-27-44/git) by extension 'ignore'
[0.642s] Level 1:colcon.colcon_core.package_identification:_identify(src/IsaacLab-autogenBT/logs/rsl_rl/anymal_d_rough/2024-11-07_21-27-44/git) by extension 'ignore_ament_install'
[0.642s] Level 1:colcon.colcon_core.package_identification:_identify(src/IsaacLab-autogenBT/logs/rsl_rl/anymal_d_rough/2024-11-07_21-27-44/git) by extensions ['colcon_pkg']
[0.642s] Level 1:colcon.colcon_core.package_identification:_identify(src/IsaacLab-autogenBT/logs/rsl_rl/anymal_d_rough/2024-11-07_21-27-44/git) by extension 'colcon_pkg'
[0.642s] Level 1:colcon.colcon_core.package_identification:_identify(src/IsaacLab-autogenBT/logs/rsl_rl/anymal_d_rough/2024-11-07_21-27-44/git) by extensions ['colcon_meta']
[0.642s] Level 1:colcon.colcon_core.package_identification:_identify(src/IsaacLab-autogenBT/logs/rsl_rl/anymal_d_rough/2024-11-07_21-27-44/git) by extension 'colcon_meta'
[0.642s] Level 1:colcon.colcon_core.package_identification:_identify(src/IsaacLab-autogenBT/logs/rsl_rl/anymal_d_rough/2024-11-07_21-27-44/git) by extensions ['ros']
[0.642s] Level 1:colcon.colcon_core.package_identification:_identify(src/IsaacLab-autogenBT/logs/rsl_rl/anymal_d_rough/2024-11-07_21-27-44/git) by extension 'ros'
[0.642s] Level 1:colcon.colcon_core.package_identification:_identify(src/IsaacLab-autogenBT/logs/rsl_rl/anymal_d_rough/2024-11-07_21-27-44/git) by extensions ['cmake', 'python']
[0.642s] Level 1:colcon.colcon_core.package_identification:_identify(src/IsaacLab-autogenBT/logs/rsl_rl/anymal_d_rough/2024-11-07_21-27-44/git) by extension 'cmake'
[0.642s] Level 1:colcon.colcon_core.package_identification:_identify(src/IsaacLab-autogenBT/logs/rsl_rl/anymal_d_rough/2024-11-07_21-27-44/git) by extension 'python'
[0.642s] Level 1:colcon.colcon_core.package_identification:_identify(src/IsaacLab-autogenBT/logs/rsl_rl/anymal_d_rough/2024-11-07_21-27-44/git) by extensions ['python_setup_py']
[0.642s] Level 1:colcon.colcon_core.package_identification:_identify(src/IsaacLab-autogenBT/logs/rsl_rl/anymal_d_rough/2024-11-07_21-27-44/git) by extension 'python_setup_py'
[0.642s] Level 1:colcon.colcon_core.package_identification:_identify(src/IsaacLab-autogenBT/logs/rsl_rl/anymal_d_rough/2024-11-07_21-27-44/params) by extensions ['ignore', 'ignore_ament_install']
[0.642s] Level 1:colcon.colcon_core.package_identification:_identify(src/IsaacLab-autogenBT/logs/rsl_rl/anymal_d_rough/2024-11-07_21-27-44/params) by extension 'ignore'
[0.642s] Level 1:colcon.colcon_core.package_identification:_identify(src/IsaacLab-autogenBT/logs/rsl_rl/anymal_d_rough/2024-11-07_21-27-44/params) by extension 'ignore_ament_install'
[0.643s] Level 1:colcon.colcon_core.package_identification:_identify(src/IsaacLab-autogenBT/logs/rsl_rl/anymal_d_rough/2024-11-07_21-27-44/params) by extensions ['colcon_pkg']
[0.643s] Level 1:colcon.colcon_core.package_identification:_identify(src/IsaacLab-autogenBT/logs/rsl_rl/anymal_d_rough/2024-11-07_21-27-44/params) by extension 'colcon_pkg'
[0.643s] Level 1:colcon.colcon_core.package_identification:_identify(src/IsaacLab-autogenBT/logs/rsl_rl/anymal_d_rough/2024-11-07_21-27-44/params) by extensions ['colcon_meta']
[0.643s] Level 1:colcon.colcon_core.package_identification:_identify(src/IsaacLab-autogenBT/logs/rsl_rl/anymal_d_rough/2024-11-07_21-27-44/params) by extension 'colcon_meta'
[0.643s] Level 1:colcon.colcon_core.package_identification:_identify(src/IsaacLab-autogenBT/logs/rsl_rl/anymal_d_rough/2024-11-07_21-27-44/params) by extensions ['ros']
[0.643s] Level 1:colcon.colcon_core.package_identification:_identify(src/IsaacLab-autogenBT/logs/rsl_rl/anymal_d_rough/2024-11-07_21-27-44/params) by extension 'ros'
[0.643s] Level 1:colcon.colcon_core.package_identification:_identify(src/IsaacLab-autogenBT/logs/rsl_rl/anymal_d_rough/2024-11-07_21-27-44/params) by extensions ['cmake', 'python']
[0.643s] Level 1:colcon.colcon_core.package_identification:_identify(src/IsaacLab-autogenBT/logs/rsl_rl/anymal_d_rough/2024-11-07_21-27-44/params) by extension 'cmake'
[0.643s] Level 1:colcon.colcon_core.package_identification:_identify(src/IsaacLab-autogenBT/logs/rsl_rl/anymal_d_rough/2024-11-07_21-27-44/params) by extension 'python'
[0.643s] Level 1:colcon.colcon_core.package_identification:_identify(src/IsaacLab-autogenBT/logs/rsl_rl/anymal_d_rough/2024-11-07_21-27-44/params) by extensions ['python_setup_py']
[0.643s] Level 1:colcon.colcon_core.package_identification:_identify(src/IsaacLab-autogenBT/logs/rsl_rl/anymal_d_rough/2024-11-07_21-27-44/params) by extension 'python_setup_py'
[0.643s] Level 1:colcon.colcon_core.package_identification:_identify(src/IsaacLab-autogenBT/outputs) by extensions ['ignore', 'ignore_ament_install']
[0.643s] Level 1:colcon.colcon_core.package_identification:_identify(src/IsaacLab-autogenBT/outputs) by extension 'ignore'
[0.643s] Level 1:colcon.colcon_core.package_identification:_identify(src/IsaacLab-autogenBT/outputs) by extension 'ignore_ament_install'
[0.643s] Level 1:colcon.colcon_core.package_identification:_identify(src/IsaacLab-autogenBT/outputs) by extensions ['colcon_pkg']
[0.643s] Level 1:colcon.colcon_core.package_identification:_identify(src/IsaacLab-autogenBT/outputs) by extension 'colcon_pkg'
[0.643s] Level 1:colcon.colcon_core.package_identification:_identify(src/IsaacLab-autogenBT/outputs) by extensions ['colcon_meta']
[0.643s] Level 1:colcon.colcon_core.package_identification:_identify(src/IsaacLab-autogenBT/outputs) by extension 'colcon_meta'
[0.643s] Level 1:colcon.colcon_core.package_identification:_identify(src/IsaacLab-autogenBT/outputs) by extensions ['ros']
[0.643s] Level 1:colcon.colcon_core.package_identification:_identify(src/IsaacLab-autogenBT/outputs) by extension 'ros'
[0.643s] Level 1:colcon.colcon_core.package_identification:_identify(src/IsaacLab-autogenBT/outputs) by extensions ['cmake', 'python']
[0.643s] Level 1:colcon.colcon_core.package_identification:_identify(src/IsaacLab-autogenBT/outputs) by extension 'cmake'
[0.643s] Level 1:colcon.colcon_core.package_identification:_identify(src/IsaacLab-autogenBT/outputs) by extension 'python'
[0.643s] Level 1:colcon.colcon_core.package_identification:_identify(src/IsaacLab-autogenBT/outputs) by extensions ['python_setup_py']
[0.643s] Level 1:colcon.colcon_core.package_identification:_identify(src/IsaacLab-autogenBT/outputs) by extension 'python_setup_py'
[0.643s] Level 1:colcon.colcon_core.package_identification:_identify(src/IsaacLab-autogenBT/outputs/2024-11-07) by extensions ['ignore', 'ignore_ament_install']
[0.643s] Level 1:colcon.colcon_core.package_identification:_identify(src/IsaacLab-autogenBT/outputs/2024-11-07) by extension 'ignore'
[0.643s] Level 1:colcon.colcon_core.package_identification:_identify(src/IsaacLab-autogenBT/outputs/2024-11-07) by extension 'ignore_ament_install'
[0.643s] Level 1:colcon.colcon_core.package_identification:_identify(src/IsaacLab-autogenBT/outputs/2024-11-07) by extensions ['colcon_pkg']
[0.643s] Level 1:colcon.colcon_core.package_identification:_identify(src/IsaacLab-autogenBT/outputs/2024-11-07) by extension 'colcon_pkg'
[0.643s] Level 1:colcon.colcon_core.package_identification:_identify(src/IsaacLab-autogenBT/outputs/2024-11-07) by extensions ['colcon_meta']
[0.643s] Level 1:colcon.colcon_core.package_identification:_identify(src/IsaacLab-autogenBT/outputs/2024-11-07) by extension 'colcon_meta'
[0.643s] Level 1:colcon.colcon_core.package_identification:_identify(src/IsaacLab-autogenBT/outputs/2024-11-07) by extensions ['ros']
[0.643s] Level 1:colcon.colcon_core.package_identification:_identify(src/IsaacLab-autogenBT/outputs/2024-11-07) by extension 'ros'
[0.643s] Level 1:colcon.colcon_core.package_identification:_identify(src/IsaacLab-autogenBT/outputs/2024-11-07) by extensions ['cmake', 'python']
[0.643s] Level 1:colcon.colcon_core.package_identification:_identify(src/IsaacLab-autogenBT/outputs/2024-11-07) by extension 'cmake'
[0.643s] Level 1:colcon.colcon_core.package_identification:_identify(src/IsaacLab-autogenBT/outputs/2024-11-07) by extension 'python'
[0.643s] Level 1:colcon.colcon_core.package_identification:_identify(src/IsaacLab-autogenBT/outputs/2024-11-07) by extensions ['python_setup_py']
[0.643s] Level 1:colcon.colcon_core.package_identification:_identify(src/IsaacLab-autogenBT/outputs/2024-11-07) by extension 'python_setup_py'
[0.643s] Level 1:colcon.colcon_core.package_identification:_identify(src/IsaacLab-autogenBT/outputs/2024-11-07/21-09-16) by extensions ['ignore', 'ignore_ament_install']
[0.643s] Level 1:colcon.colcon_core.package_identification:_identify(src/IsaacLab-autogenBT/outputs/2024-11-07/21-09-16) by extension 'ignore'
[0.643s] Level 1:colcon.colcon_core.package_identification:_identify(src/IsaacLab-autogenBT/outputs/2024-11-07/21-09-16) by extension 'ignore_ament_install'
[0.643s] Level 1:colcon.colcon_core.package_identification:_identify(src/IsaacLab-autogenBT/outputs/2024-11-07/21-09-16) by extensions ['colcon_pkg']
[0.643s] Level 1:colcon.colcon_core.package_identification:_identify(src/IsaacLab-autogenBT/outputs/2024-11-07/21-09-16) by extension 'colcon_pkg'
[0.643s] Level 1:colcon.colcon_core.package_identification:_identify(src/IsaacLab-autogenBT/outputs/2024-11-07/21-09-16) by extensions ['colcon_meta']
[0.643s] Level 1:colcon.colcon_core.package_identification:_identify(src/IsaacLab-autogenBT/outputs/2024-11-07/21-09-16) by extension 'colcon_meta'
[0.643s] Level 1:colcon.colcon_core.package_identification:_identify(src/IsaacLab-autogenBT/outputs/2024-11-07/21-09-16) by extensions ['ros']
[0.643s] Level 1:colcon.colcon_core.package_identification:_identify(src/IsaacLab-autogenBT/outputs/2024-11-07/21-09-16) by extension 'ros'
[0.643s] Level 1:colcon.colcon_core.package_identification:_identify(src/IsaacLab-autogenBT/outputs/2024-11-07/21-09-16) by extensions ['cmake', 'python']
[0.643s] Level 1:colcon.colcon_core.package_identification:_identify(src/IsaacLab-autogenBT/outputs/2024-11-07/21-09-16) by extension 'cmake'
[0.644s] Level 1:colcon.colcon_core.package_identification:_identify(src/IsaacLab-autogenBT/outputs/2024-11-07/21-09-16) by extension 'python'
[0.644s] Level 1:colcon.colcon_core.package_identification:_identify(src/IsaacLab-autogenBT/outputs/2024-11-07/21-09-16) by extensions ['python_setup_py']
[0.644s] Level 1:colcon.colcon_core.package_identification:_identify(src/IsaacLab-autogenBT/outputs/2024-11-07/21-09-16) by extension 'python_setup_py'
[0.644s] Level 1:colcon.colcon_core.package_identification:_identify(src/IsaacLab-autogenBT/outputs/2024-11-07/21-27-44) by extensions ['ignore', 'ignore_ament_install']
[0.644s] Level 1:colcon.colcon_core.package_identification:_identify(src/IsaacLab-autogenBT/outputs/2024-11-07/21-27-44) by extension 'ignore'
[0.644s] Level 1:colcon.colcon_core.package_identification:_identify(src/IsaacLab-autogenBT/outputs/2024-11-07/21-27-44) by extension 'ignore_ament_install'
[0.644s] Level 1:colcon.colcon_core.package_identification:_identify(src/IsaacLab-autogenBT/outputs/2024-11-07/21-27-44) by extensions ['colcon_pkg']
[0.644s] Level 1:colcon.colcon_core.package_identification:_identify(src/IsaacLab-autogenBT/outputs/2024-11-07/21-27-44) by extension 'colcon_pkg'
[0.644s] Level 1:colcon.colcon_core.package_identification:_identify(src/IsaacLab-autogenBT/outputs/2024-11-07/21-27-44) by extensions ['colcon_meta']
[0.644s] Level 1:colcon.colcon_core.package_identification:_identify(src/IsaacLab-autogenBT/outputs/2024-11-07/21-27-44) by extension 'colcon_meta'
[0.644s] Level 1:colcon.colcon_core.package_identification:_identify(src/IsaacLab-autogenBT/outputs/2024-11-07/21-27-44) by extensions ['ros']
[0.644s] Level 1:colcon.colcon_core.package_identification:_identify(src/IsaacLab-autogenBT/outputs/2024-11-07/21-27-44) by extension 'ros'
[0.644s] Level 1:colcon.colcon_core.package_identification:_identify(src/IsaacLab-autogenBT/outputs/2024-11-07/21-27-44) by extensions ['cmake', 'python']
[0.644s] Level 1:colcon.colcon_core.package_identification:_identify(src/IsaacLab-autogenBT/outputs/2024-11-07/21-27-44) by extension 'cmake'
[0.644s] Level 1:colcon.colcon_core.package_identification:_identify(src/IsaacLab-autogenBT/outputs/2024-11-07/21-27-44) by extension 'python'
[0.644s] Level 1:colcon.colcon_core.package_identification:_identify(src/IsaacLab-autogenBT/outputs/2024-11-07/21-27-44) by extensions ['python_setup_py']
[0.644s] Level 1:colcon.colcon_core.package_identification:_identify(src/IsaacLab-autogenBT/outputs/2024-11-07/21-27-44) by extension 'python_setup_py'
[0.644s] Level 1:colcon.colcon_core.package_identification:_identify(src/IsaacLab-autogenBT/scripts) by extensions ['ignore', 'ignore_ament_install']
[0.644s] Level 1:colcon.colcon_core.package_identification:_identify(src/IsaacLab-autogenBT/scripts) by extension 'ignore'
[0.644s] Level 1:colcon.colcon_core.package_identification:_identify(src/IsaacLab-autogenBT/scripts) by extension 'ignore_ament_install'
[0.644s] Level 1:colcon.colcon_core.package_identification:_identify(src/IsaacLab-autogenBT/scripts) by extensions ['colcon_pkg']
[0.644s] Level 1:colcon.colcon_core.package_identification:_identify(src/IsaacLab-autogenBT/scripts) by extension 'colcon_pkg'
[0.644s] Level 1:colcon.colcon_core.package_identification:_identify(src/IsaacLab-autogenBT/scripts) by extensions ['colcon_meta']
[0.644s] Level 1:colcon.colcon_core.package_identification:_identify(src/IsaacLab-autogenBT/scripts) by extension 'colcon_meta'
[0.644s] Level 1:colcon.colcon_core.package_identification:_identify(src/IsaacLab-autogenBT/scripts) by extensions ['ros']
[0.644s] Level 1:colcon.colcon_core.package_identification:_identify(src/IsaacLab-autogenBT/scripts) by extension 'ros'
[0.644s] Level 1:colcon.colcon_core.package_identification:_identify(src/IsaacLab-autogenBT/scripts) by extensions ['cmake', 'python']
[0.644s] Level 1:colcon.colcon_core.package_identification:_identify(src/IsaacLab-autogenBT/scripts) by extension 'cmake'
[0.644s] Level 1:colcon.colcon_core.package_identification:_identify(src/IsaacLab-autogenBT/scripts) by extension 'python'
[0.644s] Level 1:colcon.colcon_core.package_identification:_identify(src/IsaacLab-autogenBT/scripts) by extensions ['python_setup_py']
[0.644s] Level 1:colcon.colcon_core.package_identification:_identify(src/IsaacLab-autogenBT/scripts) by extension 'python_setup_py'
[0.644s] Level 1:colcon.colcon_core.package_identification:_identify(src/IsaacLab-autogenBT/scripts/rsl_rl) by extensions ['ignore', 'ignore_ament_install']
[0.644s] Level 1:colcon.colcon_core.package_identification:_identify(src/IsaacLab-autogenBT/scripts/rsl_rl) by extension 'ignore'
[0.644s] Level 1:colcon.colcon_core.package_identification:_identify(src/IsaacLab-autogenBT/scripts/rsl_rl) by extension 'ignore_ament_install'
[0.644s] Level 1:colcon.colcon_core.package_identification:_identify(src/IsaacLab-autogenBT/scripts/rsl_rl) by extensions ['colcon_pkg']
[0.644s] Level 1:colcon.colcon_core.package_identification:_identify(src/IsaacLab-autogenBT/scripts/rsl_rl) by extension 'colcon_pkg'
[0.644s] Level 1:colcon.colcon_core.package_identification:_identify(src/IsaacLab-autogenBT/scripts/rsl_rl) by extensions ['colcon_meta']
[0.644s] Level 1:colcon.colcon_core.package_identification:_identify(src/IsaacLab-autogenBT/scripts/rsl_rl) by extension 'colcon_meta'
[0.644s] Level 1:colcon.colcon_core.package_identification:_identify(src/IsaacLab-autogenBT/scripts/rsl_rl) by extensions ['ros']
[0.644s] Level 1:colcon.colcon_core.package_identification:_identify(src/IsaacLab-autogenBT/scripts/rsl_rl) by extension 'ros'
[0.644s] Level 1:colcon.colcon_core.package_identification:_identify(src/IsaacLab-autogenBT/scripts/rsl_rl) by extensions ['cmake', 'python']
[0.644s] Level 1:colcon.colcon_core.package_identification:_identify(src/IsaacLab-autogenBT/scripts/rsl_rl) by extension 'cmake'
[0.644s] Level 1:colcon.colcon_core.package_identification:_identify(src/IsaacLab-autogenBT/scripts/rsl_rl) by extension 'python'
[0.644s] Level 1:colcon.colcon_core.package_identification:_identify(src/IsaacLab-autogenBT/scripts/rsl_rl) by extensions ['python_setup_py']
[0.644s] Level 1:colcon.colcon_core.package_identification:_identify(src/IsaacLab-autogenBT/scripts/rsl_rl) by extension 'python_setup_py'
[0.644s] Level 1:colcon.colcon_core.package_identification:_identify(src/IsaacLab-autogenBT/scripts/rsl_rl/__pycache__) by extensions ['ignore', 'ignore_ament_install']
[0.644s] Level 1:colcon.colcon_core.package_identification:_identify(src/IsaacLab-autogenBT/scripts/rsl_rl/__pycache__) by extension 'ignore'
[0.644s] Level 1:colcon.colcon_core.package_identification:_identify(src/IsaacLab-autogenBT/scripts/rsl_rl/__pycache__) by extension 'ignore_ament_install'
[0.645s] Level 1:colcon.colcon_core.package_identification:_identify(src/IsaacLab-autogenBT/scripts/rsl_rl/__pycache__) by extensions ['colcon_pkg']
[0.645s] Level 1:colcon.colcon_core.package_identification:_identify(src/IsaacLab-autogenBT/scripts/rsl_rl/__pycache__) by extension 'colcon_pkg'
[0.645s] Level 1:colcon.colcon_core.package_identification:_identify(src/IsaacLab-autogenBT/scripts/rsl_rl/__pycache__) by extensions ['colcon_meta']
[0.645s] Level 1:colcon.colcon_core.package_identification:_identify(src/IsaacLab-autogenBT/scripts/rsl_rl/__pycache__) by extension 'colcon_meta'
[0.645s] Level 1:colcon.colcon_core.package_identification:_identify(src/IsaacLab-autogenBT/scripts/rsl_rl/__pycache__) by extensions ['ros']
[0.645s] Level 1:colcon.colcon_core.package_identification:_identify(src/IsaacLab-autogenBT/scripts/rsl_rl/__pycache__) by extension 'ros'
[0.645s] Level 1:colcon.colcon_core.package_identification:_identify(src/IsaacLab-autogenBT/scripts/rsl_rl/__pycache__) by extensions ['cmake', 'python']
[0.645s] Level 1:colcon.colcon_core.package_identification:_identify(src/IsaacLab-autogenBT/scripts/rsl_rl/__pycache__) by extension 'cmake'
[0.645s] Level 1:colcon.colcon_core.package_identification:_identify(src/IsaacLab-autogenBT/scripts/rsl_rl/__pycache__) by extension 'python'
[0.645s] Level 1:colcon.colcon_core.package_identification:_identify(src/IsaacLab-autogenBT/scripts/rsl_rl/__pycache__) by extensions ['python_setup_py']
[0.645s] Level 1:colcon.colcon_core.package_identification:_identify(src/IsaacLab-autogenBT/scripts/rsl_rl/__pycache__) by extension 'python_setup_py'
[0.645s] Level 1:colcon.colcon_core.package_identification:_identify(src/custom_message) by extensions ['ignore', 'ignore_ament_install']
[0.645s] Level 1:colcon.colcon_core.package_identification:_identify(src/custom_message) by extension 'ignore'
[0.645s] Level 1:colcon.colcon_core.package_identification:_identify(src/custom_message) by extension 'ignore_ament_install'
[0.645s] Level 1:colcon.colcon_core.package_identification:_identify(src/custom_message) by extensions ['colcon_pkg']
[0.645s] Level 1:colcon.colcon_core.package_identification:_identify(src/custom_message) by extension 'colcon_pkg'
[0.645s] Level 1:colcon.colcon_core.package_identification:_identify(src/custom_message) by extensions ['colcon_meta']
[0.645s] Level 1:colcon.colcon_core.package_identification:_identify(src/custom_message) by extension 'colcon_meta'
[0.645s] Level 1:colcon.colcon_core.package_identification:_identify(src/custom_message) by extensions ['ros']
[0.645s] Level 1:colcon.colcon_core.package_identification:_identify(src/custom_message) by extension 'ros'
[0.646s] DEBUG:colcon.colcon_core.package_identification:Package 'src/custom_message' with type 'ros.ament_cmake' and name 'custom_message'
[0.646s] Level 1:colcon.colcon_core.package_identification:_identify(src/isaac_ros2_messages) by extensions ['ignore', 'ignore_ament_install']
[0.646s] Level 1:colcon.colcon_core.package_identification:_identify(src/isaac_ros2_messages) by extension 'ignore'
[0.646s] Level 1:colcon.colcon_core.package_identification:_identify(src/isaac_ros2_messages) by extension 'ignore_ament_install'
[0.646s] Level 1:colcon.colcon_core.package_identification:_identify(src/isaac_ros2_messages) by extensions ['colcon_pkg']
[0.646s] Level 1:colcon.colcon_core.package_identification:_identify(src/isaac_ros2_messages) by extension 'colcon_pkg'
[0.646s] Level 1:colcon.colcon_core.package_identification:_identify(src/isaac_ros2_messages) by extensions ['colcon_meta']
[0.646s] Level 1:colcon.colcon_core.package_identification:_identify(src/isaac_ros2_messages) by extension 'colcon_meta'
[0.646s] Level 1:colcon.colcon_core.package_identification:_identify(src/isaac_ros2_messages) by extensions ['ros']
[0.646s] Level 1:colcon.colcon_core.package_identification:_identify(src/isaac_ros2_messages) by extension 'ros'
[0.647s] DEBUG:colcon.colcon_core.package_identification:Package 'src/isaac_ros2_messages' with type 'ros.ament_cmake' and name 'isaac_ros2_messages'
[0.647s] Level 1:colcon.colcon_core.package_identification:_identify(src/isaacsim) by extensions ['ignore', 'ignore_ament_install']
[0.647s] Level 1:colcon.colcon_core.package_identification:_identify(src/isaacsim) by extension 'ignore'
[0.647s] Level 1:colcon.colcon_core.package_identification:_identify(src/isaacsim) by extension 'ignore_ament_install'
[0.647s] Level 1:colcon.colcon_core.package_identification:_identify(src/isaacsim) by extensions ['colcon_pkg']
[0.647s] Level 1:colcon.colcon_core.package_identification:_identify(src/isaacsim) by extension 'colcon_pkg'
[0.647s] Level 1:colcon.colcon_core.package_identification:_identify(src/isaacsim) by extensions ['colcon_meta']
[0.647s] Level 1:colcon.colcon_core.package_identification:_identify(src/isaacsim) by extension 'colcon_meta'
[0.647s] Level 1:colcon.colcon_core.package_identification:_identify(src/isaacsim) by extensions ['ros']
[0.647s] Level 1:colcon.colcon_core.package_identification:_identify(src/isaacsim) by extension 'ros'
[0.647s] DEBUG:colcon.colcon_core.package_identification:Package 'src/isaacsim' with type 'ros.ament_cmake' and name 'isaacsim'
[0.647s] Level 1:colcon.colcon_core.package_identification:_identify(src/py_trees_ros) by extensions ['ignore', 'ignore_ament_install']
[0.647s] Level 1:colcon.colcon_core.package_identification:_identify(src/py_trees_ros) by extension 'ignore'
[0.647s] Level 1:colcon.colcon_core.package_identification:_identify(src/py_trees_ros) by extension 'ignore_ament_install'
[0.647s] Level 1:colcon.colcon_core.package_identification:_identify(src/py_trees_ros) by extensions ['colcon_pkg']
[0.647s] Level 1:colcon.colcon_core.package_identification:_identify(src/py_trees_ros) by extension 'colcon_pkg'
[0.647s] Level 1:colcon.colcon_core.package_identification:_identify(src/py_trees_ros) by extensions ['colcon_meta']
[0.647s] Level 1:colcon.colcon_core.package_identification:_identify(src/py_trees_ros) by extension 'colcon_meta'
[0.647s] Level 1:colcon.colcon_core.package_identification:_identify(src/py_trees_ros) by extensions ['ros']
[0.647s] Level 1:colcon.colcon_core.package_identification:_identify(src/py_trees_ros) by extension 'ros'
[0.648s] DEBUG:colcon.colcon_core.package_identification:Package 'src/py_trees_ros' with type 'ros.ament_python' and name 'py_trees_ros'
[0.648s] Level 1:colcon.colcon_core.package_identification:_identify(src/py_trees_ros_tutorials) by extensions ['ignore', 'ignore_ament_install']
[0.648s] Level 1:colcon.colcon_core.package_identification:_identify(src/py_trees_ros_tutorials) by extension 'ignore'
[0.648s] Level 1:colcon.colcon_core.package_identification:_identify(src/py_trees_ros_tutorials) by extension 'ignore_ament_install'
[0.648s] Level 1:colcon.colcon_core.package_identification:_identify(src/py_trees_ros_tutorials) by extensions ['colcon_pkg']
[0.648s] Level 1:colcon.colcon_core.package_identification:_identify(src/py_trees_ros_tutorials) by extension 'colcon_pkg'
[0.648s] Level 1:colcon.colcon_core.package_identification:_identify(src/py_trees_ros_tutorials) by extensions ['colcon_meta']
[0.648s] Level 1:colcon.colcon_core.package_identification:_identify(src/py_trees_ros_tutorials) by extension 'colcon_meta'
[0.648s] Level 1:colcon.colcon_core.package_identification:_identify(src/py_trees_ros_tutorials) by extensions ['ros']
[0.648s] Level 1:colcon.colcon_core.package_identification:_identify(src/py_trees_ros_tutorials) by extension 'ros'
[0.649s] DEBUG:colcon.colcon_core.package_identification:Package 'src/py_trees_ros_tutorials' with type 'ros.ament_python' and name 'py_trees_ros_tutorials'
[0.649s] Level 1:colcon.colcon_core.package_identification:_identify(src/py_trees_ros_viewer) by extensions ['ignore', 'ignore_ament_install']
[0.649s] Level 1:colcon.colcon_core.package_identification:_identify(src/py_trees_ros_viewer) by extension 'ignore'
[0.649s] Level 1:colcon.colcon_core.package_identification:_identify(src/py_trees_ros_viewer) by extension 'ignore_ament_install'
[0.649s] Level 1:colcon.colcon_core.package_identification:_identify(src/py_trees_ros_viewer) by extensions ['colcon_pkg']
[0.649s] Level 1:colcon.colcon_core.package_identification:_identify(src/py_trees_ros_viewer) by extension 'colcon_pkg'
[0.649s] Level 1:colcon.colcon_core.package_identification:_identify(src/py_trees_ros_viewer) by extensions ['colcon_meta']
[0.649s] Level 1:colcon.colcon_core.package_identification:_identify(src/py_trees_ros_viewer) by extension 'colcon_meta'
[0.649s] Level 1:colcon.colcon_core.package_identification:_identify(src/py_trees_ros_viewer) by extensions ['ros']
[0.649s] Level 1:colcon.colcon_core.package_identification:_identify(src/py_trees_ros_viewer) by extension 'ros'
[0.649s] DEBUG:colcon.colcon_core.package_identification:Package 'src/py_trees_ros_viewer' with type 'ros.ament_python' and name 'py_trees_ros_viewer'
[0.649s] Level 1:colcon.colcon_core.package_discovery:discover_packages(recursive) using defaults
[0.649s] Level 1:colcon.colcon_core.package_discovery:discover_packages(ignore) discover
[0.649s] Level 1:colcon.colcon_core.package_discovery:discover_packages(ignore) using defaults
[0.649s] Level 1:colcon.colcon_core.package_discovery:discover_packages(path) discover
[0.649s] Level 1:colcon.colcon_core.package_discovery:discover_packages(path) using defaults
[0.694s] Level 1:colcon.colcon_core.package_discovery:discover_packages(prefix_path) check parameters
[0.694s] Level 1:colcon.colcon_core.package_discovery:discover_packages(prefix_path) discover
[0.708s] DEBUG:colcon.colcon_installed_package_information.package_discovery:Found 6 installed packages in /home/absolutezeno/Auto-BT-Generation/install
[0.720s] DEBUG:colcon.colcon_installed_package_information.package_discovery:Found 6 installed packages in /home/absolutezeno/FRA501_project/install
[0.727s] DEBUG:colcon.colcon_installed_package_information.package_discovery:Found 1 installed packages in /home/absolutezeno/FRA501_simulation/install
[0.734s] DEBUG:colcon.colcon_installed_package_information.package_discovery:Found 26 installed packages in /home/absolutezeno/FRA501/install
[0.741s] DEBUG:colcon.colcon_installed_package_information.package_discovery:Found 3 installed packages in /home/absolutezeno/FRA501_HardwareInterface/install
[0.747s] DEBUG:colcon.colcon_installed_package_information.package_discovery:Found 4 installed packages in /home/absolutezeno/FRA501_exam1/install
[0.755s] DEBUG:colcon.colcon_installed_package_information.package_discovery:Found 387 installed packages in /opt/ros/humble
[0.756s] Level 1:colcon.colcon_core.package_discovery:discover_packages(prefix_path) using defaults
[0.806s] Level 5:colcon.colcon_core.verb:set package 'autogen_bt' build argument 'cmake_args' from command line to 'None'
[0.806s] Level 5:colcon.colcon_core.verb:set package 'autogen_bt' build argument 'cmake_target' from command line to 'None'
[0.806s] Level 5:colcon.colcon_core.verb:set package 'autogen_bt' build argument 'cmake_target_skip_unavailable' from command line to 'False'
[0.806s] Level 5:colcon.colcon_core.verb:set package 'autogen_bt' build argument 'cmake_clean_cache' from command line to 'False'
[0.806s] Level 5:colcon.colcon_core.verb:set package 'autogen_bt' build argument 'cmake_clean_first' from command line to 'False'
[0.806s] Level 5:colcon.colcon_core.verb:set package 'autogen_bt' build argument 'cmake_force_configure' from command line to 'False'
[0.806s] Level 5:colcon.colcon_core.verb:set package 'autogen_bt' build argument 'ament_cmake_args' from command line to 'None'
[0.806s] Level 5:colcon.colcon_core.verb:set package 'autogen_bt' build argument 'catkin_cmake_args' from command line to 'None'
[0.806s] Level 5:colcon.colcon_core.verb:set package 'autogen_bt' build argument 'catkin_skip_building_tests' from command line to 'False'
[0.806s] DEBUG:colcon.colcon_core.verb:Building package 'autogen_bt' with the following arguments: {'ament_cmake_args': None, 'build_base': '/home/absolutezeno/Auto-BT-Generation/build/autogen_bt', 'catkin_cmake_args': None, 'catkin_skip_building_tests': False, 'cmake_args': None, 'cmake_clean_cache': False, 'cmake_clean_first': False, 'cmake_force_configure': False, 'cmake_target': None, 'cmake_target_skip_unavailable': False, 'install_base': '/home/absolutezeno/Auto-BT-Generation/install/autogen_bt', 'merge_install': False, 'path': '/home/absolutezeno/Auto-BT-Generation/src/IsaacLab-autogenBT/exts/autogen_bt', 'symlink_install': False, 'test_result_base': None}
[0.813s] Level 5:colcon.colcon_core.verb:set package 'custom_message' build argument 'cmake_args' from command line to 'None'
[0.813s] Level 5:colcon.colcon_core.verb:set package 'custom_message' build argument 'cmake_target' from command line to 'None'
[0.813s] Level 5:colcon.colcon_core.verb:set package 'custom_message' build argument 'cmake_target_skip_unavailable' from command line to 'False'
[0.813s] Level 5:colcon.colcon_core.verb:set package 'custom_message' build argument 'cmake_clean_cache' from command line to 'False'
[0.813s] Level 5:colcon.colcon_core.verb:set package 'custom_message' build argument 'cmake_clean_first' from command line to 'False'
[0.813s] Level 5:colcon.colcon_core.verb:set package 'custom_message' build argument 'cmake_force_configure' from command line to 'False'
[0.813s] Level 5:colcon.colcon_core.verb:set package 'custom_message' build argument 'ament_cmake_args' from command line to 'None'
[0.813s] Level 5:colcon.colcon_core.verb:set package 'custom_message' build argument 'catkin_cmake_args' from command line to 'None'
[0.813s] Level 5:colcon.colcon_core.verb:set package 'custom_message' build argument 'catkin_skip_building_tests' from command line to 'False'
[0.813s] DEBUG:colcon.colcon_core.verb:Building package 'custom_message' with the following arguments: {'ament_cmake_args': None, 'build_base': '/home/absolutezeno/Auto-BT-Generation/build/custom_message', 'catkin_cmake_args': None, 'catkin_skip_building_tests': False, 'cmake_args': None, 'cmake_clean_cache': False, 'cmake_clean_first': False, 'cmake_force_configure': False, 'cmake_target': None, 'cmake_target_skip_unavailable': False, 'install_base': '/home/absolutezeno/Auto-BT-Generation/install/custom_message', 'merge_install': False, 'path': '/home/absolutezeno/Auto-BT-Generation/src/custom_message', 'symlink_install': False, 'test_result_base': None}
[0.820s] Level 5:colcon.colcon_core.verb:set package 'isaac_ros2_messages' build argument 'cmake_args' from command line to 'None'
[0.820s] Level 5:colcon.colcon_core.verb:set package 'isaac_ros2_messages' build argument 'cmake_target' from command line to 'None'
[0.820s] Level 5:colcon.colcon_core.verb:set package 'isaac_ros2_messages' build argument 'cmake_target_skip_unavailable' from command line to 'False'
[0.820s] Level 5:colcon.colcon_core.verb:set package 'isaac_ros2_messages' build argument 'cmake_clean_cache' from command line to 'False'
[0.820s] Level 5:colcon.colcon_core.verb:set package 'isaac_ros2_messages' build argument 'cmake_clean_first' from command line to 'False'
[0.820s] Level 5:colcon.colcon_core.verb:set package 'isaac_ros2_messages' build argument 'cmake_force_configure' from command line to 'False'
[0.820s] Level 5:colcon.colcon_core.verb:set package 'isaac_ros2_messages' build argument 'ament_cmake_args' from command line to 'None'
[0.820s] Level 5:colcon.colcon_core.verb:set package 'isaac_ros2_messages' build argument 'catkin_cmake_args' from command line to 'None'
[0.820s] Level 5:colcon.colcon_core.verb:set package 'isaac_ros2_messages' build argument 'catkin_skip_building_tests' from command line to 'False'
[0.820s] DEBUG:colcon.colcon_core.verb:Building package 'isaac_ros2_messages' with the following arguments: {'ament_cmake_args': None, 'build_base': '/home/absolutezeno/Auto-BT-Generation/build/isaac_ros2_messages', 'catkin_cmake_args': None, 'catkin_skip_building_tests': False, 'cmake_args': None, 'cmake_clean_cache': False, 'cmake_clean_first': False, 'cmake_force_configure': False, 'cmake_target': None, 'cmake_target_skip_unavailable': False, 'install_base': '/home/absolutezeno/Auto-BT-Generation/install/isaac_ros2_messages', 'merge_install': False, 'path': '/home/absolutezeno/Auto-BT-Generation/src/isaac_ros2_messages', 'symlink_install': False, 'test_result_base': None}
[0.827s] Level 5:colcon.colcon_core.verb:set package 'isaacsim' build argument 'cmake_args' from command line to 'None'
[0.827s] Level 5:colcon.colcon_core.verb:set package 'isaacsim' build argument 'cmake_target' from command line to 'None'
[0.827s] Level 5:colcon.colcon_core.verb:set package 'isaacsim' build argument 'cmake_target_skip_unavailable' from command line to 'False'
[0.827s] Level 5:colcon.colcon_core.verb:set package 'isaacsim' build argument 'cmake_clean_cache' from command line to 'False'
[0.827s] Level 5:colcon.colcon_core.verb:set package 'isaacsim' build argument 'cmake_clean_first' from command line to 'False'
[0.827s] Level 5:colcon.colcon_core.verb:set package 'isaacsim' build argument 'cmake_force_configure' from command line to 'False'
[0.827s] Level 5:colcon.colcon_core.verb:set package 'isaacsim' build argument 'ament_cmake_args' from command line to 'None'
[0.827s] Level 5:colcon.colcon_core.verb:set package 'isaacsim' build argument 'catkin_cmake_args' from command line to 'None'
[0.827s] Level 5:colcon.colcon_core.verb:set package 'isaacsim' build argument 'catkin_skip_building_tests' from command line to 'False'
[0.827s] DEBUG:colcon.colcon_core.verb:Building package 'isaacsim' with the following arguments: {'ament_cmake_args': None, 'build_base': '/home/absolutezeno/Auto-BT-Generation/build/isaacsim', 'catkin_cmake_args': None, 'catkin_skip_building_tests': False, 'cmake_args': None, 'cmake_clean_cache': False, 'cmake_clean_first': False, 'cmake_force_configure': False, 'cmake_target': None, 'cmake_target_skip_unavailable': False, 'install_base': '/home/absolutezeno/Auto-BT-Generation/install/isaacsim', 'merge_install': False, 'path': '/home/absolutezeno/Auto-BT-Generation/src/isaacsim', 'symlink_install': False, 'test_result_base': None}
[0.834s] Level 5:colcon.colcon_core.verb:set package 'py_trees_ros' build argument 'cmake_args' from command line to 'None'
[0.834s] Level 5:colcon.colcon_core.verb:set package 'py_trees_ros' build argument 'cmake_target' from command line to 'None'
[0.834s] Level 5:colcon.colcon_core.verb:set package 'py_trees_ros' build argument 'cmake_target_skip_unavailable' from command line to 'False'
[0.834s] Level 5:colcon.colcon_core.verb:set package 'py_trees_ros' build argument 'cmake_clean_cache' from command line to 'False'
[0.834s] Level 5:colcon.colcon_core.verb:set package 'py_trees_ros' build argument 'cmake_clean_first' from command line to 'False'
[0.834s] Level 5:colcon.colcon_core.verb:set package 'py_trees_ros' build argument 'cmake_force_configure' from command line to 'False'
[0.834s] Level 5:colcon.colcon_core.verb:set package 'py_trees_ros' build argument 'ament_cmake_args' from command line to 'None'
[0.834s] Level 5:colcon.colcon_core.verb:set package 'py_trees_ros' build argument 'catkin_cmake_args' from command line to 'None'
[0.834s] Level 5:colcon.colcon_core.verb:set package 'py_trees_ros' build argument 'catkin_skip_building_tests' from command line to 'False'
[0.834s] DEBUG:colcon.colcon_core.verb:Building package 'py_trees_ros' with the following arguments: {'ament_cmake_args': None, 'build_base': '/home/absolutezeno/Auto-BT-Generation/build/py_trees_ros', 'catkin_cmake_args': None, 'catkin_skip_building_tests': False, 'cmake_args': None, 'cmake_clean_cache': False, 'cmake_clean_first': False, 'cmake_force_configure': False, 'cmake_target': None, 'cmake_target_skip_unavailable': False, 'install_base': '/home/absolutezeno/Auto-BT-Generation/install/py_trees_ros', 'merge_install': False, 'path': '/home/absolutezeno/Auto-BT-Generation/src/py_trees_ros', 'symlink_install': False, 'test_result_base': None}
[0.840s] Level 5:colcon.colcon_core.verb:set package 'py_trees_ros_viewer' build argument 'cmake_args' from command line to 'None'
[0.840s] Level 5:colcon.colcon_core.verb:set package 'py_trees_ros_viewer' build argument 'cmake_target' from command line to 'None'
[0.840s] Level 5:colcon.colcon_core.verb:set package 'py_trees_ros_viewer' build argument 'cmake_target_skip_unavailable' from command line to 'False'
[0.841s] Level 5:colcon.colcon_core.verb:set package 'py_trees_ros_viewer' build argument 'cmake_clean_cache' from command line to 'False'
[0.841s] Level 5:colcon.colcon_core.verb:set package 'py_trees_ros_viewer' build argument 'cmake_clean_first' from command line to 'False'
[0.841s] Level 5:colcon.colcon_core.verb:set package 'py_trees_ros_viewer' build argument 'cmake_force_configure' from command line to 'False'
[0.841s] Level 5:colcon.colcon_core.verb:set package 'py_trees_ros_viewer' build argument 'ament_cmake_args' from command line to 'None'
[0.841s] Level 5:colcon.colcon_core.verb:set package 'py_trees_ros_viewer' build argument 'catkin_cmake_args' from command line to 'None'
[0.841s] Level 5:colcon.colcon_core.verb:set package 'py_trees_ros_viewer' build argument 'catkin_skip_building_tests' from command line to 'False'
[0.841s] DEBUG:colcon.colcon_core.verb:Building package 'py_trees_ros_viewer' with the following arguments: {'ament_cmake_args': None, 'build_base': '/home/absolutezeno/Auto-BT-Generation/build/py_trees_ros_viewer', 'catkin_cmake_args': None, 'catkin_skip_building_tests': False, 'cmake_args': None, 'cmake_clean_cache': False, 'cmake_clean_first': False, 'cmake_force_configure': False, 'cmake_target': None, 'cmake_target_skip_unavailable': False, 'install_base': '/home/absolutezeno/Auto-BT-Generation/install/py_trees_ros_viewer', 'merge_install': False, 'path': '/home/absolutezeno/Auto-BT-Generation/src/py_trees_ros_viewer', 'symlink_install': False, 'test_result_base': None}
[0.847s] Level 5:colcon.colcon_core.verb:set package 'py_trees_ros_tutorials' build argument 'cmake_args' from command line to 'None'
[0.847s] Level 5:colcon.colcon_core.verb:set package 'py_trees_ros_tutorials' build argument 'cmake_target' from command line to 'None'
[0.847s] Level 5:colcon.colcon_core.verb:set package 'py_trees_ros_tutorials' build argument 'cmake_target_skip_unavailable' from command line to 'False'
[0.847s] Level 5:colcon.colcon_core.verb:set package 'py_trees_ros_tutorials' build argument 'cmake_clean_cache' from command line to 'False'
[0.847s] Level 5:colcon.colcon_core.verb:set package 'py_trees_ros_tutorials' build argument 'cmake_clean_first' from command line to 'False'
[0.847s] Level 5:colcon.colcon_core.verb:set package 'py_trees_ros_tutorials' build argument 'cmake_force_configure' from command line to 'False'
[0.847s] Level 5:colcon.colcon_core.verb:set package 'py_trees_ros_tutorials' build argument 'ament_cmake_args' from command line to 'None'
[0.847s] Level 5:colcon.colcon_core.verb:set package 'py_trees_ros_tutorials' build argument 'catkin_cmake_args' from command line to 'None'
[0.847s] Level 5:colcon.colcon_core.verb:set package 'py_trees_ros_tutorials' build argument 'catkin_skip_building_tests' from command line to 'False'
[0.847s] DEBUG:colcon.colcon_core.verb:Building package 'py_trees_ros_tutorials' with the following arguments: {'ament_cmake_args': None, 'build_base': '/home/absolutezeno/Auto-BT-Generation/build/py_trees_ros_tutorials', 'catkin_cmake_args': None, 'catkin_skip_building_tests': False, 'cmake_args': None, 'cmake_clean_cache': False, 'cmake_clean_first': False, 'cmake_force_configure': False, 'cmake_target': None, 'cmake_target_skip_unavailable': False, 'install_base': '/home/absolutezeno/Auto-BT-Generation/install/py_trees_ros_tutorials', 'merge_install': False, 'path': '/home/absolutezeno/Auto-BT-Generation/src/py_trees_ros_tutorials', 'symlink_install': False, 'test_result_base': None}
[0.854s] INFO:colcon.colcon_core.executor:Executing jobs using 'parallel' executor
[0.861s] DEBUG:colcon.colcon_parallel_executor.executor.parallel:run_until_complete
[0.862s] INFO:colcon.colcon_ros.task.ament_python.build:Building ROS package in '/home/absolutezeno/Auto-BT-Generation/src/py_trees_ros' with build type 'ament_python'
[0.862s] Level 1:colcon.colcon_core.shell:create_environment_hook('py_trees_ros', 'ament_prefix_path')
[0.869s] INFO:colcon.colcon_core.plugin_system:Skipping extension 'colcon_core.shell.bat': Not used on non-Windows systems
[0.869s] INFO:colcon.colcon_core.shell:Creating environment hook '/home/absolutezeno/Auto-BT-Generation/install/py_trees_ros/share/py_trees_ros/hook/ament_prefix_path.ps1'
[0.870s] INFO:colcon.colcon_core.shell:Creating environment descriptor '/home/absolutezeno/Auto-BT-Generation/install/py_trees_ros/share/py_trees_ros/hook/ament_prefix_path.dsv'
[0.870s] INFO:colcon.colcon_core.shell:Creating environment hook '/home/absolutezeno/Auto-BT-Generation/install/py_trees_ros/share/py_trees_ros/hook/ament_prefix_path.sh'
[0.877s] INFO:colcon.colcon_core.shell:Skip shell extension 'powershell' for command environment: Not usable outside of PowerShell
[0.877s] DEBUG:colcon.colcon_core.shell:Skip shell extension 'dsv' for command environment
[0.932s] INFO:colcon.colcon_core.task.python.build:Building Python package in '/home/absolutezeno/Auto-BT-Generation/src/IsaacLab-autogenBT/exts/autogen_bt'
[0.938s] INFO:colcon.colcon_core.shell:Skip shell extension 'powershell' for command environment: Not usable outside of PowerShell
[0.938s] DEBUG:colcon.colcon_core.shell:Skip shell extension 'dsv' for command environment
[0.996s] INFO:colcon.colcon_ros.task.ament_cmake.build:Building ROS package in '/home/absolutezeno/Auto-BT-Generation/src/custom_message' with build type 'ament_cmake'
[0.996s] INFO:colcon.colcon_cmake.task.cmake.build:Building CMake package in '/home/absolutezeno/Auto-BT-Generation/src/custom_message'
[1.003s] INFO:colcon.colcon_core.shell:Skip shell extension 'powershell' for command environment: Not usable outside of PowerShell
[1.003s] DEBUG:colcon.colcon_core.shell:Skip shell extension 'dsv' for command environment
[1.065s] INFO:colcon.colcon_ros.task.ament_cmake.build:Building ROS package in '/home/absolutezeno/Auto-BT-Generation/src/isaac_ros2_messages' with build type 'ament_cmake'
[1.065s] INFO:colcon.colcon_cmake.task.cmake.build:Building CMake package in '/home/absolutezeno/Auto-BT-Generation/src/isaac_ros2_messages'
[1.072s] INFO:colcon.colcon_core.shell:Skip shell extension 'powershell' for command environment: Not usable outside of PowerShell
[1.072s] DEBUG:colcon.colcon_core.shell:Skip shell extension 'dsv' for command environment
[1.140s] INFO:colcon.colcon_ros.task.ament_cmake.build:Building ROS package in '/home/absolutezeno/Auto-BT-Generation/src/isaacsim' with build type 'ament_cmake'
[1.140s] INFO:colcon.colcon_cmake.task.cmake.build:Building CMake package in '/home/absolutezeno/Auto-BT-Generation/src/isaacsim'
[1.148s] INFO:colcon.colcon_core.shell:Skip shell extension 'powershell' for command environment: Not usable outside of PowerShell
[1.148s] DEBUG:colcon.colcon_core.shell:Skip shell extension 'dsv' for command environment
[1.208s] INFO:colcon.colcon_ros.task.ament_python.build:Building ROS package in '/home/absolutezeno/Auto-BT-Generation/src/py_trees_ros_viewer' with build type 'ament_python'
[1.208s] Level 1:colcon.colcon_core.shell:create_environment_hook('py_trees_ros_viewer', 'ament_prefix_path')
[1.218s] INFO:colcon.colcon_core.shell:Creating environment hook '/home/absolutezeno/Auto-BT-Generation/install/py_trees_ros_viewer/share/py_trees_ros_viewer/hook/ament_prefix_path.ps1'
[1.218s] INFO:colcon.colcon_core.shell:Creating environment descriptor '/home/absolutezeno/Auto-BT-Generation/install/py_trees_ros_viewer/share/py_trees_ros_viewer/hook/ament_prefix_path.dsv'
[1.218s] INFO:colcon.colcon_core.shell:Creating environment hook '/home/absolutezeno/Auto-BT-Generation/install/py_trees_ros_viewer/share/py_trees_ros_viewer/hook/ament_prefix_path.sh'
[1.225s] INFO:colcon.colcon_core.shell:Skip shell extension 'powershell' for command environment: Not usable outside of PowerShell
[1.225s] DEBUG:colcon.colcon_core.shell:Skip shell extension 'dsv' for command environment
[1.428s] INFO:colcon.colcon_core.task.python.build:Building Python package in '/home/absolutezeno/Auto-BT-Generation/src/py_trees_ros'
[1.435s] INFO:colcon.colcon_core.shell:Skip shell extension 'powershell' for command environment: Not usable outside of PowerShell
[1.435s] DEBUG:colcon.colcon_core.shell:Skip shell extension 'dsv' for command environment
[1.637s] DEBUG:colcon.colcon_core.event_handler.log_command:Invoking command in '/home/absolutezeno/Auto-BT-Generation/build/custom_message': CMAKE_PREFIX_PATH=${CMAKE_PREFIX_PATH}:/home/absolutezeno/Auto-BT-Generation/install/py_trees_ros_viewer:/home/absolutezeno/Auto-BT-Generation/install/py_trees_ros_tutorials:/home/absolutezeno/Auto-BT-Generation/install/py_trees_ros:/home/absolutezeno/FRA501/install/rqt_joint_trajectory_controller:/home/absolutezeno/FRA501/install/rqt_controller_manager:/home/absolutezeno/FRA501/install/ros2controlcli:/home/absolutezeno/FRA501/install/ros2_controllers_test_nodes:/opt/ros/humble PS1=(isaaclab) \[\e]0;\u@\h: \w\a\]${debian_chroot:+($debian_chroot)}\[\033[01;32m\]\u@\h\[\033[00m\]:\[\033[01;34m\]\w\[\033[00m\]\$ VIRTUAL_ENV_PROMPT=(isaaclab) /usr/bin/cmake /home/absolutezeno/Auto-BT-Generation/src/custom_message -DCMAKE_INSTALL_PREFIX=/home/absolutezeno/Auto-BT-Generation/install/custom_message
[1.639s] DEBUG:colcon.colcon_core.event_handler.log_command:Invoking command in '/home/absolutezeno/Auto-BT-Generation/build/isaac_ros2_messages': CMAKE_PREFIX_PATH=${CMAKE_PREFIX_PATH}:/home/absolutezeno/Auto-BT-Generation/install/py_trees_ros_viewer:/home/absolutezeno/Auto-BT-Generation/install/py_trees_ros_tutorials:/home/absolutezeno/Auto-BT-Generation/install/py_trees_ros:/home/absolutezeno/FRA501/install/rqt_joint_trajectory_controller:/home/absolutezeno/FRA501/install/rqt_controller_manager:/home/absolutezeno/FRA501/install/ros2controlcli:/home/absolutezeno/FRA501/install/ros2_controllers_test_nodes:/opt/ros/humble PS1=(isaaclab) \[\e]0;\u@\h: \w\a\]${debian_chroot:+($debian_chroot)}\[\033[01;32m\]\u@\h\[\033[00m\]:\[\033[01;34m\]\w\[\033[00m\]\$ VIRTUAL_ENV_PROMPT=(isaaclab) /usr/bin/cmake /home/absolutezeno/Auto-BT-Generation/src/isaac_ros2_messages -DCMAKE_INSTALL_PREFIX=/home/absolutezeno/Auto-BT-Generation/install/isaac_ros2_messages
[1.641s] DEBUG:colcon.colcon_core.event_handler.log_command:Invoking command in '/home/absolutezeno/Auto-BT-Generation/build/isaacsim': CMAKE_PREFIX_PATH=${CMAKE_PREFIX_PATH}:/home/absolutezeno/Auto-BT-Generation/install/py_trees_ros_viewer:/home/absolutezeno/Auto-BT-Generation/install/py_trees_ros_tutorials:/home/absolutezeno/Auto-BT-Generation/install/py_trees_ros:/home/absolutezeno/FRA501/install/rqt_joint_trajectory_controller:/home/absolutezeno/FRA501/install/rqt_controller_manager:/home/absolutezeno/FRA501/install/ros2controlcli:/home/absolutezeno/FRA501/install/ros2_controllers_test_nodes:/opt/ros/humble PS1=(isaaclab) \[\e]0;\u@\h: \w\a\]${debian_chroot:+($debian_chroot)}\[\033[01;32m\]\u@\h\[\033[00m\]:\[\033[01;34m\]\w\[\033[00m\]\$ VIRTUAL_ENV_PROMPT=(isaaclab) /usr/bin/cmake /home/absolutezeno/Auto-BT-Generation/src/isaacsim -DCMAKE_INSTALL_PREFIX=/home/absolutezeno/Auto-BT-Generation/install/isaacsim
[1.840s] WARNING:colcon.colcon_ros.task.ament_python.build:Package 'py_trees_ros_viewer' doesn't explicitly install a marker in the package index (colcon-ros currently does it implicitly but that fallback will be removed in the future)
[1.841s] INFO:colcon.colcon_core.task.python.build:Building Python package in '/home/absolutezeno/Auto-BT-Generation/src/py_trees_ros_viewer'
[1.856s] INFO:colcon.colcon_core.shell:Skip shell extension 'powershell' for command environment: Not usable outside of PowerShell
[1.856s] DEBUG:colcon.colcon_core.shell:Skip shell extension 'dsv' for command environment
[1.921s] DEBUG:colcon.colcon_core.event_handler.log_command:Invoking command in '/home/absolutezeno/Auto-BT-Generation/src/IsaacLab-autogenBT/exts/autogen_bt': PS1=(isaaclab) \[\e]0;\u@\h: \w\a\]${debian_chroot:+($debian_chroot)}\[\033[01;32m\]\u@\h\[\033[00m\]:\[\033[01;34m\]\w\[\033[00m\]\$ PYTHONPATH=/home/absolutezeno/Auto-BT-Generation/build/autogen_bt/prefix_override:/home/absolutezeno/Auto-BT-Generation/install/autogen_bt/lib/python3.10/site-packages:${PYTHONPATH} VIRTUAL_ENV_PROMPT=(isaaclab) /usr/bin/python3 setup.py egg_info --egg-base ../../../../build/autogen_bt build --build-base /home/absolutezeno/Auto-BT-Generation/build/autogen_bt/build install --record /home/absolutezeno/Auto-BT-Generation/build/autogen_bt/install.log --single-version-externally-managed
[1.922s] DEBUG:colcon.colcon_core.event_handler.log_command:Invoked command in '/home/absolutezeno/Auto-BT-Generation/build/isaacsim' returned '0': CMAKE_PREFIX_PATH=${CMAKE_PREFIX_PATH}:/home/absolutezeno/Auto-BT-Generation/install/py_trees_ros_viewer:/home/absolutezeno/Auto-BT-Generation/install/py_trees_ros_tutorials:/home/absolutezeno/Auto-BT-Generation/install/py_trees_ros:/home/absolutezeno/FRA501/install/rqt_joint_trajectory_controller:/home/absolutezeno/FRA501/install/rqt_controller_manager:/home/absolutezeno/FRA501/install/ros2controlcli:/home/absolutezeno/FRA501/install/ros2_controllers_test_nodes:/opt/ros/humble PS1=(isaaclab) \[\e]0;\u@\h: \w\a\]${debian_chroot:+($debian_chroot)}\[\033[01;32m\]\u@\h\[\033[00m\]:\[\033[01;34m\]\w\[\033[00m\]\$ VIRTUAL_ENV_PROMPT=(isaaclab) /usr/bin/cmake /home/absolutezeno/Auto-BT-Generation/src/isaacsim -DCMAKE_INSTALL_PREFIX=/home/absolutezeno/Auto-BT-Generation/install/isaacsim
[1.922s] DEBUG:colcon.colcon_core.event_handler.log_command:Invoking command in '/home/absolutezeno/Auto-BT-Generation/build/isaacsim': CMAKE_PREFIX_PATH=${CMAKE_PREFIX_PATH}:/home/absolutezeno/Auto-BT-Generation/install/py_trees_ros_viewer:/home/absolutezeno/Auto-BT-Generation/install/py_trees_ros_tutorials:/home/absolutezeno/Auto-BT-Generation/install/py_trees_ros:/home/absolutezeno/FRA501/install/rqt_joint_trajectory_controller:/home/absolutezeno/FRA501/install/rqt_controller_manager:/home/absolutezeno/FRA501/install/ros2controlcli:/home/absolutezeno/FRA501/install/ros2_controllers_test_nodes:/opt/ros/humble PS1=(isaaclab) \[\e]0;\u@\h: \w\a\]${debian_chroot:+($debian_chroot)}\[\033[01;32m\]\u@\h\[\033[00m\]:\[\033[01;34m\]\w\[\033[00m\]\$ VIRTUAL_ENV_PROMPT=(isaaclab) /usr/bin/cmake --build /home/absolutezeno/Auto-BT-Generation/build/isaacsim -- -j20 -l20
[1.951s] DEBUG:colcon.colcon_core.event_handler.log_command:Invoked command in '/home/absolutezeno/Auto-BT-Generation/build/isaacsim' returned '0': CMAKE_PREFIX_PATH=${CMAKE_PREFIX_PATH}:/home/absolutezeno/Auto-BT-Generation/install/py_trees_ros_viewer:/home/absolutezeno/Auto-BT-Generation/install/py_trees_ros_tutorials:/home/absolutezeno/Auto-BT-Generation/install/py_trees_ros:/home/absolutezeno/FRA501/install/rqt_joint_trajectory_controller:/home/absolutezeno/FRA501/install/rqt_controller_manager:/home/absolutezeno/FRA501/install/ros2controlcli:/home/absolutezeno/FRA501/install/ros2_controllers_test_nodes:/opt/ros/humble PS1=(isaaclab) \[\e]0;\u@\h: \w\a\]${debian_chroot:+($debian_chroot)}\[\033[01;32m\]\u@\h\[\033[00m\]:\[\033[01;34m\]\w\[\033[00m\]\$ VIRTUAL_ENV_PROMPT=(isaaclab) /usr/bin/cmake --build /home/absolutezeno/Auto-BT-Generation/build/isaacsim -- -j20 -l20
[1.978s] DEBUG:colcon.colcon_core.event_handler.log_command:Invoking command in '/home/absolutezeno/Auto-BT-Generation/build/isaacsim': CMAKE_PREFIX_PATH=${CMAKE_PREFIX_PATH}:/home/absolutezeno/Auto-BT-Generation/install/py_trees_ros_viewer:/home/absolutezeno/Auto-BT-Generation/install/py_trees_ros_tutorials:/home/absolutezeno/Auto-BT-Generation/install/py_trees_ros:/home/absolutezeno/FRA501/install/rqt_joint_trajectory_controller:/home/absolutezeno/FRA501/install/rqt_controller_manager:/home/absolutezeno/FRA501/install/ros2controlcli:/home/absolutezeno/FRA501/install/ros2_controllers_test_nodes:/opt/ros/humble PS1=(isaaclab) \[\e]0;\u@\h: \w\a\]${debian_chroot:+($debian_chroot)}\[\033[01;32m\]\u@\h\[\033[00m\]:\[\033[01;34m\]\w\[\033[00m\]\$ VIRTUAL_ENV_PROMPT=(isaaclab) /usr/bin/cmake --install /home/absolutezeno/Auto-BT-Generation/build/isaacsim
[1.979s] DEBUG:colcon.colcon_core.event_handler.log_command:Invoked command in '/home/absolutezeno/Auto-BT-Generation/build/custom_message' returned '1': CMAKE_PREFIX_PATH=${CMAKE_PREFIX_PATH}:/home/absolutezeno/Auto-BT-Generation/install/py_trees_ros_viewer:/home/absolutezeno/Auto-BT-Generation/install/py_trees_ros_tutorials:/home/absolutezeno/Auto-BT-Generation/install/py_trees_ros:/home/absolutezeno/FRA501/install/rqt_joint_trajectory_controller:/home/absolutezeno/FRA501/install/rqt_controller_manager:/home/absolutezeno/FRA501/install/ros2controlcli:/home/absolutezeno/FRA501/install/ros2_controllers_test_nodes:/opt/ros/humble PS1=(isaaclab) \[\e]0;\u@\h: \w\a\]${debian_chroot:+($debian_chroot)}\[\033[01;32m\]\u@\h\[\033[00m\]:\[\033[01;34m\]\w\[\033[00m\]\$ VIRTUAL_ENV_PROMPT=(isaaclab) /usr/bin/cmake /home/absolutezeno/Auto-BT-Generation/src/custom_message -DCMAKE_INSTALL_PREFIX=/home/absolutezeno/Auto-BT-Generation/install/custom_message
[1.984s] Level 1:colcon.colcon_core.environment:create_environment_scripts_only(isaacsim)
[1.985s] DEBUG:colcon.colcon_core.event_handler.log_command:Invoked command in '/home/absolutezeno/Auto-BT-Generation/build/isaacsim' returned '0': CMAKE_PREFIX_PATH=${CMAKE_PREFIX_PATH}:/home/absolutezeno/Auto-BT-Generation/install/py_trees_ros_viewer:/home/absolutezeno/Auto-BT-Generation/install/py_trees_ros_tutorials:/home/absolutezeno/Auto-BT-Generation/install/py_trees_ros:/home/absolutezeno/FRA501/install/rqt_joint_trajectory_controller:/home/absolutezeno/FRA501/install/rqt_controller_manager:/home/absolutezeno/FRA501/install/ros2controlcli:/home/absolutezeno/FRA501/install/ros2_controllers_test_nodes:/opt/ros/humble PS1=(isaaclab) \[\e]0;\u@\h: \w\a\]${debian_chroot:+($debian_chroot)}\[\033[01;32m\]\u@\h\[\033[00m\]:\[\033[01;34m\]\w\[\033[00m\]\$ VIRTUAL_ENV_PROMPT=(isaaclab) /usr/bin/cmake --install /home/absolutezeno/Auto-BT-Generation/build/isaacsim
[2.002s] Level 1:colcon.colcon_core.environment:checking '/home/absolutezeno/Auto-BT-Generation/install/isaacsim' for CMake module files
[2.002s] Level 1:colcon.colcon_core.environment:checking '/home/absolutezeno/Auto-BT-Generation/install/isaacsim' for CMake config files
[2.003s] Level 1:colcon.colcon_core.shell:create_environment_hook('isaacsim', 'cmake_prefix_path')
[2.017s] INFO:colcon.colcon_core.shell:Creating environment hook '/home/absolutezeno/Auto-BT-Generation/install/isaacsim/share/isaacsim/hook/cmake_prefix_path.ps1'
[2.017s] INFO:colcon.colcon_core.shell:Creating environment descriptor '/home/absolutezeno/Auto-BT-Generation/install/isaacsim/share/isaacsim/hook/cmake_prefix_path.dsv'
[2.018s] INFO:colcon.colcon_core.shell:Creating environment hook '/home/absolutezeno/Auto-BT-Generation/install/isaacsim/share/isaacsim/hook/cmake_prefix_path.sh'
[2.018s] Level 1:colcon.colcon_core.environment:checking '/home/absolutezeno/Auto-BT-Generation/install/isaacsim/lib'
[2.018s] Level 1:colcon.colcon_core.environment:checking '/home/absolutezeno/Auto-BT-Generation/install/isaacsim/bin'
[2.018s] Level 1:colcon.colcon_core.environment:checking '/home/absolutezeno/Auto-BT-Generation/install/isaacsim/lib/pkgconfig/isaacsim.pc'
[2.019s] Level 1:colcon.colcon_core.environment:checking '/home/absolutezeno/Auto-BT-Generation/install/isaacsim/lib/python3.10/site-packages'
[2.019s] Level 1:colcon.colcon_core.environment:checking '/home/absolutezeno/Auto-BT-Generation/install/isaacsim/bin'
[2.034s] INFO:colcon.colcon_core.shell:Creating package script '/home/absolutezeno/Auto-BT-Generation/install/isaacsim/share/isaacsim/package.ps1'
[2.035s] INFO:colcon.colcon_core.shell:Creating package descriptor '/home/absolutezeno/Auto-BT-Generation/install/isaacsim/share/isaacsim/package.dsv'
[2.035s] INFO:colcon.colcon_core.shell:Creating package script '/home/absolutezeno/Auto-BT-Generation/install/isaacsim/share/isaacsim/package.sh'
[2.036s] INFO:colcon.colcon_core.shell:Creating package script '/home/absolutezeno/Auto-BT-Generation/install/isaacsim/share/isaacsim/package.bash'
[2.036s] INFO:colcon.colcon_core.shell:Creating package script '/home/absolutezeno/Auto-BT-Generation/install/isaacsim/share/isaacsim/package.zsh'
[2.037s] Level 1:colcon.colcon_core.environment:create_file_with_runtime_dependencies(/home/absolutezeno/Auto-BT-Generation/install/isaacsim/share/colcon-core/packages/isaacsim)
[2.038s] Level 1:colcon.colcon_core.environment:create_environment_scripts_only(custom_message)
[2.053s] Level 1:colcon.colcon_core.environment:checking '/home/absolutezeno/Auto-BT-Generation/install/custom_message' for CMake module files
[2.053s] Level 1:colcon.colcon_core.environment:checking '/home/absolutezeno/Auto-BT-Generation/install/custom_message' for CMake config files
[2.053s] Level 1:colcon.colcon_core.environment:checking '/home/absolutezeno/Auto-BT-Generation/install/custom_message/bin'
[2.053s] Level 1:colcon.colcon_core.environment:checking '/home/absolutezeno/Auto-BT-Generation/install/custom_message/lib/pkgconfig/custom_message.pc'
[2.054s] Level 1:colcon.colcon_core.environment:checking '/home/absolutezeno/Auto-BT-Generation/install/custom_message/lib/python3.10/site-packages'
[2.054s] Level 1:colcon.colcon_core.environment:checking '/home/absolutezeno/Auto-BT-Generation/install/custom_message/bin'
[2.064s] INFO:colcon.colcon_core.shell:Creating package script '/home/absolutezeno/Auto-BT-Generation/install/custom_message/share/custom_message/package.ps1'
[2.065s] INFO:colcon.colcon_core.shell:Creating package descriptor '/home/absolutezeno/Auto-BT-Generation/install/custom_message/share/custom_message/package.dsv'
[2.065s] INFO:colcon.colcon_core.shell:Creating package script '/home/absolutezeno/Auto-BT-Generation/install/custom_message/share/custom_message/package.sh'
[2.065s] INFO:colcon.colcon_core.shell:Creating package script '/home/absolutezeno/Auto-BT-Generation/install/custom_message/share/custom_message/package.bash'
[2.065s] INFO:colcon.colcon_core.shell:Creating package script '/home/absolutezeno/Auto-BT-Generation/install/custom_message/share/custom_message/package.zsh'
[2.065s] Level 1:colcon.colcon_core.environment:create_file_with_runtime_dependencies(/home/absolutezeno/Auto-BT-Generation/install/custom_message/share/colcon-core/packages/custom_message)
[2.193s] DEBUG:colcon.colcon_parallel_executor.executor.parallel:closing loop
[2.193s] DEBUG:colcon.colcon_parallel_executor.executor.parallel:loop closed
[2.193s] DEBUG:colcon.colcon_parallel_executor.executor.parallel:run_until_complete finished with '1'
[2.193s] DEBUG:colcon.colcon_core.event_reactor:joining thread
[2.206s] INFO:colcon.colcon_core.plugin_system:Skipping extension 'colcon_notification.desktop_notification.terminal_notifier': Not used on non-Darwin systems
[2.207s] INFO:colcon.colcon_core.plugin_system:Skipping extension 'colcon_notification.desktop_notification.win32': Not used on non-Windows systems
[2.207s] INFO:colcon.colcon_notification.desktop_notification:Sending desktop notification using 'notify2'
[2.214s] DEBUG:colcon.colcon_core.event_reactor:joined thread
[2.224s] INFO:colcon.colcon_core.shell:Creating prefix script '/home/absolutezeno/Auto-BT-Generation/install/local_setup.ps1'
[2.224s] INFO:colcon.colcon_core.shell:Creating prefix util module '/home/absolutezeno/Auto-BT-Generation/install/_local_setup_util_ps1.py'
[2.225s] INFO:colcon.colcon_core.shell:Creating prefix chain script '/home/absolutezeno/Auto-BT-Generation/install/setup.ps1'
[2.233s] INFO:colcon.colcon_core.shell:Creating prefix script '/home/absolutezeno/Auto-BT-Generation/install/local_setup.sh'
[2.233s] INFO:colcon.colcon_core.shell:Creating prefix util module '/home/absolutezeno/Auto-BT-Generation/install/_local_setup_util_sh.py'
[2.233s] INFO:colcon.colcon_core.shell:Creating prefix chain script '/home/absolutezeno/Auto-BT-Generation/install/setup.sh'
[2.241s] INFO:colcon.colcon_core.shell:Creating prefix script '/home/absolutezeno/Auto-BT-Generation/install/local_setup.bash'
[2.242s] INFO:colcon.colcon_core.shell:Creating prefix chain script '/home/absolutezeno/Auto-BT-Generation/install/setup.bash'
[2.249s] INFO:colcon.colcon_core.shell:Creating prefix script '/home/absolutezeno/Auto-BT-Generation/install/local_setup.zsh'
[2.250s] INFO:colcon.colcon_core.shell:Creating prefix chain script '/home/absolutezeno/Auto-BT-Generation/install/setup.zsh'
