[0.010s] Invoking command in '/home/absolutezeno/Auto-BT-Generation/build/turtlebot3_bringup': CMAKE_PREFIX_PATH=/home/absolutezeno/Auto-BT-Generation/install/turtlebot3_node:/home/absolutezeno/Auto-BT-Generation/install/turtlebot3_description:/home/absolutezeno/Auto-BT-Generation/install/turtlebot3:/home/absolutezeno/Auto-BT-Generation/install/turtlebot3_bringup:/home/absolutezeno/Auto-BT-Generation/install/turtlebot3_navigation2:/home/absolutezeno/Auto-BT-Generation/install/turtlebot3_cartographer:/home/absolutezeno/Auto-BT-Generation/install/isaac_ros2_messages:/home/absolutezeno/Auto-BT-Generation/install/custom_message:/home/absolutezeno/Auto-BT-Generation/install/autogen_bt_interface:/home/absolutezeno/Auto-BT-Generation/install/turtlebot3_teleop:/home/absolutezeno/Auto-BT-Generation/install/turtlebot3_example:/home/absolutezeno/Auto-BT-Generation/install/py_trees_ros_viewer:/home/absolutezeno/Auto-BT-Generation/install/py_trees_ros_tutorials:/home/absolutezeno/Auto-BT-Generation/install/py_trees_ros:/opt/ros/humble /usr/bin/cmake --build /home/absolutezeno/Auto-BT-Generation/build/turtlebot3_bringup -- -j20 -l20
[0.042s] Invoked command in '/home/absolutezeno/Auto-BT-Generation/build/turtlebot3_bringup' returned '0': CMAKE_PREFIX_PATH=/home/absolutezeno/Auto-BT-Generation/install/turtlebot3_node:/home/absolutezeno/Auto-BT-Generation/install/turtlebot3_description:/home/absolutezeno/Auto-BT-Generation/install/turtlebot3:/home/absolutezeno/Auto-BT-Generation/install/turtlebot3_bringup:/home/absolutezeno/Auto-BT-Generation/install/turtlebot3_navigation2:/home/absolutezeno/Auto-BT-Generation/install/turtlebot3_cartographer:/home/absolutezeno/Auto-BT-Generation/install/isaac_ros2_messages:/home/absolutezeno/Auto-BT-Generation/install/custom_message:/home/absolutezeno/Auto-BT-Generation/install/autogen_bt_interface:/home/absolutezeno/Auto-BT-Generation/install/turtlebot3_teleop:/home/absolutezeno/Auto-BT-Generation/install/turtlebot3_example:/home/absolutezeno/Auto-BT-Generation/install/py_trees_ros_viewer:/home/absolutezeno/Auto-BT-Generation/install/py_trees_ros_tutorials:/home/absolutezeno/Auto-BT-Generation/install/py_trees_ros:/opt/ros/humble /usr/bin/cmake --build /home/absolutezeno/Auto-BT-Generation/build/turtlebot3_bringup -- -j20 -l20
[0.064s] Invoking command in '/home/absolutezeno/Auto-BT-Generation/build/turtlebot3_bringup': CMAKE_PREFIX_PATH=/home/absolutezeno/Auto-BT-Generation/install/turtlebot3_node:/home/absolutezeno/Auto-BT-Generation/install/turtlebot3_description:/home/absolutezeno/Auto-BT-Generation/install/turtlebot3:/home/absolutezeno/Auto-BT-Generation/install/turtlebot3_bringup:/home/absolutezeno/Auto-BT-Generation/install/turtlebot3_navigation2:/home/absolutezeno/Auto-BT-Generation/install/turtlebot3_cartographer:/home/absolutezeno/Auto-BT-Generation/install/isaac_ros2_messages:/home/absolutezeno/Auto-BT-Generation/install/custom_message:/home/absolutezeno/Auto-BT-Generation/install/autogen_bt_interface:/home/absolutezeno/Auto-BT-Generation/install/turtlebot3_teleop:/home/absolutezeno/Auto-BT-Generation/install/turtlebot3_example:/home/absolutezeno/Auto-BT-Generation/install/py_trees_ros_viewer:/home/absolutezeno/Auto-BT-Generation/install/py_trees_ros_tutorials:/home/absolutezeno/Auto-BT-Generation/install/py_trees_ros:/opt/ros/humble /usr/bin/cmake --install /home/absolutezeno/Auto-BT-Generation/build/turtlebot3_bringup
[0.074s] -- Install configuration: ""
[0.074s] -- Up-to-date: /home/absolutezeno/Auto-BT-Generation/install/turtlebot3_bringup/share/turtlebot3_bringup/launch
[0.074s] -- Up-to-date: /home/absolutezeno/Auto-BT-Generation/install/turtlebot3_bringup/share/turtlebot3_bringup/launch/turtlebot3_state_publisher.launch.py
[0.074s] -- Up-to-date: /home/absolutezeno/Auto-BT-Generation/install/turtlebot3_bringup/share/turtlebot3_bringup/launch/rviz2.launch.py
[0.074s] -- Up-to-date: /home/absolutezeno/Auto-BT-Generation/install/turtlebot3_bringup/share/turtlebot3_bringup/launch/robot.launch.py
[0.074s] -- Up-to-date: /home/absolutezeno/Auto-BT-Generation/install/turtlebot3_bringup/share/turtlebot3_bringup/param
[0.075s] -- Up-to-date: /home/absolutezeno/Auto-BT-Generation/install/turtlebot3_bringup/share/turtlebot3_bringup/param/waffle.yaml
[0.075s] -- Up-to-date: /home/absolutezeno/Auto-BT-Generation/install/turtlebot3_bringup/share/turtlebot3_bringup/param/burger.yaml
[0.075s] -- Up-to-date: /home/absolutezeno/Auto-BT-Generation/install/turtlebot3_bringup/share/turtlebot3_bringup/param/waffle_pi.yaml
[0.075s] -- Up-to-date: /home/absolutezeno/Auto-BT-Generation/install/turtlebot3_bringup/share/turtlebot3_bringup/script
[0.075s] -- Up-to-date: /home/absolutezeno/Auto-BT-Generation/install/turtlebot3_bringup/share/turtlebot3_bringup/script/99-turtlebot3-cdc.rules
[0.075s] -- Up-to-date: /home/absolutezeno/Auto-BT-Generation/install/turtlebot3_bringup/share/turtlebot3_bringup/script/create_udev_rules
[0.075s] -- Up-to-date: /home/absolutezeno/Auto-BT-Generation/install/turtlebot3_bringup/share/ament_index/resource_index/package_run_dependencies/turtlebot3_bringup
[0.075s] -- Up-to-date: /home/absolutezeno/Auto-BT-Generation/install/turtlebot3_bringup/share/ament_index/resource_index/parent_prefix_path/turtlebot3_bringup
[0.075s] -- Up-to-date: /home/absolutezeno/Auto-BT-Generation/install/turtlebot3_bringup/share/turtlebot3_bringup/environment/ament_prefix_path.sh
[0.075s] -- Up-to-date: /home/absolutezeno/Auto-BT-Generation/install/turtlebot3_bringup/share/turtlebot3_bringup/environment/ament_prefix_path.dsv
[0.075s] -- Up-to-date: /home/absolutezeno/Auto-BT-Generation/install/turtlebot3_bringup/share/turtlebot3_bringup/environment/path.sh
[0.075s] -- Up-to-date: /home/absolutezeno/Auto-BT-Generation/install/turtlebot3_bringup/share/turtlebot3_bringup/environment/path.dsv
[0.075s] -- Up-to-date: /home/absolutezeno/Auto-BT-Generation/install/turtlebot3_bringup/share/turtlebot3_bringup/local_setup.bash
[0.075s] -- Up-to-date: /home/absolutezeno/Auto-BT-Generation/install/turtlebot3_bringup/share/turtlebot3_bringup/local_setup.sh
[0.076s] -- Up-to-date: /home/absolutezeno/Auto-BT-Generation/install/turtlebot3_bringup/share/turtlebot3_bringup/local_setup.zsh
[0.076s] -- Up-to-date: /home/absolutezeno/Auto-BT-Generation/install/turtlebot3_bringup/share/turtlebot3_bringup/local_setup.dsv
[0.076s] -- Installing: /home/absolutezeno/Auto-BT-Generation/install/turtlebot3_bringup/share/turtlebot3_bringup/package.dsv
[0.076s] -- Up-to-date: /home/absolutezeno/Auto-BT-Generation/install/turtlebot3_bringup/share/ament_index/resource_index/packages/turtlebot3_bringup
[0.076s] -- Up-to-date: /home/absolutezeno/Auto-BT-Generation/install/turtlebot3_bringup/share/turtlebot3_bringup/cmake/turtlebot3_bringupConfig.cmake
[0.076s] -- Up-to-date: /home/absolutezeno/Auto-BT-Generation/install/turtlebot3_bringup/share/turtlebot3_bringup/cmake/turtlebot3_bringupConfig-version.cmake
[0.076s] -- Up-to-date: /home/absolutezeno/Auto-BT-Generation/install/turtlebot3_bringup/share/turtlebot3_bringup/package.xml
[0.084s] Invoked command in '/home/absolutezeno/Auto-BT-Generation/build/turtlebot3_bringup' returned '0': CMAKE_PREFIX_PATH=/home/absolutezeno/Auto-BT-Generation/install/turtlebot3_node:/home/absolutezeno/Auto-BT-Generation/install/turtlebot3_description:/home/absolutezeno/Auto-BT-Generation/install/turtlebot3:/home/absolutezeno/Auto-BT-Generation/install/turtlebot3_bringup:/home/absolutezeno/Auto-BT-Generation/install/turtlebot3_navigation2:/home/absolutezeno/Auto-BT-Generation/install/turtlebot3_cartographer:/home/absolutezeno/Auto-BT-Generation/install/isaac_ros2_messages:/home/absolutezeno/Auto-BT-Generation/install/custom_message:/home/absolutezeno/Auto-BT-Generation/install/autogen_bt_interface:/home/absolutezeno/Auto-BT-Generation/install/turtlebot3_teleop:/home/absolutezeno/Auto-BT-Generation/install/turtlebot3_example:/home/absolutezeno/Auto-BT-Generation/install/py_trees_ros_viewer:/home/absolutezeno/Auto-BT-Generation/install/py_trees_ros_tutorials:/home/absolutezeno/Auto-BT-Generation/install/py_trees_ros:/opt/ros/humble /usr/bin/cmake --install /home/absolutezeno/Auto-BT-Generation/build/turtlebot3_bringup
