[0.753s] Invoking command in '/home/absolutezeno/Auto-BT-Generation/build/iw_hub_navigation': CMAKE_PREFIX_PATH=${CMAKE_PREFIX_PATH}:/home/absolutezeno/Auto-BT-Generation/install/py_trees_ros_viewer:/home/absolutezeno/Auto-BT-Generation/install/py_trees_ros_tutorials:/home/absolutezeno/Auto-BT-Generation/install/py_trees_ros:/home/absolutezeno/FRA501/install/rqt_joint_trajectory_controller:/home/absolutezeno/FRA501/install/rqt_controller_manager:/home/absolutezeno/FRA501/install/ros2controlcli:/home/absolutezeno/FRA501/install/ros2_controllers_test_nodes:/opt/ros/humble PS1=(isaaclab) \[\e]0;\u@\h: \w\a\]${debian_chroot:+($debian_chroot)}\[\033[01;32m\]\u@\h\[\033[00m\]:\[\033[01;34m\]\w\[\033[00m\]\$ VIRTUAL_ENV_PROMPT=(isaaclab) /usr/bin/cmake /home/absolutezeno/Auto-BT-Generation/src/navigation/iw_hub_navigation -DCMAKE_INSTALL_PREFIX=/home/absolutezeno/Auto-BT-Generation/install/iw_hub_navigation
[0.790s] -- The C compiler identification is GNU 11.4.0
[0.833s] -- The CXX compiler identification is GNU 11.4.0
[0.841s] -- Detecting C compiler ABI info
[0.895s] -- Detecting C compiler ABI info - done
[0.903s] -- Check for working C compiler: /usr/bin/cc - skipped
[0.903s] -- Detecting C compile features
[0.904s] -- Detecting C compile features - done
[0.907s] -- Detecting CXX compiler ABI info
[0.966s] -- Detecting CXX compiler ABI info - done
[0.970s] -- Check for working CXX compiler: /usr/bin/c++ - skipped
[0.971s] -- Detecting CXX compile features
[0.971s] -- Detecting CXX compile features - done
[0.974s] -- Found ament_cmake: 1.3.5 (/opt/ros/humble/share/ament_cmake/cmake)
[1.191s] -- Found Python3: /home/absolutezeno/isaaclab/bin/python3.10 (found version "3.10.12") found components: Interpreter 
[1.309s] Traceback (most recent call last):
[1.309s]   File "/opt/ros/humble/share/ament_cmake_core/cmake/core/package_xml_2_cmake.py", line 22, in <module>
[1.309s]     from catkin_pkg.package import parse_package_string
[1.309s] ModuleNotFoundError: No module named 'catkin_pkg'
[1.312s] [31mCMake Error at /opt/ros/humble/share/ament_cmake_core/cmake/core/ament_package_xml.cmake:95 (message):
[1.312s]   execute_process(/home/absolutezeno/isaaclab/bin/python3.10
[1.312s]   /opt/ros/humble/share/ament_cmake_core/cmake/core/package_xml_2_cmake.py
[1.312s]   /home/absolutezeno/Auto-BT-Generation/src/navigation/iw_hub_navigation/package.xml
[1.312s]   /home/absolutezeno/Auto-BT-Generation/build/iw_hub_navigation/ament_cmake_core/package.cmake)
[1.312s]   returned error code 1
[1.312s] Call Stack (most recent call first):
[1.312s]   /opt/ros/humble/share/ament_cmake_core/cmake/core/ament_package_xml.cmake:49 (_ament_package_xml)
[1.312s]   /opt/ros/humble/share/ament_cmake_core/cmake/core/ament_package.cmake:63 (ament_package_xml)
[1.312s]   CMakeLists.txt:13 (ament_package)
[1.312s] 
[1.312s] [0m
[1.312s] -- Configuring incomplete, errors occurred!
[1.312s] See also "/home/absolutezeno/Auto-BT-Generation/build/iw_hub_navigation/CMakeFiles/CMakeOutput.log".
