[0.834s] Invoking command in '/home/absolutezeno/Auto-BT-Generation/build/turtlebot3_cartographer': CMAKE_PREFIX_PATH=${CMAKE_PREFIX_PATH}:/home/absolutezeno/Auto-BT-Generation/install/py_trees_ros_viewer:/home/absolutezeno/Auto-BT-Generation/install/py_trees_ros_tutorials:/home/absolutezeno/Auto-BT-Generation/install/py_trees_ros:/home/absolutezeno/FRA501/install/rqt_joint_trajectory_controller:/home/absolutezeno/FRA501/install/rqt_controller_manager:/home/absolutezeno/FRA501/install/ros2controlcli:/home/absolutezeno/FRA501/install/ros2_controllers_test_nodes:/opt/ros/humble PS1=(isaaclab) \[\e]0;\u@\h: \w\a\]${debian_chroot:+($debian_chroot)}\[\033[01;32m\]\u@\h\[\033[00m\]:\[\033[01;34m\]\w\[\033[00m\]\$ VIRTUAL_ENV_PROMPT=(isaaclab) /usr/bin/cmake --build /home/absolutezeno/Auto-BT-Generation/build/turtlebot3_cartographer -- -j20 -l20
[1.699s] Invoked command in '/home/absolutezeno/Auto-BT-Generation/build/turtlebot3_cartographer' returned '0': CMAKE_PREFIX_PATH=${CMAKE_PREFIX_PATH}:/home/absolutezeno/Auto-BT-Generation/install/py_trees_ros_viewer:/home/absolutezeno/Auto-BT-Generation/install/py_trees_ros_tutorials:/home/absolutezeno/Auto-BT-Generation/install/py_trees_ros:/home/absolutezeno/FRA501/install/rqt_joint_trajectory_controller:/home/absolutezeno/FRA501/install/rqt_controller_manager:/home/absolutezeno/FRA501/install/ros2controlcli:/home/absolutezeno/FRA501/install/ros2_controllers_test_nodes:/opt/ros/humble PS1=(isaaclab) \[\e]0;\u@\h: \w\a\]${debian_chroot:+($debian_chroot)}\[\033[01;32m\]\u@\h\[\033[00m\]:\[\033[01;34m\]\w\[\033[00m\]\$ VIRTUAL_ENV_PROMPT=(isaaclab) /usr/bin/cmake --build /home/absolutezeno/Auto-BT-Generation/build/turtlebot3_cartographer -- -j20 -l20
[1.724s] Invoking command in '/home/absolutezeno/Auto-BT-Generation/build/turtlebot3_cartographer': CMAKE_PREFIX_PATH=${CMAKE_PREFIX_PATH}:/home/absolutezeno/Auto-BT-Generation/install/py_trees_ros_viewer:/home/absolutezeno/Auto-BT-Generation/install/py_trees_ros_tutorials:/home/absolutezeno/Auto-BT-Generation/install/py_trees_ros:/home/absolutezeno/FRA501/install/rqt_joint_trajectory_controller:/home/absolutezeno/FRA501/install/rqt_controller_manager:/home/absolutezeno/FRA501/install/ros2controlcli:/home/absolutezeno/FRA501/install/ros2_controllers_test_nodes:/opt/ros/humble PS1=(isaaclab) \[\e]0;\u@\h: \w\a\]${debian_chroot:+($debian_chroot)}\[\033[01;32m\]\u@\h\[\033[00m\]:\[\033[01;34m\]\w\[\033[00m\]\$ VIRTUAL_ENV_PROMPT=(isaaclab) /usr/bin/cmake --install /home/absolutezeno/Auto-BT-Generation/build/turtlebot3_cartographer
[1.731s] -- Install configuration: ""
[1.733s] -- Up-to-date: /home/absolutezeno/Auto-BT-Generation/install/turtlebot3_cartographer/share/turtlebot3_cartographer/config
[1.733s] -- Up-to-date: /home/absolutezeno/Auto-BT-Generation/install/turtlebot3_cartographer/share/turtlebot3_cartographer/config/turtlebot3_lds_2d.lua
[1.733s] -- Up-to-date: /home/absolutezeno/Auto-BT-Generation/install/turtlebot3_cartographer/share/turtlebot3_cartographer/launch
[1.733s] -- Up-to-date: /home/absolutezeno/Auto-BT-Generation/install/turtlebot3_cartographer/share/turtlebot3_cartographer/launch/cartographer.launch.py
[1.734s] -- Up-to-date: /home/absolutezeno/Auto-BT-Generation/install/turtlebot3_cartographer/share/turtlebot3_cartographer/launch/occupancy_grid.launch.py
[1.734s] -- Up-to-date: /home/absolutezeno/Auto-BT-Generation/install/turtlebot3_cartographer/share/turtlebot3_cartographer/rviz
[1.734s] -- Up-to-date: /home/absolutezeno/Auto-BT-Generation/install/turtlebot3_cartographer/share/turtlebot3_cartographer/rviz/tb3_cartographer.rviz
[1.734s] -- Up-to-date: /home/absolutezeno/Auto-BT-Generation/install/turtlebot3_cartographer/share/ament_index/resource_index/package_run_dependencies/turtlebot3_cartographer
[1.734s] -- Up-to-date: /home/absolutezeno/Auto-BT-Generation/install/turtlebot3_cartographer/share/ament_index/resource_index/parent_prefix_path/turtlebot3_cartographer
[1.734s] -- Up-to-date: /home/absolutezeno/Auto-BT-Generation/install/turtlebot3_cartographer/share/turtlebot3_cartographer/environment/ament_prefix_path.sh
[1.734s] -- Up-to-date: /home/absolutezeno/Auto-BT-Generation/install/turtlebot3_cartographer/share/turtlebot3_cartographer/environment/ament_prefix_path.dsv
[1.735s] -- Up-to-date: /home/absolutezeno/Auto-BT-Generation/install/turtlebot3_cartographer/share/turtlebot3_cartographer/environment/path.sh
[1.735s] -- Up-to-date: /home/absolutezeno/Auto-BT-Generation/install/turtlebot3_cartographer/share/turtlebot3_cartographer/environment/path.dsv
[1.735s] -- Up-to-date: /home/absolutezeno/Auto-BT-Generation/install/turtlebot3_cartographer/share/turtlebot3_cartographer/local_setup.bash
[1.735s] -- Up-to-date: /home/absolutezeno/Auto-BT-Generation/install/turtlebot3_cartographer/share/turtlebot3_cartographer/local_setup.sh
[1.735s] -- Up-to-date: /home/absolutezeno/Auto-BT-Generation/install/turtlebot3_cartographer/share/turtlebot3_cartographer/local_setup.zsh
[1.735s] -- Up-to-date: /home/absolutezeno/Auto-BT-Generation/install/turtlebot3_cartographer/share/turtlebot3_cartographer/local_setup.dsv
[1.735s] -- Up-to-date: /home/absolutezeno/Auto-BT-Generation/install/turtlebot3_cartographer/share/turtlebot3_cartographer/package.dsv
[1.735s] -- Up-to-date: /home/absolutezeno/Auto-BT-Generation/install/turtlebot3_cartographer/share/ament_index/resource_index/packages/turtlebot3_cartographer
[1.736s] -- Up-to-date: /home/absolutezeno/Auto-BT-Generation/install/turtlebot3_cartographer/share/turtlebot3_cartographer/cmake/turtlebot3_cartographerConfig.cmake
[1.736s] -- Up-to-date: /home/absolutezeno/Auto-BT-Generation/install/turtlebot3_cartographer/share/turtlebot3_cartographer/cmake/turtlebot3_cartographerConfig-version.cmake
[1.736s] -- Up-to-date: /home/absolutezeno/Auto-BT-Generation/install/turtlebot3_cartographer/share/turtlebot3_cartographer/package.xml
[1.817s] Invoked command in '/home/absolutezeno/Auto-BT-Generation/build/turtlebot3_cartographer' returned '0': CMAKE_PREFIX_PATH=${CMAKE_PREFIX_PATH}:/home/absolutezeno/Auto-BT-Generation/install/py_trees_ros_viewer:/home/absolutezeno/Auto-BT-Generation/install/py_trees_ros_tutorials:/home/absolutezeno/Auto-BT-Generation/install/py_trees_ros:/home/absolutezeno/FRA501/install/rqt_joint_trajectory_controller:/home/absolutezeno/FRA501/install/rqt_controller_manager:/home/absolutezeno/FRA501/install/ros2controlcli:/home/absolutezeno/FRA501/install/ros2_controllers_test_nodes:/opt/ros/humble PS1=(isaaclab) \[\e]0;\u@\h: \w\a\]${debian_chroot:+($debian_chroot)}\[\033[01;32m\]\u@\h\[\033[00m\]:\[\033[01;34m\]\w\[\033[00m\]\$ VIRTUAL_ENV_PROMPT=(isaaclab) /usr/bin/cmake --install /home/absolutezeno/Auto-BT-Generation/build/turtlebot3_cartographer
