/home/absolutezeno/Auto-BT-Generation/src/py_trees_ros_tutorials/setup.py:5: DeprecationWarning: The distutils package is deprecated and slated for removal in Python 3.12. Use setuptools or check PEP 632 for potential alternatives
  from distutils import log
running egg_info
creating ../../build/py_trees_ros_tutorials/py_trees_ros_tutorials.egg-info
writing ../../build/py_trees_ros_tutorials/py_trees_ros_tutorials.egg-info/PKG-INFO
writing dependency_links to ../../build/py_trees_ros_tutorials/py_trees_ros_tutorials.egg-info/dependency_links.txt
writing entry points to ../../build/py_trees_ros_tutorials/py_trees_ros_tutorials.egg-info/entry_points.txt
writing top-level names to ../../build/py_trees_ros_tutorials/py_trees_ros_tutorials.egg-info/top_level.txt
writing manifest file '../../build/py_trees_ros_tutorials/py_trees_ros_tutorials.egg-info/SOURCES.txt'
reading manifest file '../../build/py_trees_ros_tutorials/py_trees_ros_tutorials.egg-info/SOURCES.txt'
adding license file 'LICENSE'
writing manifest file '../../build/py_trees_ros_tutorials/py_trees_ros_tutorials.egg-info/SOURCES.txt'
running build
running build_py
creating /home/absolutezeno/Auto-BT-Generation/build/py_trees_ros_tutorials/build
creating /home/absolutezeno/Auto-BT-Generation/build/py_trees_ros_tutorials/build/lib
creating /home/absolutezeno/Auto-BT-Generation/build/py_trees_ros_tutorials/build/lib/py_trees_ros_tutorials
copying py_trees_ros_tutorials/eight_dynamic_application_loading.py -> /home/absolutezeno/Auto-BT-Generation/build/py_trees_ros_tutorials/build/lib/py_trees_ros_tutorials
copying py_trees_ros_tutorials/two_battery_check.py -> /home/absolutezeno/Auto-BT-Generation/build/py_trees_ros_tutorials/build/lib/py_trees_ros_tutorials
copying py_trees_ros_tutorials/seven_docking_cancelling_failing.py -> /home/absolutezeno/Auto-BT-Generation/build/py_trees_ros_tutorials/build/lib/py_trees_ros_tutorials
copying py_trees_ros_tutorials/six_context_switching.py -> /home/absolutezeno/Auto-BT-Generation/build/py_trees_ros_tutorials/build/lib/py_trees_ros_tutorials
copying py_trees_ros_tutorials/five_action_clients.py -> /home/absolutezeno/Auto-BT-Generation/build/py_trees_ros_tutorials/build/lib/py_trees_ros_tutorials
copying py_trees_ros_tutorials/version.py -> /home/absolutezeno/Auto-BT-Generation/build/py_trees_ros_tutorials/build/lib/py_trees_ros_tutorials
copying py_trees_ros_tutorials/one_data_gathering.py -> /home/absolutezeno/Auto-BT-Generation/build/py_trees_ros_tutorials/build/lib/py_trees_ros_tutorials
copying py_trees_ros_tutorials/__init__.py -> /home/absolutezeno/Auto-BT-Generation/build/py_trees_ros_tutorials/build/lib/py_trees_ros_tutorials
copying py_trees_ros_tutorials/behaviours.py -> /home/absolutezeno/Auto-BT-Generation/build/py_trees_ros_tutorials/build/lib/py_trees_ros_tutorials
creating /home/absolutezeno/Auto-BT-Generation/build/py_trees_ros_tutorials/build/lib/py_trees_ros_tutorials/mock
copying py_trees_ros_tutorials/mock/actions.py -> /home/absolutezeno/Auto-BT-Generation/build/py_trees_ros_tutorials/build/lib/py_trees_ros_tutorials/mock
copying py_trees_ros_tutorials/mock/safety_sensors.py -> /home/absolutezeno/Auto-BT-Generation/build/py_trees_ros_tutorials/build/lib/py_trees_ros_tutorials/mock
copying py_trees_ros_tutorials/mock/rotate.py -> /home/absolutezeno/Auto-BT-Generation/build/py_trees_ros_tutorials/build/lib/py_trees_ros_tutorials/mock
copying py_trees_ros_tutorials/mock/battery.py -> /home/absolutezeno/Auto-BT-Generation/build/py_trees_ros_tutorials/build/lib/py_trees_ros_tutorials/mock
copying py_trees_ros_tutorials/mock/led_strip.py -> /home/absolutezeno/Auto-BT-Generation/build/py_trees_ros_tutorials/build/lib/py_trees_ros_tutorials/mock
copying py_trees_ros_tutorials/mock/move_base.py -> /home/absolutezeno/Auto-BT-Generation/build/py_trees_ros_tutorials/build/lib/py_trees_ros_tutorials/mock
copying py_trees_ros_tutorials/mock/dashboard.py -> /home/absolutezeno/Auto-BT-Generation/build/py_trees_ros_tutorials/build/lib/py_trees_ros_tutorials/mock
copying py_trees_ros_tutorials/mock/__init__.py -> /home/absolutezeno/Auto-BT-Generation/build/py_trees_ros_tutorials/build/lib/py_trees_ros_tutorials/mock
copying py_trees_ros_tutorials/mock/launch.py -> /home/absolutezeno/Auto-BT-Generation/build/py_trees_ros_tutorials/build/lib/py_trees_ros_tutorials/mock
copying py_trees_ros_tutorials/mock/dock.py -> /home/absolutezeno/Auto-BT-Generation/build/py_trees_ros_tutorials/build/lib/py_trees_ros_tutorials/mock
/usr/lib/python3/dist-packages/setuptools/command/install.py:34: SetuptoolsDeprecationWarning: setup.py install is deprecated. Use build and pip and other standards-based tools.
  warnings.warn(
creating /home/absolutezeno/Auto-BT-Generation/build/py_trees_ros_tutorials/build/lib/py_trees_ros_tutorials/mock/gui
copying py_trees_ros_tutorials/mock/gui/dashboard_group_box_ui.py -> /home/absolutezeno/Auto-BT-Generation/build/py_trees_ros_tutorials/build/lib/py_trees_ros_tutorials/mock/gui
copying py_trees_ros_tutorials/mock/gui/main_window_ui.py -> /home/absolutezeno/Auto-BT-Generation/build/py_trees_ros_tutorials/build/lib/py_trees_ros_tutorials/mock/gui
copying py_trees_ros_tutorials/mock/gui/dashboard_group_box.py -> /home/absolutezeno/Auto-BT-Generation/build/py_trees_ros_tutorials/build/lib/py_trees_ros_tutorials/mock/gui
copying py_trees_ros_tutorials/mock/gui/configuration_group_box.py -> /home/absolutezeno/Auto-BT-Generation/build/py_trees_ros_tutorials/build/lib/py_trees_ros_tutorials/mock/gui
copying py_trees_ros_tutorials/mock/gui/main_window_rc.py -> /home/absolutezeno/Auto-BT-Generation/build/py_trees_ros_tutorials/build/lib/py_trees_ros_tutorials/mock/gui
copying py_trees_ros_tutorials/mock/gui/__init__.py -> /home/absolutezeno/Auto-BT-Generation/build/py_trees_ros_tutorials/build/lib/py_trees_ros_tutorials/mock/gui
copying py_trees_ros_tutorials/mock/gui/configuration_group_box_ui.py -> /home/absolutezeno/Auto-BT-Generation/build/py_trees_ros_tutorials/build/lib/py_trees_ros_tutorials/mock/gui
copying py_trees_ros_tutorials/mock/gui/main_window.py -> /home/absolutezeno/Auto-BT-Generation/build/py_trees_ros_tutorials/build/lib/py_trees_ros_tutorials/mock/gui
copying py_trees_ros_tutorials/mock/gui/main_window.ui -> /home/absolutezeno/Auto-BT-Generation/build/py_trees_ros_tutorials/build/lib/py_trees_ros_tutorials/mock/gui
copying py_trees_ros_tutorials/mock/gui/tuxrobot.png -> /home/absolutezeno/Auto-BT-Generation/build/py_trees_ros_tutorials/build/lib/py_trees_ros_tutorials/mock/gui
copying py_trees_ros_tutorials/mock/gui/configuration_group_box.ui -> /home/absolutezeno/Auto-BT-Generation/build/py_trees_ros_tutorials/build/lib/py_trees_ros_tutorials/mock/gui
copying py_trees_ros_tutorials/mock/gui/gen.bash -> /home/absolutezeno/Auto-BT-Generation/build/py_trees_ros_tutorials/build/lib/py_trees_ros_tutorials/mock/gui
copying py_trees_ros_tutorials/mock/gui/dashboard_group_box.ui -> /home/absolutezeno/Auto-BT-Generation/build/py_trees_ros_tutorials/build/lib/py_trees_ros_tutorials/mock/gui
copying py_trees_ros_tutorials/mock/gui/main_window.qrc -> /home/absolutezeno/Auto-BT-Generation/build/py_trees_ros_tutorials/build/lib/py_trees_ros_tutorials/mock/gui
running install
redirecting scripts
  from: /home/absolutezeno/Auto-BT-Generation/install/py_trees_ros_tutorials/bin
    to: /home/absolutezeno/Auto-BT-Generation/install/py_trees_ros_tutorials/lib/py_trees_ros_tutorials
running install_lib
creating /home/absolutezeno/Auto-BT-Generation/install/py_trees_ros_tutorials/lib/python3.10/site-packages/py_trees_ros_tutorials
copying /home/absolutezeno/Auto-BT-Generation/build/py_trees_ros_tutorials/build/lib/py_trees_ros_tutorials/eight_dynamic_application_loading.py -> /home/absolutezeno/Auto-BT-Generation/install/py_trees_ros_tutorials/lib/python3.10/site-packages/py_trees_ros_tutorials
copying /home/absolutezeno/Auto-BT-Generation/build/py_trees_ros_tutorials/build/lib/py_trees_ros_tutorials/two_battery_check.py -> /home/absolutezeno/Auto-BT-Generation/install/py_trees_ros_tutorials/lib/python3.10/site-packages/py_trees_ros_tutorials
copying /home/absolutezeno/Auto-BT-Generation/build/py_trees_ros_tutorials/build/lib/py_trees_ros_tutorials/seven_docking_cancelling_failing.py -> /home/absolutezeno/Auto-BT-Generation/install/py_trees_ros_tutorials/lib/python3.10/site-packages/py_trees_ros_tutorials
copying /home/absolutezeno/Auto-BT-Generation/build/py_trees_ros_tutorials/build/lib/py_trees_ros_tutorials/six_context_switching.py -> /home/absolutezeno/Auto-BT-Generation/install/py_trees_ros_tutorials/lib/python3.10/site-packages/py_trees_ros_tutorials
copying /home/absolutezeno/Auto-BT-Generation/build/py_trees_ros_tutorials/build/lib/py_trees_ros_tutorials/five_action_clients.py -> /home/absolutezeno/Auto-BT-Generation/install/py_trees_ros_tutorials/lib/python3.10/site-packages/py_trees_ros_tutorials
copying /home/absolutezeno/Auto-BT-Generation/build/py_trees_ros_tutorials/build/lib/py_trees_ros_tutorials/version.py -> /home/absolutezeno/Auto-BT-Generation/install/py_trees_ros_tutorials/lib/python3.10/site-packages/py_trees_ros_tutorials
copying /home/absolutezeno/Auto-BT-Generation/build/py_trees_ros_tutorials/build/lib/py_trees_ros_tutorials/one_data_gathering.py -> /home/absolutezeno/Auto-BT-Generation/install/py_trees_ros_tutorials/lib/python3.10/site-packages/py_trees_ros_tutorials
copying /home/absolutezeno/Auto-BT-Generation/build/py_trees_ros_tutorials/build/lib/py_trees_ros_tutorials/__init__.py -> /home/absolutezeno/Auto-BT-Generation/install/py_trees_ros_tutorials/lib/python3.10/site-packages/py_trees_ros_tutorials
copying /home/absolutezeno/Auto-BT-Generation/build/py_trees_ros_tutorials/build/lib/py_trees_ros_tutorials/behaviours.py -> /home/absolutezeno/Auto-BT-Generation/install/py_trees_ros_tutorials/lib/python3.10/site-packages/py_trees_ros_tutorials
creating /home/absolutezeno/Auto-BT-Generation/install/py_trees_ros_tutorials/lib/python3.10/site-packages/py_trees_ros_tutorials/mock
copying /home/absolutezeno/Auto-BT-Generation/build/py_trees_ros_tutorials/build/lib/py_trees_ros_tutorials/mock/actions.py -> /home/absolutezeno/Auto-BT-Generation/install/py_trees_ros_tutorials/lib/python3.10/site-packages/py_trees_ros_tutorials/mock
copying /home/absolutezeno/Auto-BT-Generation/build/py_trees_ros_tutorials/build/lib/py_trees_ros_tutorials/mock/safety_sensors.py -> /home/absolutezeno/Auto-BT-Generation/install/py_trees_ros_tutorials/lib/python3.10/site-packages/py_trees_ros_tutorials/mock
copying /home/absolutezeno/Auto-BT-Generation/build/py_trees_ros_tutorials/build/lib/py_trees_ros_tutorials/mock/rotate.py -> /home/absolutezeno/Auto-BT-Generation/install/py_trees_ros_tutorials/lib/python3.10/site-packages/py_trees_ros_tutorials/mock
copying /home/absolutezeno/Auto-BT-Generation/build/py_trees_ros_tutorials/build/lib/py_trees_ros_tutorials/mock/battery.py -> /home/absolutezeno/Auto-BT-Generation/install/py_trees_ros_tutorials/lib/python3.10/site-packages/py_trees_ros_tutorials/mock
copying /home/absolutezeno/Auto-BT-Generation/build/py_trees_ros_tutorials/build/lib/py_trees_ros_tutorials/mock/led_strip.py -> /home/absolutezeno/Auto-BT-Generation/install/py_trees_ros_tutorials/lib/python3.10/site-packages/py_trees_ros_tutorials/mock
copying /home/absolutezeno/Auto-BT-Generation/build/py_trees_ros_tutorials/build/lib/py_trees_ros_tutorials/mock/move_base.py -> /home/absolutezeno/Auto-BT-Generation/install/py_trees_ros_tutorials/lib/python3.10/site-packages/py_trees_ros_tutorials/mock
creating /home/absolutezeno/Auto-BT-Generation/install/py_trees_ros_tutorials/lib/python3.10/site-packages/py_trees_ros_tutorials/mock/gui
copying /home/absolutezeno/Auto-BT-Generation/build/py_trees_ros_tutorials/build/lib/py_trees_ros_tutorials/mock/gui/main_window.ui -> /home/absolutezeno/Auto-BT-Generation/install/py_trees_ros_tutorials/lib/python3.10/site-packages/py_trees_ros_tutorials/mock/gui
copying /home/absolutezeno/Auto-BT-Generation/build/py_trees_ros_tutorials/build/lib/py_trees_ros_tutorials/mock/gui/dashboard_group_box_ui.py -> /home/absolutezeno/Auto-BT-Generation/install/py_trees_ros_tutorials/lib/python3.10/site-packages/py_trees_ros_tutorials/mock/gui
copying /home/absolutezeno/Auto-BT-Generation/build/py_trees_ros_tutorials/build/lib/py_trees_ros_tutorials/mock/gui/main_window_ui.py -> /home/absolutezeno/Auto-BT-Generation/install/py_trees_ros_tutorials/lib/python3.10/site-packages/py_trees_ros_tutorials/mock/gui
copying /home/absolutezeno/Auto-BT-Generation/build/py_trees_ros_tutorials/build/lib/py_trees_ros_tutorials/mock/gui/dashboard_group_box.py -> /home/absolutezeno/Auto-BT-Generation/install/py_trees_ros_tutorials/lib/python3.10/site-packages/py_trees_ros_tutorials/mock/gui
copying /home/absolutezeno/Auto-BT-Generation/build/py_trees_ros_tutorials/build/lib/py_trees_ros_tutorials/mock/gui/tuxrobot.png -> /home/absolutezeno/Auto-BT-Generation/install/py_trees_ros_tutorials/lib/python3.10/site-packages/py_trees_ros_tutorials/mock/gui
copying /home/absolutezeno/Auto-BT-Generation/build/py_trees_ros_tutorials/build/lib/py_trees_ros_tutorials/mock/gui/configuration_group_box.py -> /home/absolutezeno/Auto-BT-Generation/install/py_trees_ros_tutorials/lib/python3.10/site-packages/py_trees_ros_tutorials/mock/gui
copying /home/absolutezeno/Auto-BT-Generation/build/py_trees_ros_tutorials/build/lib/py_trees_ros_tutorials/mock/gui/configuration_group_box.ui -> /home/absolutezeno/Auto-BT-Generation/install/py_trees_ros_tutorials/lib/python3.10/site-packages/py_trees_ros_tutorials/mock/gui
copying /home/absolutezeno/Auto-BT-Generation/build/py_trees_ros_tutorials/build/lib/py_trees_ros_tutorials/mock/gui/gen.bash -> /home/absolutezeno/Auto-BT-Generation/install/py_trees_ros_tutorials/lib/python3.10/site-packages/py_trees_ros_tutorials/mock/gui
copying /home/absolutezeno/Auto-BT-Generation/build/py_trees_ros_tutorials/build/lib/py_trees_ros_tutorials/mock/gui/main_window_rc.py -> /home/absolutezeno/Auto-BT-Generation/install/py_trees_ros_tutorials/lib/python3.10/site-packages/py_trees_ros_tutorials/mock/gui
copying /home/absolutezeno/Auto-BT-Generation/build/py_trees_ros_tutorials/build/lib/py_trees_ros_tutorials/mock/gui/__init__.py -> /home/absolutezeno/Auto-BT-Generation/install/py_trees_ros_tutorials/lib/python3.10/site-packages/py_trees_ros_tutorials/mock/gui
copying /home/absolutezeno/Auto-BT-Generation/build/py_trees_ros_tutorials/build/lib/py_trees_ros_tutorials/mock/gui/configuration_group_box_ui.py -> /home/absolutezeno/Auto-BT-Generation/install/py_trees_ros_tutorials/lib/python3.10/site-packages/py_trees_ros_tutorials/mock/gui
copying /home/absolutezeno/Auto-BT-Generation/build/py_trees_ros_tutorials/build/lib/py_trees_ros_tutorials/mock/gui/dashboard_group_box.ui -> /home/absolutezeno/Auto-BT-Generation/install/py_trees_ros_tutorials/lib/python3.10/site-packages/py_trees_ros_tutorials/mock/gui
copying /home/absolutezeno/Auto-BT-Generation/build/py_trees_ros_tutorials/build/lib/py_trees_ros_tutorials/mock/gui/main_window.qrc -> /home/absolutezeno/Auto-BT-Generation/install/py_trees_ros_tutorials/lib/python3.10/site-packages/py_trees_ros_tutorials/mock/gui
copying /home/absolutezeno/Auto-BT-Generation/build/py_trees_ros_tutorials/build/lib/py_trees_ros_tutorials/mock/gui/main_window.py -> /home/absolutezeno/Auto-BT-Generation/install/py_trees_ros_tutorials/lib/python3.10/site-packages/py_trees_ros_tutorials/mock/gui
copying /home/absolutezeno/Auto-BT-Generation/build/py_trees_ros_tutorials/build/lib/py_trees_ros_tutorials/mock/dashboard.py -> /home/absolutezeno/Auto-BT-Generation/install/py_trees_ros_tutorials/lib/python3.10/site-packages/py_trees_ros_tutorials/mock
copying /home/absolutezeno/Auto-BT-Generation/build/py_trees_ros_tutorials/build/lib/py_trees_ros_tutorials/mock/__init__.py -> /home/absolutezeno/Auto-BT-Generation/install/py_trees_ros_tutorials/lib/python3.10/site-packages/py_trees_ros_tutorials/mock
copying /home/absolutezeno/Auto-BT-Generation/build/py_trees_ros_tutorials/build/lib/py_trees_ros_tutorials/mock/launch.py -> /home/absolutezeno/Auto-BT-Generation/install/py_trees_ros_tutorials/lib/python3.10/site-packages/py_trees_ros_tutorials/mock
copying /home/absolutezeno/Auto-BT-Generation/build/py_trees_ros_tutorials/build/lib/py_trees_ros_tutorials/mock/dock.py -> /home/absolutezeno/Auto-BT-Generation/install/py_trees_ros_tutorials/lib/python3.10/site-packages/py_trees_ros_tutorials/mock
byte-compiling /home/absolutezeno/Auto-BT-Generation/install/py_trees_ros_tutorials/lib/python3.10/site-packages/py_trees_ros_tutorials/eight_dynamic_application_loading.py to eight_dynamic_application_loading.cpython-310.pyc
byte-compiling /home/absolutezeno/Auto-BT-Generation/install/py_trees_ros_tutorials/lib/python3.10/site-packages/py_trees_ros_tutorials/two_battery_check.py to two_battery_check.cpython-310.pyc
byte-compiling /home/absolutezeno/Auto-BT-Generation/install/py_trees_ros_tutorials/lib/python3.10/site-packages/py_trees_ros_tutorials/seven_docking_cancelling_failing.py to seven_docking_cancelling_failing.cpython-310.pyc
byte-compiling /home/absolutezeno/Auto-BT-Generation/install/py_trees_ros_tutorials/lib/python3.10/site-packages/py_trees_ros_tutorials/six_context_switching.py to six_context_switching.cpython-310.pyc
byte-compiling /home/absolutezeno/Auto-BT-Generation/install/py_trees_ros_tutorials/lib/python3.10/site-packages/py_trees_ros_tutorials/five_action_clients.py to five_action_clients.cpython-310.pyc
byte-compiling /home/absolutezeno/Auto-BT-Generation/install/py_trees_ros_tutorials/lib/python3.10/site-packages/py_trees_ros_tutorials/version.py to version.cpython-310.pyc
byte-compiling /home/absolutezeno/Auto-BT-Generation/install/py_trees_ros_tutorials/lib/python3.10/site-packages/py_trees_ros_tutorials/one_data_gathering.py to one_data_gathering.cpython-310.pyc
byte-compiling /home/absolutezeno/Auto-BT-Generation/install/py_trees_ros_tutorials/lib/python3.10/site-packages/py_trees_ros_tutorials/__init__.py to __init__.cpython-310.pyc
byte-compiling /home/absolutezeno/Auto-BT-Generation/install/py_trees_ros_tutorials/lib/python3.10/site-packages/py_trees_ros_tutorials/behaviours.py to behaviours.cpython-310.pyc
byte-compiling /home/absolutezeno/Auto-BT-Generation/install/py_trees_ros_tutorials/lib/python3.10/site-packages/py_trees_ros_tutorials/mock/actions.py to actions.cpython-310.pyc
byte-compiling /home/absolutezeno/Auto-BT-Generation/install/py_trees_ros_tutorials/lib/python3.10/site-packages/py_trees_ros_tutorials/mock/safety_sensors.py to safety_sensors.cpython-310.pyc
byte-compiling /home/absolutezeno/Auto-BT-Generation/install/py_trees_ros_tutorials/lib/python3.10/site-packages/py_trees_ros_tutorials/mock/rotate.py to rotate.cpython-310.pyc
byte-compiling /home/absolutezeno/Auto-BT-Generation/install/py_trees_ros_tutorials/lib/python3.10/site-packages/py_trees_ros_tutorials/mock/battery.py to battery.cpython-310.pyc
byte-compiling /home/absolutezeno/Auto-BT-Generation/install/py_trees_ros_tutorials/lib/python3.10/site-packages/py_trees_ros_tutorials/mock/led_strip.py to led_strip.cpython-310.pyc
byte-compiling /home/absolutezeno/Auto-BT-Generation/install/py_trees_ros_tutorials/lib/python3.10/site-packages/py_trees_ros_tutorials/mock/move_base.py to move_base.cpython-310.pyc
byte-compiling /home/absolutezeno/Auto-BT-Generation/install/py_trees_ros_tutorials/lib/python3.10/site-packages/py_trees_ros_tutorials/mock/gui/dashboard_group_box_ui.py to dashboard_group_box_ui.cpython-310.pyc
byte-compiling /home/absolutezeno/Auto-BT-Generation/install/py_trees_ros_tutorials/lib/python3.10/site-packages/py_trees_ros_tutorials/mock/gui/main_window_ui.py to main_window_ui.cpython-310.pyc
byte-compiling /home/absolutezeno/Auto-BT-Generation/install/py_trees_ros_tutorials/lib/python3.10/site-packages/py_trees_ros_tutorials/mock/gui/dashboard_group_box.py to dashboard_group_box.cpython-310.pyc
byte-compiling /home/absolutezeno/Auto-BT-Generation/install/py_trees_ros_tutorials/lib/python3.10/site-packages/py_trees_ros_tutorials/mock/gui/configuration_group_box.py to configuration_group_box.cpython-310.pyc
byte-compiling /home/absolutezeno/Auto-BT-Generation/install/py_trees_ros_tutorials/lib/python3.10/site-packages/py_trees_ros_tutorials/mock/gui/main_window_rc.py to main_window_rc.cpython-310.pyc
byte-compiling /home/absolutezeno/Auto-BT-Generation/install/py_trees_ros_tutorials/lib/python3.10/site-packages/py_trees_ros_tutorials/mock/gui/__init__.py to __init__.cpython-310.pyc
byte-compiling /home/absolutezeno/Auto-BT-Generation/install/py_trees_ros_tutorials/lib/python3.10/site-packages/py_trees_ros_tutorials/mock/gui/configuration_group_box_ui.py to configuration_group_box_ui.cpython-310.pyc
byte-compiling /home/absolutezeno/Auto-BT-Generation/install/py_trees_ros_tutorials/lib/python3.10/site-packages/py_trees_ros_tutorials/mock/gui/main_window.py to main_window.cpython-310.pyc
byte-compiling /home/absolutezeno/Auto-BT-Generation/install/py_trees_ros_tutorials/lib/python3.10/site-packages/py_trees_ros_tutorials/mock/dashboard.py to dashboard.cpython-310.pyc
byte-compiling /home/absolutezeno/Auto-BT-Generation/install/py_trees_ros_tutorials/lib/python3.10/site-packages/py_trees_ros_tutorials/mock/__init__.py to __init__.cpython-310.pyc
byte-compiling /home/absolutezeno/Auto-BT-Generation/install/py_trees_ros_tutorials/lib/python3.10/site-packages/py_trees_ros_tutorials/mock/launch.py to launch.cpython-310.pyc
byte-compiling /home/absolutezeno/Auto-BT-Generation/install/py_trees_ros_tutorials/lib/python3.10/site-packages/py_trees_ros_tutorials/mock/dock.py to dock.cpython-310.pyc
running install_data
copying package.xml -> /home/absolutezeno/Auto-BT-Generation/install/py_trees_ros_tutorials/share/py_trees_ros_tutorials
creating /home/absolutezeno/Auto-BT-Generation/install/py_trees_ros_tutorials/share/ament_index
creating /home/absolutezeno/Auto-BT-Generation/install/py_trees_ros_tutorials/share/ament_index/resource_index
creating /home/absolutezeno/Auto-BT-Generation/install/py_trees_ros_tutorials/share/ament_index/resource_index/packages
copying resources/py_trees_ros_tutorials -> /home/absolutezeno/Auto-BT-Generation/install/py_trees_ros_tutorials/share/ament_index/resource_index/packages
creating /home/absolutezeno/Auto-BT-Generation/install/py_trees_ros_tutorials/share/py_trees_ros_tutorials/launch
copying launch/tutorial_two_battery_check_launch.py -> /home/absolutezeno/Auto-BT-Generation/install/py_trees_ros_tutorials/share/py_trees_ros_tutorials/launch
copying launch/tutorial_four_introspect_the_tree_launch.py -> /home/absolutezeno/Auto-BT-Generation/install/py_trees_ros_tutorials/share/py_trees_ros_tutorials/launch
copying launch/tutorial_five_action_clients_launch.py -> /home/absolutezeno/Auto-BT-Generation/install/py_trees_ros_tutorials/share/py_trees_ros_tutorials/launch
copying launch/tutorial_three_introspect_the_blackboard_launch.py -> /home/absolutezeno/Auto-BT-Generation/install/py_trees_ros_tutorials/share/py_trees_ros_tutorials/launch
copying launch/mock_robot_launch.py -> /home/absolutezeno/Auto-BT-Generation/install/py_trees_ros_tutorials/share/py_trees_ros_tutorials/launch
copying launch/tutorial_seven_docking_cancelling_failing_launch.py -> /home/absolutezeno/Auto-BT-Generation/install/py_trees_ros_tutorials/share/py_trees_ros_tutorials/launch
copying launch/tutorial_eight_dynamic_application_loading_launch.py -> /home/absolutezeno/Auto-BT-Generation/install/py_trees_ros_tutorials/share/py_trees_ros_tutorials/launch
copying launch/tutorial_six_context_switching_launch.py -> /home/absolutezeno/Auto-BT-Generation/install/py_trees_ros_tutorials/share/py_trees_ros_tutorials/launch
copying launch/tutorial_one_data_gathering_launch.py -> /home/absolutezeno/Auto-BT-Generation/install/py_trees_ros_tutorials/share/py_trees_ros_tutorials/launch
running install_egg_info
Copying ../../build/py_trees_ros_tutorials/py_trees_ros_tutorials.egg-info to /home/absolutezeno/Auto-BT-Generation/install/py_trees_ros_tutorials/lib/python3.10/site-packages/py_trees_ros_tutorials-2.1.0-py3.10.egg-info
running install_scripts
Installing mock-battery script to /home/absolutezeno/Auto-BT-Generation/install/py_trees_ros_tutorials/lib/py_trees_ros_tutorials
Installing mock-dashboard script to /home/absolutezeno/Auto-BT-Generation/install/py_trees_ros_tutorials/lib/py_trees_ros_tutorials
Installing mock-dock-client script to /home/absolutezeno/Auto-BT-Generation/install/py_trees_ros_tutorials/lib/py_trees_ros_tutorials
Installing mock-docking-controller script to /home/absolutezeno/Auto-BT-Generation/install/py_trees_ros_tutorials/lib/py_trees_ros_tutorials
Installing mock-led-strip script to /home/absolutezeno/Auto-BT-Generation/install/py_trees_ros_tutorials/lib/py_trees_ros_tutorials
Installing mock-move-base script to /home/absolutezeno/Auto-BT-Generation/install/py_trees_ros_tutorials/lib/py_trees_ros_tutorials
Installing mock-move-base-client script to /home/absolutezeno/Auto-BT-Generation/install/py_trees_ros_tutorials/lib/py_trees_ros_tutorials
Installing mock-rotate-client script to /home/absolutezeno/Auto-BT-Generation/install/py_trees_ros_tutorials/lib/py_trees_ros_tutorials
Installing mock-rotation-controller script to /home/absolutezeno/Auto-BT-Generation/install/py_trees_ros_tutorials/lib/py_trees_ros_tutorials
Installing mock-safety-sensors script to /home/absolutezeno/Auto-BT-Generation/install/py_trees_ros_tutorials/lib/py_trees_ros_tutorials
Installing tree-action-clients script to /home/absolutezeno/Auto-BT-Generation/install/py_trees_ros_tutorials/lib/py_trees_ros_tutorials
Installing tree-battery-check script to /home/absolutezeno/Auto-BT-Generation/install/py_trees_ros_tutorials/lib/py_trees_ros_tutorials
Installing tree-context-switching script to /home/absolutezeno/Auto-BT-Generation/install/py_trees_ros_tutorials/lib/py_trees_ros_tutorials
Installing tree-data-gathering script to /home/absolutezeno/Auto-BT-Generation/install/py_trees_ros_tutorials/lib/py_trees_ros_tutorials
Installing tree-docking-cancelling-failing script to /home/absolutezeno/Auto-BT-Generation/install/py_trees_ros_tutorials/lib/py_trees_ros_tutorials
Installing tree-dynamic-application-loading script to /home/absolutezeno/Auto-BT-Generation/install/py_trees_ros_tutorials/lib/py_trees_ros_tutorials
writing list of installed files to '/home/absolutezeno/Auto-BT-Generation/build/py_trees_ros_tutorials/install.log'
