[1.412s] Invoking command in '/home/absolutezeno/Auto-BT-Generation/src/py_trees_ros_tutorials': AMENT_PREFIX_PATH=/home/absolutezeno/Auto-BT-Generation/install/py_trees_ros:/home/absolutezeno/Auto-BT-Generation/install/turtlebot3:/home/absolutezeno/Auto-BT-Generation/install/turtlebot3_teleop:/home/absolutezeno/Auto-BT-Generation/install/turtlebot3_bringup:/home/absolutezeno/Auto-BT-Generation/install/turtlebot3_node:/home/absolutezeno/Auto-BT-Generation/install/turtlebot3_navigation2:/home/absolutezeno/Auto-BT-Generation/install/turtlebot3_example:/home/absolutezeno/Auto-BT-Generation/install/turtlebot3_description:/home/absolutezeno/Auto-BT-Generation/install/turtlebot3_cartographer:/home/absolutezeno/Auto-BT-Generation/install/py_trees_ros_viewer:/home/absolutezeno/Auto-BT-Generation/install/py_trees_ros_tutorials:/home/absolutezeno/Auto-BT-Generation/install/isaacsim:/home/absolutezeno/Auto-BT-Generation/install/isaac_ros2_messages:/home/absolutezeno/Auto-BT-Generation/install/custom_message:/home/absolutezeno/FRA501/install/turtlesim_plus_interfaces:/home/absolutezeno/FRA501/install/turtlesim_plus:/home/absolutezeno/FRA501/install/turtlesim_interfaces:/home/absolutezeno/FRA501/install/turtlesim_control:/home/absolutezeno/FRA501/install/ros2_control:/home/absolutezeno/FRA501/install/transmission_interface:/home/absolutezeno/FRA501/install/rqt_joint_trajectory_controller:/home/absolutezeno/FRA501/install/rqt_controller_manager:/home/absolutezeno/FRA501/install/ros2controlcli:/home/absolutezeno/FRA501/install/ros2_controllers_test_nodes:/home/absolutezeno/FRA501/install/controller_manager:/home/absolutezeno/FRA501/install/ros2_control_test_assets:/home/absolutezeno/FRA501/install/ros2_control_demo_description:/home/absolutezeno/FRA501/install/control_toolbox:/home/absolutezeno/FRA501/install/realtime_tools:/home/absolutezeno/FRA501/install/noob_description:/home/absolutezeno/FRA501/install/my_controller_interface:/home/absolutezeno/FRA501/install/my_controller:/home/absolutezeno/FRA501/install/kinematics_interface_kdl:/home/absolutezeno/FRA501/install/kinematics_interface:/home/absolutezeno/FRA501/install/joint_limits:/home/absolutezeno/FRA501/install/controller_interface:/home/absolutezeno/FRA501/install/hardware_interface:/home/absolutezeno/FRA501/install/example_description:/home/absolutezeno/FRA501/install/controller_manager_msgs:/home/absolutezeno/FRA501/install/control_msgs:/home/absolutezeno/FRA501_simulation/install/example_description:/home/absolutezeno/FRA501_HardwareInterface/install/xicro_pkg:/home/absolutezeno/FRA501_HardwareInterface/install/xicro_interfaces:/home/absolutezeno/FRA501_HardwareInterface/install/software_integration:/home/absolutezeno/FRA501_exam1/install/turtlesim_plus_interfaces:/home/absolutezeno/FRA501_exam1/install/turtlesim_plus_control_interfaces:/home/absolutezeno/FRA501_exam1/install/turtlesim_plus_control:/home/absolutezeno/FRA501_exam1/install/turtlesim_plus:/home/absolutezeno/FRA501_project/install/read_sensor:/home/absolutezeno/FRA501_project/install/motor_control:/home/absolutezeno/FRA501_project/install/input:/home/absolutezeno/FRA501_project/install/balegce_gazebo:/home/absolutezeno/FRA501_project/install/balegce_controller:/home/absolutezeno/FRA501_project/install/balegce:/opt/ros/humble PATH=/home/absolutezeno/Auto-BT-Generation/install/py_trees_ros/bin:/home/absolutezeno/Auto-BT-Generation/install/py_trees_ros_viewer/bin:/opt/ros/humble/bin:/home/absolutezeno/.local/bin:/usr/local/sbin:/usr/local/bin:/usr/sbin:/usr/bin:/sbin:/bin:/usr/games:/usr/local/games:/snap/bin:/snap/bin PYTHONPATH=/home/absolutezeno/Auto-BT-Generation/build/py_trees_ros_tutorials/prefix_override:/home/absolutezeno/Auto-BT-Generation/install/py_trees_ros_tutorials/lib/python3.10/site-packages:/home/absolutezeno/Auto-BT-Generation/install/py_trees_ros/lib/python3.10/site-packages:/home/absolutezeno/Auto-BT-Generation/install/turtlebot3_teleop/lib/python3.10/site-packages:/home/absolutezeno/Auto-BT-Generation/install/turtlebot3_example/lib/python3.10/site-packages:/home/absolutezeno/Auto-BT-Generation/install/py_trees_ros_viewer/lib/python3.10/site-packages:/home/absolutezeno/Auto-BT-Generation/install/py_trees_ros_tutorials/lib/python3.10/site-packages:/home/absolutezeno/Auto-BT-Generation/install/isaac_ros2_messages/lib/python3.10/site-packages:/home/absolutezeno/Auto-BT-Generation/install/custom_message/lib/python3.10/site-packages:/home/absolutezeno/Auto-BT-Generation/install/autogen_bt/lib/python3.10/site-packages:/home/absolutezeno/FRA501/install/turtlesim_plus_interfaces/local/lib/python3.10/dist-packages:/home/absolutezeno/FRA501/install/turtlesim_plus/local/lib/python3.10/dist-packages:/home/absolutezeno/FRA501/install/turtlesim_interfaces/local/lib/python3.10/dist-packages:/home/absolutezeno/FRA501/install/turtlesim_control/local/lib/python3.10/dist-packages:/home/absolutezeno/FRA501/install/rqt_joint_trajectory_controller/lib/python3.10/site-packages:/home/absolutezeno/FRA501/install/rqt_controller_manager/lib/python3.10/site-packages:/home/absolutezeno/FRA501/install/ros2controlcli/lib/python3.10/site-packages:/home/absolutezeno/FRA501/install/ros2_controllers_test_nodes/lib/python3.10/site-packages:/home/absolutezeno/FRA501/install/controller_manager/local/lib/python3.10/dist-packages:/home/absolutezeno/FRA501/install/noob_description/local/lib/python3.10/dist-packages:/home/absolutezeno/FRA501/install/my_controller_interface/local/lib/python3.10/dist-packages:/home/absolutezeno/FRA501/install/my_controller/local/lib/python3.10/dist-packages:/home/absolutezeno/FRA501/install/example_description/local/lib/python3.10/dist-packages:/home/absolutezeno/FRA501/install/controller_manager_msgs/local/lib/python3.10/dist-packages:/home/absolutezeno/FRA501/install/control_msgs/local/lib/python3.10/dist-packages:/home/absolutezeno/FRA501_simulation/install/example_description/local/lib/python3.10/dist-packages:/home/absolutezeno/FRA501_HardwareInterface/install/xicro_pkg/local/lib/python3.10/dist-packages:/home/absolutezeno/FRA501_HardwareInterface/install/xicro_interfaces/local/lib/python3.10/dist-packages:/home/absolutezeno/FRA501_HardwareInterface/install/software_integration/local/lib/python3.10/dist-packages:/home/absolutezeno/FRA501_exam1/install/turtlesim_plus_interfaces/local/lib/python3.10/dist-packages:/home/absolutezeno/FRA501_exam1/install/turtlesim_plus_control_interfaces/local/lib/python3.10/dist-packages:/home/absolutezeno/FRA501_exam1/install/turtlesim_plus_control/local/lib/python3.10/dist-packages:/home/absolutezeno/FRA501_exam1/install/turtlesim_plus/local/lib/python3.10/dist-packages:/home/absolutezeno/FRA501_project/install/read_sensor/local/lib/python3.10/dist-packages:/home/absolutezeno/FRA501_project/install/motor_control/local/lib/python3.10/dist-packages:/home/absolutezeno/FRA501_project/install/input/local/lib/python3.10/dist-packages:/home/absolutezeno/FRA501_project/install/balegce_gazebo/local/lib/python3.10/dist-packages:/home/absolutezeno/FRA501_project/install/balegce_controller/local/lib/python3.10/dist-packages:/home/absolutezeno/FRA501_project/install/balegce/local/lib/python3.10/dist-packages:/opt/ros/humble/lib/python3.10/site-packages:/opt/ros/humble/local/lib/python3.10/dist-packages /usr/bin/python3 setup.py egg_info --egg-base ../../build/py_trees_ros_tutorials build --build-base /home/absolutezeno/Auto-BT-Generation/build/py_trees_ros_tutorials/build install --record /home/absolutezeno/Auto-BT-Generation/build/py_trees_ros_tutorials/install.log --single-version-externally-managed
[1.450s] /home/absolutezeno/Auto-BT-Generation/src/py_trees_ros_tutorials/setup.py:5: DeprecationWarning: The distutils package is deprecated and slated for removal in Python 3.12. Use setuptools or check PEP 632 for potential alternatives
[1.450s]   from distutils import log
[1.848s] running egg_info
[1.849s] creating ../../build/py_trees_ros_tutorials/py_trees_ros_tutorials.egg-info
[1.849s] writing ../../build/py_trees_ros_tutorials/py_trees_ros_tutorials.egg-info/PKG-INFO
[1.849s] writing dependency_links to ../../build/py_trees_ros_tutorials/py_trees_ros_tutorials.egg-info/dependency_links.txt
[1.851s] writing entry points to ../../build/py_trees_ros_tutorials/py_trees_ros_tutorials.egg-info/entry_points.txt
[1.851s] writing top-level names to ../../build/py_trees_ros_tutorials/py_trees_ros_tutorials.egg-info/top_level.txt
[1.852s] writing manifest file '../../build/py_trees_ros_tutorials/py_trees_ros_tutorials.egg-info/SOURCES.txt'
[1.857s] reading manifest file '../../build/py_trees_ros_tutorials/py_trees_ros_tutorials.egg-info/SOURCES.txt'
[1.858s] adding license file 'LICENSE'
[1.858s] writing manifest file '../../build/py_trees_ros_tutorials/py_trees_ros_tutorials.egg-info/SOURCES.txt'
[1.858s] running build
[1.858s] running build_py
[1.858s] creating /home/absolutezeno/Auto-BT-Generation/build/py_trees_ros_tutorials/build
[1.859s] creating /home/absolutezeno/Auto-BT-Generation/build/py_trees_ros_tutorials/build/lib
[1.859s] creating /home/absolutezeno/Auto-BT-Generation/build/py_trees_ros_tutorials/build/lib/py_trees_ros_tutorials
[1.859s] copying py_trees_ros_tutorials/eight_dynamic_application_loading.py -> /home/absolutezeno/Auto-BT-Generation/build/py_trees_ros_tutorials/build/lib/py_trees_ros_tutorials
[1.859s] copying py_trees_ros_tutorials/two_battery_check.py -> /home/absolutezeno/Auto-BT-Generation/build/py_trees_ros_tutorials/build/lib/py_trees_ros_tutorials
[1.865s] copying py_trees_ros_tutorials/seven_docking_cancelling_failing.py -> /home/absolutezeno/Auto-BT-Generation/build/py_trees_ros_tutorials/build/lib/py_trees_ros_tutorials
[1.865s] copying py_trees_ros_tutorials/six_context_switching.py -> /home/absolutezeno/Auto-BT-Generation/build/py_trees_ros_tutorials/build/lib/py_trees_ros_tutorials
[1.865s] copying py_trees_ros_tutorials/five_action_clients.py -> /home/absolutezeno/Auto-BT-Generation/build/py_trees_ros_tutorials/build/lib/py_trees_ros_tutorials
[1.865s] copying py_trees_ros_tutorials/version.py -> /home/absolutezeno/Auto-BT-Generation/build/py_trees_ros_tutorials/build/lib/py_trees_ros_tutorials
[1.865s] copying py_trees_ros_tutorials/one_data_gathering.py -> /home/absolutezeno/Auto-BT-Generation/build/py_trees_ros_tutorials/build/lib/py_trees_ros_tutorials
[1.866s] copying py_trees_ros_tutorials/__init__.py -> /home/absolutezeno/Auto-BT-Generation/build/py_trees_ros_tutorials/build/lib/py_trees_ros_tutorials
[1.866s] copying py_trees_ros_tutorials/behaviours.py -> /home/absolutezeno/Auto-BT-Generation/build/py_trees_ros_tutorials/build/lib/py_trees_ros_tutorials
[1.866s] creating /home/absolutezeno/Auto-BT-Generation/build/py_trees_ros_tutorials/build/lib/py_trees_ros_tutorials/mock
[1.866s] copying py_trees_ros_tutorials/mock/actions.py -> /home/absolutezeno/Auto-BT-Generation/build/py_trees_ros_tutorials/build/lib/py_trees_ros_tutorials/mock
[1.866s] copying py_trees_ros_tutorials/mock/safety_sensors.py -> /home/absolutezeno/Auto-BT-Generation/build/py_trees_ros_tutorials/build/lib/py_trees_ros_tutorials/mock
[1.867s] copying py_trees_ros_tutorials/mock/rotate.py -> /home/absolutezeno/Auto-BT-Generation/build/py_trees_ros_tutorials/build/lib/py_trees_ros_tutorials/mock
[1.867s] copying py_trees_ros_tutorials/mock/battery.py -> /home/absolutezeno/Auto-BT-Generation/build/py_trees_ros_tutorials/build/lib/py_trees_ros_tutorials/mock
[1.867s] copying py_trees_ros_tutorials/mock/led_strip.py -> /home/absolutezeno/Auto-BT-Generation/build/py_trees_ros_tutorials/build/lib/py_trees_ros_tutorials/mock
[1.867s] copying py_trees_ros_tutorials/mock/move_base.py -> /home/absolutezeno/Auto-BT-Generation/build/py_trees_ros_tutorials/build/lib/py_trees_ros_tutorials/mock
[1.869s] copying py_trees_ros_tutorials/mock/dashboard.py -> /home/absolutezeno/Auto-BT-Generation/build/py_trees_ros_tutorials/build/lib/py_trees_ros_tutorials/mock
[1.869s] copying py_trees_ros_tutorials/mock/__init__.py -> /home/absolutezeno/Auto-BT-Generation/build/py_trees_ros_tutorials/build/lib/py_trees_ros_tutorials/mock
[1.869s] copying py_trees_ros_tutorials/mock/launch.py -> /home/absolutezeno/Auto-BT-Generation/build/py_trees_ros_tutorials/build/lib/py_trees_ros_tutorials/mock
[1.869s] copying py_trees_ros_tutorials/mock/dock.py -> /home/absolutezeno/Auto-BT-Generation/build/py_trees_ros_tutorials/build/lib/py_trees_ros_tutorials/mock
[1.869s] /usr/lib/python3/dist-packages/setuptools/command/install.py:34: SetuptoolsDeprecationWarning: setup.py install is deprecated. Use build and pip and other standards-based tools.
[1.870s]   warnings.warn(
[1.870s] creating /home/absolutezeno/Auto-BT-Generation/build/py_trees_ros_tutorials/build/lib/py_trees_ros_tutorials/mock/gui
[1.870s] copying py_trees_ros_tutorials/mock/gui/dashboard_group_box_ui.py -> /home/absolutezeno/Auto-BT-Generation/build/py_trees_ros_tutorials/build/lib/py_trees_ros_tutorials/mock/gui
[1.870s] copying py_trees_ros_tutorials/mock/gui/main_window_ui.py -> /home/absolutezeno/Auto-BT-Generation/build/py_trees_ros_tutorials/build/lib/py_trees_ros_tutorials/mock/gui
[1.870s] copying py_trees_ros_tutorials/mock/gui/dashboard_group_box.py -> /home/absolutezeno/Auto-BT-Generation/build/py_trees_ros_tutorials/build/lib/py_trees_ros_tutorials/mock/gui
[1.870s] copying py_trees_ros_tutorials/mock/gui/configuration_group_box.py -> /home/absolutezeno/Auto-BT-Generation/build/py_trees_ros_tutorials/build/lib/py_trees_ros_tutorials/mock/gui
[1.870s] copying py_trees_ros_tutorials/mock/gui/main_window_rc.py -> /home/absolutezeno/Auto-BT-Generation/build/py_trees_ros_tutorials/build/lib/py_trees_ros_tutorials/mock/gui
[1.870s] copying py_trees_ros_tutorials/mock/gui/__init__.py -> /home/absolutezeno/Auto-BT-Generation/build/py_trees_ros_tutorials/build/lib/py_trees_ros_tutorials/mock/gui
[1.870s] copying py_trees_ros_tutorials/mock/gui/configuration_group_box_ui.py -> /home/absolutezeno/Auto-BT-Generation/build/py_trees_ros_tutorials/build/lib/py_trees_ros_tutorials/mock/gui
[1.870s] copying py_trees_ros_tutorials/mock/gui/main_window.py -> /home/absolutezeno/Auto-BT-Generation/build/py_trees_ros_tutorials/build/lib/py_trees_ros_tutorials/mock/gui
[1.870s] copying py_trees_ros_tutorials/mock/gui/main_window.ui -> /home/absolutezeno/Auto-BT-Generation/build/py_trees_ros_tutorials/build/lib/py_trees_ros_tutorials/mock/gui
[1.870s] copying py_trees_ros_tutorials/mock/gui/tuxrobot.png -> /home/absolutezeno/Auto-BT-Generation/build/py_trees_ros_tutorials/build/lib/py_trees_ros_tutorials/mock/gui
[1.870s] copying py_trees_ros_tutorials/mock/gui/configuration_group_box.ui -> /home/absolutezeno/Auto-BT-Generation/build/py_trees_ros_tutorials/build/lib/py_trees_ros_tutorials/mock/gui
[1.871s] copying py_trees_ros_tutorials/mock/gui/gen.bash -> /home/absolutezeno/Auto-BT-Generation/build/py_trees_ros_tutorials/build/lib/py_trees_ros_tutorials/mock/gui
[1.871s] copying py_trees_ros_tutorials/mock/gui/dashboard_group_box.ui -> /home/absolutezeno/Auto-BT-Generation/build/py_trees_ros_tutorials/build/lib/py_trees_ros_tutorials/mock/gui
[1.871s] copying py_trees_ros_tutorials/mock/gui/main_window.qrc -> /home/absolutezeno/Auto-BT-Generation/build/py_trees_ros_tutorials/build/lib/py_trees_ros_tutorials/mock/gui
[1.871s] running install
[1.871s] redirecting scripts
[1.871s]   from: /home/absolutezeno/Auto-BT-Generation/install/py_trees_ros_tutorials/bin
[1.875s]     to: /home/absolutezeno/Auto-BT-Generation/install/py_trees_ros_tutorials/lib/py_trees_ros_tutorials
[1.875s] running install_lib
[1.875s] creating /home/absolutezeno/Auto-BT-Generation/install/py_trees_ros_tutorials/lib/python3.10/site-packages/py_trees_ros_tutorials
[1.876s] copying /home/absolutezeno/Auto-BT-Generation/build/py_trees_ros_tutorials/build/lib/py_trees_ros_tutorials/eight_dynamic_application_loading.py -> /home/absolutezeno/Auto-BT-Generation/install/py_trees_ros_tutorials/lib/python3.10/site-packages/py_trees_ros_tutorials
[1.876s] copying /home/absolutezeno/Auto-BT-Generation/build/py_trees_ros_tutorials/build/lib/py_trees_ros_tutorials/two_battery_check.py -> /home/absolutezeno/Auto-BT-Generation/install/py_trees_ros_tutorials/lib/python3.10/site-packages/py_trees_ros_tutorials
[1.876s] copying /home/absolutezeno/Auto-BT-Generation/build/py_trees_ros_tutorials/build/lib/py_trees_ros_tutorials/seven_docking_cancelling_failing.py -> /home/absolutezeno/Auto-BT-Generation/install/py_trees_ros_tutorials/lib/python3.10/site-packages/py_trees_ros_tutorials
[1.876s] copying /home/absolutezeno/Auto-BT-Generation/build/py_trees_ros_tutorials/build/lib/py_trees_ros_tutorials/six_context_switching.py -> /home/absolutezeno/Auto-BT-Generation/install/py_trees_ros_tutorials/lib/python3.10/site-packages/py_trees_ros_tutorials
[1.876s] copying /home/absolutezeno/Auto-BT-Generation/build/py_trees_ros_tutorials/build/lib/py_trees_ros_tutorials/five_action_clients.py -> /home/absolutezeno/Auto-BT-Generation/install/py_trees_ros_tutorials/lib/python3.10/site-packages/py_trees_ros_tutorials
[1.876s] copying /home/absolutezeno/Auto-BT-Generation/build/py_trees_ros_tutorials/build/lib/py_trees_ros_tutorials/version.py -> /home/absolutezeno/Auto-BT-Generation/install/py_trees_ros_tutorials/lib/python3.10/site-packages/py_trees_ros_tutorials
[1.876s] copying /home/absolutezeno/Auto-BT-Generation/build/py_trees_ros_tutorials/build/lib/py_trees_ros_tutorials/one_data_gathering.py -> /home/absolutezeno/Auto-BT-Generation/install/py_trees_ros_tutorials/lib/python3.10/site-packages/py_trees_ros_tutorials
[1.876s] copying /home/absolutezeno/Auto-BT-Generation/build/py_trees_ros_tutorials/build/lib/py_trees_ros_tutorials/__init__.py -> /home/absolutezeno/Auto-BT-Generation/install/py_trees_ros_tutorials/lib/python3.10/site-packages/py_trees_ros_tutorials
[1.876s] copying /home/absolutezeno/Auto-BT-Generation/build/py_trees_ros_tutorials/build/lib/py_trees_ros_tutorials/behaviours.py -> /home/absolutezeno/Auto-BT-Generation/install/py_trees_ros_tutorials/lib/python3.10/site-packages/py_trees_ros_tutorials
[1.876s] creating /home/absolutezeno/Auto-BT-Generation/install/py_trees_ros_tutorials/lib/python3.10/site-packages/py_trees_ros_tutorials/mock
[1.876s] copying /home/absolutezeno/Auto-BT-Generation/build/py_trees_ros_tutorials/build/lib/py_trees_ros_tutorials/mock/actions.py -> /home/absolutezeno/Auto-BT-Generation/install/py_trees_ros_tutorials/lib/python3.10/site-packages/py_trees_ros_tutorials/mock
[1.877s] copying /home/absolutezeno/Auto-BT-Generation/build/py_trees_ros_tutorials/build/lib/py_trees_ros_tutorials/mock/safety_sensors.py -> /home/absolutezeno/Auto-BT-Generation/install/py_trees_ros_tutorials/lib/python3.10/site-packages/py_trees_ros_tutorials/mock
[1.877s] copying /home/absolutezeno/Auto-BT-Generation/build/py_trees_ros_tutorials/build/lib/py_trees_ros_tutorials/mock/rotate.py -> /home/absolutezeno/Auto-BT-Generation/install/py_trees_ros_tutorials/lib/python3.10/site-packages/py_trees_ros_tutorials/mock
[1.877s] copying /home/absolutezeno/Auto-BT-Generation/build/py_trees_ros_tutorials/build/lib/py_trees_ros_tutorials/mock/battery.py -> /home/absolutezeno/Auto-BT-Generation/install/py_trees_ros_tutorials/lib/python3.10/site-packages/py_trees_ros_tutorials/mock
[1.877s] copying /home/absolutezeno/Auto-BT-Generation/build/py_trees_ros_tutorials/build/lib/py_trees_ros_tutorials/mock/led_strip.py -> /home/absolutezeno/Auto-BT-Generation/install/py_trees_ros_tutorials/lib/python3.10/site-packages/py_trees_ros_tutorials/mock
[1.877s] copying /home/absolutezeno/Auto-BT-Generation/build/py_trees_ros_tutorials/build/lib/py_trees_ros_tutorials/mock/move_base.py -> /home/absolutezeno/Auto-BT-Generation/install/py_trees_ros_tutorials/lib/python3.10/site-packages/py_trees_ros_tutorials/mock
[1.877s] creating /home/absolutezeno/Auto-BT-Generation/install/py_trees_ros_tutorials/lib/python3.10/site-packages/py_trees_ros_tutorials/mock/gui
[1.877s] copying /home/absolutezeno/Auto-BT-Generation/build/py_trees_ros_tutorials/build/lib/py_trees_ros_tutorials/mock/gui/main_window.ui -> /home/absolutezeno/Auto-BT-Generation/install/py_trees_ros_tutorials/lib/python3.10/site-packages/py_trees_ros_tutorials/mock/gui
[1.877s] copying /home/absolutezeno/Auto-BT-Generation/build/py_trees_ros_tutorials/build/lib/py_trees_ros_tutorials/mock/gui/dashboard_group_box_ui.py -> /home/absolutezeno/Auto-BT-Generation/install/py_trees_ros_tutorials/lib/python3.10/site-packages/py_trees_ros_tutorials/mock/gui
[1.877s] copying /home/absolutezeno/Auto-BT-Generation/build/py_trees_ros_tutorials/build/lib/py_trees_ros_tutorials/mock/gui/main_window_ui.py -> /home/absolutezeno/Auto-BT-Generation/install/py_trees_ros_tutorials/lib/python3.10/site-packages/py_trees_ros_tutorials/mock/gui
[1.877s] copying /home/absolutezeno/Auto-BT-Generation/build/py_trees_ros_tutorials/build/lib/py_trees_ros_tutorials/mock/gui/dashboard_group_box.py -> /home/absolutezeno/Auto-BT-Generation/install/py_trees_ros_tutorials/lib/python3.10/site-packages/py_trees_ros_tutorials/mock/gui
[1.877s] copying /home/absolutezeno/Auto-BT-Generation/build/py_trees_ros_tutorials/build/lib/py_trees_ros_tutorials/mock/gui/tuxrobot.png -> /home/absolutezeno/Auto-BT-Generation/install/py_trees_ros_tutorials/lib/python3.10/site-packages/py_trees_ros_tutorials/mock/gui
[1.877s] copying /home/absolutezeno/Auto-BT-Generation/build/py_trees_ros_tutorials/build/lib/py_trees_ros_tutorials/mock/gui/configuration_group_box.py -> /home/absolutezeno/Auto-BT-Generation/install/py_trees_ros_tutorials/lib/python3.10/site-packages/py_trees_ros_tutorials/mock/gui
[1.878s] copying /home/absolutezeno/Auto-BT-Generation/build/py_trees_ros_tutorials/build/lib/py_trees_ros_tutorials/mock/gui/configuration_group_box.ui -> /home/absolutezeno/Auto-BT-Generation/install/py_trees_ros_tutorials/lib/python3.10/site-packages/py_trees_ros_tutorials/mock/gui
[1.878s] copying /home/absolutezeno/Auto-BT-Generation/build/py_trees_ros_tutorials/build/lib/py_trees_ros_tutorials/mock/gui/gen.bash -> /home/absolutezeno/Auto-BT-Generation/install/py_trees_ros_tutorials/lib/python3.10/site-packages/py_trees_ros_tutorials/mock/gui
[1.878s] copying /home/absolutezeno/Auto-BT-Generation/build/py_trees_ros_tutorials/build/lib/py_trees_ros_tutorials/mock/gui/main_window_rc.py -> /home/absolutezeno/Auto-BT-Generation/install/py_trees_ros_tutorials/lib/python3.10/site-packages/py_trees_ros_tutorials/mock/gui
[1.878s] copying /home/absolutezeno/Auto-BT-Generation/build/py_trees_ros_tutorials/build/lib/py_trees_ros_tutorials/mock/gui/__init__.py -> /home/absolutezeno/Auto-BT-Generation/install/py_trees_ros_tutorials/lib/python3.10/site-packages/py_trees_ros_tutorials/mock/gui
[1.878s] copying /home/absolutezeno/Auto-BT-Generation/build/py_trees_ros_tutorials/build/lib/py_trees_ros_tutorials/mock/gui/configuration_group_box_ui.py -> /home/absolutezeno/Auto-BT-Generation/install/py_trees_ros_tutorials/lib/python3.10/site-packages/py_trees_ros_tutorials/mock/gui
[1.879s] copying /home/absolutezeno/Auto-BT-Generation/build/py_trees_ros_tutorials/build/lib/py_trees_ros_tutorials/mock/gui/dashboard_group_box.ui -> /home/absolutezeno/Auto-BT-Generation/install/py_trees_ros_tutorials/lib/python3.10/site-packages/py_trees_ros_tutorials/mock/gui
[1.879s] copying /home/absolutezeno/Auto-BT-Generation/build/py_trees_ros_tutorials/build/lib/py_trees_ros_tutorials/mock/gui/main_window.qrc -> /home/absolutezeno/Auto-BT-Generation/install/py_trees_ros_tutorials/lib/python3.10/site-packages/py_trees_ros_tutorials/mock/gui
[1.879s] copying /home/absolutezeno/Auto-BT-Generation/build/py_trees_ros_tutorials/build/lib/py_trees_ros_tutorials/mock/gui/main_window.py -> /home/absolutezeno/Auto-BT-Generation/install/py_trees_ros_tutorials/lib/python3.10/site-packages/py_trees_ros_tutorials/mock/gui
[1.879s] copying /home/absolutezeno/Auto-BT-Generation/build/py_trees_ros_tutorials/build/lib/py_trees_ros_tutorials/mock/dashboard.py -> /home/absolutezeno/Auto-BT-Generation/install/py_trees_ros_tutorials/lib/python3.10/site-packages/py_trees_ros_tutorials/mock
[1.879s] copying /home/absolutezeno/Auto-BT-Generation/build/py_trees_ros_tutorials/build/lib/py_trees_ros_tutorials/mock/__init__.py -> /home/absolutezeno/Auto-BT-Generation/install/py_trees_ros_tutorials/lib/python3.10/site-packages/py_trees_ros_tutorials/mock
[1.880s] copying /home/absolutezeno/Auto-BT-Generation/build/py_trees_ros_tutorials/build/lib/py_trees_ros_tutorials/mock/launch.py -> /home/absolutezeno/Auto-BT-Generation/install/py_trees_ros_tutorials/lib/python3.10/site-packages/py_trees_ros_tutorials/mock
[1.880s] copying /home/absolutezeno/Auto-BT-Generation/build/py_trees_ros_tutorials/build/lib/py_trees_ros_tutorials/mock/dock.py -> /home/absolutezeno/Auto-BT-Generation/install/py_trees_ros_tutorials/lib/python3.10/site-packages/py_trees_ros_tutorials/mock
[1.880s] byte-compiling /home/absolutezeno/Auto-BT-Generation/install/py_trees_ros_tutorials/lib/python3.10/site-packages/py_trees_ros_tutorials/eight_dynamic_application_loading.py to eight_dynamic_application_loading.cpython-310.pyc
[1.880s] byte-compiling /home/absolutezeno/Auto-BT-Generation/install/py_trees_ros_tutorials/lib/python3.10/site-packages/py_trees_ros_tutorials/two_battery_check.py to two_battery_check.cpython-310.pyc
[1.880s] byte-compiling /home/absolutezeno/Auto-BT-Generation/install/py_trees_ros_tutorials/lib/python3.10/site-packages/py_trees_ros_tutorials/seven_docking_cancelling_failing.py to seven_docking_cancelling_failing.cpython-310.pyc
[1.883s] byte-compiling /home/absolutezeno/Auto-BT-Generation/install/py_trees_ros_tutorials/lib/python3.10/site-packages/py_trees_ros_tutorials/six_context_switching.py to six_context_switching.cpython-310.pyc
[1.884s] byte-compiling /home/absolutezeno/Auto-BT-Generation/install/py_trees_ros_tutorials/lib/python3.10/site-packages/py_trees_ros_tutorials/five_action_clients.py to five_action_clients.cpython-310.pyc
[1.884s] byte-compiling /home/absolutezeno/Auto-BT-Generation/install/py_trees_ros_tutorials/lib/python3.10/site-packages/py_trees_ros_tutorials/version.py to version.cpython-310.pyc
[1.884s] byte-compiling /home/absolutezeno/Auto-BT-Generation/install/py_trees_ros_tutorials/lib/python3.10/site-packages/py_trees_ros_tutorials/one_data_gathering.py to one_data_gathering.cpython-310.pyc
[1.884s] byte-compiling /home/absolutezeno/Auto-BT-Generation/install/py_trees_ros_tutorials/lib/python3.10/site-packages/py_trees_ros_tutorials/__init__.py to __init__.cpython-310.pyc
[1.884s] byte-compiling /home/absolutezeno/Auto-BT-Generation/install/py_trees_ros_tutorials/lib/python3.10/site-packages/py_trees_ros_tutorials/behaviours.py to behaviours.cpython-310.pyc
[1.884s] byte-compiling /home/absolutezeno/Auto-BT-Generation/install/py_trees_ros_tutorials/lib/python3.10/site-packages/py_trees_ros_tutorials/mock/actions.py to actions.cpython-310.pyc
[1.884s] byte-compiling /home/absolutezeno/Auto-BT-Generation/install/py_trees_ros_tutorials/lib/python3.10/site-packages/py_trees_ros_tutorials/mock/safety_sensors.py to safety_sensors.cpython-310.pyc
[1.884s] byte-compiling /home/absolutezeno/Auto-BT-Generation/install/py_trees_ros_tutorials/lib/python3.10/site-packages/py_trees_ros_tutorials/mock/rotate.py to rotate.cpython-310.pyc
[1.884s] byte-compiling /home/absolutezeno/Auto-BT-Generation/install/py_trees_ros_tutorials/lib/python3.10/site-packages/py_trees_ros_tutorials/mock/battery.py to battery.cpython-310.pyc
[1.884s] byte-compiling /home/absolutezeno/Auto-BT-Generation/install/py_trees_ros_tutorials/lib/python3.10/site-packages/py_trees_ros_tutorials/mock/led_strip.py to led_strip.cpython-310.pyc
[1.884s] byte-compiling /home/absolutezeno/Auto-BT-Generation/install/py_trees_ros_tutorials/lib/python3.10/site-packages/py_trees_ros_tutorials/mock/move_base.py to move_base.cpython-310.pyc
[1.885s] byte-compiling /home/absolutezeno/Auto-BT-Generation/install/py_trees_ros_tutorials/lib/python3.10/site-packages/py_trees_ros_tutorials/mock/gui/dashboard_group_box_ui.py to dashboard_group_box_ui.cpython-310.pyc
[1.885s] byte-compiling /home/absolutezeno/Auto-BT-Generation/install/py_trees_ros_tutorials/lib/python3.10/site-packages/py_trees_ros_tutorials/mock/gui/main_window_ui.py to main_window_ui.cpython-310.pyc
[1.885s] byte-compiling /home/absolutezeno/Auto-BT-Generation/install/py_trees_ros_tutorials/lib/python3.10/site-packages/py_trees_ros_tutorials/mock/gui/dashboard_group_box.py to dashboard_group_box.cpython-310.pyc
[1.885s] byte-compiling /home/absolutezeno/Auto-BT-Generation/install/py_trees_ros_tutorials/lib/python3.10/site-packages/py_trees_ros_tutorials/mock/gui/configuration_group_box.py to configuration_group_box.cpython-310.pyc
[1.885s] byte-compiling /home/absolutezeno/Auto-BT-Generation/install/py_trees_ros_tutorials/lib/python3.10/site-packages/py_trees_ros_tutorials/mock/gui/main_window_rc.py to main_window_rc.cpython-310.pyc
[1.885s] byte-compiling /home/absolutezeno/Auto-BT-Generation/install/py_trees_ros_tutorials/lib/python3.10/site-packages/py_trees_ros_tutorials/mock/gui/__init__.py to __init__.cpython-310.pyc
[1.885s] byte-compiling /home/absolutezeno/Auto-BT-Generation/install/py_trees_ros_tutorials/lib/python3.10/site-packages/py_trees_ros_tutorials/mock/gui/configuration_group_box_ui.py to configuration_group_box_ui.cpython-310.pyc
[1.885s] byte-compiling /home/absolutezeno/Auto-BT-Generation/install/py_trees_ros_tutorials/lib/python3.10/site-packages/py_trees_ros_tutorials/mock/gui/main_window.py to main_window.cpython-310.pyc
[1.886s] byte-compiling /home/absolutezeno/Auto-BT-Generation/install/py_trees_ros_tutorials/lib/python3.10/site-packages/py_trees_ros_tutorials/mock/dashboard.py to dashboard.cpython-310.pyc
[1.888s] byte-compiling /home/absolutezeno/Auto-BT-Generation/install/py_trees_ros_tutorials/lib/python3.10/site-packages/py_trees_ros_tutorials/mock/__init__.py to __init__.cpython-310.pyc
[1.888s] byte-compiling /home/absolutezeno/Auto-BT-Generation/install/py_trees_ros_tutorials/lib/python3.10/site-packages/py_trees_ros_tutorials/mock/launch.py to launch.cpython-310.pyc
[1.888s] byte-compiling /home/absolutezeno/Auto-BT-Generation/install/py_trees_ros_tutorials/lib/python3.10/site-packages/py_trees_ros_tutorials/mock/dock.py to dock.cpython-310.pyc
[1.889s] running install_data
[1.889s] copying package.xml -> /home/absolutezeno/Auto-BT-Generation/install/py_trees_ros_tutorials/share/py_trees_ros_tutorials
[1.890s] creating /home/absolutezeno/Auto-BT-Generation/install/py_trees_ros_tutorials/share/ament_index
[1.890s] creating /home/absolutezeno/Auto-BT-Generation/install/py_trees_ros_tutorials/share/ament_index/resource_index
[1.890s] creating /home/absolutezeno/Auto-BT-Generation/install/py_trees_ros_tutorials/share/ament_index/resource_index/packages
[1.890s] copying resources/py_trees_ros_tutorials -> /home/absolutezeno/Auto-BT-Generation/install/py_trees_ros_tutorials/share/ament_index/resource_index/packages
[1.890s] creating /home/absolutezeno/Auto-BT-Generation/install/py_trees_ros_tutorials/share/py_trees_ros_tutorials/launch
[1.890s] copying launch/tutorial_two_battery_check_launch.py -> /home/absolutezeno/Auto-BT-Generation/install/py_trees_ros_tutorials/share/py_trees_ros_tutorials/launch
[1.890s] copying launch/tutorial_four_introspect_the_tree_launch.py -> /home/absolutezeno/Auto-BT-Generation/install/py_trees_ros_tutorials/share/py_trees_ros_tutorials/launch
[1.890s] copying launch/tutorial_five_action_clients_launch.py -> /home/absolutezeno/Auto-BT-Generation/install/py_trees_ros_tutorials/share/py_trees_ros_tutorials/launch
[1.891s] copying launch/tutorial_three_introspect_the_blackboard_launch.py -> /home/absolutezeno/Auto-BT-Generation/install/py_trees_ros_tutorials/share/py_trees_ros_tutorials/launch
[1.891s] copying launch/mock_robot_launch.py -> /home/absolutezeno/Auto-BT-Generation/install/py_trees_ros_tutorials/share/py_trees_ros_tutorials/launch
[1.891s] copying launch/tutorial_seven_docking_cancelling_failing_launch.py -> /home/absolutezeno/Auto-BT-Generation/install/py_trees_ros_tutorials/share/py_trees_ros_tutorials/launch
[1.891s] copying launch/tutorial_eight_dynamic_application_loading_launch.py -> /home/absolutezeno/Auto-BT-Generation/install/py_trees_ros_tutorials/share/py_trees_ros_tutorials/launch
[1.891s] copying launch/tutorial_six_context_switching_launch.py -> /home/absolutezeno/Auto-BT-Generation/install/py_trees_ros_tutorials/share/py_trees_ros_tutorials/launch
[1.891s] copying launch/tutorial_one_data_gathering_launch.py -> /home/absolutezeno/Auto-BT-Generation/install/py_trees_ros_tutorials/share/py_trees_ros_tutorials/launch
[1.891s] running install_egg_info
[1.891s] Copying ../../build/py_trees_ros_tutorials/py_trees_ros_tutorials.egg-info to /home/absolutezeno/Auto-BT-Generation/install/py_trees_ros_tutorials/lib/python3.10/site-packages/py_trees_ros_tutorials-2.1.0-py3.10.egg-info
[1.892s] running install_scripts
[1.894s] Installing mock-battery script to /home/absolutezeno/Auto-BT-Generation/install/py_trees_ros_tutorials/lib/py_trees_ros_tutorials
[1.895s] Installing mock-dashboard script to /home/absolutezeno/Auto-BT-Generation/install/py_trees_ros_tutorials/lib/py_trees_ros_tutorials
[1.895s] Installing mock-dock-client script to /home/absolutezeno/Auto-BT-Generation/install/py_trees_ros_tutorials/lib/py_trees_ros_tutorials
[1.895s] Installing mock-docking-controller script to /home/absolutezeno/Auto-BT-Generation/install/py_trees_ros_tutorials/lib/py_trees_ros_tutorials
[1.896s] Installing mock-led-strip script to /home/absolutezeno/Auto-BT-Generation/install/py_trees_ros_tutorials/lib/py_trees_ros_tutorials
[1.896s] Installing mock-move-base script to /home/absolutezeno/Auto-BT-Generation/install/py_trees_ros_tutorials/lib/py_trees_ros_tutorials
[1.896s] Installing mock-move-base-client script to /home/absolutezeno/Auto-BT-Generation/install/py_trees_ros_tutorials/lib/py_trees_ros_tutorials
[1.896s] Installing mock-rotate-client script to /home/absolutezeno/Auto-BT-Generation/install/py_trees_ros_tutorials/lib/py_trees_ros_tutorials
[1.897s] Installing mock-rotation-controller script to /home/absolutezeno/Auto-BT-Generation/install/py_trees_ros_tutorials/lib/py_trees_ros_tutorials
[1.897s] Installing mock-safety-sensors script to /home/absolutezeno/Auto-BT-Generation/install/py_trees_ros_tutorials/lib/py_trees_ros_tutorials
[1.897s] Installing tree-action-clients script to /home/absolutezeno/Auto-BT-Generation/install/py_trees_ros_tutorials/lib/py_trees_ros_tutorials
[1.897s] Installing tree-battery-check script to /home/absolutezeno/Auto-BT-Generation/install/py_trees_ros_tutorials/lib/py_trees_ros_tutorials
[1.897s] Installing tree-context-switching script to /home/absolutezeno/Auto-BT-Generation/install/py_trees_ros_tutorials/lib/py_trees_ros_tutorials
[1.897s] Installing tree-data-gathering script to /home/absolutezeno/Auto-BT-Generation/install/py_trees_ros_tutorials/lib/py_trees_ros_tutorials
[1.897s] Installing tree-docking-cancelling-failing script to /home/absolutezeno/Auto-BT-Generation/install/py_trees_ros_tutorials/lib/py_trees_ros_tutorials
[1.897s] Installing tree-dynamic-application-loading script to /home/absolutezeno/Auto-BT-Generation/install/py_trees_ros_tutorials/lib/py_trees_ros_tutorials
[1.897s] writing list of installed files to '/home/absolutezeno/Auto-BT-Generation/build/py_trees_ros_tutorials/install.log'
[1.928s] Invoked command in '/home/absolutezeno/Auto-BT-Generation/src/py_trees_ros_tutorials' returned '0': AMENT_PREFIX_PATH=/home/absolutezeno/Auto-BT-Generation/install/py_trees_ros:/home/absolutezeno/Auto-BT-Generation/install/turtlebot3:/home/absolutezeno/Auto-BT-Generation/install/turtlebot3_teleop:/home/absolutezeno/Auto-BT-Generation/install/turtlebot3_bringup:/home/absolutezeno/Auto-BT-Generation/install/turtlebot3_node:/home/absolutezeno/Auto-BT-Generation/install/turtlebot3_navigation2:/home/absolutezeno/Auto-BT-Generation/install/turtlebot3_example:/home/absolutezeno/Auto-BT-Generation/install/turtlebot3_description:/home/absolutezeno/Auto-BT-Generation/install/turtlebot3_cartographer:/home/absolutezeno/Auto-BT-Generation/install/py_trees_ros_viewer:/home/absolutezeno/Auto-BT-Generation/install/py_trees_ros_tutorials:/home/absolutezeno/Auto-BT-Generation/install/isaacsim:/home/absolutezeno/Auto-BT-Generation/install/isaac_ros2_messages:/home/absolutezeno/Auto-BT-Generation/install/custom_message:/home/absolutezeno/FRA501/install/turtlesim_plus_interfaces:/home/absolutezeno/FRA501/install/turtlesim_plus:/home/absolutezeno/FRA501/install/turtlesim_interfaces:/home/absolutezeno/FRA501/install/turtlesim_control:/home/absolutezeno/FRA501/install/ros2_control:/home/absolutezeno/FRA501/install/transmission_interface:/home/absolutezeno/FRA501/install/rqt_joint_trajectory_controller:/home/absolutezeno/FRA501/install/rqt_controller_manager:/home/absolutezeno/FRA501/install/ros2controlcli:/home/absolutezeno/FRA501/install/ros2_controllers_test_nodes:/home/absolutezeno/FRA501/install/controller_manager:/home/absolutezeno/FRA501/install/ros2_control_test_assets:/home/absolutezeno/FRA501/install/ros2_control_demo_description:/home/absolutezeno/FRA501/install/control_toolbox:/home/absolutezeno/FRA501/install/realtime_tools:/home/absolutezeno/FRA501/install/noob_description:/home/absolutezeno/FRA501/install/my_controller_interface:/home/absolutezeno/FRA501/install/my_controller:/home/absolutezeno/FRA501/install/kinematics_interface_kdl:/home/absolutezeno/FRA501/install/kinematics_interface:/home/absolutezeno/FRA501/install/joint_limits:/home/absolutezeno/FRA501/install/controller_interface:/home/absolutezeno/FRA501/install/hardware_interface:/home/absolutezeno/FRA501/install/example_description:/home/absolutezeno/FRA501/install/controller_manager_msgs:/home/absolutezeno/FRA501/install/control_msgs:/home/absolutezeno/FRA501_simulation/install/example_description:/home/absolutezeno/FRA501_HardwareInterface/install/xicro_pkg:/home/absolutezeno/FRA501_HardwareInterface/install/xicro_interfaces:/home/absolutezeno/FRA501_HardwareInterface/install/software_integration:/home/absolutezeno/FRA501_exam1/install/turtlesim_plus_interfaces:/home/absolutezeno/FRA501_exam1/install/turtlesim_plus_control_interfaces:/home/absolutezeno/FRA501_exam1/install/turtlesim_plus_control:/home/absolutezeno/FRA501_exam1/install/turtlesim_plus:/home/absolutezeno/FRA501_project/install/read_sensor:/home/absolutezeno/FRA501_project/install/motor_control:/home/absolutezeno/FRA501_project/install/input:/home/absolutezeno/FRA501_project/install/balegce_gazebo:/home/absolutezeno/FRA501_project/install/balegce_controller:/home/absolutezeno/FRA501_project/install/balegce:/opt/ros/humble PATH=/home/absolutezeno/Auto-BT-Generation/install/py_trees_ros/bin:/home/absolutezeno/Auto-BT-Generation/install/py_trees_ros_viewer/bin:/opt/ros/humble/bin:/home/absolutezeno/.local/bin:/usr/local/sbin:/usr/local/bin:/usr/sbin:/usr/bin:/sbin:/bin:/usr/games:/usr/local/games:/snap/bin:/snap/bin PYTHONPATH=/home/absolutezeno/Auto-BT-Generation/build/py_trees_ros_tutorials/prefix_override:/home/absolutezeno/Auto-BT-Generation/install/py_trees_ros_tutorials/lib/python3.10/site-packages:/home/absolutezeno/Auto-BT-Generation/install/py_trees_ros/lib/python3.10/site-packages:/home/absolutezeno/Auto-BT-Generation/install/turtlebot3_teleop/lib/python3.10/site-packages:/home/absolutezeno/Auto-BT-Generation/install/turtlebot3_example/lib/python3.10/site-packages:/home/absolutezeno/Auto-BT-Generation/install/py_trees_ros_viewer/lib/python3.10/site-packages:/home/absolutezeno/Auto-BT-Generation/install/py_trees_ros_tutorials/lib/python3.10/site-packages:/home/absolutezeno/Auto-BT-Generation/install/isaac_ros2_messages/lib/python3.10/site-packages:/home/absolutezeno/Auto-BT-Generation/install/custom_message/lib/python3.10/site-packages:/home/absolutezeno/Auto-BT-Generation/install/autogen_bt/lib/python3.10/site-packages:/home/absolutezeno/FRA501/install/turtlesim_plus_interfaces/local/lib/python3.10/dist-packages:/home/absolutezeno/FRA501/install/turtlesim_plus/local/lib/python3.10/dist-packages:/home/absolutezeno/FRA501/install/turtlesim_interfaces/local/lib/python3.10/dist-packages:/home/absolutezeno/FRA501/install/turtlesim_control/local/lib/python3.10/dist-packages:/home/absolutezeno/FRA501/install/rqt_joint_trajectory_controller/lib/python3.10/site-packages:/home/absolutezeno/FRA501/install/rqt_controller_manager/lib/python3.10/site-packages:/home/absolutezeno/FRA501/install/ros2controlcli/lib/python3.10/site-packages:/home/absolutezeno/FRA501/install/ros2_controllers_test_nodes/lib/python3.10/site-packages:/home/absolutezeno/FRA501/install/controller_manager/local/lib/python3.10/dist-packages:/home/absolutezeno/FRA501/install/noob_description/local/lib/python3.10/dist-packages:/home/absolutezeno/FRA501/install/my_controller_interface/local/lib/python3.10/dist-packages:/home/absolutezeno/FRA501/install/my_controller/local/lib/python3.10/dist-packages:/home/absolutezeno/FRA501/install/example_description/local/lib/python3.10/dist-packages:/home/absolutezeno/FRA501/install/controller_manager_msgs/local/lib/python3.10/dist-packages:/home/absolutezeno/FRA501/install/control_msgs/local/lib/python3.10/dist-packages:/home/absolutezeno/FRA501_simulation/install/example_description/local/lib/python3.10/dist-packages:/home/absolutezeno/FRA501_HardwareInterface/install/xicro_pkg/local/lib/python3.10/dist-packages:/home/absolutezeno/FRA501_HardwareInterface/install/xicro_interfaces/local/lib/python3.10/dist-packages:/home/absolutezeno/FRA501_HardwareInterface/install/software_integration/local/lib/python3.10/dist-packages:/home/absolutezeno/FRA501_exam1/install/turtlesim_plus_interfaces/local/lib/python3.10/dist-packages:/home/absolutezeno/FRA501_exam1/install/turtlesim_plus_control_interfaces/local/lib/python3.10/dist-packages:/home/absolutezeno/FRA501_exam1/install/turtlesim_plus_control/local/lib/python3.10/dist-packages:/home/absolutezeno/FRA501_exam1/install/turtlesim_plus/local/lib/python3.10/dist-packages:/home/absolutezeno/FRA501_project/install/read_sensor/local/lib/python3.10/dist-packages:/home/absolutezeno/FRA501_project/install/motor_control/local/lib/python3.10/dist-packages:/home/absolutezeno/FRA501_project/install/input/local/lib/python3.10/dist-packages:/home/absolutezeno/FRA501_project/install/balegce_gazebo/local/lib/python3.10/dist-packages:/home/absolutezeno/FRA501_project/install/balegce_controller/local/lib/python3.10/dist-packages:/home/absolutezeno/FRA501_project/install/balegce/local/lib/python3.10/dist-packages:/opt/ros/humble/lib/python3.10/site-packages:/opt/ros/humble/local/lib/python3.10/dist-packages /usr/bin/python3 setup.py egg_info --egg-base ../../build/py_trees_ros_tutorials build --build-base /home/absolutezeno/Auto-BT-Generation/build/py_trees_ros_tutorials/build install --record /home/absolutezeno/Auto-BT-Generation/build/py_trees_ros_tutorials/install.log --single-version-externally-managed
