[0.185s] Invoking command in '/home/absolutezeno/Auto-BT-Generation/build/turtlebot3_cartographer': CMAKE_PREFIX_PATH=${CMAKE_PREFIX_PATH}:/home/absolutezeno/Auto-BT-Generation/install/turtlebot3_teleop:/home/absolutezeno/Auto-BT-Generation/install/turtlebot3_example:/home/absolutezeno/Auto-BT-Generation/install/py_trees_ros_viewer:/home/absolutezeno/Auto-BT-Generation/install/py_trees_ros_tutorials:/home/absolutezeno/Auto-BT-Generation/install/py_trees_ros:/opt/ros/humble /usr/bin/cmake --build /home/absolutezeno/Auto-BT-Generation/build/turtlebot3_cartographer -- -j20 -l20
[0.903s] Invoked command in '/home/absolutezeno/Auto-BT-Generation/build/turtlebot3_cartographer' returned '0': CMAKE_PREFIX_PATH=${CMAKE_PREFIX_PATH}:/home/absolutezeno/Auto-BT-Generation/install/turtlebot3_teleop:/home/absolutezeno/Auto-BT-Generation/install/turtlebot3_example:/home/absolutezeno/Auto-BT-Generation/install/py_trees_ros_viewer:/home/absolutezeno/Auto-BT-Generation/install/py_trees_ros_tutorials:/home/absolutezeno/Auto-BT-Generation/install/py_trees_ros:/opt/ros/humble /usr/bin/cmake --build /home/absolutezeno/Auto-BT-Generation/build/turtlebot3_cartographer -- -j20 -l20
[0.930s] Invoking command in '/home/absolutezeno/Auto-BT-Generation/build/turtlebot3_cartographer': CMAKE_PREFIX_PATH=${CMAKE_PREFIX_PATH}:/home/absolutezeno/Auto-BT-Generation/install/turtlebot3_teleop:/home/absolutezeno/Auto-BT-Generation/install/turtlebot3_example:/home/absolutezeno/Auto-BT-Generation/install/py_trees_ros_viewer:/home/absolutezeno/Auto-BT-Generation/install/py_trees_ros_tutorials:/home/absolutezeno/Auto-BT-Generation/install/py_trees_ros:/opt/ros/humble /usr/bin/cmake --install /home/absolutezeno/Auto-BT-Generation/build/turtlebot3_cartographer
[0.939s] -- Install configuration: ""
[0.939s] -- Up-to-date: /home/absolutezeno/Auto-BT-Generation/install/turtlebot3_cartographer/share/turtlebot3_cartographer/config
[0.939s] -- Up-to-date: /home/absolutezeno/Auto-BT-Generation/install/turtlebot3_cartographer/share/turtlebot3_cartographer/config/turtlebot3_lds_2d.lua
[0.939s] -- Up-to-date: /home/absolutezeno/Auto-BT-Generation/install/turtlebot3_cartographer/share/turtlebot3_cartographer/launch
[0.939s] -- Up-to-date: /home/absolutezeno/Auto-BT-Generation/install/turtlebot3_cartographer/share/turtlebot3_cartographer/launch/cartographer.launch.py
[0.939s] -- Up-to-date: /home/absolutezeno/Auto-BT-Generation/install/turtlebot3_cartographer/share/turtlebot3_cartographer/launch/occupancy_grid.launch.py
[0.939s] -- Up-to-date: /home/absolutezeno/Auto-BT-Generation/install/turtlebot3_cartographer/share/turtlebot3_cartographer/rviz
[0.939s] -- Up-to-date: /home/absolutezeno/Auto-BT-Generation/install/turtlebot3_cartographer/share/turtlebot3_cartographer/rviz/tb3_cartographer.rviz
[0.939s] -- Up-to-date: /home/absolutezeno/Auto-BT-Generation/install/turtlebot3_cartographer/share/ament_index/resource_index/package_run_dependencies/turtlebot3_cartographer
[0.939s] -- Up-to-date: /home/absolutezeno/Auto-BT-Generation/install/turtlebot3_cartographer/share/ament_index/resource_index/parent_prefix_path/turtlebot3_cartographer
[0.939s] -- Up-to-date: /home/absolutezeno/Auto-BT-Generation/install/turtlebot3_cartographer/share/turtlebot3_cartographer/environment/ament_prefix_path.sh
[0.940s] -- Up-to-date: /home/absolutezeno/Auto-BT-Generation/install/turtlebot3_cartographer/share/turtlebot3_cartographer/environment/ament_prefix_path.dsv
[0.940s] -- Up-to-date: /home/absolutezeno/Auto-BT-Generation/install/turtlebot3_cartographer/share/turtlebot3_cartographer/environment/path.sh
[0.940s] -- Up-to-date: /home/absolutezeno/Auto-BT-Generation/install/turtlebot3_cartographer/share/turtlebot3_cartographer/environment/path.dsv
[0.940s] -- Up-to-date: /home/absolutezeno/Auto-BT-Generation/install/turtlebot3_cartographer/share/turtlebot3_cartographer/local_setup.bash
[0.940s] -- Up-to-date: /home/absolutezeno/Auto-BT-Generation/install/turtlebot3_cartographer/share/turtlebot3_cartographer/local_setup.sh
[0.940s] -- Up-to-date: /home/absolutezeno/Auto-BT-Generation/install/turtlebot3_cartographer/share/turtlebot3_cartographer/local_setup.zsh
[0.940s] -- Up-to-date: /home/absolutezeno/Auto-BT-Generation/install/turtlebot3_cartographer/share/turtlebot3_cartographer/local_setup.dsv
[0.940s] -- Installing: /home/absolutezeno/Auto-BT-Generation/install/turtlebot3_cartographer/share/turtlebot3_cartographer/package.dsv
[0.940s] -- Up-to-date: /home/absolutezeno/Auto-BT-Generation/install/turtlebot3_cartographer/share/ament_index/resource_index/packages/turtlebot3_cartographer
[0.940s] -- Up-to-date: /home/absolutezeno/Auto-BT-Generation/install/turtlebot3_cartographer/share/turtlebot3_cartographer/cmake/turtlebot3_cartographerConfig.cmake
[0.940s] -- Up-to-date: /home/absolutezeno/Auto-BT-Generation/install/turtlebot3_cartographer/share/turtlebot3_cartographer/cmake/turtlebot3_cartographerConfig-version.cmake
[0.940s] -- Up-to-date: /home/absolutezeno/Auto-BT-Generation/install/turtlebot3_cartographer/share/turtlebot3_cartographer/package.xml
[0.955s] Invoked command in '/home/absolutezeno/Auto-BT-Generation/build/turtlebot3_cartographer' returned '0': CMAKE_PREFIX_PATH=${CMAKE_PREFIX_PATH}:/home/absolutezeno/Auto-BT-Generation/install/turtlebot3_teleop:/home/absolutezeno/Auto-BT-Generation/install/turtlebot3_example:/home/absolutezeno/Auto-BT-Generation/install/py_trees_ros_viewer:/home/absolutezeno/Auto-BT-Generation/install/py_trees_ros_tutorials:/home/absolutezeno/Auto-BT-Generation/install/py_trees_ros:/opt/ros/humble /usr/bin/cmake --install /home/absolutezeno/Auto-BT-Generation/build/turtlebot3_cartographer
