[0.974s] Invoking command in '/home/absolutezeno/Auto-BT-Generation/build/turtlebot3_node': CMAKE_PREFIX_PATH=${CMAKE_PREFIX_PATH}:/home/absolutezeno/Auto-BT-Generation/install/turtlebot3_teleop:/home/absolutezeno/Auto-BT-Generation/install/turtlebot3_example:/home/absolutezeno/Auto-BT-Generation/install/py_trees_ros_viewer:/home/absolutezeno/Auto-BT-Generation/install/py_trees_ros_tutorials:/home/absolutezeno/Auto-BT-Generation/install/py_trees_ros:/home/absolutezeno/FRA501/install/rqt_joint_trajectory_controller:/home/absolutezeno/FRA501/install/rqt_controller_manager:/home/absolutezeno/FRA501/install/ros2controlcli:/home/absolutezeno/FRA501/install/ros2_controllers_test_nodes:/opt/ros/humble VIRTUAL_ENV_PROMPT=(isaaclab) /usr/bin/cmake --build /home/absolutezeno/Auto-BT-Generation/build/turtlebot3_node -- -j20 -l20
[2.107s] [ 85%] Built target turtlebot3_node_lib
[2.107s] [100%] Built target turtlebot3_ros
[2.111s] Invoked command in '/home/absolutezeno/Auto-BT-Generation/build/turtlebot3_node' returned '0': CMAKE_PREFIX_PATH=${CMAKE_PREFIX_PATH}:/home/absolutezeno/Auto-BT-Generation/install/turtlebot3_teleop:/home/absolutezeno/Auto-BT-Generation/install/turtlebot3_example:/home/absolutezeno/Auto-BT-Generation/install/py_trees_ros_viewer:/home/absolutezeno/Auto-BT-Generation/install/py_trees_ros_tutorials:/home/absolutezeno/Auto-BT-Generation/install/py_trees_ros:/home/absolutezeno/FRA501/install/rqt_joint_trajectory_controller:/home/absolutezeno/FRA501/install/rqt_controller_manager:/home/absolutezeno/FRA501/install/ros2controlcli:/home/absolutezeno/FRA501/install/ros2_controllers_test_nodes:/opt/ros/humble VIRTUAL_ENV_PROMPT=(isaaclab) /usr/bin/cmake --build /home/absolutezeno/Auto-BT-Generation/build/turtlebot3_node -- -j20 -l20
[2.538s] Invoking command in '/home/absolutezeno/Auto-BT-Generation/build/turtlebot3_node': CMAKE_PREFIX_PATH=${CMAKE_PREFIX_PATH}:/home/absolutezeno/Auto-BT-Generation/install/turtlebot3_teleop:/home/absolutezeno/Auto-BT-Generation/install/turtlebot3_example:/home/absolutezeno/Auto-BT-Generation/install/py_trees_ros_viewer:/home/absolutezeno/Auto-BT-Generation/install/py_trees_ros_tutorials:/home/absolutezeno/Auto-BT-Generation/install/py_trees_ros:/home/absolutezeno/FRA501/install/rqt_joint_trajectory_controller:/home/absolutezeno/FRA501/install/rqt_controller_manager:/home/absolutezeno/FRA501/install/ros2controlcli:/home/absolutezeno/FRA501/install/ros2_controllers_test_nodes:/opt/ros/humble VIRTUAL_ENV_PROMPT=(isaaclab) /usr/bin/cmake --install /home/absolutezeno/Auto-BT-Generation/build/turtlebot3_node
[2.551s] -- Install configuration: ""
[2.551s] -- Up-to-date: /home/absolutezeno/Auto-BT-Generation/install/turtlebot3_node/share/turtlebot3_node/param
[2.551s] -- Up-to-date: /home/absolutezeno/Auto-BT-Generation/install/turtlebot3_node/share/turtlebot3_node/param/waffle.yaml
[2.552s] -- Up-to-date: /home/absolutezeno/Auto-BT-Generation/install/turtlebot3_node/share/turtlebot3_node/param/burger.yaml
[2.552s] -- Up-to-date: /home/absolutezeno/Auto-BT-Generation/install/turtlebot3_node/share/turtlebot3_node/param/waffle_pi.yaml
[2.552s] -- Up-to-date: /home/absolutezeno/Auto-BT-Generation/install/turtlebot3_node/lib/turtlebot3_node/turtlebot3_ros
[2.552s] -- Up-to-date: /home/absolutezeno/Auto-BT-Generation/install/turtlebot3_node/share/ament_index/resource_index/package_run_dependencies/turtlebot3_node
[2.555s] -- Up-to-date: /home/absolutezeno/Auto-BT-Generation/install/turtlebot3_node/share/ament_index/resource_index/parent_prefix_path/turtlebot3_node
[2.555s] -- Up-to-date: /home/absolutezeno/Auto-BT-Generation/install/turtlebot3_node/share/turtlebot3_node/environment/ament_prefix_path.sh
[2.555s] -- Up-to-date: /home/absolutezeno/Auto-BT-Generation/install/turtlebot3_node/share/turtlebot3_node/environment/ament_prefix_path.dsv
[2.555s] -- Up-to-date: /home/absolutezeno/Auto-BT-Generation/install/turtlebot3_node/share/turtlebot3_node/environment/path.sh
[2.555s] -- Up-to-date: /home/absolutezeno/Auto-BT-Generation/install/turtlebot3_node/share/turtlebot3_node/environment/path.dsv
[2.555s] -- Up-to-date: /home/absolutezeno/Auto-BT-Generation/install/turtlebot3_node/share/turtlebot3_node/local_setup.bash
[2.555s] -- Up-to-date: /home/absolutezeno/Auto-BT-Generation/install/turtlebot3_node/share/turtlebot3_node/local_setup.sh
[2.555s] -- Up-to-date: /home/absolutezeno/Auto-BT-Generation/install/turtlebot3_node/share/turtlebot3_node/local_setup.zsh
[2.555s] -- Up-to-date: /home/absolutezeno/Auto-BT-Generation/install/turtlebot3_node/share/turtlebot3_node/local_setup.dsv
[2.556s] -- Installing: /home/absolutezeno/Auto-BT-Generation/install/turtlebot3_node/share/turtlebot3_node/package.dsv
[2.557s] -- Up-to-date: /home/absolutezeno/Auto-BT-Generation/install/turtlebot3_node/share/ament_index/resource_index/packages/turtlebot3_node
[2.558s] -- Up-to-date: /home/absolutezeno/Auto-BT-Generation/install/turtlebot3_node/share/turtlebot3_node/cmake/ament_cmake_export_include_directories-extras.cmake
[2.558s] -- Up-to-date: /home/absolutezeno/Auto-BT-Generation/install/turtlebot3_node/share/turtlebot3_node/cmake/turtlebot3_nodeConfig.cmake
[2.558s] -- Up-to-date: /home/absolutezeno/Auto-BT-Generation/install/turtlebot3_node/share/turtlebot3_node/cmake/turtlebot3_nodeConfig-version.cmake
[2.558s] -- Up-to-date: /home/absolutezeno/Auto-BT-Generation/install/turtlebot3_node/share/turtlebot3_node/package.xml
[2.682s] Invoked command in '/home/absolutezeno/Auto-BT-Generation/build/turtlebot3_node' returned '0': CMAKE_PREFIX_PATH=${CMAKE_PREFIX_PATH}:/home/absolutezeno/Auto-BT-Generation/install/turtlebot3_teleop:/home/absolutezeno/Auto-BT-Generation/install/turtlebot3_example:/home/absolutezeno/Auto-BT-Generation/install/py_trees_ros_viewer:/home/absolutezeno/Auto-BT-Generation/install/py_trees_ros_tutorials:/home/absolutezeno/Auto-BT-Generation/install/py_trees_ros:/home/absolutezeno/FRA501/install/rqt_joint_trajectory_controller:/home/absolutezeno/FRA501/install/rqt_controller_manager:/home/absolutezeno/FRA501/install/ros2controlcli:/home/absolutezeno/FRA501/install/ros2_controllers_test_nodes:/opt/ros/humble VIRTUAL_ENV_PROMPT=(isaaclab) /usr/bin/cmake --install /home/absolutezeno/Auto-BT-Generation/build/turtlebot3_node
