[0.917s] Invoking command in '/home/absolutezeno/Auto-BT-Generation/build/carter_navigation': CMAKE_PREFIX_PATH=${CMAKE_PREFIX_PATH}:/home/absolutezeno/Auto-BT-Generation/install/py_trees_ros_viewer:/home/absolutezeno/Auto-BT-Generation/install/py_trees_ros_tutorials:/home/absolutezeno/Auto-BT-Generation/install/py_trees_ros:/home/absolutezeno/FRA501/install/rqt_joint_trajectory_controller:/home/absolutezeno/FRA501/install/rqt_controller_manager:/home/absolutezeno/FRA501/install/ros2controlcli:/home/absolutezeno/FRA501/install/ros2_controllers_test_nodes:/opt/ros/humble PS1=(isaaclab) \[\e]0;\u@\h: \w\a\]${debian_chroot:+($debian_chroot)}\[\033[01;32m\]\u@\h\[\033[00m\]:\[\033[01;34m\]\w\[\033[00m\]\$ VIRTUAL_ENV_PROMPT=(isaaclab) /usr/bin/cmake /home/absolutezeno/Auto-BT-Generation/src/navigation/carter_navigation -DCMAKE_INSTALL_PREFIX=/home/absolutezeno/Auto-BT-Generation/install/carter_navigation
[1.158s] -- Found ament_cmake: 1.3.5 (/opt/ros/humble/share/ament_cmake/cmake)
[1.158s] -- Configuring incomplete, errors occurred!
[1.159s] See also "/home/absolutezeno/Auto-BT-Generation/build/carter_navigation/CMakeFiles/CMakeOutput.log".
[1.159s] Traceback (most recent call last):
[1.159s]   File "/opt/ros/humble/share/ament_cmake_core/cmake/core/package_xml_2_cmake.py", line 22, in <module>
[1.159s]     from catkin_pkg.package import parse_package_string
[1.159s] ModuleNotFoundError: No module named 'catkin_pkg'
[1.159s] [31mCMake Error at /opt/ros/humble/share/ament_cmake_core/cmake/core/ament_package_xml.cmake:95 (message):
[1.159s]   execute_process(/home/absolutezeno/isaaclab/bin/python3.10
[1.159s]   /opt/ros/humble/share/ament_cmake_core/cmake/core/package_xml_2_cmake.py
[1.159s]   /home/absolutezeno/Auto-BT-Generation/src/navigation/carter_navigation/package.xml
[1.159s]   /home/absolutezeno/Auto-BT-Generation/build/carter_navigation/ament_cmake_core/package.cmake)
[1.160s]   returned error code 1
[1.160s] Call Stack (most recent call first):
[1.160s]   /opt/ros/humble/share/ament_cmake_core/cmake/core/ament_package_xml.cmake:49 (_ament_package_xml)
[1.160s]   /opt/ros/humble/share/ament_cmake_core/cmake/core/ament_package.cmake:63 (ament_package_xml)
[1.160s]   CMakeLists.txt:13 (ament_package)
[1.160s] 
[1.160s] [0m
[1.401s] Invoked command in '/home/absolutezeno/Auto-BT-Generation/build/carter_navigation' returned '1': CMAKE_PREFIX_PATH=${CMAKE_PREFIX_PATH}:/home/absolutezeno/Auto-BT-Generation/install/py_trees_ros_viewer:/home/absolutezeno/Auto-BT-Generation/install/py_trees_ros_tutorials:/home/absolutezeno/Auto-BT-Generation/install/py_trees_ros:/home/absolutezeno/FRA501/install/rqt_joint_trajectory_controller:/home/absolutezeno/FRA501/install/rqt_controller_manager:/home/absolutezeno/FRA501/install/ros2controlcli:/home/absolutezeno/FRA501/install/ros2_controllers_test_nodes:/opt/ros/humble PS1=(isaaclab) \[\e]0;\u@\h: \w\a\]${debian_chroot:+($debian_chroot)}\[\033[01;32m\]\u@\h\[\033[00m\]:\[\033[01;34m\]\w\[\033[00m\]\$ VIRTUAL_ENV_PROMPT=(isaaclab) /usr/bin/cmake /home/absolutezeno/Auto-BT-Generation/src/navigation/carter_navigation -DCMAKE_INSTALL_PREFIX=/home/absolutezeno/Auto-BT-Generation/install/carter_navigation
