[0.812s] Invoking command in '/home/absolutezeno/Auto-BT-Generation/build/turtlebot3_node': CMAKE_PREFIX_PATH=${CMAKE_PREFIX_PATH}:/home/absolutezeno/Auto-BT-Generation/install/py_trees_ros_viewer:/home/absolutezeno/Auto-BT-Generation/install/py_trees_ros_tutorials:/home/absolutezeno/Auto-BT-Generation/install/py_trees_ros:/home/absolutezeno/FRA501/install/rqt_joint_trajectory_controller:/home/absolutezeno/FRA501/install/rqt_controller_manager:/home/absolutezeno/FRA501/install/ros2controlcli:/home/absolutezeno/FRA501/install/ros2_controllers_test_nodes:/opt/ros/humble PS1=(isaaclab) \[\e]0;\u@\h: \w\a\]${debian_chroot:+($debian_chroot)}\[\033[01;32m\]\u@\h\[\033[00m\]:\[\033[01;34m\]\w\[\033[00m\]\$ VIRTUAL_ENV_PROMPT=(isaaclab) /usr/bin/cmake /home/absolutezeno/Auto-BT-Generation/src/turtlebot3/turtlebot3_node -DCMAKE_INSTALL_PREFIX=/home/absolutezeno/Auto-BT-Generation/install/turtlebot3_node
[1.740s] -- The C compiler identification is GNU 11.4.0
[1.740s] -- The CXX compiler identification is GNU 11.4.0
[1.740s] -- Detecting C compiler ABI info
[1.740s] -- Detecting C compiler ABI info - done
[1.740s] -- Check for working C compiler: /usr/bin/cc - skipped
[1.740s] -- Detecting C compile features
[1.740s] -- Detecting C compile features - done
[1.740s] -- Detecting CXX compiler ABI info
[1.740s] -- Detecting CXX compiler ABI info - done
[1.740s] -- Check for working CXX compiler: /usr/bin/c++ - skipped
[1.740s] -- Detecting CXX compile features
[1.740s] -- Detecting CXX compile features - done
[1.741s] -- Found ament_cmake: 1.3.5 (/opt/ros/humble/share/ament_cmake/cmake)
[1.741s] -- Found Python3: /home/absolutezeno/isaaclab/bin/python3.10 (found version "3.10.12") found components: Interpreter 
[1.741s] -- Found dynamixel_sdk: 3.7.60 (/opt/ros/humble/share/dynamixel_sdk/cmake)
[1.741s] -- Found geometry_msgs: 4.2.3 (/opt/ros/humble/share/geometry_msgs/cmake)
[1.741s] -- Found rosidl_generator_c: 3.1.5 (/opt/ros/humble/share/rosidl_generator_c/cmake)
[1.741s] -- Found rosidl_adapter: 3.1.5 (/opt/ros/humble/share/rosidl_adapter/cmake)
[1.741s] -- Found rosidl_generator_cpp: 3.1.5 (/opt/ros/humble/share/rosidl_generator_cpp/cmake)
[1.741s] -- Using all available rosidl_typesupport_c: rosidl_typesupport_fastrtps_c;rosidl_typesupport_introspection_c
[1.741s] -- Using all available rosidl_typesupport_cpp: rosidl_typesupport_fastrtps_cpp;rosidl_typesupport_introspection_cpp
[1.741s] -- Found message_filters: 4.3.3 (/opt/ros/humble/share/message_filters/cmake)
[1.741s] -- Found rmw_implementation_cmake: 6.1.1 (/opt/ros/humble/share/rmw_implementation_cmake/cmake)
[1.741s] -- Found rmw_fastrtps_cpp: 6.2.4 (/opt/ros/humble/share/rmw_fastrtps_cpp/cmake)
[1.741s] -- Found OpenSSL: /usr/lib/x86_64-linux-gnu/libcrypto.so (found version "3.0.2")  
[1.741s] -- Found FastRTPS: /opt/ros/humble/include  
[1.741s] -- Using RMW implementation 'rmw_fastrtps_cpp' as default
[1.741s] -- Looking for pthread.h
[1.743s] -- Looking for pthread.h - found
[1.743s] -- Performing Test CMAKE_HAVE_LIBC_PTHREAD
[1.800s] -- Performing Test CMAKE_HAVE_LIBC_PTHREAD - Success
[1.801s] -- Found Threads: TRUE  
[1.905s] -- Found nav_msgs: 4.2.3 (/opt/ros/humble/share/nav_msgs/cmake)
[1.960s] -- Found sensor_msgs: 4.2.3 (/opt/ros/humble/share/sensor_msgs/cmake)
[2.012s] -- Found std_srvs: 4.2.3 (/opt/ros/humble/share/std_srvs/cmake)
[2.024s] -- Found tf2: 0.25.4 (/opt/ros/humble/share/tf2/cmake)
[2.035s] -- Found tf2_ros: 0.25.4 (/opt/ros/humble/share/tf2_ros/cmake)
[2.275s] [31mCMake Error at CMakeLists.txt:30 (find_package):
[2.275s]   By not providing "Findturtlebot3_msgs.cmake" in CMAKE_MODULE_PATH this
[2.275s]   project has asked CMake to find a package configuration file provided by
[2.275s]   "turtlebot3_msgs", but CMake did not find one.
[2.276s] 
[2.276s]   Could not find a package configuration file provided by "turtlebot3_msgs"
[2.276s]   with any of the following names:
[2.276s] 
[2.276s]     turtlebot3_msgsConfig.cmake
[2.276s]     turtlebot3_msgs-config.cmake
[2.276s] 
[2.276s]   Add the installation prefix of "turtlebot3_msgs" to CMAKE_PREFIX_PATH or
[2.276s]   set "turtlebot3_msgs_DIR" to a directory containing one of the above files.
[2.276s]   If "turtlebot3_msgs" provides a separate development package or SDK, be
[2.276s]   sure it has been installed.
[2.276s] 
[2.276s] [0m
[2.276s] -- Configuring incomplete, errors occurred!
[2.276s] See also "/home/absolutezeno/Auto-BT-Generation/build/turtlebot3_node/CMakeFiles/CMakeOutput.log".
[2.424s] Invoked command in '/home/absolutezeno/Auto-BT-Generation/build/turtlebot3_node' returned '1': CMAKE_PREFIX_PATH=${CMAKE_PREFIX_PATH}:/home/absolutezeno/Auto-BT-Generation/install/py_trees_ros_viewer:/home/absolutezeno/Auto-BT-Generation/install/py_trees_ros_tutorials:/home/absolutezeno/Auto-BT-Generation/install/py_trees_ros:/home/absolutezeno/FRA501/install/rqt_joint_trajectory_controller:/home/absolutezeno/FRA501/install/rqt_controller_manager:/home/absolutezeno/FRA501/install/ros2controlcli:/home/absolutezeno/FRA501/install/ros2_controllers_test_nodes:/opt/ros/humble PS1=(isaaclab) \[\e]0;\u@\h: \w\a\]${debian_chroot:+($debian_chroot)}\[\033[01;32m\]\u@\h\[\033[00m\]:\[\033[01;34m\]\w\[\033[00m\]\$ VIRTUAL_ENV_PROMPT=(isaaclab) /usr/bin/cmake /home/absolutezeno/Auto-BT-Generation/src/turtlebot3/turtlebot3_node -DCMAKE_INSTALL_PREFIX=/home/absolutezeno/Auto-BT-Generation/install/turtlebot3_node
