[0.634s] Invoking command in '/home/absolutezeno/Auto-BT-Generation/build/custom_message': CMAKE_PREFIX_PATH=${CMAKE_PREFIX_PATH}:/home/absolutezeno/Auto-BT-Generation/install/py_trees_ros_viewer:/home/absolutezeno/Auto-BT-Generation/install/py_trees_ros_tutorials:/home/absolutezeno/Auto-BT-Generation/install/py_trees_ros:/home/absolutezeno/FRA501/install/rqt_joint_trajectory_controller:/home/absolutezeno/FRA501/install/rqt_controller_manager:/home/absolutezeno/FRA501/install/ros2controlcli:/home/absolutezeno/FRA501/install/ros2_controllers_test_nodes:/opt/ros/humble PS1=(isaaclab) \[\e]0;\u@\h: \w\a\]${debian_chroot:+($debian_chroot)}\[\033[01;32m\]\u@\h\[\033[00m\]:\[\033[01;34m\]\w\[\033[00m\]\$ VIRTUAL_ENV_PROMPT=(isaaclab) /usr/bin/cmake /home/absolutezeno/Auto-BT-Generation/src/custom_message -DCMAKE_INSTALL_PREFIX=/home/absolutezeno/Auto-BT-Generation/install/custom_message
[0.647s] -- Found ament_cmake: 1.3.5 (/opt/ros/humble/share/ament_cmake/cmake)
[0.771s] -- Found std_msgs: 4.2.4 (/opt/ros/humble/share/std_msgs/cmake)
[0.785s] -- Found rosidl_generator_c: 3.1.5 (/opt/ros/humble/share/rosidl_generator_c/cmake)
[0.787s] -- Found rosidl_adapter: 3.1.5 (/opt/ros/humble/share/rosidl_adapter/cmake)
[0.791s] -- Found rosidl_generator_cpp: 3.1.5 (/opt/ros/humble/share/rosidl_generator_cpp/cmake)
[0.799s] -- Using all available rosidl_typesupport_c: rosidl_typesupport_fastrtps_c;rosidl_typesupport_introspection_c
[0.809s] -- Using all available rosidl_typesupport_cpp: rosidl_typesupport_fastrtps_cpp;rosidl_typesupport_introspection_cpp
[0.841s] -- Found rosidl_default_generators: 1.2.0 (/opt/ros/humble/share/rosidl_default_generators/cmake)
[0.933s] [31mCMake Error at /opt/ros/humble/share/rosidl_adapter/cmake/rosidl_adapt_interfaces.cmake:59 (message):
[0.933s]   execute_process(/home/absolutezeno/isaaclab/bin/python3.10 -m
[0.933s]   rosidl_adapter --package-name custom_message --arguments-file
[0.933s]   /home/absolutezeno/Auto-BT-Generation/build/custom_message/rosidl_adapter__arguments__custom_message.json
[0.933s]   --output-dir
[0.933s]   /home/absolutezeno/Auto-BT-Generation/build/custom_message/rosidl_adapter/custom_message
[0.933s]   --output-file
[0.933s]   /home/absolutezeno/Auto-BT-Generation/build/custom_message/rosidl_adapter/custom_message.idls)
[0.933s]   returned error code 1:
[0.934s] 
[0.934s]   Traceback (most recent call last):
[0.934s] 
[0.934s]     File "/usr/lib/python3.10/runpy.py", line 196, in _run_module_as_main
[0.934s]       return _run_code(code, main_globals, None,
[0.934s]     File "/usr/lib/python3.10/runpy.py", line 86, in _run_code
[0.934s]       exec(code, run_globals)
[0.934s]     File "/opt/ros/humble/local/lib/python3.10/dist-packages/rosidl_adapter/__main__.py", line 19, in <module>
[0.934s]       sys.exit(main())
[0.934s]     File "/opt/ros/humble/local/lib/python3.10/dist-packages/rosidl_adapter/main.py", line 53, in main
[0.934s]       abs_idl_file = convert_to_idl(
[0.934s]     File "/opt/ros/humble/local/lib/python3.10/dist-packages/rosidl_adapter/__init__.py", line 18, in convert_to_idl
[0.934s]       from rosidl_adapter.msg import convert_msg_to_idl
[0.934s]     File "/opt/ros/humble/local/lib/python3.10/dist-packages/rosidl_adapter/msg/__init__.py", line 16, in <module>
[0.934s]       from rosidl_adapter.resource import expand_template
[0.934s]     File "/opt/ros/humble/local/lib/python3.10/dist-packages/rosidl_adapter/resource/__init__.py", line 19, in <module>
[0.934s]       import em
[0.934s] 
[0.934s]   ModuleNotFoundError: No module named 'em'
[0.934s] 
[0.934s] Call Stack (most recent call first):
[0.934s]   /opt/ros/humble/share/rosidl_cmake/cmake/rosidl_generate_interfaces.cmake:130 (rosidl_adapt_interfaces)
[0.934s]   CMakeLists.txt:23 (rosidl_generate_interfaces)
[0.934s] 
[0.934s] [0m
[0.934s] -- Configuring incomplete, errors occurred!
[0.934s] See also "/home/absolutezeno/Auto-BT-Generation/build/custom_message/CMakeFiles/CMakeOutput.log".
[0.937s] Invoked command in '/home/absolutezeno/Auto-BT-Generation/build/custom_message' returned '1': CMAKE_PREFIX_PATH=${CMAKE_PREFIX_PATH}:/home/absolutezeno/Auto-BT-Generation/install/py_trees_ros_viewer:/home/absolutezeno/Auto-BT-Generation/install/py_trees_ros_tutorials:/home/absolutezeno/Auto-BT-Generation/install/py_trees_ros:/home/absolutezeno/FRA501/install/rqt_joint_trajectory_controller:/home/absolutezeno/FRA501/install/rqt_controller_manager:/home/absolutezeno/FRA501/install/ros2controlcli:/home/absolutezeno/FRA501/install/ros2_controllers_test_nodes:/opt/ros/humble PS1=(isaaclab) \[\e]0;\u@\h: \w\a\]${debian_chroot:+($debian_chroot)}\[\033[01;32m\]\u@\h\[\033[00m\]:\[\033[01;34m\]\w\[\033[00m\]\$ VIRTUAL_ENV_PROMPT=(isaaclab) /usr/bin/cmake /home/absolutezeno/Auto-BT-Generation/src/custom_message -DCMAKE_INSTALL_PREFIX=/home/absolutezeno/Auto-BT-Generation/install/custom_message
