[1.072s] Invoking command in '/home/absolutezeno/Auto-BT-Generation/build/turtlebot3_description': CMAKE_PREFIX_PATH=${CMAKE_PREFIX_PATH}:/home/absolutezeno/Auto-BT-Generation/install/turtlebot3_teleop:/home/absolutezeno/Auto-BT-Generation/install/turtlebot3_example:/home/absolutezeno/Auto-BT-Generation/install/py_trees_ros_viewer:/home/absolutezeno/Auto-BT-Generation/install/py_trees_ros_tutorials:/home/absolutezeno/Auto-BT-Generation/install/py_trees_ros:/home/absolutezeno/FRA501/install/rqt_joint_trajectory_controller:/home/absolutezeno/FRA501/install/rqt_controller_manager:/home/absolutezeno/FRA501/install/ros2controlcli:/home/absolutezeno/FRA501/install/ros2_controllers_test_nodes:/opt/ros/humble VIRTUAL_ENV_PROMPT=(isaaclab) /usr/bin/cmake --build /home/absolutezeno/Auto-BT-Generation/build/turtlebot3_description -- -j20 -l20
[2.213s] Invoked command in '/home/absolutezeno/Auto-BT-Generation/build/turtlebot3_description' returned '0': CMAKE_PREFIX_PATH=${CMAKE_PREFIX_PATH}:/home/absolutezeno/Auto-BT-Generation/install/turtlebot3_teleop:/home/absolutezeno/Auto-BT-Generation/install/turtlebot3_example:/home/absolutezeno/Auto-BT-Generation/install/py_trees_ros_viewer:/home/absolutezeno/Auto-BT-Generation/install/py_trees_ros_tutorials:/home/absolutezeno/Auto-BT-Generation/install/py_trees_ros:/home/absolutezeno/FRA501/install/rqt_joint_trajectory_controller:/home/absolutezeno/FRA501/install/rqt_controller_manager:/home/absolutezeno/FRA501/install/ros2controlcli:/home/absolutezeno/FRA501/install/ros2_controllers_test_nodes:/opt/ros/humble VIRTUAL_ENV_PROMPT=(isaaclab) /usr/bin/cmake --build /home/absolutezeno/Auto-BT-Generation/build/turtlebot3_description -- -j20 -l20
[2.639s] Invoking command in '/home/absolutezeno/Auto-BT-Generation/build/turtlebot3_description': CMAKE_PREFIX_PATH=${CMAKE_PREFIX_PATH}:/home/absolutezeno/Auto-BT-Generation/install/turtlebot3_teleop:/home/absolutezeno/Auto-BT-Generation/install/turtlebot3_example:/home/absolutezeno/Auto-BT-Generation/install/py_trees_ros_viewer:/home/absolutezeno/Auto-BT-Generation/install/py_trees_ros_tutorials:/home/absolutezeno/Auto-BT-Generation/install/py_trees_ros:/home/absolutezeno/FRA501/install/rqt_joint_trajectory_controller:/home/absolutezeno/FRA501/install/rqt_controller_manager:/home/absolutezeno/FRA501/install/ros2controlcli:/home/absolutezeno/FRA501/install/ros2_controllers_test_nodes:/opt/ros/humble VIRTUAL_ENV_PROMPT=(isaaclab) /usr/bin/cmake --install /home/absolutezeno/Auto-BT-Generation/build/turtlebot3_description
[2.651s] -- Install configuration: ""
[2.651s] -- Up-to-date: /home/absolutezeno/Auto-BT-Generation/install/turtlebot3_description/share/turtlebot3_description/meshes
[2.651s] -- Up-to-date: /home/absolutezeno/Auto-BT-Generation/install/turtlebot3_description/share/turtlebot3_description/meshes/sensors
[2.651s] -- Up-to-date: /home/absolutezeno/Auto-BT-Generation/install/turtlebot3_description/share/turtlebot3_description/meshes/sensors/r200.dae
[2.652s] -- Up-to-date: /home/absolutezeno/Auto-BT-Generation/install/turtlebot3_description/share/turtlebot3_description/meshes/sensors/astra.jpg
[2.652s] -- Up-to-date: /home/absolutezeno/Auto-BT-Generation/install/turtlebot3_description/share/turtlebot3_description/meshes/sensors/lds.stl
[2.652s] -- Up-to-date: /home/absolutezeno/Auto-BT-Generation/install/turtlebot3_description/share/turtlebot3_description/meshes/sensors/astra.dae
[2.652s] -- Up-to-date: /home/absolutezeno/Auto-BT-Generation/install/turtlebot3_description/share/turtlebot3_description/meshes/sensors/r200.jpg
[2.652s] -- Up-to-date: /home/absolutezeno/Auto-BT-Generation/install/turtlebot3_description/share/turtlebot3_description/meshes/wheels
[2.652s] -- Up-to-date: /home/absolutezeno/Auto-BT-Generation/install/turtlebot3_description/share/turtlebot3_description/meshes/wheels/left_tire.stl
[2.652s] -- Up-to-date: /home/absolutezeno/Auto-BT-Generation/install/turtlebot3_description/share/turtlebot3_description/meshes/wheels/right_tire.stl
[2.652s] -- Up-to-date: /home/absolutezeno/Auto-BT-Generation/install/turtlebot3_description/share/turtlebot3_description/meshes/bases
[2.652s] -- Up-to-date: /home/absolutezeno/Auto-BT-Generation/install/turtlebot3_description/share/turtlebot3_description/meshes/bases/waffle_base.stl
[2.652s] -- Up-to-date: /home/absolutezeno/Auto-BT-Generation/install/turtlebot3_description/share/turtlebot3_description/meshes/bases/waffle_pi_base.stl
[2.652s] -- Up-to-date: /home/absolutezeno/Auto-BT-Generation/install/turtlebot3_description/share/turtlebot3_description/meshes/bases/burger_base.stl
[2.652s] -- Up-to-date: /home/absolutezeno/Auto-BT-Generation/install/turtlebot3_description/share/turtlebot3_description/rviz
[2.653s] -- Up-to-date: /home/absolutezeno/Auto-BT-Generation/install/turtlebot3_description/share/turtlebot3_description/rviz/model.rviz
[2.653s] -- Up-to-date: /home/absolutezeno/Auto-BT-Generation/install/turtlebot3_description/share/turtlebot3_description/urdf
[2.653s] -- Up-to-date: /home/absolutezeno/Auto-BT-Generation/install/turtlebot3_description/share/turtlebot3_description/urdf/turtlebot3_waffle.urdf
[2.653s] -- Up-to-date: /home/absolutezeno/Auto-BT-Generation/install/turtlebot3_description/share/turtlebot3_description/urdf/turtlebot3_burger.urdf
[2.653s] -- Up-to-date: /home/absolutezeno/Auto-BT-Generation/install/turtlebot3_description/share/turtlebot3_description/urdf/turtlebot3_waffle_pi.urdf
[2.653s] -- Up-to-date: /home/absolutezeno/Auto-BT-Generation/install/turtlebot3_description/share/turtlebot3_description/urdf/turtlebot3_burger
[2.655s] -- Up-to-date: /home/absolutezeno/Auto-BT-Generation/install/turtlebot3_description/share/turtlebot3_description/urdf/turtlebot3_burger/turtlebot3_burger.usd
[2.656s] -- Up-to-date: /home/absolutezeno/Auto-BT-Generation/install/turtlebot3_description/share/turtlebot3_description/urdf/common_properties.urdf
[2.656s] -- Up-to-date: /home/absolutezeno/Auto-BT-Generation/install/turtlebot3_description/share/ament_index/resource_index/package_run_dependencies/turtlebot3_description
[2.656s] -- Up-to-date: /home/absolutezeno/Auto-BT-Generation/install/turtlebot3_description/share/ament_index/resource_index/parent_prefix_path/turtlebot3_description
[2.656s] -- Up-to-date: /home/absolutezeno/Auto-BT-Generation/install/turtlebot3_description/share/turtlebot3_description/environment/ament_prefix_path.sh
[2.656s] -- Up-to-date: /home/absolutezeno/Auto-BT-Generation/install/turtlebot3_description/share/turtlebot3_description/environment/ament_prefix_path.dsv
[2.656s] -- Up-to-date: /home/absolutezeno/Auto-BT-Generation/install/turtlebot3_description/share/turtlebot3_description/environment/path.sh
[2.656s] -- Up-to-date: /home/absolutezeno/Auto-BT-Generation/install/turtlebot3_description/share/turtlebot3_description/environment/path.dsv
[2.656s] -- Up-to-date: /home/absolutezeno/Auto-BT-Generation/install/turtlebot3_description/share/turtlebot3_description/local_setup.bash
[2.657s] -- Up-to-date: /home/absolutezeno/Auto-BT-Generation/install/turtlebot3_description/share/turtlebot3_description/local_setup.sh
[2.657s] -- Up-to-date: /home/absolutezeno/Auto-BT-Generation/install/turtlebot3_description/share/turtlebot3_description/local_setup.zsh
[2.657s] -- Up-to-date: /home/absolutezeno/Auto-BT-Generation/install/turtlebot3_description/share/turtlebot3_description/local_setup.dsv
[2.657s] -- Installing: /home/absolutezeno/Auto-BT-Generation/install/turtlebot3_description/share/turtlebot3_description/package.dsv
[2.658s] -- Up-to-date: /home/absolutezeno/Auto-BT-Generation/install/turtlebot3_description/share/ament_index/resource_index/packages/turtlebot3_description
[2.658s] -- Up-to-date: /home/absolutezeno/Auto-BT-Generation/install/turtlebot3_description/share/turtlebot3_description/cmake/turtlebot3_descriptionConfig.cmake
[2.658s] -- Up-to-date: /home/absolutezeno/Auto-BT-Generation/install/turtlebot3_description/share/turtlebot3_description/cmake/turtlebot3_descriptionConfig-version.cmake
[2.659s] -- Up-to-date: /home/absolutezeno/Auto-BT-Generation/install/turtlebot3_description/share/turtlebot3_description/package.xml
[2.664s] Invoked command in '/home/absolutezeno/Auto-BT-Generation/build/turtlebot3_description' returned '0': CMAKE_PREFIX_PATH=${CMAKE_PREFIX_PATH}:/home/absolutezeno/Auto-BT-Generation/install/turtlebot3_teleop:/home/absolutezeno/Auto-BT-Generation/install/turtlebot3_example:/home/absolutezeno/Auto-BT-Generation/install/py_trees_ros_viewer:/home/absolutezeno/Auto-BT-Generation/install/py_trees_ros_tutorials:/home/absolutezeno/Auto-BT-Generation/install/py_trees_ros:/home/absolutezeno/FRA501/install/rqt_joint_trajectory_controller:/home/absolutezeno/FRA501/install/rqt_controller_manager:/home/absolutezeno/FRA501/install/ros2controlcli:/home/absolutezeno/FRA501/install/ros2_controllers_test_nodes:/opt/ros/humble VIRTUAL_ENV_PROMPT=(isaaclab) /usr/bin/cmake --install /home/absolutezeno/Auto-BT-Generation/build/turtlebot3_description
