[1.549s] Invoking command in '/home/absolutezeno/Auto-BT-Generation/src/IsaacLab-autogenBT/exts/autogen_bt': PYTHONPATH=/home/absolutezeno/Auto-BT-Generation/build/autogen_bt/prefix_override:/home/absolutezeno/Auto-BT-Generation/install/autogen_bt/lib/python3.10/site-packages:${PYTHONPATH} /usr/bin/python3 setup.py egg_info --egg-base ../../../../build/autogen_bt build --build-base /home/absolutezeno/Auto-BT-Generation/build/autogen_bt/build install --record /home/absolutezeno/Auto-BT-Generation/build/autogen_bt/install.log --single-version-externally-managed
[1.888s] running egg_info
[1.889s] creating ../../../../build/autogen_bt/autogen_bt.egg-info
[1.889s] writing ../../../../build/autogen_bt/autogen_bt.egg-info/PKG-INFO
[1.889s] writing dependency_links to ../../../../build/autogen_bt/autogen_bt.egg-info/dependency_links.txt
[1.889s] writing requirements to ../../../../build/autogen_bt/autogen_bt.egg-info/requires.txt
[1.889s] writing top-level names to ../../../../build/autogen_bt/autogen_bt.egg-info/top_level.txt
[1.889s] writing manifest file '../../../../build/autogen_bt/autogen_bt.egg-info/SOURCES.txt'
[1.891s] reading manifest file '../../../../build/autogen_bt/autogen_bt.egg-info/SOURCES.txt'
[1.891s] writing manifest file '../../../../build/autogen_bt/autogen_bt.egg-info/SOURCES.txt'
[1.891s] running build
[1.891s] running build_py
[1.892s] creating /home/absolutezeno/Auto-BT-Generation/build/autogen_bt/build
[1.892s] creating /home/absolutezeno/Auto-BT-Generation/build/autogen_bt/build/lib
[1.892s] creating /home/absolutezeno/Auto-BT-Generation/build/autogen_bt/build/lib/autogen_bt
[1.892s] copying autogen_bt/ui_extension_example.py -> /home/absolutezeno/Auto-BT-Generation/build/autogen_bt/build/lib/autogen_bt
[1.892s] copying autogen_bt/__init__.py -> /home/absolutezeno/Auto-BT-Generation/build/autogen_bt/build/lib/autogen_bt
[1.892s] running install
[1.893s] /usr/lib/python3/dist-packages/setuptools/command/install.py:34: SetuptoolsDeprecationWarning: setup.py install is deprecated. Use build and pip and other standards-based tools.
[1.893s]   warnings.warn(
[1.893s] running install_lib
[1.893s] creating /home/absolutezeno/Auto-BT-Generation/install/autogen_bt/lib/python3.10/site-packages/autogen_bt
[1.893s] copying /home/absolutezeno/Auto-BT-Generation/build/autogen_bt/build/lib/autogen_bt/ui_extension_example.py -> /home/absolutezeno/Auto-BT-Generation/install/autogen_bt/lib/python3.10/site-packages/autogen_bt
[1.893s] copying /home/absolutezeno/Auto-BT-Generation/build/autogen_bt/build/lib/autogen_bt/__init__.py -> /home/absolutezeno/Auto-BT-Generation/install/autogen_bt/lib/python3.10/site-packages/autogen_bt
[1.894s] byte-compiling /home/absolutezeno/Auto-BT-Generation/install/autogen_bt/lib/python3.10/site-packages/autogen_bt/ui_extension_example.py to ui_extension_example.cpython-310.pyc
[1.894s] byte-compiling /home/absolutezeno/Auto-BT-Generation/install/autogen_bt/lib/python3.10/site-packages/autogen_bt/__init__.py to __init__.cpython-310.pyc
[1.895s] running install_egg_info
[1.896s] Copying ../../../../build/autogen_bt/autogen_bt.egg-info to /home/absolutezeno/Auto-BT-Generation/install/autogen_bt/lib/python3.10/site-packages/autogen_bt-0.1.0-py3.10.egg-info
[1.896s] running install_scripts
[1.911s] writing list of installed files to '/home/absolutezeno/Auto-BT-Generation/build/autogen_bt/install.log'
[1.983s] Invoked command in '/home/absolutezeno/Auto-BT-Generation/src/IsaacLab-autogenBT/exts/autogen_bt' returned '0': PYTHONPATH=/home/absolutezeno/Auto-BT-Generation/build/autogen_bt/prefix_override:/home/absolutezeno/Auto-BT-Generation/install/autogen_bt/lib/python3.10/site-packages:${PYTHONPATH} /usr/bin/python3 setup.py egg_info --egg-base ../../../../build/autogen_bt build --build-base /home/absolutezeno/Auto-BT-Generation/build/autogen_bt/build install --record /home/absolutezeno/Auto-BT-Generation/build/autogen_bt/install.log --single-version-externally-managed
