[0.771s] Invoking command in '/home/absolutezeno/Auto-BT-Generation/build/isaac_ros2_messages': CMAKE_PREFIX_PATH=${CMAKE_PREFIX_PATH}:/home/absolutezeno/Auto-BT-Generation/install/py_trees_ros_viewer:/home/absolutezeno/Auto-BT-Generation/install/py_trees_ros_tutorials:/home/absolutezeno/Auto-BT-Generation/install/py_trees_ros:/home/absolutezeno/FRA501/install/rqt_joint_trajectory_controller:/home/absolutezeno/FRA501/install/rqt_controller_manager:/home/absolutezeno/FRA501/install/ros2controlcli:/home/absolutezeno/FRA501/install/ros2_controllers_test_nodes:/opt/ros/humble PS1=(isaaclab) \[\e]0;\u@\h: \w\a\]${debian_chroot:+($debian_chroot)}\[\033[01;32m\]\u@\h\[\033[00m\]:\[\033[01;34m\]\w\[\033[00m\]\$ VIRTUAL_ENV_PROMPT=(isaaclab) /usr/bin/cmake /home/absolutezeno/Auto-BT-Generation/src/isaac_ros2_messages -DCMAKE_INSTALL_PREFIX=/home/absolutezeno/Auto-BT-Generation/install/isaac_ros2_messages
[1.012s] Traceback (most recent call last):
[1.012s]   File "/opt/ros/humble/share/ament_cmake_core/cmake/core/package_xml_2_cmake.py", line 22, in <module>
[1.013s]     from catkin_pkg.package import parse_package_string
[1.013s] ModuleNotFoundError: No module named 'catkin_pkg'
[1.013s] [31mCMake Error at /opt/ros/humble/share/ament_cmake_core/cmake/core/ament_package_xml.cmake:95 (message):
[1.013s]   execute_process(/home/absolutezeno/isaaclab/bin/python3.10
[1.013s]   /opt/ros/humble/share/ament_cmake_core/cmake/core/package_xml_2_cmake.py
[1.013s]   /home/absolutezeno/Auto-BT-Generation/src/isaac_ros2_messages/package.xml
[1.013s]   /home/absolutezeno/Auto-BT-Generation/build/isaac_ros2_messages/ament_cmake_core/package.cmake)
[1.013s]   returned error code 1
[1.013s] Call Stack (most recent call first):
[1.013s]   /opt/ros/humble/share/ament_cmake_core/cmake/core/ament_package_xml.cmake:49 (_ament_package_xml)
[1.013s]   /opt/ros/humble/share/ament_lint_auto/cmake/ament_lint_auto_find_test_dependencies.cmake:31 (ament_package_xml)
[1.013s]   CMakeLists.txt:32 (ament_lint_auto_find_test_dependencies)
[1.013s] 
[1.013s] [0m
[1.013s] -- Found ament_cmake: 1.3.5 (/opt/ros/humble/share/ament_cmake/cmake)
[1.013s] -- Found ament_lint_auto: 0.12.8 (/opt/ros/humble/share/ament_lint_auto/cmake)
[1.013s] -- Configuring incomplete, errors occurred!
[1.014s] See also "/home/absolutezeno/Auto-BT-Generation/build/isaac_ros2_messages/CMakeFiles/CMakeOutput.log".
[1.254s] Invoked command in '/home/absolutezeno/Auto-BT-Generation/build/isaac_ros2_messages' returned '1': CMAKE_PREFIX_PATH=${CMAKE_PREFIX_PATH}:/home/absolutezeno/Auto-BT-Generation/install/py_trees_ros_viewer:/home/absolutezeno/Auto-BT-Generation/install/py_trees_ros_tutorials:/home/absolutezeno/Auto-BT-Generation/install/py_trees_ros:/home/absolutezeno/FRA501/install/rqt_joint_trajectory_controller:/home/absolutezeno/FRA501/install/rqt_controller_manager:/home/absolutezeno/FRA501/install/ros2controlcli:/home/absolutezeno/FRA501/install/ros2_controllers_test_nodes:/opt/ros/humble PS1=(isaaclab) \[\e]0;\u@\h: \w\a\]${debian_chroot:+($debian_chroot)}\[\033[01;32m\]\u@\h\[\033[00m\]:\[\033[01;34m\]\w\[\033[00m\]\$ VIRTUAL_ENV_PROMPT=(isaaclab) /usr/bin/cmake /home/absolutezeno/Auto-BT-Generation/src/isaac_ros2_messages -DCMAKE_INSTALL_PREFIX=/home/absolutezeno/Auto-BT-Generation/install/isaac_ros2_messages
