[0.768s] Invoking command in '/home/absolutezeno/Auto-BT-Generation/build/turtlebot3_node': CMAKE_PREFIX_PATH=${CMAKE_PREFIX_PATH}:/home/absolutezeno/Auto-BT-Generation/install/py_trees_ros_viewer:/home/absolutezeno/Auto-BT-Generation/install/py_trees_ros_tutorials:/home/absolutezeno/Auto-BT-Generation/install/py_trees_ros:/home/absolutezeno/FRA501/install/rqt_joint_trajectory_controller:/home/absolutezeno/FRA501/install/rqt_controller_manager:/home/absolutezeno/FRA501/install/ros2controlcli:/home/absolutezeno/FRA501/install/ros2_controllers_test_nodes:/opt/ros/humble PS1=(isaaclab) \[\e]0;\u@\h: \w\a\]${debian_chroot:+($debian_chroot)}\[\033[01;32m\]\u@\h\[\033[00m\]:\[\033[01;34m\]\w\[\033[00m\]\$ VIRTUAL_ENV_PROMPT=(isaaclab) /usr/bin/cmake /home/absolutezeno/Auto-BT-Generation/src/turtlebot3/turtlebot3_node -DCMAKE_INSTALL_PREFIX=/home/absolutezeno/Auto-BT-Generation/install/turtlebot3_node
[1.576s] -- Found ament_cmake: 1.3.5 (/opt/ros/humble/share/ament_cmake/cmake)
[1.576s] -- Found dynamixel_sdk: 3.7.60 (/opt/ros/humble/share/dynamixel_sdk/cmake)
[1.576s] -- Found geometry_msgs: 4.2.3 (/opt/ros/humble/share/geometry_msgs/cmake)
[1.576s] -- Found rosidl_generator_c: 3.1.5 (/opt/ros/humble/share/rosidl_generator_c/cmake)
[1.576s] -- Found rosidl_adapter: 3.1.5 (/opt/ros/humble/share/rosidl_adapter/cmake)
[1.576s] -- Found rosidl_generator_cpp: 3.1.5 (/opt/ros/humble/share/rosidl_generator_cpp/cmake)
[1.576s] -- Using all available rosidl_typesupport_c: rosidl_typesupport_fastrtps_c;rosidl_typesupport_introspection_c
[1.576s] -- Using all available rosidl_typesupport_cpp: rosidl_typesupport_fastrtps_cpp;rosidl_typesupport_introspection_cpp
[1.576s] -- Found message_filters: 4.3.3 (/opt/ros/humble/share/message_filters/cmake)
[1.576s] -- Found rmw_implementation_cmake: 6.1.1 (/opt/ros/humble/share/rmw_implementation_cmake/cmake)
[1.576s] -- Found rmw_fastrtps_cpp: 6.2.4 (/opt/ros/humble/share/rmw_fastrtps_cpp/cmake)
[1.576s] -- Using RMW implementation 'rmw_fastrtps_cpp' as default
[1.576s] -- Found nav_msgs: 4.2.3 (/opt/ros/humble/share/nav_msgs/cmake)
[1.576s] -- Found sensor_msgs: 4.2.3 (/opt/ros/humble/share/sensor_msgs/cmake)
[1.576s] -- Found std_srvs: 4.2.3 (/opt/ros/humble/share/std_srvs/cmake)
[1.576s] -- Found tf2: 0.25.4 (/opt/ros/humble/share/tf2/cmake)
[1.576s] -- Found tf2_ros: 0.25.4 (/opt/ros/humble/share/tf2_ros/cmake)
[1.576s] -- Found turtlebot3_msgs: 2.2.3 (/opt/ros/humble/share/turtlebot3_msgs/cmake)
[1.576s] -- Configuring done
[1.585s] -- Generating done
[1.586s] -- Build files have been written to: /home/absolutezeno/Auto-BT-Generation/build/turtlebot3_node
[1.859s] Invoked command in '/home/absolutezeno/Auto-BT-Generation/build/turtlebot3_node' returned '0': CMAKE_PREFIX_PATH=${CMAKE_PREFIX_PATH}:/home/absolutezeno/Auto-BT-Generation/install/py_trees_ros_viewer:/home/absolutezeno/Auto-BT-Generation/install/py_trees_ros_tutorials:/home/absolutezeno/Auto-BT-Generation/install/py_trees_ros:/home/absolutezeno/FRA501/install/rqt_joint_trajectory_controller:/home/absolutezeno/FRA501/install/rqt_controller_manager:/home/absolutezeno/FRA501/install/ros2controlcli:/home/absolutezeno/FRA501/install/ros2_controllers_test_nodes:/opt/ros/humble PS1=(isaaclab) \[\e]0;\u@\h: \w\a\]${debian_chroot:+($debian_chroot)}\[\033[01;32m\]\u@\h\[\033[00m\]:\[\033[01;34m\]\w\[\033[00m\]\$ VIRTUAL_ENV_PROMPT=(isaaclab) /usr/bin/cmake /home/absolutezeno/Auto-BT-Generation/src/turtlebot3/turtlebot3_node -DCMAKE_INSTALL_PREFIX=/home/absolutezeno/Auto-BT-Generation/install/turtlebot3_node
[1.860s] Invoking command in '/home/absolutezeno/Auto-BT-Generation/build/turtlebot3_node': CMAKE_PREFIX_PATH=${CMAKE_PREFIX_PATH}:/home/absolutezeno/Auto-BT-Generation/install/py_trees_ros_viewer:/home/absolutezeno/Auto-BT-Generation/install/py_trees_ros_tutorials:/home/absolutezeno/Auto-BT-Generation/install/py_trees_ros:/home/absolutezeno/FRA501/install/rqt_joint_trajectory_controller:/home/absolutezeno/FRA501/install/rqt_controller_manager:/home/absolutezeno/FRA501/install/ros2controlcli:/home/absolutezeno/FRA501/install/ros2_controllers_test_nodes:/opt/ros/humble PS1=(isaaclab) \[\e]0;\u@\h: \w\a\]${debian_chroot:+($debian_chroot)}\[\033[01;32m\]\u@\h\[\033[00m\]:\[\033[01;34m\]\w\[\033[00m\]\$ VIRTUAL_ENV_PROMPT=(isaaclab) /usr/bin/cmake --build /home/absolutezeno/Auto-BT-Generation/build/turtlebot3_node -- -j20 -l20
[1.907s] [ 21%] [32mBuilding CXX object CMakeFiles/turtlebot3_node_lib.dir/src/devices/reset.cpp.o[0m
[1.907s] [ 21%] [32mBuilding CXX object CMakeFiles/turtlebot3_node_lib.dir/src/diff_drive_controller.cpp.o[0m
[1.907s] [ 21%] [32mBuilding CXX object CMakeFiles/turtlebot3_node_lib.dir/src/devices/motor_power.cpp.o[0m
[1.908s] [ 28%] [32mBuilding CXX object CMakeFiles/turtlebot3_node_lib.dir/src/dynamixel_sdk_wrapper.cpp.o[0m
[1.908s] [ 35%] [32mBuilding CXX object CMakeFiles/turtlebot3_node_lib.dir/src/turtlebot3.cpp.o[0m
[1.908s] [ 42%] [32mBuilding CXX object CMakeFiles/turtlebot3_node_lib.dir/src/sensors/battery_state.cpp.o[0m
[1.908s] [ 50%] [32mBuilding CXX object CMakeFiles/turtlebot3_node_lib.dir/src/devices/sound.cpp.o[0m
[1.914s] [ 57%] [32mBuilding CXX object CMakeFiles/turtlebot3_node_lib.dir/src/odometry.cpp.o[0m
[1.914s] [ 64%] [32mBuilding CXX object CMakeFiles/turtlebot3_node_lib.dir/src/sensors/imu.cpp.o[0m
[1.914s] [ 71%] [32mBuilding CXX object CMakeFiles/turtlebot3_node_lib.dir/src/sensors/joint_state.cpp.o[0m
[1.914s] [ 78%] [32mBuilding CXX object CMakeFiles/turtlebot3_node_lib.dir/src/sensors/sensor_state.cpp.o[0m
[10.321s] [ 85%] [32m[1mLinking CXX static library libturtlebot3_node_lib.a[0m
[10.604s] [ 85%] Built target turtlebot3_node_lib
[10.621s] [ 92%] [32mBuilding CXX object CMakeFiles/turtlebot3_ros.dir/src/node_main.cpp.o[0m
[12.279s] [100%] [32m[1mLinking CXX executable turtlebot3_ros[0m
[13.177s] [100%] Built target turtlebot3_ros
[13.187s] Invoked command in '/home/absolutezeno/Auto-BT-Generation/build/turtlebot3_node' returned '0': CMAKE_PREFIX_PATH=${CMAKE_PREFIX_PATH}:/home/absolutezeno/Auto-BT-Generation/install/py_trees_ros_viewer:/home/absolutezeno/Auto-BT-Generation/install/py_trees_ros_tutorials:/home/absolutezeno/Auto-BT-Generation/install/py_trees_ros:/home/absolutezeno/FRA501/install/rqt_joint_trajectory_controller:/home/absolutezeno/FRA501/install/rqt_controller_manager:/home/absolutezeno/FRA501/install/ros2controlcli:/home/absolutezeno/FRA501/install/ros2_controllers_test_nodes:/opt/ros/humble PS1=(isaaclab) \[\e]0;\u@\h: \w\a\]${debian_chroot:+($debian_chroot)}\[\033[01;32m\]\u@\h\[\033[00m\]:\[\033[01;34m\]\w\[\033[00m\]\$ VIRTUAL_ENV_PROMPT=(isaaclab) /usr/bin/cmake --build /home/absolutezeno/Auto-BT-Generation/build/turtlebot3_node -- -j20 -l20
[13.239s] Invoking command in '/home/absolutezeno/Auto-BT-Generation/build/turtlebot3_node': CMAKE_PREFIX_PATH=${CMAKE_PREFIX_PATH}:/home/absolutezeno/Auto-BT-Generation/install/py_trees_ros_viewer:/home/absolutezeno/Auto-BT-Generation/install/py_trees_ros_tutorials:/home/absolutezeno/Auto-BT-Generation/install/py_trees_ros:/home/absolutezeno/FRA501/install/rqt_joint_trajectory_controller:/home/absolutezeno/FRA501/install/rqt_controller_manager:/home/absolutezeno/FRA501/install/ros2controlcli:/home/absolutezeno/FRA501/install/ros2_controllers_test_nodes:/opt/ros/humble PS1=(isaaclab) \[\e]0;\u@\h: \w\a\]${debian_chroot:+($debian_chroot)}\[\033[01;32m\]\u@\h\[\033[00m\]:\[\033[01;34m\]\w\[\033[00m\]\$ VIRTUAL_ENV_PROMPT=(isaaclab) /usr/bin/cmake --install /home/absolutezeno/Auto-BT-Generation/build/turtlebot3_node
[13.244s] -- Install configuration: ""
[13.244s] -- Installing: /home/absolutezeno/Auto-BT-Generation/install/turtlebot3_node/share/turtlebot3_node/param
[13.244s] -- Installing: /home/absolutezeno/Auto-BT-Generation/install/turtlebot3_node/share/turtlebot3_node/param/waffle.yaml
[13.244s] -- Installing: /home/absolutezeno/Auto-BT-Generation/install/turtlebot3_node/share/turtlebot3_node/param/burger.yaml
[13.244s] -- Installing: /home/absolutezeno/Auto-BT-Generation/install/turtlebot3_node/share/turtlebot3_node/param/waffle_pi.yaml
[13.244s] -- Installing: /home/absolutezeno/Auto-BT-Generation/install/turtlebot3_node/lib/turtlebot3_node/turtlebot3_ros
[13.250s] -- Set runtime path of "/home/absolutezeno/Auto-BT-Generation/install/turtlebot3_node/lib/turtlebot3_node/turtlebot3_ros" to ""
[13.250s] -- Installing: /home/absolutezeno/Auto-BT-Generation/install/turtlebot3_node/share/ament_index/resource_index/package_run_dependencies/turtlebot3_node
[13.250s] -- Installing: /home/absolutezeno/Auto-BT-Generation/install/turtlebot3_node/share/ament_index/resource_index/parent_prefix_path/turtlebot3_node
[13.250s] -- Installing: /home/absolutezeno/Auto-BT-Generation/install/turtlebot3_node/share/turtlebot3_node/environment/ament_prefix_path.sh
[13.250s] -- Installing: /home/absolutezeno/Auto-BT-Generation/install/turtlebot3_node/share/turtlebot3_node/environment/ament_prefix_path.dsv
[13.250s] -- Installing: /home/absolutezeno/Auto-BT-Generation/install/turtlebot3_node/share/turtlebot3_node/environment/path.sh
[13.251s] -- Installing: /home/absolutezeno/Auto-BT-Generation/install/turtlebot3_node/share/turtlebot3_node/environment/path.dsv
[13.251s] -- Installing: /home/absolutezeno/Auto-BT-Generation/install/turtlebot3_node/share/turtlebot3_node/local_setup.bash
[13.251s] -- Installing: /home/absolutezeno/Auto-BT-Generation/install/turtlebot3_node/share/turtlebot3_node/local_setup.sh
[13.251s] -- Installing: /home/absolutezeno/Auto-BT-Generation/install/turtlebot3_node/share/turtlebot3_node/local_setup.zsh
[13.251s] -- Installing: /home/absolutezeno/Auto-BT-Generation/install/turtlebot3_node/share/turtlebot3_node/local_setup.dsv
[13.251s] -- Installing: /home/absolutezeno/Auto-BT-Generation/install/turtlebot3_node/share/turtlebot3_node/package.dsv
[13.251s] -- Installing: /home/absolutezeno/Auto-BT-Generation/install/turtlebot3_node/share/ament_index/resource_index/packages/turtlebot3_node
[13.251s] -- Installing: /home/absolutezeno/Auto-BT-Generation/install/turtlebot3_node/share/turtlebot3_node/cmake/ament_cmake_export_include_directories-extras.cmake
[13.251s] -- Installing: /home/absolutezeno/Auto-BT-Generation/install/turtlebot3_node/share/turtlebot3_node/cmake/turtlebot3_nodeConfig.cmake
[13.251s] -- Installing: /home/absolutezeno/Auto-BT-Generation/install/turtlebot3_node/share/turtlebot3_node/cmake/turtlebot3_nodeConfig-version.cmake
[13.251s] -- Installing: /home/absolutezeno/Auto-BT-Generation/install/turtlebot3_node/share/turtlebot3_node/package.xml
[13.252s] Invoked command in '/home/absolutezeno/Auto-BT-Generation/build/turtlebot3_node' returned '0': CMAKE_PREFIX_PATH=${CMAKE_PREFIX_PATH}:/home/absolutezeno/Auto-BT-Generation/install/py_trees_ros_viewer:/home/absolutezeno/Auto-BT-Generation/install/py_trees_ros_tutorials:/home/absolutezeno/Auto-BT-Generation/install/py_trees_ros:/home/absolutezeno/FRA501/install/rqt_joint_trajectory_controller:/home/absolutezeno/FRA501/install/rqt_controller_manager:/home/absolutezeno/FRA501/install/ros2controlcli:/home/absolutezeno/FRA501/install/ros2_controllers_test_nodes:/opt/ros/humble PS1=(isaaclab) \[\e]0;\u@\h: \w\a\]${debian_chroot:+($debian_chroot)}\[\033[01;32m\]\u@\h\[\033[00m\]:\[\033[01;34m\]\w\[\033[00m\]\$ VIRTUAL_ENV_PROMPT=(isaaclab) /usr/bin/cmake --install /home/absolutezeno/Auto-BT-Generation/build/turtlebot3_node
