[0.816s] Invoking command in '/home/absolutezeno/Auto-BT-Generation/build/isaacsim': CMAKE_PREFIX_PATH=${CMAKE_PREFIX_PATH}:/home/absolutezeno/Auto-BT-Generation/install/py_trees_ros_viewer:/home/absolutezeno/Auto-BT-Generation/install/py_trees_ros_tutorials:/home/absolutezeno/Auto-BT-Generation/install/py_trees_ros:/home/absolutezeno/FRA501/install/rqt_joint_trajectory_controller:/home/absolutezeno/FRA501/install/rqt_controller_manager:/home/absolutezeno/FRA501/install/ros2controlcli:/home/absolutezeno/FRA501/install/ros2_controllers_test_nodes:/opt/ros/humble PS1=(isaaclab) \[\e]0;\u@\h: \w\a\]${debian_chroot:+($debian_chroot)}\[\033[01;32m\]\u@\h\[\033[00m\]:\[\033[01;34m\]\w\[\033[00m\]\$ VIRTUAL_ENV_PROMPT=(isaaclab) /usr/bin/cmake /home/absolutezeno/Auto-BT-Generation/src/isaacsim -DCMAKE_INSTALL_PREFIX=/home/absolutezeno/Auto-BT-Generation/install/isaacsim
[0.857s] -- The C compiler identification is GNU 11.4.0
[0.893s] -- The CXX compiler identification is GNU 11.4.0
[0.898s] -- Detecting C compiler ABI info
[0.950s] -- Detecting C compiler ABI info - done
[0.957s] -- Check for working C compiler: /usr/bin/cc - skipped
[0.957s] -- Detecting C compile features
[0.957s] -- Detecting C compile features - done
[0.960s] -- Detecting CXX compiler ABI info
[1.021s] -- Detecting CXX compiler ABI info - done
[1.026s] -- Check for working CXX compiler: /usr/bin/c++ - skipped
[1.026s] -- Detecting CXX compile features
[1.026s] -- Detecting CXX compile features - done
[1.030s] -- Found ament_cmake: 1.3.5 (/opt/ros/humble/share/ament_cmake/cmake)
[1.255s] -- Found Python3: /home/absolutezeno/isaaclab/bin/python3.10 (found version "3.10.12") found components: Interpreter 
[1.359s] -- Found rclpy: 3.3.14 (/opt/ros/humble/share/rclpy/cmake)
[1.381s] Traceback (most recent call last):
[1.381s]   File "/opt/ros/humble/share/ament_cmake_core/cmake/core/package_xml_2_cmake.py", line 22, in <module>
[1.381s]     from catkin_pkg.package import parse_package_string
[1.381s] ModuleNotFoundError: No module named 'catkin_pkg'
[1.384s] [31mCMake Error at /opt/ros/humble/share/ament_cmake_core/cmake/core/ament_package_xml.cmake:95 (message):
[1.384s]   execute_process(/home/absolutezeno/isaaclab/bin/python3.10
[1.384s]   /opt/ros/humble/share/ament_cmake_core/cmake/core/package_xml_2_cmake.py
[1.384s]   /home/absolutezeno/Auto-BT-Generation/src/isaacsim/package.xml
[1.384s]   /home/absolutezeno/Auto-BT-Generation/build/isaacsim/ament_cmake_core/package.cmake)
[1.384s]   returned error code 1
[1.384s] Call Stack (most recent call first):
[1.384s]   /opt/ros/humble/share/ament_cmake_core/cmake/core/ament_package_xml.cmake:49 (_ament_package_xml)
[1.384s]   /opt/ros/humble/share/ament_cmake_core/cmake/core/ament_package.cmake:63 (ament_package_xml)
[1.384s]   CMakeLists.txt:18 (ament_package)
[1.385s] 
[1.385s] [0m
[1.385s] -- Configuring incomplete, errors occurred!
[1.385s] See also "/home/absolutezeno/Auto-BT-Generation/build/isaacsim/CMakeFiles/CMakeOutput.log".
