[1.060s] Invoking command in '/home/absolutezeno/Auto-BT-Generation/src/py_trees_ros': PYTHONPATH=/home/absolutezeno/Auto-BT-Generation/build/py_trees_ros/prefix_override:/home/absolutezeno/Auto-BT-Generation/install/py_trees_ros/lib/python3.10/site-packages:${PYTHONPATH} /usr/bin/python3 setup.py egg_info --egg-base ../../build/py_trees_ros build --build-base /home/absolutezeno/Auto-BT-Generation/build/py_trees_ros/build install --record /home/absolutezeno/Auto-BT-Generation/build/py_trees_ros/install.log --single-version-externally-managed
[1.198s] running egg_info
[1.199s] writing ../../build/py_trees_ros/py_trees_ros.egg-info/PKG-INFO
[1.199s] writing dependency_links to ../../build/py_trees_ros/py_trees_ros.egg-info/dependency_links.txt
[1.199s] writing entry points to ../../build/py_trees_ros/py_trees_ros.egg-info/entry_points.txt
[1.199s] writing top-level names to ../../build/py_trees_ros/py_trees_ros.egg-info/top_level.txt
[1.201s] reading manifest file '../../build/py_trees_ros/py_trees_ros.egg-info/SOURCES.txt'
[1.204s] adding license file 'LICENSE'
[1.204s] writing manifest file '../../build/py_trees_ros/py_trees_ros.egg-info/SOURCES.txt'
[1.205s] running build
[1.205s] running build_py
[1.205s] running install
[1.205s] /usr/lib/python3/dist-packages/setuptools/command/install.py:34: SetuptoolsDeprecationWarning: setup.py install is deprecated. Use build and pip and other standards-based tools.
[1.205s]   warnings.warn(
[1.205s] running install_lib
[1.207s] running install_data
[1.207s] running install_egg_info
[1.208s] removing '/home/absolutezeno/Auto-BT-Generation/install/py_trees_ros/lib/python3.10/site-packages/py_trees_ros-2.2.2-py3.10.egg-info' (and everything under it)
[1.208s] Copying ../../build/py_trees_ros/py_trees_ros.egg-info to /home/absolutezeno/Auto-BT-Generation/install/py_trees_ros/lib/python3.10/site-packages/py_trees_ros-2.2.2-py3.10.egg-info
[1.209s] running install_scripts
[1.222s] Installing py-trees-blackboard-watcher script to /home/absolutezeno/Auto-BT-Generation/install/py_trees_ros/bin
[1.222s] Installing py-trees-tree-watcher script to /home/absolutezeno/Auto-BT-Generation/install/py_trees_ros/bin
[1.222s] writing list of installed files to '/home/absolutezeno/Auto-BT-Generation/build/py_trees_ros/install.log'
[1.274s] Invoked command in '/home/absolutezeno/Auto-BT-Generation/src/py_trees_ros' returned '0': PYTHONPATH=/home/absolutezeno/Auto-BT-Generation/build/py_trees_ros/prefix_override:/home/absolutezeno/Auto-BT-Generation/install/py_trees_ros/lib/python3.10/site-packages:${PYTHONPATH} /usr/bin/python3 setup.py egg_info --egg-base ../../build/py_trees_ros build --build-base /home/absolutezeno/Auto-BT-Generation/build/py_trees_ros/build install --record /home/absolutezeno/Auto-BT-Generation/build/py_trees_ros/install.log --single-version-externally-managed
