[35m[1mConsolidate compiler generated dependencies of target autogen_bt_interface__rosidl_generator_c[0m
[ 10%] Built target autogen_bt_interface__rosidl_generator_c
[ 12%] Built target autogen_bt_interface__cpp
[ 12%] Built target ament_cmake_python_copy_autogen_bt_interface
[35m[1mConsolidate compiler generated dependencies of target autogen_bt_interface__rosidl_typesupport_c[0m
[35m[1mConsolidate compiler generated dependencies of target autogen_bt_interface__rosidl_typesupport_introspection_c[0m
[35m[1mConsolidate compiler generated dependencies of target autogen_bt_interface__rosidl_typesupport_cpp[0m
[35m[1mConsolidate compiler generated dependencies of target autogen_bt_interface__rosidl_typesupport_fastrtps_cpp[0m
[35m[1mConsolidate compiler generated dependencies of target autogen_bt_interface__rosidl_typesupport_fastrtps_c[0m
[35m[1mConsolidate compiler generated dependencies of target autogen_bt_interface__rosidl_typesupport_introspection_cpp[0m
[ 23%] Built target autogen_bt_interface__rosidl_typesupport_c
[ 33%] Built target autogen_bt_interface__rosidl_typesupport_introspection_c
[ 43%] Built target autogen_bt_interface__rosidl_typesupport_cpp
[ 53%] Built target autogen_bt_interface__rosidl_typesupport_fastrtps_cpp
[ 64%] Built target autogen_bt_interface__rosidl_typesupport_introspection_cpp
[ 74%] Built target autogen_bt_interface__rosidl_typesupport_fastrtps_c
[ 74%] Built target autogen_bt_interface
[ 76%] Built target autogen_bt_interface__py
[35m[1mConsolidate compiler generated dependencies of target autogen_bt_interface__rosidl_generator_py[0m
[ 84%] Built target autogen_bt_interface__rosidl_generator_py
[35m[1mConsolidate compiler generated dependencies of target autogen_bt_interface__rosidl_typesupport_c__pyext[0m
[35m[1mConsolidate compiler generated dependencies of target autogen_bt_interface__rosidl_typesupport_introspection_c__pyext[0m
[35m[1mConsolidate compiler generated dependencies of target autogen_bt_interface__rosidl_typesupport_fastrtps_c__pyext[0m
[ 89%] Built target autogen_bt_interface__rosidl_typesupport_c__pyext
[ 94%] Built target autogen_bt_interface__rosidl_typesupport_fastrtps_c__pyext
[100%] Built target autogen_bt_interface__rosidl_typesupport_introspection_c__pyext
running egg_info
writing autogen_bt_interface.egg-info/PKG-INFO
writing dependency_links to autogen_bt_interface.egg-info/dependency_links.txt
writing top-level names to autogen_bt_interface.egg-info/top_level.txt
reading manifest file 'autogen_bt_interface.egg-info/SOURCES.txt'
writing manifest file 'autogen_bt_interface.egg-info/SOURCES.txt'
[100%] Built target ament_cmake_python_build_autogen_bt_interface_egg
