[0.545s] Invoking command in '/home/absolutezeno/Auto-BT-Generation/build/autogen_bt_interface': CMAKE_PREFIX_PATH=/opt/ros/humble PS1=(isaaclab) \[\e]0;\u@\h: \w\a\]${debian_chroot:+($debian_chroot)}\[\033[01;32m\]\u@\h\[\033[00m\]:\[\033[01;34m\]\w\[\033[00m\]\$ VIRTUAL_ENV_PROMPT=(isaaclab) /usr/bin/cmake --build /home/absolutezeno/Auto-BT-Generation/build/autogen_bt_interface -- -j20 -l20
[0.567s] [35m[1mConsolidate compiler generated dependencies of target autogen_bt_interface__rosidl_generator_c[0m
[0.575s] [ 10%] Built target autogen_bt_interface__rosidl_generator_c
[0.576s] [ 12%] Built target autogen_bt_interface__cpp
[0.579s] [ 12%] Built target ament_cmake_python_copy_autogen_bt_interface
[0.584s] [35m[1mConsolidate compiler generated dependencies of target autogen_bt_interface__rosidl_typesupport_c[0m
[0.584s] [35m[1mConsolidate compiler generated dependencies of target autogen_bt_interface__rosidl_typesupport_introspection_c[0m
[0.588s] [35m[1mConsolidate compiler generated dependencies of target autogen_bt_interface__rosidl_typesupport_cpp[0m
[0.588s] [35m[1mConsolidate compiler generated dependencies of target autogen_bt_interface__rosidl_typesupport_fastrtps_cpp[0m
[0.588s] [35m[1mConsolidate compiler generated dependencies of target autogen_bt_interface__rosidl_typesupport_fastrtps_c[0m
[0.588s] [35m[1mConsolidate compiler generated dependencies of target autogen_bt_interface__rosidl_typesupport_introspection_cpp[0m
[0.595s] [ 23%] Built target autogen_bt_interface__rosidl_typesupport_c
[0.597s] [ 33%] Built target autogen_bt_interface__rosidl_typesupport_introspection_c
[0.599s] [ 43%] Built target autogen_bt_interface__rosidl_typesupport_cpp
[0.602s] [ 53%] Built target autogen_bt_interface__rosidl_typesupport_fastrtps_cpp
[0.603s] [ 64%] Built target autogen_bt_interface__rosidl_typesupport_introspection_cpp
[0.610s] [ 74%] Built target autogen_bt_interface__rosidl_typesupport_fastrtps_c
[0.627s] [ 74%] Built target autogen_bt_interface
[0.645s] [ 76%] Built target autogen_bt_interface__py
[0.655s] [35m[1mConsolidate compiler generated dependencies of target autogen_bt_interface__rosidl_generator_py[0m
[0.664s] [ 84%] Built target autogen_bt_interface__rosidl_generator_py
[0.671s] [35m[1mConsolidate compiler generated dependencies of target autogen_bt_interface__rosidl_typesupport_c__pyext[0m
[0.672s] [35m[1mConsolidate compiler generated dependencies of target autogen_bt_interface__rosidl_typesupport_introspection_c__pyext[0m
[0.672s] [35m[1mConsolidate compiler generated dependencies of target autogen_bt_interface__rosidl_typesupport_fastrtps_c__pyext[0m
[0.680s] [ 89%] Built target autogen_bt_interface__rosidl_typesupport_c__pyext
[0.680s] [ 94%] Built target autogen_bt_interface__rosidl_typesupport_fastrtps_c__pyext
[0.680s] [100%] Built target autogen_bt_interface__rosidl_typesupport_introspection_c__pyext
[0.731s] running egg_info
[0.731s] writing autogen_bt_interface.egg-info/PKG-INFO
[0.731s] writing dependency_links to autogen_bt_interface.egg-info/dependency_links.txt
[0.732s] writing top-level names to autogen_bt_interface.egg-info/top_level.txt
[0.733s] reading manifest file 'autogen_bt_interface.egg-info/SOURCES.txt'
[0.733s] writing manifest file 'autogen_bt_interface.egg-info/SOURCES.txt'
[0.752s] [100%] Built target ament_cmake_python_build_autogen_bt_interface_egg
[0.801s] Invoked command in '/home/absolutezeno/Auto-BT-Generation/build/autogen_bt_interface' returned '0': CMAKE_PREFIX_PATH=/opt/ros/humble PS1=(isaaclab) \[\e]0;\u@\h: \w\a\]${debian_chroot:+($debian_chroot)}\[\033[01;32m\]\u@\h\[\033[00m\]:\[\033[01;34m\]\w\[\033[00m\]\$ VIRTUAL_ENV_PROMPT=(isaaclab) /usr/bin/cmake --build /home/absolutezeno/Auto-BT-Generation/build/autogen_bt_interface -- -j20 -l20
