[0.746s] Invoking command in '/home/absolutezeno/Auto-BT-Generation/build/iw_hub_navigation': CMAKE_PREFIX_PATH=${CMAKE_PREFIX_PATH}:/home/absolutezeno/Auto-BT-Generation/install/py_trees_ros_viewer:/home/absolutezeno/Auto-BT-Generation/install/py_trees_ros_tutorials:/home/absolutezeno/Auto-BT-Generation/install/py_trees_ros:/home/absolutezeno/FRA501/install/rqt_joint_trajectory_controller:/home/absolutezeno/FRA501/install/rqt_controller_manager:/home/absolutezeno/FRA501/install/ros2controlcli:/home/absolutezeno/FRA501/install/ros2_controllers_test_nodes:/opt/ros/humble PS1=(isaaclab) \[\e]0;\u@\h: \w\a\]${debian_chroot:+($debian_chroot)}\[\033[01;32m\]\u@\h\[\033[00m\]:\[\033[01;34m\]\w\[\033[00m\]\$ VIRTUAL_ENV_PROMPT=(isaaclab) /usr/bin/cmake /home/absolutezeno/Auto-BT-Generation/src/navigation/iw_hub_navigation -DCMAKE_INSTALL_PREFIX=/home/absolutezeno/Auto-BT-Generation/install/iw_hub_navigation
[0.750s] -- Found ament_cmake: 1.3.5 (/opt/ros/humble/share/ament_cmake/cmake)
[0.895s] Traceback (most recent call last):
[0.895s]   File "/opt/ros/humble/share/ament_cmake_core/cmake/core/package_xml_2_cmake.py", line 22, in <module>
[0.895s]     from catkin_pkg.package import parse_package_string
[0.895s] ModuleNotFoundError: No module named 'catkin_pkg'
[0.897s] [31mCMake Error at /opt/ros/humble/share/ament_cmake_core/cmake/core/ament_package_xml.cmake:95 (message):
[0.897s]   execute_process(/home/absolutezeno/isaaclab/bin/python3.10
[0.898s]   /opt/ros/humble/share/ament_cmake_core/cmake/core/package_xml_2_cmake.py
[0.898s]   /home/absolutezeno/Auto-BT-Generation/src/navigation/iw_hub_navigation/package.xml
[0.898s]   /home/absolutezeno/Auto-BT-Generation/build/iw_hub_navigation/ament_cmake_core/package.cmake)
[0.898s]   returned error code 1
[0.898s] Call Stack (most recent call first):
[0.898s]   /opt/ros/humble/share/ament_cmake_core/cmake/core/ament_package_xml.cmake:49 (_ament_package_xml)
[0.898s]   /opt/ros/humble/share/ament_cmake_core/cmake/core/ament_package.cmake:63 (ament_package_xml)
[0.898s]   CMakeLists.txt:13 (ament_package)
[0.898s] 
[0.898s] [0m
[0.898s] -- Configuring incomplete, errors occurred!
[0.898s] See also "/home/absolutezeno/Auto-BT-Generation/build/iw_hub_navigation/CMakeFiles/CMakeOutput.log".
[0.996s] Invoked command in '/home/absolutezeno/Auto-BT-Generation/build/iw_hub_navigation' returned '1': CMAKE_PREFIX_PATH=${CMAKE_PREFIX_PATH}:/home/absolutezeno/Auto-BT-Generation/install/py_trees_ros_viewer:/home/absolutezeno/Auto-BT-Generation/install/py_trees_ros_tutorials:/home/absolutezeno/Auto-BT-Generation/install/py_trees_ros:/home/absolutezeno/FRA501/install/rqt_joint_trajectory_controller:/home/absolutezeno/FRA501/install/rqt_controller_manager:/home/absolutezeno/FRA501/install/ros2controlcli:/home/absolutezeno/FRA501/install/ros2_controllers_test_nodes:/opt/ros/humble PS1=(isaaclab) \[\e]0;\u@\h: \w\a\]${debian_chroot:+($debian_chroot)}\[\033[01;32m\]\u@\h\[\033[00m\]:\[\033[01;34m\]\w\[\033[00m\]\$ VIRTUAL_ENV_PROMPT=(isaaclab) /usr/bin/cmake /home/absolutezeno/Auto-BT-Generation/src/navigation/iw_hub_navigation -DCMAKE_INSTALL_PREFIX=/home/absolutezeno/Auto-BT-Generation/install/iw_hub_navigation
