[  2%] [32mBuilding C object CMakeFiles/autogen_bt_interface__rosidl_generator_c.dir/rosidl_generator_c/autogen_bt_interface/srv/detail/picking_request__functions.c.o[0m
[  5%] Built target autogen_bt_interface__cpp
[  7%] [32mBuilding C object CMakeFiles/autogen_bt_interface__rosidl_generator_c.dir/rosidl_generator_c/autogen_bt_interface/srv/detail/charging_request__functions.c.o[0m
[  7%] Built target ament_cmake_python_copy_autogen_bt_interface
[ 10%] [32mBuilding CXX object CMakeFiles/autogen_bt_interface__rosidl_typesupport_fastrtps_cpp.dir/rosidl_typesupport_fastrtps_cpp/autogen_bt_interface/srv/detail/dds_fastrtps/charging_request__type_support.cpp.o[0m
[ 12%] [32mBuilding CXX object CMakeFiles/autogen_bt_interface__rosidl_typesupport_introspection_cpp.dir/rosidl_typesupport_introspection_cpp/autogen_bt_interface/srv/detail/picking_request__type_support.cpp.o[0m
[ 15%] [32mBuilding CXX object CMakeFiles/autogen_bt_interface__rosidl_typesupport_fastrtps_cpp.dir/rosidl_typesupport_fastrtps_cpp/autogen_bt_interface/srv/detail/dds_fastrtps/picking_request__type_support.cpp.o[0m
[ 17%] [32mBuilding CXX object CMakeFiles/autogen_bt_interface__rosidl_typesupport_introspection_cpp.dir/rosidl_typesupport_introspection_cpp/autogen_bt_interface/srv/detail/charging_request__type_support.cpp.o[0m
[ 20%] [32mBuilding CXX object CMakeFiles/autogen_bt_interface__rosidl_typesupport_cpp.dir/rosidl_typesupport_cpp/autogen_bt_interface/srv/charging_request__type_support.cpp.o[0m
[ 23%] [32mBuilding CXX object CMakeFiles/autogen_bt_interface__rosidl_typesupport_cpp.dir/rosidl_typesupport_cpp/autogen_bt_interface/srv/picking_request__type_support.cpp.o[0m
[ 25%] [32m[1mLinking C shared library libautogen_bt_interface__rosidl_generator_c.so[0m
[ 28%] Built target autogen_bt_interface__rosidl_generator_c
[ 30%] [32mBuilding CXX object CMakeFiles/autogen_bt_interface__rosidl_typesupport_c.dir/rosidl_typesupport_c/autogen_bt_interface/srv/charging_request__type_support.cpp.o[0m
[ 33%] [32mBuilding C object CMakeFiles/autogen_bt_interface__rosidl_typesupport_introspection_c.dir/rosidl_typesupport_introspection_c/autogen_bt_interface/srv/detail/charging_request__type_support.c.o[0m
[ 35%] [32mBuilding CXX object CMakeFiles/autogen_bt_interface__rosidl_typesupport_c.dir/rosidl_typesupport_c/autogen_bt_interface/srv/picking_request__type_support.cpp.o[0m
[ 38%] [32mBuilding C object CMakeFiles/autogen_bt_interface__rosidl_typesupport_introspection_c.dir/rosidl_typesupport_introspection_c/autogen_bt_interface/srv/detail/picking_request__type_support.c.o[0m
[ 41%] [32mBuilding CXX object CMakeFiles/autogen_bt_interface__rosidl_typesupport_fastrtps_c.dir/rosidl_typesupport_fastrtps_c/autogen_bt_interface/srv/detail/charging_request__type_support_c.cpp.o[0m
[ 43%] [32mBuilding CXX object CMakeFiles/autogen_bt_interface__rosidl_typesupport_fastrtps_c.dir/rosidl_typesupport_fastrtps_c/autogen_bt_interface/srv/detail/picking_request__type_support_c.cpp.o[0m
[ 46%] [32m[1mLinking CXX shared library libautogen_bt_interface__rosidl_typesupport_c.so[0m
[ 48%] [32m[1mLinking C shared library libautogen_bt_interface__rosidl_typesupport_introspection_c.so[0m
[ 51%] Built target autogen_bt_interface__rosidl_typesupport_c
[ 53%] Built target autogen_bt_interface__rosidl_typesupport_introspection_c
running egg_info
writing autogen_bt_interface.egg-info/PKG-INFO
writing dependency_links to autogen_bt_interface.egg-info/dependency_links.txt
writing top-level names to autogen_bt_interface.egg-info/top_level.txt
reading manifest file 'autogen_bt_interface.egg-info/SOURCES.txt'
writing manifest file 'autogen_bt_interface.egg-info/SOURCES.txt'
[ 53%] Built target ament_cmake_python_build_autogen_bt_interface_egg
[ 56%] [32m[1mLinking CXX shared library libautogen_bt_interface__rosidl_typesupport_introspection_cpp.so[0m
[ 58%] [32m[1mLinking CXX shared library libautogen_bt_interface__rosidl_typesupport_fastrtps_c.so[0m
[ 61%] [32m[1mLinking CXX shared library libautogen_bt_interface__rosidl_typesupport_fastrtps_cpp.so[0m
[ 64%] [32m[1mLinking CXX shared library libautogen_bt_interface__rosidl_typesupport_cpp.so[0m
[ 66%] Built target autogen_bt_interface__rosidl_typesupport_cpp
[ 69%] Built target autogen_bt_interface__rosidl_typesupport_fastrtps_c
[ 71%] Built target autogen_bt_interface__rosidl_typesupport_introspection_cpp
[ 74%] Built target autogen_bt_interface__rosidl_typesupport_fastrtps_cpp
[ 74%] Built target autogen_bt_interface
[ 76%] Built target autogen_bt_interface__py
[ 79%] [32mBuilding C object CMakeFiles/autogen_bt_interface__rosidl_generator_py.dir/rosidl_generator_py/autogen_bt_interface/srv/_charging_request_s.c.o[0m
[ 82%] [32mBuilding C object CMakeFiles/autogen_bt_interface__rosidl_generator_py.dir/rosidl_generator_py/autogen_bt_interface/srv/_picking_request_s.c.o[0m
[ 84%] [32m[1mLinking C shared library rosidl_generator_py/autogen_bt_interface/libautogen_bt_interface__rosidl_generator_py.so[0m
[ 84%] Built target autogen_bt_interface__rosidl_generator_py
[ 87%] [32mBuilding C object CMakeFiles/autogen_bt_interface__rosidl_typesupport_introspection_c__pyext.dir/rosidl_generator_py/autogen_bt_interface/_autogen_bt_interface_s.ep.rosidl_typesupport_introspection_c.c.o[0m
[ 89%] [32mBuilding C object CMakeFiles/autogen_bt_interface__rosidl_typesupport_c__pyext.dir/rosidl_generator_py/autogen_bt_interface/_autogen_bt_interface_s.ep.rosidl_typesupport_c.c.o[0m
[ 92%] [32mBuilding C object CMakeFiles/autogen_bt_interface__rosidl_typesupport_fastrtps_c__pyext.dir/rosidl_generator_py/autogen_bt_interface/_autogen_bt_interface_s.ep.rosidl_typesupport_fastrtps_c.c.o[0m
[ 94%] [32m[1mLinking C shared library rosidl_generator_py/autogen_bt_interface/autogen_bt_interface_s__rosidl_typesupport_fastrtps_c.cpython-310-x86_64-linux-gnu.so[0m
[ 97%] [32m[1mLinking C shared library rosidl_generator_py/autogen_bt_interface/autogen_bt_interface_s__rosidl_typesupport_introspection_c.cpython-310-x86_64-linux-gnu.so[0m
[ 97%] Built target autogen_bt_interface__rosidl_typesupport_introspection_c__pyext
[100%] [32m[1mLinking C shared library rosidl_generator_py/autogen_bt_interface/autogen_bt_interface_s__rosidl_typesupport_c.cpython-310-x86_64-linux-gnu.so[0m
[100%] Built target autogen_bt_interface__rosidl_typesupport_fastrtps_c__pyext
[100%] Built target autogen_bt_interface__rosidl_typesupport_c__pyext
-- Install configuration: ""
-- Up-to-date: /home/absolutezeno/Auto-BT-Generation/install/autogen_bt_interface/share/ament_index/resource_index/rosidl_interfaces/autogen_bt_interface
-- Up-to-date: /home/absolutezeno/Auto-BT-Generation/install/autogen_bt_interface/include/autogen_bt_interface/autogen_bt_interface
-- Up-to-date: /home/absolutezeno/Auto-BT-Generation/install/autogen_bt_interface/include/autogen_bt_interface/autogen_bt_interface/msg
-- Up-to-date: /home/absolutezeno/Auto-BT-Generation/install/autogen_bt_interface/include/autogen_bt_interface/autogen_bt_interface/msg/rosidl_generator_c__visibility_control.h
-- Up-to-date: /home/absolutezeno/Auto-BT-Generation/install/autogen_bt_interface/include/autogen_bt_interface/autogen_bt_interface/srv
-- Up-to-date: /home/absolutezeno/Auto-BT-Generation/install/autogen_bt_interface/include/autogen_bt_interface/autogen_bt_interface/srv/picking_request.h
-- Up-to-date: /home/absolutezeno/Auto-BT-Generation/install/autogen_bt_interface/include/autogen_bt_interface/autogen_bt_interface/srv/charging_request.h
-- Up-to-date: /home/absolutezeno/Auto-BT-Generation/install/autogen_bt_interface/include/autogen_bt_interface/autogen_bt_interface/srv/detail
-- Up-to-date: /home/absolutezeno/Auto-BT-Generation/install/autogen_bt_interface/include/autogen_bt_interface/autogen_bt_interface/srv/detail/charging_request__type_support.h
-- Up-to-date: /home/absolutezeno/Auto-BT-Generation/install/autogen_bt_interface/include/autogen_bt_interface/autogen_bt_interface/srv/detail/picking_request__type_support.h
-- Up-to-date: /home/absolutezeno/Auto-BT-Generation/install/autogen_bt_interface/include/autogen_bt_interface/autogen_bt_interface/srv/detail/picking_request__functions.h
-- Up-to-date: /home/absolutezeno/Auto-BT-Generation/install/autogen_bt_interface/include/autogen_bt_interface/autogen_bt_interface/srv/detail/charging_request__functions.h
-- Up-to-date: /home/absolutezeno/Auto-BT-Generation/install/autogen_bt_interface/include/autogen_bt_interface/autogen_bt_interface/srv/detail/picking_request__functions.c
-- Up-to-date: /home/absolutezeno/Auto-BT-Generation/install/autogen_bt_interface/include/autogen_bt_interface/autogen_bt_interface/srv/detail/picking_request__struct.h
-- Up-to-date: /home/absolutezeno/Auto-BT-Generation/install/autogen_bt_interface/include/autogen_bt_interface/autogen_bt_interface/srv/detail/charging_request__struct.h
-- Up-to-date: /home/absolutezeno/Auto-BT-Generation/install/autogen_bt_interface/include/autogen_bt_interface/autogen_bt_interface/srv/detail/charging_request__functions.c
-- Up-to-date: /home/absolutezeno/Auto-BT-Generation/install/autogen_bt_interface/share/autogen_bt_interface/environment/library_path.sh
-- Up-to-date: /home/absolutezeno/Auto-BT-Generation/install/autogen_bt_interface/share/autogen_bt_interface/environment/library_path.dsv
-- Installing: /home/absolutezeno/Auto-BT-Generation/install/autogen_bt_interface/lib/libautogen_bt_interface__rosidl_generator_c.so
-- Set runtime path of "/home/absolutezeno/Auto-BT-Generation/install/autogen_bt_interface/lib/libautogen_bt_interface__rosidl_generator_c.so" to ""
-- Up-to-date: /home/absolutezeno/Auto-BT-Generation/install/autogen_bt_interface/include/autogen_bt_interface/autogen_bt_interface
-- Up-to-date: /home/absolutezeno/Auto-BT-Generation/install/autogen_bt_interface/include/autogen_bt_interface/autogen_bt_interface/msg
-- Up-to-date: /home/absolutezeno/Auto-BT-Generation/install/autogen_bt_interface/include/autogen_bt_interface/autogen_bt_interface/msg/rosidl_typesupport_fastrtps_c__visibility_control.h
-- Up-to-date: /home/absolutezeno/Auto-BT-Generation/install/autogen_bt_interface/include/autogen_bt_interface/autogen_bt_interface/srv
-- Up-to-date: /home/absolutezeno/Auto-BT-Generation/install/autogen_bt_interface/include/autogen_bt_interface/autogen_bt_interface/srv/detail
-- Up-to-date: /home/absolutezeno/Auto-BT-Generation/install/autogen_bt_interface/include/autogen_bt_interface/autogen_bt_interface/srv/detail/charging_request__rosidl_typesupport_fastrtps_c.h
-- Up-to-date: /home/absolutezeno/Auto-BT-Generation/install/autogen_bt_interface/include/autogen_bt_interface/autogen_bt_interface/srv/detail/picking_request__rosidl_typesupport_fastrtps_c.h
-- Installing: /home/absolutezeno/Auto-BT-Generation/install/autogen_bt_interface/lib/libautogen_bt_interface__rosidl_typesupport_fastrtps_c.so
-- Set runtime path of "/home/absolutezeno/Auto-BT-Generation/install/autogen_bt_interface/lib/libautogen_bt_interface__rosidl_typesupport_fastrtps_c.so" to ""
-- Up-to-date: /home/absolutezeno/Auto-BT-Generation/install/autogen_bt_interface/include/autogen_bt_interface/autogen_bt_interface
-- Up-to-date: /home/absolutezeno/Auto-BT-Generation/install/autogen_bt_interface/include/autogen_bt_interface/autogen_bt_interface/msg
-- Up-to-date: /home/absolutezeno/Auto-BT-Generation/install/autogen_bt_interface/include/autogen_bt_interface/autogen_bt_interface/msg/rosidl_generator_cpp__visibility_control.hpp
-- Up-to-date: /home/absolutezeno/Auto-BT-Generation/install/autogen_bt_interface/include/autogen_bt_interface/autogen_bt_interface/srv
-- Up-to-date: /home/absolutezeno/Auto-BT-Generation/install/autogen_bt_interface/include/autogen_bt_interface/autogen_bt_interface/srv/charging_request.hpp
-- Up-to-date: /home/absolutezeno/Auto-BT-Generation/install/autogen_bt_interface/include/autogen_bt_interface/autogen_bt_interface/srv/picking_request.hpp
-- Up-to-date: /home/absolutezeno/Auto-BT-Generation/install/autogen_bt_interface/include/autogen_bt_interface/autogen_bt_interface/srv/detail
-- Up-to-date: /home/absolutezeno/Auto-BT-Generation/install/autogen_bt_interface/include/autogen_bt_interface/autogen_bt_interface/srv/detail/charging_request__builder.hpp
-- Up-to-date: /home/absolutezeno/Auto-BT-Generation/install/autogen_bt_interface/include/autogen_bt_interface/autogen_bt_interface/srv/detail/picking_request__struct.hpp
-- Up-to-date: /home/absolutezeno/Auto-BT-Generation/install/autogen_bt_interface/include/autogen_bt_interface/autogen_bt_interface/srv/detail/picking_request__traits.hpp
-- Up-to-date: /home/absolutezeno/Auto-BT-Generation/install/autogen_bt_interface/include/autogen_bt_interface/autogen_bt_interface/srv/detail/picking_request__builder.hpp
-- Up-to-date: /home/absolutezeno/Auto-BT-Generation/install/autogen_bt_interface/include/autogen_bt_interface/autogen_bt_interface/srv/detail/charging_request__type_support.hpp
-- Up-to-date: /home/absolutezeno/Auto-BT-Generation/install/autogen_bt_interface/include/autogen_bt_interface/autogen_bt_interface/srv/detail/picking_request__type_support.hpp
-- Up-to-date: /home/absolutezeno/Auto-BT-Generation/install/autogen_bt_interface/include/autogen_bt_interface/autogen_bt_interface/srv/detail/charging_request__traits.hpp
-- Up-to-date: /home/absolutezeno/Auto-BT-Generation/install/autogen_bt_interface/include/autogen_bt_interface/autogen_bt_interface/srv/detail/charging_request__struct.hpp
-- Up-to-date: /home/absolutezeno/Auto-BT-Generation/install/autogen_bt_interface/include/autogen_bt_interface/autogen_bt_interface
-- Up-to-date: /home/absolutezeno/Auto-BT-Generation/install/autogen_bt_interface/include/autogen_bt_interface/autogen_bt_interface/msg
-- Up-to-date: /home/absolutezeno/Auto-BT-Generation/install/autogen_bt_interface/include/autogen_bt_interface/autogen_bt_interface/msg/rosidl_typesupport_fastrtps_cpp__visibility_control.h
-- Up-to-date: /home/absolutezeno/Auto-BT-Generation/install/autogen_bt_interface/include/autogen_bt_interface/autogen_bt_interface/srv
-- Up-to-date: /home/absolutezeno/Auto-BT-Generation/install/autogen_bt_interface/include/autogen_bt_interface/autogen_bt_interface/srv/detail
-- Up-to-date: /home/absolutezeno/Auto-BT-Generation/install/autogen_bt_interface/include/autogen_bt_interface/autogen_bt_interface/srv/detail/picking_request__rosidl_typesupport_fastrtps_cpp.hpp
-- Up-to-date: /home/absolutezeno/Auto-BT-Generation/install/autogen_bt_interface/include/autogen_bt_interface/autogen_bt_interface/srv/detail/dds_fastrtps
-- Up-to-date: /home/absolutezeno/Auto-BT-Generation/install/autogen_bt_interface/include/autogen_bt_interface/autogen_bt_interface/srv/detail/charging_request__rosidl_typesupport_fastrtps_cpp.hpp
-- Installing: /home/absolutezeno/Auto-BT-Generation/install/autogen_bt_interface/lib/libautogen_bt_interface__rosidl_typesupport_fastrtps_cpp.so
-- Set runtime path of "/home/absolutezeno/Auto-BT-Generation/install/autogen_bt_interface/lib/libautogen_bt_interface__rosidl_typesupport_fastrtps_cpp.so" to ""
-- Up-to-date: /home/absolutezeno/Auto-BT-Generation/install/autogen_bt_interface/include/autogen_bt_interface/autogen_bt_interface
-- Up-to-date: /home/absolutezeno/Auto-BT-Generation/install/autogen_bt_interface/include/autogen_bt_interface/autogen_bt_interface/msg
-- Up-to-date: /home/absolutezeno/Auto-BT-Generation/install/autogen_bt_interface/include/autogen_bt_interface/autogen_bt_interface/msg/rosidl_typesupport_introspection_c__visibility_control.h
-- Up-to-date: /home/absolutezeno/Auto-BT-Generation/install/autogen_bt_interface/include/autogen_bt_interface/autogen_bt_interface/srv
-- Up-to-date: /home/absolutezeno/Auto-BT-Generation/install/autogen_bt_interface/include/autogen_bt_interface/autogen_bt_interface/srv/detail
-- Up-to-date: /home/absolutezeno/Auto-BT-Generation/install/autogen_bt_interface/include/autogen_bt_interface/autogen_bt_interface/srv/detail/charging_request__rosidl_typesupport_introspection_c.h
-- Up-to-date: /home/absolutezeno/Auto-BT-Generation/install/autogen_bt_interface/include/autogen_bt_interface/autogen_bt_interface/srv/detail/charging_request__type_support.c
-- Up-to-date: /home/absolutezeno/Auto-BT-Generation/install/autogen_bt_interface/include/autogen_bt_interface/autogen_bt_interface/srv/detail/picking_request__rosidl_typesupport_introspection_c.h
-- Up-to-date: /home/absolutezeno/Auto-BT-Generation/install/autogen_bt_interface/include/autogen_bt_interface/autogen_bt_interface/srv/detail/picking_request__type_support.c
-- Installing: /home/absolutezeno/Auto-BT-Generation/install/autogen_bt_interface/lib/libautogen_bt_interface__rosidl_typesupport_introspection_c.so
-- Set runtime path of "/home/absolutezeno/Auto-BT-Generation/install/autogen_bt_interface/lib/libautogen_bt_interface__rosidl_typesupport_introspection_c.so" to ""
-- Installing: /home/absolutezeno/Auto-BT-Generation/install/autogen_bt_interface/lib/libautogen_bt_interface__rosidl_typesupport_c.so
-- Set runtime path of "/home/absolutezeno/Auto-BT-Generation/install/autogen_bt_interface/lib/libautogen_bt_interface__rosidl_typesupport_c.so" to ""
-- Up-to-date: /home/absolutezeno/Auto-BT-Generation/install/autogen_bt_interface/include/autogen_bt_interface/autogen_bt_interface
-- Up-to-date: /home/absolutezeno/Auto-BT-Generation/install/autogen_bt_interface/include/autogen_bt_interface/autogen_bt_interface/srv
-- Up-to-date: /home/absolutezeno/Auto-BT-Generation/install/autogen_bt_interface/include/autogen_bt_interface/autogen_bt_interface/srv/detail
-- Up-to-date: /home/absolutezeno/Auto-BT-Generation/install/autogen_bt_interface/include/autogen_bt_interface/autogen_bt_interface/srv/detail/charging_request__rosidl_typesupport_introspection_cpp.hpp
-- Up-to-date: /home/absolutezeno/Auto-BT-Generation/install/autogen_bt_interface/include/autogen_bt_interface/autogen_bt_interface/srv/detail/picking_request__rosidl_typesupport_introspection_cpp.hpp
-- Up-to-date: /home/absolutezeno/Auto-BT-Generation/install/autogen_bt_interface/include/autogen_bt_interface/autogen_bt_interface/srv/detail/charging_request__type_support.cpp
-- Up-to-date: /home/absolutezeno/Auto-BT-Generation/install/autogen_bt_interface/include/autogen_bt_interface/autogen_bt_interface/srv/detail/picking_request__type_support.cpp
-- Installing: /home/absolutezeno/Auto-BT-Generation/install/autogen_bt_interface/lib/libautogen_bt_interface__rosidl_typesupport_introspection_cpp.so
-- Set runtime path of "/home/absolutezeno/Auto-BT-Generation/install/autogen_bt_interface/lib/libautogen_bt_interface__rosidl_typesupport_introspection_cpp.so" to ""
-- Installing: /home/absolutezeno/Auto-BT-Generation/install/autogen_bt_interface/lib/libautogen_bt_interface__rosidl_typesupport_cpp.so
-- Set runtime path of "/home/absolutezeno/Auto-BT-Generation/install/autogen_bt_interface/lib/libautogen_bt_interface__rosidl_typesupport_cpp.so" to ""
-- Up-to-date: /home/absolutezeno/Auto-BT-Generation/install/autogen_bt_interface/share/autogen_bt_interface/environment/pythonpath.sh
-- Up-to-date: /home/absolutezeno/Auto-BT-Generation/install/autogen_bt_interface/share/autogen_bt_interface/environment/pythonpath.dsv
-- Up-to-date: /home/absolutezeno/Auto-BT-Generation/install/autogen_bt_interface/local/lib/python3.10/dist-packages/autogen_bt_interface-0.0.0-py3.10.egg-info
-- Installing: /home/absolutezeno/Auto-BT-Generation/install/autogen_bt_interface/local/lib/python3.10/dist-packages/autogen_bt_interface-0.0.0-py3.10.egg-info/PKG-INFO
-- Installing: /home/absolutezeno/Auto-BT-Generation/install/autogen_bt_interface/local/lib/python3.10/dist-packages/autogen_bt_interface-0.0.0-py3.10.egg-info/top_level.txt
-- Installing: /home/absolutezeno/Auto-BT-Generation/install/autogen_bt_interface/local/lib/python3.10/dist-packages/autogen_bt_interface-0.0.0-py3.10.egg-info/dependency_links.txt
-- Installing: /home/absolutezeno/Auto-BT-Generation/install/autogen_bt_interface/local/lib/python3.10/dist-packages/autogen_bt_interface-0.0.0-py3.10.egg-info/SOURCES.txt
-- Up-to-date: /home/absolutezeno/Auto-BT-Generation/install/autogen_bt_interface/local/lib/python3.10/dist-packages/autogen_bt_interface
-- Up-to-date: /home/absolutezeno/Auto-BT-Generation/install/autogen_bt_interface/local/lib/python3.10/dist-packages/autogen_bt_interface/_autogen_bt_interface_s.ep.rosidl_typesupport_introspection_c.c
-- Installing: /home/absolutezeno/Auto-BT-Generation/install/autogen_bt_interface/local/lib/python3.10/dist-packages/autogen_bt_interface/autogen_bt_interface_s__rosidl_typesupport_c.cpython-310-x86_64-linux-gnu.so
-- Installing: /home/absolutezeno/Auto-BT-Generation/install/autogen_bt_interface/local/lib/python3.10/dist-packages/autogen_bt_interface/autogen_bt_interface_s__rosidl_typesupport_introspection_c.cpython-310-x86_64-linux-gnu.so
-- Up-to-date: /home/absolutezeno/Auto-BT-Generation/install/autogen_bt_interface/local/lib/python3.10/dist-packages/autogen_bt_interface/_autogen_bt_interface_s.ep.rosidl_typesupport_fastrtps_c.c
-- Up-to-date: /home/absolutezeno/Auto-BT-Generation/install/autogen_bt_interface/local/lib/python3.10/dist-packages/autogen_bt_interface/_autogen_bt_interface_s.ep.rosidl_typesupport_c.c
-- Up-to-date: /home/absolutezeno/Auto-BT-Generation/install/autogen_bt_interface/local/lib/python3.10/dist-packages/autogen_bt_interface/__init__.py
-- Installing: /home/absolutezeno/Auto-BT-Generation/install/autogen_bt_interface/local/lib/python3.10/dist-packages/autogen_bt_interface/autogen_bt_interface_s__rosidl_typesupport_fastrtps_c.cpython-310-x86_64-linux-gnu.so
-- Installing: /home/absolutezeno/Auto-BT-Generation/install/autogen_bt_interface/local/lib/python3.10/dist-packages/autogen_bt_interface/libautogen_bt_interface__rosidl_generator_py.so
-- Up-to-date: /home/absolutezeno/Auto-BT-Generation/install/autogen_bt_interface/local/lib/python3.10/dist-packages/autogen_bt_interface/srv
-- Up-to-date: /home/absolutezeno/Auto-BT-Generation/install/autogen_bt_interface/local/lib/python3.10/dist-packages/autogen_bt_interface/srv/_charging_request_s.c
-- Up-to-date: /home/absolutezeno/Auto-BT-Generation/install/autogen_bt_interface/local/lib/python3.10/dist-packages/autogen_bt_interface/srv/_picking_request_s.c
-- Up-to-date: /home/absolutezeno/Auto-BT-Generation/install/autogen_bt_interface/local/lib/python3.10/dist-packages/autogen_bt_interface/srv/__init__.py
-- Up-to-date: /home/absolutezeno/Auto-BT-Generation/install/autogen_bt_interface/local/lib/python3.10/dist-packages/autogen_bt_interface/srv/_charging_request.py
-- Up-to-date: /home/absolutezeno/Auto-BT-Generation/install/autogen_bt_interface/local/lib/python3.10/dist-packages/autogen_bt_interface/srv/_picking_request.py
Listing '/home/absolutezeno/Auto-BT-Generation/install/autogen_bt_interface/local/lib/python3.10/dist-packages/autogen_bt_interface'...
Listing '/home/absolutezeno/Auto-BT-Generation/install/autogen_bt_interface/local/lib/python3.10/dist-packages/autogen_bt_interface/srv'...
-- Installing: /home/absolutezeno/Auto-BT-Generation/install/autogen_bt_interface/local/lib/python3.10/dist-packages/autogen_bt_interface/autogen_bt_interface_s__rosidl_typesupport_fastrtps_c.cpython-310-x86_64-linux-gnu.so
-- Set runtime path of "/home/absolutezeno/Auto-BT-Generation/install/autogen_bt_interface/local/lib/python3.10/dist-packages/autogen_bt_interface/autogen_bt_interface_s__rosidl_typesupport_fastrtps_c.cpython-310-x86_64-linux-gnu.so" to ""
-- Installing: /home/absolutezeno/Auto-BT-Generation/install/autogen_bt_interface/local/lib/python3.10/dist-packages/autogen_bt_interface/autogen_bt_interface_s__rosidl_typesupport_introspection_c.cpython-310-x86_64-linux-gnu.so
-- Set runtime path of "/home/absolutezeno/Auto-BT-Generation/install/autogen_bt_interface/local/lib/python3.10/dist-packages/autogen_bt_interface/autogen_bt_interface_s__rosidl_typesupport_introspection_c.cpython-310-x86_64-linux-gnu.so" to ""
-- Installing: /home/absolutezeno/Auto-BT-Generation/install/autogen_bt_interface/local/lib/python3.10/dist-packages/autogen_bt_interface/autogen_bt_interface_s__rosidl_typesupport_c.cpython-310-x86_64-linux-gnu.so
-- Set runtime path of "/home/absolutezeno/Auto-BT-Generation/install/autogen_bt_interface/local/lib/python3.10/dist-packages/autogen_bt_interface/autogen_bt_interface_s__rosidl_typesupport_c.cpython-310-x86_64-linux-gnu.so" to ""
-- Installing: /home/absolutezeno/Auto-BT-Generation/install/autogen_bt_interface/lib/libautogen_bt_interface__rosidl_generator_py.so
-- Set runtime path of "/home/absolutezeno/Auto-BT-Generation/install/autogen_bt_interface/lib/libautogen_bt_interface__rosidl_generator_py.so" to ""
-- Up-to-date: /home/absolutezeno/Auto-BT-Generation/install/autogen_bt_interface/share/autogen_bt_interface/srv/ChargingRequest.idl
-- Up-to-date: /home/absolutezeno/Auto-BT-Generation/install/autogen_bt_interface/share/autogen_bt_interface/srv/PickingRequest.idl
-- Up-to-date: /home/absolutezeno/Auto-BT-Generation/install/autogen_bt_interface/share/autogen_bt_interface/srv/ChargingRequest.srv
-- Up-to-date: /home/absolutezeno/Auto-BT-Generation/install/autogen_bt_interface/share/autogen_bt_interface/srv/ChargingRequest_Request.msg
-- Up-to-date: /home/absolutezeno/Auto-BT-Generation/install/autogen_bt_interface/share/autogen_bt_interface/srv/ChargingRequest_Response.msg
-- Up-to-date: /home/absolutezeno/Auto-BT-Generation/install/autogen_bt_interface/share/autogen_bt_interface/srv/PickingRequest.srv
-- Up-to-date: /home/absolutezeno/Auto-BT-Generation/install/autogen_bt_interface/share/autogen_bt_interface/srv/PickingRequest_Request.msg
-- Up-to-date: /home/absolutezeno/Auto-BT-Generation/install/autogen_bt_interface/share/autogen_bt_interface/srv/PickingRequest_Response.msg
-- Up-to-date: /home/absolutezeno/Auto-BT-Generation/install/autogen_bt_interface/share/ament_index/resource_index/package_run_dependencies/autogen_bt_interface
-- Up-to-date: /home/absolutezeno/Auto-BT-Generation/install/autogen_bt_interface/share/ament_index/resource_index/parent_prefix_path/autogen_bt_interface
-- Up-to-date: /home/absolutezeno/Auto-BT-Generation/install/autogen_bt_interface/share/autogen_bt_interface/environment/ament_prefix_path.sh
-- Up-to-date: /home/absolutezeno/Auto-BT-Generation/install/autogen_bt_interface/share/autogen_bt_interface/environment/ament_prefix_path.dsv
-- Up-to-date: /home/absolutezeno/Auto-BT-Generation/install/autogen_bt_interface/share/autogen_bt_interface/environment/path.sh
-- Up-to-date: /home/absolutezeno/Auto-BT-Generation/install/autogen_bt_interface/share/autogen_bt_interface/environment/path.dsv
-- Up-to-date: /home/absolutezeno/Auto-BT-Generation/install/autogen_bt_interface/share/autogen_bt_interface/local_setup.bash
-- Up-to-date: /home/absolutezeno/Auto-BT-Generation/install/autogen_bt_interface/share/autogen_bt_interface/local_setup.sh
-- Up-to-date: /home/absolutezeno/Auto-BT-Generation/install/autogen_bt_interface/share/autogen_bt_interface/local_setup.zsh
-- Up-to-date: /home/absolutezeno/Auto-BT-Generation/install/autogen_bt_interface/share/autogen_bt_interface/local_setup.dsv
-- Up-to-date: /home/absolutezeno/Auto-BT-Generation/install/autogen_bt_interface/share/autogen_bt_interface/package.dsv
-- Up-to-date: /home/absolutezeno/Auto-BT-Generation/install/autogen_bt_interface/share/ament_index/resource_index/packages/autogen_bt_interface
-- Up-to-date: /home/absolutezeno/Auto-BT-Generation/install/autogen_bt_interface/share/autogen_bt_interface/cmake/export_autogen_bt_interface__rosidl_generator_cExport.cmake
-- Up-to-date: /home/absolutezeno/Auto-BT-Generation/install/autogen_bt_interface/share/autogen_bt_interface/cmake/export_autogen_bt_interface__rosidl_generator_cExport-noconfig.cmake
-- Up-to-date: /home/absolutezeno/Auto-BT-Generation/install/autogen_bt_interface/share/autogen_bt_interface/cmake/export_autogen_bt_interface__rosidl_typesupport_fastrtps_cExport.cmake
-- Up-to-date: /home/absolutezeno/Auto-BT-Generation/install/autogen_bt_interface/share/autogen_bt_interface/cmake/export_autogen_bt_interface__rosidl_typesupport_fastrtps_cExport-noconfig.cmake
-- Up-to-date: /home/absolutezeno/Auto-BT-Generation/install/autogen_bt_interface/share/autogen_bt_interface/cmake/export_autogen_bt_interface__rosidl_generator_cppExport.cmake
-- Up-to-date: /home/absolutezeno/Auto-BT-Generation/install/autogen_bt_interface/share/autogen_bt_interface/cmake/export_autogen_bt_interface__rosidl_typesupport_fastrtps_cppExport.cmake
-- Up-to-date: /home/absolutezeno/Auto-BT-Generation/install/autogen_bt_interface/share/autogen_bt_interface/cmake/export_autogen_bt_interface__rosidl_typesupport_fastrtps_cppExport-noconfig.cmake
-- Up-to-date: /home/absolutezeno/Auto-BT-Generation/install/autogen_bt_interface/share/autogen_bt_interface/cmake/autogen_bt_interface__rosidl_typesupport_introspection_cExport.cmake
-- Up-to-date: /home/absolutezeno/Auto-BT-Generation/install/autogen_bt_interface/share/autogen_bt_interface/cmake/autogen_bt_interface__rosidl_typesupport_introspection_cExport-noconfig.cmake
-- Up-to-date: /home/absolutezeno/Auto-BT-Generation/install/autogen_bt_interface/share/autogen_bt_interface/cmake/autogen_bt_interface__rosidl_typesupport_cExport.cmake
-- Up-to-date: /home/absolutezeno/Auto-BT-Generation/install/autogen_bt_interface/share/autogen_bt_interface/cmake/autogen_bt_interface__rosidl_typesupport_cExport-noconfig.cmake
-- Up-to-date: /home/absolutezeno/Auto-BT-Generation/install/autogen_bt_interface/share/autogen_bt_interface/cmake/autogen_bt_interface__rosidl_typesupport_introspection_cppExport.cmake
-- Up-to-date: /home/absolutezeno/Auto-BT-Generation/install/autogen_bt_interface/share/autogen_bt_interface/cmake/autogen_bt_interface__rosidl_typesupport_introspection_cppExport-noconfig.cmake
-- Up-to-date: /home/absolutezeno/Auto-BT-Generation/install/autogen_bt_interface/share/autogen_bt_interface/cmake/autogen_bt_interface__rosidl_typesupport_cppExport.cmake
-- Up-to-date: /home/absolutezeno/Auto-BT-Generation/install/autogen_bt_interface/share/autogen_bt_interface/cmake/autogen_bt_interface__rosidl_typesupport_cppExport-noconfig.cmake
-- Up-to-date: /home/absolutezeno/Auto-BT-Generation/install/autogen_bt_interface/share/autogen_bt_interface/cmake/export_autogen_bt_interface__rosidl_generator_pyExport.cmake
-- Up-to-date: /home/absolutezeno/Auto-BT-Generation/install/autogen_bt_interface/share/autogen_bt_interface/cmake/export_autogen_bt_interface__rosidl_generator_pyExport-noconfig.cmake
-- Up-to-date: /home/absolutezeno/Auto-BT-Generation/install/autogen_bt_interface/share/autogen_bt_interface/cmake/rosidl_cmake-extras.cmake
-- Up-to-date: /home/absolutezeno/Auto-BT-Generation/install/autogen_bt_interface/share/autogen_bt_interface/cmake/ament_cmake_export_dependencies-extras.cmake
-- Up-to-date: /home/absolutezeno/Auto-BT-Generation/install/autogen_bt_interface/share/autogen_bt_interface/cmake/ament_cmake_export_include_directories-extras.cmake
-- Up-to-date: /home/absolutezeno/Auto-BT-Generation/install/autogen_bt_interface/share/autogen_bt_interface/cmake/ament_cmake_export_libraries-extras.cmake
-- Up-to-date: /home/absolutezeno/Auto-BT-Generation/install/autogen_bt_interface/share/autogen_bt_interface/cmake/ament_cmake_export_targets-extras.cmake
-- Up-to-date: /home/absolutezeno/Auto-BT-Generation/install/autogen_bt_interface/share/autogen_bt_interface/cmake/rosidl_cmake_export_typesupport_targets-extras.cmake
-- Up-to-date: /home/absolutezeno/Auto-BT-Generation/install/autogen_bt_interface/share/autogen_bt_interface/cmake/rosidl_cmake_export_typesupport_libraries-extras.cmake
-- Up-to-date: /home/absolutezeno/Auto-BT-Generation/install/autogen_bt_interface/share/autogen_bt_interface/cmake/autogen_bt_interfaceConfig.cmake
-- Up-to-date: /home/absolutezeno/Auto-BT-Generation/install/autogen_bt_interface/share/autogen_bt_interface/cmake/autogen_bt_interfaceConfig-version.cmake
-- Up-to-date: /home/absolutezeno/Auto-BT-Generation/install/autogen_bt_interface/share/autogen_bt_interface/package.xml
