[0.742s] Invoking command in '/home/absolutezeno/Auto-BT-Generation/build/autogen_bt_interface': CMAKE_PREFIX_PATH=${CMAKE_PREFIX_PATH}:/home/absolutezeno/Auto-BT-Generation/install/turtlebot3_teleop:/home/absolutezeno/Auto-BT-Generation/install/turtlebot3_example:/home/absolutezeno/Auto-BT-Generation/install/py_trees_ros_viewer:/home/absolutezeno/Auto-BT-Generation/install/py_trees_ros_tutorials:/home/absolutezeno/Auto-BT-Generation/install/py_trees_ros:/home/absolutezeno/fra532_exam/install/mir_driver:/home/absolutezeno/fra532_exam/install/twist_stamper:/home/absolutezeno/fra532_exam/install/mir_restapi:/opt/ros/humble PS1=(isaaclab) \[\e]0;\u@\h: \w\a\]${debian_chroot:+($debian_chroot)}\[\033[01;32m\]\u@\h\[\033[00m\]:\[\033[01;34m\]\w\[\033[00m\]\$ VIRTUAL_ENV_PROMPT=(isaaclab) /usr/bin/cmake --build /home/absolutezeno/Auto-BT-Generation/build/autogen_bt_interface -- -j20 -l20
[0.799s] [  2%] [32mBuilding C object CMakeFiles/autogen_bt_interface__rosidl_generator_c.dir/rosidl_generator_c/autogen_bt_interface/srv/detail/picking_request__functions.c.o[0m
[0.800s] [  5%] Built target autogen_bt_interface__cpp
[0.800s] [  7%] [32mBuilding C object CMakeFiles/autogen_bt_interface__rosidl_generator_c.dir/rosidl_generator_c/autogen_bt_interface/srv/detail/charging_request__functions.c.o[0m
[0.814s] [  7%] Built target ament_cmake_python_copy_autogen_bt_interface
[0.849s] [ 10%] [32mBuilding CXX object CMakeFiles/autogen_bt_interface__rosidl_typesupport_fastrtps_cpp.dir/rosidl_typesupport_fastrtps_cpp/autogen_bt_interface/srv/detail/dds_fastrtps/charging_request__type_support.cpp.o[0m
[0.861s] [ 12%] [32mBuilding CXX object CMakeFiles/autogen_bt_interface__rosidl_typesupport_introspection_cpp.dir/rosidl_typesupport_introspection_cpp/autogen_bt_interface/srv/detail/picking_request__type_support.cpp.o[0m
[0.861s] [ 15%] [32mBuilding CXX object CMakeFiles/autogen_bt_interface__rosidl_typesupport_fastrtps_cpp.dir/rosidl_typesupport_fastrtps_cpp/autogen_bt_interface/srv/detail/dds_fastrtps/picking_request__type_support.cpp.o[0m
[0.868s] [ 17%] [32mBuilding CXX object CMakeFiles/autogen_bt_interface__rosidl_typesupport_introspection_cpp.dir/rosidl_typesupport_introspection_cpp/autogen_bt_interface/srv/detail/charging_request__type_support.cpp.o[0m
[0.873s] [ 20%] [32mBuilding CXX object CMakeFiles/autogen_bt_interface__rosidl_typesupport_cpp.dir/rosidl_typesupport_cpp/autogen_bt_interface/srv/charging_request__type_support.cpp.o[0m
[0.878s] [ 23%] [32mBuilding CXX object CMakeFiles/autogen_bt_interface__rosidl_typesupport_cpp.dir/rosidl_typesupport_cpp/autogen_bt_interface/srv/picking_request__type_support.cpp.o[0m
[1.034s] [ 25%] [32m[1mLinking C shared library libautogen_bt_interface__rosidl_generator_c.so[0m
[1.133s] [ 28%] Built target autogen_bt_interface__rosidl_generator_c
[1.201s] [ 30%] [32mBuilding CXX object CMakeFiles/autogen_bt_interface__rosidl_typesupport_c.dir/rosidl_typesupport_c/autogen_bt_interface/srv/charging_request__type_support.cpp.o[0m
[1.202s] [ 33%] [32mBuilding C object CMakeFiles/autogen_bt_interface__rosidl_typesupport_introspection_c.dir/rosidl_typesupport_introspection_c/autogen_bt_interface/srv/detail/charging_request__type_support.c.o[0m
[1.207s] [ 35%] [32mBuilding CXX object CMakeFiles/autogen_bt_interface__rosidl_typesupport_c.dir/rosidl_typesupport_c/autogen_bt_interface/srv/picking_request__type_support.cpp.o[0m
[1.230s] [ 38%] [32mBuilding C object CMakeFiles/autogen_bt_interface__rosidl_typesupport_introspection_c.dir/rosidl_typesupport_introspection_c/autogen_bt_interface/srv/detail/picking_request__type_support.c.o[0m
[1.230s] [ 41%] [32mBuilding CXX object CMakeFiles/autogen_bt_interface__rosidl_typesupport_fastrtps_c.dir/rosidl_typesupport_fastrtps_c/autogen_bt_interface/srv/detail/charging_request__type_support_c.cpp.o[0m
[1.259s] [ 43%] [32mBuilding CXX object CMakeFiles/autogen_bt_interface__rosidl_typesupport_fastrtps_c.dir/rosidl_typesupport_fastrtps_c/autogen_bt_interface/srv/detail/picking_request__type_support_c.cpp.o[0m
[1.319s] [ 46%] [32m[1mLinking CXX shared library libautogen_bt_interface__rosidl_typesupport_c.so[0m
[1.394s] [ 48%] [32m[1mLinking C shared library libautogen_bt_interface__rosidl_typesupport_introspection_c.so[0m
[1.447s] [ 51%] Built target autogen_bt_interface__rosidl_typesupport_c
[1.522s] [ 53%] Built target autogen_bt_interface__rosidl_typesupport_introspection_c
[1.560s] running egg_info
[1.561s] writing autogen_bt_interface.egg-info/PKG-INFO
[1.562s] writing dependency_links to autogen_bt_interface.egg-info/dependency_links.txt
[1.563s] writing top-level names to autogen_bt_interface.egg-info/top_level.txt
[1.565s] reading manifest file 'autogen_bt_interface.egg-info/SOURCES.txt'
[1.572s] writing manifest file 'autogen_bt_interface.egg-info/SOURCES.txt'
[1.642s] [ 53%] Built target ament_cmake_python_build_autogen_bt_interface_egg
[2.031s] [ 56%] [32m[1mLinking CXX shared library libautogen_bt_interface__rosidl_typesupport_introspection_cpp.so[0m
[2.075s] [ 58%] [32m[1mLinking CXX shared library libautogen_bt_interface__rosidl_typesupport_fastrtps_c.so[0m
[2.075s] [ 61%] [32m[1mLinking CXX shared library libautogen_bt_interface__rosidl_typesupport_fastrtps_cpp.so[0m
[2.131s] [ 64%] [32m[1mLinking CXX shared library libautogen_bt_interface__rosidl_typesupport_cpp.so[0m
[2.221s] [ 66%] Built target autogen_bt_interface__rosidl_typesupport_cpp
[2.234s] [ 69%] Built target autogen_bt_interface__rosidl_typesupport_fastrtps_c
[2.247s] [ 71%] Built target autogen_bt_interface__rosidl_typesupport_introspection_cpp
[2.252s] [ 74%] Built target autogen_bt_interface__rosidl_typesupport_fastrtps_cpp
[2.327s] [ 74%] Built target autogen_bt_interface
[2.396s] [ 76%] Built target autogen_bt_interface__py
[2.434s] [ 79%] [32mBuilding C object CMakeFiles/autogen_bt_interface__rosidl_generator_py.dir/rosidl_generator_py/autogen_bt_interface/srv/_charging_request_s.c.o[0m
[2.458s] [ 82%] [32mBuilding C object CMakeFiles/autogen_bt_interface__rosidl_generator_py.dir/rosidl_generator_py/autogen_bt_interface/srv/_picking_request_s.c.o[0m
[2.713s] [ 84%] [32m[1mLinking C shared library rosidl_generator_py/autogen_bt_interface/libautogen_bt_interface__rosidl_generator_py.so[0m
[2.766s] [ 84%] Built target autogen_bt_interface__rosidl_generator_py
[2.801s] [ 87%] [32mBuilding C object CMakeFiles/autogen_bt_interface__rosidl_typesupport_introspection_c__pyext.dir/rosidl_generator_py/autogen_bt_interface/_autogen_bt_interface_s.ep.rosidl_typesupport_introspection_c.c.o[0m
[2.805s] [ 89%] [32mBuilding C object CMakeFiles/autogen_bt_interface__rosidl_typesupport_c__pyext.dir/rosidl_generator_py/autogen_bt_interface/_autogen_bt_interface_s.ep.rosidl_typesupport_c.c.o[0m
[2.822s] [ 92%] [32mBuilding C object CMakeFiles/autogen_bt_interface__rosidl_typesupport_fastrtps_c__pyext.dir/rosidl_generator_py/autogen_bt_interface/_autogen_bt_interface_s.ep.rosidl_typesupport_fastrtps_c.c.o[0m
[2.976s] [ 94%] [32m[1mLinking C shared library rosidl_generator_py/autogen_bt_interface/autogen_bt_interface_s__rosidl_typesupport_fastrtps_c.cpython-310-x86_64-linux-gnu.so[0m
[2.989s] [ 97%] [32m[1mLinking C shared library rosidl_generator_py/autogen_bt_interface/autogen_bt_interface_s__rosidl_typesupport_introspection_c.cpython-310-x86_64-linux-gnu.so[0m
[3.070s] [ 97%] Built target autogen_bt_interface__rosidl_typesupport_introspection_c__pyext
[3.075s] [100%] [32m[1mLinking C shared library rosidl_generator_py/autogen_bt_interface/autogen_bt_interface_s__rosidl_typesupport_c.cpython-310-x86_64-linux-gnu.so[0m
[3.100s] [100%] Built target autogen_bt_interface__rosidl_typesupport_fastrtps_c__pyext
[3.198s] [100%] Built target autogen_bt_interface__rosidl_typesupport_c__pyext
[3.219s] Invoked command in '/home/absolutezeno/Auto-BT-Generation/build/autogen_bt_interface' returned '0': CMAKE_PREFIX_PATH=${CMAKE_PREFIX_PATH}:/home/absolutezeno/Auto-BT-Generation/install/turtlebot3_teleop:/home/absolutezeno/Auto-BT-Generation/install/turtlebot3_example:/home/absolutezeno/Auto-BT-Generation/install/py_trees_ros_viewer:/home/absolutezeno/Auto-BT-Generation/install/py_trees_ros_tutorials:/home/absolutezeno/Auto-BT-Generation/install/py_trees_ros:/home/absolutezeno/fra532_exam/install/mir_driver:/home/absolutezeno/fra532_exam/install/twist_stamper:/home/absolutezeno/fra532_exam/install/mir_restapi:/opt/ros/humble PS1=(isaaclab) \[\e]0;\u@\h: \w\a\]${debian_chroot:+($debian_chroot)}\[\033[01;32m\]\u@\h\[\033[00m\]:\[\033[01;34m\]\w\[\033[00m\]\$ VIRTUAL_ENV_PROMPT=(isaaclab) /usr/bin/cmake --build /home/absolutezeno/Auto-BT-Generation/build/autogen_bt_interface -- -j20 -l20
[3.337s] Invoking command in '/home/absolutezeno/Auto-BT-Generation/build/autogen_bt_interface': CMAKE_PREFIX_PATH=${CMAKE_PREFIX_PATH}:/home/absolutezeno/Auto-BT-Generation/install/turtlebot3_teleop:/home/absolutezeno/Auto-BT-Generation/install/turtlebot3_example:/home/absolutezeno/Auto-BT-Generation/install/py_trees_ros_viewer:/home/absolutezeno/Auto-BT-Generation/install/py_trees_ros_tutorials:/home/absolutezeno/Auto-BT-Generation/install/py_trees_ros:/home/absolutezeno/fra532_exam/install/mir_driver:/home/absolutezeno/fra532_exam/install/twist_stamper:/home/absolutezeno/fra532_exam/install/mir_restapi:/opt/ros/humble PS1=(isaaclab) \[\e]0;\u@\h: \w\a\]${debian_chroot:+($debian_chroot)}\[\033[01;32m\]\u@\h\[\033[00m\]:\[\033[01;34m\]\w\[\033[00m\]\$ VIRTUAL_ENV_PROMPT=(isaaclab) /usr/bin/cmake --install /home/absolutezeno/Auto-BT-Generation/build/autogen_bt_interface
[3.348s] -- Install configuration: ""
[3.349s] -- Up-to-date: /home/absolutezeno/Auto-BT-Generation/install/autogen_bt_interface/share/ament_index/resource_index/rosidl_interfaces/autogen_bt_interface
[3.349s] -- Up-to-date: /home/absolutezeno/Auto-BT-Generation/install/autogen_bt_interface/include/autogen_bt_interface/autogen_bt_interface
[3.349s] -- Up-to-date: /home/absolutezeno/Auto-BT-Generation/install/autogen_bt_interface/include/autogen_bt_interface/autogen_bt_interface/msg
[3.349s] -- Up-to-date: /home/absolutezeno/Auto-BT-Generation/install/autogen_bt_interface/include/autogen_bt_interface/autogen_bt_interface/msg/rosidl_generator_c__visibility_control.h
[3.349s] -- Up-to-date: /home/absolutezeno/Auto-BT-Generation/install/autogen_bt_interface/include/autogen_bt_interface/autogen_bt_interface/srv
[3.349s] -- Up-to-date: /home/absolutezeno/Auto-BT-Generation/install/autogen_bt_interface/include/autogen_bt_interface/autogen_bt_interface/srv/picking_request.h
[3.349s] -- Up-to-date: /home/absolutezeno/Auto-BT-Generation/install/autogen_bt_interface/include/autogen_bt_interface/autogen_bt_interface/srv/charging_request.h
[3.349s] -- Up-to-date: /home/absolutezeno/Auto-BT-Generation/install/autogen_bt_interface/include/autogen_bt_interface/autogen_bt_interface/srv/detail
[3.349s] -- Up-to-date: /home/absolutezeno/Auto-BT-Generation/install/autogen_bt_interface/include/autogen_bt_interface/autogen_bt_interface/srv/detail/charging_request__type_support.h
[3.349s] -- Up-to-date: /home/absolutezeno/Auto-BT-Generation/install/autogen_bt_interface/include/autogen_bt_interface/autogen_bt_interface/srv/detail/picking_request__type_support.h
[3.349s] -- Up-to-date: /home/absolutezeno/Auto-BT-Generation/install/autogen_bt_interface/include/autogen_bt_interface/autogen_bt_interface/srv/detail/picking_request__functions.h
[3.349s] -- Up-to-date: /home/absolutezeno/Auto-BT-Generation/install/autogen_bt_interface/include/autogen_bt_interface/autogen_bt_interface/srv/detail/charging_request__functions.h
[3.349s] -- Up-to-date: /home/absolutezeno/Auto-BT-Generation/install/autogen_bt_interface/include/autogen_bt_interface/autogen_bt_interface/srv/detail/picking_request__functions.c
[3.350s] -- Up-to-date: /home/absolutezeno/Auto-BT-Generation/install/autogen_bt_interface/include/autogen_bt_interface/autogen_bt_interface/srv/detail/picking_request__struct.h
[3.350s] -- Up-to-date: /home/absolutezeno/Auto-BT-Generation/install/autogen_bt_interface/include/autogen_bt_interface/autogen_bt_interface/srv/detail/charging_request__struct.h
[3.350s] -- Up-to-date: /home/absolutezeno/Auto-BT-Generation/install/autogen_bt_interface/include/autogen_bt_interface/autogen_bt_interface/srv/detail/charging_request__functions.c
[3.350s] -- Up-to-date: /home/absolutezeno/Auto-BT-Generation/install/autogen_bt_interface/share/autogen_bt_interface/environment/library_path.sh
[3.350s] -- Up-to-date: /home/absolutezeno/Auto-BT-Generation/install/autogen_bt_interface/share/autogen_bt_interface/environment/library_path.dsv
[3.350s] -- Installing: /home/absolutezeno/Auto-BT-Generation/install/autogen_bt_interface/lib/libautogen_bt_interface__rosidl_generator_c.so
[3.350s] -- Set runtime path of "/home/absolutezeno/Auto-BT-Generation/install/autogen_bt_interface/lib/libautogen_bt_interface__rosidl_generator_c.so" to ""
[3.351s] -- Up-to-date: /home/absolutezeno/Auto-BT-Generation/install/autogen_bt_interface/include/autogen_bt_interface/autogen_bt_interface
[3.351s] -- Up-to-date: /home/absolutezeno/Auto-BT-Generation/install/autogen_bt_interface/include/autogen_bt_interface/autogen_bt_interface/msg
[3.351s] -- Up-to-date: /home/absolutezeno/Auto-BT-Generation/install/autogen_bt_interface/include/autogen_bt_interface/autogen_bt_interface/msg/rosidl_typesupport_fastrtps_c__visibility_control.h
[3.351s] -- Up-to-date: /home/absolutezeno/Auto-BT-Generation/install/autogen_bt_interface/include/autogen_bt_interface/autogen_bt_interface/srv
[3.351s] -- Up-to-date: /home/absolutezeno/Auto-BT-Generation/install/autogen_bt_interface/include/autogen_bt_interface/autogen_bt_interface/srv/detail
[3.351s] -- Up-to-date: /home/absolutezeno/Auto-BT-Generation/install/autogen_bt_interface/include/autogen_bt_interface/autogen_bt_interface/srv/detail/charging_request__rosidl_typesupport_fastrtps_c.h
[3.351s] -- Up-to-date: /home/absolutezeno/Auto-BT-Generation/install/autogen_bt_interface/include/autogen_bt_interface/autogen_bt_interface/srv/detail/picking_request__rosidl_typesupport_fastrtps_c.h
[3.352s] -- Installing: /home/absolutezeno/Auto-BT-Generation/install/autogen_bt_interface/lib/libautogen_bt_interface__rosidl_typesupport_fastrtps_c.so
[3.352s] -- Set runtime path of "/home/absolutezeno/Auto-BT-Generation/install/autogen_bt_interface/lib/libautogen_bt_interface__rosidl_typesupport_fastrtps_c.so" to ""
[3.352s] -- Up-to-date: /home/absolutezeno/Auto-BT-Generation/install/autogen_bt_interface/include/autogen_bt_interface/autogen_bt_interface
[3.352s] -- Up-to-date: /home/absolutezeno/Auto-BT-Generation/install/autogen_bt_interface/include/autogen_bt_interface/autogen_bt_interface/msg
[3.352s] -- Up-to-date: /home/absolutezeno/Auto-BT-Generation/install/autogen_bt_interface/include/autogen_bt_interface/autogen_bt_interface/msg/rosidl_generator_cpp__visibility_control.hpp
[3.352s] -- Up-to-date: /home/absolutezeno/Auto-BT-Generation/install/autogen_bt_interface/include/autogen_bt_interface/autogen_bt_interface/srv
[3.352s] -- Up-to-date: /home/absolutezeno/Auto-BT-Generation/install/autogen_bt_interface/include/autogen_bt_interface/autogen_bt_interface/srv/charging_request.hpp
[3.353s] -- Up-to-date: /home/absolutezeno/Auto-BT-Generation/install/autogen_bt_interface/include/autogen_bt_interface/autogen_bt_interface/srv/picking_request.hpp
[3.353s] -- Up-to-date: /home/absolutezeno/Auto-BT-Generation/install/autogen_bt_interface/include/autogen_bt_interface/autogen_bt_interface/srv/detail
[3.353s] -- Up-to-date: /home/absolutezeno/Auto-BT-Generation/install/autogen_bt_interface/include/autogen_bt_interface/autogen_bt_interface/srv/detail/charging_request__builder.hpp
[3.353s] -- Up-to-date: /home/absolutezeno/Auto-BT-Generation/install/autogen_bt_interface/include/autogen_bt_interface/autogen_bt_interface/srv/detail/picking_request__struct.hpp
[3.353s] -- Up-to-date: /home/absolutezeno/Auto-BT-Generation/install/autogen_bt_interface/include/autogen_bt_interface/autogen_bt_interface/srv/detail/picking_request__traits.hpp
[3.353s] -- Up-to-date: /home/absolutezeno/Auto-BT-Generation/install/autogen_bt_interface/include/autogen_bt_interface/autogen_bt_interface/srv/detail/picking_request__builder.hpp
[3.353s] -- Up-to-date: /home/absolutezeno/Auto-BT-Generation/install/autogen_bt_interface/include/autogen_bt_interface/autogen_bt_interface/srv/detail/charging_request__type_support.hpp
[3.353s] -- Up-to-date: /home/absolutezeno/Auto-BT-Generation/install/autogen_bt_interface/include/autogen_bt_interface/autogen_bt_interface/srv/detail/picking_request__type_support.hpp
[3.353s] -- Up-to-date: /home/absolutezeno/Auto-BT-Generation/install/autogen_bt_interface/include/autogen_bt_interface/autogen_bt_interface/srv/detail/charging_request__traits.hpp
[3.354s] -- Up-to-date: /home/absolutezeno/Auto-BT-Generation/install/autogen_bt_interface/include/autogen_bt_interface/autogen_bt_interface/srv/detail/charging_request__struct.hpp
[3.354s] -- Up-to-date: /home/absolutezeno/Auto-BT-Generation/install/autogen_bt_interface/include/autogen_bt_interface/autogen_bt_interface
[3.354s] -- Up-to-date: /home/absolutezeno/Auto-BT-Generation/install/autogen_bt_interface/include/autogen_bt_interface/autogen_bt_interface/msg
[3.354s] -- Up-to-date: /home/absolutezeno/Auto-BT-Generation/install/autogen_bt_interface/include/autogen_bt_interface/autogen_bt_interface/msg/rosidl_typesupport_fastrtps_cpp__visibility_control.h
[3.354s] -- Up-to-date: /home/absolutezeno/Auto-BT-Generation/install/autogen_bt_interface/include/autogen_bt_interface/autogen_bt_interface/srv
[3.354s] -- Up-to-date: /home/absolutezeno/Auto-BT-Generation/install/autogen_bt_interface/include/autogen_bt_interface/autogen_bt_interface/srv/detail
[3.354s] -- Up-to-date: /home/absolutezeno/Auto-BT-Generation/install/autogen_bt_interface/include/autogen_bt_interface/autogen_bt_interface/srv/detail/picking_request__rosidl_typesupport_fastrtps_cpp.hpp
[3.354s] -- Up-to-date: /home/absolutezeno/Auto-BT-Generation/install/autogen_bt_interface/include/autogen_bt_interface/autogen_bt_interface/srv/detail/dds_fastrtps
[3.354s] -- Up-to-date: /home/absolutezeno/Auto-BT-Generation/install/autogen_bt_interface/include/autogen_bt_interface/autogen_bt_interface/srv/detail/charging_request__rosidl_typesupport_fastrtps_cpp.hpp
[3.355s] -- Installing: /home/absolutezeno/Auto-BT-Generation/install/autogen_bt_interface/lib/libautogen_bt_interface__rosidl_typesupport_fastrtps_cpp.so
[3.355s] -- Set runtime path of "/home/absolutezeno/Auto-BT-Generation/install/autogen_bt_interface/lib/libautogen_bt_interface__rosidl_typesupport_fastrtps_cpp.so" to ""
[3.355s] -- Up-to-date: /home/absolutezeno/Auto-BT-Generation/install/autogen_bt_interface/include/autogen_bt_interface/autogen_bt_interface
[3.355s] -- Up-to-date: /home/absolutezeno/Auto-BT-Generation/install/autogen_bt_interface/include/autogen_bt_interface/autogen_bt_interface/msg
[3.355s] -- Up-to-date: /home/absolutezeno/Auto-BT-Generation/install/autogen_bt_interface/include/autogen_bt_interface/autogen_bt_interface/msg/rosidl_typesupport_introspection_c__visibility_control.h
[3.355s] -- Up-to-date: /home/absolutezeno/Auto-BT-Generation/install/autogen_bt_interface/include/autogen_bt_interface/autogen_bt_interface/srv
[3.355s] -- Up-to-date: /home/absolutezeno/Auto-BT-Generation/install/autogen_bt_interface/include/autogen_bt_interface/autogen_bt_interface/srv/detail
[3.355s] -- Up-to-date: /home/absolutezeno/Auto-BT-Generation/install/autogen_bt_interface/include/autogen_bt_interface/autogen_bt_interface/srv/detail/charging_request__rosidl_typesupport_introspection_c.h
[3.356s] -- Up-to-date: /home/absolutezeno/Auto-BT-Generation/install/autogen_bt_interface/include/autogen_bt_interface/autogen_bt_interface/srv/detail/charging_request__type_support.c
[3.356s] -- Up-to-date: /home/absolutezeno/Auto-BT-Generation/install/autogen_bt_interface/include/autogen_bt_interface/autogen_bt_interface/srv/detail/picking_request__rosidl_typesupport_introspection_c.h
[3.356s] -- Up-to-date: /home/absolutezeno/Auto-BT-Generation/install/autogen_bt_interface/include/autogen_bt_interface/autogen_bt_interface/srv/detail/picking_request__type_support.c
[3.356s] -- Installing: /home/absolutezeno/Auto-BT-Generation/install/autogen_bt_interface/lib/libautogen_bt_interface__rosidl_typesupport_introspection_c.so
[3.356s] -- Set runtime path of "/home/absolutezeno/Auto-BT-Generation/install/autogen_bt_interface/lib/libautogen_bt_interface__rosidl_typesupport_introspection_c.so" to ""
[3.356s] -- Installing: /home/absolutezeno/Auto-BT-Generation/install/autogen_bt_interface/lib/libautogen_bt_interface__rosidl_typesupport_c.so
[3.356s] -- Set runtime path of "/home/absolutezeno/Auto-BT-Generation/install/autogen_bt_interface/lib/libautogen_bt_interface__rosidl_typesupport_c.so" to ""
[3.356s] -- Up-to-date: /home/absolutezeno/Auto-BT-Generation/install/autogen_bt_interface/include/autogen_bt_interface/autogen_bt_interface
[3.356s] -- Up-to-date: /home/absolutezeno/Auto-BT-Generation/install/autogen_bt_interface/include/autogen_bt_interface/autogen_bt_interface/srv
[3.357s] -- Up-to-date: /home/absolutezeno/Auto-BT-Generation/install/autogen_bt_interface/include/autogen_bt_interface/autogen_bt_interface/srv/detail
[3.357s] -- Up-to-date: /home/absolutezeno/Auto-BT-Generation/install/autogen_bt_interface/include/autogen_bt_interface/autogen_bt_interface/srv/detail/charging_request__rosidl_typesupport_introspection_cpp.hpp
[3.357s] -- Up-to-date: /home/absolutezeno/Auto-BT-Generation/install/autogen_bt_interface/include/autogen_bt_interface/autogen_bt_interface/srv/detail/picking_request__rosidl_typesupport_introspection_cpp.hpp
[3.357s] -- Up-to-date: /home/absolutezeno/Auto-BT-Generation/install/autogen_bt_interface/include/autogen_bt_interface/autogen_bt_interface/srv/detail/charging_request__type_support.cpp
[3.357s] -- Up-to-date: /home/absolutezeno/Auto-BT-Generation/install/autogen_bt_interface/include/autogen_bt_interface/autogen_bt_interface/srv/detail/picking_request__type_support.cpp
[3.357s] -- Installing: /home/absolutezeno/Auto-BT-Generation/install/autogen_bt_interface/lib/libautogen_bt_interface__rosidl_typesupport_introspection_cpp.so
[3.357s] -- Set runtime path of "/home/absolutezeno/Auto-BT-Generation/install/autogen_bt_interface/lib/libautogen_bt_interface__rosidl_typesupport_introspection_cpp.so" to ""
[3.357s] -- Installing: /home/absolutezeno/Auto-BT-Generation/install/autogen_bt_interface/lib/libautogen_bt_interface__rosidl_typesupport_cpp.so
[3.358s] -- Set runtime path of "/home/absolutezeno/Auto-BT-Generation/install/autogen_bt_interface/lib/libautogen_bt_interface__rosidl_typesupport_cpp.so" to ""
[3.358s] -- Up-to-date: /home/absolutezeno/Auto-BT-Generation/install/autogen_bt_interface/share/autogen_bt_interface/environment/pythonpath.sh
[3.358s] -- Up-to-date: /home/absolutezeno/Auto-BT-Generation/install/autogen_bt_interface/share/autogen_bt_interface/environment/pythonpath.dsv
[3.358s] -- Up-to-date: /home/absolutezeno/Auto-BT-Generation/install/autogen_bt_interface/local/lib/python3.10/dist-packages/autogen_bt_interface-0.0.0-py3.10.egg-info
[3.358s] -- Installing: /home/absolutezeno/Auto-BT-Generation/install/autogen_bt_interface/local/lib/python3.10/dist-packages/autogen_bt_interface-0.0.0-py3.10.egg-info/PKG-INFO
[3.358s] -- Installing: /home/absolutezeno/Auto-BT-Generation/install/autogen_bt_interface/local/lib/python3.10/dist-packages/autogen_bt_interface-0.0.0-py3.10.egg-info/top_level.txt
[3.359s] -- Installing: /home/absolutezeno/Auto-BT-Generation/install/autogen_bt_interface/local/lib/python3.10/dist-packages/autogen_bt_interface-0.0.0-py3.10.egg-info/dependency_links.txt
[3.359s] -- Installing: /home/absolutezeno/Auto-BT-Generation/install/autogen_bt_interface/local/lib/python3.10/dist-packages/autogen_bt_interface-0.0.0-py3.10.egg-info/SOURCES.txt
[3.360s] -- Up-to-date: /home/absolutezeno/Auto-BT-Generation/install/autogen_bt_interface/local/lib/python3.10/dist-packages/autogen_bt_interface
[3.360s] -- Up-to-date: /home/absolutezeno/Auto-BT-Generation/install/autogen_bt_interface/local/lib/python3.10/dist-packages/autogen_bt_interface/_autogen_bt_interface_s.ep.rosidl_typesupport_introspection_c.c
[3.360s] -- Installing: /home/absolutezeno/Auto-BT-Generation/install/autogen_bt_interface/local/lib/python3.10/dist-packages/autogen_bt_interface/autogen_bt_interface_s__rosidl_typesupport_c.cpython-310-x86_64-linux-gnu.so
[3.360s] -- Installing: /home/absolutezeno/Auto-BT-Generation/install/autogen_bt_interface/local/lib/python3.10/dist-packages/autogen_bt_interface/autogen_bt_interface_s__rosidl_typesupport_introspection_c.cpython-310-x86_64-linux-gnu.so
[3.360s] -- Up-to-date: /home/absolutezeno/Auto-BT-Generation/install/autogen_bt_interface/local/lib/python3.10/dist-packages/autogen_bt_interface/_autogen_bt_interface_s.ep.rosidl_typesupport_fastrtps_c.c
[3.360s] -- Up-to-date: /home/absolutezeno/Auto-BT-Generation/install/autogen_bt_interface/local/lib/python3.10/dist-packages/autogen_bt_interface/_autogen_bt_interface_s.ep.rosidl_typesupport_c.c
[3.360s] -- Up-to-date: /home/absolutezeno/Auto-BT-Generation/install/autogen_bt_interface/local/lib/python3.10/dist-packages/autogen_bt_interface/__init__.py
[3.360s] -- Installing: /home/absolutezeno/Auto-BT-Generation/install/autogen_bt_interface/local/lib/python3.10/dist-packages/autogen_bt_interface/autogen_bt_interface_s__rosidl_typesupport_fastrtps_c.cpython-310-x86_64-linux-gnu.so
[3.360s] -- Installing: /home/absolutezeno/Auto-BT-Generation/install/autogen_bt_interface/local/lib/python3.10/dist-packages/autogen_bt_interface/libautogen_bt_interface__rosidl_generator_py.so
[3.360s] -- Up-to-date: /home/absolutezeno/Auto-BT-Generation/install/autogen_bt_interface/local/lib/python3.10/dist-packages/autogen_bt_interface/srv
[3.361s] -- Up-to-date: /home/absolutezeno/Auto-BT-Generation/install/autogen_bt_interface/local/lib/python3.10/dist-packages/autogen_bt_interface/srv/_charging_request_s.c
[3.361s] -- Up-to-date: /home/absolutezeno/Auto-BT-Generation/install/autogen_bt_interface/local/lib/python3.10/dist-packages/autogen_bt_interface/srv/_picking_request_s.c
[3.361s] -- Up-to-date: /home/absolutezeno/Auto-BT-Generation/install/autogen_bt_interface/local/lib/python3.10/dist-packages/autogen_bt_interface/srv/__init__.py
[3.361s] -- Up-to-date: /home/absolutezeno/Auto-BT-Generation/install/autogen_bt_interface/local/lib/python3.10/dist-packages/autogen_bt_interface/srv/_charging_request.py
[3.361s] -- Up-to-date: /home/absolutezeno/Auto-BT-Generation/install/autogen_bt_interface/local/lib/python3.10/dist-packages/autogen_bt_interface/srv/_picking_request.py
[3.424s] Listing '/home/absolutezeno/Auto-BT-Generation/install/autogen_bt_interface/local/lib/python3.10/dist-packages/autogen_bt_interface'...
[3.424s] Listing '/home/absolutezeno/Auto-BT-Generation/install/autogen_bt_interface/local/lib/python3.10/dist-packages/autogen_bt_interface/srv'...
[3.435s] -- Installing: /home/absolutezeno/Auto-BT-Generation/install/autogen_bt_interface/local/lib/python3.10/dist-packages/autogen_bt_interface/autogen_bt_interface_s__rosidl_typesupport_fastrtps_c.cpython-310-x86_64-linux-gnu.so
[3.435s] -- Set runtime path of "/home/absolutezeno/Auto-BT-Generation/install/autogen_bt_interface/local/lib/python3.10/dist-packages/autogen_bt_interface/autogen_bt_interface_s__rosidl_typesupport_fastrtps_c.cpython-310-x86_64-linux-gnu.so" to ""
[3.435s] -- Installing: /home/absolutezeno/Auto-BT-Generation/install/autogen_bt_interface/local/lib/python3.10/dist-packages/autogen_bt_interface/autogen_bt_interface_s__rosidl_typesupport_introspection_c.cpython-310-x86_64-linux-gnu.so
[3.435s] -- Set runtime path of "/home/absolutezeno/Auto-BT-Generation/install/autogen_bt_interface/local/lib/python3.10/dist-packages/autogen_bt_interface/autogen_bt_interface_s__rosidl_typesupport_introspection_c.cpython-310-x86_64-linux-gnu.so" to ""
[3.435s] -- Installing: /home/absolutezeno/Auto-BT-Generation/install/autogen_bt_interface/local/lib/python3.10/dist-packages/autogen_bt_interface/autogen_bt_interface_s__rosidl_typesupport_c.cpython-310-x86_64-linux-gnu.so
[3.439s] -- Set runtime path of "/home/absolutezeno/Auto-BT-Generation/install/autogen_bt_interface/local/lib/python3.10/dist-packages/autogen_bt_interface/autogen_bt_interface_s__rosidl_typesupport_c.cpython-310-x86_64-linux-gnu.so" to ""
[3.439s] -- Installing: /home/absolutezeno/Auto-BT-Generation/install/autogen_bt_interface/lib/libautogen_bt_interface__rosidl_generator_py.so
[3.440s] -- Set runtime path of "/home/absolutezeno/Auto-BT-Generation/install/autogen_bt_interface/lib/libautogen_bt_interface__rosidl_generator_py.so" to ""
[3.440s] -- Up-to-date: /home/absolutezeno/Auto-BT-Generation/install/autogen_bt_interface/share/autogen_bt_interface/srv/ChargingRequest.idl
[3.440s] -- Up-to-date: /home/absolutezeno/Auto-BT-Generation/install/autogen_bt_interface/share/autogen_bt_interface/srv/PickingRequest.idl
[3.440s] -- Up-to-date: /home/absolutezeno/Auto-BT-Generation/install/autogen_bt_interface/share/autogen_bt_interface/srv/ChargingRequest.srv
[3.440s] -- Up-to-date: /home/absolutezeno/Auto-BT-Generation/install/autogen_bt_interface/share/autogen_bt_interface/srv/ChargingRequest_Request.msg
[3.440s] -- Up-to-date: /home/absolutezeno/Auto-BT-Generation/install/autogen_bt_interface/share/autogen_bt_interface/srv/ChargingRequest_Response.msg
[3.440s] -- Up-to-date: /home/absolutezeno/Auto-BT-Generation/install/autogen_bt_interface/share/autogen_bt_interface/srv/PickingRequest.srv
[3.441s] -- Up-to-date: /home/absolutezeno/Auto-BT-Generation/install/autogen_bt_interface/share/autogen_bt_interface/srv/PickingRequest_Request.msg
[3.441s] -- Up-to-date: /home/absolutezeno/Auto-BT-Generation/install/autogen_bt_interface/share/autogen_bt_interface/srv/PickingRequest_Response.msg
[3.441s] -- Up-to-date: /home/absolutezeno/Auto-BT-Generation/install/autogen_bt_interface/share/ament_index/resource_index/package_run_dependencies/autogen_bt_interface
[3.441s] -- Up-to-date: /home/absolutezeno/Auto-BT-Generation/install/autogen_bt_interface/share/ament_index/resource_index/parent_prefix_path/autogen_bt_interface
[3.441s] -- Up-to-date: /home/absolutezeno/Auto-BT-Generation/install/autogen_bt_interface/share/autogen_bt_interface/environment/ament_prefix_path.sh
[3.441s] -- Up-to-date: /home/absolutezeno/Auto-BT-Generation/install/autogen_bt_interface/share/autogen_bt_interface/environment/ament_prefix_path.dsv
[3.441s] -- Up-to-date: /home/absolutezeno/Auto-BT-Generation/install/autogen_bt_interface/share/autogen_bt_interface/environment/path.sh
[3.441s] -- Up-to-date: /home/absolutezeno/Auto-BT-Generation/install/autogen_bt_interface/share/autogen_bt_interface/environment/path.dsv
[3.442s] -- Up-to-date: /home/absolutezeno/Auto-BT-Generation/install/autogen_bt_interface/share/autogen_bt_interface/local_setup.bash
[3.442s] -- Up-to-date: /home/absolutezeno/Auto-BT-Generation/install/autogen_bt_interface/share/autogen_bt_interface/local_setup.sh
[3.442s] -- Up-to-date: /home/absolutezeno/Auto-BT-Generation/install/autogen_bt_interface/share/autogen_bt_interface/local_setup.zsh
[3.442s] -- Up-to-date: /home/absolutezeno/Auto-BT-Generation/install/autogen_bt_interface/share/autogen_bt_interface/local_setup.dsv
[3.442s] -- Up-to-date: /home/absolutezeno/Auto-BT-Generation/install/autogen_bt_interface/share/autogen_bt_interface/package.dsv
[3.442s] -- Up-to-date: /home/absolutezeno/Auto-BT-Generation/install/autogen_bt_interface/share/ament_index/resource_index/packages/autogen_bt_interface
[3.442s] -- Up-to-date: /home/absolutezeno/Auto-BT-Generation/install/autogen_bt_interface/share/autogen_bt_interface/cmake/export_autogen_bt_interface__rosidl_generator_cExport.cmake
[3.442s] -- Up-to-date: /home/absolutezeno/Auto-BT-Generation/install/autogen_bt_interface/share/autogen_bt_interface/cmake/export_autogen_bt_interface__rosidl_generator_cExport-noconfig.cmake
[3.442s] -- Up-to-date: /home/absolutezeno/Auto-BT-Generation/install/autogen_bt_interface/share/autogen_bt_interface/cmake/export_autogen_bt_interface__rosidl_typesupport_fastrtps_cExport.cmake
[3.443s] -- Up-to-date: /home/absolutezeno/Auto-BT-Generation/install/autogen_bt_interface/share/autogen_bt_interface/cmake/export_autogen_bt_interface__rosidl_typesupport_fastrtps_cExport-noconfig.cmake
[3.443s] -- Up-to-date: /home/absolutezeno/Auto-BT-Generation/install/autogen_bt_interface/share/autogen_bt_interface/cmake/export_autogen_bt_interface__rosidl_generator_cppExport.cmake
[3.453s] -- Up-to-date: /home/absolutezeno/Auto-BT-Generation/install/autogen_bt_interface/share/autogen_bt_interface/cmake/export_autogen_bt_interface__rosidl_typesupport_fastrtps_cppExport.cmake
[3.453s] -- Up-to-date: /home/absolutezeno/Auto-BT-Generation/install/autogen_bt_interface/share/autogen_bt_interface/cmake/export_autogen_bt_interface__rosidl_typesupport_fastrtps_cppExport-noconfig.cmake
[3.453s] -- Up-to-date: /home/absolutezeno/Auto-BT-Generation/install/autogen_bt_interface/share/autogen_bt_interface/cmake/autogen_bt_interface__rosidl_typesupport_introspection_cExport.cmake
[3.454s] -- Up-to-date: /home/absolutezeno/Auto-BT-Generation/install/autogen_bt_interface/share/autogen_bt_interface/cmake/autogen_bt_interface__rosidl_typesupport_introspection_cExport-noconfig.cmake
[3.457s] -- Up-to-date: /home/absolutezeno/Auto-BT-Generation/install/autogen_bt_interface/share/autogen_bt_interface/cmake/autogen_bt_interface__rosidl_typesupport_cExport.cmake
[3.457s] -- Up-to-date: /home/absolutezeno/Auto-BT-Generation/install/autogen_bt_interface/share/autogen_bt_interface/cmake/autogen_bt_interface__rosidl_typesupport_cExport-noconfig.cmake
[3.457s] -- Up-to-date: /home/absolutezeno/Auto-BT-Generation/install/autogen_bt_interface/share/autogen_bt_interface/cmake/autogen_bt_interface__rosidl_typesupport_introspection_cppExport.cmake
[3.457s] -- Up-to-date: /home/absolutezeno/Auto-BT-Generation/install/autogen_bt_interface/share/autogen_bt_interface/cmake/autogen_bt_interface__rosidl_typesupport_introspection_cppExport-noconfig.cmake
[3.458s] -- Up-to-date: /home/absolutezeno/Auto-BT-Generation/install/autogen_bt_interface/share/autogen_bt_interface/cmake/autogen_bt_interface__rosidl_typesupport_cppExport.cmake
[3.458s] -- Up-to-date: /home/absolutezeno/Auto-BT-Generation/install/autogen_bt_interface/share/autogen_bt_interface/cmake/autogen_bt_interface__rosidl_typesupport_cppExport-noconfig.cmake
[3.458s] -- Up-to-date: /home/absolutezeno/Auto-BT-Generation/install/autogen_bt_interface/share/autogen_bt_interface/cmake/export_autogen_bt_interface__rosidl_generator_pyExport.cmake
[3.458s] -- Up-to-date: /home/absolutezeno/Auto-BT-Generation/install/autogen_bt_interface/share/autogen_bt_interface/cmake/export_autogen_bt_interface__rosidl_generator_pyExport-noconfig.cmake
[3.459s] -- Up-to-date: /home/absolutezeno/Auto-BT-Generation/install/autogen_bt_interface/share/autogen_bt_interface/cmake/rosidl_cmake-extras.cmake
[3.459s] -- Up-to-date: /home/absolutezeno/Auto-BT-Generation/install/autogen_bt_interface/share/autogen_bt_interface/cmake/ament_cmake_export_dependencies-extras.cmake
[3.460s] -- Up-to-date: /home/absolutezeno/Auto-BT-Generation/install/autogen_bt_interface/share/autogen_bt_interface/cmake/ament_cmake_export_include_directories-extras.cmake
[3.460s] -- Up-to-date: /home/absolutezeno/Auto-BT-Generation/install/autogen_bt_interface/share/autogen_bt_interface/cmake/ament_cmake_export_libraries-extras.cmake
[3.460s] -- Up-to-date: /home/absolutezeno/Auto-BT-Generation/install/autogen_bt_interface/share/autogen_bt_interface/cmake/ament_cmake_export_targets-extras.cmake
[3.462s] -- Up-to-date: /home/absolutezeno/Auto-BT-Generation/install/autogen_bt_interface/share/autogen_bt_interface/cmake/rosidl_cmake_export_typesupport_targets-extras.cmake
[3.462s] -- Up-to-date: /home/absolutezeno/Auto-BT-Generation/install/autogen_bt_interface/share/autogen_bt_interface/cmake/rosidl_cmake_export_typesupport_libraries-extras.cmake
[3.462s] -- Up-to-date: /home/absolutezeno/Auto-BT-Generation/install/autogen_bt_interface/share/autogen_bt_interface/cmake/autogen_bt_interfaceConfig.cmake
[3.462s] -- Up-to-date: /home/absolutezeno/Auto-BT-Generation/install/autogen_bt_interface/share/autogen_bt_interface/cmake/autogen_bt_interfaceConfig-version.cmake
[3.463s] -- Up-to-date: /home/absolutezeno/Auto-BT-Generation/install/autogen_bt_interface/share/autogen_bt_interface/package.xml
[3.475s] Invoked command in '/home/absolutezeno/Auto-BT-Generation/build/autogen_bt_interface' returned '0': CMAKE_PREFIX_PATH=${CMAKE_PREFIX_PATH}:/home/absolutezeno/Auto-BT-Generation/install/turtlebot3_teleop:/home/absolutezeno/Auto-BT-Generation/install/turtlebot3_example:/home/absolutezeno/Auto-BT-Generation/install/py_trees_ros_viewer:/home/absolutezeno/Auto-BT-Generation/install/py_trees_ros_tutorials:/home/absolutezeno/Auto-BT-Generation/install/py_trees_ros:/home/absolutezeno/fra532_exam/install/mir_driver:/home/absolutezeno/fra532_exam/install/twist_stamper:/home/absolutezeno/fra532_exam/install/mir_restapi:/opt/ros/humble PS1=(isaaclab) \[\e]0;\u@\h: \w\a\]${debian_chroot:+($debian_chroot)}\[\033[01;32m\]\u@\h\[\033[00m\]:\[\033[01;34m\]\w\[\033[00m\]\$ VIRTUAL_ENV_PROMPT=(isaaclab) /usr/bin/cmake --install /home/absolutezeno/Auto-BT-Generation/build/autogen_bt_interface
