[  3%] [34m[1mGenerating C code for ROS interfaces[0m
[  6%] [34m[1mGenerating C++ code for ROS interfaces[0m
[  6%] Built target ament_cmake_python_copy_custom_message
running egg_info
writing custom_message.egg-info/PKG-INFO
writing dependency_links to custom_message.egg-info/dependency_links.txt
writing top-level names to custom_message.egg-info/top_level.txt
reading manifest file 'custom_message.egg-info/SOURCES.txt'
writing manifest file 'custom_message.egg-info/SOURCES.txt'
[  6%] Built target ament_cmake_python_build_custom_message_egg
[  6%] Built target custom_message__cpp
[  9%] [34m[1mGenerating C++ introspection for ROS interfaces[0m
[ 12%] [34m[1mGenerating C++ type support for eProsima Fast-RTPS[0m
[ 16%] [34m[1mGenerating C++ type support dispatch for ROS interfaces[0m
[ 19%] [32mBuilding C object CMakeFiles/custom_message__rosidl_generator_c.dir/rosidl_generator_c/custom_message/msg/detail/sample_msg__functions.c.o[0m
[ 22%] [32m[1mLinking C shared library libcustom_message__rosidl_generator_c.so[0m
[ 22%] Built target custom_message__rosidl_generator_c
[ 25%] [34m[1mGenerating C introspection for ROS interfaces[0m
[ 29%] [34m[1mGenerating C type support dispatch for ROS interfaces[0m
[ 32%] [34m[1mGenerating C type support for eProsima Fast-RTPS[0m
[ 35%] [32mBuilding CXX object CMakeFiles/custom_message__rosidl_typesupport_introspection_cpp.dir/rosidl_typesupport_introspection_cpp/custom_message/msg/detail/sample_msg__type_support.cpp.o[0m
[ 38%] [32mBuilding CXX object CMakeFiles/custom_message__rosidl_typesupport_fastrtps_cpp.dir/rosidl_typesupport_fastrtps_cpp/custom_message/msg/detail/dds_fastrtps/sample_msg__type_support.cpp.o[0m
[ 41%] [32mBuilding CXX object CMakeFiles/custom_message__rosidl_typesupport_cpp.dir/rosidl_typesupport_cpp/custom_message/msg/sample_msg__type_support.cpp.o[0m
[ 45%] [32mBuilding CXX object CMakeFiles/custom_message__rosidl_typesupport_c.dir/rosidl_typesupport_c/custom_message/msg/sample_msg__type_support.cpp.o[0m
[ 48%] [32m[1mLinking CXX shared library libcustom_message__rosidl_typesupport_c.so[0m
[ 51%] [32mBuilding CXX object CMakeFiles/custom_message__rosidl_typesupport_fastrtps_c.dir/rosidl_typesupport_fastrtps_c/custom_message/msg/detail/sample_msg__type_support_c.cpp.o[0m
[ 54%] [32mBuilding C object CMakeFiles/custom_message__rosidl_typesupport_introspection_c.dir/rosidl_typesupport_introspection_c/custom_message/msg/detail/sample_msg__type_support.c.o[0m
[ 54%] Built target custom_message__rosidl_typesupport_c
[ 58%] [32m[1mLinking C shared library libcustom_message__rosidl_typesupport_introspection_c.so[0m
[ 58%] Built target custom_message__rosidl_typesupport_introspection_c
[ 61%] [32m[1mLinking CXX shared library libcustom_message__rosidl_typesupport_cpp.so[0m
[ 64%] [32m[1mLinking CXX shared library libcustom_message__rosidl_typesupport_introspection_cpp.so[0m
[ 64%] Built target custom_message__rosidl_typesupport_cpp
[ 64%] Built target custom_message__rosidl_typesupport_introspection_cpp
[ 67%] [32m[1mLinking CXX shared library libcustom_message__rosidl_typesupport_fastrtps_c.so[0m
[ 70%] [32m[1mLinking CXX shared library libcustom_message__rosidl_typesupport_fastrtps_cpp.so[0m
[ 70%] Built target custom_message__rosidl_typesupport_fastrtps_c
[ 70%] Built target custom_message__rosidl_typesupport_fastrtps_cpp
[ 70%] Built target custom_message
[ 74%] [34m[1mGenerating Python code for ROS interfaces[0m
[ 74%] Built target custom_message__py
[ 77%] [32mBuilding C object CMakeFiles/custom_message__rosidl_generator_py.dir/rosidl_generator_py/custom_message/msg/_sample_msg_s.c.o[0m
[ 80%] [32m[1mLinking C shared library rosidl_generator_py/custom_message/libcustom_message__rosidl_generator_py.so[0m
[ 80%] Built target custom_message__rosidl_generator_py
[ 87%] [32mBuilding C object CMakeFiles/custom_message__rosidl_typesupport_c__pyext.dir/rosidl_generator_py/custom_message/_custom_message_s.ep.rosidl_typesupport_c.c.o[0m
[ 87%] [32mBuilding C object CMakeFiles/custom_message__rosidl_typesupport_introspection_c__pyext.dir/rosidl_generator_py/custom_message/_custom_message_s.ep.rosidl_typesupport_introspection_c.c.o[0m
[ 90%] [32mBuilding C object CMakeFiles/custom_message__rosidl_typesupport_fastrtps_c__pyext.dir/rosidl_generator_py/custom_message/_custom_message_s.ep.rosidl_typesupport_fastrtps_c.c.o[0m
[ 93%] [32m[1mLinking C shared library rosidl_generator_py/custom_message/custom_message_s__rosidl_typesupport_introspection_c.cpython-310-x86_64-linux-gnu.so[0m
[ 96%] [32m[1mLinking C shared library rosidl_generator_py/custom_message/custom_message_s__rosidl_typesupport_c.cpython-310-x86_64-linux-gnu.so[0m
[100%] [32m[1mLinking C shared library rosidl_generator_py/custom_message/custom_message_s__rosidl_typesupport_fastrtps_c.cpython-310-x86_64-linux-gnu.so[0m
[100%] Built target custom_message__rosidl_typesupport_introspection_c__pyext
[100%] Built target custom_message__rosidl_typesupport_c__pyext
[100%] Built target custom_message__rosidl_typesupport_fastrtps_c__pyext
-- Install configuration: ""
-- Installing: /home/absolutezeno/Auto-BT-Generation/install/custom_message/share/ament_index/resource_index/rosidl_interfaces/custom_message
-- Installing: /home/absolutezeno/Auto-BT-Generation/install/custom_message/include/custom_message/custom_message
-- Installing: /home/absolutezeno/Auto-BT-Generation/install/custom_message/include/custom_message/custom_message/msg
-- Installing: /home/absolutezeno/Auto-BT-Generation/install/custom_message/include/custom_message/custom_message/msg/rosidl_generator_c__visibility_control.h
-- Installing: /home/absolutezeno/Auto-BT-Generation/install/custom_message/include/custom_message/custom_message/msg/sample_msg.h
-- Installing: /home/absolutezeno/Auto-BT-Generation/install/custom_message/include/custom_message/custom_message/msg/detail
-- Installing: /home/absolutezeno/Auto-BT-Generation/install/custom_message/include/custom_message/custom_message/msg/detail/sample_msg__functions.h
-- Installing: /home/absolutezeno/Auto-BT-Generation/install/custom_message/include/custom_message/custom_message/msg/detail/sample_msg__type_support.h
-- Installing: /home/absolutezeno/Auto-BT-Generation/install/custom_message/include/custom_message/custom_message/msg/detail/sample_msg__struct.h
-- Installing: /home/absolutezeno/Auto-BT-Generation/install/custom_message/include/custom_message/custom_message/msg/detail/sample_msg__functions.c
-- Installing: /home/absolutezeno/Auto-BT-Generation/install/custom_message/share/custom_message/environment/library_path.sh
-- Installing: /home/absolutezeno/Auto-BT-Generation/install/custom_message/share/custom_message/environment/library_path.dsv
-- Installing: /home/absolutezeno/Auto-BT-Generation/install/custom_message/lib/libcustom_message__rosidl_generator_c.so
-- Set runtime path of "/home/absolutezeno/Auto-BT-Generation/install/custom_message/lib/libcustom_message__rosidl_generator_c.so" to ""
-- Up-to-date: /home/absolutezeno/Auto-BT-Generation/install/custom_message/include/custom_message/custom_message
-- Up-to-date: /home/absolutezeno/Auto-BT-Generation/install/custom_message/include/custom_message/custom_message/msg
-- Installing: /home/absolutezeno/Auto-BT-Generation/install/custom_message/include/custom_message/custom_message/msg/rosidl_typesupport_fastrtps_c__visibility_control.h
-- Up-to-date: /home/absolutezeno/Auto-BT-Generation/install/custom_message/include/custom_message/custom_message/msg/detail
-- Installing: /home/absolutezeno/Auto-BT-Generation/install/custom_message/include/custom_message/custom_message/msg/detail/sample_msg__rosidl_typesupport_fastrtps_c.h
-- Installing: /home/absolutezeno/Auto-BT-Generation/install/custom_message/lib/libcustom_message__rosidl_typesupport_fastrtps_c.so
-- Set runtime path of "/home/absolutezeno/Auto-BT-Generation/install/custom_message/lib/libcustom_message__rosidl_typesupport_fastrtps_c.so" to ""
-- Up-to-date: /home/absolutezeno/Auto-BT-Generation/install/custom_message/include/custom_message/custom_message
-- Up-to-date: /home/absolutezeno/Auto-BT-Generation/install/custom_message/include/custom_message/custom_message/msg
-- Installing: /home/absolutezeno/Auto-BT-Generation/install/custom_message/include/custom_message/custom_message/msg/sample_msg.hpp
-- Up-to-date: /home/absolutezeno/Auto-BT-Generation/install/custom_message/include/custom_message/custom_message/msg/detail
-- Installing: /home/absolutezeno/Auto-BT-Generation/install/custom_message/include/custom_message/custom_message/msg/detail/sample_msg__struct.hpp
-- Installing: /home/absolutezeno/Auto-BT-Generation/install/custom_message/include/custom_message/custom_message/msg/detail/sample_msg__traits.hpp
-- Installing: /home/absolutezeno/Auto-BT-Generation/install/custom_message/include/custom_message/custom_message/msg/detail/sample_msg__builder.hpp
-- Up-to-date: /home/absolutezeno/Auto-BT-Generation/install/custom_message/include/custom_message/custom_message
-- Up-to-date: /home/absolutezeno/Auto-BT-Generation/install/custom_message/include/custom_message/custom_message/msg
-- Installing: /home/absolutezeno/Auto-BT-Generation/install/custom_message/include/custom_message/custom_message/msg/rosidl_typesupport_fastrtps_cpp__visibility_control.h
-- Up-to-date: /home/absolutezeno/Auto-BT-Generation/install/custom_message/include/custom_message/custom_message/msg/detail
-- Installing: /home/absolutezeno/Auto-BT-Generation/install/custom_message/include/custom_message/custom_message/msg/detail/sample_msg__rosidl_typesupport_fastrtps_cpp.hpp
-- Installing: /home/absolutezeno/Auto-BT-Generation/install/custom_message/include/custom_message/custom_message/msg/detail/dds_fastrtps
-- Installing: /home/absolutezeno/Auto-BT-Generation/install/custom_message/lib/libcustom_message__rosidl_typesupport_fastrtps_cpp.so
-- Set runtime path of "/home/absolutezeno/Auto-BT-Generation/install/custom_message/lib/libcustom_message__rosidl_typesupport_fastrtps_cpp.so" to ""
-- Up-to-date: /home/absolutezeno/Auto-BT-Generation/install/custom_message/include/custom_message/custom_message
-- Up-to-date: /home/absolutezeno/Auto-BT-Generation/install/custom_message/include/custom_message/custom_message/msg
-- Installing: /home/absolutezeno/Auto-BT-Generation/install/custom_message/include/custom_message/custom_message/msg/rosidl_typesupport_introspection_c__visibility_control.h
-- Up-to-date: /home/absolutezeno/Auto-BT-Generation/install/custom_message/include/custom_message/custom_message/msg/detail
-- Installing: /home/absolutezeno/Auto-BT-Generation/install/custom_message/include/custom_message/custom_message/msg/detail/sample_msg__type_support.c
-- Installing: /home/absolutezeno/Auto-BT-Generation/install/custom_message/include/custom_message/custom_message/msg/detail/sample_msg__rosidl_typesupport_introspection_c.h
-- Installing: /home/absolutezeno/Auto-BT-Generation/install/custom_message/lib/libcustom_message__rosidl_typesupport_introspection_c.so
-- Set runtime path of "/home/absolutezeno/Auto-BT-Generation/install/custom_message/lib/libcustom_message__rosidl_typesupport_introspection_c.so" to ""
-- Installing: /home/absolutezeno/Auto-BT-Generation/install/custom_message/lib/libcustom_message__rosidl_typesupport_c.so
-- Set runtime path of "/home/absolutezeno/Auto-BT-Generation/install/custom_message/lib/libcustom_message__rosidl_typesupport_c.so" to ""
-- Up-to-date: /home/absolutezeno/Auto-BT-Generation/install/custom_message/include/custom_message/custom_message
-- Up-to-date: /home/absolutezeno/Auto-BT-Generation/install/custom_message/include/custom_message/custom_message/msg
-- Up-to-date: /home/absolutezeno/Auto-BT-Generation/install/custom_message/include/custom_message/custom_message/msg/detail
-- Installing: /home/absolutezeno/Auto-BT-Generation/install/custom_message/include/custom_message/custom_message/msg/detail/sample_msg__rosidl_typesupport_introspection_cpp.hpp
-- Installing: /home/absolutezeno/Auto-BT-Generation/install/custom_message/include/custom_message/custom_message/msg/detail/sample_msg__type_support.cpp
-- Installing: /home/absolutezeno/Auto-BT-Generation/install/custom_message/lib/libcustom_message__rosidl_typesupport_introspection_cpp.so
-- Set runtime path of "/home/absolutezeno/Auto-BT-Generation/install/custom_message/lib/libcustom_message__rosidl_typesupport_introspection_cpp.so" to ""
-- Installing: /home/absolutezeno/Auto-BT-Generation/install/custom_message/lib/libcustom_message__rosidl_typesupport_cpp.so
-- Set runtime path of "/home/absolutezeno/Auto-BT-Generation/install/custom_message/lib/libcustom_message__rosidl_typesupport_cpp.so" to ""
-- Installing: /home/absolutezeno/Auto-BT-Generation/install/custom_message/share/custom_message/environment/pythonpath.sh
-- Installing: /home/absolutezeno/Auto-BT-Generation/install/custom_message/share/custom_message/environment/pythonpath.dsv
-- Installing: /home/absolutezeno/Auto-BT-Generation/install/custom_message/lib/python3.10/site-packages/custom_message-0.0.0-py3.10.egg-info
-- Installing: /home/absolutezeno/Auto-BT-Generation/install/custom_message/lib/python3.10/site-packages/custom_message-0.0.0-py3.10.egg-info/PKG-INFO
-- Installing: /home/absolutezeno/Auto-BT-Generation/install/custom_message/lib/python3.10/site-packages/custom_message-0.0.0-py3.10.egg-info/top_level.txt
-- Installing: /home/absolutezeno/Auto-BT-Generation/install/custom_message/lib/python3.10/site-packages/custom_message-0.0.0-py3.10.egg-info/dependency_links.txt
-- Installing: /home/absolutezeno/Auto-BT-Generation/install/custom_message/lib/python3.10/site-packages/custom_message-0.0.0-py3.10.egg-info/SOURCES.txt
-- Installing: /home/absolutezeno/Auto-BT-Generation/install/custom_message/lib/python3.10/site-packages/custom_message
-- Installing: /home/absolutezeno/Auto-BT-Generation/install/custom_message/lib/python3.10/site-packages/custom_message/libcustom_message__rosidl_generator_py.so
-- Installing: /home/absolutezeno/Auto-BT-Generation/install/custom_message/lib/python3.10/site-packages/custom_message/_custom_message_s.ep.rosidl_typesupport_c.c
-- Installing: /home/absolutezeno/Auto-BT-Generation/install/custom_message/lib/python3.10/site-packages/custom_message/custom_message_s__rosidl_typesupport_introspection_c.cpython-310-x86_64-linux-gnu.so
-- Installing: /home/absolutezeno/Auto-BT-Generation/install/custom_message/lib/python3.10/site-packages/custom_message/custom_message_s__rosidl_typesupport_fastrtps_c.cpython-310-x86_64-linux-gnu.so
-- Installing: /home/absolutezeno/Auto-BT-Generation/install/custom_message/lib/python3.10/site-packages/custom_message/__init__.py
-- Installing: /home/absolutezeno/Auto-BT-Generation/install/custom_message/lib/python3.10/site-packages/custom_message/msg
-- Installing: /home/absolutezeno/Auto-BT-Generation/install/custom_message/lib/python3.10/site-packages/custom_message/msg/_sample_msg_s.c
-- Installing: /home/absolutezeno/Auto-BT-Generation/install/custom_message/lib/python3.10/site-packages/custom_message/msg/_sample_msg.py
-- Installing: /home/absolutezeno/Auto-BT-Generation/install/custom_message/lib/python3.10/site-packages/custom_message/msg/__init__.py
-- Installing: /home/absolutezeno/Auto-BT-Generation/install/custom_message/lib/python3.10/site-packages/custom_message/_custom_message_s.ep.rosidl_typesupport_introspection_c.c
-- Installing: /home/absolutezeno/Auto-BT-Generation/install/custom_message/lib/python3.10/site-packages/custom_message/custom_message_s__rosidl_typesupport_c.cpython-310-x86_64-linux-gnu.so
-- Installing: /home/absolutezeno/Auto-BT-Generation/install/custom_message/lib/python3.10/site-packages/custom_message/_custom_message_s.ep.rosidl_typesupport_fastrtps_c.c
Listing '/home/absolutezeno/Auto-BT-Generation/install/custom_message/lib/python3.10/site-packages/custom_message'...
Compiling '/home/absolutezeno/Auto-BT-Generation/install/custom_message/lib/python3.10/site-packages/custom_message/__init__.py'...
Listing '/home/absolutezeno/Auto-BT-Generation/install/custom_message/lib/python3.10/site-packages/custom_message/msg'...
Compiling '/home/absolutezeno/Auto-BT-Generation/install/custom_message/lib/python3.10/site-packages/custom_message/msg/__init__.py'...
Compiling '/home/absolutezeno/Auto-BT-Generation/install/custom_message/lib/python3.10/site-packages/custom_message/msg/_sample_msg.py'...
-- Installing: /home/absolutezeno/Auto-BT-Generation/install/custom_message/lib/python3.10/site-packages/custom_message/custom_message_s__rosidl_typesupport_fastrtps_c.cpython-310-x86_64-linux-gnu.so
-- Set runtime path of "/home/absolutezeno/Auto-BT-Generation/install/custom_message/lib/python3.10/site-packages/custom_message/custom_message_s__rosidl_typesupport_fastrtps_c.cpython-310-x86_64-linux-gnu.so" to ""
-- Installing: /home/absolutezeno/Auto-BT-Generation/install/custom_message/lib/python3.10/site-packages/custom_message/custom_message_s__rosidl_typesupport_introspection_c.cpython-310-x86_64-linux-gnu.so
-- Set runtime path of "/home/absolutezeno/Auto-BT-Generation/install/custom_message/lib/python3.10/site-packages/custom_message/custom_message_s__rosidl_typesupport_introspection_c.cpython-310-x86_64-linux-gnu.so" to ""
-- Installing: /home/absolutezeno/Auto-BT-Generation/install/custom_message/lib/python3.10/site-packages/custom_message/custom_message_s__rosidl_typesupport_c.cpython-310-x86_64-linux-gnu.so
-- Set runtime path of "/home/absolutezeno/Auto-BT-Generation/install/custom_message/lib/python3.10/site-packages/custom_message/custom_message_s__rosidl_typesupport_c.cpython-310-x86_64-linux-gnu.so" to ""
-- Installing: /home/absolutezeno/Auto-BT-Generation/install/custom_message/lib/libcustom_message__rosidl_generator_py.so
-- Set runtime path of "/home/absolutezeno/Auto-BT-Generation/install/custom_message/lib/libcustom_message__rosidl_generator_py.so" to ""
-- Installing: /home/absolutezeno/Auto-BT-Generation/install/custom_message/share/custom_message/msg/SampleMsg.idl
-- Installing: /home/absolutezeno/Auto-BT-Generation/install/custom_message/share/custom_message/msg/SampleMsg.msg
-- Installing: /home/absolutezeno/Auto-BT-Generation/install/custom_message/share/ament_index/resource_index/package_run_dependencies/custom_message
-- Installing: /home/absolutezeno/Auto-BT-Generation/install/custom_message/share/ament_index/resource_index/parent_prefix_path/custom_message
-- Installing: /home/absolutezeno/Auto-BT-Generation/install/custom_message/share/custom_message/environment/ament_prefix_path.sh
-- Installing: /home/absolutezeno/Auto-BT-Generation/install/custom_message/share/custom_message/environment/ament_prefix_path.dsv
-- Installing: /home/absolutezeno/Auto-BT-Generation/install/custom_message/share/custom_message/environment/path.sh
-- Installing: /home/absolutezeno/Auto-BT-Generation/install/custom_message/share/custom_message/environment/path.dsv
-- Installing: /home/absolutezeno/Auto-BT-Generation/install/custom_message/share/custom_message/local_setup.bash
-- Installing: /home/absolutezeno/Auto-BT-Generation/install/custom_message/share/custom_message/local_setup.sh
-- Installing: /home/absolutezeno/Auto-BT-Generation/install/custom_message/share/custom_message/local_setup.zsh
-- Installing: /home/absolutezeno/Auto-BT-Generation/install/custom_message/share/custom_message/local_setup.dsv
-- Installing: /home/absolutezeno/Auto-BT-Generation/install/custom_message/share/custom_message/package.dsv
-- Installing: /home/absolutezeno/Auto-BT-Generation/install/custom_message/share/ament_index/resource_index/packages/custom_message
-- Installing: /home/absolutezeno/Auto-BT-Generation/install/custom_message/share/custom_message/cmake/export_custom_message__rosidl_generator_cExport.cmake
-- Installing: /home/absolutezeno/Auto-BT-Generation/install/custom_message/share/custom_message/cmake/export_custom_message__rosidl_generator_cExport-noconfig.cmake
-- Installing: /home/absolutezeno/Auto-BT-Generation/install/custom_message/share/custom_message/cmake/export_custom_message__rosidl_typesupport_fastrtps_cExport.cmake
-- Installing: /home/absolutezeno/Auto-BT-Generation/install/custom_message/share/custom_message/cmake/export_custom_message__rosidl_typesupport_fastrtps_cExport-noconfig.cmake
-- Installing: /home/absolutezeno/Auto-BT-Generation/install/custom_message/share/custom_message/cmake/export_custom_message__rosidl_generator_cppExport.cmake
-- Installing: /home/absolutezeno/Auto-BT-Generation/install/custom_message/share/custom_message/cmake/export_custom_message__rosidl_typesupport_fastrtps_cppExport.cmake
-- Installing: /home/absolutezeno/Auto-BT-Generation/install/custom_message/share/custom_message/cmake/export_custom_message__rosidl_typesupport_fastrtps_cppExport-noconfig.cmake
-- Installing: /home/absolutezeno/Auto-BT-Generation/install/custom_message/share/custom_message/cmake/custom_message__rosidl_typesupport_introspection_cExport.cmake
-- Installing: /home/absolutezeno/Auto-BT-Generation/install/custom_message/share/custom_message/cmake/custom_message__rosidl_typesupport_introspection_cExport-noconfig.cmake
-- Installing: /home/absolutezeno/Auto-BT-Generation/install/custom_message/share/custom_message/cmake/custom_message__rosidl_typesupport_cExport.cmake
-- Installing: /home/absolutezeno/Auto-BT-Generation/install/custom_message/share/custom_message/cmake/custom_message__rosidl_typesupport_cExport-noconfig.cmake
-- Installing: /home/absolutezeno/Auto-BT-Generation/install/custom_message/share/custom_message/cmake/custom_message__rosidl_typesupport_introspection_cppExport.cmake
-- Installing: /home/absolutezeno/Auto-BT-Generation/install/custom_message/share/custom_message/cmake/custom_message__rosidl_typesupport_introspection_cppExport-noconfig.cmake
-- Installing: /home/absolutezeno/Auto-BT-Generation/install/custom_message/share/custom_message/cmake/custom_message__rosidl_typesupport_cppExport.cmake
-- Installing: /home/absolutezeno/Auto-BT-Generation/install/custom_message/share/custom_message/cmake/custom_message__rosidl_typesupport_cppExport-noconfig.cmake
-- Installing: /home/absolutezeno/Auto-BT-Generation/install/custom_message/share/custom_message/cmake/export_custom_message__rosidl_generator_pyExport.cmake
-- Installing: /home/absolutezeno/Auto-BT-Generation/install/custom_message/share/custom_message/cmake/export_custom_message__rosidl_generator_pyExport-noconfig.cmake
-- Installing: /home/absolutezeno/Auto-BT-Generation/install/custom_message/share/custom_message/cmake/rosidl_cmake-extras.cmake
-- Installing: /home/absolutezeno/Auto-BT-Generation/install/custom_message/share/custom_message/cmake/ament_cmake_export_dependencies-extras.cmake
-- Installing: /home/absolutezeno/Auto-BT-Generation/install/custom_message/share/custom_message/cmake/ament_cmake_export_include_directories-extras.cmake
-- Installing: /home/absolutezeno/Auto-BT-Generation/install/custom_message/share/custom_message/cmake/ament_cmake_export_libraries-extras.cmake
-- Installing: /home/absolutezeno/Auto-BT-Generation/install/custom_message/share/custom_message/cmake/ament_cmake_export_targets-extras.cmake
-- Installing: /home/absolutezeno/Auto-BT-Generation/install/custom_message/share/custom_message/cmake/rosidl_cmake_export_typesupport_targets-extras.cmake
-- Installing: /home/absolutezeno/Auto-BT-Generation/install/custom_message/share/custom_message/cmake/rosidl_cmake_export_typesupport_libraries-extras.cmake
-- Installing: /home/absolutezeno/Auto-BT-Generation/install/custom_message/share/custom_message/cmake/custom_messageConfig.cmake
-- Installing: /home/absolutezeno/Auto-BT-Generation/install/custom_message/share/custom_message/cmake/custom_messageConfig-version.cmake
-- Installing: /home/absolutezeno/Auto-BT-Generation/install/custom_message/share/custom_message/package.xml
