[0.574s] Invoking command in '/home/absolutezeno/Auto-BT-Generation/build/isaac_ros2_messages': CMAKE_PREFIX_PATH=${CMAKE_PREFIX_PATH}:/home/absolutezeno/Auto-BT-Generation/install/py_trees_ros_viewer:/home/absolutezeno/Auto-BT-Generation/install/py_trees_ros_tutorials:/home/absolutezeno/Auto-BT-Generation/install/py_trees_ros:/home/absolutezeno/FRA501/install/rqt_joint_trajectory_controller:/home/absolutezeno/FRA501/install/rqt_controller_manager:/home/absolutezeno/FRA501/install/ros2controlcli:/home/absolutezeno/FRA501/install/ros2_controllers_test_nodes:/opt/ros/humble PS1=(isaaclab) \[\e]0;\u@\h: \w\a\]${debian_chroot:+($debian_chroot)}\[\033[01;32m\]\u@\h\[\033[00m\]:\[\033[01;34m\]\w\[\033[00m\]\$ VIRTUAL_ENV_PROMPT=(isaaclab) /usr/bin/cmake /home/absolutezeno/Auto-BT-Generation/src/isaac_ros2_messages -DCMAKE_INSTALL_PREFIX=/home/absolutezeno/Auto-BT-Generation/install/isaac_ros2_messages
[0.582s] -- Found ament_cmake: 1.3.5 (/opt/ros/humble/share/ament_cmake/cmake)
[0.710s] -- Found ament_lint_auto: 0.12.8 (/opt/ros/humble/share/ament_lint_auto/cmake)
[0.806s] -- Found builtin_interfaces: 1.2.1 (/opt/ros/humble/share/builtin_interfaces/cmake)
[0.836s] -- Found rosidl_generator_c: 3.1.5 (/opt/ros/humble/share/rosidl_generator_c/cmake)
[0.841s] -- Found rosidl_adapter: 3.1.5 (/opt/ros/humble/share/rosidl_adapter/cmake)
[0.849s] -- Found rosidl_generator_cpp: 3.1.5 (/opt/ros/humble/share/rosidl_generator_cpp/cmake)
[0.860s] -- Using all available rosidl_typesupport_c: rosidl_typesupport_fastrtps_c;rosidl_typesupport_introspection_c
[0.876s] -- Using all available rosidl_typesupport_cpp: rosidl_typesupport_fastrtps_cpp;rosidl_typesupport_introspection_cpp
[0.893s] -- Found rosidl_default_generators: 1.2.0 (/opt/ros/humble/share/rosidl_default_generators/cmake)
[0.964s] -- Found OpenSSL: /usr/lib/x86_64-linux-gnu/libcrypto.so (found version "3.0.2")  
[0.970s] -- Found std_msgs: 4.2.4 (/opt/ros/humble/share/std_msgs/cmake)
[0.993s] -- Found geometry_msgs: 4.2.3 (/opt/ros/humble/share/geometry_msgs/cmake)
[1.114s] [31mCMake Error at /opt/ros/humble/share/rosidl_adapter/cmake/rosidl_adapt_interfaces.cmake:59 (message):
[1.114s]   execute_process(/home/absolutezeno/isaaclab/bin/python3.10 -m
[1.114s]   rosidl_adapter --package-name isaac_ros2_messages --arguments-file
[1.114s]   /home/absolutezeno/Auto-BT-Generation/build/isaac_ros2_messages/rosidl_adapter__arguments__isaac_ros2_messages.json
[1.114s]   --output-dir
[1.114s]   /home/absolutezeno/Auto-BT-Generation/build/isaac_ros2_messages/rosidl_adapter/isaac_ros2_messages
[1.114s]   --output-file
[1.114s]   /home/absolutezeno/Auto-BT-Generation/build/isaac_ros2_messages/rosidl_adapter/isaac_ros2_messages.idls)
[1.114s]   returned error code 1:
[1.114s] 
[1.114s]   Traceback (most recent call last):
[1.114s] 
[1.114s]     File "/usr/lib/python3.10/runpy.py", line 196, in _run_module_as_main
[1.114s]       return _run_code(code, main_globals, None,
[1.114s]     File "/usr/lib/python3.10/runpy.py", line 86, in _run_code
[1.114s]       exec(code, run_globals)
[1.114s]     File "/opt/ros/humble/local/lib/python3.10/dist-packages/rosidl_adapter/__main__.py", line 19, in <module>
[1.114s]       sys.exit(main())
[1.114s]     File "/opt/ros/humble/local/lib/python3.10/dist-packages/rosidl_adapter/main.py", line 53, in main
[1.115s]       abs_idl_file = convert_to_idl(
[1.115s]     File "/opt/ros/humble/local/lib/python3.10/dist-packages/rosidl_adapter/__init__.py", line 23, in convert_to_idl
[1.115s]       from rosidl_adapter.srv import convert_srv_to_idl
[1.115s]     File "/opt/ros/humble/local/lib/python3.10/dist-packages/rosidl_adapter/srv/__init__.py", line 16, in <module>
[1.115s]       from rosidl_adapter.resource import expand_template
[1.115s]     File "/opt/ros/humble/local/lib/python3.10/dist-packages/rosidl_adapter/resource/__init__.py", line 19, in <module>
[1.115s]       import em
[1.115s] 
[1.115s]   ModuleNotFoundError: No module named 'em'
[1.115s] 
[1.115s] Call Stack (most recent call first):
[1.115s]   /opt/ros/humble/share/rosidl_cmake/cmake/rosidl_generate_interfaces.cmake:130 (rosidl_adapt_interfaces)
[1.115s]   CMakeLists.txt:48 (rosidl_generate_interfaces)
[1.115s] 
[1.115s] [0m
[1.115s] -- Configuring incomplete, errors occurred!
[1.115s] See also "/home/absolutezeno/Auto-BT-Generation/build/isaac_ros2_messages/CMakeFiles/CMakeOutput.log".
