[1.374s] Invoking command in '/home/absolutezeno/Auto-BT-Generation/src/turtlebot3/turtlebot3_teleop': PYTHONPATH=/home/absolutezeno/Auto-BT-Generation/build/turtlebot3_teleop/prefix_override:/usr/lib/python3/dist-packages/colcon_core/task/python/colcon_distutils_commands:/home/absolutezeno/Auto-BT-Generation/install/turtlebot3_teleop/lib/python3.10/site-packages:${PYTHONPATH} /usr/bin/python3 -W ignore:setup.py install is deprecated -W ignore:easy_install command is deprecated setup.py egg_info --egg-base ../../../build/turtlebot3_teleop build --build-base /home/absolutezeno/Auto-BT-Generation/build/turtlebot3_teleop/build install --record /home/absolutezeno/Auto-BT-Generation/build/turtlebot3_teleop/install.log --single-version-externally-managed install_data
[1.559s] running egg_info
[1.559s] writing ../../../build/turtlebot3_teleop/turtlebot3_teleop.egg-info/PKG-INFO
[1.559s] writing dependency_links to ../../../build/turtlebot3_teleop/turtlebot3_teleop.egg-info/dependency_links.txt
[1.559s] writing entry points to ../../../build/turtlebot3_teleop/turtlebot3_teleop.egg-info/entry_points.txt
[1.559s] writing requirements to ../../../build/turtlebot3_teleop/turtlebot3_teleop.egg-info/requires.txt
[1.559s] writing top-level names to ../../../build/turtlebot3_teleop/turtlebot3_teleop.egg-info/top_level.txt
[1.560s] reading manifest file '../../../build/turtlebot3_teleop/turtlebot3_teleop.egg-info/SOURCES.txt'
[1.560s] writing manifest file '../../../build/turtlebot3_teleop/turtlebot3_teleop.egg-info/SOURCES.txt'
[1.561s] running build
[1.561s] running build_py
[1.561s] running install
[1.561s] running install_lib
[1.562s] running install_data
[1.562s] running install_egg_info
[1.563s] removing '/home/absolutezeno/Auto-BT-Generation/install/turtlebot3_teleop/lib/python3.10/site-packages/turtlebot3_teleop-2.1.5-py3.10.egg-info' (and everything under it)
[1.563s] Copying ../../../build/turtlebot3_teleop/turtlebot3_teleop.egg-info to /home/absolutezeno/Auto-BT-Generation/install/turtlebot3_teleop/lib/python3.10/site-packages/turtlebot3_teleop-2.1.5-py3.10.egg-info
[1.564s] running install_scripts
[1.579s] Installing teleop_keyboard script to /home/absolutezeno/Auto-BT-Generation/install/turtlebot3_teleop/lib/turtlebot3_teleop
[1.579s] writing list of installed files to '/home/absolutezeno/Auto-BT-Generation/build/turtlebot3_teleop/install.log'
[1.723s] Invoked command in '/home/absolutezeno/Auto-BT-Generation/src/turtlebot3/turtlebot3_teleop' returned '0': PYTHONPATH=/home/absolutezeno/Auto-BT-Generation/build/turtlebot3_teleop/prefix_override:/usr/lib/python3/dist-packages/colcon_core/task/python/colcon_distutils_commands:/home/absolutezeno/Auto-BT-Generation/install/turtlebot3_teleop/lib/python3.10/site-packages:${PYTHONPATH} /usr/bin/python3 -W ignore:setup.py install is deprecated -W ignore:easy_install command is deprecated setup.py egg_info --egg-base ../../../build/turtlebot3_teleop build --build-base /home/absolutezeno/Auto-BT-Generation/build/turtlebot3_teleop/build install --record /home/absolutezeno/Auto-BT-Generation/build/turtlebot3_teleop/install.log --single-version-externally-managed install_data
