[1.434s] Invoking command in '/home/absolutezeno/Auto-BT-Generation/build/custom_message': CMAKE_PREFIX_PATH=${CMAKE_PREFIX_PATH}:/home/absolutezeno/Auto-BT-Generation/install/turtlebot3_teleop:/home/absolutezeno/Auto-BT-Generation/install/turtlebot3_example:/home/absolutezeno/Auto-BT-Generation/install/py_trees_ros_viewer:/home/absolutezeno/Auto-BT-Generation/install/py_trees_ros_tutorials:/home/absolutezeno/Auto-BT-Generation/install/py_trees_ros:/home/absolutezeno/FRA501/install/rqt_joint_trajectory_controller:/home/absolutezeno/FRA501/install/rqt_controller_manager:/home/absolutezeno/FRA501/install/ros2controlcli:/home/absolutezeno/FRA501/install/ros2_controllers_test_nodes:/opt/ros/humble PS1=(isaaclab) \[\e]0;\u@\h: \w\a\]${debian_chroot:+($debian_chroot)}\[\033[01;32m\]\u@\h\[\033[00m\]:\[\033[01;34m\]\w\[\033[00m\]\$ VIRTUAL_ENV_PROMPT=(isaaclab) /usr/bin/cmake --build /home/absolutezeno/Auto-BT-Generation/build/custom_message -- -j20 -l20
[1.487s] [  3%] Built target custom_message__cpp
[1.491s] [ 12%] Built target custom_message__rosidl_generator_c
[1.501s] [ 12%] Built target ament_cmake_python_copy_custom_message
[1.516s] [ 32%] Built target custom_message__rosidl_typesupport_cpp
[1.516s] [ 32%] Built target custom_message__rosidl_typesupport_fastrtps_cpp
[1.517s] [ 41%] Built target custom_message__rosidl_typesupport_introspection_cpp
[1.519s] [ 51%] Built target custom_message__rosidl_typesupport_fastrtps_c
[1.519s] [ 61%] Built target custom_message__rosidl_typesupport_c
[1.520s] [ 70%] Built target custom_message__rosidl_typesupport_introspection_c
[1.543s] [ 70%] Built target custom_message
[1.567s] [ 74%] Built target custom_message__py
[1.593s] [ 80%] Built target custom_message__rosidl_generator_py
[1.619s] [ 87%] Built target custom_message__rosidl_typesupport_introspection_c__pyext
[1.621s] [ 93%] Built target custom_message__rosidl_typesupport_fastrtps_c__pyext
[1.624s] [100%] Built target custom_message__rosidl_typesupport_c__pyext
[1.730s] running egg_info
[1.731s] writing custom_message.egg-info/PKG-INFO
[1.731s] writing dependency_links to custom_message.egg-info/dependency_links.txt
[1.731s] writing top-level names to custom_message.egg-info/top_level.txt
[1.734s] reading manifest file 'custom_message.egg-info/SOURCES.txt'
[1.734s] writing manifest file 'custom_message.egg-info/SOURCES.txt'
[1.757s] [100%] Built target ament_cmake_python_build_custom_message_egg
[1.856s] Invoked command in '/home/absolutezeno/Auto-BT-Generation/build/custom_message' returned '0': CMAKE_PREFIX_PATH=${CMAKE_PREFIX_PATH}:/home/absolutezeno/Auto-BT-Generation/install/turtlebot3_teleop:/home/absolutezeno/Auto-BT-Generation/install/turtlebot3_example:/home/absolutezeno/Auto-BT-Generation/install/py_trees_ros_viewer:/home/absolutezeno/Auto-BT-Generation/install/py_trees_ros_tutorials:/home/absolutezeno/Auto-BT-Generation/install/py_trees_ros:/home/absolutezeno/FRA501/install/rqt_joint_trajectory_controller:/home/absolutezeno/FRA501/install/rqt_controller_manager:/home/absolutezeno/FRA501/install/ros2controlcli:/home/absolutezeno/FRA501/install/ros2_controllers_test_nodes:/opt/ros/humble PS1=(isaaclab) \[\e]0;\u@\h: \w\a\]${debian_chroot:+($debian_chroot)}\[\033[01;32m\]\u@\h\[\033[00m\]:\[\033[01;34m\]\w\[\033[00m\]\$ VIRTUAL_ENV_PROMPT=(isaaclab) /usr/bin/cmake --build /home/absolutezeno/Auto-BT-Generation/build/custom_message -- -j20 -l20
[2.094s] Invoking command in '/home/absolutezeno/Auto-BT-Generation/build/custom_message': CMAKE_PREFIX_PATH=${CMAKE_PREFIX_PATH}:/home/absolutezeno/Auto-BT-Generation/install/turtlebot3_teleop:/home/absolutezeno/Auto-BT-Generation/install/turtlebot3_example:/home/absolutezeno/Auto-BT-Generation/install/py_trees_ros_viewer:/home/absolutezeno/Auto-BT-Generation/install/py_trees_ros_tutorials:/home/absolutezeno/Auto-BT-Generation/install/py_trees_ros:/home/absolutezeno/FRA501/install/rqt_joint_trajectory_controller:/home/absolutezeno/FRA501/install/rqt_controller_manager:/home/absolutezeno/FRA501/install/ros2controlcli:/home/absolutezeno/FRA501/install/ros2_controllers_test_nodes:/opt/ros/humble PS1=(isaaclab) \[\e]0;\u@\h: \w\a\]${debian_chroot:+($debian_chroot)}\[\033[01;32m\]\u@\h\[\033[00m\]:\[\033[01;34m\]\w\[\033[00m\]\$ VIRTUAL_ENV_PROMPT=(isaaclab) /usr/bin/cmake --install /home/absolutezeno/Auto-BT-Generation/build/custom_message
[2.175s] -- Install configuration: ""
[2.176s] -- Up-to-date: /home/absolutezeno/Auto-BT-Generation/install/custom_message/share/ament_index/resource_index/rosidl_interfaces/custom_message
[2.176s] -- Up-to-date: /home/absolutezeno/Auto-BT-Generation/install/custom_message/include/custom_message/custom_message
[2.176s] -- Up-to-date: /home/absolutezeno/Auto-BT-Generation/install/custom_message/include/custom_message/custom_message/msg
[2.176s] -- Up-to-date: /home/absolutezeno/Auto-BT-Generation/install/custom_message/include/custom_message/custom_message/msg/rosidl_generator_c__visibility_control.h
[2.176s] -- Up-to-date: /home/absolutezeno/Auto-BT-Generation/install/custom_message/include/custom_message/custom_message/msg/sample_msg.h
[2.176s] -- Up-to-date: /home/absolutezeno/Auto-BT-Generation/install/custom_message/include/custom_message/custom_message/msg/detail
[2.176s] -- Up-to-date: /home/absolutezeno/Auto-BT-Generation/install/custom_message/include/custom_message/custom_message/msg/detail/sample_msg__functions.h
[2.176s] -- Up-to-date: /home/absolutezeno/Auto-BT-Generation/install/custom_message/include/custom_message/custom_message/msg/detail/sample_msg__type_support.h
[2.176s] -- Up-to-date: /home/absolutezeno/Auto-BT-Generation/install/custom_message/include/custom_message/custom_message/msg/detail/sample_msg__struct.h
[2.177s] -- Up-to-date: /home/absolutezeno/Auto-BT-Generation/install/custom_message/include/custom_message/custom_message/msg/detail/sample_msg__functions.c
[2.177s] -- Up-to-date: /home/absolutezeno/Auto-BT-Generation/install/custom_message/share/custom_message/environment/library_path.sh
[2.177s] -- Up-to-date: /home/absolutezeno/Auto-BT-Generation/install/custom_message/share/custom_message/environment/library_path.dsv
[2.177s] -- Up-to-date: /home/absolutezeno/Auto-BT-Generation/install/custom_message/lib/libcustom_message__rosidl_generator_c.so
[2.177s] -- Up-to-date: /home/absolutezeno/Auto-BT-Generation/install/custom_message/include/custom_message/custom_message
[2.177s] -- Up-to-date: /home/absolutezeno/Auto-BT-Generation/install/custom_message/include/custom_message/custom_message/msg
[2.177s] -- Up-to-date: /home/absolutezeno/Auto-BT-Generation/install/custom_message/include/custom_message/custom_message/msg/rosidl_typesupport_fastrtps_c__visibility_control.h
[2.177s] -- Up-to-date: /home/absolutezeno/Auto-BT-Generation/install/custom_message/include/custom_message/custom_message/msg/detail
[2.177s] -- Up-to-date: /home/absolutezeno/Auto-BT-Generation/install/custom_message/include/custom_message/custom_message/msg/detail/sample_msg__rosidl_typesupport_fastrtps_c.h
[2.177s] -- Up-to-date: /home/absolutezeno/Auto-BT-Generation/install/custom_message/lib/libcustom_message__rosidl_typesupport_fastrtps_c.so
[2.177s] -- Up-to-date: /home/absolutezeno/Auto-BT-Generation/install/custom_message/include/custom_message/custom_message
[2.178s] -- Up-to-date: /home/absolutezeno/Auto-BT-Generation/install/custom_message/include/custom_message/custom_message/msg
[2.178s] -- Up-to-date: /home/absolutezeno/Auto-BT-Generation/install/custom_message/include/custom_message/custom_message/msg/sample_msg.hpp
[2.178s] -- Up-to-date: /home/absolutezeno/Auto-BT-Generation/install/custom_message/include/custom_message/custom_message/msg/detail
[2.178s] -- Up-to-date: /home/absolutezeno/Auto-BT-Generation/install/custom_message/include/custom_message/custom_message/msg/detail/sample_msg__struct.hpp
[2.178s] -- Up-to-date: /home/absolutezeno/Auto-BT-Generation/install/custom_message/include/custom_message/custom_message/msg/detail/sample_msg__traits.hpp
[2.178s] -- Up-to-date: /home/absolutezeno/Auto-BT-Generation/install/custom_message/include/custom_message/custom_message/msg/detail/sample_msg__builder.hpp
[2.178s] -- Up-to-date: /home/absolutezeno/Auto-BT-Generation/install/custom_message/include/custom_message/custom_message
[2.179s] -- Up-to-date: /home/absolutezeno/Auto-BT-Generation/install/custom_message/include/custom_message/custom_message/msg
[2.179s] -- Up-to-date: /home/absolutezeno/Auto-BT-Generation/install/custom_message/include/custom_message/custom_message/msg/rosidl_typesupport_fastrtps_cpp__visibility_control.h
[2.179s] -- Up-to-date: /home/absolutezeno/Auto-BT-Generation/install/custom_message/include/custom_message/custom_message/msg/detail
[2.179s] -- Up-to-date: /home/absolutezeno/Auto-BT-Generation/install/custom_message/include/custom_message/custom_message/msg/detail/sample_msg__rosidl_typesupport_fastrtps_cpp.hpp
[2.179s] -- Up-to-date: /home/absolutezeno/Auto-BT-Generation/install/custom_message/include/custom_message/custom_message/msg/detail/dds_fastrtps
[2.179s] -- Up-to-date: /home/absolutezeno/Auto-BT-Generation/install/custom_message/lib/libcustom_message__rosidl_typesupport_fastrtps_cpp.so
[2.179s] -- Up-to-date: /home/absolutezeno/Auto-BT-Generation/install/custom_message/include/custom_message/custom_message
[2.179s] -- Up-to-date: /home/absolutezeno/Auto-BT-Generation/install/custom_message/include/custom_message/custom_message/msg
[2.179s] -- Up-to-date: /home/absolutezeno/Auto-BT-Generation/install/custom_message/include/custom_message/custom_message/msg/rosidl_typesupport_introspection_c__visibility_control.h
[2.180s] -- Up-to-date: /home/absolutezeno/Auto-BT-Generation/install/custom_message/include/custom_message/custom_message/msg/detail
[2.180s] -- Up-to-date: /home/absolutezeno/Auto-BT-Generation/install/custom_message/include/custom_message/custom_message/msg/detail/sample_msg__type_support.c
[2.180s] -- Up-to-date: /home/absolutezeno/Auto-BT-Generation/install/custom_message/include/custom_message/custom_message/msg/detail/sample_msg__rosidl_typesupport_introspection_c.h
[2.181s] -- Up-to-date: /home/absolutezeno/Auto-BT-Generation/install/custom_message/lib/libcustom_message__rosidl_typesupport_introspection_c.so
[2.181s] -- Up-to-date: /home/absolutezeno/Auto-BT-Generation/install/custom_message/lib/libcustom_message__rosidl_typesupport_c.so
[2.181s] -- Up-to-date: /home/absolutezeno/Auto-BT-Generation/install/custom_message/include/custom_message/custom_message
[2.181s] -- Up-to-date: /home/absolutezeno/Auto-BT-Generation/install/custom_message/include/custom_message/custom_message/msg
[2.181s] -- Up-to-date: /home/absolutezeno/Auto-BT-Generation/install/custom_message/include/custom_message/custom_message/msg/detail
[2.181s] -- Up-to-date: /home/absolutezeno/Auto-BT-Generation/install/custom_message/include/custom_message/custom_message/msg/detail/sample_msg__rosidl_typesupport_introspection_cpp.hpp
[2.181s] -- Up-to-date: /home/absolutezeno/Auto-BT-Generation/install/custom_message/include/custom_message/custom_message/msg/detail/sample_msg__type_support.cpp
[2.181s] -- Up-to-date: /home/absolutezeno/Auto-BT-Generation/install/custom_message/lib/libcustom_message__rosidl_typesupport_introspection_cpp.so
[2.181s] -- Up-to-date: /home/absolutezeno/Auto-BT-Generation/install/custom_message/lib/libcustom_message__rosidl_typesupport_cpp.so
[2.182s] -- Up-to-date: /home/absolutezeno/Auto-BT-Generation/install/custom_message/share/custom_message/environment/pythonpath.sh
[2.182s] -- Up-to-date: /home/absolutezeno/Auto-BT-Generation/install/custom_message/share/custom_message/environment/pythonpath.dsv
[2.182s] -- Up-to-date: /home/absolutezeno/Auto-BT-Generation/install/custom_message/lib/python3.10/site-packages/custom_message-0.0.0-py3.10.egg-info
[2.182s] -- Installing: /home/absolutezeno/Auto-BT-Generation/install/custom_message/lib/python3.10/site-packages/custom_message-0.0.0-py3.10.egg-info/PKG-INFO
[2.182s] -- Installing: /home/absolutezeno/Auto-BT-Generation/install/custom_message/lib/python3.10/site-packages/custom_message-0.0.0-py3.10.egg-info/top_level.txt
[2.182s] -- Installing: /home/absolutezeno/Auto-BT-Generation/install/custom_message/lib/python3.10/site-packages/custom_message-0.0.0-py3.10.egg-info/dependency_links.txt
[2.182s] -- Installing: /home/absolutezeno/Auto-BT-Generation/install/custom_message/lib/python3.10/site-packages/custom_message-0.0.0-py3.10.egg-info/SOURCES.txt
[2.182s] -- Up-to-date: /home/absolutezeno/Auto-BT-Generation/install/custom_message/lib/python3.10/site-packages/custom_message
[2.182s] -- Up-to-date: /home/absolutezeno/Auto-BT-Generation/install/custom_message/lib/python3.10/site-packages/custom_message/libcustom_message__rosidl_generator_py.so
[2.183s] -- Up-to-date: /home/absolutezeno/Auto-BT-Generation/install/custom_message/lib/python3.10/site-packages/custom_message/_custom_message_s.ep.rosidl_typesupport_c.c
[2.183s] -- Up-to-date: /home/absolutezeno/Auto-BT-Generation/install/custom_message/lib/python3.10/site-packages/custom_message/custom_message_s__rosidl_typesupport_introspection_c.cpython-310-x86_64-linux-gnu.so
[2.183s] -- Up-to-date: /home/absolutezeno/Auto-BT-Generation/install/custom_message/lib/python3.10/site-packages/custom_message/custom_message_s__rosidl_typesupport_fastrtps_c.cpython-310-x86_64-linux-gnu.so
[2.183s] -- Up-to-date: /home/absolutezeno/Auto-BT-Generation/install/custom_message/lib/python3.10/site-packages/custom_message/__init__.py
[2.183s] -- Up-to-date: /home/absolutezeno/Auto-BT-Generation/install/custom_message/lib/python3.10/site-packages/custom_message/msg
[2.183s] -- Up-to-date: /home/absolutezeno/Auto-BT-Generation/install/custom_message/lib/python3.10/site-packages/custom_message/msg/_sample_msg_s.c
[2.183s] -- Up-to-date: /home/absolutezeno/Auto-BT-Generation/install/custom_message/lib/python3.10/site-packages/custom_message/msg/_sample_msg.py
[2.183s] -- Up-to-date: /home/absolutezeno/Auto-BT-Generation/install/custom_message/lib/python3.10/site-packages/custom_message/msg/__init__.py
[2.183s] -- Up-to-date: /home/absolutezeno/Auto-BT-Generation/install/custom_message/lib/python3.10/site-packages/custom_message/_custom_message_s.ep.rosidl_typesupport_introspection_c.c
[2.184s] -- Up-to-date: /home/absolutezeno/Auto-BT-Generation/install/custom_message/lib/python3.10/site-packages/custom_message/custom_message_s__rosidl_typesupport_c.cpython-310-x86_64-linux-gnu.so
[2.184s] -- Up-to-date: /home/absolutezeno/Auto-BT-Generation/install/custom_message/lib/python3.10/site-packages/custom_message/_custom_message_s.ep.rosidl_typesupport_fastrtps_c.c
[2.184s] Listing '/home/absolutezeno/Auto-BT-Generation/install/custom_message/lib/python3.10/site-packages/custom_message'...
[2.184s] Listing '/home/absolutezeno/Auto-BT-Generation/install/custom_message/lib/python3.10/site-packages/custom_message/msg'...
[2.184s] -- Up-to-date: /home/absolutezeno/Auto-BT-Generation/install/custom_message/lib/python3.10/site-packages/custom_message/custom_message_s__rosidl_typesupport_fastrtps_c.cpython-310-x86_64-linux-gnu.so
[2.184s] -- Up-to-date: /home/absolutezeno/Auto-BT-Generation/install/custom_message/lib/python3.10/site-packages/custom_message/custom_message_s__rosidl_typesupport_introspection_c.cpython-310-x86_64-linux-gnu.so
[2.184s] -- Up-to-date: /home/absolutezeno/Auto-BT-Generation/install/custom_message/lib/python3.10/site-packages/custom_message/custom_message_s__rosidl_typesupport_c.cpython-310-x86_64-linux-gnu.so
[2.185s] -- Up-to-date: /home/absolutezeno/Auto-BT-Generation/install/custom_message/lib/libcustom_message__rosidl_generator_py.so
[2.185s] -- Up-to-date: /home/absolutezeno/Auto-BT-Generation/install/custom_message/share/custom_message/msg/SampleMsg.idl
[2.185s] -- Up-to-date: /home/absolutezeno/Auto-BT-Generation/install/custom_message/share/custom_message/msg/SampleMsg.msg
[2.185s] -- Up-to-date: /home/absolutezeno/Auto-BT-Generation/install/custom_message/share/ament_index/resource_index/package_run_dependencies/custom_message
[2.185s] -- Up-to-date: /home/absolutezeno/Auto-BT-Generation/install/custom_message/share/ament_index/resource_index/parent_prefix_path/custom_message
[2.185s] -- Up-to-date: /home/absolutezeno/Auto-BT-Generation/install/custom_message/share/custom_message/environment/ament_prefix_path.sh
[2.185s] -- Up-to-date: /home/absolutezeno/Auto-BT-Generation/install/custom_message/share/custom_message/environment/ament_prefix_path.dsv
[2.185s] -- Up-to-date: /home/absolutezeno/Auto-BT-Generation/install/custom_message/share/custom_message/environment/path.sh
[2.186s] -- Up-to-date: /home/absolutezeno/Auto-BT-Generation/install/custom_message/share/custom_message/environment/path.dsv
[2.186s] -- Up-to-date: /home/absolutezeno/Auto-BT-Generation/install/custom_message/share/custom_message/local_setup.bash
[2.186s] -- Up-to-date: /home/absolutezeno/Auto-BT-Generation/install/custom_message/share/custom_message/local_setup.sh
[2.186s] -- Up-to-date: /home/absolutezeno/Auto-BT-Generation/install/custom_message/share/custom_message/local_setup.zsh
[2.186s] -- Up-to-date: /home/absolutezeno/Auto-BT-Generation/install/custom_message/share/custom_message/local_setup.dsv
[2.186s] -- Installing: /home/absolutezeno/Auto-BT-Generation/install/custom_message/share/custom_message/package.dsv
[2.186s] -- Up-to-date: /home/absolutezeno/Auto-BT-Generation/install/custom_message/share/ament_index/resource_index/packages/custom_message
[2.187s] -- Up-to-date: /home/absolutezeno/Auto-BT-Generation/install/custom_message/share/custom_message/cmake/export_custom_message__rosidl_generator_cExport.cmake
[2.187s] -- Up-to-date: /home/absolutezeno/Auto-BT-Generation/install/custom_message/share/custom_message/cmake/export_custom_message__rosidl_generator_cExport-noconfig.cmake
[2.187s] -- Up-to-date: /home/absolutezeno/Auto-BT-Generation/install/custom_message/share/custom_message/cmake/export_custom_message__rosidl_typesupport_fastrtps_cExport.cmake
[2.187s] -- Up-to-date: /home/absolutezeno/Auto-BT-Generation/install/custom_message/share/custom_message/cmake/export_custom_message__rosidl_typesupport_fastrtps_cExport-noconfig.cmake
[2.187s] -- Up-to-date: /home/absolutezeno/Auto-BT-Generation/install/custom_message/share/custom_message/cmake/export_custom_message__rosidl_generator_cppExport.cmake
[2.187s] -- Up-to-date: /home/absolutezeno/Auto-BT-Generation/install/custom_message/share/custom_message/cmake/export_custom_message__rosidl_typesupport_fastrtps_cppExport.cmake
[2.187s] -- Up-to-date: /home/absolutezeno/Auto-BT-Generation/install/custom_message/share/custom_message/cmake/export_custom_message__rosidl_typesupport_fastrtps_cppExport-noconfig.cmake
[2.187s] -- Up-to-date: /home/absolutezeno/Auto-BT-Generation/install/custom_message/share/custom_message/cmake/custom_message__rosidl_typesupport_introspection_cExport.cmake
[2.187s] -- Up-to-date: /home/absolutezeno/Auto-BT-Generation/install/custom_message/share/custom_message/cmake/custom_message__rosidl_typesupport_introspection_cExport-noconfig.cmake
[2.187s] -- Up-to-date: /home/absolutezeno/Auto-BT-Generation/install/custom_message/share/custom_message/cmake/custom_message__rosidl_typesupport_cExport.cmake
[2.187s] -- Up-to-date: /home/absolutezeno/Auto-BT-Generation/install/custom_message/share/custom_message/cmake/custom_message__rosidl_typesupport_cExport-noconfig.cmake
[2.187s] -- Up-to-date: /home/absolutezeno/Auto-BT-Generation/install/custom_message/share/custom_message/cmake/custom_message__rosidl_typesupport_introspection_cppExport.cmake
[2.187s] -- Up-to-date: /home/absolutezeno/Auto-BT-Generation/install/custom_message/share/custom_message/cmake/custom_message__rosidl_typesupport_introspection_cppExport-noconfig.cmake
[2.187s] -- Up-to-date: /home/absolutezeno/Auto-BT-Generation/install/custom_message/share/custom_message/cmake/custom_message__rosidl_typesupport_cppExport.cmake
[2.187s] -- Up-to-date: /home/absolutezeno/Auto-BT-Generation/install/custom_message/share/custom_message/cmake/custom_message__rosidl_typesupport_cppExport-noconfig.cmake
[2.187s] -- Up-to-date: /home/absolutezeno/Auto-BT-Generation/install/custom_message/share/custom_message/cmake/export_custom_message__rosidl_generator_pyExport.cmake
[2.187s] -- Up-to-date: /home/absolutezeno/Auto-BT-Generation/install/custom_message/share/custom_message/cmake/export_custom_message__rosidl_generator_pyExport-noconfig.cmake
[2.187s] -- Up-to-date: /home/absolutezeno/Auto-BT-Generation/install/custom_message/share/custom_message/cmake/rosidl_cmake-extras.cmake
[2.187s] -- Up-to-date: /home/absolutezeno/Auto-BT-Generation/install/custom_message/share/custom_message/cmake/ament_cmake_export_dependencies-extras.cmake
[2.187s] -- Up-to-date: /home/absolutezeno/Auto-BT-Generation/install/custom_message/share/custom_message/cmake/ament_cmake_export_include_directories-extras.cmake
[2.187s] -- Up-to-date: /home/absolutezeno/Auto-BT-Generation/install/custom_message/share/custom_message/cmake/ament_cmake_export_libraries-extras.cmake
[2.187s] -- Up-to-date: /home/absolutezeno/Auto-BT-Generation/install/custom_message/share/custom_message/cmake/ament_cmake_export_targets-extras.cmake
[2.187s] -- Up-to-date: /home/absolutezeno/Auto-BT-Generation/install/custom_message/share/custom_message/cmake/rosidl_cmake_export_typesupport_targets-extras.cmake
[2.187s] -- Up-to-date: /home/absolutezeno/Auto-BT-Generation/install/custom_message/share/custom_message/cmake/rosidl_cmake_export_typesupport_libraries-extras.cmake
[2.188s] -- Up-to-date: /home/absolutezeno/Auto-BT-Generation/install/custom_message/share/custom_message/cmake/custom_messageConfig.cmake
[2.188s] -- Up-to-date: /home/absolutezeno/Auto-BT-Generation/install/custom_message/share/custom_message/cmake/custom_messageConfig-version.cmake
[2.188s] -- Up-to-date: /home/absolutezeno/Auto-BT-Generation/install/custom_message/share/custom_message/package.xml
[2.423s] Invoked command in '/home/absolutezeno/Auto-BT-Generation/build/custom_message' returned '0': CMAKE_PREFIX_PATH=${CMAKE_PREFIX_PATH}:/home/absolutezeno/Auto-BT-Generation/install/turtlebot3_teleop:/home/absolutezeno/Auto-BT-Generation/install/turtlebot3_example:/home/absolutezeno/Auto-BT-Generation/install/py_trees_ros_viewer:/home/absolutezeno/Auto-BT-Generation/install/py_trees_ros_tutorials:/home/absolutezeno/Auto-BT-Generation/install/py_trees_ros:/home/absolutezeno/FRA501/install/rqt_joint_trajectory_controller:/home/absolutezeno/FRA501/install/rqt_controller_manager:/home/absolutezeno/FRA501/install/ros2controlcli:/home/absolutezeno/FRA501/install/ros2_controllers_test_nodes:/opt/ros/humble PS1=(isaaclab) \[\e]0;\u@\h: \w\a\]${debian_chroot:+($debian_chroot)}\[\033[01;32m\]\u@\h\[\033[00m\]:\[\033[01;34m\]\w\[\033[00m\]\$ VIRTUAL_ENV_PROMPT=(isaaclab) /usr/bin/cmake --install /home/absolutezeno/Auto-BT-Generation/build/custom_message
