[0.025s] Invoking command in '/home/absolutezeno/Auto-BT-Generation/build/turtlebot3_node': CMAKE_PREFIX_PATH=/opt/ros/humble PS1=(isaaclab) \[\e]0;\u@\h: \w\a\]${debian_chroot:+($debian_chroot)}\[\033[01;32m\]\u@\h\[\033[00m\]:\[\033[01;34m\]\w\[\033[00m\]\$ VIRTUAL_ENV_PROMPT=(isaaclab) /usr/bin/cmake --build /home/absolutezeno/Auto-BT-Generation/build/turtlebot3_node -- -j20 -l20
[0.562s] -- Found ament_cmake: 1.3.11 (/opt/ros/humble/share/ament_cmake/cmake)
[0.562s] -- Found dynamixel_sdk: 3.7.60 (/opt/ros/humble/share/dynamixel_sdk/cmake)
[0.563s] -- Found geometry_msgs: 4.2.4 (/opt/ros/humble/share/geometry_msgs/cmake)
[0.563s] -- Found rosidl_generator_c: 3.1.6 (/opt/ros/humble/share/rosidl_generator_c/cmake)
[0.563s] -- Found rosidl_adapter: 3.1.6 (/opt/ros/humble/share/rosidl_adapter/cmake)
[0.563s] -- Found rosidl_generator_cpp: 3.1.6 (/opt/ros/humble/share/rosidl_generator_cpp/cmake)
[0.563s] -- Using all available rosidl_typesupport_c: rosidl_typesupport_fastrtps_c;rosidl_typesupport_introspection_c
[0.563s] -- Using all available rosidl_typesupport_cpp: rosidl_typesupport_fastrtps_cpp;rosidl_typesupport_introspection_cpp
[0.563s] -- Found message_filters: 4.3.5 (/opt/ros/humble/share/message_filters/cmake)
[0.563s] -- Found rmw_implementation_cmake: 6.1.2 (/opt/ros/humble/share/rmw_implementation_cmake/cmake)
[0.563s] -- Found rmw_fastrtps_cpp: 6.2.7 (/opt/ros/humble/share/rmw_fastrtps_cpp/cmake)
[0.563s] -- Using RMW implementation 'rmw_fastrtps_cpp' as default
[0.564s] -- Found nav_msgs: 4.2.4 (/opt/ros/humble/share/nav_msgs/cmake)
[0.564s] -- Found sensor_msgs: 4.2.4 (/opt/ros/humble/share/sensor_msgs/cmake)
[0.564s] -- Found std_srvs: 4.2.4 (/opt/ros/humble/share/std_srvs/cmake)
[0.564s] -- Found tf2: 0.25.12 (/opt/ros/humble/share/tf2/cmake)
[0.564s] -- Found tf2_ros: 0.25.12 (/opt/ros/humble/share/tf2_ros/cmake)
[0.564s] -- Configuring incomplete, errors occurred!
[0.564s] See also "/home/absolutezeno/Auto-BT-Generation/build/turtlebot3_node/CMakeFiles/CMakeOutput.log".
[0.564s] [31mCMake Error at CMakeLists.txt:30 (find_package):
[0.564s]   By not providing "Findturtlebot3_msgs.cmake" in CMAKE_MODULE_PATH this
[0.564s]   project has asked CMake to find a package configuration file provided by
[0.565s]   "turtlebot3_msgs", but CMake did not find one.
[0.565s] 
[0.565s]   Could not find a package configuration file provided by "turtlebot3_msgs"
[0.565s]   with any of the following names:
[0.565s] 
[0.565s]     turtlebot3_msgsConfig.cmake
[0.565s]     turtlebot3_msgs-config.cmake
[0.565s] 
[0.566s]   Add the installation prefix of "turtlebot3_msgs" to CMAKE_PREFIX_PATH or
[0.566s]   set "turtlebot3_msgs_DIR" to a directory containing one of the above files.
[0.566s]   If "turtlebot3_msgs" provides a separate development package or SDK, be
[0.566s]   sure it has been installed.
[0.566s] 
[0.566s] [0m
[0.566s] gmake: *** [Makefile:578: cmake_check_build_system] Error 1
[0.804s] Invoked command in '/home/absolutezeno/Auto-BT-Generation/build/turtlebot3_node' returned '2': CMAKE_PREFIX_PATH=/opt/ros/humble PS1=(isaaclab) \[\e]0;\u@\h: \w\a\]${debian_chroot:+($debian_chroot)}\[\033[01;32m\]\u@\h\[\033[00m\]:\[\033[01;34m\]\w\[\033[00m\]\$ VIRTUAL_ENV_PROMPT=(isaaclab) /usr/bin/cmake --build /home/absolutezeno/Auto-BT-Generation/build/turtlebot3_node -- -j20 -l20
