[0.452s] Invoking command in '/home/absolutezeno/Auto-BT-Generation/src/py_trees_ros_tutorials': AMENT_PREFIX_PATH=/home/absolutezeno/Auto-BT-Generation/install/py_trees_ros:/home/absolutezeno/Auto-BT-Generation/install/turtlebot3:/home/absolutezeno/Auto-BT-Generation/install/turtlebot3_teleop:/home/absolutezeno/Auto-BT-Generation/install/turtlebot3_bringup:/home/absolutezeno/Auto-BT-Generation/install/turtlebot3_node:/home/absolutezeno/Auto-BT-Generation/install/turtlebot3_navigation2:/home/absolutezeno/Auto-BT-Generation/install/turtlebot3_example:/home/absolutezeno/Auto-BT-Generation/install/turtlebot3_description:/home/absolutezeno/Auto-BT-Generation/install/turtlebot3_cartographer:/home/absolutezeno/Auto-BT-Generation/install/py_trees_ros_viewer:/home/absolutezeno/Auto-BT-Generation/install/py_trees_ros_tutorials:/home/absolutezeno/Auto-BT-Generation/install/isaac_ros2_messages:/home/absolutezeno/Auto-BT-Generation/install/custom_message:/home/absolutezeno/Auto-BT-Generation/install/autogen_bt_interface:/opt/ros/humble PATH=/home/absolutezeno/Auto-BT-Generation/install/py_trees_ros/bin:/home/absolutezeno/Auto-BT-Generation/install/py_trees_ros_viewer/bin:/opt/ros/humble/bin:/home/absolutezeno/.local/bin:/usr/local/sbin:/usr/local/bin:/usr/sbin:/usr/bin:/sbin:/bin:/usr/games:/usr/local/games:/snap/bin:/snap/bin PYTHONPATH=/home/absolutezeno/Auto-BT-Generation/build/py_trees_ros_tutorials/prefix_override:/usr/lib/python3/dist-packages/colcon_core/task/python/colcon_distutils_commands:/home/absolutezeno/Auto-BT-Generation/install/py_trees_ros_tutorials/lib/python3.10/site-packages:/home/absolutezeno/Auto-BT-Generation/install/py_trees_ros/lib/python3.10/site-packages:/home/absolutezeno/Auto-BT-Generation/install/turtlebot3_teleop/lib/python3.10/site-packages:/home/absolutezeno/Auto-BT-Generation/install/turtlebot3_example/lib/python3.10/site-packages:/home/absolutezeno/Auto-BT-Generation/install/py_trees_ros_viewer/lib/python3.10/site-packages:/home/absolutezeno/Auto-BT-Generation/install/py_trees_ros_tutorials/lib/python3.10/site-packages:/home/absolutezeno/Auto-BT-Generation/install/isaac_ros2_messages/local/lib/python3.10/dist-packages:/home/absolutezeno/Auto-BT-Generation/install/custom_message/local/lib/python3.10/dist-packages:/home/absolutezeno/Auto-BT-Generation/install/autogen_bt_interface/local/lib/python3.10/dist-packages:/home/absolutezeno/Auto-BT-Generation/install/autogen_bt/lib/python3.10/site-packages:/opt/ros/humble/lib/python3.10/site-packages:/opt/ros/humble/local/lib/python3.10/dist-packages /usr/bin/python3 -W ignore:setup.py install is deprecated -W ignore:easy_install command is deprecated setup.py egg_info --egg-base ../../build/py_trees_ros_tutorials build --build-base /home/absolutezeno/Auto-BT-Generation/build/py_trees_ros_tutorials/build install --record /home/absolutezeno/Auto-BT-Generation/build/py_trees_ros_tutorials/install.log --single-version-externally-managed install_data
[0.468s] /home/absolutezeno/Auto-BT-Generation/src/py_trees_ros_tutorials/setup.py:5: DeprecationWarning: The distutils package is deprecated and slated for removal in Python 3.12. Use setuptools or check PEP 632 for potential alternatives
[0.468s]   from distutils import log
[0.639s] running egg_info
[0.639s] writing ../../build/py_trees_ros_tutorials/py_trees_ros_tutorials.egg-info/PKG-INFO
[0.639s] writing dependency_links to ../../build/py_trees_ros_tutorials/py_trees_ros_tutorials.egg-info/dependency_links.txt
[0.640s] writing entry points to ../../build/py_trees_ros_tutorials/py_trees_ros_tutorials.egg-info/entry_points.txt
[0.640s] writing top-level names to ../../build/py_trees_ros_tutorials/py_trees_ros_tutorials.egg-info/top_level.txt
[0.641s] reading manifest file '../../build/py_trees_ros_tutorials/py_trees_ros_tutorials.egg-info/SOURCES.txt'
[0.641s] adding license file 'LICENSE'
[0.642s] writing manifest file '../../build/py_trees_ros_tutorials/py_trees_ros_tutorials.egg-info/SOURCES.txt'
[0.642s] running build
[0.642s] running build_py
[0.644s] running install
[0.644s] redirecting scripts
[0.644s]   from: /home/absolutezeno/Auto-BT-Generation/install/py_trees_ros_tutorials/bin
[0.644s]     to: /home/absolutezeno/Auto-BT-Generation/install/py_trees_ros_tutorials/lib/py_trees_ros_tutorials
[0.645s] running install_lib
[0.646s] running install_data
[0.646s] running install_egg_info
[0.646s] removing '/home/absolutezeno/Auto-BT-Generation/install/py_trees_ros_tutorials/lib/python3.10/site-packages/py_trees_ros_tutorials-2.1.0-py3.10.egg-info' (and everything under it)
[0.646s] Copying ../../build/py_trees_ros_tutorials/py_trees_ros_tutorials.egg-info to /home/absolutezeno/Auto-BT-Generation/install/py_trees_ros_tutorials/lib/python3.10/site-packages/py_trees_ros_tutorials-2.1.0-py3.10.egg-info
[0.647s] running install_scripts
[0.648s] Installing mock-battery script to /home/absolutezeno/Auto-BT-Generation/install/py_trees_ros_tutorials/lib/py_trees_ros_tutorials
[0.648s] Installing mock-dashboard script to /home/absolutezeno/Auto-BT-Generation/install/py_trees_ros_tutorials/lib/py_trees_ros_tutorials
[0.648s] Installing mock-dock-client script to /home/absolutezeno/Auto-BT-Generation/install/py_trees_ros_tutorials/lib/py_trees_ros_tutorials
[0.648s] Installing mock-docking-controller script to /home/absolutezeno/Auto-BT-Generation/install/py_trees_ros_tutorials/lib/py_trees_ros_tutorials
[0.648s] Installing mock-led-strip script to /home/absolutezeno/Auto-BT-Generation/install/py_trees_ros_tutorials/lib/py_trees_ros_tutorials
[0.649s] Installing mock-move-base script to /home/absolutezeno/Auto-BT-Generation/install/py_trees_ros_tutorials/lib/py_trees_ros_tutorials
[0.649s] Installing mock-move-base-client script to /home/absolutezeno/Auto-BT-Generation/install/py_trees_ros_tutorials/lib/py_trees_ros_tutorials
[0.649s] Installing mock-rotate-client script to /home/absolutezeno/Auto-BT-Generation/install/py_trees_ros_tutorials/lib/py_trees_ros_tutorials
[0.649s] Installing mock-rotation-controller script to /home/absolutezeno/Auto-BT-Generation/install/py_trees_ros_tutorials/lib/py_trees_ros_tutorials
[0.649s] Installing mock-safety-sensors script to /home/absolutezeno/Auto-BT-Generation/install/py_trees_ros_tutorials/lib/py_trees_ros_tutorials
[0.649s] Installing tree-action-clients script to /home/absolutezeno/Auto-BT-Generation/install/py_trees_ros_tutorials/lib/py_trees_ros_tutorials
[0.649s] Installing tree-battery-check script to /home/absolutezeno/Auto-BT-Generation/install/py_trees_ros_tutorials/lib/py_trees_ros_tutorials
[0.649s] Installing tree-context-switching script to /home/absolutezeno/Auto-BT-Generation/install/py_trees_ros_tutorials/lib/py_trees_ros_tutorials
[0.649s] Installing tree-data-gathering script to /home/absolutezeno/Auto-BT-Generation/install/py_trees_ros_tutorials/lib/py_trees_ros_tutorials
[0.649s] Installing tree-docking-cancelling-failing script to /home/absolutezeno/Auto-BT-Generation/install/py_trees_ros_tutorials/lib/py_trees_ros_tutorials
[0.649s] Installing tree-dynamic-application-loading script to /home/absolutezeno/Auto-BT-Generation/install/py_trees_ros_tutorials/lib/py_trees_ros_tutorials
[0.649s] writing list of installed files to '/home/absolutezeno/Auto-BT-Generation/build/py_trees_ros_tutorials/install.log'
[0.666s] Invoked command in '/home/absolutezeno/Auto-BT-Generation/src/py_trees_ros_tutorials' returned '0': AMENT_PREFIX_PATH=/home/absolutezeno/Auto-BT-Generation/install/py_trees_ros:/home/absolutezeno/Auto-BT-Generation/install/turtlebot3:/home/absolutezeno/Auto-BT-Generation/install/turtlebot3_teleop:/home/absolutezeno/Auto-BT-Generation/install/turtlebot3_bringup:/home/absolutezeno/Auto-BT-Generation/install/turtlebot3_node:/home/absolutezeno/Auto-BT-Generation/install/turtlebot3_navigation2:/home/absolutezeno/Auto-BT-Generation/install/turtlebot3_example:/home/absolutezeno/Auto-BT-Generation/install/turtlebot3_description:/home/absolutezeno/Auto-BT-Generation/install/turtlebot3_cartographer:/home/absolutezeno/Auto-BT-Generation/install/py_trees_ros_viewer:/home/absolutezeno/Auto-BT-Generation/install/py_trees_ros_tutorials:/home/absolutezeno/Auto-BT-Generation/install/isaac_ros2_messages:/home/absolutezeno/Auto-BT-Generation/install/custom_message:/home/absolutezeno/Auto-BT-Generation/install/autogen_bt_interface:/opt/ros/humble PATH=/home/absolutezeno/Auto-BT-Generation/install/py_trees_ros/bin:/home/absolutezeno/Auto-BT-Generation/install/py_trees_ros_viewer/bin:/opt/ros/humble/bin:/home/absolutezeno/.local/bin:/usr/local/sbin:/usr/local/bin:/usr/sbin:/usr/bin:/sbin:/bin:/usr/games:/usr/local/games:/snap/bin:/snap/bin PYTHONPATH=/home/absolutezeno/Auto-BT-Generation/build/py_trees_ros_tutorials/prefix_override:/usr/lib/python3/dist-packages/colcon_core/task/python/colcon_distutils_commands:/home/absolutezeno/Auto-BT-Generation/install/py_trees_ros_tutorials/lib/python3.10/site-packages:/home/absolutezeno/Auto-BT-Generation/install/py_trees_ros/lib/python3.10/site-packages:/home/absolutezeno/Auto-BT-Generation/install/turtlebot3_teleop/lib/python3.10/site-packages:/home/absolutezeno/Auto-BT-Generation/install/turtlebot3_example/lib/python3.10/site-packages:/home/absolutezeno/Auto-BT-Generation/install/py_trees_ros_viewer/lib/python3.10/site-packages:/home/absolutezeno/Auto-BT-Generation/install/py_trees_ros_tutorials/lib/python3.10/site-packages:/home/absolutezeno/Auto-BT-Generation/install/isaac_ros2_messages/local/lib/python3.10/dist-packages:/home/absolutezeno/Auto-BT-Generation/install/custom_message/local/lib/python3.10/dist-packages:/home/absolutezeno/Auto-BT-Generation/install/autogen_bt_interface/local/lib/python3.10/dist-packages:/home/absolutezeno/Auto-BT-Generation/install/autogen_bt/lib/python3.10/site-packages:/opt/ros/humble/lib/python3.10/site-packages:/opt/ros/humble/local/lib/python3.10/dist-packages /usr/bin/python3 -W ignore:setup.py install is deprecated -W ignore:easy_install command is deprecated setup.py egg_info --egg-base ../../build/py_trees_ros_tutorials build --build-base /home/absolutezeno/Auto-BT-Generation/build/py_trees_ros_tutorials/build install --record /home/absolutezeno/Auto-BT-Generation/build/py_trees_ros_tutorials/install.log --single-version-externally-managed install_data
