[0.648s] Invoking command in '/home/absolutezeno/Auto-BT-Generation/build/custom_message': CMAKE_PREFIX_PATH=${CMAKE_PREFIX_PATH}:/home/absolutezeno/Auto-BT-Generation/install/py_trees_ros_viewer:/home/absolutezeno/Auto-BT-Generation/install/py_trees_ros_tutorials:/home/absolutezeno/Auto-BT-Generation/install/py_trees_ros:/home/absolutezeno/FRA501/install/rqt_joint_trajectory_controller:/home/absolutezeno/FRA501/install/rqt_controller_manager:/home/absolutezeno/FRA501/install/ros2controlcli:/home/absolutezeno/FRA501/install/ros2_controllers_test_nodes:/opt/ros/humble PS1=(isaaclab) \[\e]0;\u@\h: \w\a\]${debian_chroot:+($debian_chroot)}\[\033[01;32m\]\u@\h\[\033[00m\]:\[\033[01;34m\]\w\[\033[00m\]\$ VIRTUAL_ENV_PROMPT=(isaaclab) /usr/bin/cmake --build /home/absolutezeno/Auto-BT-Generation/build/custom_message -- -j20 -l20
[0.680s] [35m[1mConsolidate compiler generated dependencies of target custom_message__rosidl_generator_c[0m
[0.687s] [  9%] Built target custom_message__rosidl_generator_c
[0.688s] [ 12%] Built target custom_message__cpp
[0.693s] [ 12%] Built target ament_cmake_python_copy_custom_message
[0.694s] [35m[1mConsolidate compiler generated dependencies of target custom_message__rosidl_typesupport_introspection_c[0m
[0.694s] [35m[1mConsolidate compiler generated dependencies of target custom_message__rosidl_typesupport_c[0m
[0.695s] [35m[1mConsolidate compiler generated dependencies of target custom_message__rosidl_typesupport_cpp[0m
[0.696s] [35m[1mConsolidate compiler generated dependencies of target custom_message__rosidl_typesupport_fastrtps_c[0m
[0.699s] [35m[1mConsolidate compiler generated dependencies of target custom_message__rosidl_typesupport_introspection_cpp[0m
[0.701s] [35m[1mConsolidate compiler generated dependencies of target custom_message__rosidl_typesupport_fastrtps_cpp[0m
[0.704s] [ 32%] Built target custom_message__rosidl_typesupport_introspection_c
[0.705s] [ 29%] Built target custom_message__rosidl_typesupport_c
[0.706s] [ 41%] Built target custom_message__rosidl_typesupport_cpp
[0.708s] [ 51%] Built target custom_message__rosidl_typesupport_fastrtps_c
[0.709s] [ 61%] Built target custom_message__rosidl_typesupport_introspection_cpp
[0.712s] [ 70%] Built target custom_message__rosidl_typesupport_fastrtps_cpp
[0.731s] [ 70%] Built target custom_message
[0.751s] [ 74%] Built target custom_message__py
[0.759s] [35m[1mConsolidate compiler generated dependencies of target custom_message__rosidl_generator_py[0m
[0.770s] [ 80%] Built target custom_message__rosidl_generator_py
[0.781s] [35m[1mConsolidate compiler generated dependencies of target custom_message__rosidl_typesupport_c__pyext[0m
[0.781s] [35m[1mConsolidate compiler generated dependencies of target custom_message__rosidl_typesupport_fastrtps_c__pyext[0m
[0.781s] [35m[1mConsolidate compiler generated dependencies of target custom_message__rosidl_typesupport_introspection_c__pyext[0m
[0.792s] [ 87%] Built target custom_message__rosidl_typesupport_c__pyext
[0.795s] [ 93%] Built target custom_message__rosidl_typesupport_fastrtps_c__pyext
[0.795s] [100%] Built target custom_message__rosidl_typesupport_introspection_c__pyext
[0.863s] running egg_info
[0.864s] writing custom_message.egg-info/PKG-INFO
[0.864s] writing dependency_links to custom_message.egg-info/dependency_links.txt
[0.864s] writing top-level names to custom_message.egg-info/top_level.txt
[0.865s] reading manifest file 'custom_message.egg-info/SOURCES.txt'
[0.865s] writing manifest file 'custom_message.egg-info/SOURCES.txt'
[0.887s] [100%] Built target ament_cmake_python_build_custom_message_egg
[0.949s] Invoked command in '/home/absolutezeno/Auto-BT-Generation/build/custom_message' returned '0': CMAKE_PREFIX_PATH=${CMAKE_PREFIX_PATH}:/home/absolutezeno/Auto-BT-Generation/install/py_trees_ros_viewer:/home/absolutezeno/Auto-BT-Generation/install/py_trees_ros_tutorials:/home/absolutezeno/Auto-BT-Generation/install/py_trees_ros:/home/absolutezeno/FRA501/install/rqt_joint_trajectory_controller:/home/absolutezeno/FRA501/install/rqt_controller_manager:/home/absolutezeno/FRA501/install/ros2controlcli:/home/absolutezeno/FRA501/install/ros2_controllers_test_nodes:/opt/ros/humble PS1=(isaaclab) \[\e]0;\u@\h: \w\a\]${debian_chroot:+($debian_chroot)}\[\033[01;32m\]\u@\h\[\033[00m\]:\[\033[01;34m\]\w\[\033[00m\]\$ VIRTUAL_ENV_PROMPT=(isaaclab) /usr/bin/cmake --build /home/absolutezeno/Auto-BT-Generation/build/custom_message -- -j20 -l20
[1.012s] Invoking command in '/home/absolutezeno/Auto-BT-Generation/build/custom_message': CMAKE_PREFIX_PATH=${CMAKE_PREFIX_PATH}:/home/absolutezeno/Auto-BT-Generation/install/py_trees_ros_viewer:/home/absolutezeno/Auto-BT-Generation/install/py_trees_ros_tutorials:/home/absolutezeno/Auto-BT-Generation/install/py_trees_ros:/home/absolutezeno/FRA501/install/rqt_joint_trajectory_controller:/home/absolutezeno/FRA501/install/rqt_controller_manager:/home/absolutezeno/FRA501/install/ros2controlcli:/home/absolutezeno/FRA501/install/ros2_controllers_test_nodes:/opt/ros/humble PS1=(isaaclab) \[\e]0;\u@\h: \w\a\]${debian_chroot:+($debian_chroot)}\[\033[01;32m\]\u@\h\[\033[00m\]:\[\033[01;34m\]\w\[\033[00m\]\$ VIRTUAL_ENV_PROMPT=(isaaclab) /usr/bin/cmake --install /home/absolutezeno/Auto-BT-Generation/build/custom_message
[1.017s] -- Install configuration: ""
[1.017s] -- Up-to-date: /home/absolutezeno/Auto-BT-Generation/install/custom_message/share/ament_index/resource_index/rosidl_interfaces/custom_message
[1.018s] -- Up-to-date: /home/absolutezeno/Auto-BT-Generation/install/custom_message/include/custom_message/custom_message
[1.018s] -- Up-to-date: /home/absolutezeno/Auto-BT-Generation/install/custom_message/include/custom_message/custom_message/msg
[1.018s] -- Up-to-date: /home/absolutezeno/Auto-BT-Generation/install/custom_message/include/custom_message/custom_message/msg/rosidl_generator_c__visibility_control.h
[1.018s] -- Up-to-date: /home/absolutezeno/Auto-BT-Generation/install/custom_message/include/custom_message/custom_message/msg/sample_msg.h
[1.018s] -- Up-to-date: /home/absolutezeno/Auto-BT-Generation/install/custom_message/include/custom_message/custom_message/msg/detail
[1.018s] -- Up-to-date: /home/absolutezeno/Auto-BT-Generation/install/custom_message/include/custom_message/custom_message/msg/detail/sample_msg__functions.h
[1.018s] -- Up-to-date: /home/absolutezeno/Auto-BT-Generation/install/custom_message/include/custom_message/custom_message/msg/detail/sample_msg__type_support.h
[1.018s] -- Up-to-date: /home/absolutezeno/Auto-BT-Generation/install/custom_message/include/custom_message/custom_message/msg/detail/sample_msg__struct.h
[1.018s] -- Up-to-date: /home/absolutezeno/Auto-BT-Generation/install/custom_message/include/custom_message/custom_message/msg/detail/sample_msg__functions.c
[1.018s] -- Up-to-date: /home/absolutezeno/Auto-BT-Generation/install/custom_message/share/custom_message/environment/library_path.sh
[1.019s] -- Up-to-date: /home/absolutezeno/Auto-BT-Generation/install/custom_message/share/custom_message/environment/library_path.dsv
[1.019s] -- Up-to-date: /home/absolutezeno/Auto-BT-Generation/install/custom_message/lib/libcustom_message__rosidl_generator_c.so
[1.019s] -- Up-to-date: /home/absolutezeno/Auto-BT-Generation/install/custom_message/include/custom_message/custom_message
[1.019s] -- Up-to-date: /home/absolutezeno/Auto-BT-Generation/install/custom_message/include/custom_message/custom_message/msg
[1.019s] -- Up-to-date: /home/absolutezeno/Auto-BT-Generation/install/custom_message/include/custom_message/custom_message/msg/rosidl_typesupport_fastrtps_c__visibility_control.h
[1.019s] -- Up-to-date: /home/absolutezeno/Auto-BT-Generation/install/custom_message/include/custom_message/custom_message/msg/detail
[1.019s] -- Up-to-date: /home/absolutezeno/Auto-BT-Generation/install/custom_message/include/custom_message/custom_message/msg/detail/sample_msg__rosidl_typesupport_fastrtps_c.h
[1.020s] -- Up-to-date: /home/absolutezeno/Auto-BT-Generation/install/custom_message/lib/libcustom_message__rosidl_typesupport_fastrtps_c.so
[1.020s] -- Up-to-date: /home/absolutezeno/Auto-BT-Generation/install/custom_message/include/custom_message/custom_message
[1.020s] -- Up-to-date: /home/absolutezeno/Auto-BT-Generation/install/custom_message/include/custom_message/custom_message/msg
[1.020s] -- Up-to-date: /home/absolutezeno/Auto-BT-Generation/install/custom_message/include/custom_message/custom_message/msg/sample_msg.hpp
[1.020s] -- Up-to-date: /home/absolutezeno/Auto-BT-Generation/install/custom_message/include/custom_message/custom_message/msg/detail
[1.020s] -- Up-to-date: /home/absolutezeno/Auto-BT-Generation/install/custom_message/include/custom_message/custom_message/msg/detail/sample_msg__struct.hpp
[1.020s] -- Up-to-date: /home/absolutezeno/Auto-BT-Generation/install/custom_message/include/custom_message/custom_message/msg/detail/sample_msg__traits.hpp
[1.020s] -- Up-to-date: /home/absolutezeno/Auto-BT-Generation/install/custom_message/include/custom_message/custom_message/msg/detail/sample_msg__builder.hpp
[1.020s] -- Up-to-date: /home/absolutezeno/Auto-BT-Generation/install/custom_message/include/custom_message/custom_message
[1.020s] -- Up-to-date: /home/absolutezeno/Auto-BT-Generation/install/custom_message/include/custom_message/custom_message/msg
[1.020s] -- Up-to-date: /home/absolutezeno/Auto-BT-Generation/install/custom_message/include/custom_message/custom_message/msg/rosidl_typesupport_fastrtps_cpp__visibility_control.h
[1.020s] -- Up-to-date: /home/absolutezeno/Auto-BT-Generation/install/custom_message/include/custom_message/custom_message/msg/detail
[1.020s] -- Up-to-date: /home/absolutezeno/Auto-BT-Generation/install/custom_message/include/custom_message/custom_message/msg/detail/sample_msg__rosidl_typesupport_fastrtps_cpp.hpp
[1.020s] -- Up-to-date: /home/absolutezeno/Auto-BT-Generation/install/custom_message/include/custom_message/custom_message/msg/detail/dds_fastrtps
[1.020s] -- Up-to-date: /home/absolutezeno/Auto-BT-Generation/install/custom_message/lib/libcustom_message__rosidl_typesupport_fastrtps_cpp.so
[1.020s] -- Up-to-date: /home/absolutezeno/Auto-BT-Generation/install/custom_message/include/custom_message/custom_message
[1.020s] -- Up-to-date: /home/absolutezeno/Auto-BT-Generation/install/custom_message/include/custom_message/custom_message/msg
[1.020s] -- Up-to-date: /home/absolutezeno/Auto-BT-Generation/install/custom_message/include/custom_message/custom_message/msg/rosidl_typesupport_introspection_c__visibility_control.h
[1.020s] -- Up-to-date: /home/absolutezeno/Auto-BT-Generation/install/custom_message/include/custom_message/custom_message/msg/detail
[1.020s] -- Up-to-date: /home/absolutezeno/Auto-BT-Generation/install/custom_message/include/custom_message/custom_message/msg/detail/sample_msg__type_support.c
[1.020s] -- Up-to-date: /home/absolutezeno/Auto-BT-Generation/install/custom_message/include/custom_message/custom_message/msg/detail/sample_msg__rosidl_typesupport_introspection_c.h
[1.020s] -- Up-to-date: /home/absolutezeno/Auto-BT-Generation/install/custom_message/lib/libcustom_message__rosidl_typesupport_introspection_c.so
[1.020s] -- Up-to-date: /home/absolutezeno/Auto-BT-Generation/install/custom_message/lib/libcustom_message__rosidl_typesupport_c.so
[1.020s] -- Up-to-date: /home/absolutezeno/Auto-BT-Generation/install/custom_message/include/custom_message/custom_message
[1.020s] -- Up-to-date: /home/absolutezeno/Auto-BT-Generation/install/custom_message/include/custom_message/custom_message/msg
[1.020s] -- Up-to-date: /home/absolutezeno/Auto-BT-Generation/install/custom_message/include/custom_message/custom_message/msg/detail
[1.020s] -- Up-to-date: /home/absolutezeno/Auto-BT-Generation/install/custom_message/include/custom_message/custom_message/msg/detail/sample_msg__rosidl_typesupport_introspection_cpp.hpp
[1.020s] -- Up-to-date: /home/absolutezeno/Auto-BT-Generation/install/custom_message/include/custom_message/custom_message/msg/detail/sample_msg__type_support.cpp
[1.020s] -- Up-to-date: /home/absolutezeno/Auto-BT-Generation/install/custom_message/lib/libcustom_message__rosidl_typesupport_introspection_cpp.so
[1.020s] -- Up-to-date: /home/absolutezeno/Auto-BT-Generation/install/custom_message/lib/libcustom_message__rosidl_typesupport_cpp.so
[1.020s] -- Up-to-date: /home/absolutezeno/Auto-BT-Generation/install/custom_message/share/custom_message/environment/pythonpath.sh
[1.020s] -- Up-to-date: /home/absolutezeno/Auto-BT-Generation/install/custom_message/share/custom_message/environment/pythonpath.dsv
[1.020s] -- Up-to-date: /home/absolutezeno/Auto-BT-Generation/install/custom_message/lib/python3.10/site-packages/custom_message-0.0.0-py3.10.egg-info
[1.021s] -- Installing: /home/absolutezeno/Auto-BT-Generation/install/custom_message/lib/python3.10/site-packages/custom_message-0.0.0-py3.10.egg-info/PKG-INFO
[1.021s] -- Installing: /home/absolutezeno/Auto-BT-Generation/install/custom_message/lib/python3.10/site-packages/custom_message-0.0.0-py3.10.egg-info/top_level.txt
[1.021s] -- Installing: /home/absolutezeno/Auto-BT-Generation/install/custom_message/lib/python3.10/site-packages/custom_message-0.0.0-py3.10.egg-info/dependency_links.txt
[1.021s] -- Installing: /home/absolutezeno/Auto-BT-Generation/install/custom_message/lib/python3.10/site-packages/custom_message-0.0.0-py3.10.egg-info/SOURCES.txt
[1.021s] -- Up-to-date: /home/absolutezeno/Auto-BT-Generation/install/custom_message/lib/python3.10/site-packages/custom_message
[1.021s] -- Up-to-date: /home/absolutezeno/Auto-BT-Generation/install/custom_message/lib/python3.10/site-packages/custom_message/libcustom_message__rosidl_generator_py.so
[1.021s] -- Up-to-date: /home/absolutezeno/Auto-BT-Generation/install/custom_message/lib/python3.10/site-packages/custom_message/_custom_message_s.ep.rosidl_typesupport_c.c
[1.021s] -- Up-to-date: /home/absolutezeno/Auto-BT-Generation/install/custom_message/lib/python3.10/site-packages/custom_message/custom_message_s__rosidl_typesupport_introspection_c.cpython-310-x86_64-linux-gnu.so
[1.021s] -- Up-to-date: /home/absolutezeno/Auto-BT-Generation/install/custom_message/lib/python3.10/site-packages/custom_message/custom_message_s__rosidl_typesupport_fastrtps_c.cpython-310-x86_64-linux-gnu.so
[1.021s] -- Up-to-date: /home/absolutezeno/Auto-BT-Generation/install/custom_message/lib/python3.10/site-packages/custom_message/__init__.py
[1.021s] -- Up-to-date: /home/absolutezeno/Auto-BT-Generation/install/custom_message/lib/python3.10/site-packages/custom_message/msg
[1.021s] -- Up-to-date: /home/absolutezeno/Auto-BT-Generation/install/custom_message/lib/python3.10/site-packages/custom_message/msg/_sample_msg_s.c
[1.021s] -- Up-to-date: /home/absolutezeno/Auto-BT-Generation/install/custom_message/lib/python3.10/site-packages/custom_message/msg/_sample_msg.py
[1.021s] -- Up-to-date: /home/absolutezeno/Auto-BT-Generation/install/custom_message/lib/python3.10/site-packages/custom_message/msg/__init__.py
[1.021s] -- Up-to-date: /home/absolutezeno/Auto-BT-Generation/install/custom_message/lib/python3.10/site-packages/custom_message/_custom_message_s.ep.rosidl_typesupport_introspection_c.c
[1.021s] -- Up-to-date: /home/absolutezeno/Auto-BT-Generation/install/custom_message/lib/python3.10/site-packages/custom_message/custom_message_s__rosidl_typesupport_c.cpython-310-x86_64-linux-gnu.so
[1.021s] -- Up-to-date: /home/absolutezeno/Auto-BT-Generation/install/custom_message/lib/python3.10/site-packages/custom_message/_custom_message_s.ep.rosidl_typesupport_fastrtps_c.c
[1.052s] Listing '/home/absolutezeno/Auto-BT-Generation/install/custom_message/lib/python3.10/site-packages/custom_message'...
[1.052s] Listing '/home/absolutezeno/Auto-BT-Generation/install/custom_message/lib/python3.10/site-packages/custom_message/msg'...
[1.055s] -- Up-to-date: /home/absolutezeno/Auto-BT-Generation/install/custom_message/lib/python3.10/site-packages/custom_message/custom_message_s__rosidl_typesupport_fastrtps_c.cpython-310-x86_64-linux-gnu.so
[1.055s] -- Up-to-date: /home/absolutezeno/Auto-BT-Generation/install/custom_message/lib/python3.10/site-packages/custom_message/custom_message_s__rosidl_typesupport_introspection_c.cpython-310-x86_64-linux-gnu.so
[1.055s] -- Up-to-date: /home/absolutezeno/Auto-BT-Generation/install/custom_message/lib/python3.10/site-packages/custom_message/custom_message_s__rosidl_typesupport_c.cpython-310-x86_64-linux-gnu.so
[1.055s] -- Up-to-date: /home/absolutezeno/Auto-BT-Generation/install/custom_message/lib/libcustom_message__rosidl_generator_py.so
[1.055s] -- Up-to-date: /home/absolutezeno/Auto-BT-Generation/install/custom_message/share/custom_message/msg/SampleMsg.idl
[1.055s] -- Up-to-date: /home/absolutezeno/Auto-BT-Generation/install/custom_message/share/custom_message/msg/SampleMsg.msg
[1.055s] -- Up-to-date: /home/absolutezeno/Auto-BT-Generation/install/custom_message/share/ament_index/resource_index/package_run_dependencies/custom_message
[1.055s] -- Up-to-date: /home/absolutezeno/Auto-BT-Generation/install/custom_message/share/ament_index/resource_index/parent_prefix_path/custom_message
[1.055s] -- Up-to-date: /home/absolutezeno/Auto-BT-Generation/install/custom_message/share/custom_message/environment/ament_prefix_path.sh
[1.055s] -- Up-to-date: /home/absolutezeno/Auto-BT-Generation/install/custom_message/share/custom_message/environment/ament_prefix_path.dsv
[1.056s] -- Up-to-date: /home/absolutezeno/Auto-BT-Generation/install/custom_message/share/custom_message/environment/path.sh
[1.056s] -- Up-to-date: /home/absolutezeno/Auto-BT-Generation/install/custom_message/share/custom_message/environment/path.dsv
[1.056s] -- Up-to-date: /home/absolutezeno/Auto-BT-Generation/install/custom_message/share/custom_message/local_setup.bash
[1.056s] -- Up-to-date: /home/absolutezeno/Auto-BT-Generation/install/custom_message/share/custom_message/local_setup.sh
[1.056s] -- Up-to-date: /home/absolutezeno/Auto-BT-Generation/install/custom_message/share/custom_message/local_setup.zsh
[1.056s] -- Up-to-date: /home/absolutezeno/Auto-BT-Generation/install/custom_message/share/custom_message/local_setup.dsv
[1.056s] -- Installing: /home/absolutezeno/Auto-BT-Generation/install/custom_message/share/custom_message/package.dsv
[1.056s] -- Up-to-date: /home/absolutezeno/Auto-BT-Generation/install/custom_message/share/ament_index/resource_index/packages/custom_message
[1.056s] -- Up-to-date: /home/absolutezeno/Auto-BT-Generation/install/custom_message/share/custom_message/cmake/export_custom_message__rosidl_generator_cExport.cmake
[1.056s] -- Up-to-date: /home/absolutezeno/Auto-BT-Generation/install/custom_message/share/custom_message/cmake/export_custom_message__rosidl_generator_cExport-noconfig.cmake
[1.056s] -- Up-to-date: /home/absolutezeno/Auto-BT-Generation/install/custom_message/share/custom_message/cmake/export_custom_message__rosidl_typesupport_fastrtps_cExport.cmake
[1.056s] -- Up-to-date: /home/absolutezeno/Auto-BT-Generation/install/custom_message/share/custom_message/cmake/export_custom_message__rosidl_typesupport_fastrtps_cExport-noconfig.cmake
[1.056s] -- Up-to-date: /home/absolutezeno/Auto-BT-Generation/install/custom_message/share/custom_message/cmake/export_custom_message__rosidl_generator_cppExport.cmake
[1.056s] -- Up-to-date: /home/absolutezeno/Auto-BT-Generation/install/custom_message/share/custom_message/cmake/export_custom_message__rosidl_typesupport_fastrtps_cppExport.cmake
[1.056s] -- Up-to-date: /home/absolutezeno/Auto-BT-Generation/install/custom_message/share/custom_message/cmake/export_custom_message__rosidl_typesupport_fastrtps_cppExport-noconfig.cmake
[1.056s] -- Up-to-date: /home/absolutezeno/Auto-BT-Generation/install/custom_message/share/custom_message/cmake/custom_message__rosidl_typesupport_introspection_cExport.cmake
[1.056s] -- Up-to-date: /home/absolutezeno/Auto-BT-Generation/install/custom_message/share/custom_message/cmake/custom_message__rosidl_typesupport_introspection_cExport-noconfig.cmake
[1.056s] -- Up-to-date: /home/absolutezeno/Auto-BT-Generation/install/custom_message/share/custom_message/cmake/custom_message__rosidl_typesupport_cExport.cmake
[1.057s] -- Up-to-date: /home/absolutezeno/Auto-BT-Generation/install/custom_message/share/custom_message/cmake/custom_message__rosidl_typesupport_cExport-noconfig.cmake
[1.057s] -- Up-to-date: /home/absolutezeno/Auto-BT-Generation/install/custom_message/share/custom_message/cmake/custom_message__rosidl_typesupport_introspection_cppExport.cmake
[1.057s] -- Up-to-date: /home/absolutezeno/Auto-BT-Generation/install/custom_message/share/custom_message/cmake/custom_message__rosidl_typesupport_introspection_cppExport-noconfig.cmake
[1.057s] -- Up-to-date: /home/absolutezeno/Auto-BT-Generation/install/custom_message/share/custom_message/cmake/custom_message__rosidl_typesupport_cppExport.cmake
[1.057s] -- Up-to-date: /home/absolutezeno/Auto-BT-Generation/install/custom_message/share/custom_message/cmake/custom_message__rosidl_typesupport_cppExport-noconfig.cmake
[1.057s] -- Up-to-date: /home/absolutezeno/Auto-BT-Generation/install/custom_message/share/custom_message/cmake/export_custom_message__rosidl_generator_pyExport.cmake
[1.057s] -- Up-to-date: /home/absolutezeno/Auto-BT-Generation/install/custom_message/share/custom_message/cmake/export_custom_message__rosidl_generator_pyExport-noconfig.cmake
[1.057s] -- Up-to-date: /home/absolutezeno/Auto-BT-Generation/install/custom_message/share/custom_message/cmake/rosidl_cmake-extras.cmake
[1.057s] -- Up-to-date: /home/absolutezeno/Auto-BT-Generation/install/custom_message/share/custom_message/cmake/ament_cmake_export_dependencies-extras.cmake
[1.057s] -- Up-to-date: /home/absolutezeno/Auto-BT-Generation/install/custom_message/share/custom_message/cmake/ament_cmake_export_include_directories-extras.cmake
[1.057s] -- Up-to-date: /home/absolutezeno/Auto-BT-Generation/install/custom_message/share/custom_message/cmake/ament_cmake_export_libraries-extras.cmake
[1.057s] -- Up-to-date: /home/absolutezeno/Auto-BT-Generation/install/custom_message/share/custom_message/cmake/ament_cmake_export_targets-extras.cmake
[1.057s] -- Up-to-date: /home/absolutezeno/Auto-BT-Generation/install/custom_message/share/custom_message/cmake/rosidl_cmake_export_typesupport_targets-extras.cmake
[1.057s] -- Up-to-date: /home/absolutezeno/Auto-BT-Generation/install/custom_message/share/custom_message/cmake/rosidl_cmake_export_typesupport_libraries-extras.cmake
[1.057s] -- Up-to-date: /home/absolutezeno/Auto-BT-Generation/install/custom_message/share/custom_message/cmake/custom_messageConfig.cmake
[1.057s] -- Up-to-date: /home/absolutezeno/Auto-BT-Generation/install/custom_message/share/custom_message/cmake/custom_messageConfig-version.cmake
[1.057s] -- Up-to-date: /home/absolutezeno/Auto-BT-Generation/install/custom_message/share/custom_message/package.xml
[1.064s] Invoked command in '/home/absolutezeno/Auto-BT-Generation/build/custom_message' returned '0': CMAKE_PREFIX_PATH=${CMAKE_PREFIX_PATH}:/home/absolutezeno/Auto-BT-Generation/install/py_trees_ros_viewer:/home/absolutezeno/Auto-BT-Generation/install/py_trees_ros_tutorials:/home/absolutezeno/Auto-BT-Generation/install/py_trees_ros:/home/absolutezeno/FRA501/install/rqt_joint_trajectory_controller:/home/absolutezeno/FRA501/install/rqt_controller_manager:/home/absolutezeno/FRA501/install/ros2controlcli:/home/absolutezeno/FRA501/install/ros2_controllers_test_nodes:/opt/ros/humble PS1=(isaaclab) \[\e]0;\u@\h: \w\a\]${debian_chroot:+($debian_chroot)}\[\033[01;32m\]\u@\h\[\033[00m\]:\[\033[01;34m\]\w\[\033[00m\]\$ VIRTUAL_ENV_PROMPT=(isaaclab) /usr/bin/cmake --install /home/absolutezeno/Auto-BT-Generation/build/custom_message
