[0.616s] Invoking command in '/home/absolutezeno/Auto-BT-Generation/build/autogen_bt_interface': CMAKE_PREFIX_PATH=${CMAKE_PREFIX_PATH}:/home/absolutezeno/Auto-BT-Generation/install/turtlebot3_teleop:/home/absolutezeno/Auto-BT-Generation/install/turtlebot3_example:/home/absolutezeno/Auto-BT-Generation/install/py_trees_ros_viewer:/home/absolutezeno/Auto-BT-Generation/install/py_trees_ros_tutorials:/home/absolutezeno/Auto-BT-Generation/install/py_trees_ros:/opt/ros/humble /usr/bin/cmake --build /home/absolutezeno/Auto-BT-Generation/build/autogen_bt_interface -- -j20 -l20
[0.657s] [  2%] Built target autogen_bt_interface__cpp
[0.660s] [ 12%] Built target autogen_bt_interface__rosidl_generator_c
[0.666s] [ 12%] Built target ament_cmake_python_copy_autogen_bt_interface
[0.682s] [ 23%] Built target autogen_bt_interface__rosidl_typesupport_cpp
[0.683s] [ 43%] Built target autogen_bt_interface__rosidl_typesupport_introspection_c
[0.684s] [ 43%] Built target autogen_bt_interface__rosidl_typesupport_c
[0.684s] [ 53%] Built target autogen_bt_interface__rosidl_typesupport_introspection_cpp
[0.686s] [ 64%] Built target autogen_bt_interface__rosidl_typesupport_fastrtps_cpp
[0.688s] [ 74%] Built target autogen_bt_interface__rosidl_typesupport_fastrtps_c
[0.704s] [ 74%] Built target autogen_bt_interface
[0.722s] [ 76%] Built target autogen_bt_interface__py
[0.747s] [ 84%] Built target autogen_bt_interface__rosidl_generator_py
[0.766s] [ 89%] Built target autogen_bt_interface__rosidl_typesupport_introspection_c__pyext
[0.768s] [ 94%] Built target autogen_bt_interface__rosidl_typesupport_c__pyext
[0.772s] [100%] Built target autogen_bt_interface__rosidl_typesupport_fastrtps_c__pyext
[0.850s] running egg_info
[0.850s] writing autogen_bt_interface.egg-info/PKG-INFO
[0.850s] writing dependency_links to autogen_bt_interface.egg-info/dependency_links.txt
[0.851s] writing top-level names to autogen_bt_interface.egg-info/top_level.txt
[0.852s] reading manifest file 'autogen_bt_interface.egg-info/SOURCES.txt'
[0.852s] writing manifest file 'autogen_bt_interface.egg-info/SOURCES.txt'
[0.873s] [100%] Built target ament_cmake_python_build_autogen_bt_interface_egg
[0.895s] Invoked command in '/home/absolutezeno/Auto-BT-Generation/build/autogen_bt_interface' returned '0': CMAKE_PREFIX_PATH=${CMAKE_PREFIX_PATH}:/home/absolutezeno/Auto-BT-Generation/install/turtlebot3_teleop:/home/absolutezeno/Auto-BT-Generation/install/turtlebot3_example:/home/absolutezeno/Auto-BT-Generation/install/py_trees_ros_viewer:/home/absolutezeno/Auto-BT-Generation/install/py_trees_ros_tutorials:/home/absolutezeno/Auto-BT-Generation/install/py_trees_ros:/opt/ros/humble /usr/bin/cmake --build /home/absolutezeno/Auto-BT-Generation/build/autogen_bt_interface -- -j20 -l20
[0.987s] Invoking command in '/home/absolutezeno/Auto-BT-Generation/build/autogen_bt_interface': CMAKE_PREFIX_PATH=${CMAKE_PREFIX_PATH}:/home/absolutezeno/Auto-BT-Generation/install/turtlebot3_teleop:/home/absolutezeno/Auto-BT-Generation/install/turtlebot3_example:/home/absolutezeno/Auto-BT-Generation/install/py_trees_ros_viewer:/home/absolutezeno/Auto-BT-Generation/install/py_trees_ros_tutorials:/home/absolutezeno/Auto-BT-Generation/install/py_trees_ros:/opt/ros/humble /usr/bin/cmake --install /home/absolutezeno/Auto-BT-Generation/build/autogen_bt_interface
[0.999s] -- Install configuration: ""
[0.999s] -- Up-to-date: /home/absolutezeno/Auto-BT-Generation/install/autogen_bt_interface/share/ament_index/resource_index/rosidl_interfaces/autogen_bt_interface
[0.999s] -- Up-to-date: /home/absolutezeno/Auto-BT-Generation/install/autogen_bt_interface/include/autogen_bt_interface/autogen_bt_interface
[0.999s] -- Up-to-date: /home/absolutezeno/Auto-BT-Generation/install/autogen_bt_interface/include/autogen_bt_interface/autogen_bt_interface/msg
[0.999s] -- Up-to-date: /home/absolutezeno/Auto-BT-Generation/install/autogen_bt_interface/include/autogen_bt_interface/autogen_bt_interface/msg/rosidl_generator_c__visibility_control.h
[0.999s] -- Up-to-date: /home/absolutezeno/Auto-BT-Generation/install/autogen_bt_interface/include/autogen_bt_interface/autogen_bt_interface/srv
[0.999s] -- Up-to-date: /home/absolutezeno/Auto-BT-Generation/install/autogen_bt_interface/include/autogen_bt_interface/autogen_bt_interface/srv/picking_request.h
[0.999s] -- Up-to-date: /home/absolutezeno/Auto-BT-Generation/install/autogen_bt_interface/include/autogen_bt_interface/autogen_bt_interface/srv/charging_request.h
[1.000s] -- Up-to-date: /home/absolutezeno/Auto-BT-Generation/install/autogen_bt_interface/include/autogen_bt_interface/autogen_bt_interface/srv/detail
[1.000s] -- Up-to-date: /home/absolutezeno/Auto-BT-Generation/install/autogen_bt_interface/include/autogen_bt_interface/autogen_bt_interface/srv/detail/charging_request__type_support.h
[1.000s] -- Up-to-date: /home/absolutezeno/Auto-BT-Generation/install/autogen_bt_interface/include/autogen_bt_interface/autogen_bt_interface/srv/detail/picking_request__type_support.h
[1.000s] -- Up-to-date: /home/absolutezeno/Auto-BT-Generation/install/autogen_bt_interface/include/autogen_bt_interface/autogen_bt_interface/srv/detail/picking_request__functions.h
[1.000s] -- Up-to-date: /home/absolutezeno/Auto-BT-Generation/install/autogen_bt_interface/include/autogen_bt_interface/autogen_bt_interface/srv/detail/charging_request__functions.h
[1.000s] -- Up-to-date: /home/absolutezeno/Auto-BT-Generation/install/autogen_bt_interface/include/autogen_bt_interface/autogen_bt_interface/srv/detail/picking_request__functions.c
[1.000s] -- Up-to-date: /home/absolutezeno/Auto-BT-Generation/install/autogen_bt_interface/include/autogen_bt_interface/autogen_bt_interface/srv/detail/picking_request__struct.h
[1.000s] -- Up-to-date: /home/absolutezeno/Auto-BT-Generation/install/autogen_bt_interface/include/autogen_bt_interface/autogen_bt_interface/srv/detail/charging_request__struct.h
[1.000s] -- Up-to-date: /home/absolutezeno/Auto-BT-Generation/install/autogen_bt_interface/include/autogen_bt_interface/autogen_bt_interface/srv/detail/charging_request__functions.c
[1.000s] -- Up-to-date: /home/absolutezeno/Auto-BT-Generation/install/autogen_bt_interface/share/autogen_bt_interface/environment/library_path.sh
[1.000s] -- Up-to-date: /home/absolutezeno/Auto-BT-Generation/install/autogen_bt_interface/share/autogen_bt_interface/environment/library_path.dsv
[1.000s] -- Up-to-date: /home/absolutezeno/Auto-BT-Generation/install/autogen_bt_interface/lib/libautogen_bt_interface__rosidl_generator_c.so
[1.000s] -- Up-to-date: /home/absolutezeno/Auto-BT-Generation/install/autogen_bt_interface/include/autogen_bt_interface/autogen_bt_interface
[1.001s] -- Up-to-date: /home/absolutezeno/Auto-BT-Generation/install/autogen_bt_interface/include/autogen_bt_interface/autogen_bt_interface/msg
[1.001s] -- Up-to-date: /home/absolutezeno/Auto-BT-Generation/install/autogen_bt_interface/include/autogen_bt_interface/autogen_bt_interface/msg/rosidl_typesupport_fastrtps_c__visibility_control.h
[1.001s] -- Up-to-date: /home/absolutezeno/Auto-BT-Generation/install/autogen_bt_interface/include/autogen_bt_interface/autogen_bt_interface/srv
[1.001s] -- Up-to-date: /home/absolutezeno/Auto-BT-Generation/install/autogen_bt_interface/include/autogen_bt_interface/autogen_bt_interface/srv/detail
[1.001s] -- Up-to-date: /home/absolutezeno/Auto-BT-Generation/install/autogen_bt_interface/include/autogen_bt_interface/autogen_bt_interface/srv/detail/charging_request__rosidl_typesupport_fastrtps_c.h
[1.001s] -- Up-to-date: /home/absolutezeno/Auto-BT-Generation/install/autogen_bt_interface/include/autogen_bt_interface/autogen_bt_interface/srv/detail/picking_request__rosidl_typesupport_fastrtps_c.h
[1.001s] -- Up-to-date: /home/absolutezeno/Auto-BT-Generation/install/autogen_bt_interface/lib/libautogen_bt_interface__rosidl_typesupport_fastrtps_c.so
[1.001s] -- Up-to-date: /home/absolutezeno/Auto-BT-Generation/install/autogen_bt_interface/include/autogen_bt_interface/autogen_bt_interface
[1.001s] -- Up-to-date: /home/absolutezeno/Auto-BT-Generation/install/autogen_bt_interface/include/autogen_bt_interface/autogen_bt_interface/msg
[1.002s] -- Up-to-date: /home/absolutezeno/Auto-BT-Generation/install/autogen_bt_interface/include/autogen_bt_interface/autogen_bt_interface/msg/rosidl_generator_cpp__visibility_control.hpp
[1.002s] -- Up-to-date: /home/absolutezeno/Auto-BT-Generation/install/autogen_bt_interface/include/autogen_bt_interface/autogen_bt_interface/srv
[1.002s] -- Up-to-date: /home/absolutezeno/Auto-BT-Generation/install/autogen_bt_interface/include/autogen_bt_interface/autogen_bt_interface/srv/charging_request.hpp
[1.002s] -- Up-to-date: /home/absolutezeno/Auto-BT-Generation/install/autogen_bt_interface/include/autogen_bt_interface/autogen_bt_interface/srv/picking_request.hpp
[1.002s] -- Up-to-date: /home/absolutezeno/Auto-BT-Generation/install/autogen_bt_interface/include/autogen_bt_interface/autogen_bt_interface/srv/detail
[1.002s] -- Up-to-date: /home/absolutezeno/Auto-BT-Generation/install/autogen_bt_interface/include/autogen_bt_interface/autogen_bt_interface/srv/detail/charging_request__builder.hpp
[1.002s] -- Up-to-date: /home/absolutezeno/Auto-BT-Generation/install/autogen_bt_interface/include/autogen_bt_interface/autogen_bt_interface/srv/detail/picking_request__struct.hpp
[1.002s] -- Up-to-date: /home/absolutezeno/Auto-BT-Generation/install/autogen_bt_interface/include/autogen_bt_interface/autogen_bt_interface/srv/detail/picking_request__traits.hpp
[1.002s] -- Up-to-date: /home/absolutezeno/Auto-BT-Generation/install/autogen_bt_interface/include/autogen_bt_interface/autogen_bt_interface/srv/detail/picking_request__builder.hpp
[1.002s] -- Up-to-date: /home/absolutezeno/Auto-BT-Generation/install/autogen_bt_interface/include/autogen_bt_interface/autogen_bt_interface/srv/detail/charging_request__type_support.hpp
[1.002s] -- Up-to-date: /home/absolutezeno/Auto-BT-Generation/install/autogen_bt_interface/include/autogen_bt_interface/autogen_bt_interface/srv/detail/picking_request__type_support.hpp
[1.002s] -- Up-to-date: /home/absolutezeno/Auto-BT-Generation/install/autogen_bt_interface/include/autogen_bt_interface/autogen_bt_interface/srv/detail/charging_request__traits.hpp
[1.002s] -- Up-to-date: /home/absolutezeno/Auto-BT-Generation/install/autogen_bt_interface/include/autogen_bt_interface/autogen_bt_interface/srv/detail/charging_request__struct.hpp
[1.002s] -- Up-to-date: /home/absolutezeno/Auto-BT-Generation/install/autogen_bt_interface/include/autogen_bt_interface/autogen_bt_interface
[1.003s] -- Up-to-date: /home/absolutezeno/Auto-BT-Generation/install/autogen_bt_interface/include/autogen_bt_interface/autogen_bt_interface/msg
[1.003s] -- Up-to-date: /home/absolutezeno/Auto-BT-Generation/install/autogen_bt_interface/include/autogen_bt_interface/autogen_bt_interface/msg/rosidl_typesupport_fastrtps_cpp__visibility_control.h
[1.003s] -- Up-to-date: /home/absolutezeno/Auto-BT-Generation/install/autogen_bt_interface/include/autogen_bt_interface/autogen_bt_interface/srv
[1.003s] -- Up-to-date: /home/absolutezeno/Auto-BT-Generation/install/autogen_bt_interface/include/autogen_bt_interface/autogen_bt_interface/srv/detail
[1.003s] -- Up-to-date: /home/absolutezeno/Auto-BT-Generation/install/autogen_bt_interface/include/autogen_bt_interface/autogen_bt_interface/srv/detail/picking_request__rosidl_typesupport_fastrtps_cpp.hpp
[1.003s] -- Up-to-date: /home/absolutezeno/Auto-BT-Generation/install/autogen_bt_interface/include/autogen_bt_interface/autogen_bt_interface/srv/detail/dds_fastrtps
[1.003s] -- Up-to-date: /home/absolutezeno/Auto-BT-Generation/install/autogen_bt_interface/include/autogen_bt_interface/autogen_bt_interface/srv/detail/charging_request__rosidl_typesupport_fastrtps_cpp.hpp
[1.003s] -- Up-to-date: /home/absolutezeno/Auto-BT-Generation/install/autogen_bt_interface/lib/libautogen_bt_interface__rosidl_typesupport_fastrtps_cpp.so
[1.003s] -- Up-to-date: /home/absolutezeno/Auto-BT-Generation/install/autogen_bt_interface/include/autogen_bt_interface/autogen_bt_interface
[1.003s] -- Up-to-date: /home/absolutezeno/Auto-BT-Generation/install/autogen_bt_interface/include/autogen_bt_interface/autogen_bt_interface/msg
[1.003s] -- Up-to-date: /home/absolutezeno/Auto-BT-Generation/install/autogen_bt_interface/include/autogen_bt_interface/autogen_bt_interface/msg/rosidl_typesupport_introspection_c__visibility_control.h
[1.003s] -- Up-to-date: /home/absolutezeno/Auto-BT-Generation/install/autogen_bt_interface/include/autogen_bt_interface/autogen_bt_interface/srv
[1.003s] -- Up-to-date: /home/absolutezeno/Auto-BT-Generation/install/autogen_bt_interface/include/autogen_bt_interface/autogen_bt_interface/srv/detail
[1.003s] -- Up-to-date: /home/absolutezeno/Auto-BT-Generation/install/autogen_bt_interface/include/autogen_bt_interface/autogen_bt_interface/srv/detail/charging_request__rosidl_typesupport_introspection_c.h
[1.003s] -- Up-to-date: /home/absolutezeno/Auto-BT-Generation/install/autogen_bt_interface/include/autogen_bt_interface/autogen_bt_interface/srv/detail/charging_request__type_support.c
[1.003s] -- Up-to-date: /home/absolutezeno/Auto-BT-Generation/install/autogen_bt_interface/include/autogen_bt_interface/autogen_bt_interface/srv/detail/picking_request__rosidl_typesupport_introspection_c.h
[1.003s] -- Up-to-date: /home/absolutezeno/Auto-BT-Generation/install/autogen_bt_interface/include/autogen_bt_interface/autogen_bt_interface/srv/detail/picking_request__type_support.c
[1.003s] -- Up-to-date: /home/absolutezeno/Auto-BT-Generation/install/autogen_bt_interface/lib/libautogen_bt_interface__rosidl_typesupport_introspection_c.so
[1.003s] -- Up-to-date: /home/absolutezeno/Auto-BT-Generation/install/autogen_bt_interface/lib/libautogen_bt_interface__rosidl_typesupport_c.so
[1.003s] -- Up-to-date: /home/absolutezeno/Auto-BT-Generation/install/autogen_bt_interface/include/autogen_bt_interface/autogen_bt_interface
[1.003s] -- Up-to-date: /home/absolutezeno/Auto-BT-Generation/install/autogen_bt_interface/include/autogen_bt_interface/autogen_bt_interface/srv
[1.004s] -- Up-to-date: /home/absolutezeno/Auto-BT-Generation/install/autogen_bt_interface/include/autogen_bt_interface/autogen_bt_interface/srv/detail
[1.004s] -- Up-to-date: /home/absolutezeno/Auto-BT-Generation/install/autogen_bt_interface/include/autogen_bt_interface/autogen_bt_interface/srv/detail/charging_request__rosidl_typesupport_introspection_cpp.hpp
[1.004s] -- Up-to-date: /home/absolutezeno/Auto-BT-Generation/install/autogen_bt_interface/include/autogen_bt_interface/autogen_bt_interface/srv/detail/picking_request__rosidl_typesupport_introspection_cpp.hpp
[1.004s] -- Up-to-date: /home/absolutezeno/Auto-BT-Generation/install/autogen_bt_interface/include/autogen_bt_interface/autogen_bt_interface/srv/detail/charging_request__type_support.cpp
[1.004s] -- Up-to-date: /home/absolutezeno/Auto-BT-Generation/install/autogen_bt_interface/include/autogen_bt_interface/autogen_bt_interface/srv/detail/picking_request__type_support.cpp
[1.004s] -- Up-to-date: /home/absolutezeno/Auto-BT-Generation/install/autogen_bt_interface/lib/libautogen_bt_interface__rosidl_typesupport_introspection_cpp.so
[1.004s] -- Up-to-date: /home/absolutezeno/Auto-BT-Generation/install/autogen_bt_interface/lib/libautogen_bt_interface__rosidl_typesupport_cpp.so
[1.005s] -- Up-to-date: /home/absolutezeno/Auto-BT-Generation/install/autogen_bt_interface/share/autogen_bt_interface/environment/pythonpath.sh
[1.005s] -- Up-to-date: /home/absolutezeno/Auto-BT-Generation/install/autogen_bt_interface/share/autogen_bt_interface/environment/pythonpath.dsv
[1.005s] -- Up-to-date: /home/absolutezeno/Auto-BT-Generation/install/autogen_bt_interface/local/lib/python3.10/dist-packages/autogen_bt_interface-0.0.0-py3.10.egg-info
[1.006s] -- Installing: /home/absolutezeno/Auto-BT-Generation/install/autogen_bt_interface/local/lib/python3.10/dist-packages/autogen_bt_interface-0.0.0-py3.10.egg-info/PKG-INFO
[1.006s] -- Installing: /home/absolutezeno/Auto-BT-Generation/install/autogen_bt_interface/local/lib/python3.10/dist-packages/autogen_bt_interface-0.0.0-py3.10.egg-info/top_level.txt
[1.007s] -- Installing: /home/absolutezeno/Auto-BT-Generation/install/autogen_bt_interface/local/lib/python3.10/dist-packages/autogen_bt_interface-0.0.0-py3.10.egg-info/dependency_links.txt
[1.007s] -- Installing: /home/absolutezeno/Auto-BT-Generation/install/autogen_bt_interface/local/lib/python3.10/dist-packages/autogen_bt_interface-0.0.0-py3.10.egg-info/SOURCES.txt
[1.007s] -- Up-to-date: /home/absolutezeno/Auto-BT-Generation/install/autogen_bt_interface/local/lib/python3.10/dist-packages/autogen_bt_interface
[1.007s] -- Up-to-date: /home/absolutezeno/Auto-BT-Generation/install/autogen_bt_interface/local/lib/python3.10/dist-packages/autogen_bt_interface/_autogen_bt_interface_s.ep.rosidl_typesupport_introspection_c.c
[1.008s] -- Up-to-date: /home/absolutezeno/Auto-BT-Generation/install/autogen_bt_interface/local/lib/python3.10/dist-packages/autogen_bt_interface/autogen_bt_interface_s__rosidl_typesupport_c.cpython-310-x86_64-linux-gnu.so
[1.008s] -- Up-to-date: /home/absolutezeno/Auto-BT-Generation/install/autogen_bt_interface/local/lib/python3.10/dist-packages/autogen_bt_interface/autogen_bt_interface_s__rosidl_typesupport_introspection_c.cpython-310-x86_64-linux-gnu.so
[1.008s] -- Up-to-date: /home/absolutezeno/Auto-BT-Generation/install/autogen_bt_interface/local/lib/python3.10/dist-packages/autogen_bt_interface/_autogen_bt_interface_s.ep.rosidl_typesupport_fastrtps_c.c
[1.010s] -- Up-to-date: /home/absolutezeno/Auto-BT-Generation/install/autogen_bt_interface/local/lib/python3.10/dist-packages/autogen_bt_interface/_autogen_bt_interface_s.ep.rosidl_typesupport_c.c
[1.010s] -- Up-to-date: /home/absolutezeno/Auto-BT-Generation/install/autogen_bt_interface/local/lib/python3.10/dist-packages/autogen_bt_interface/__init__.py
[1.010s] -- Up-to-date: /home/absolutezeno/Auto-BT-Generation/install/autogen_bt_interface/local/lib/python3.10/dist-packages/autogen_bt_interface/autogen_bt_interface_s__rosidl_typesupport_fastrtps_c.cpython-310-x86_64-linux-gnu.so
[1.010s] -- Up-to-date: /home/absolutezeno/Auto-BT-Generation/install/autogen_bt_interface/local/lib/python3.10/dist-packages/autogen_bt_interface/libautogen_bt_interface__rosidl_generator_py.so
[1.011s] -- Up-to-date: /home/absolutezeno/Auto-BT-Generation/install/autogen_bt_interface/local/lib/python3.10/dist-packages/autogen_bt_interface/srv
[1.011s] -- Up-to-date: /home/absolutezeno/Auto-BT-Generation/install/autogen_bt_interface/local/lib/python3.10/dist-packages/autogen_bt_interface/srv/_charging_request_s.c
[1.011s] -- Up-to-date: /home/absolutezeno/Auto-BT-Generation/install/autogen_bt_interface/local/lib/python3.10/dist-packages/autogen_bt_interface/srv/_picking_request_s.c
[1.012s] -- Up-to-date: /home/absolutezeno/Auto-BT-Generation/install/autogen_bt_interface/local/lib/python3.10/dist-packages/autogen_bt_interface/srv/__init__.py
[1.012s] -- Up-to-date: /home/absolutezeno/Auto-BT-Generation/install/autogen_bt_interface/local/lib/python3.10/dist-packages/autogen_bt_interface/srv/_charging_request.py
[1.012s] -- Up-to-date: /home/absolutezeno/Auto-BT-Generation/install/autogen_bt_interface/local/lib/python3.10/dist-packages/autogen_bt_interface/srv/_picking_request.py
[1.035s] Listing '/home/absolutezeno/Auto-BT-Generation/install/autogen_bt_interface/local/lib/python3.10/dist-packages/autogen_bt_interface'...
[1.035s] Listing '/home/absolutezeno/Auto-BT-Generation/install/autogen_bt_interface/local/lib/python3.10/dist-packages/autogen_bt_interface/srv'...
[1.039s] -- Up-to-date: /home/absolutezeno/Auto-BT-Generation/install/autogen_bt_interface/local/lib/python3.10/dist-packages/autogen_bt_interface/autogen_bt_interface_s__rosidl_typesupport_fastrtps_c.cpython-310-x86_64-linux-gnu.so
[1.040s] -- Up-to-date: /home/absolutezeno/Auto-BT-Generation/install/autogen_bt_interface/local/lib/python3.10/dist-packages/autogen_bt_interface/autogen_bt_interface_s__rosidl_typesupport_introspection_c.cpython-310-x86_64-linux-gnu.so
[1.040s] -- Up-to-date: /home/absolutezeno/Auto-BT-Generation/install/autogen_bt_interface/local/lib/python3.10/dist-packages/autogen_bt_interface/autogen_bt_interface_s__rosidl_typesupport_c.cpython-310-x86_64-linux-gnu.so
[1.040s] -- Up-to-date: /home/absolutezeno/Auto-BT-Generation/install/autogen_bt_interface/lib/libautogen_bt_interface__rosidl_generator_py.so
[1.040s] -- Up-to-date: /home/absolutezeno/Auto-BT-Generation/install/autogen_bt_interface/share/autogen_bt_interface/srv/ChargingRequest.idl
[1.041s] -- Up-to-date: /home/absolutezeno/Auto-BT-Generation/install/autogen_bt_interface/share/autogen_bt_interface/srv/PickingRequest.idl
[1.041s] -- Up-to-date: /home/absolutezeno/Auto-BT-Generation/install/autogen_bt_interface/share/autogen_bt_interface/srv/ChargingRequest.srv
[1.041s] -- Up-to-date: /home/absolutezeno/Auto-BT-Generation/install/autogen_bt_interface/share/autogen_bt_interface/srv/ChargingRequest_Request.msg
[1.041s] -- Up-to-date: /home/absolutezeno/Auto-BT-Generation/install/autogen_bt_interface/share/autogen_bt_interface/srv/ChargingRequest_Response.msg
[1.041s] -- Up-to-date: /home/absolutezeno/Auto-BT-Generation/install/autogen_bt_interface/share/autogen_bt_interface/srv/PickingRequest.srv
[1.041s] -- Up-to-date: /home/absolutezeno/Auto-BT-Generation/install/autogen_bt_interface/share/autogen_bt_interface/srv/PickingRequest_Request.msg
[1.041s] -- Up-to-date: /home/absolutezeno/Auto-BT-Generation/install/autogen_bt_interface/share/autogen_bt_interface/srv/PickingRequest_Response.msg
[1.041s] -- Up-to-date: /home/absolutezeno/Auto-BT-Generation/install/autogen_bt_interface/share/ament_index/resource_index/package_run_dependencies/autogen_bt_interface
[1.041s] -- Up-to-date: /home/absolutezeno/Auto-BT-Generation/install/autogen_bt_interface/share/ament_index/resource_index/parent_prefix_path/autogen_bt_interface
[1.041s] -- Up-to-date: /home/absolutezeno/Auto-BT-Generation/install/autogen_bt_interface/share/autogen_bt_interface/environment/ament_prefix_path.sh
[1.042s] -- Up-to-date: /home/absolutezeno/Auto-BT-Generation/install/autogen_bt_interface/share/autogen_bt_interface/environment/ament_prefix_path.dsv
[1.042s] -- Up-to-date: /home/absolutezeno/Auto-BT-Generation/install/autogen_bt_interface/share/autogen_bt_interface/environment/path.sh
[1.042s] -- Up-to-date: /home/absolutezeno/Auto-BT-Generation/install/autogen_bt_interface/share/autogen_bt_interface/environment/path.dsv
[1.042s] -- Up-to-date: /home/absolutezeno/Auto-BT-Generation/install/autogen_bt_interface/share/autogen_bt_interface/local_setup.bash
[1.042s] -- Up-to-date: /home/absolutezeno/Auto-BT-Generation/install/autogen_bt_interface/share/autogen_bt_interface/local_setup.sh
[1.042s] -- Up-to-date: /home/absolutezeno/Auto-BT-Generation/install/autogen_bt_interface/share/autogen_bt_interface/local_setup.zsh
[1.042s] -- Up-to-date: /home/absolutezeno/Auto-BT-Generation/install/autogen_bt_interface/share/autogen_bt_interface/local_setup.dsv
[1.042s] -- Installing: /home/absolutezeno/Auto-BT-Generation/install/autogen_bt_interface/share/autogen_bt_interface/package.dsv
[1.042s] -- Up-to-date: /home/absolutezeno/Auto-BT-Generation/install/autogen_bt_interface/share/ament_index/resource_index/packages/autogen_bt_interface
[1.043s] -- Up-to-date: /home/absolutezeno/Auto-BT-Generation/install/autogen_bt_interface/share/autogen_bt_interface/cmake/export_autogen_bt_interface__rosidl_generator_cExport.cmake
[1.044s] -- Up-to-date: /home/absolutezeno/Auto-BT-Generation/install/autogen_bt_interface/share/autogen_bt_interface/cmake/export_autogen_bt_interface__rosidl_generator_cExport-noconfig.cmake
[1.044s] -- Up-to-date: /home/absolutezeno/Auto-BT-Generation/install/autogen_bt_interface/share/autogen_bt_interface/cmake/export_autogen_bt_interface__rosidl_typesupport_fastrtps_cExport.cmake
[1.044s] -- Up-to-date: /home/absolutezeno/Auto-BT-Generation/install/autogen_bt_interface/share/autogen_bt_interface/cmake/export_autogen_bt_interface__rosidl_typesupport_fastrtps_cExport-noconfig.cmake
[1.044s] -- Up-to-date: /home/absolutezeno/Auto-BT-Generation/install/autogen_bt_interface/share/autogen_bt_interface/cmake/export_autogen_bt_interface__rosidl_generator_cppExport.cmake
[1.044s] -- Up-to-date: /home/absolutezeno/Auto-BT-Generation/install/autogen_bt_interface/share/autogen_bt_interface/cmake/export_autogen_bt_interface__rosidl_typesupport_fastrtps_cppExport.cmake
[1.044s] -- Up-to-date: /home/absolutezeno/Auto-BT-Generation/install/autogen_bt_interface/share/autogen_bt_interface/cmake/export_autogen_bt_interface__rosidl_typesupport_fastrtps_cppExport-noconfig.cmake
[1.044s] -- Up-to-date: /home/absolutezeno/Auto-BT-Generation/install/autogen_bt_interface/share/autogen_bt_interface/cmake/autogen_bt_interface__rosidl_typesupport_introspection_cExport.cmake
[1.044s] -- Up-to-date: /home/absolutezeno/Auto-BT-Generation/install/autogen_bt_interface/share/autogen_bt_interface/cmake/autogen_bt_interface__rosidl_typesupport_introspection_cExport-noconfig.cmake
[1.046s] -- Up-to-date: /home/absolutezeno/Auto-BT-Generation/install/autogen_bt_interface/share/autogen_bt_interface/cmake/autogen_bt_interface__rosidl_typesupport_cExport.cmake
[1.046s] -- Up-to-date: /home/absolutezeno/Auto-BT-Generation/install/autogen_bt_interface/share/autogen_bt_interface/cmake/autogen_bt_interface__rosidl_typesupport_cExport-noconfig.cmake
[1.047s] -- Up-to-date: /home/absolutezeno/Auto-BT-Generation/install/autogen_bt_interface/share/autogen_bt_interface/cmake/autogen_bt_interface__rosidl_typesupport_introspection_cppExport.cmake
[1.047s] -- Up-to-date: /home/absolutezeno/Auto-BT-Generation/install/autogen_bt_interface/share/autogen_bt_interface/cmake/autogen_bt_interface__rosidl_typesupport_introspection_cppExport-noconfig.cmake
[1.047s] -- Up-to-date: /home/absolutezeno/Auto-BT-Generation/install/autogen_bt_interface/share/autogen_bt_interface/cmake/autogen_bt_interface__rosidl_typesupport_cppExport.cmake
[1.049s] -- Up-to-date: /home/absolutezeno/Auto-BT-Generation/install/autogen_bt_interface/share/autogen_bt_interface/cmake/autogen_bt_interface__rosidl_typesupport_cppExport-noconfig.cmake
[1.051s] -- Up-to-date: /home/absolutezeno/Auto-BT-Generation/install/autogen_bt_interface/share/autogen_bt_interface/cmake/export_autogen_bt_interface__rosidl_generator_pyExport.cmake
[1.051s] -- Up-to-date: /home/absolutezeno/Auto-BT-Generation/install/autogen_bt_interface/share/autogen_bt_interface/cmake/export_autogen_bt_interface__rosidl_generator_pyExport-noconfig.cmake
[1.051s] -- Up-to-date: /home/absolutezeno/Auto-BT-Generation/install/autogen_bt_interface/share/autogen_bt_interface/cmake/rosidl_cmake-extras.cmake
[1.051s] -- Up-to-date: /home/absolutezeno/Auto-BT-Generation/install/autogen_bt_interface/share/autogen_bt_interface/cmake/ament_cmake_export_dependencies-extras.cmake
[1.051s] -- Up-to-date: /home/absolutezeno/Auto-BT-Generation/install/autogen_bt_interface/share/autogen_bt_interface/cmake/ament_cmake_export_include_directories-extras.cmake
[1.051s] -- Up-to-date: /home/absolutezeno/Auto-BT-Generation/install/autogen_bt_interface/share/autogen_bt_interface/cmake/ament_cmake_export_libraries-extras.cmake
[1.051s] -- Up-to-date: /home/absolutezeno/Auto-BT-Generation/install/autogen_bt_interface/share/autogen_bt_interface/cmake/ament_cmake_export_targets-extras.cmake
[1.051s] -- Up-to-date: /home/absolutezeno/Auto-BT-Generation/install/autogen_bt_interface/share/autogen_bt_interface/cmake/rosidl_cmake_export_typesupport_targets-extras.cmake
[1.051s] -- Up-to-date: /home/absolutezeno/Auto-BT-Generation/install/autogen_bt_interface/share/autogen_bt_interface/cmake/rosidl_cmake_export_typesupport_libraries-extras.cmake
[1.051s] -- Up-to-date: /home/absolutezeno/Auto-BT-Generation/install/autogen_bt_interface/share/autogen_bt_interface/cmake/autogen_bt_interfaceConfig.cmake
[1.052s] -- Up-to-date: /home/absolutezeno/Auto-BT-Generation/install/autogen_bt_interface/share/autogen_bt_interface/cmake/autogen_bt_interfaceConfig-version.cmake
[1.052s] -- Up-to-date: /home/absolutezeno/Auto-BT-Generation/install/autogen_bt_interface/share/autogen_bt_interface/package.xml
[1.053s] Invoked command in '/home/absolutezeno/Auto-BT-Generation/build/autogen_bt_interface' returned '0': CMAKE_PREFIX_PATH=${CMAKE_PREFIX_PATH}:/home/absolutezeno/Auto-BT-Generation/install/turtlebot3_teleop:/home/absolutezeno/Auto-BT-Generation/install/turtlebot3_example:/home/absolutezeno/Auto-BT-Generation/install/py_trees_ros_viewer:/home/absolutezeno/Auto-BT-Generation/install/py_trees_ros_tutorials:/home/absolutezeno/Auto-BT-Generation/install/py_trees_ros:/opt/ros/humble /usr/bin/cmake --install /home/absolutezeno/Auto-BT-Generation/build/autogen_bt_interface
