[0.038s] Invoking command in '/home/absolutezeno/Auto-BT-Generation/build/turtlebot3_description': CMAKE_PREFIX_PATH=${CMAKE_PREFIX_PATH}:/home/absolutezeno/Auto-BT-Generation/install/turtlebot3_teleop:/home/absolutezeno/Auto-BT-Generation/install/turtlebot3_example:/home/absolutezeno/Auto-BT-Generation/install/py_trees_ros_viewer:/home/absolutezeno/Auto-BT-Generation/install/py_trees_ros_tutorials:/home/absolutezeno/Auto-BT-Generation/install/py_trees_ros:/opt/ros/humble /usr/bin/cmake --build /home/absolutezeno/Auto-BT-Generation/build/turtlebot3_description -- -j20 -l20
[0.915s] Invoked command in '/home/absolutezeno/Auto-BT-Generation/build/turtlebot3_description' returned '0': CMAKE_PREFIX_PATH=${CMAKE_PREFIX_PATH}:/home/absolutezeno/Auto-BT-Generation/install/turtlebot3_teleop:/home/absolutezeno/Auto-BT-Generation/install/turtlebot3_example:/home/absolutezeno/Auto-BT-Generation/install/py_trees_ros_viewer:/home/absolutezeno/Auto-BT-Generation/install/py_trees_ros_tutorials:/home/absolutezeno/Auto-BT-Generation/install/py_trees_ros:/opt/ros/humble /usr/bin/cmake --build /home/absolutezeno/Auto-BT-Generation/build/turtlebot3_description -- -j20 -l20
[0.939s] Invoking command in '/home/absolutezeno/Auto-BT-Generation/build/turtlebot3_description': CMAKE_PREFIX_PATH=${CMAKE_PREFIX_PATH}:/home/absolutezeno/Auto-BT-Generation/install/turtlebot3_teleop:/home/absolutezeno/Auto-BT-Generation/install/turtlebot3_example:/home/absolutezeno/Auto-BT-Generation/install/py_trees_ros_viewer:/home/absolutezeno/Auto-BT-Generation/install/py_trees_ros_tutorials:/home/absolutezeno/Auto-BT-Generation/install/py_trees_ros:/opt/ros/humble /usr/bin/cmake --install /home/absolutezeno/Auto-BT-Generation/build/turtlebot3_description
[0.945s] -- Install configuration: ""
[0.945s] -- Up-to-date: /home/absolutezeno/Auto-BT-Generation/install/turtlebot3_description/share/turtlebot3_description/meshes
[0.946s] -- Up-to-date: /home/absolutezeno/Auto-BT-Generation/install/turtlebot3_description/share/turtlebot3_description/meshes/sensors
[0.946s] -- Up-to-date: /home/absolutezeno/Auto-BT-Generation/install/turtlebot3_description/share/turtlebot3_description/meshes/sensors/r200.dae
[0.946s] -- Up-to-date: /home/absolutezeno/Auto-BT-Generation/install/turtlebot3_description/share/turtlebot3_description/meshes/sensors/astra.jpg
[0.947s] -- Up-to-date: /home/absolutezeno/Auto-BT-Generation/install/turtlebot3_description/share/turtlebot3_description/meshes/sensors/lds.stl
[0.947s] -- Up-to-date: /home/absolutezeno/Auto-BT-Generation/install/turtlebot3_description/share/turtlebot3_description/meshes/sensors/astra.dae
[0.947s] -- Up-to-date: /home/absolutezeno/Auto-BT-Generation/install/turtlebot3_description/share/turtlebot3_description/meshes/sensors/r200.jpg
[0.947s] -- Up-to-date: /home/absolutezeno/Auto-BT-Generation/install/turtlebot3_description/share/turtlebot3_description/meshes/wheels
[0.947s] -- Up-to-date: /home/absolutezeno/Auto-BT-Generation/install/turtlebot3_description/share/turtlebot3_description/meshes/wheels/left_tire.stl
[0.947s] -- Up-to-date: /home/absolutezeno/Auto-BT-Generation/install/turtlebot3_description/share/turtlebot3_description/meshes/wheels/right_tire.stl
[0.947s] -- Up-to-date: /home/absolutezeno/Auto-BT-Generation/install/turtlebot3_description/share/turtlebot3_description/meshes/bases
[0.947s] -- Up-to-date: /home/absolutezeno/Auto-BT-Generation/install/turtlebot3_description/share/turtlebot3_description/meshes/bases/waffle_base.stl
[0.947s] -- Up-to-date: /home/absolutezeno/Auto-BT-Generation/install/turtlebot3_description/share/turtlebot3_description/meshes/bases/waffle_pi_base.stl
[0.948s] -- Up-to-date: /home/absolutezeno/Auto-BT-Generation/install/turtlebot3_description/share/turtlebot3_description/meshes/bases/burger_base.stl
[0.948s] -- Up-to-date: /home/absolutezeno/Auto-BT-Generation/install/turtlebot3_description/share/turtlebot3_description/rviz
[0.948s] -- Up-to-date: /home/absolutezeno/Auto-BT-Generation/install/turtlebot3_description/share/turtlebot3_description/rviz/model.rviz
[0.948s] -- Up-to-date: /home/absolutezeno/Auto-BT-Generation/install/turtlebot3_description/share/turtlebot3_description/urdf
[0.949s] -- Up-to-date: /home/absolutezeno/Auto-BT-Generation/install/turtlebot3_description/share/turtlebot3_description/urdf/turtlebot3_waffle.urdf
[0.949s] -- Up-to-date: /home/absolutezeno/Auto-BT-Generation/install/turtlebot3_description/share/turtlebot3_description/urdf/turtlebot3_burger.urdf
[0.949s] -- Up-to-date: /home/absolutezeno/Auto-BT-Generation/install/turtlebot3_description/share/turtlebot3_description/urdf/turtlebot3_waffle_pi.urdf
[0.949s] -- Up-to-date: /home/absolutezeno/Auto-BT-Generation/install/turtlebot3_description/share/turtlebot3_description/urdf/turtlebot3_burger
[0.949s] -- Up-to-date: /home/absolutezeno/Auto-BT-Generation/install/turtlebot3_description/share/turtlebot3_description/urdf/turtlebot3_burger/turtlebot3_burger.usd
[0.949s] -- Up-to-date: /home/absolutezeno/Auto-BT-Generation/install/turtlebot3_description/share/turtlebot3_description/urdf/common_properties.urdf
[0.949s] -- Up-to-date: /home/absolutezeno/Auto-BT-Generation/install/turtlebot3_description/share/ament_index/resource_index/package_run_dependencies/turtlebot3_description
[0.949s] -- Up-to-date: /home/absolutezeno/Auto-BT-Generation/install/turtlebot3_description/share/ament_index/resource_index/parent_prefix_path/turtlebot3_description
[0.949s] -- Up-to-date: /home/absolutezeno/Auto-BT-Generation/install/turtlebot3_description/share/turtlebot3_description/environment/ament_prefix_path.sh
[0.950s] -- Up-to-date: /home/absolutezeno/Auto-BT-Generation/install/turtlebot3_description/share/turtlebot3_description/environment/ament_prefix_path.dsv
[0.950s] -- Up-to-date: /home/absolutezeno/Auto-BT-Generation/install/turtlebot3_description/share/turtlebot3_description/environment/path.sh
[0.950s] -- Up-to-date: /home/absolutezeno/Auto-BT-Generation/install/turtlebot3_description/share/turtlebot3_description/environment/path.dsv
[0.951s] -- Up-to-date: /home/absolutezeno/Auto-BT-Generation/install/turtlebot3_description/share/turtlebot3_description/local_setup.bash
[0.951s] -- Up-to-date: /home/absolutezeno/Auto-BT-Generation/install/turtlebot3_description/share/turtlebot3_description/local_setup.sh
[0.951s] -- Up-to-date: /home/absolutezeno/Auto-BT-Generation/install/turtlebot3_description/share/turtlebot3_description/local_setup.zsh
[0.951s] -- Up-to-date: /home/absolutezeno/Auto-BT-Generation/install/turtlebot3_description/share/turtlebot3_description/local_setup.dsv
[0.951s] -- Installing: /home/absolutezeno/Auto-BT-Generation/install/turtlebot3_description/share/turtlebot3_description/package.dsv
[0.951s] -- Up-to-date: /home/absolutezeno/Auto-BT-Generation/install/turtlebot3_description/share/ament_index/resource_index/packages/turtlebot3_description
[0.951s] -- Up-to-date: /home/absolutezeno/Auto-BT-Generation/install/turtlebot3_description/share/turtlebot3_description/cmake/turtlebot3_descriptionConfig.cmake
[0.951s] -- Up-to-date: /home/absolutezeno/Auto-BT-Generation/install/turtlebot3_description/share/turtlebot3_description/cmake/turtlebot3_descriptionConfig-version.cmake
[0.951s] -- Up-to-date: /home/absolutezeno/Auto-BT-Generation/install/turtlebot3_description/share/turtlebot3_description/package.xml
[0.951s] Invoked command in '/home/absolutezeno/Auto-BT-Generation/build/turtlebot3_description' returned '0': CMAKE_PREFIX_PATH=${CMAKE_PREFIX_PATH}:/home/absolutezeno/Auto-BT-Generation/install/turtlebot3_teleop:/home/absolutezeno/Auto-BT-Generation/install/turtlebot3_example:/home/absolutezeno/Auto-BT-Generation/install/py_trees_ros_viewer:/home/absolutezeno/Auto-BT-Generation/install/py_trees_ros_tutorials:/home/absolutezeno/Auto-BT-Generation/install/py_trees_ros:/opt/ros/humble /usr/bin/cmake --install /home/absolutezeno/Auto-BT-Generation/build/turtlebot3_description
