[0.024s] Invoking command in '/home/absolutezeno/Auto-BT-Generation/build/turtlebot3_node': CMAKE_PREFIX_PATH=/opt/ros/humble PS1=(isaaclab) \[\e]0;\u@\h: \w\a\]${debian_chroot:+($debian_chroot)}\[\033[01;32m\]\u@\h\[\033[00m\]:\[\033[01;34m\]\w\[\033[00m\]\$ VIRTUAL_ENV_PROMPT=(isaaclab) /usr/bin/cmake --build /home/absolutezeno/Auto-BT-Generation/build/turtlebot3_node -- -j20 -l20
[0.590s] [31mCMake Error at CMakeLists.txt:19 (find_package):
[0.590s]   By not providing "Finddynamixel_sdk.cmake" in CMAKE_MODULE_PATH this
[0.590s]   project has asked CMake to find a package configuration file provided by
[0.590s]   "dynamixel_sdk", but CMake did not find one.
[0.590s] 
[0.590s]   Could not find a package configuration file provided by "dynamixel_sdk"
[0.590s]   with any of the following names:
[0.590s] 
[0.590s]     dynamixel_sdkConfig.cmake
[0.590s]     dynamixel_sdk-config.cmake
[0.590s] 
[0.590s]   Add the installation prefix of "dynamixel_sdk" to CMAKE_PREFIX_PATH or set
[0.590s]   "dynamixel_sdk_DIR" to a directory containing one of the above files.  If
[0.590s]   "dynamixel_sdk" provides a separate development package or SDK, be sure it
[0.590s]   has been installed.
[0.590s] 
[0.590s] [0m
[0.591s] gmake: *** [Makefile:578: cmake_check_build_system] Error 1
[0.592s] -- Found ament_cmake: 1.3.11 (/opt/ros/humble/share/ament_cmake/cmake)
[0.592s] -- Found Python3: /home/absolutezeno/isaaclab/bin/python3 (found version "3.10.12") found components: Interpreter 
[0.592s] -- Configuring incomplete, errors occurred!
[0.592s] See also "/home/absolutezeno/Auto-BT-Generation/build/turtlebot3_node/CMakeFiles/CMakeOutput.log".
[0.754s] Invoked command in '/home/absolutezeno/Auto-BT-Generation/build/turtlebot3_node' returned '2': CMAKE_PREFIX_PATH=/opt/ros/humble PS1=(isaaclab) \[\e]0;\u@\h: \w\a\]${debian_chroot:+($debian_chroot)}\[\033[01;32m\]\u@\h\[\033[00m\]:\[\033[01;34m\]\w\[\033[00m\]\$ VIRTUAL_ENV_PROMPT=(isaaclab) /usr/bin/cmake --build /home/absolutezeno/Auto-BT-Generation/build/turtlebot3_node -- -j20 -l20
