[1.228s] Invoking command in '/home/absolutezeno/Auto-BT-Generation/src/py_trees_ros_viewer': PYTHONPATH=/home/absolutezeno/Auto-BT-Generation/build/py_trees_ros_viewer/prefix_override:/usr/lib/python3/dist-packages/colcon_core/task/python/colcon_distutils_commands:/home/absolutezeno/Auto-BT-Generation/install/py_trees_ros_viewer/lib/python3.10/site-packages:${PYTHONPATH} /usr/bin/python3 -W ignore:setup.py install is deprecated -W ignore:easy_install command is deprecated setup.py egg_info --egg-base ../../build/py_trees_ros_viewer build --build-base /home/absolutezeno/Auto-BT-Generation/build/py_trees_ros_viewer/build install --record /home/absolutezeno/Auto-BT-Generation/build/py_trees_ros_viewer/install.log --single-version-externally-managed install_data
[1.245s] /home/absolutezeno/Auto-BT-Generation/src/py_trees_ros_viewer/setup.py:5: DeprecationWarning: The distutils package is deprecated and slated for removal in Python 3.12. Use setuptools or check PEP 632 for potential alternatives
[1.245s]   from distutils import log
[1.418s] running egg_info
[1.418s] writing ../../build/py_trees_ros_viewer/py_trees_ros_viewer.egg-info/PKG-INFO
[1.418s] writing dependency_links to ../../build/py_trees_ros_viewer/py_trees_ros_viewer.egg-info/dependency_links.txt
[1.418s] writing entry points to ../../build/py_trees_ros_viewer/py_trees_ros_viewer.egg-info/entry_points.txt
[1.419s] writing top-level names to ../../build/py_trees_ros_viewer/py_trees_ros_viewer.egg-info/top_level.txt
[1.420s] reading manifest file '../../build/py_trees_ros_viewer/py_trees_ros_viewer.egg-info/SOURCES.txt'
[1.420s] adding license file 'LICENSE'
[1.421s] writing manifest file '../../build/py_trees_ros_viewer/py_trees_ros_viewer.egg-info/SOURCES.txt'
[1.421s] running build
[1.421s] running build_py
[1.422s] running install
[1.422s] running install_lib
[1.424s] running install_data
[1.424s] running install_egg_info
[1.424s] removing '/home/absolutezeno/Auto-BT-Generation/install/py_trees_ros_viewer/lib/python3.10/site-packages/py_trees_ros_viewer-0.2.3-py3.10.egg-info' (and everything under it)
[1.425s] Copying ../../build/py_trees_ros_viewer/py_trees_ros_viewer.egg-info to /home/absolutezeno/Auto-BT-Generation/install/py_trees_ros_viewer/lib/python3.10/site-packages/py_trees_ros_viewer-0.2.3-py3.10.egg-info
[1.425s] running install_scripts
[1.427s] Installing py-trees-tree-viewer script to /home/absolutezeno/Auto-BT-Generation/install/py_trees_ros_viewer/bin
[1.427s] writing list of installed files to '/home/absolutezeno/Auto-BT-Generation/build/py_trees_ros_viewer/install.log'
[1.449s] Invoked command in '/home/absolutezeno/Auto-BT-Generation/src/py_trees_ros_viewer' returned '0': PYTHONPATH=/home/absolutezeno/Auto-BT-Generation/build/py_trees_ros_viewer/prefix_override:/usr/lib/python3/dist-packages/colcon_core/task/python/colcon_distutils_commands:/home/absolutezeno/Auto-BT-Generation/install/py_trees_ros_viewer/lib/python3.10/site-packages:${PYTHONPATH} /usr/bin/python3 -W ignore:setup.py install is deprecated -W ignore:easy_install command is deprecated setup.py egg_info --egg-base ../../build/py_trees_ros_viewer build --build-base /home/absolutezeno/Auto-BT-Generation/build/py_trees_ros_viewer/build install --record /home/absolutezeno/Auto-BT-Generation/build/py_trees_ros_viewer/install.log --single-version-externally-managed install_data
