[0.289s] Invoking command in '/home/absolutezeno/Auto-BT-Generation/build/turtlebot3_navigation2': CMAKE_PREFIX_PATH=/opt/ros/humble PS1=(isaaclab) \[\e]0;\u@\h: \w\a\]${debian_chroot:+($debian_chroot)}\[\033[01;32m\]\u@\h\[\033[00m\]:\[\033[01;34m\]\w\[\033[00m\]\$ VIRTUAL_ENV_PROMPT=(isaaclab) /usr/bin/cmake --build /home/absolutezeno/Auto-BT-Generation/build/turtlebot3_navigation2 -- -j20 -l20
[0.954s] Invoked command in '/home/absolutezeno/Auto-BT-Generation/build/turtlebot3_navigation2' returned '0': CMAKE_PREFIX_PATH=/opt/ros/humble PS1=(isaaclab) \[\e]0;\u@\h: \w\a\]${debian_chroot:+($debian_chroot)}\[\033[01;32m\]\u@\h\[\033[00m\]:\[\033[01;34m\]\w\[\033[00m\]\$ VIRTUAL_ENV_PROMPT=(isaaclab) /usr/bin/cmake --build /home/absolutezeno/Auto-BT-Generation/build/turtlebot3_navigation2 -- -j20 -l20
[1.006s] Invoking command in '/home/absolutezeno/Auto-BT-Generation/build/turtlebot3_navigation2': CMAKE_PREFIX_PATH=/opt/ros/humble PS1=(isaaclab) \[\e]0;\u@\h: \w\a\]${debian_chroot:+($debian_chroot)}\[\033[01;32m\]\u@\h\[\033[00m\]:\[\033[01;34m\]\w\[\033[00m\]\$ VIRTUAL_ENV_PROMPT=(isaaclab) /usr/bin/cmake --install /home/absolutezeno/Auto-BT-Generation/build/turtlebot3_navigation2
[1.033s] -- Install configuration: ""
[1.033s] -- Up-to-date: /home/absolutezeno/Auto-BT-Generation/install/turtlebot3_navigation2/share/turtlebot3_navigation2/launch
[1.033s] -- Up-to-date: /home/absolutezeno/Auto-BT-Generation/install/turtlebot3_navigation2/share/turtlebot3_navigation2/launch/navigation2.launch.py
[1.033s] -- Up-to-date: /home/absolutezeno/Auto-BT-Generation/install/turtlebot3_navigation2/share/turtlebot3_navigation2/map
[1.033s] -- Up-to-date: /home/absolutezeno/Auto-BT-Generation/install/turtlebot3_navigation2/share/turtlebot3_navigation2/map/map.pgm
[1.033s] -- Up-to-date: /home/absolutezeno/Auto-BT-Generation/install/turtlebot3_navigation2/share/turtlebot3_navigation2/map/map.yaml
[1.033s] -- Up-to-date: /home/absolutezeno/Auto-BT-Generation/install/turtlebot3_navigation2/share/turtlebot3_navigation2/param
[1.033s] -- Up-to-date: /home/absolutezeno/Auto-BT-Generation/install/turtlebot3_navigation2/share/turtlebot3_navigation2/param/waffle.yaml
[1.034s] -- Up-to-date: /home/absolutezeno/Auto-BT-Generation/install/turtlebot3_navigation2/share/turtlebot3_navigation2/param/burger.yaml
[1.034s] -- Up-to-date: /home/absolutezeno/Auto-BT-Generation/install/turtlebot3_navigation2/share/turtlebot3_navigation2/param/waffle_pi.yaml
[1.034s] -- Up-to-date: /home/absolutezeno/Auto-BT-Generation/install/turtlebot3_navigation2/share/turtlebot3_navigation2/rviz
[1.034s] -- Up-to-date: /home/absolutezeno/Auto-BT-Generation/install/turtlebot3_navigation2/share/turtlebot3_navigation2/rviz/tb3_navigation2.rviz
[1.034s] -- Up-to-date: /home/absolutezeno/Auto-BT-Generation/install/turtlebot3_navigation2/share/ament_index/resource_index/package_run_dependencies/turtlebot3_navigation2
[1.034s] -- Up-to-date: /home/absolutezeno/Auto-BT-Generation/install/turtlebot3_navigation2/share/ament_index/resource_index/parent_prefix_path/turtlebot3_navigation2
[1.034s] -- Up-to-date: /home/absolutezeno/Auto-BT-Generation/install/turtlebot3_navigation2/share/turtlebot3_navigation2/environment/ament_prefix_path.sh
[1.034s] -- Up-to-date: /home/absolutezeno/Auto-BT-Generation/install/turtlebot3_navigation2/share/turtlebot3_navigation2/environment/ament_prefix_path.dsv
[1.034s] -- Up-to-date: /home/absolutezeno/Auto-BT-Generation/install/turtlebot3_navigation2/share/turtlebot3_navigation2/environment/path.sh
[1.034s] -- Up-to-date: /home/absolutezeno/Auto-BT-Generation/install/turtlebot3_navigation2/share/turtlebot3_navigation2/environment/path.dsv
[1.034s] -- Up-to-date: /home/absolutezeno/Auto-BT-Generation/install/turtlebot3_navigation2/share/turtlebot3_navigation2/local_setup.bash
[1.034s] -- Up-to-date: /home/absolutezeno/Auto-BT-Generation/install/turtlebot3_navigation2/share/turtlebot3_navigation2/local_setup.sh
[1.034s] -- Up-to-date: /home/absolutezeno/Auto-BT-Generation/install/turtlebot3_navigation2/share/turtlebot3_navigation2/local_setup.zsh
[1.034s] -- Up-to-date: /home/absolutezeno/Auto-BT-Generation/install/turtlebot3_navigation2/share/turtlebot3_navigation2/local_setup.dsv
[1.034s] -- Installing: /home/absolutezeno/Auto-BT-Generation/install/turtlebot3_navigation2/share/turtlebot3_navigation2/package.dsv
[1.034s] -- Up-to-date: /home/absolutezeno/Auto-BT-Generation/install/turtlebot3_navigation2/share/ament_index/resource_index/packages/turtlebot3_navigation2
[1.034s] -- Up-to-date: /home/absolutezeno/Auto-BT-Generation/install/turtlebot3_navigation2/share/turtlebot3_navigation2/cmake/turtlebot3_navigation2Config.cmake
[1.034s] -- Up-to-date: /home/absolutezeno/Auto-BT-Generation/install/turtlebot3_navigation2/share/turtlebot3_navigation2/cmake/turtlebot3_navigation2Config-version.cmake
[1.034s] -- Up-to-date: /home/absolutezeno/Auto-BT-Generation/install/turtlebot3_navigation2/share/turtlebot3_navigation2/package.xml
[1.070s] Invoked command in '/home/absolutezeno/Auto-BT-Generation/build/turtlebot3_navigation2' returned '0': CMAKE_PREFIX_PATH=/opt/ros/humble PS1=(isaaclab) \[\e]0;\u@\h: \w\a\]${debian_chroot:+($debian_chroot)}\[\033[01;32m\]\u@\h\[\033[00m\]:\[\033[01;34m\]\w\[\033[00m\]\$ VIRTUAL_ENV_PROMPT=(isaaclab) /usr/bin/cmake --install /home/absolutezeno/Auto-BT-Generation/build/turtlebot3_navigation2
