[1.996s] Invoking command in '/home/absolutezeno/Auto-BT-Generation/src/turtlebot3/turtlebot3_teleop': PYTHONPATH=/home/absolutezeno/Auto-BT-Generation/build/turtlebot3_teleop/prefix_override:/home/absolutezeno/Auto-BT-Generation/install/turtlebot3_teleop/lib/python3.10/site-packages:${PYTHONPATH} /usr/bin/python3 setup.py egg_info --egg-base ../../../build/turtlebot3_teleop build --build-base /home/absolutezeno/Auto-BT-Generation/build/turtlebot3_teleop/build install --record /home/absolutezeno/Auto-BT-Generation/build/turtlebot3_teleop/install.log --single-version-externally-managed
[2.262s] running egg_info
[2.263s] creating ../../../build/turtlebot3_teleop/turtlebot3_teleop.egg-info
[2.263s] writing ../../../build/turtlebot3_teleop/turtlebot3_teleop.egg-info/PKG-INFO
[2.263s] writing dependency_links to ../../../build/turtlebot3_teleop/turtlebot3_teleop.egg-info/dependency_links.txt
[2.263s] writing entry points to ../../../build/turtlebot3_teleop/turtlebot3_teleop.egg-info/entry_points.txt
[2.263s] writing requirements to ../../../build/turtlebot3_teleop/turtlebot3_teleop.egg-info/requires.txt
[2.263s] writing top-level names to ../../../build/turtlebot3_teleop/turtlebot3_teleop.egg-info/top_level.txt
[2.264s] writing manifest file '../../../build/turtlebot3_teleop/turtlebot3_teleop.egg-info/SOURCES.txt'
[2.266s] reading manifest file '../../../build/turtlebot3_teleop/turtlebot3_teleop.egg-info/SOURCES.txt'
[2.266s] writing manifest file '../../../build/turtlebot3_teleop/turtlebot3_teleop.egg-info/SOURCES.txt'
[2.266s] running build
[2.266s] running build_py
[2.267s] creating /home/absolutezeno/Auto-BT-Generation/build/turtlebot3_teleop/build
[2.267s] creating /home/absolutezeno/Auto-BT-Generation/build/turtlebot3_teleop/build/lib
[2.267s] creating /home/absolutezeno/Auto-BT-Generation/build/turtlebot3_teleop/build/lib/turtlebot3_teleop
[2.267s] copying turtlebot3_teleop/__init__.py -> /home/absolutezeno/Auto-BT-Generation/build/turtlebot3_teleop/build/lib/turtlebot3_teleop
[2.267s] creating /home/absolutezeno/Auto-BT-Generation/build/turtlebot3_teleop/build/lib/turtlebot3_teleop/script
[2.267s] copying turtlebot3_teleop/script/teleop_keyboard.py -> /home/absolutezeno/Auto-BT-Generation/build/turtlebot3_teleop/build/lib/turtlebot3_teleop/script
[2.267s] copying turtlebot3_teleop/script/__init__.py -> /home/absolutezeno/Auto-BT-Generation/build/turtlebot3_teleop/build/lib/turtlebot3_teleop/script
[2.267s] running install
[2.268s] /usr/lib/python3/dist-packages/setuptools/command/install.py:34: SetuptoolsDeprecationWarning: setup.py install is deprecated. Use build and pip and other standards-based tools.
[2.268s]   warnings.warn(
[2.268s] running install_lib
[2.269s] creating /home/absolutezeno/Auto-BT-Generation/install/turtlebot3_teleop/lib/python3.10/site-packages/turtlebot3_teleop
[2.269s] copying /home/absolutezeno/Auto-BT-Generation/build/turtlebot3_teleop/build/lib/turtlebot3_teleop/__init__.py -> /home/absolutezeno/Auto-BT-Generation/install/turtlebot3_teleop/lib/python3.10/site-packages/turtlebot3_teleop
[2.269s] creating /home/absolutezeno/Auto-BT-Generation/install/turtlebot3_teleop/lib/python3.10/site-packages/turtlebot3_teleop/script
[2.269s] copying /home/absolutezeno/Auto-BT-Generation/build/turtlebot3_teleop/build/lib/turtlebot3_teleop/script/teleop_keyboard.py -> /home/absolutezeno/Auto-BT-Generation/install/turtlebot3_teleop/lib/python3.10/site-packages/turtlebot3_teleop/script
[2.269s] copying /home/absolutezeno/Auto-BT-Generation/build/turtlebot3_teleop/build/lib/turtlebot3_teleop/script/__init__.py -> /home/absolutezeno/Auto-BT-Generation/install/turtlebot3_teleop/lib/python3.10/site-packages/turtlebot3_teleop/script
[2.270s] byte-compiling /home/absolutezeno/Auto-BT-Generation/install/turtlebot3_teleop/lib/python3.10/site-packages/turtlebot3_teleop/__init__.py to __init__.cpython-310.pyc
[2.270s] byte-compiling /home/absolutezeno/Auto-BT-Generation/install/turtlebot3_teleop/lib/python3.10/site-packages/turtlebot3_teleop/script/teleop_keyboard.py to teleop_keyboard.cpython-310.pyc
[2.271s] byte-compiling /home/absolutezeno/Auto-BT-Generation/install/turtlebot3_teleop/lib/python3.10/site-packages/turtlebot3_teleop/script/__init__.py to __init__.cpython-310.pyc
[2.272s] running install_data
[2.272s] creating /home/absolutezeno/Auto-BT-Generation/install/turtlebot3_teleop/share/ament_index
[2.273s] creating /home/absolutezeno/Auto-BT-Generation/install/turtlebot3_teleop/share/ament_index/resource_index
[2.274s] creating /home/absolutezeno/Auto-BT-Generation/install/turtlebot3_teleop/share/ament_index/resource_index/packages
[2.274s] copying resource/turtlebot3_teleop -> /home/absolutezeno/Auto-BT-Generation/install/turtlebot3_teleop/share/ament_index/resource_index/packages
[2.274s] copying package.xml -> /home/absolutezeno/Auto-BT-Generation/install/turtlebot3_teleop/share/turtlebot3_teleop
[2.274s] running install_egg_info
[2.275s] Copying ../../../build/turtlebot3_teleop/turtlebot3_teleop.egg-info to /home/absolutezeno/Auto-BT-Generation/install/turtlebot3_teleop/lib/python3.10/site-packages/turtlebot3_teleop-2.1.5-py3.10.egg-info
[2.276s] running install_scripts
[2.305s] Installing teleop_keyboard script to /home/absolutezeno/Auto-BT-Generation/install/turtlebot3_teleop/lib/turtlebot3_teleop
[2.305s] writing list of installed files to '/home/absolutezeno/Auto-BT-Generation/build/turtlebot3_teleop/install.log'
[2.333s] Invoked command in '/home/absolutezeno/Auto-BT-Generation/src/turtlebot3/turtlebot3_teleop' returned '0': PYTHONPATH=/home/absolutezeno/Auto-BT-Generation/build/turtlebot3_teleop/prefix_override:/home/absolutezeno/Auto-BT-Generation/install/turtlebot3_teleop/lib/python3.10/site-packages:${PYTHONPATH} /usr/bin/python3 setup.py egg_info --egg-base ../../../build/turtlebot3_teleop build --build-base /home/absolutezeno/Auto-BT-Generation/build/turtlebot3_teleop/build install --record /home/absolutezeno/Auto-BT-Generation/build/turtlebot3_teleop/install.log --single-version-externally-managed
