[0.968s] Invoking command in '/home/absolutezeno/Auto-BT-Generation/build/turtlebot3_navigation2': CMAKE_PREFIX_PATH=${CMAKE_PREFIX_PATH}:/home/absolutezeno/Auto-BT-Generation/install/turtlebot3_teleop:/home/absolutezeno/Auto-BT-Generation/install/turtlebot3_example:/home/absolutezeno/Auto-BT-Generation/install/py_trees_ros_viewer:/home/absolutezeno/Auto-BT-Generation/install/py_trees_ros_tutorials:/home/absolutezeno/Auto-BT-Generation/install/py_trees_ros:/home/absolutezeno/FRA501/install/rqt_joint_trajectory_controller:/home/absolutezeno/FRA501/install/rqt_controller_manager:/home/absolutezeno/FRA501/install/ros2controlcli:/home/absolutezeno/FRA501/install/ros2_controllers_test_nodes:/opt/ros/humble /usr/bin/cmake /home/absolutezeno/Auto-BT-Generation/src/turtlebot3/turtlebot3_navigation2 -DCMAKE_INSTALL_PREFIX=/home/absolutezeno/Auto-BT-Generation/install/turtlebot3_navigation2
[1.390s] -- The C compiler identification is GNU 11.4.0
[1.390s] -- The CXX compiler identification is GNU 11.4.0
[1.390s] -- Detecting C compiler ABI info
[1.390s] -- Detecting C compiler ABI info - done
[1.390s] -- Check for working C compiler: /usr/bin/cc - skipped
[1.390s] -- Detecting C compile features
[1.390s] -- Detecting C compile features - done
[1.390s] -- Detecting CXX compiler ABI info
[1.390s] -- Detecting CXX compiler ABI info - done
[1.390s] -- Check for working CXX compiler: /usr/bin/c++ - skipped
[1.390s] -- Detecting CXX compile features
[1.390s] -- Detecting CXX compile features - done
[1.390s] -- Found ament_cmake: 1.3.5 (/opt/ros/humble/share/ament_cmake/cmake)
[1.390s] -- Found Python3: /usr/bin/python3.10 (found version "3.10.12") found components: Interpreter 
[1.546s] -- Configuring done
[1.549s] -- Generating done
[1.549s] -- Build files have been written to: /home/absolutezeno/Auto-BT-Generation/build/turtlebot3_navigation2
[1.692s] Invoked command in '/home/absolutezeno/Auto-BT-Generation/build/turtlebot3_navigation2' returned '0': CMAKE_PREFIX_PATH=${CMAKE_PREFIX_PATH}:/home/absolutezeno/Auto-BT-Generation/install/turtlebot3_teleop:/home/absolutezeno/Auto-BT-Generation/install/turtlebot3_example:/home/absolutezeno/Auto-BT-Generation/install/py_trees_ros_viewer:/home/absolutezeno/Auto-BT-Generation/install/py_trees_ros_tutorials:/home/absolutezeno/Auto-BT-Generation/install/py_trees_ros:/home/absolutezeno/FRA501/install/rqt_joint_trajectory_controller:/home/absolutezeno/FRA501/install/rqt_controller_manager:/home/absolutezeno/FRA501/install/ros2controlcli:/home/absolutezeno/FRA501/install/ros2_controllers_test_nodes:/opt/ros/humble /usr/bin/cmake /home/absolutezeno/Auto-BT-Generation/src/turtlebot3/turtlebot3_navigation2 -DCMAKE_INSTALL_PREFIX=/home/absolutezeno/Auto-BT-Generation/install/turtlebot3_navigation2
[1.693s] Invoking command in '/home/absolutezeno/Auto-BT-Generation/build/turtlebot3_navigation2': CMAKE_PREFIX_PATH=${CMAKE_PREFIX_PATH}:/home/absolutezeno/Auto-BT-Generation/install/turtlebot3_teleop:/home/absolutezeno/Auto-BT-Generation/install/turtlebot3_example:/home/absolutezeno/Auto-BT-Generation/install/py_trees_ros_viewer:/home/absolutezeno/Auto-BT-Generation/install/py_trees_ros_tutorials:/home/absolutezeno/Auto-BT-Generation/install/py_trees_ros:/home/absolutezeno/FRA501/install/rqt_joint_trajectory_controller:/home/absolutezeno/FRA501/install/rqt_controller_manager:/home/absolutezeno/FRA501/install/ros2controlcli:/home/absolutezeno/FRA501/install/ros2_controllers_test_nodes:/opt/ros/humble /usr/bin/cmake --build /home/absolutezeno/Auto-BT-Generation/build/turtlebot3_navigation2 -- -j20 -l20
[1.720s] Invoked command in '/home/absolutezeno/Auto-BT-Generation/build/turtlebot3_navigation2' returned '0': CMAKE_PREFIX_PATH=${CMAKE_PREFIX_PATH}:/home/absolutezeno/Auto-BT-Generation/install/turtlebot3_teleop:/home/absolutezeno/Auto-BT-Generation/install/turtlebot3_example:/home/absolutezeno/Auto-BT-Generation/install/py_trees_ros_viewer:/home/absolutezeno/Auto-BT-Generation/install/py_trees_ros_tutorials:/home/absolutezeno/Auto-BT-Generation/install/py_trees_ros:/home/absolutezeno/FRA501/install/rqt_joint_trajectory_controller:/home/absolutezeno/FRA501/install/rqt_controller_manager:/home/absolutezeno/FRA501/install/ros2controlcli:/home/absolutezeno/FRA501/install/ros2_controllers_test_nodes:/opt/ros/humble /usr/bin/cmake --build /home/absolutezeno/Auto-BT-Generation/build/turtlebot3_navigation2 -- -j20 -l20
[1.741s] Invoking command in '/home/absolutezeno/Auto-BT-Generation/build/turtlebot3_navigation2': CMAKE_PREFIX_PATH=${CMAKE_PREFIX_PATH}:/home/absolutezeno/Auto-BT-Generation/install/turtlebot3_teleop:/home/absolutezeno/Auto-BT-Generation/install/turtlebot3_example:/home/absolutezeno/Auto-BT-Generation/install/py_trees_ros_viewer:/home/absolutezeno/Auto-BT-Generation/install/py_trees_ros_tutorials:/home/absolutezeno/Auto-BT-Generation/install/py_trees_ros:/home/absolutezeno/FRA501/install/rqt_joint_trajectory_controller:/home/absolutezeno/FRA501/install/rqt_controller_manager:/home/absolutezeno/FRA501/install/ros2controlcli:/home/absolutezeno/FRA501/install/ros2_controllers_test_nodes:/opt/ros/humble /usr/bin/cmake --install /home/absolutezeno/Auto-BT-Generation/build/turtlebot3_navigation2
[1.749s] -- Install configuration: ""
[1.749s] -- Installing: /home/absolutezeno/Auto-BT-Generation/install/turtlebot3_navigation2/share/turtlebot3_navigation2/launch
[1.749s] -- Installing: /home/absolutezeno/Auto-BT-Generation/install/turtlebot3_navigation2/share/turtlebot3_navigation2/launch/navigation2.launch.py
[1.749s] -- Installing: /home/absolutezeno/Auto-BT-Generation/install/turtlebot3_navigation2/share/turtlebot3_navigation2/map
[1.749s] -- Installing: /home/absolutezeno/Auto-BT-Generation/install/turtlebot3_navigation2/share/turtlebot3_navigation2/map/map.pgm
[1.750s] -- Installing: /home/absolutezeno/Auto-BT-Generation/install/turtlebot3_navigation2/share/turtlebot3_navigation2/map/map.yaml
[1.750s] -- Installing: /home/absolutezeno/Auto-BT-Generation/install/turtlebot3_navigation2/share/turtlebot3_navigation2/param
[1.750s] -- Installing: /home/absolutezeno/Auto-BT-Generation/install/turtlebot3_navigation2/share/turtlebot3_navigation2/param/waffle.yaml
[1.750s] -- Installing: /home/absolutezeno/Auto-BT-Generation/install/turtlebot3_navigation2/share/turtlebot3_navigation2/param/burger.yaml
[1.750s] -- Installing: /home/absolutezeno/Auto-BT-Generation/install/turtlebot3_navigation2/share/turtlebot3_navigation2/param/waffle_pi.yaml
[1.750s] -- Installing: /home/absolutezeno/Auto-BT-Generation/install/turtlebot3_navigation2/share/turtlebot3_navigation2/rviz
[1.750s] -- Installing: /home/absolutezeno/Auto-BT-Generation/install/turtlebot3_navigation2/share/turtlebot3_navigation2/rviz/tb3_navigation2.rviz
[1.750s] -- Installing: /home/absolutezeno/Auto-BT-Generation/install/turtlebot3_navigation2/share/ament_index/resource_index/package_run_dependencies/turtlebot3_navigation2
[1.750s] -- Installing: /home/absolutezeno/Auto-BT-Generation/install/turtlebot3_navigation2/share/ament_index/resource_index/parent_prefix_path/turtlebot3_navigation2
[1.750s] -- Installing: /home/absolutezeno/Auto-BT-Generation/install/turtlebot3_navigation2/share/turtlebot3_navigation2/environment/ament_prefix_path.sh
[1.751s] -- Installing: /home/absolutezeno/Auto-BT-Generation/install/turtlebot3_navigation2/share/turtlebot3_navigation2/environment/ament_prefix_path.dsv
[1.751s] -- Installing: /home/absolutezeno/Auto-BT-Generation/install/turtlebot3_navigation2/share/turtlebot3_navigation2/environment/path.sh
[1.751s] -- Installing: /home/absolutezeno/Auto-BT-Generation/install/turtlebot3_navigation2/share/turtlebot3_navigation2/environment/path.dsv
[1.751s] -- Installing: /home/absolutezeno/Auto-BT-Generation/install/turtlebot3_navigation2/share/turtlebot3_navigation2/local_setup.bash
[1.751s] -- Installing: /home/absolutezeno/Auto-BT-Generation/install/turtlebot3_navigation2/share/turtlebot3_navigation2/local_setup.sh
[1.751s] -- Installing: /home/absolutezeno/Auto-BT-Generation/install/turtlebot3_navigation2/share/turtlebot3_navigation2/local_setup.zsh
[1.751s] -- Installing: /home/absolutezeno/Auto-BT-Generation/install/turtlebot3_navigation2/share/turtlebot3_navigation2/local_setup.dsv
[1.751s] -- Installing: /home/absolutezeno/Auto-BT-Generation/install/turtlebot3_navigation2/share/turtlebot3_navigation2/package.dsv
[1.751s] -- Installing: /home/absolutezeno/Auto-BT-Generation/install/turtlebot3_navigation2/share/ament_index/resource_index/packages/turtlebot3_navigation2
[1.752s] -- Installing: /home/absolutezeno/Auto-BT-Generation/install/turtlebot3_navigation2/share/turtlebot3_navigation2/cmake/turtlebot3_navigation2Config.cmake
[1.752s] -- Installing: /home/absolutezeno/Auto-BT-Generation/install/turtlebot3_navigation2/share/turtlebot3_navigation2/cmake/turtlebot3_navigation2Config-version.cmake
[1.752s] -- Installing: /home/absolutezeno/Auto-BT-Generation/install/turtlebot3_navigation2/share/turtlebot3_navigation2/package.xml
[1.810s] Invoked command in '/home/absolutezeno/Auto-BT-Generation/build/turtlebot3_navigation2' returned '0': CMAKE_PREFIX_PATH=${CMAKE_PREFIX_PATH}:/home/absolutezeno/Auto-BT-Generation/install/turtlebot3_teleop:/home/absolutezeno/Auto-BT-Generation/install/turtlebot3_example:/home/absolutezeno/Auto-BT-Generation/install/py_trees_ros_viewer:/home/absolutezeno/Auto-BT-Generation/install/py_trees_ros_tutorials:/home/absolutezeno/Auto-BT-Generation/install/py_trees_ros:/home/absolutezeno/FRA501/install/rqt_joint_trajectory_controller:/home/absolutezeno/FRA501/install/rqt_controller_manager:/home/absolutezeno/FRA501/install/ros2controlcli:/home/absolutezeno/FRA501/install/ros2_controllers_test_nodes:/opt/ros/humble /usr/bin/cmake --install /home/absolutezeno/Auto-BT-Generation/build/turtlebot3_navigation2
