[0.194s] Invoking command in '/home/absolutezeno/Auto-BT-Generation/build/turtlebot3_cartographer': CMAKE_PREFIX_PATH=${CMAKE_PREFIX_PATH}:/home/absolutezeno/fra532_exam/install/mir_driver:/home/absolutezeno/fra532_exam/install/twist_stamper:/home/absolutezeno/fra532_exam/install/mir_restapi:/home/absolutezeno/Auto-BT-Generation/install/turtlebot3_teleop:/home/absolutezeno/Auto-BT-Generation/install/turtlebot3_example:/home/absolutezeno/Auto-BT-Generation/install/py_trees_ros_viewer:/home/absolutezeno/Auto-BT-Generation/install/py_trees_ros_tutorials:/home/absolutezeno/Auto-BT-Generation/install/py_trees_ros:/opt/ros/humble /usr/bin/cmake --build /home/absolutezeno/Auto-BT-Generation/build/turtlebot3_cartographer -- -j20 -l20
[0.956s] Invoked command in '/home/absolutezeno/Auto-BT-Generation/build/turtlebot3_cartographer' returned '0': CMAKE_PREFIX_PATH=${CMAKE_PREFIX_PATH}:/home/absolutezeno/fra532_exam/install/mir_driver:/home/absolutezeno/fra532_exam/install/twist_stamper:/home/absolutezeno/fra532_exam/install/mir_restapi:/home/absolutezeno/Auto-BT-Generation/install/turtlebot3_teleop:/home/absolutezeno/Auto-BT-Generation/install/turtlebot3_example:/home/absolutezeno/Auto-BT-Generation/install/py_trees_ros_viewer:/home/absolutezeno/Auto-BT-Generation/install/py_trees_ros_tutorials:/home/absolutezeno/Auto-BT-Generation/install/py_trees_ros:/opt/ros/humble /usr/bin/cmake --build /home/absolutezeno/Auto-BT-Generation/build/turtlebot3_cartographer -- -j20 -l20
[0.985s] Invoking command in '/home/absolutezeno/Auto-BT-Generation/build/turtlebot3_cartographer': CMAKE_PREFIX_PATH=${CMAKE_PREFIX_PATH}:/home/absolutezeno/fra532_exam/install/mir_driver:/home/absolutezeno/fra532_exam/install/twist_stamper:/home/absolutezeno/fra532_exam/install/mir_restapi:/home/absolutezeno/Auto-BT-Generation/install/turtlebot3_teleop:/home/absolutezeno/Auto-BT-Generation/install/turtlebot3_example:/home/absolutezeno/Auto-BT-Generation/install/py_trees_ros_viewer:/home/absolutezeno/Auto-BT-Generation/install/py_trees_ros_tutorials:/home/absolutezeno/Auto-BT-Generation/install/py_trees_ros:/opt/ros/humble /usr/bin/cmake --install /home/absolutezeno/Auto-BT-Generation/build/turtlebot3_cartographer
[0.992s] -- Install configuration: ""
[0.993s] -- Up-to-date: /home/absolutezeno/Auto-BT-Generation/install/turtlebot3_cartographer/share/turtlebot3_cartographer/config
[0.994s] -- Up-to-date: /home/absolutezeno/Auto-BT-Generation/install/turtlebot3_cartographer/share/turtlebot3_cartographer/config/turtlebot3_lds_2d.lua
[0.994s] -- Up-to-date: /home/absolutezeno/Auto-BT-Generation/install/turtlebot3_cartographer/share/turtlebot3_cartographer/launch
[0.994s] -- Up-to-date: /home/absolutezeno/Auto-BT-Generation/install/turtlebot3_cartographer/share/turtlebot3_cartographer/launch/cartographer.launch.py
[0.994s] -- Up-to-date: /home/absolutezeno/Auto-BT-Generation/install/turtlebot3_cartographer/share/turtlebot3_cartographer/launch/occupancy_grid.launch.py
[0.994s] -- Up-to-date: /home/absolutezeno/Auto-BT-Generation/install/turtlebot3_cartographer/share/turtlebot3_cartographer/rviz
[0.994s] -- Up-to-date: /home/absolutezeno/Auto-BT-Generation/install/turtlebot3_cartographer/share/turtlebot3_cartographer/rviz/tb3_cartographer.rviz
[0.995s] -- Up-to-date: /home/absolutezeno/Auto-BT-Generation/install/turtlebot3_cartographer/share/ament_index/resource_index/package_run_dependencies/turtlebot3_cartographer
[0.995s] -- Up-to-date: /home/absolutezeno/Auto-BT-Generation/install/turtlebot3_cartographer/share/ament_index/resource_index/parent_prefix_path/turtlebot3_cartographer
[0.995s] -- Up-to-date: /home/absolutezeno/Auto-BT-Generation/install/turtlebot3_cartographer/share/turtlebot3_cartographer/environment/ament_prefix_path.sh
[0.995s] -- Up-to-date: /home/absolutezeno/Auto-BT-Generation/install/turtlebot3_cartographer/share/turtlebot3_cartographer/environment/ament_prefix_path.dsv
[0.995s] -- Up-to-date: /home/absolutezeno/Auto-BT-Generation/install/turtlebot3_cartographer/share/turtlebot3_cartographer/environment/path.sh
[0.995s] -- Up-to-date: /home/absolutezeno/Auto-BT-Generation/install/turtlebot3_cartographer/share/turtlebot3_cartographer/environment/path.dsv
[0.995s] -- Up-to-date: /home/absolutezeno/Auto-BT-Generation/install/turtlebot3_cartographer/share/turtlebot3_cartographer/local_setup.bash
[0.995s] -- Up-to-date: /home/absolutezeno/Auto-BT-Generation/install/turtlebot3_cartographer/share/turtlebot3_cartographer/local_setup.sh
[0.995s] -- Up-to-date: /home/absolutezeno/Auto-BT-Generation/install/turtlebot3_cartographer/share/turtlebot3_cartographer/local_setup.zsh
[0.995s] -- Up-to-date: /home/absolutezeno/Auto-BT-Generation/install/turtlebot3_cartographer/share/turtlebot3_cartographer/local_setup.dsv
[0.995s] -- Installing: /home/absolutezeno/Auto-BT-Generation/install/turtlebot3_cartographer/share/turtlebot3_cartographer/package.dsv
[0.995s] -- Up-to-date: /home/absolutezeno/Auto-BT-Generation/install/turtlebot3_cartographer/share/ament_index/resource_index/packages/turtlebot3_cartographer
[0.995s] -- Up-to-date: /home/absolutezeno/Auto-BT-Generation/install/turtlebot3_cartographer/share/turtlebot3_cartographer/cmake/turtlebot3_cartographerConfig.cmake
[0.995s] -- Up-to-date: /home/absolutezeno/Auto-BT-Generation/install/turtlebot3_cartographer/share/turtlebot3_cartographer/cmake/turtlebot3_cartographerConfig-version.cmake
[0.995s] -- Up-to-date: /home/absolutezeno/Auto-BT-Generation/install/turtlebot3_cartographer/share/turtlebot3_cartographer/package.xml
[1.008s] Invoked command in '/home/absolutezeno/Auto-BT-Generation/build/turtlebot3_cartographer' returned '0': CMAKE_PREFIX_PATH=${CMAKE_PREFIX_PATH}:/home/absolutezeno/fra532_exam/install/mir_driver:/home/absolutezeno/fra532_exam/install/twist_stamper:/home/absolutezeno/fra532_exam/install/mir_restapi:/home/absolutezeno/Auto-BT-Generation/install/turtlebot3_teleop:/home/absolutezeno/Auto-BT-Generation/install/turtlebot3_example:/home/absolutezeno/Auto-BT-Generation/install/py_trees_ros_viewer:/home/absolutezeno/Auto-BT-Generation/install/py_trees_ros_tutorials:/home/absolutezeno/Auto-BT-Generation/install/py_trees_ros:/opt/ros/humble /usr/bin/cmake --install /home/absolutezeno/Auto-BT-Generation/build/turtlebot3_cartographer
