[0.221s] Invoking command in '/home/drl-68/Auto-BT-Generation/build/autogen_bt_interface': CMAKE_PREFIX_PATH=${CMAKE_PREFIX_PATH}:/opt/ros/humble /usr/bin/cmake /home/drl-68/Auto-BT-Generation/src/autogen_bt_interface -DCMAKE_INSTALL_PREFIX=/home/drl-68/Auto-BT-Generation/install/autogen_bt_interface
[0.264s] -- The C compiler identification is GNU 11.4.0
[0.301s] -- The CXX compiler identification is GNU 11.4.0
[0.307s] -- Detecting C compiler ABI info
[0.352s] -- Detecting C compiler ABI info - done
[0.356s] -- Check for working C compiler: /usr/bin/cc - skipped
[0.357s] -- Detecting C compile features
[0.357s] -- Detecting C compile features - done
[0.359s] -- Detecting CXX compiler ABI info
[0.411s] -- Detecting CXX compiler ABI info - done
[0.415s] -- Check for working CXX compiler: /usr/bin/c++ - skipped
[0.415s] -- Detecting CXX compile features
[0.415s] -- Detecting CXX compile features - done
[0.417s] -- Found ament_cmake: 1.3.12 (/opt/ros/humble/share/ament_cmake/cmake)
[0.523s] -- Found Python3: /usr/bin/python3 (found version "3.10.12") found components: Interpreter 
[0.589s] -- Found ament_lint_auto: 0.12.14 (/opt/ros/humble/share/ament_lint_auto/cmake)
[0.638s] -- Found std_msgs: 4.9.0 (/opt/ros/humble/share/std_msgs/cmake)
[0.660s] -- Found rosidl_generator_c: 3.1.7 (/opt/ros/humble/share/rosidl_generator_c/cmake)
[0.663s] -- Found rosidl_adapter: 3.1.7 (/opt/ros/humble/share/rosidl_adapter/cmake)
[0.668s] -- Found rosidl_generator_cpp: 3.1.7 (/opt/ros/humble/share/rosidl_generator_cpp/cmake)
[0.675s] -- Using all available rosidl_typesupport_c: rosidl_typesupport_fastrtps_c;rosidl_typesupport_introspection_c
[0.684s] -- Using all available rosidl_typesupport_cpp: rosidl_typesupport_fastrtps_cpp;rosidl_typesupport_introspection_cpp
[0.699s] -- Found rosidl_default_generators: 1.2.0 (/opt/ros/humble/share/rosidl_default_generators/cmake)
[0.844s] -- Found ament_cmake_ros: 0.10.0 (/opt/ros/humble/share/ament_cmake_ros/cmake)
[1.063s] -- Using all available rosidl_typesupport_c: rosidl_typesupport_fastrtps_c;rosidl_typesupport_introspection_c
[1.153s] -- Using all available rosidl_typesupport_cpp: rosidl_typesupport_fastrtps_cpp;rosidl_typesupport_introspection_cpp
[1.168s] -- Found PythonInterp: /usr/bin/python3 (found suitable version "3.10.12", minimum required is "3.6") 
[1.169s] -- Found python_cmake_module: 0.10.0 (/opt/ros/humble/share/python_cmake_module/cmake)
[1.187s] -- Found PythonLibs: /usr/lib/x86_64-linux-gnu/libpython3.10.so (found suitable version "3.10.12", minimum required is "3.5") 
[1.187s] -- Using PYTHON_EXECUTABLE: /usr/bin/python3
[1.187s] -- Using PYTHON_INCLUDE_DIRS: /usr/include/python3.10
[1.187s] -- Using PYTHON_LIBRARIES: /usr/lib/x86_64-linux-gnu/libpython3.10.so
[1.202s] -- Found PythonExtra: .so  
[1.233s] -- Added test 'lint_cmake' to check CMake code style
[1.234s] -- Added test 'xmllint' to check XML markup files
[1.237s] -- Configuring done
[1.256s] -- Generating done
[1.263s] -- Build files have been written to: /home/drl-68/Auto-BT-Generation/build/autogen_bt_interface
[1.267s] Invoked command in '/home/drl-68/Auto-BT-Generation/build/autogen_bt_interface' returned '0': CMAKE_PREFIX_PATH=${CMAKE_PREFIX_PATH}:/opt/ros/humble /usr/bin/cmake /home/drl-68/Auto-BT-Generation/src/autogen_bt_interface -DCMAKE_INSTALL_PREFIX=/home/drl-68/Auto-BT-Generation/install/autogen_bt_interface
[1.268s] Invoking command in '/home/drl-68/Auto-BT-Generation/build/autogen_bt_interface': CMAKE_PREFIX_PATH=${CMAKE_PREFIX_PATH}:/opt/ros/humble /usr/bin/cmake --build /home/drl-68/Auto-BT-Generation/build/autogen_bt_interface -- -j16 -l16
[1.294s] [  2%] [34m[1mGenerating C code for ROS interfaces[0m
[1.300s] [  4%] [34m[1mGenerating C++ code for ROS interfaces[0m
[1.304s] [  4%] Built target ament_cmake_python_copy_autogen_bt_interface
[1.551s] running egg_info
[1.552s] [ 10%] [32mBuilding C object CMakeFiles/autogen_bt_interface__rosidl_generator_c.dir/rosidl_generator_c/autogen_bt_interface/msg/detail/string_stamped__functions.c.o[0m
[1.552s] [ 10%] [32mBuilding C object CMakeFiles/autogen_bt_interface__rosidl_generator_c.dir/rosidl_generator_c/autogen_bt_interface/srv/detail/picking_request__functions.c.o[0m
[1.552s] [ 10%] [32mBuilding C object CMakeFiles/autogen_bt_interface__rosidl_generator_c.dir/rosidl_generator_c/autogen_bt_interface/srv/detail/charging_request__functions.c.o[0m
[1.552s] creating autogen_bt_interface.egg-info
[1.552s] writing autogen_bt_interface.egg-info/PKG-INFO
[1.552s] writing dependency_links to autogen_bt_interface.egg-info/dependency_links.txt
[1.552s] writing top-level names to autogen_bt_interface.egg-info/top_level.txt
[1.552s] writing manifest file 'autogen_bt_interface.egg-info/SOURCES.txt'
[1.554s] reading manifest file 'autogen_bt_interface.egg-info/SOURCES.txt'
[1.555s] writing manifest file 'autogen_bt_interface.egg-info/SOURCES.txt'
[1.588s] [ 10%] Built target ament_cmake_python_build_autogen_bt_interface_egg
[1.608s] [ 12%] [32m[1mLinking C shared library libautogen_bt_interface__rosidl_generator_c.so[0m
[1.645s] [ 12%] Built target autogen_bt_interface__rosidl_generator_c
[1.653s] [ 14%] [34m[1mGenerating C type support for eProsima Fast-RTPS[0m
[1.653s] [ 17%] [34m[1mGenerating C introspection for ROS interfaces[0m
[1.654s] [ 19%] [34m[1mGenerating C type support dispatch for ROS interfaces[0m
[1.699s] [ 19%] Built target autogen_bt_interface__cpp
[1.710s] [ 21%] [34m[1mGenerating C++ type support dispatch for ROS interfaces[0m
[1.711s] [ 23%] [34m[1mGenerating C++ introspection for ROS interfaces[0m
[1.712s] [ 25%] [34m[1mGenerating C++ type support for eProsima Fast-RTPS[0m
[1.914s] [ 27%] [32mBuilding CXX object CMakeFiles/autogen_bt_interface__rosidl_typesupport_c.dir/rosidl_typesupport_c/autogen_bt_interface/srv/charging_request__type_support.cpp.o[0m
[1.914s] [ 29%] [32mBuilding CXX object CMakeFiles/autogen_bt_interface__rosidl_typesupport_c.dir/rosidl_typesupport_c/autogen_bt_interface/msg/string_stamped__type_support.cpp.o[0m
[1.914s] [ 31%] [32mBuilding CXX object CMakeFiles/autogen_bt_interface__rosidl_typesupport_c.dir/rosidl_typesupport_c/autogen_bt_interface/srv/picking_request__type_support.cpp.o[0m
[1.942s] [ 34%] [32m[1mLinking CXX shared library libautogen_bt_interface__rosidl_typesupport_c.so[0m
[1.973s] [ 34%] Built target autogen_bt_interface__rosidl_typesupport_c
[1.987s] [ 36%] [32mBuilding CXX object CMakeFiles/autogen_bt_interface__rosidl_typesupport_fastrtps_cpp.dir/rosidl_typesupport_fastrtps_cpp/autogen_bt_interface/msg/detail/dds_fastrtps/string_stamped__type_support.cpp.o[0m
[1.987s] [ 38%] [32mBuilding CXX object CMakeFiles/autogen_bt_interface__rosidl_typesupport_fastrtps_cpp.dir/rosidl_typesupport_fastrtps_cpp/autogen_bt_interface/srv/detail/dds_fastrtps/picking_request__type_support.cpp.o[0m
[1.988s] [ 40%] [32mBuilding CXX object CMakeFiles/autogen_bt_interface__rosidl_typesupport_fastrtps_cpp.dir/rosidl_typesupport_fastrtps_cpp/autogen_bt_interface/srv/detail/dds_fastrtps/charging_request__type_support.cpp.o[0m
[1.996s] [ 42%] [32mBuilding C object CMakeFiles/autogen_bt_interface__rosidl_typesupport_introspection_c.dir/rosidl_typesupport_introspection_c/autogen_bt_interface/srv/detail/charging_request__type_support.c.o[0m
[1.998s] [ 44%] [32mBuilding C object CMakeFiles/autogen_bt_interface__rosidl_typesupport_introspection_c.dir/rosidl_typesupport_introspection_c/autogen_bt_interface/srv/detail/picking_request__type_support.c.o[0m
[1.998s] [ 46%] [32mBuilding C object CMakeFiles/autogen_bt_interface__rosidl_typesupport_introspection_c.dir/rosidl_typesupport_introspection_c/autogen_bt_interface/msg/detail/string_stamped__type_support.c.o[0m
[2.012s] [ 48%] [32mBuilding CXX object CMakeFiles/autogen_bt_interface__rosidl_typesupport_cpp.dir/rosidl_typesupport_cpp/autogen_bt_interface/srv/charging_request__type_support.cpp.o[0m
[2.013s] [ 51%] [32mBuilding CXX object CMakeFiles/autogen_bt_interface__rosidl_typesupport_cpp.dir/rosidl_typesupport_cpp/autogen_bt_interface/srv/picking_request__type_support.cpp.o[0m
[2.014s] [ 53%] [32mBuilding CXX object CMakeFiles/autogen_bt_interface__rosidl_typesupport_cpp.dir/rosidl_typesupport_cpp/autogen_bt_interface/msg/string_stamped__type_support.cpp.o[0m
[2.023s] [ 55%] [32mBuilding CXX object CMakeFiles/autogen_bt_interface__rosidl_typesupport_fastrtps_c.dir/rosidl_typesupport_fastrtps_c/autogen_bt_interface/msg/detail/string_stamped__type_support_c.cpp.o[0m
[2.023s] [ 57%] [32mBuilding CXX object CMakeFiles/autogen_bt_interface__rosidl_typesupport_fastrtps_c.dir/rosidl_typesupport_fastrtps_c/autogen_bt_interface/srv/detail/picking_request__type_support_c.cpp.o[0m
[2.030s] [ 59%] [32mBuilding CXX object CMakeFiles/autogen_bt_interface__rosidl_typesupport_fastrtps_c.dir/rosidl_typesupport_fastrtps_c/autogen_bt_interface/srv/detail/charging_request__type_support_c.cpp.o[0m
[2.052s] [ 61%] [32m[1mLinking C shared library libautogen_bt_interface__rosidl_typesupport_introspection_c.so[0m
[2.065s] [ 63%] [32mBuilding CXX object CMakeFiles/autogen_bt_interface__rosidl_typesupport_introspection_cpp.dir/rosidl_typesupport_introspection_cpp/autogen_bt_interface/srv/detail/charging_request__type_support.cpp.o[0m
[2.068s] [ 65%] [32mBuilding CXX object CMakeFiles/autogen_bt_interface__rosidl_typesupport_introspection_cpp.dir/rosidl_typesupport_introspection_cpp/autogen_bt_interface/srv/detail/picking_request__type_support.cpp.o[0m
[2.073s] [ 68%] [32mBuilding CXX object CMakeFiles/autogen_bt_interface__rosidl_typesupport_introspection_cpp.dir/rosidl_typesupport_introspection_cpp/autogen_bt_interface/msg/detail/string_stamped__type_support.cpp.o[0m
[2.084s] [ 68%] Built target autogen_bt_interface__rosidl_typesupport_introspection_c
[2.292s] [ 70%] [32m[1mLinking CXX shared library libautogen_bt_interface__rosidl_typesupport_cpp.so[0m
[2.362s] [ 70%] Built target autogen_bt_interface__rosidl_typesupport_cpp
[2.429s] [ 72%] [32m[1mLinking CXX shared library libautogen_bt_interface__rosidl_typesupport_fastrtps_cpp.so[0m
[2.431s] [ 74%] [32m[1mLinking CXX shared library libautogen_bt_interface__rosidl_typesupport_fastrtps_c.so[0m
[2.483s] [ 74%] Built target autogen_bt_interface__rosidl_typesupport_fastrtps_c
[2.499s] [ 76%] [32m[1mLinking CXX shared library libautogen_bt_interface__rosidl_typesupport_introspection_cpp.so[0m
[2.524s] [ 76%] Built target autogen_bt_interface__rosidl_typesupport_fastrtps_cpp
[2.563s] [ 76%] Built target autogen_bt_interface__rosidl_typesupport_introspection_cpp
[2.579s] [ 76%] Built target autogen_bt_interface
[2.592s] [ 78%] [34m[1mGenerating Python code for ROS interfaces[0m
[3.203s] [ 78%] Built target autogen_bt_interface__py
[3.223s] [ 80%] [32mBuilding C object CMakeFiles/autogen_bt_interface__rosidl_generator_py.dir/rosidl_generator_py/autogen_bt_interface/srv/_charging_request_s.c.o[0m
[3.223s] [ 82%] [32mBuilding C object CMakeFiles/autogen_bt_interface__rosidl_generator_py.dir/rosidl_generator_py/autogen_bt_interface/srv/_picking_request_s.c.o[0m
[3.226s] [ 85%] [32mBuilding C object CMakeFiles/autogen_bt_interface__rosidl_generator_py.dir/rosidl_generator_py/autogen_bt_interface/msg/_string_stamped_s.c.o[0m
[3.325s] [ 87%] [32m[1mLinking C shared library rosidl_generator_py/autogen_bt_interface/libautogen_bt_interface__rosidl_generator_py.so[0m
[3.356s] [ 87%] Built target autogen_bt_interface__rosidl_generator_py
[3.370s] [ 89%] [32mBuilding C object CMakeFiles/autogen_bt_interface__rosidl_typesupport_introspection_c__pyext.dir/rosidl_generator_py/autogen_bt_interface/_autogen_bt_interface_s.ep.rosidl_typesupport_introspection_c.c.o[0m
[3.374s] [ 91%] [32mBuilding C object CMakeFiles/autogen_bt_interface__rosidl_typesupport_fastrtps_c__pyext.dir/rosidl_generator_py/autogen_bt_interface/_autogen_bt_interface_s.ep.rosidl_typesupport_fastrtps_c.c.o[0m
[3.375s] [ 93%] [32mBuilding C object CMakeFiles/autogen_bt_interface__rosidl_typesupport_c__pyext.dir/rosidl_generator_py/autogen_bt_interface/_autogen_bt_interface_s.ep.rosidl_typesupport_c.c.o[0m
[3.438s] [ 95%] [32m[1mLinking C shared library rosidl_generator_py/autogen_bt_interface/autogen_bt_interface_s__rosidl_typesupport_introspection_c.cpython-310-x86_64-linux-gnu.so[0m
[3.440s] [ 97%] [32m[1mLinking C shared library rosidl_generator_py/autogen_bt_interface/autogen_bt_interface_s__rosidl_typesupport_fastrtps_c.cpython-310-x86_64-linux-gnu.so[0m
[3.450s] [100%] [32m[1mLinking C shared library rosidl_generator_py/autogen_bt_interface/autogen_bt_interface_s__rosidl_typesupport_c.cpython-310-x86_64-linux-gnu.so[0m
[3.464s] [100%] Built target autogen_bt_interface__rosidl_typesupport_introspection_c__pyext
[3.468s] [100%] Built target autogen_bt_interface__rosidl_typesupport_fastrtps_c__pyext
[3.476s] [100%] Built target autogen_bt_interface__rosidl_typesupport_c__pyext
[3.483s] Invoked command in '/home/drl-68/Auto-BT-Generation/build/autogen_bt_interface' returned '0': CMAKE_PREFIX_PATH=${CMAKE_PREFIX_PATH}:/opt/ros/humble /usr/bin/cmake --build /home/drl-68/Auto-BT-Generation/build/autogen_bt_interface -- -j16 -l16
[3.484s] Invoking command in '/home/drl-68/Auto-BT-Generation/build/autogen_bt_interface': CMAKE_PREFIX_PATH=${CMAKE_PREFIX_PATH}:/opt/ros/humble /usr/bin/cmake --install /home/drl-68/Auto-BT-Generation/build/autogen_bt_interface
[3.489s] -- Install configuration: ""
[3.489s] -- Installing: /home/drl-68/Auto-BT-Generation/install/autogen_bt_interface/share/ament_index/resource_index/rosidl_interfaces/autogen_bt_interface
[3.489s] -- Installing: /home/drl-68/Auto-BT-Generation/install/autogen_bt_interface/include/autogen_bt_interface/autogen_bt_interface
[3.489s] -- Installing: /home/drl-68/Auto-BT-Generation/install/autogen_bt_interface/include/autogen_bt_interface/autogen_bt_interface/msg
[3.489s] -- Installing: /home/drl-68/Auto-BT-Generation/install/autogen_bt_interface/include/autogen_bt_interface/autogen_bt_interface/msg/string_stamped.h
[3.489s] -- Installing: /home/drl-68/Auto-BT-Generation/install/autogen_bt_interface/include/autogen_bt_interface/autogen_bt_interface/msg/rosidl_generator_c__visibility_control.h
[3.489s] -- Installing: /home/drl-68/Auto-BT-Generation/install/autogen_bt_interface/include/autogen_bt_interface/autogen_bt_interface/msg/detail
[3.489s] -- Installing: /home/drl-68/Auto-BT-Generation/install/autogen_bt_interface/include/autogen_bt_interface/autogen_bt_interface/msg/detail/string_stamped__type_support.h
[3.490s] -- Installing: /home/drl-68/Auto-BT-Generation/install/autogen_bt_interface/include/autogen_bt_interface/autogen_bt_interface/msg/detail/string_stamped__struct.h
[3.490s] -- Installing: /home/drl-68/Auto-BT-Generation/install/autogen_bt_interface/include/autogen_bt_interface/autogen_bt_interface/msg/detail/string_stamped__functions.c
[3.490s] -- Installing: /home/drl-68/Auto-BT-Generation/install/autogen_bt_interface/include/autogen_bt_interface/autogen_bt_interface/msg/detail/string_stamped__functions.h
[3.490s] -- Installing: /home/drl-68/Auto-BT-Generation/install/autogen_bt_interface/include/autogen_bt_interface/autogen_bt_interface/srv
[3.490s] -- Installing: /home/drl-68/Auto-BT-Generation/install/autogen_bt_interface/include/autogen_bt_interface/autogen_bt_interface/srv/picking_request.h
[3.490s] -- Installing: /home/drl-68/Auto-BT-Generation/install/autogen_bt_interface/include/autogen_bt_interface/autogen_bt_interface/srv/charging_request.h
[3.490s] -- Installing: /home/drl-68/Auto-BT-Generation/install/autogen_bt_interface/include/autogen_bt_interface/autogen_bt_interface/srv/detail
[3.490s] -- Installing: /home/drl-68/Auto-BT-Generation/install/autogen_bt_interface/include/autogen_bt_interface/autogen_bt_interface/srv/detail/picking_request__functions.h
[3.490s] -- Installing: /home/drl-68/Auto-BT-Generation/install/autogen_bt_interface/include/autogen_bt_interface/autogen_bt_interface/srv/detail/charging_request__functions.h
[3.490s] -- Installing: /home/drl-68/Auto-BT-Generation/install/autogen_bt_interface/include/autogen_bt_interface/autogen_bt_interface/srv/detail/charging_request__type_support.h
[3.490s] -- Installing: /home/drl-68/Auto-BT-Generation/install/autogen_bt_interface/include/autogen_bt_interface/autogen_bt_interface/srv/detail/picking_request__struct.h
[3.490s] -- Installing: /home/drl-68/Auto-BT-Generation/install/autogen_bt_interface/include/autogen_bt_interface/autogen_bt_interface/srv/detail/charging_request__struct.h
[3.490s] -- Installing: /home/drl-68/Auto-BT-Generation/install/autogen_bt_interface/include/autogen_bt_interface/autogen_bt_interface/srv/detail/picking_request__functions.c
[3.490s] -- Installing: /home/drl-68/Auto-BT-Generation/install/autogen_bt_interface/include/autogen_bt_interface/autogen_bt_interface/srv/detail/charging_request__functions.c
[3.490s] -- Installing: /home/drl-68/Auto-BT-Generation/install/autogen_bt_interface/include/autogen_bt_interface/autogen_bt_interface/srv/detail/picking_request__type_support.h
[3.490s] -- Installing: /home/drl-68/Auto-BT-Generation/install/autogen_bt_interface/share/autogen_bt_interface/environment/library_path.sh
[3.490s] -- Installing: /home/drl-68/Auto-BT-Generation/install/autogen_bt_interface/share/autogen_bt_interface/environment/library_path.dsv
[3.490s] -- Installing: /home/drl-68/Auto-BT-Generation/install/autogen_bt_interface/lib/libautogen_bt_interface__rosidl_generator_c.so
[3.490s] -- Set runtime path of "/home/drl-68/Auto-BT-Generation/install/autogen_bt_interface/lib/libautogen_bt_interface__rosidl_generator_c.so" to ""
[3.490s] -- Up-to-date: /home/drl-68/Auto-BT-Generation/install/autogen_bt_interface/include/autogen_bt_interface/autogen_bt_interface
[3.491s] -- Up-to-date: /home/drl-68/Auto-BT-Generation/install/autogen_bt_interface/include/autogen_bt_interface/autogen_bt_interface/msg
[3.491s] -- Installing: /home/drl-68/Auto-BT-Generation/install/autogen_bt_interface/include/autogen_bt_interface/autogen_bt_interface/msg/rosidl_typesupport_fastrtps_c__visibility_control.h
[3.491s] -- Up-to-date: /home/drl-68/Auto-BT-Generation/install/autogen_bt_interface/include/autogen_bt_interface/autogen_bt_interface/msg/detail
[3.491s] -- Installing: /home/drl-68/Auto-BT-Generation/install/autogen_bt_interface/include/autogen_bt_interface/autogen_bt_interface/msg/detail/string_stamped__rosidl_typesupport_fastrtps_c.h
[3.491s] -- Up-to-date: /home/drl-68/Auto-BT-Generation/install/autogen_bt_interface/include/autogen_bt_interface/autogen_bt_interface/srv
[3.491s] -- Up-to-date: /home/drl-68/Auto-BT-Generation/install/autogen_bt_interface/include/autogen_bt_interface/autogen_bt_interface/srv/detail
[3.491s] -- Installing: /home/drl-68/Auto-BT-Generation/install/autogen_bt_interface/include/autogen_bt_interface/autogen_bt_interface/srv/detail/picking_request__rosidl_typesupport_fastrtps_c.h
[3.491s] -- Installing: /home/drl-68/Auto-BT-Generation/install/autogen_bt_interface/include/autogen_bt_interface/autogen_bt_interface/srv/detail/charging_request__rosidl_typesupport_fastrtps_c.h
[3.491s] -- Installing: /home/drl-68/Auto-BT-Generation/install/autogen_bt_interface/lib/libautogen_bt_interface__rosidl_typesupport_fastrtps_c.so
[3.491s] -- Set runtime path of "/home/drl-68/Auto-BT-Generation/install/autogen_bt_interface/lib/libautogen_bt_interface__rosidl_typesupport_fastrtps_c.so" to ""
[3.491s] -- Up-to-date: /home/drl-68/Auto-BT-Generation/install/autogen_bt_interface/include/autogen_bt_interface/autogen_bt_interface
[3.491s] -- Up-to-date: /home/drl-68/Auto-BT-Generation/install/autogen_bt_interface/include/autogen_bt_interface/autogen_bt_interface/msg
[3.491s] -- Installing: /home/drl-68/Auto-BT-Generation/install/autogen_bt_interface/include/autogen_bt_interface/autogen_bt_interface/msg/string_stamped.hpp
[3.491s] -- Installing: /home/drl-68/Auto-BT-Generation/install/autogen_bt_interface/include/autogen_bt_interface/autogen_bt_interface/msg/rosidl_generator_cpp__visibility_control.hpp
[3.491s] -- Up-to-date: /home/drl-68/Auto-BT-Generation/install/autogen_bt_interface/include/autogen_bt_interface/autogen_bt_interface/msg/detail
[3.491s] -- Installing: /home/drl-68/Auto-BT-Generation/install/autogen_bt_interface/include/autogen_bt_interface/autogen_bt_interface/msg/detail/string_stamped__traits.hpp
[3.491s] -- Installing: /home/drl-68/Auto-BT-Generation/install/autogen_bt_interface/include/autogen_bt_interface/autogen_bt_interface/msg/detail/string_stamped__struct.hpp
[3.491s] -- Installing: /home/drl-68/Auto-BT-Generation/install/autogen_bt_interface/include/autogen_bt_interface/autogen_bt_interface/msg/detail/string_stamped__type_support.hpp
[3.491s] -- Installing: /home/drl-68/Auto-BT-Generation/install/autogen_bt_interface/include/autogen_bt_interface/autogen_bt_interface/msg/detail/string_stamped__builder.hpp
[3.491s] -- Up-to-date: /home/drl-68/Auto-BT-Generation/install/autogen_bt_interface/include/autogen_bt_interface/autogen_bt_interface/srv
[3.491s] -- Installing: /home/drl-68/Auto-BT-Generation/install/autogen_bt_interface/include/autogen_bt_interface/autogen_bt_interface/srv/picking_request.hpp
[3.491s] -- Installing: /home/drl-68/Auto-BT-Generation/install/autogen_bt_interface/include/autogen_bt_interface/autogen_bt_interface/srv/charging_request.hpp
[3.491s] -- Up-to-date: /home/drl-68/Auto-BT-Generation/install/autogen_bt_interface/include/autogen_bt_interface/autogen_bt_interface/srv/detail
[3.491s] -- Installing: /home/drl-68/Auto-BT-Generation/install/autogen_bt_interface/include/autogen_bt_interface/autogen_bt_interface/srv/detail/charging_request__traits.hpp
[3.491s] -- Installing: /home/drl-68/Auto-BT-Generation/install/autogen_bt_interface/include/autogen_bt_interface/autogen_bt_interface/srv/detail/charging_request__builder.hpp
[3.491s] -- Installing: /home/drl-68/Auto-BT-Generation/install/autogen_bt_interface/include/autogen_bt_interface/autogen_bt_interface/srv/detail/charging_request__type_support.hpp
[3.491s] -- Installing: /home/drl-68/Auto-BT-Generation/install/autogen_bt_interface/include/autogen_bt_interface/autogen_bt_interface/srv/detail/picking_request__struct.hpp
[3.491s] -- Installing: /home/drl-68/Auto-BT-Generation/install/autogen_bt_interface/include/autogen_bt_interface/autogen_bt_interface/srv/detail/picking_request__type_support.hpp
[3.491s] -- Installing: /home/drl-68/Auto-BT-Generation/install/autogen_bt_interface/include/autogen_bt_interface/autogen_bt_interface/srv/detail/charging_request__struct.hpp
[3.491s] -- Installing: /home/drl-68/Auto-BT-Generation/install/autogen_bt_interface/include/autogen_bt_interface/autogen_bt_interface/srv/detail/picking_request__traits.hpp
[3.492s] -- Installing: /home/drl-68/Auto-BT-Generation/install/autogen_bt_interface/include/autogen_bt_interface/autogen_bt_interface/srv/detail/picking_request__builder.hpp
[3.492s] -- Up-to-date: /home/drl-68/Auto-BT-Generation/install/autogen_bt_interface/include/autogen_bt_interface/autogen_bt_interface
[3.492s] -- Up-to-date: /home/drl-68/Auto-BT-Generation/install/autogen_bt_interface/include/autogen_bt_interface/autogen_bt_interface/msg
[3.492s] -- Installing: /home/drl-68/Auto-BT-Generation/install/autogen_bt_interface/include/autogen_bt_interface/autogen_bt_interface/msg/rosidl_typesupport_fastrtps_cpp__visibility_control.h
[3.492s] -- Up-to-date: /home/drl-68/Auto-BT-Generation/install/autogen_bt_interface/include/autogen_bt_interface/autogen_bt_interface/msg/detail
[3.492s] -- Installing: /home/drl-68/Auto-BT-Generation/install/autogen_bt_interface/include/autogen_bt_interface/autogen_bt_interface/msg/detail/dds_fastrtps
[3.492s] -- Installing: /home/drl-68/Auto-BT-Generation/install/autogen_bt_interface/include/autogen_bt_interface/autogen_bt_interface/msg/detail/string_stamped__rosidl_typesupport_fastrtps_cpp.hpp
[3.492s] -- Up-to-date: /home/drl-68/Auto-BT-Generation/install/autogen_bt_interface/include/autogen_bt_interface/autogen_bt_interface/srv
[3.492s] -- Up-to-date: /home/drl-68/Auto-BT-Generation/install/autogen_bt_interface/include/autogen_bt_interface/autogen_bt_interface/srv/detail
[3.492s] -- Installing: /home/drl-68/Auto-BT-Generation/install/autogen_bt_interface/include/autogen_bt_interface/autogen_bt_interface/srv/detail/charging_request__rosidl_typesupport_fastrtps_cpp.hpp
[3.492s] -- Installing: /home/drl-68/Auto-BT-Generation/install/autogen_bt_interface/include/autogen_bt_interface/autogen_bt_interface/srv/detail/dds_fastrtps
[3.492s] -- Installing: /home/drl-68/Auto-BT-Generation/install/autogen_bt_interface/include/autogen_bt_interface/autogen_bt_interface/srv/detail/picking_request__rosidl_typesupport_fastrtps_cpp.hpp
[3.492s] -- Installing: /home/drl-68/Auto-BT-Generation/install/autogen_bt_interface/lib/libautogen_bt_interface__rosidl_typesupport_fastrtps_cpp.so
[3.492s] -- Set runtime path of "/home/drl-68/Auto-BT-Generation/install/autogen_bt_interface/lib/libautogen_bt_interface__rosidl_typesupport_fastrtps_cpp.so" to ""
[3.492s] -- Up-to-date: /home/drl-68/Auto-BT-Generation/install/autogen_bt_interface/include/autogen_bt_interface/autogen_bt_interface
[3.492s] -- Up-to-date: /home/drl-68/Auto-BT-Generation/install/autogen_bt_interface/include/autogen_bt_interface/autogen_bt_interface/msg
[3.492s] -- Installing: /home/drl-68/Auto-BT-Generation/install/autogen_bt_interface/include/autogen_bt_interface/autogen_bt_interface/msg/rosidl_typesupport_introspection_c__visibility_control.h
[3.492s] -- Up-to-date: /home/drl-68/Auto-BT-Generation/install/autogen_bt_interface/include/autogen_bt_interface/autogen_bt_interface/msg/detail
[3.492s] -- Installing: /home/drl-68/Auto-BT-Generation/install/autogen_bt_interface/include/autogen_bt_interface/autogen_bt_interface/msg/detail/string_stamped__rosidl_typesupport_introspection_c.h
[3.492s] -- Installing: /home/drl-68/Auto-BT-Generation/install/autogen_bt_interface/include/autogen_bt_interface/autogen_bt_interface/msg/detail/string_stamped__type_support.c
[3.492s] -- Up-to-date: /home/drl-68/Auto-BT-Generation/install/autogen_bt_interface/include/autogen_bt_interface/autogen_bt_interface/srv
[3.492s] -- Up-to-date: /home/drl-68/Auto-BT-Generation/install/autogen_bt_interface/include/autogen_bt_interface/autogen_bt_interface/srv/detail
[3.492s] -- Installing: /home/drl-68/Auto-BT-Generation/install/autogen_bt_interface/include/autogen_bt_interface/autogen_bt_interface/srv/detail/charging_request__rosidl_typesupport_introspection_c.h
[3.492s] -- Installing: /home/drl-68/Auto-BT-Generation/install/autogen_bt_interface/include/autogen_bt_interface/autogen_bt_interface/srv/detail/picking_request__rosidl_typesupport_introspection_c.h
[3.492s] -- Installing: /home/drl-68/Auto-BT-Generation/install/autogen_bt_interface/include/autogen_bt_interface/autogen_bt_interface/srv/detail/charging_request__type_support.c
[3.492s] -- Installing: /home/drl-68/Auto-BT-Generation/install/autogen_bt_interface/include/autogen_bt_interface/autogen_bt_interface/srv/detail/picking_request__type_support.c
[3.492s] -- Installing: /home/drl-68/Auto-BT-Generation/install/autogen_bt_interface/lib/libautogen_bt_interface__rosidl_typesupport_introspection_c.so
[3.492s] -- Set runtime path of "/home/drl-68/Auto-BT-Generation/install/autogen_bt_interface/lib/libautogen_bt_interface__rosidl_typesupport_introspection_c.so" to ""
[3.492s] -- Installing: /home/drl-68/Auto-BT-Generation/install/autogen_bt_interface/lib/libautogen_bt_interface__rosidl_typesupport_c.so
[3.493s] -- Set runtime path of "/home/drl-68/Auto-BT-Generation/install/autogen_bt_interface/lib/libautogen_bt_interface__rosidl_typesupport_c.so" to ""
[3.493s] -- Up-to-date: /home/drl-68/Auto-BT-Generation/install/autogen_bt_interface/include/autogen_bt_interface/autogen_bt_interface
[3.493s] -- Up-to-date: /home/drl-68/Auto-BT-Generation/install/autogen_bt_interface/include/autogen_bt_interface/autogen_bt_interface/msg
[3.493s] -- Up-to-date: /home/drl-68/Auto-BT-Generation/install/autogen_bt_interface/include/autogen_bt_interface/autogen_bt_interface/msg/detail
[3.493s] -- Installing: /home/drl-68/Auto-BT-Generation/install/autogen_bt_interface/include/autogen_bt_interface/autogen_bt_interface/msg/detail/string_stamped__type_support.cpp
[3.493s] -- Installing: /home/drl-68/Auto-BT-Generation/install/autogen_bt_interface/include/autogen_bt_interface/autogen_bt_interface/msg/detail/string_stamped__rosidl_typesupport_introspection_cpp.hpp
[3.493s] -- Up-to-date: /home/drl-68/Auto-BT-Generation/install/autogen_bt_interface/include/autogen_bt_interface/autogen_bt_interface/srv
[3.493s] -- Up-to-date: /home/drl-68/Auto-BT-Generation/install/autogen_bt_interface/include/autogen_bt_interface/autogen_bt_interface/srv/detail
[3.493s] -- Installing: /home/drl-68/Auto-BT-Generation/install/autogen_bt_interface/include/autogen_bt_interface/autogen_bt_interface/srv/detail/picking_request__rosidl_typesupport_introspection_cpp.hpp
[3.493s] -- Installing: /home/drl-68/Auto-BT-Generation/install/autogen_bt_interface/include/autogen_bt_interface/autogen_bt_interface/srv/detail/picking_request__type_support.cpp
[3.493s] -- Installing: /home/drl-68/Auto-BT-Generation/install/autogen_bt_interface/include/autogen_bt_interface/autogen_bt_interface/srv/detail/charging_request__type_support.cpp
[3.493s] -- Installing: /home/drl-68/Auto-BT-Generation/install/autogen_bt_interface/include/autogen_bt_interface/autogen_bt_interface/srv/detail/charging_request__rosidl_typesupport_introspection_cpp.hpp
[3.493s] -- Installing: /home/drl-68/Auto-BT-Generation/install/autogen_bt_interface/lib/libautogen_bt_interface__rosidl_typesupport_introspection_cpp.so
[3.493s] -- Set runtime path of "/home/drl-68/Auto-BT-Generation/install/autogen_bt_interface/lib/libautogen_bt_interface__rosidl_typesupport_introspection_cpp.so" to ""
[3.493s] -- Installing: /home/drl-68/Auto-BT-Generation/install/autogen_bt_interface/lib/libautogen_bt_interface__rosidl_typesupport_cpp.so
[3.493s] -- Set runtime path of "/home/drl-68/Auto-BT-Generation/install/autogen_bt_interface/lib/libautogen_bt_interface__rosidl_typesupport_cpp.so" to ""
[3.493s] -- Installing: /home/drl-68/Auto-BT-Generation/install/autogen_bt_interface/share/autogen_bt_interface/environment/pythonpath.sh
[3.493s] -- Installing: /home/drl-68/Auto-BT-Generation/install/autogen_bt_interface/share/autogen_bt_interface/environment/pythonpath.dsv
[3.493s] -- Installing: /home/drl-68/Auto-BT-Generation/install/autogen_bt_interface/local/lib/python3.10/dist-packages/autogen_bt_interface-0.0.0-py3.10.egg-info
[3.493s] -- Installing: /home/drl-68/Auto-BT-Generation/install/autogen_bt_interface/local/lib/python3.10/dist-packages/autogen_bt_interface-0.0.0-py3.10.egg-info/dependency_links.txt
[3.493s] -- Installing: /home/drl-68/Auto-BT-Generation/install/autogen_bt_interface/local/lib/python3.10/dist-packages/autogen_bt_interface-0.0.0-py3.10.egg-info/PKG-INFO
[3.493s] -- Installing: /home/drl-68/Auto-BT-Generation/install/autogen_bt_interface/local/lib/python3.10/dist-packages/autogen_bt_interface-0.0.0-py3.10.egg-info/SOURCES.txt
[3.493s] -- Installing: /home/drl-68/Auto-BT-Generation/install/autogen_bt_interface/local/lib/python3.10/dist-packages/autogen_bt_interface-0.0.0-py3.10.egg-info/top_level.txt
[3.494s] -- Installing: /home/drl-68/Auto-BT-Generation/install/autogen_bt_interface/local/lib/python3.10/dist-packages/autogen_bt_interface
[3.494s] -- Installing: /home/drl-68/Auto-BT-Generation/install/autogen_bt_interface/local/lib/python3.10/dist-packages/autogen_bt_interface/libautogen_bt_interface__rosidl_generator_py.so
[3.494s] -- Installing: /home/drl-68/Auto-BT-Generation/install/autogen_bt_interface/local/lib/python3.10/dist-packages/autogen_bt_interface/autogen_bt_interface_s__rosidl_typesupport_introspection_c.cpython-310-x86_64-linux-gnu.so
[3.494s] -- Installing: /home/drl-68/Auto-BT-Generation/install/autogen_bt_interface/local/lib/python3.10/dist-packages/autogen_bt_interface/_autogen_bt_interface_s.ep.rosidl_typesupport_introspection_c.c
[3.494s] -- Installing: /home/drl-68/Auto-BT-Generation/install/autogen_bt_interface/local/lib/python3.10/dist-packages/autogen_bt_interface/_autogen_bt_interface_s.ep.rosidl_typesupport_fastrtps_c.c
[3.494s] -- Installing: /home/drl-68/Auto-BT-Generation/install/autogen_bt_interface/local/lib/python3.10/dist-packages/autogen_bt_interface/msg
[3.494s] -- Installing: /home/drl-68/Auto-BT-Generation/install/autogen_bt_interface/local/lib/python3.10/dist-packages/autogen_bt_interface/msg/_string_stamped.py
[3.494s] -- Installing: /home/drl-68/Auto-BT-Generation/install/autogen_bt_interface/local/lib/python3.10/dist-packages/autogen_bt_interface/msg/__init__.py
[3.494s] -- Installing: /home/drl-68/Auto-BT-Generation/install/autogen_bt_interface/local/lib/python3.10/dist-packages/autogen_bt_interface/msg/_string_stamped_s.c
[3.494s] -- Installing: /home/drl-68/Auto-BT-Generation/install/autogen_bt_interface/local/lib/python3.10/dist-packages/autogen_bt_interface/__init__.py
[3.494s] -- Installing: /home/drl-68/Auto-BT-Generation/install/autogen_bt_interface/local/lib/python3.10/dist-packages/autogen_bt_interface/srv
[3.494s] -- Installing: /home/drl-68/Auto-BT-Generation/install/autogen_bt_interface/local/lib/python3.10/dist-packages/autogen_bt_interface/srv/__init__.py
[3.494s] -- Installing: /home/drl-68/Auto-BT-Generation/install/autogen_bt_interface/local/lib/python3.10/dist-packages/autogen_bt_interface/srv/_charging_request.py
[3.494s] -- Installing: /home/drl-68/Auto-BT-Generation/install/autogen_bt_interface/local/lib/python3.10/dist-packages/autogen_bt_interface/srv/_charging_request_s.c
[3.494s] -- Installing: /home/drl-68/Auto-BT-Generation/install/autogen_bt_interface/local/lib/python3.10/dist-packages/autogen_bt_interface/srv/_picking_request.py
[3.494s] -- Installing: /home/drl-68/Auto-BT-Generation/install/autogen_bt_interface/local/lib/python3.10/dist-packages/autogen_bt_interface/srv/_picking_request_s.c
[3.494s] -- Installing: /home/drl-68/Auto-BT-Generation/install/autogen_bt_interface/local/lib/python3.10/dist-packages/autogen_bt_interface/autogen_bt_interface_s__rosidl_typesupport_fastrtps_c.cpython-310-x86_64-linux-gnu.so
[3.494s] -- Installing: /home/drl-68/Auto-BT-Generation/install/autogen_bt_interface/local/lib/python3.10/dist-packages/autogen_bt_interface/autogen_bt_interface_s__rosidl_typesupport_c.cpython-310-x86_64-linux-gnu.so
[3.494s] -- Installing: /home/drl-68/Auto-BT-Generation/install/autogen_bt_interface/local/lib/python3.10/dist-packages/autogen_bt_interface/_autogen_bt_interface_s.ep.rosidl_typesupport_c.c
[3.519s] Listing '/home/drl-68/Auto-BT-Generation/install/autogen_bt_interface/local/lib/python3.10/dist-packages/autogen_bt_interface'...
[3.519s] Compiling '/home/drl-68/Auto-BT-Generation/install/autogen_bt_interface/local/lib/python3.10/dist-packages/autogen_bt_interface/__init__.py'...
[3.519s] Listing '/home/drl-68/Auto-BT-Generation/install/autogen_bt_interface/local/lib/python3.10/dist-packages/autogen_bt_interface/msg'...
[3.519s] Compiling '/home/drl-68/Auto-BT-Generation/install/autogen_bt_interface/local/lib/python3.10/dist-packages/autogen_bt_interface/msg/__init__.py'...
[3.519s] Compiling '/home/drl-68/Auto-BT-Generation/install/autogen_bt_interface/local/lib/python3.10/dist-packages/autogen_bt_interface/msg/_string_stamped.py'...
[3.519s] Listing '/home/drl-68/Auto-BT-Generation/install/autogen_bt_interface/local/lib/python3.10/dist-packages/autogen_bt_interface/srv'...
[3.519s] Compiling '/home/drl-68/Auto-BT-Generation/install/autogen_bt_interface/local/lib/python3.10/dist-packages/autogen_bt_interface/srv/__init__.py'...
[3.519s] Compiling '/home/drl-68/Auto-BT-Generation/install/autogen_bt_interface/local/lib/python3.10/dist-packages/autogen_bt_interface/srv/_charging_request.py'...
[3.519s] Compiling '/home/drl-68/Auto-BT-Generation/install/autogen_bt_interface/local/lib/python3.10/dist-packages/autogen_bt_interface/srv/_picking_request.py'...
[3.522s] -- Installing: /home/drl-68/Auto-BT-Generation/install/autogen_bt_interface/local/lib/python3.10/dist-packages/autogen_bt_interface/autogen_bt_interface_s__rosidl_typesupport_fastrtps_c.cpython-310-x86_64-linux-gnu.so
[3.522s] -- Set runtime path of "/home/drl-68/Auto-BT-Generation/install/autogen_bt_interface/local/lib/python3.10/dist-packages/autogen_bt_interface/autogen_bt_interface_s__rosidl_typesupport_fastrtps_c.cpython-310-x86_64-linux-gnu.so" to ""
[3.522s] -- Installing: /home/drl-68/Auto-BT-Generation/install/autogen_bt_interface/local/lib/python3.10/dist-packages/autogen_bt_interface/autogen_bt_interface_s__rosidl_typesupport_introspection_c.cpython-310-x86_64-linux-gnu.so
[3.522s] -- Set runtime path of "/home/drl-68/Auto-BT-Generation/install/autogen_bt_interface/local/lib/python3.10/dist-packages/autogen_bt_interface/autogen_bt_interface_s__rosidl_typesupport_introspection_c.cpython-310-x86_64-linux-gnu.so" to ""
[3.522s] -- Installing: /home/drl-68/Auto-BT-Generation/install/autogen_bt_interface/local/lib/python3.10/dist-packages/autogen_bt_interface/autogen_bt_interface_s__rosidl_typesupport_c.cpython-310-x86_64-linux-gnu.so
[3.522s] -- Set runtime path of "/home/drl-68/Auto-BT-Generation/install/autogen_bt_interface/local/lib/python3.10/dist-packages/autogen_bt_interface/autogen_bt_interface_s__rosidl_typesupport_c.cpython-310-x86_64-linux-gnu.so" to ""
[3.523s] -- Installing: /home/drl-68/Auto-BT-Generation/install/autogen_bt_interface/lib/libautogen_bt_interface__rosidl_generator_py.so
[3.523s] -- Set runtime path of "/home/drl-68/Auto-BT-Generation/install/autogen_bt_interface/lib/libautogen_bt_interface__rosidl_generator_py.so" to ""
[3.523s] -- Installing: /home/drl-68/Auto-BT-Generation/install/autogen_bt_interface/share/autogen_bt_interface/srv/ChargingRequest.idl
[3.523s] -- Installing: /home/drl-68/Auto-BT-Generation/install/autogen_bt_interface/share/autogen_bt_interface/srv/PickingRequest.idl
[3.523s] -- Installing: /home/drl-68/Auto-BT-Generation/install/autogen_bt_interface/share/autogen_bt_interface/msg/StringStamped.idl
[3.523s] -- Installing: /home/drl-68/Auto-BT-Generation/install/autogen_bt_interface/share/autogen_bt_interface/srv/ChargingRequest.srv
[3.523s] -- Installing: /home/drl-68/Auto-BT-Generation/install/autogen_bt_interface/share/autogen_bt_interface/srv/ChargingRequest_Request.msg
[3.523s] -- Installing: /home/drl-68/Auto-BT-Generation/install/autogen_bt_interface/share/autogen_bt_interface/srv/ChargingRequest_Response.msg
[3.523s] -- Installing: /home/drl-68/Auto-BT-Generation/install/autogen_bt_interface/share/autogen_bt_interface/srv/PickingRequest.srv
[3.523s] -- Installing: /home/drl-68/Auto-BT-Generation/install/autogen_bt_interface/share/autogen_bt_interface/srv/PickingRequest_Request.msg
[3.523s] -- Installing: /home/drl-68/Auto-BT-Generation/install/autogen_bt_interface/share/autogen_bt_interface/srv/PickingRequest_Response.msg
[3.523s] -- Installing: /home/drl-68/Auto-BT-Generation/install/autogen_bt_interface/share/autogen_bt_interface/msg/StringStamped.msg
[3.523s] -- Installing: /home/drl-68/Auto-BT-Generation/install/autogen_bt_interface/share/ament_index/resource_index/package_run_dependencies/autogen_bt_interface
[3.523s] -- Installing: /home/drl-68/Auto-BT-Generation/install/autogen_bt_interface/share/ament_index/resource_index/parent_prefix_path/autogen_bt_interface
[3.523s] -- Installing: /home/drl-68/Auto-BT-Generation/install/autogen_bt_interface/share/autogen_bt_interface/environment/ament_prefix_path.sh
[3.523s] -- Installing: /home/drl-68/Auto-BT-Generation/install/autogen_bt_interface/share/autogen_bt_interface/environment/ament_prefix_path.dsv
[3.523s] -- Installing: /home/drl-68/Auto-BT-Generation/install/autogen_bt_interface/share/autogen_bt_interface/environment/path.sh
[3.523s] -- Installing: /home/drl-68/Auto-BT-Generation/install/autogen_bt_interface/share/autogen_bt_interface/environment/path.dsv
[3.523s] -- Installing: /home/drl-68/Auto-BT-Generation/install/autogen_bt_interface/share/autogen_bt_interface/local_setup.bash
[3.524s] -- Installing: /home/drl-68/Auto-BT-Generation/install/autogen_bt_interface/share/autogen_bt_interface/local_setup.sh
[3.524s] -- Installing: /home/drl-68/Auto-BT-Generation/install/autogen_bt_interface/share/autogen_bt_interface/local_setup.zsh
[3.524s] -- Installing: /home/drl-68/Auto-BT-Generation/install/autogen_bt_interface/share/autogen_bt_interface/local_setup.dsv
[3.524s] -- Installing: /home/drl-68/Auto-BT-Generation/install/autogen_bt_interface/share/autogen_bt_interface/package.dsv
[3.524s] -- Installing: /home/drl-68/Auto-BT-Generation/install/autogen_bt_interface/share/ament_index/resource_index/packages/autogen_bt_interface
[3.524s] -- Installing: /home/drl-68/Auto-BT-Generation/install/autogen_bt_interface/share/autogen_bt_interface/cmake/export_autogen_bt_interface__rosidl_generator_cExport.cmake
[3.524s] -- Installing: /home/drl-68/Auto-BT-Generation/install/autogen_bt_interface/share/autogen_bt_interface/cmake/export_autogen_bt_interface__rosidl_generator_cExport-noconfig.cmake
[3.524s] -- Installing: /home/drl-68/Auto-BT-Generation/install/autogen_bt_interface/share/autogen_bt_interface/cmake/export_autogen_bt_interface__rosidl_typesupport_fastrtps_cExport.cmake
[3.524s] -- Installing: /home/drl-68/Auto-BT-Generation/install/autogen_bt_interface/share/autogen_bt_interface/cmake/export_autogen_bt_interface__rosidl_typesupport_fastrtps_cExport-noconfig.cmake
[3.524s] -- Installing: /home/drl-68/Auto-BT-Generation/install/autogen_bt_interface/share/autogen_bt_interface/cmake/export_autogen_bt_interface__rosidl_generator_cppExport.cmake
[3.524s] -- Installing: /home/drl-68/Auto-BT-Generation/install/autogen_bt_interface/share/autogen_bt_interface/cmake/export_autogen_bt_interface__rosidl_typesupport_fastrtps_cppExport.cmake
[3.524s] -- Installing: /home/drl-68/Auto-BT-Generation/install/autogen_bt_interface/share/autogen_bt_interface/cmake/export_autogen_bt_interface__rosidl_typesupport_fastrtps_cppExport-noconfig.cmake
[3.524s] -- Installing: /home/drl-68/Auto-BT-Generation/install/autogen_bt_interface/share/autogen_bt_interface/cmake/autogen_bt_interface__rosidl_typesupport_introspection_cExport.cmake
[3.524s] -- Installing: /home/drl-68/Auto-BT-Generation/install/autogen_bt_interface/share/autogen_bt_interface/cmake/autogen_bt_interface__rosidl_typesupport_introspection_cExport-noconfig.cmake
[3.524s] -- Installing: /home/drl-68/Auto-BT-Generation/install/autogen_bt_interface/share/autogen_bt_interface/cmake/autogen_bt_interface__rosidl_typesupport_cExport.cmake
[3.524s] -- Installing: /home/drl-68/Auto-BT-Generation/install/autogen_bt_interface/share/autogen_bt_interface/cmake/autogen_bt_interface__rosidl_typesupport_cExport-noconfig.cmake
[3.524s] -- Installing: /home/drl-68/Auto-BT-Generation/install/autogen_bt_interface/share/autogen_bt_interface/cmake/autogen_bt_interface__rosidl_typesupport_introspection_cppExport.cmake
[3.524s] -- Installing: /home/drl-68/Auto-BT-Generation/install/autogen_bt_interface/share/autogen_bt_interface/cmake/autogen_bt_interface__rosidl_typesupport_introspection_cppExport-noconfig.cmake
[3.524s] -- Installing: /home/drl-68/Auto-BT-Generation/install/autogen_bt_interface/share/autogen_bt_interface/cmake/autogen_bt_interface__rosidl_typesupport_cppExport.cmake
[3.524s] -- Installing: /home/drl-68/Auto-BT-Generation/install/autogen_bt_interface/share/autogen_bt_interface/cmake/autogen_bt_interface__rosidl_typesupport_cppExport-noconfig.cmake
[3.525s] -- Installing: /home/drl-68/Auto-BT-Generation/install/autogen_bt_interface/share/autogen_bt_interface/cmake/export_autogen_bt_interface__rosidl_generator_pyExport.cmake
[3.525s] -- Installing: /home/drl-68/Auto-BT-Generation/install/autogen_bt_interface/share/autogen_bt_interface/cmake/export_autogen_bt_interface__rosidl_generator_pyExport-noconfig.cmake
[3.525s] -- Installing: /home/drl-68/Auto-BT-Generation/install/autogen_bt_interface/share/autogen_bt_interface/cmake/rosidl_cmake-extras.cmake
[3.525s] -- Installing: /home/drl-68/Auto-BT-Generation/install/autogen_bt_interface/share/autogen_bt_interface/cmake/ament_cmake_export_dependencies-extras.cmake
[3.525s] -- Installing: /home/drl-68/Auto-BT-Generation/install/autogen_bt_interface/share/autogen_bt_interface/cmake/ament_cmake_export_include_directories-extras.cmake
[3.525s] -- Installing: /home/drl-68/Auto-BT-Generation/install/autogen_bt_interface/share/autogen_bt_interface/cmake/ament_cmake_export_libraries-extras.cmake
[3.525s] -- Installing: /home/drl-68/Auto-BT-Generation/install/autogen_bt_interface/share/autogen_bt_interface/cmake/ament_cmake_export_targets-extras.cmake
[3.525s] -- Installing: /home/drl-68/Auto-BT-Generation/install/autogen_bt_interface/share/autogen_bt_interface/cmake/rosidl_cmake_export_typesupport_targets-extras.cmake
[3.525s] -- Installing: /home/drl-68/Auto-BT-Generation/install/autogen_bt_interface/share/autogen_bt_interface/cmake/rosidl_cmake_export_typesupport_libraries-extras.cmake
[3.525s] -- Installing: /home/drl-68/Auto-BT-Generation/install/autogen_bt_interface/share/autogen_bt_interface/cmake/autogen_bt_interfaceConfig.cmake
[3.525s] -- Installing: /home/drl-68/Auto-BT-Generation/install/autogen_bt_interface/share/autogen_bt_interface/cmake/autogen_bt_interfaceConfig-version.cmake
[3.525s] -- Installing: /home/drl-68/Auto-BT-Generation/install/autogen_bt_interface/share/autogen_bt_interface/package.xml
[3.527s] Invoked command in '/home/drl-68/Auto-BT-Generation/build/autogen_bt_interface' returned '0': CMAKE_PREFIX_PATH=${CMAKE_PREFIX_PATH}:/opt/ros/humble /usr/bin/cmake --install /home/drl-68/Auto-BT-Generation/build/autogen_bt_interface
